[2023-06-29T23:47:00.609+0000] {processor.py:156} INFO - Started process (PID=32) to work on /opt/airflow/dags/emr_example.py
[2023-06-29T23:47:00.610+0000] {processor.py:799} INFO - Processing file /opt/airflow/dags/emr_example.py for tasks to queue
[2023-06-29T23:47:00.617+0000] {logging_mixin.py:149} INFO - [2023-06-29T23:47:00.617+0000] {dagbag.py:541} INFO - Filling up the DagBag from /opt/airflow/dags/emr_example.py
[2023-06-29T23:47:00.623+0000] {logging_mixin.py:149} INFO - [2023-06-29T23:47:00.622+0000] {crypto.py:83} WARNING - empty cryptography key - values will not be stored encrypted.
[2023-06-29T23:47:00.656+0000] {logging_mixin.py:149} WARNING - /home/airflow/.local/lib/python3.7/site-packages/airflow/models/baseoperator.py:429 UserWarning: The parameter waiter_countdown has been deprecated to standardize naming conventions.  Please use waiter_max_attempts instead.  In the future this will default to None and defer to the waiter's default value.
[2023-06-29T23:47:00.657+0000] {logging_mixin.py:149} WARNING - /home/airflow/.local/lib/python3.7/site-packages/airflow/models/baseoperator.py:429 UserWarning: The parameter waiter_check_interval_seconds has been deprecated to standardize naming conventions.  Please use waiter_delay instead.  In the future this will default to None and defer to the waiter's default value.
[2023-06-29T23:47:00.660+0000] {logging_mixin.py:149} INFO - [2023-06-29T23:47:00.660+0000] {taskmixin.py:211} WARNING - Dependency <Task(EmrCreateJobFlowOperator): create_job_flow>, add_steps already registered for DAG: emr_example
[2023-06-29T23:47:00.661+0000] {logging_mixin.py:149} INFO - [2023-06-29T23:47:00.660+0000] {taskmixin.py:211} WARNING - Dependency <Task(EmrAddStepsOperator): add_steps>, create_job_flow already registered for DAG: emr_example
[2023-06-29T23:47:00.676+0000] {processor.py:809} INFO - DAG(s) dict_keys(['emr_example']) retrieved from /opt/airflow/dags/emr_example.py
[2023-06-29T23:47:00.775+0000] {logging_mixin.py:149} INFO - [2023-06-29T23:47:00.775+0000] {dag.py:2726} INFO - Sync 1 DAGs
[2023-06-29T23:47:00.932+0000] {logging_mixin.py:149} INFO - [2023-06-29T23:47:00.931+0000] {dag.py:3490} INFO - Setting next_dagrun for emr_example to 2023-05-28T00:00:00+00:00, run_after=2023-05-28T00:00:00+00:00
[2023-06-29T23:47:01.030+0000] {processor.py:178} INFO - Processing /opt/airflow/dags/emr_example.py took 0.458 seconds
[2023-06-29T23:47:31.385+0000] {processor.py:156} INFO - Started process (PID=89) to work on /opt/airflow/dags/emr_example.py
[2023-06-29T23:47:31.386+0000] {processor.py:799} INFO - Processing file /opt/airflow/dags/emr_example.py for tasks to queue
[2023-06-29T23:47:31.387+0000] {logging_mixin.py:149} INFO - [2023-06-29T23:47:31.387+0000] {dagbag.py:541} INFO - Filling up the DagBag from /opt/airflow/dags/emr_example.py
[2023-06-29T23:47:31.390+0000] {logging_mixin.py:149} INFO - [2023-06-29T23:47:31.390+0000] {crypto.py:83} WARNING - empty cryptography key - values will not be stored encrypted.
[2023-06-29T23:47:31.402+0000] {logging_mixin.py:149} WARNING - /home/airflow/.local/lib/python3.7/site-packages/airflow/models/baseoperator.py:429 UserWarning: The parameter waiter_countdown has been deprecated to standardize naming conventions.  Please use waiter_max_attempts instead.  In the future this will default to None and defer to the waiter's default value.
[2023-06-29T23:47:31.403+0000] {logging_mixin.py:149} WARNING - /home/airflow/.local/lib/python3.7/site-packages/airflow/models/baseoperator.py:429 UserWarning: The parameter waiter_check_interval_seconds has been deprecated to standardize naming conventions.  Please use waiter_delay instead.  In the future this will default to None and defer to the waiter's default value.
[2023-06-29T23:47:31.405+0000] {logging_mixin.py:149} INFO - [2023-06-29T23:47:31.405+0000] {taskmixin.py:211} WARNING - Dependency <Task(EmrCreateJobFlowOperator): create_job_flow>, add_steps already registered for DAG: emr_example
[2023-06-29T23:47:31.406+0000] {logging_mixin.py:149} INFO - [2023-06-29T23:47:31.406+0000] {taskmixin.py:211} WARNING - Dependency <Task(EmrAddStepsOperator): add_steps>, create_job_flow already registered for DAG: emr_example
[2023-06-29T23:47:31.410+0000] {processor.py:809} INFO - DAG(s) dict_keys(['emr_example']) retrieved from /opt/airflow/dags/emr_example.py
[2023-06-29T23:47:31.446+0000] {logging_mixin.py:149} INFO - [2023-06-29T23:47:31.446+0000] {dag.py:2726} INFO - Sync 1 DAGs
[2023-06-29T23:47:31.488+0000] {logging_mixin.py:149} INFO - [2023-06-29T23:47:31.487+0000] {dag.py:3490} INFO - Setting next_dagrun for emr_example to 2023-05-28T00:00:00+00:00, run_after=2023-05-28T00:00:00+00:00
[2023-06-29T23:47:31.513+0000] {processor.py:178} INFO - Processing /opt/airflow/dags/emr_example.py took 0.132 seconds
[2023-06-29T23:48:01.716+0000] {processor.py:156} INFO - Started process (PID=146) to work on /opt/airflow/dags/emr_example.py
[2023-06-29T23:48:01.723+0000] {processor.py:799} INFO - Processing file /opt/airflow/dags/emr_example.py for tasks to queue
[2023-06-29T23:48:01.724+0000] {logging_mixin.py:149} INFO - [2023-06-29T23:48:01.723+0000] {dagbag.py:541} INFO - Filling up the DagBag from /opt/airflow/dags/emr_example.py
[2023-06-29T23:48:01.727+0000] {logging_mixin.py:149} INFO - [2023-06-29T23:48:01.726+0000] {crypto.py:83} WARNING - empty cryptography key - values will not be stored encrypted.
[2023-06-29T23:48:01.738+0000] {logging_mixin.py:149} WARNING - /home/airflow/.local/lib/python3.7/site-packages/airflow/models/baseoperator.py:429 UserWarning: The parameter waiter_countdown has been deprecated to standardize naming conventions.  Please use waiter_max_attempts instead.  In the future this will default to None and defer to the waiter's default value.
[2023-06-29T23:48:01.740+0000] {logging_mixin.py:149} WARNING - /home/airflow/.local/lib/python3.7/site-packages/airflow/models/baseoperator.py:429 UserWarning: The parameter waiter_check_interval_seconds has been deprecated to standardize naming conventions.  Please use waiter_delay instead.  In the future this will default to None and defer to the waiter's default value.
[2023-06-29T23:48:01.742+0000] {logging_mixin.py:149} INFO - [2023-06-29T23:48:01.742+0000] {taskmixin.py:211} WARNING - Dependency <Task(EmrCreateJobFlowOperator): create_job_flow>, add_steps already registered for DAG: emr_example
[2023-06-29T23:48:01.743+0000] {logging_mixin.py:149} INFO - [2023-06-29T23:48:01.743+0000] {taskmixin.py:211} WARNING - Dependency <Task(EmrAddStepsOperator): add_steps>, create_job_flow already registered for DAG: emr_example
[2023-06-29T23:48:01.747+0000] {processor.py:809} INFO - DAG(s) dict_keys(['emr_example']) retrieved from /opt/airflow/dags/emr_example.py
[2023-06-29T23:48:01.780+0000] {logging_mixin.py:149} INFO - [2023-06-29T23:48:01.780+0000] {dag.py:2726} INFO - Sync 1 DAGs
[2023-06-29T23:48:01.815+0000] {logging_mixin.py:149} INFO - [2023-06-29T23:48:01.814+0000] {dag.py:3490} INFO - Setting next_dagrun for emr_example to 2023-05-28T00:00:00+00:00, run_after=2023-05-28T00:00:00+00:00
[2023-06-29T23:48:01.838+0000] {processor.py:178} INFO - Processing /opt/airflow/dags/emr_example.py took 0.126 seconds
[2023-06-29T23:48:32.173+0000] {processor.py:156} INFO - Started process (PID=203) to work on /opt/airflow/dags/emr_example.py
[2023-06-29T23:48:32.173+0000] {processor.py:799} INFO - Processing file /opt/airflow/dags/emr_example.py for tasks to queue
[2023-06-29T23:48:32.174+0000] {logging_mixin.py:149} INFO - [2023-06-29T23:48:32.174+0000] {dagbag.py:541} INFO - Filling up the DagBag from /opt/airflow/dags/emr_example.py
[2023-06-29T23:48:32.177+0000] {logging_mixin.py:149} INFO - [2023-06-29T23:48:32.177+0000] {crypto.py:83} WARNING - empty cryptography key - values will not be stored encrypted.
[2023-06-29T23:48:32.188+0000] {logging_mixin.py:149} WARNING - /home/airflow/.local/lib/python3.7/site-packages/airflow/models/baseoperator.py:429 UserWarning: The parameter waiter_countdown has been deprecated to standardize naming conventions.  Please use waiter_max_attempts instead.  In the future this will default to None and defer to the waiter's default value.
[2023-06-29T23:48:32.190+0000] {logging_mixin.py:149} WARNING - /home/airflow/.local/lib/python3.7/site-packages/airflow/models/baseoperator.py:429 UserWarning: The parameter waiter_check_interval_seconds has been deprecated to standardize naming conventions.  Please use waiter_delay instead.  In the future this will default to None and defer to the waiter's default value.
[2023-06-29T23:48:32.192+0000] {logging_mixin.py:149} INFO - [2023-06-29T23:48:32.192+0000] {taskmixin.py:211} WARNING - Dependency <Task(EmrCreateJobFlowOperator): create_job_flow>, add_steps already registered for DAG: emr_example
[2023-06-29T23:48:32.192+0000] {logging_mixin.py:149} INFO - [2023-06-29T23:48:32.192+0000] {taskmixin.py:211} WARNING - Dependency <Task(EmrAddStepsOperator): add_steps>, create_job_flow already registered for DAG: emr_example
[2023-06-29T23:48:32.197+0000] {processor.py:809} INFO - DAG(s) dict_keys(['emr_example']) retrieved from /opt/airflow/dags/emr_example.py
[2023-06-29T23:48:32.228+0000] {logging_mixin.py:149} INFO - [2023-06-29T23:48:32.228+0000] {dag.py:2726} INFO - Sync 1 DAGs
[2023-06-29T23:48:32.260+0000] {logging_mixin.py:149} INFO - [2023-06-29T23:48:32.260+0000] {dag.py:3490} INFO - Setting next_dagrun for emr_example to 2023-05-28T00:00:00+00:00, run_after=2023-05-28T00:00:00+00:00
[2023-06-29T23:48:32.287+0000] {processor.py:178} INFO - Processing /opt/airflow/dags/emr_example.py took 0.119 seconds
[2023-06-29T23:49:02.399+0000] {processor.py:156} INFO - Started process (PID=260) to work on /opt/airflow/dags/emr_example.py
[2023-06-29T23:49:02.401+0000] {processor.py:799} INFO - Processing file /opt/airflow/dags/emr_example.py for tasks to queue
[2023-06-29T23:49:02.401+0000] {logging_mixin.py:149} INFO - [2023-06-29T23:49:02.401+0000] {dagbag.py:541} INFO - Filling up the DagBag from /opt/airflow/dags/emr_example.py
[2023-06-29T23:49:02.404+0000] {logging_mixin.py:149} INFO - [2023-06-29T23:49:02.404+0000] {crypto.py:83} WARNING - empty cryptography key - values will not be stored encrypted.
[2023-06-29T23:49:02.415+0000] {logging_mixin.py:149} WARNING - /home/airflow/.local/lib/python3.7/site-packages/airflow/models/baseoperator.py:429 UserWarning: The parameter waiter_countdown has been deprecated to standardize naming conventions.  Please use waiter_max_attempts instead.  In the future this will default to None and defer to the waiter's default value.
[2023-06-29T23:49:02.416+0000] {logging_mixin.py:149} WARNING - /home/airflow/.local/lib/python3.7/site-packages/airflow/models/baseoperator.py:429 UserWarning: The parameter waiter_check_interval_seconds has been deprecated to standardize naming conventions.  Please use waiter_delay instead.  In the future this will default to None and defer to the waiter's default value.
[2023-06-29T23:49:02.419+0000] {logging_mixin.py:149} INFO - [2023-06-29T23:49:02.419+0000] {taskmixin.py:211} WARNING - Dependency <Task(EmrCreateJobFlowOperator): create_job_flow>, add_steps already registered for DAG: emr_example
[2023-06-29T23:49:02.419+0000] {logging_mixin.py:149} INFO - [2023-06-29T23:49:02.419+0000] {taskmixin.py:211} WARNING - Dependency <Task(EmrAddStepsOperator): add_steps>, create_job_flow already registered for DAG: emr_example
[2023-06-29T23:49:02.423+0000] {processor.py:809} INFO - DAG(s) dict_keys(['emr_example']) retrieved from /opt/airflow/dags/emr_example.py
[2023-06-29T23:49:02.453+0000] {logging_mixin.py:149} INFO - [2023-06-29T23:49:02.453+0000] {dag.py:2726} INFO - Sync 1 DAGs
[2023-06-29T23:49:02.486+0000] {logging_mixin.py:149} INFO - [2023-06-29T23:49:02.486+0000] {dag.py:3490} INFO - Setting next_dagrun for emr_example to 2023-05-28T00:00:00+00:00, run_after=2023-05-28T00:00:00+00:00
[2023-06-29T23:49:02.508+0000] {processor.py:178} INFO - Processing /opt/airflow/dags/emr_example.py took 0.113 seconds
[2023-06-29T23:49:32.903+0000] {processor.py:156} INFO - Started process (PID=318) to work on /opt/airflow/dags/emr_example.py
[2023-06-29T23:49:32.905+0000] {processor.py:799} INFO - Processing file /opt/airflow/dags/emr_example.py for tasks to queue
[2023-06-29T23:49:32.905+0000] {logging_mixin.py:149} INFO - [2023-06-29T23:49:32.905+0000] {dagbag.py:541} INFO - Filling up the DagBag from /opt/airflow/dags/emr_example.py
[2023-06-29T23:49:32.908+0000] {logging_mixin.py:149} INFO - [2023-06-29T23:49:32.908+0000] {crypto.py:83} WARNING - empty cryptography key - values will not be stored encrypted.
[2023-06-29T23:49:32.918+0000] {logging_mixin.py:149} WARNING - /home/airflow/.local/lib/python3.7/site-packages/airflow/models/baseoperator.py:429 UserWarning: The parameter waiter_countdown has been deprecated to standardize naming conventions.  Please use waiter_max_attempts instead.  In the future this will default to None and defer to the waiter's default value.
[2023-06-29T23:49:32.919+0000] {logging_mixin.py:149} WARNING - /home/airflow/.local/lib/python3.7/site-packages/airflow/models/baseoperator.py:429 UserWarning: The parameter waiter_check_interval_seconds has been deprecated to standardize naming conventions.  Please use waiter_delay instead.  In the future this will default to None and defer to the waiter's default value.
[2023-06-29T23:49:32.922+0000] {logging_mixin.py:149} INFO - [2023-06-29T23:49:32.921+0000] {taskmixin.py:211} WARNING - Dependency <Task(EmrCreateJobFlowOperator): create_job_flow>, add_steps already registered for DAG: emr_example
[2023-06-29T23:49:32.922+0000] {logging_mixin.py:149} INFO - [2023-06-29T23:49:32.922+0000] {taskmixin.py:211} WARNING - Dependency <Task(EmrAddStepsOperator): add_steps>, create_job_flow already registered for DAG: emr_example
[2023-06-29T23:49:32.928+0000] {processor.py:809} INFO - DAG(s) dict_keys(['emr_example']) retrieved from /opt/airflow/dags/emr_example.py
[2023-06-29T23:49:32.960+0000] {logging_mixin.py:149} INFO - [2023-06-29T23:49:32.960+0000] {dag.py:2726} INFO - Sync 1 DAGs
[2023-06-29T23:49:32.993+0000] {logging_mixin.py:149} INFO - [2023-06-29T23:49:32.993+0000] {dag.py:3490} INFO - Setting next_dagrun for emr_example to 2023-05-28T00:00:00+00:00, run_after=2023-05-28T00:00:00+00:00
[2023-06-29T23:49:33.016+0000] {processor.py:178} INFO - Processing /opt/airflow/dags/emr_example.py took 0.117 seconds
[2023-06-29T23:50:03.589+0000] {processor.py:156} INFO - Started process (PID=374) to work on /opt/airflow/dags/emr_example.py
[2023-06-29T23:50:03.593+0000] {processor.py:799} INFO - Processing file /opt/airflow/dags/emr_example.py for tasks to queue
[2023-06-29T23:50:03.593+0000] {logging_mixin.py:149} INFO - [2023-06-29T23:50:03.593+0000] {dagbag.py:541} INFO - Filling up the DagBag from /opt/airflow/dags/emr_example.py
[2023-06-29T23:50:03.596+0000] {logging_mixin.py:149} INFO - [2023-06-29T23:50:03.596+0000] {crypto.py:83} WARNING - empty cryptography key - values will not be stored encrypted.
[2023-06-29T23:50:03.607+0000] {logging_mixin.py:149} WARNING - /home/airflow/.local/lib/python3.7/site-packages/airflow/models/baseoperator.py:429 UserWarning: The parameter waiter_countdown has been deprecated to standardize naming conventions.  Please use waiter_max_attempts instead.  In the future this will default to None and defer to the waiter's default value.
[2023-06-29T23:50:03.608+0000] {logging_mixin.py:149} WARNING - /home/airflow/.local/lib/python3.7/site-packages/airflow/models/baseoperator.py:429 UserWarning: The parameter waiter_check_interval_seconds has been deprecated to standardize naming conventions.  Please use waiter_delay instead.  In the future this will default to None and defer to the waiter's default value.
[2023-06-29T23:50:03.611+0000] {logging_mixin.py:149} INFO - [2023-06-29T23:50:03.611+0000] {taskmixin.py:211} WARNING - Dependency <Task(EmrCreateJobFlowOperator): create_job_flow>, add_steps already registered for DAG: emr_example
[2023-06-29T23:50:03.612+0000] {logging_mixin.py:149} INFO - [2023-06-29T23:50:03.611+0000] {taskmixin.py:211} WARNING - Dependency <Task(EmrAddStepsOperator): add_steps>, create_job_flow already registered for DAG: emr_example
[2023-06-29T23:50:03.619+0000] {processor.py:809} INFO - DAG(s) dict_keys(['emr_example']) retrieved from /opt/airflow/dags/emr_example.py
[2023-06-29T23:50:03.652+0000] {logging_mixin.py:149} INFO - [2023-06-29T23:50:03.652+0000] {dag.py:2726} INFO - Sync 1 DAGs
[2023-06-29T23:50:03.687+0000] {logging_mixin.py:149} INFO - [2023-06-29T23:50:03.686+0000] {dag.py:3490} INFO - Setting next_dagrun for emr_example to 2023-05-28T00:00:00+00:00, run_after=2023-05-28T00:00:00+00:00
[2023-06-29T23:50:03.713+0000] {processor.py:178} INFO - Processing /opt/airflow/dags/emr_example.py took 0.128 seconds
[2023-06-29T23:50:33.799+0000] {processor.py:156} INFO - Started process (PID=431) to work on /opt/airflow/dags/emr_example.py
[2023-06-29T23:50:33.800+0000] {processor.py:799} INFO - Processing file /opt/airflow/dags/emr_example.py for tasks to queue
[2023-06-29T23:50:33.801+0000] {logging_mixin.py:149} INFO - [2023-06-29T23:50:33.801+0000] {dagbag.py:541} INFO - Filling up the DagBag from /opt/airflow/dags/emr_example.py
[2023-06-29T23:50:33.812+0000] {logging_mixin.py:149} INFO - [2023-06-29T23:50:33.812+0000] {crypto.py:83} WARNING - empty cryptography key - values will not be stored encrypted.
[2023-06-29T23:50:33.831+0000] {logging_mixin.py:149} WARNING - /home/airflow/.local/lib/python3.7/site-packages/airflow/models/baseoperator.py:429 UserWarning: The parameter waiter_countdown has been deprecated to standardize naming conventions.  Please use waiter_max_attempts instead.  In the future this will default to None and defer to the waiter's default value.
[2023-06-29T23:50:33.832+0000] {logging_mixin.py:149} WARNING - /home/airflow/.local/lib/python3.7/site-packages/airflow/models/baseoperator.py:429 UserWarning: The parameter waiter_check_interval_seconds has been deprecated to standardize naming conventions.  Please use waiter_delay instead.  In the future this will default to None and defer to the waiter's default value.
[2023-06-29T23:50:33.834+0000] {logging_mixin.py:149} INFO - [2023-06-29T23:50:33.834+0000] {taskmixin.py:211} WARNING - Dependency <Task(EmrCreateJobFlowOperator): create_job_flow>, add_steps already registered for DAG: emr_example
[2023-06-29T23:50:33.843+0000] {logging_mixin.py:149} INFO - [2023-06-29T23:50:33.834+0000] {taskmixin.py:211} WARNING - Dependency <Task(EmrAddStepsOperator): add_steps>, create_job_flow already registered for DAG: emr_example
[2023-06-29T23:50:33.847+0000] {processor.py:809} INFO - DAG(s) dict_keys(['emr_example']) retrieved from /opt/airflow/dags/emr_example.py
[2023-06-29T23:50:33.925+0000] {logging_mixin.py:149} INFO - [2023-06-29T23:50:33.924+0000] {dag.py:2726} INFO - Sync 1 DAGs
[2023-06-29T23:50:33.957+0000] {logging_mixin.py:149} INFO - [2023-06-29T23:50:33.957+0000] {dag.py:3490} INFO - Setting next_dagrun for emr_example to 2023-05-28T00:00:00+00:00, run_after=2023-05-28T00:00:00+00:00
[2023-06-29T23:50:33.989+0000] {processor.py:178} INFO - Processing /opt/airflow/dags/emr_example.py took 0.194 seconds
[2023-06-29T23:51:04.406+0000] {processor.py:156} INFO - Started process (PID=488) to work on /opt/airflow/dags/emr_example.py
[2023-06-29T23:51:04.414+0000] {processor.py:799} INFO - Processing file /opt/airflow/dags/emr_example.py for tasks to queue
[2023-06-29T23:51:04.415+0000] {logging_mixin.py:149} INFO - [2023-06-29T23:51:04.415+0000] {dagbag.py:541} INFO - Filling up the DagBag from /opt/airflow/dags/emr_example.py
[2023-06-29T23:51:04.418+0000] {logging_mixin.py:149} INFO - [2023-06-29T23:51:04.418+0000] {crypto.py:83} WARNING - empty cryptography key - values will not be stored encrypted.
[2023-06-29T23:51:04.445+0000] {logging_mixin.py:149} WARNING - /home/airflow/.local/lib/python3.7/site-packages/airflow/models/baseoperator.py:429 UserWarning: The parameter waiter_countdown has been deprecated to standardize naming conventions.  Please use waiter_max_attempts instead.  In the future this will default to None and defer to the waiter's default value.
[2023-06-29T23:51:04.446+0000] {logging_mixin.py:149} WARNING - /home/airflow/.local/lib/python3.7/site-packages/airflow/models/baseoperator.py:429 UserWarning: The parameter waiter_check_interval_seconds has been deprecated to standardize naming conventions.  Please use waiter_delay instead.  In the future this will default to None and defer to the waiter's default value.
[2023-06-29T23:51:04.448+0000] {logging_mixin.py:149} INFO - [2023-06-29T23:51:04.448+0000] {taskmixin.py:211} WARNING - Dependency <Task(EmrCreateJobFlowOperator): create_job_flow>, add_steps already registered for DAG: emr_example
[2023-06-29T23:51:04.449+0000] {logging_mixin.py:149} INFO - [2023-06-29T23:51:04.448+0000] {taskmixin.py:211} WARNING - Dependency <Task(EmrAddStepsOperator): add_steps>, create_job_flow already registered for DAG: emr_example
[2023-06-29T23:51:04.460+0000] {processor.py:809} INFO - DAG(s) dict_keys(['emr_example']) retrieved from /opt/airflow/dags/emr_example.py
[2023-06-29T23:51:04.494+0000] {logging_mixin.py:149} INFO - [2023-06-29T23:51:04.494+0000] {dag.py:2726} INFO - Sync 1 DAGs
[2023-06-29T23:51:04.552+0000] {logging_mixin.py:149} INFO - [2023-06-29T23:51:04.552+0000] {dag.py:3490} INFO - Setting next_dagrun for emr_example to 2023-05-28T00:00:00+00:00, run_after=2023-05-28T00:00:00+00:00
[2023-06-29T23:51:04.598+0000] {processor.py:178} INFO - Processing /opt/airflow/dags/emr_example.py took 0.196 seconds
[2023-06-29T23:51:34.820+0000] {processor.py:156} INFO - Started process (PID=545) to work on /opt/airflow/dags/emr_example.py
[2023-06-29T23:51:34.821+0000] {processor.py:799} INFO - Processing file /opt/airflow/dags/emr_example.py for tasks to queue
[2023-06-29T23:51:34.822+0000] {logging_mixin.py:149} INFO - [2023-06-29T23:51:34.822+0000] {dagbag.py:541} INFO - Filling up the DagBag from /opt/airflow/dags/emr_example.py
[2023-06-29T23:51:34.825+0000] {logging_mixin.py:149} INFO - [2023-06-29T23:51:34.825+0000] {crypto.py:83} WARNING - empty cryptography key - values will not be stored encrypted.
[2023-06-29T23:51:34.835+0000] {logging_mixin.py:149} WARNING - /home/airflow/.local/lib/python3.7/site-packages/airflow/models/baseoperator.py:429 UserWarning: The parameter waiter_countdown has been deprecated to standardize naming conventions.  Please use waiter_max_attempts instead.  In the future this will default to None and defer to the waiter's default value.
[2023-06-29T23:51:34.836+0000] {logging_mixin.py:149} WARNING - /home/airflow/.local/lib/python3.7/site-packages/airflow/models/baseoperator.py:429 UserWarning: The parameter waiter_check_interval_seconds has been deprecated to standardize naming conventions.  Please use waiter_delay instead.  In the future this will default to None and defer to the waiter's default value.
[2023-06-29T23:51:34.838+0000] {logging_mixin.py:149} INFO - [2023-06-29T23:51:34.838+0000] {taskmixin.py:211} WARNING - Dependency <Task(EmrCreateJobFlowOperator): create_job_flow>, add_steps already registered for DAG: emr_example
[2023-06-29T23:51:34.839+0000] {logging_mixin.py:149} INFO - [2023-06-29T23:51:34.838+0000] {taskmixin.py:211} WARNING - Dependency <Task(EmrAddStepsOperator): add_steps>, create_job_flow already registered for DAG: emr_example
[2023-06-29T23:51:34.843+0000] {processor.py:809} INFO - DAG(s) dict_keys(['emr_example']) retrieved from /opt/airflow/dags/emr_example.py
[2023-06-29T23:51:34.873+0000] {logging_mixin.py:149} INFO - [2023-06-29T23:51:34.873+0000] {dag.py:2726} INFO - Sync 1 DAGs
[2023-06-29T23:51:34.907+0000] {logging_mixin.py:149} INFO - [2023-06-29T23:51:34.907+0000] {dag.py:3490} INFO - Setting next_dagrun for emr_example to 2023-05-28T00:00:00+00:00, run_after=2023-05-28T00:00:00+00:00
[2023-06-29T23:51:34.938+0000] {processor.py:178} INFO - Processing /opt/airflow/dags/emr_example.py took 0.122 seconds
[2023-06-29T23:52:05.318+0000] {processor.py:156} INFO - Started process (PID=602) to work on /opt/airflow/dags/emr_example.py
[2023-06-29T23:52:05.331+0000] {processor.py:799} INFO - Processing file /opt/airflow/dags/emr_example.py for tasks to queue
[2023-06-29T23:52:05.332+0000] {logging_mixin.py:149} INFO - [2023-06-29T23:52:05.331+0000] {dagbag.py:541} INFO - Filling up the DagBag from /opt/airflow/dags/emr_example.py
[2023-06-29T23:52:05.335+0000] {logging_mixin.py:149} INFO - [2023-06-29T23:52:05.335+0000] {crypto.py:83} WARNING - empty cryptography key - values will not be stored encrypted.
[2023-06-29T23:52:05.360+0000] {logging_mixin.py:149} WARNING - /home/airflow/.local/lib/python3.7/site-packages/airflow/models/baseoperator.py:429 UserWarning: The parameter waiter_countdown has been deprecated to standardize naming conventions.  Please use waiter_max_attempts instead.  In the future this will default to None and defer to the waiter's default value.
[2023-06-29T23:52:05.361+0000] {logging_mixin.py:149} WARNING - /home/airflow/.local/lib/python3.7/site-packages/airflow/models/baseoperator.py:429 UserWarning: The parameter waiter_check_interval_seconds has been deprecated to standardize naming conventions.  Please use waiter_delay instead.  In the future this will default to None and defer to the waiter's default value.
[2023-06-29T23:52:05.376+0000] {logging_mixin.py:149} INFO - [2023-06-29T23:52:05.376+0000] {taskmixin.py:211} WARNING - Dependency <Task(EmrCreateJobFlowOperator): create_job_flow>, add_steps already registered for DAG: emr_example
[2023-06-29T23:52:05.377+0000] {logging_mixin.py:149} INFO - [2023-06-29T23:52:05.377+0000] {taskmixin.py:211} WARNING - Dependency <Task(EmrAddStepsOperator): add_steps>, create_job_flow already registered for DAG: emr_example
[2023-06-29T23:52:05.382+0000] {processor.py:809} INFO - DAG(s) dict_keys(['emr_example']) retrieved from /opt/airflow/dags/emr_example.py
[2023-06-29T23:52:05.487+0000] {logging_mixin.py:149} INFO - [2023-06-29T23:52:05.487+0000] {dag.py:2726} INFO - Sync 1 DAGs
[2023-06-29T23:52:05.603+0000] {logging_mixin.py:149} INFO - [2023-06-29T23:52:05.603+0000] {dag.py:3490} INFO - Setting next_dagrun for emr_example to 2023-05-28T00:00:00+00:00, run_after=2023-05-28T00:00:00+00:00
[2023-06-29T23:52:05.693+0000] {processor.py:178} INFO - Processing /opt/airflow/dags/emr_example.py took 0.391 seconds
[2023-06-29T23:52:35.958+0000] {processor.py:156} INFO - Started process (PID=659) to work on /opt/airflow/dags/emr_example.py
[2023-06-29T23:52:35.960+0000] {processor.py:799} INFO - Processing file /opt/airflow/dags/emr_example.py for tasks to queue
[2023-06-29T23:52:35.967+0000] {logging_mixin.py:149} INFO - [2023-06-29T23:52:35.967+0000] {dagbag.py:541} INFO - Filling up the DagBag from /opt/airflow/dags/emr_example.py
[2023-06-29T23:52:35.970+0000] {logging_mixin.py:149} INFO - [2023-06-29T23:52:35.970+0000] {crypto.py:83} WARNING - empty cryptography key - values will not be stored encrypted.
[2023-06-29T23:52:35.991+0000] {logging_mixin.py:149} WARNING - /home/airflow/.local/lib/python3.7/site-packages/airflow/models/baseoperator.py:429 UserWarning: The parameter waiter_countdown has been deprecated to standardize naming conventions.  Please use waiter_max_attempts instead.  In the future this will default to None and defer to the waiter's default value.
[2023-06-29T23:52:35.995+0000] {logging_mixin.py:149} WARNING - /home/airflow/.local/lib/python3.7/site-packages/airflow/models/baseoperator.py:429 UserWarning: The parameter waiter_check_interval_seconds has been deprecated to standardize naming conventions.  Please use waiter_delay instead.  In the future this will default to None and defer to the waiter's default value.
[2023-06-29T23:52:35.999+0000] {logging_mixin.py:149} INFO - [2023-06-29T23:52:35.999+0000] {taskmixin.py:211} WARNING - Dependency <Task(EmrCreateJobFlowOperator): create_job_flow>, add_steps already registered for DAG: emr_example
[2023-06-29T23:52:36.004+0000] {logging_mixin.py:149} INFO - [2023-06-29T23:52:36.004+0000] {taskmixin.py:211} WARNING - Dependency <Task(EmrAddStepsOperator): add_steps>, create_job_flow already registered for DAG: emr_example
[2023-06-29T23:52:36.009+0000] {processor.py:809} INFO - DAG(s) dict_keys(['emr_example']) retrieved from /opt/airflow/dags/emr_example.py
[2023-06-29T23:52:36.085+0000] {logging_mixin.py:149} INFO - [2023-06-29T23:52:36.085+0000] {dag.py:2726} INFO - Sync 1 DAGs
[2023-06-29T23:52:36.145+0000] {logging_mixin.py:149} INFO - [2023-06-29T23:52:36.145+0000] {dag.py:3490} INFO - Setting next_dagrun for emr_example to 2023-05-28T00:00:00+00:00, run_after=2023-05-28T00:00:00+00:00
[2023-06-29T23:52:36.184+0000] {processor.py:178} INFO - Processing /opt/airflow/dags/emr_example.py took 0.235 seconds
[2023-06-29T23:53:06.442+0000] {processor.py:156} INFO - Started process (PID=716) to work on /opt/airflow/dags/emr_example.py
[2023-06-29T23:53:06.443+0000] {processor.py:799} INFO - Processing file /opt/airflow/dags/emr_example.py for tasks to queue
[2023-06-29T23:53:06.444+0000] {logging_mixin.py:149} INFO - [2023-06-29T23:53:06.444+0000] {dagbag.py:541} INFO - Filling up the DagBag from /opt/airflow/dags/emr_example.py
[2023-06-29T23:53:06.447+0000] {logging_mixin.py:149} INFO - [2023-06-29T23:53:06.447+0000] {crypto.py:83} WARNING - empty cryptography key - values will not be stored encrypted.
[2023-06-29T23:53:06.457+0000] {logging_mixin.py:149} WARNING - /home/airflow/.local/lib/python3.7/site-packages/airflow/models/baseoperator.py:429 UserWarning: The parameter waiter_countdown has been deprecated to standardize naming conventions.  Please use waiter_max_attempts instead.  In the future this will default to None and defer to the waiter's default value.
[2023-06-29T23:53:06.459+0000] {logging_mixin.py:149} WARNING - /home/airflow/.local/lib/python3.7/site-packages/airflow/models/baseoperator.py:429 UserWarning: The parameter waiter_check_interval_seconds has been deprecated to standardize naming conventions.  Please use waiter_delay instead.  In the future this will default to None and defer to the waiter's default value.
[2023-06-29T23:53:06.461+0000] {logging_mixin.py:149} INFO - [2023-06-29T23:53:06.461+0000] {taskmixin.py:211} WARNING - Dependency <Task(EmrCreateJobFlowOperator): create_job_flow>, add_steps already registered for DAG: emr_example
[2023-06-29T23:53:06.461+0000] {logging_mixin.py:149} INFO - [2023-06-29T23:53:06.461+0000] {taskmixin.py:211} WARNING - Dependency <Task(EmrAddStepsOperator): add_steps>, create_job_flow already registered for DAG: emr_example
[2023-06-29T23:53:06.466+0000] {processor.py:809} INFO - DAG(s) dict_keys(['emr_example']) retrieved from /opt/airflow/dags/emr_example.py
[2023-06-29T23:53:06.498+0000] {logging_mixin.py:149} INFO - [2023-06-29T23:53:06.498+0000] {dag.py:2726} INFO - Sync 1 DAGs
[2023-06-29T23:53:06.534+0000] {logging_mixin.py:149} INFO - [2023-06-29T23:53:06.533+0000] {dag.py:3490} INFO - Setting next_dagrun for emr_example to 2023-05-28T00:00:00+00:00, run_after=2023-05-28T00:00:00+00:00
[2023-06-29T23:53:06.561+0000] {processor.py:178} INFO - Processing /opt/airflow/dags/emr_example.py took 0.123 seconds
[2023-06-29T23:53:37.053+0000] {processor.py:156} INFO - Started process (PID=773) to work on /opt/airflow/dags/emr_example.py
[2023-06-29T23:53:37.054+0000] {processor.py:799} INFO - Processing file /opt/airflow/dags/emr_example.py for tasks to queue
[2023-06-29T23:53:37.055+0000] {logging_mixin.py:149} INFO - [2023-06-29T23:53:37.055+0000] {dagbag.py:541} INFO - Filling up the DagBag from /opt/airflow/dags/emr_example.py
[2023-06-29T23:53:37.058+0000] {logging_mixin.py:149} INFO - [2023-06-29T23:53:37.058+0000] {crypto.py:83} WARNING - empty cryptography key - values will not be stored encrypted.
[2023-06-29T23:53:37.068+0000] {logging_mixin.py:149} WARNING - /home/airflow/.local/lib/python3.7/site-packages/airflow/models/baseoperator.py:429 UserWarning: The parameter waiter_countdown has been deprecated to standardize naming conventions.  Please use waiter_max_attempts instead.  In the future this will default to None and defer to the waiter's default value.
[2023-06-29T23:53:37.069+0000] {logging_mixin.py:149} WARNING - /home/airflow/.local/lib/python3.7/site-packages/airflow/models/baseoperator.py:429 UserWarning: The parameter waiter_check_interval_seconds has been deprecated to standardize naming conventions.  Please use waiter_delay instead.  In the future this will default to None and defer to the waiter's default value.
[2023-06-29T23:53:37.072+0000] {logging_mixin.py:149} INFO - [2023-06-29T23:53:37.072+0000] {taskmixin.py:211} WARNING - Dependency <Task(EmrCreateJobFlowOperator): create_job_flow>, add_steps already registered for DAG: emr_example
[2023-06-29T23:53:37.072+0000] {logging_mixin.py:149} INFO - [2023-06-29T23:53:37.072+0000] {taskmixin.py:211} WARNING - Dependency <Task(EmrAddStepsOperator): add_steps>, create_job_flow already registered for DAG: emr_example
[2023-06-29T23:53:37.077+0000] {processor.py:809} INFO - DAG(s) dict_keys(['emr_example']) retrieved from /opt/airflow/dags/emr_example.py
[2023-06-29T23:53:37.110+0000] {logging_mixin.py:149} INFO - [2023-06-29T23:53:37.109+0000] {dag.py:2726} INFO - Sync 1 DAGs
[2023-06-29T23:53:37.144+0000] {logging_mixin.py:149} INFO - [2023-06-29T23:53:37.143+0000] {dag.py:3490} INFO - Setting next_dagrun for emr_example to 2023-05-28T00:00:00+00:00, run_after=2023-05-28T00:00:00+00:00
[2023-06-29T23:53:37.167+0000] {processor.py:178} INFO - Processing /opt/airflow/dags/emr_example.py took 0.118 seconds
[2023-06-29T23:54:07.255+0000] {processor.py:156} INFO - Started process (PID=831) to work on /opt/airflow/dags/emr_example.py
[2023-06-29T23:54:07.256+0000] {processor.py:799} INFO - Processing file /opt/airflow/dags/emr_example.py for tasks to queue
[2023-06-29T23:54:07.257+0000] {logging_mixin.py:149} INFO - [2023-06-29T23:54:07.257+0000] {dagbag.py:541} INFO - Filling up the DagBag from /opt/airflow/dags/emr_example.py
[2023-06-29T23:54:07.260+0000] {logging_mixin.py:149} INFO - [2023-06-29T23:54:07.260+0000] {crypto.py:83} WARNING - empty cryptography key - values will not be stored encrypted.
[2023-06-29T23:54:07.270+0000] {logging_mixin.py:149} WARNING - /home/airflow/.local/lib/python3.7/site-packages/airflow/models/baseoperator.py:429 UserWarning: The parameter waiter_countdown has been deprecated to standardize naming conventions.  Please use waiter_max_attempts instead.  In the future this will default to None and defer to the waiter's default value.
[2023-06-29T23:54:07.271+0000] {logging_mixin.py:149} WARNING - /home/airflow/.local/lib/python3.7/site-packages/airflow/models/baseoperator.py:429 UserWarning: The parameter waiter_check_interval_seconds has been deprecated to standardize naming conventions.  Please use waiter_delay instead.  In the future this will default to None and defer to the waiter's default value.
[2023-06-29T23:54:07.273+0000] {logging_mixin.py:149} INFO - [2023-06-29T23:54:07.273+0000] {taskmixin.py:211} WARNING - Dependency <Task(EmrCreateJobFlowOperator): create_job_flow>, add_steps already registered for DAG: emr_example
[2023-06-29T23:54:07.273+0000] {logging_mixin.py:149} INFO - [2023-06-29T23:54:07.273+0000] {taskmixin.py:211} WARNING - Dependency <Task(EmrAddStepsOperator): add_steps>, create_job_flow already registered for DAG: emr_example
[2023-06-29T23:54:07.279+0000] {processor.py:809} INFO - DAG(s) dict_keys(['emr_example']) retrieved from /opt/airflow/dags/emr_example.py
[2023-06-29T23:54:07.312+0000] {logging_mixin.py:149} INFO - [2023-06-29T23:54:07.312+0000] {dag.py:2726} INFO - Sync 1 DAGs
[2023-06-29T23:54:07.349+0000] {logging_mixin.py:149} INFO - [2023-06-29T23:54:07.348+0000] {dag.py:3490} INFO - Setting next_dagrun for emr_example to 2023-05-28T00:00:00+00:00, run_after=2023-05-28T00:00:00+00:00
[2023-06-29T23:54:07.372+0000] {processor.py:178} INFO - Processing /opt/airflow/dags/emr_example.py took 0.120 seconds
[2023-06-29T23:54:37.544+0000] {processor.py:156} INFO - Started process (PID=888) to work on /opt/airflow/dags/emr_example.py
[2023-06-29T23:54:37.546+0000] {processor.py:799} INFO - Processing file /opt/airflow/dags/emr_example.py for tasks to queue
[2023-06-29T23:54:37.547+0000] {logging_mixin.py:149} INFO - [2023-06-29T23:54:37.546+0000] {dagbag.py:541} INFO - Filling up the DagBag from /opt/airflow/dags/emr_example.py
[2023-06-29T23:54:37.550+0000] {logging_mixin.py:149} INFO - [2023-06-29T23:54:37.550+0000] {crypto.py:83} WARNING - empty cryptography key - values will not be stored encrypted.
[2023-06-29T23:54:37.561+0000] {logging_mixin.py:149} WARNING - /home/airflow/.local/lib/python3.7/site-packages/airflow/models/baseoperator.py:429 UserWarning: The parameter waiter_countdown has been deprecated to standardize naming conventions.  Please use waiter_max_attempts instead.  In the future this will default to None and defer to the waiter's default value.
[2023-06-29T23:54:37.562+0000] {logging_mixin.py:149} WARNING - /home/airflow/.local/lib/python3.7/site-packages/airflow/models/baseoperator.py:429 UserWarning: The parameter waiter_check_interval_seconds has been deprecated to standardize naming conventions.  Please use waiter_delay instead.  In the future this will default to None and defer to the waiter's default value.
[2023-06-29T23:54:37.565+0000] {logging_mixin.py:149} INFO - [2023-06-29T23:54:37.565+0000] {taskmixin.py:211} WARNING - Dependency <Task(EmrCreateJobFlowOperator): create_job_flow>, add_steps already registered for DAG: emr_example
[2023-06-29T23:54:37.565+0000] {logging_mixin.py:149} INFO - [2023-06-29T23:54:37.565+0000] {taskmixin.py:211} WARNING - Dependency <Task(EmrAddStepsOperator): add_steps>, create_job_flow already registered for DAG: emr_example
[2023-06-29T23:54:37.570+0000] {processor.py:809} INFO - DAG(s) dict_keys(['emr_example']) retrieved from /opt/airflow/dags/emr_example.py
[2023-06-29T23:54:37.608+0000] {logging_mixin.py:149} INFO - [2023-06-29T23:54:37.608+0000] {dag.py:2726} INFO - Sync 1 DAGs
[2023-06-29T23:54:37.641+0000] {logging_mixin.py:149} INFO - [2023-06-29T23:54:37.641+0000] {dag.py:3490} INFO - Setting next_dagrun for emr_example to 2023-05-28T00:00:00+00:00, run_after=2023-05-28T00:00:00+00:00
[2023-06-29T23:54:37.663+0000] {processor.py:178} INFO - Processing /opt/airflow/dags/emr_example.py took 0.123 seconds
[2023-06-29T23:55:07.945+0000] {processor.py:156} INFO - Started process (PID=944) to work on /opt/airflow/dags/emr_example.py
[2023-06-29T23:55:07.946+0000] {processor.py:799} INFO - Processing file /opt/airflow/dags/emr_example.py for tasks to queue
[2023-06-29T23:55:07.946+0000] {logging_mixin.py:149} INFO - [2023-06-29T23:55:07.946+0000] {dagbag.py:541} INFO - Filling up the DagBag from /opt/airflow/dags/emr_example.py
[2023-06-29T23:55:07.949+0000] {logging_mixin.py:149} INFO - [2023-06-29T23:55:07.949+0000] {crypto.py:83} WARNING - empty cryptography key - values will not be stored encrypted.
[2023-06-29T23:55:07.960+0000] {logging_mixin.py:149} WARNING - /home/airflow/.local/lib/python3.7/site-packages/airflow/models/baseoperator.py:429 UserWarning: The parameter waiter_countdown has been deprecated to standardize naming conventions.  Please use waiter_max_attempts instead.  In the future this will default to None and defer to the waiter's default value.
[2023-06-29T23:55:07.961+0000] {logging_mixin.py:149} WARNING - /home/airflow/.local/lib/python3.7/site-packages/airflow/models/baseoperator.py:429 UserWarning: The parameter waiter_check_interval_seconds has been deprecated to standardize naming conventions.  Please use waiter_delay instead.  In the future this will default to None and defer to the waiter's default value.
[2023-06-29T23:55:07.965+0000] {logging_mixin.py:149} INFO - [2023-06-29T23:55:07.963+0000] {taskmixin.py:211} WARNING - Dependency <Task(EmrCreateJobFlowOperator): create_job_flow>, add_steps already registered for DAG: emr_example
[2023-06-29T23:55:07.965+0000] {logging_mixin.py:149} INFO - [2023-06-29T23:55:07.965+0000] {taskmixin.py:211} WARNING - Dependency <Task(EmrAddStepsOperator): add_steps>, create_job_flow already registered for DAG: emr_example
[2023-06-29T23:55:07.970+0000] {processor.py:809} INFO - DAG(s) dict_keys(['emr_example']) retrieved from /opt/airflow/dags/emr_example.py
[2023-06-29T23:55:08.003+0000] {logging_mixin.py:149} INFO - [2023-06-29T23:55:08.002+0000] {dag.py:2726} INFO - Sync 1 DAGs
[2023-06-29T23:55:08.035+0000] {logging_mixin.py:149} INFO - [2023-06-29T23:55:08.035+0000] {dag.py:3490} INFO - Setting next_dagrun for emr_example to 2023-05-28T00:00:00+00:00, run_after=2023-05-28T00:00:00+00:00
[2023-06-29T23:55:08.057+0000] {processor.py:178} INFO - Processing /opt/airflow/dags/emr_example.py took 0.117 seconds
[2023-06-29T23:55:38.309+0000] {processor.py:156} INFO - Started process (PID=1000) to work on /opt/airflow/dags/emr_example.py
[2023-06-29T23:55:38.317+0000] {processor.py:799} INFO - Processing file /opt/airflow/dags/emr_example.py for tasks to queue
[2023-06-29T23:55:38.318+0000] {logging_mixin.py:149} INFO - [2023-06-29T23:55:38.318+0000] {dagbag.py:541} INFO - Filling up the DagBag from /opt/airflow/dags/emr_example.py
[2023-06-29T23:55:38.321+0000] {logging_mixin.py:149} INFO - [2023-06-29T23:55:38.321+0000] {crypto.py:83} WARNING - empty cryptography key - values will not be stored encrypted.
[2023-06-29T23:55:38.332+0000] {logging_mixin.py:149} WARNING - /home/airflow/.local/lib/python3.7/site-packages/airflow/models/baseoperator.py:429 UserWarning: The parameter waiter_countdown has been deprecated to standardize naming conventions.  Please use waiter_max_attempts instead.  In the future this will default to None and defer to the waiter's default value.
[2023-06-29T23:55:38.333+0000] {logging_mixin.py:149} WARNING - /home/airflow/.local/lib/python3.7/site-packages/airflow/models/baseoperator.py:429 UserWarning: The parameter waiter_check_interval_seconds has been deprecated to standardize naming conventions.  Please use waiter_delay instead.  In the future this will default to None and defer to the waiter's default value.
[2023-06-29T23:55:38.337+0000] {logging_mixin.py:149} INFO - [2023-06-29T23:55:38.337+0000] {taskmixin.py:211} WARNING - Dependency <Task(EmrCreateJobFlowOperator): create_job_flow>, add_steps already registered for DAG: emr_example
[2023-06-29T23:55:38.340+0000] {logging_mixin.py:149} INFO - [2023-06-29T23:55:38.339+0000] {taskmixin.py:211} WARNING - Dependency <Task(EmrAddStepsOperator): add_steps>, create_job_flow already registered for DAG: emr_example
[2023-06-29T23:55:38.347+0000] {processor.py:809} INFO - DAG(s) dict_keys(['emr_example']) retrieved from /opt/airflow/dags/emr_example.py
[2023-06-29T23:55:38.387+0000] {logging_mixin.py:149} INFO - [2023-06-29T23:55:38.387+0000] {dag.py:2726} INFO - Sync 1 DAGs
[2023-06-29T23:55:38.423+0000] {logging_mixin.py:149} INFO - [2023-06-29T23:55:38.423+0000] {dag.py:3490} INFO - Setting next_dagrun for emr_example to 2023-05-28T00:00:00+00:00, run_after=2023-05-28T00:00:00+00:00
[2023-06-29T23:55:38.454+0000] {processor.py:178} INFO - Processing /opt/airflow/dags/emr_example.py took 0.150 seconds
[2023-06-29T23:56:09.069+0000] {processor.py:156} INFO - Started process (PID=1056) to work on /opt/airflow/dags/emr_example.py
[2023-06-29T23:56:09.087+0000] {processor.py:799} INFO - Processing file /opt/airflow/dags/emr_example.py for tasks to queue
[2023-06-29T23:56:09.088+0000] {logging_mixin.py:149} INFO - [2023-06-29T23:56:09.088+0000] {dagbag.py:541} INFO - Filling up the DagBag from /opt/airflow/dags/emr_example.py
[2023-06-29T23:56:09.109+0000] {logging_mixin.py:149} INFO - [2023-06-29T23:56:09.108+0000] {crypto.py:83} WARNING - empty cryptography key - values will not be stored encrypted.
[2023-06-29T23:56:09.132+0000] {logging_mixin.py:149} WARNING - /home/airflow/.local/lib/python3.7/site-packages/airflow/models/baseoperator.py:429 UserWarning: The parameter waiter_countdown has been deprecated to standardize naming conventions.  Please use waiter_max_attempts instead.  In the future this will default to None and defer to the waiter's default value.
[2023-06-29T23:56:09.135+0000] {logging_mixin.py:149} WARNING - /home/airflow/.local/lib/python3.7/site-packages/airflow/models/baseoperator.py:429 UserWarning: The parameter waiter_check_interval_seconds has been deprecated to standardize naming conventions.  Please use waiter_delay instead.  In the future this will default to None and defer to the waiter's default value.
[2023-06-29T23:56:09.143+0000] {logging_mixin.py:149} INFO - [2023-06-29T23:56:09.141+0000] {taskmixin.py:211} WARNING - Dependency <Task(EmrCreateJobFlowOperator): create_job_flow>, add_steps already registered for DAG: emr_example
[2023-06-29T23:56:09.143+0000] {logging_mixin.py:149} INFO - [2023-06-29T23:56:09.143+0000] {taskmixin.py:211} WARNING - Dependency <Task(EmrAddStepsOperator): add_steps>, create_job_flow already registered for DAG: emr_example
[2023-06-29T23:56:09.154+0000] {processor.py:809} INFO - DAG(s) dict_keys(['emr_example']) retrieved from /opt/airflow/dags/emr_example.py
[2023-06-29T23:56:09.230+0000] {logging_mixin.py:149} INFO - [2023-06-29T23:56:09.229+0000] {dag.py:2726} INFO - Sync 1 DAGs
[2023-06-29T23:56:09.319+0000] {logging_mixin.py:149} INFO - [2023-06-29T23:56:09.319+0000] {dag.py:3490} INFO - Setting next_dagrun for emr_example to 2023-05-28T00:00:00+00:00, run_after=2023-05-28T00:00:00+00:00
[2023-06-29T23:56:09.428+0000] {processor.py:178} INFO - Processing /opt/airflow/dags/emr_example.py took 0.375 seconds
[2023-06-29T23:56:39.941+0000] {processor.py:156} INFO - Started process (PID=1113) to work on /opt/airflow/dags/emr_example.py
[2023-06-29T23:56:39.953+0000] {processor.py:799} INFO - Processing file /opt/airflow/dags/emr_example.py for tasks to queue
[2023-06-29T23:56:39.954+0000] {logging_mixin.py:149} INFO - [2023-06-29T23:56:39.954+0000] {dagbag.py:541} INFO - Filling up the DagBag from /opt/airflow/dags/emr_example.py
[2023-06-29T23:56:39.958+0000] {logging_mixin.py:149} INFO - [2023-06-29T23:56:39.958+0000] {crypto.py:83} WARNING - empty cryptography key - values will not be stored encrypted.
[2023-06-29T23:56:39.970+0000] {logging_mixin.py:149} WARNING - /home/airflow/.local/lib/python3.7/site-packages/airflow/models/baseoperator.py:429 UserWarning: The parameter waiter_countdown has been deprecated to standardize naming conventions.  Please use waiter_max_attempts instead.  In the future this will default to None and defer to the waiter's default value.
[2023-06-29T23:56:39.971+0000] {logging_mixin.py:149} WARNING - /home/airflow/.local/lib/python3.7/site-packages/airflow/models/baseoperator.py:429 UserWarning: The parameter waiter_check_interval_seconds has been deprecated to standardize naming conventions.  Please use waiter_delay instead.  In the future this will default to None and defer to the waiter's default value.
[2023-06-29T23:56:39.975+0000] {logging_mixin.py:149} INFO - [2023-06-29T23:56:39.974+0000] {taskmixin.py:211} WARNING - Dependency <Task(EmrCreateJobFlowOperator): create_job_flow>, add_steps already registered for DAG: emr_example
[2023-06-29T23:56:39.975+0000] {logging_mixin.py:149} INFO - [2023-06-29T23:56:39.975+0000] {taskmixin.py:211} WARNING - Dependency <Task(EmrAddStepsOperator): add_steps>, create_job_flow already registered for DAG: emr_example
[2023-06-29T23:56:39.981+0000] {processor.py:809} INFO - DAG(s) dict_keys(['emr_example']) retrieved from /opt/airflow/dags/emr_example.py
[2023-06-29T23:56:40.043+0000] {logging_mixin.py:149} INFO - [2023-06-29T23:56:40.043+0000] {dag.py:2726} INFO - Sync 1 DAGs
[2023-06-29T23:56:40.124+0000] {logging_mixin.py:149} INFO - [2023-06-29T23:56:40.124+0000] {dag.py:3490} INFO - Setting next_dagrun for emr_example to 2023-05-28T00:00:00+00:00, run_after=2023-05-28T00:00:00+00:00
[2023-06-29T23:56:40.154+0000] {processor.py:178} INFO - Processing /opt/airflow/dags/emr_example.py took 0.217 seconds
[2023-06-29T23:57:10.837+0000] {processor.py:156} INFO - Started process (PID=1170) to work on /opt/airflow/dags/emr_example.py
[2023-06-29T23:57:10.838+0000] {processor.py:799} INFO - Processing file /opt/airflow/dags/emr_example.py for tasks to queue
[2023-06-29T23:57:10.839+0000] {logging_mixin.py:149} INFO - [2023-06-29T23:57:10.838+0000] {dagbag.py:541} INFO - Filling up the DagBag from /opt/airflow/dags/emr_example.py
[2023-06-29T23:57:10.842+0000] {logging_mixin.py:149} INFO - [2023-06-29T23:57:10.842+0000] {crypto.py:83} WARNING - empty cryptography key - values will not be stored encrypted.
[2023-06-29T23:57:10.854+0000] {logging_mixin.py:149} WARNING - /home/airflow/.local/lib/python3.7/site-packages/airflow/models/baseoperator.py:429 UserWarning: The parameter waiter_countdown has been deprecated to standardize naming conventions.  Please use waiter_max_attempts instead.  In the future this will default to None and defer to the waiter's default value.
[2023-06-29T23:57:10.855+0000] {logging_mixin.py:149} WARNING - /home/airflow/.local/lib/python3.7/site-packages/airflow/models/baseoperator.py:429 UserWarning: The parameter waiter_check_interval_seconds has been deprecated to standardize naming conventions.  Please use waiter_delay instead.  In the future this will default to None and defer to the waiter's default value.
[2023-06-29T23:57:10.858+0000] {logging_mixin.py:149} INFO - [2023-06-29T23:57:10.858+0000] {taskmixin.py:211} WARNING - Dependency <Task(EmrCreateJobFlowOperator): create_job_flow>, add_steps already registered for DAG: emr_example
[2023-06-29T23:57:10.858+0000] {logging_mixin.py:149} INFO - [2023-06-29T23:57:10.858+0000] {taskmixin.py:211} WARNING - Dependency <Task(EmrAddStepsOperator): add_steps>, create_job_flow already registered for DAG: emr_example
[2023-06-29T23:57:10.863+0000] {processor.py:809} INFO - DAG(s) dict_keys(['emr_example']) retrieved from /opt/airflow/dags/emr_example.py
[2023-06-29T23:57:10.905+0000] {logging_mixin.py:149} INFO - [2023-06-29T23:57:10.905+0000] {dag.py:2726} INFO - Sync 1 DAGs
[2023-06-29T23:57:10.940+0000] {logging_mixin.py:149} INFO - [2023-06-29T23:57:10.939+0000] {dag.py:3490} INFO - Setting next_dagrun for emr_example to 2023-05-28T00:00:00+00:00, run_after=2023-05-28T00:00:00+00:00
[2023-06-29T23:57:10.968+0000] {processor.py:178} INFO - Processing /opt/airflow/dags/emr_example.py took 0.141 seconds
[2023-06-29T23:57:41.167+0000] {processor.py:156} INFO - Started process (PID=1227) to work on /opt/airflow/dags/emr_example.py
[2023-06-29T23:57:41.169+0000] {processor.py:799} INFO - Processing file /opt/airflow/dags/emr_example.py for tasks to queue
[2023-06-29T23:57:41.169+0000] {logging_mixin.py:149} INFO - [2023-06-29T23:57:41.169+0000] {dagbag.py:541} INFO - Filling up the DagBag from /opt/airflow/dags/emr_example.py
[2023-06-29T23:57:41.173+0000] {logging_mixin.py:149} INFO - [2023-06-29T23:57:41.173+0000] {crypto.py:83} WARNING - empty cryptography key - values will not be stored encrypted.
[2023-06-29T23:57:41.183+0000] {logging_mixin.py:149} WARNING - /home/airflow/.local/lib/python3.7/site-packages/airflow/models/baseoperator.py:429 UserWarning: The parameter waiter_countdown has been deprecated to standardize naming conventions.  Please use waiter_max_attempts instead.  In the future this will default to None and defer to the waiter's default value.
[2023-06-29T23:57:41.185+0000] {logging_mixin.py:149} WARNING - /home/airflow/.local/lib/python3.7/site-packages/airflow/models/baseoperator.py:429 UserWarning: The parameter waiter_check_interval_seconds has been deprecated to standardize naming conventions.  Please use waiter_delay instead.  In the future this will default to None and defer to the waiter's default value.
[2023-06-29T23:57:41.187+0000] {logging_mixin.py:149} INFO - [2023-06-29T23:57:41.187+0000] {taskmixin.py:211} WARNING - Dependency <Task(EmrCreateJobFlowOperator): create_job_flow>, add_steps already registered for DAG: emr_example
[2023-06-29T23:57:41.188+0000] {logging_mixin.py:149} INFO - [2023-06-29T23:57:41.187+0000] {taskmixin.py:211} WARNING - Dependency <Task(EmrAddStepsOperator): add_steps>, create_job_flow already registered for DAG: emr_example
[2023-06-29T23:57:41.194+0000] {processor.py:809} INFO - DAG(s) dict_keys(['emr_example']) retrieved from /opt/airflow/dags/emr_example.py
[2023-06-29T23:57:41.233+0000] {logging_mixin.py:149} INFO - [2023-06-29T23:57:41.233+0000] {dag.py:2726} INFO - Sync 1 DAGs
[2023-06-29T23:57:41.274+0000] {logging_mixin.py:149} INFO - [2023-06-29T23:57:41.273+0000] {dag.py:3490} INFO - Setting next_dagrun for emr_example to 2023-05-28T00:00:00+00:00, run_after=2023-05-28T00:00:00+00:00
[2023-06-29T23:57:41.299+0000] {processor.py:178} INFO - Processing /opt/airflow/dags/emr_example.py took 0.137 seconds
[2023-06-29T23:58:11.658+0000] {processor.py:156} INFO - Started process (PID=1284) to work on /opt/airflow/dags/emr_example.py
[2023-06-29T23:58:11.659+0000] {processor.py:799} INFO - Processing file /opt/airflow/dags/emr_example.py for tasks to queue
[2023-06-29T23:58:11.660+0000] {logging_mixin.py:149} INFO - [2023-06-29T23:58:11.660+0000] {dagbag.py:541} INFO - Filling up the DagBag from /opt/airflow/dags/emr_example.py
[2023-06-29T23:58:11.663+0000] {logging_mixin.py:149} INFO - [2023-06-29T23:58:11.663+0000] {crypto.py:83} WARNING - empty cryptography key - values will not be stored encrypted.
[2023-06-29T23:58:11.674+0000] {logging_mixin.py:149} WARNING - /home/airflow/.local/lib/python3.7/site-packages/airflow/models/baseoperator.py:429 UserWarning: The parameter waiter_countdown has been deprecated to standardize naming conventions.  Please use waiter_max_attempts instead.  In the future this will default to None and defer to the waiter's default value.
[2023-06-29T23:58:11.675+0000] {logging_mixin.py:149} WARNING - /home/airflow/.local/lib/python3.7/site-packages/airflow/models/baseoperator.py:429 UserWarning: The parameter waiter_check_interval_seconds has been deprecated to standardize naming conventions.  Please use waiter_delay instead.  In the future this will default to None and defer to the waiter's default value.
[2023-06-29T23:58:11.677+0000] {logging_mixin.py:149} INFO - [2023-06-29T23:58:11.677+0000] {taskmixin.py:211} WARNING - Dependency <Task(EmrCreateJobFlowOperator): create_job_flow>, add_steps already registered for DAG: emr_example
[2023-06-29T23:58:11.678+0000] {logging_mixin.py:149} INFO - [2023-06-29T23:58:11.677+0000] {taskmixin.py:211} WARNING - Dependency <Task(EmrAddStepsOperator): add_steps>, create_job_flow already registered for DAG: emr_example
[2023-06-29T23:58:11.683+0000] {processor.py:809} INFO - DAG(s) dict_keys(['emr_example']) retrieved from /opt/airflow/dags/emr_example.py
[2023-06-29T23:58:11.716+0000] {logging_mixin.py:149} INFO - [2023-06-29T23:58:11.716+0000] {dag.py:2726} INFO - Sync 1 DAGs
[2023-06-29T23:58:11.750+0000] {logging_mixin.py:149} INFO - [2023-06-29T23:58:11.750+0000] {dag.py:3490} INFO - Setting next_dagrun for emr_example to 2023-05-28T00:00:00+00:00, run_after=2023-05-28T00:00:00+00:00
[2023-06-29T23:58:11.773+0000] {processor.py:178} INFO - Processing /opt/airflow/dags/emr_example.py took 0.119 seconds
[2023-06-29T23:58:42.203+0000] {processor.py:156} INFO - Started process (PID=1341) to work on /opt/airflow/dags/emr_example.py
[2023-06-29T23:58:42.204+0000] {processor.py:799} INFO - Processing file /opt/airflow/dags/emr_example.py for tasks to queue
[2023-06-29T23:58:42.205+0000] {logging_mixin.py:149} INFO - [2023-06-29T23:58:42.205+0000] {dagbag.py:541} INFO - Filling up the DagBag from /opt/airflow/dags/emr_example.py
[2023-06-29T23:58:42.208+0000] {logging_mixin.py:149} INFO - [2023-06-29T23:58:42.208+0000] {crypto.py:83} WARNING - empty cryptography key - values will not be stored encrypted.
[2023-06-29T23:58:42.219+0000] {logging_mixin.py:149} WARNING - /home/airflow/.local/lib/python3.7/site-packages/airflow/models/baseoperator.py:429 UserWarning: The parameter waiter_countdown has been deprecated to standardize naming conventions.  Please use waiter_max_attempts instead.  In the future this will default to None and defer to the waiter's default value.
[2023-06-29T23:58:42.220+0000] {logging_mixin.py:149} WARNING - /home/airflow/.local/lib/python3.7/site-packages/airflow/models/baseoperator.py:429 UserWarning: The parameter waiter_check_interval_seconds has been deprecated to standardize naming conventions.  Please use waiter_delay instead.  In the future this will default to None and defer to the waiter's default value.
[2023-06-29T23:58:42.223+0000] {logging_mixin.py:149} INFO - [2023-06-29T23:58:42.223+0000] {taskmixin.py:211} WARNING - Dependency <Task(EmrCreateJobFlowOperator): create_job_flow>, add_steps already registered for DAG: emr_example
[2023-06-29T23:58:42.224+0000] {logging_mixin.py:149} INFO - [2023-06-29T23:58:42.223+0000] {taskmixin.py:211} WARNING - Dependency <Task(EmrAddStepsOperator): add_steps>, create_job_flow already registered for DAG: emr_example
[2023-06-29T23:58:42.228+0000] {processor.py:809} INFO - DAG(s) dict_keys(['emr_example']) retrieved from /opt/airflow/dags/emr_example.py
[2023-06-29T23:58:42.260+0000] {logging_mixin.py:149} INFO - [2023-06-29T23:58:42.260+0000] {dag.py:2726} INFO - Sync 1 DAGs
[2023-06-29T23:58:42.292+0000] {logging_mixin.py:149} INFO - [2023-06-29T23:58:42.292+0000] {dag.py:3490} INFO - Setting next_dagrun for emr_example to 2023-05-28T00:00:00+00:00, run_after=2023-05-28T00:00:00+00:00
[2023-06-29T23:58:42.314+0000] {processor.py:178} INFO - Processing /opt/airflow/dags/emr_example.py took 0.116 seconds
[2023-06-29T23:59:12.602+0000] {processor.py:156} INFO - Started process (PID=1399) to work on /opt/airflow/dags/emr_example.py
[2023-06-29T23:59:12.603+0000] {processor.py:799} INFO - Processing file /opt/airflow/dags/emr_example.py for tasks to queue
[2023-06-29T23:59:12.604+0000] {logging_mixin.py:149} INFO - [2023-06-29T23:59:12.604+0000] {dagbag.py:541} INFO - Filling up the DagBag from /opt/airflow/dags/emr_example.py
[2023-06-29T23:59:12.608+0000] {logging_mixin.py:149} INFO - [2023-06-29T23:59:12.608+0000] {crypto.py:83} WARNING - empty cryptography key - values will not be stored encrypted.
[2023-06-29T23:59:12.619+0000] {logging_mixin.py:149} WARNING - /home/airflow/.local/lib/python3.7/site-packages/airflow/models/baseoperator.py:429 UserWarning: The parameter waiter_countdown has been deprecated to standardize naming conventions.  Please use waiter_max_attempts instead.  In the future this will default to None and defer to the waiter's default value.
[2023-06-29T23:59:12.620+0000] {logging_mixin.py:149} WARNING - /home/airflow/.local/lib/python3.7/site-packages/airflow/models/baseoperator.py:429 UserWarning: The parameter waiter_check_interval_seconds has been deprecated to standardize naming conventions.  Please use waiter_delay instead.  In the future this will default to None and defer to the waiter's default value.
[2023-06-29T23:59:12.623+0000] {logging_mixin.py:149} INFO - [2023-06-29T23:59:12.623+0000] {taskmixin.py:211} WARNING - Dependency <Task(EmrCreateJobFlowOperator): create_job_flow>, add_steps already registered for DAG: emr_example
[2023-06-29T23:59:12.623+0000] {logging_mixin.py:149} INFO - [2023-06-29T23:59:12.623+0000] {taskmixin.py:211} WARNING - Dependency <Task(EmrAddStepsOperator): add_steps>, create_job_flow already registered for DAG: emr_example
[2023-06-29T23:59:12.629+0000] {processor.py:809} INFO - DAG(s) dict_keys(['emr_example']) retrieved from /opt/airflow/dags/emr_example.py
[2023-06-29T23:59:12.663+0000] {logging_mixin.py:149} INFO - [2023-06-29T23:59:12.663+0000] {dag.py:2726} INFO - Sync 1 DAGs
[2023-06-29T23:59:12.695+0000] {logging_mixin.py:149} INFO - [2023-06-29T23:59:12.695+0000] {dag.py:3490} INFO - Setting next_dagrun for emr_example to 2023-05-28T00:00:00+00:00, run_after=2023-05-28T00:00:00+00:00
[2023-06-29T23:59:12.718+0000] {processor.py:178} INFO - Processing /opt/airflow/dags/emr_example.py took 0.121 seconds
[2023-06-29T23:59:42.957+0000] {processor.py:156} INFO - Started process (PID=1457) to work on /opt/airflow/dags/emr_example.py
[2023-06-29T23:59:42.958+0000] {processor.py:799} INFO - Processing file /opt/airflow/dags/emr_example.py for tasks to queue
[2023-06-29T23:59:42.959+0000] {logging_mixin.py:149} INFO - [2023-06-29T23:59:42.959+0000] {dagbag.py:541} INFO - Filling up the DagBag from /opt/airflow/dags/emr_example.py
[2023-06-29T23:59:42.962+0000] {logging_mixin.py:149} INFO - [2023-06-29T23:59:42.962+0000] {crypto.py:83} WARNING - empty cryptography key - values will not be stored encrypted.
[2023-06-29T23:59:42.972+0000] {logging_mixin.py:149} WARNING - /home/airflow/.local/lib/python3.7/site-packages/airflow/models/baseoperator.py:429 UserWarning: The parameter waiter_countdown has been deprecated to standardize naming conventions.  Please use waiter_max_attempts instead.  In the future this will default to None and defer to the waiter's default value.
[2023-06-29T23:59:42.974+0000] {logging_mixin.py:149} WARNING - /home/airflow/.local/lib/python3.7/site-packages/airflow/models/baseoperator.py:429 UserWarning: The parameter waiter_check_interval_seconds has been deprecated to standardize naming conventions.  Please use waiter_delay instead.  In the future this will default to None and defer to the waiter's default value.
[2023-06-29T23:59:42.976+0000] {logging_mixin.py:149} INFO - [2023-06-29T23:59:42.976+0000] {taskmixin.py:211} WARNING - Dependency <Task(EmrCreateJobFlowOperator): create_job_flow>, add_steps already registered for DAG: emr_example
[2023-06-29T23:59:42.977+0000] {logging_mixin.py:149} INFO - [2023-06-29T23:59:42.977+0000] {taskmixin.py:211} WARNING - Dependency <Task(EmrAddStepsOperator): add_steps>, create_job_flow already registered for DAG: emr_example
[2023-06-29T23:59:42.982+0000] {processor.py:809} INFO - DAG(s) dict_keys(['emr_example']) retrieved from /opt/airflow/dags/emr_example.py
[2023-06-29T23:59:43.020+0000] {logging_mixin.py:149} INFO - [2023-06-29T23:59:43.020+0000] {dag.py:2726} INFO - Sync 1 DAGs
[2023-06-29T23:59:43.056+0000] {logging_mixin.py:149} INFO - [2023-06-29T23:59:43.056+0000] {dag.py:3490} INFO - Setting next_dagrun for emr_example to 2023-05-28T00:00:00+00:00, run_after=2023-05-28T00:00:00+00:00
[2023-06-29T23:59:43.080+0000] {processor.py:178} INFO - Processing /opt/airflow/dags/emr_example.py took 0.127 seconds
