[2023-05-30T10:06:34.596+0000] {processor.py:156} INFO - Started process (PID=65) to work on /home/airflow/.local/lib/python3.7/site-packages/airflow/example_dags/example_sla_dag.py
[2023-05-30T10:06:34.598+0000] {processor.py:799} INFO - Processing file /home/airflow/.local/lib/python3.7/site-packages/airflow/example_dags/example_sla_dag.py for tasks to queue
[2023-05-30T10:06:34.599+0000] {logging_mixin.py:149} INFO - [2023-05-30T10:06:34.599+0000] {dagbag.py:541} INFO - Filling up the DagBag from /home/airflow/.local/lib/python3.7/site-packages/airflow/example_dags/example_sla_dag.py
[2023-05-30T10:06:34.614+0000] {processor.py:809} INFO - DAG(s) dict_keys(['example_sla_dag']) retrieved from /home/airflow/.local/lib/python3.7/site-packages/airflow/example_dags/example_sla_dag.py
[2023-05-30T10:06:34.663+0000] {logging_mixin.py:149} INFO - [2023-05-30T10:06:34.662+0000] {dag.py:2726} INFO - Sync 1 DAGs
[2023-05-30T10:06:34.721+0000] {logging_mixin.py:149} INFO - [2023-05-30T10:06:34.721+0000] {dag.py:3490} INFO - Setting next_dagrun for example_sla_dag to 2023-05-30T10:04:00+00:00, run_after=2023-05-30T10:06:00+00:00
[2023-05-30T10:06:34.761+0000] {processor.py:178} INFO - Processing /home/airflow/.local/lib/python3.7/site-packages/airflow/example_dags/example_sla_dag.py took 0.172 seconds
[2023-05-30T10:07:05.086+0000] {processor.py:156} INFO - Started process (PID=121) to work on /home/airflow/.local/lib/python3.7/site-packages/airflow/example_dags/example_sla_dag.py
[2023-05-30T10:07:05.087+0000] {processor.py:799} INFO - Processing file /home/airflow/.local/lib/python3.7/site-packages/airflow/example_dags/example_sla_dag.py for tasks to queue
[2023-05-30T10:07:05.088+0000] {logging_mixin.py:149} INFO - [2023-05-30T10:07:05.088+0000] {dagbag.py:541} INFO - Filling up the DagBag from /home/airflow/.local/lib/python3.7/site-packages/airflow/example_dags/example_sla_dag.py
[2023-05-30T10:07:05.098+0000] {processor.py:809} INFO - DAG(s) dict_keys(['example_sla_dag']) retrieved from /home/airflow/.local/lib/python3.7/site-packages/airflow/example_dags/example_sla_dag.py
[2023-05-30T10:07:05.126+0000] {logging_mixin.py:149} INFO - [2023-05-30T10:07:05.125+0000] {dag.py:2726} INFO - Sync 1 DAGs
[2023-05-30T10:07:05.161+0000] {logging_mixin.py:149} INFO - [2023-05-30T10:07:05.161+0000] {dag.py:3490} INFO - Setting next_dagrun for example_sla_dag to 2023-05-30T10:04:00+00:00, run_after=2023-05-30T10:06:00+00:00
[2023-05-30T10:07:05.188+0000] {processor.py:178} INFO - Processing /home/airflow/.local/lib/python3.7/site-packages/airflow/example_dags/example_sla_dag.py took 0.107 seconds
[2023-05-30T10:07:35.697+0000] {processor.py:156} INFO - Started process (PID=179) to work on /home/airflow/.local/lib/python3.7/site-packages/airflow/example_dags/example_sla_dag.py
[2023-05-30T10:07:35.699+0000] {processor.py:799} INFO - Processing file /home/airflow/.local/lib/python3.7/site-packages/airflow/example_dags/example_sla_dag.py for tasks to queue
[2023-05-30T10:07:35.699+0000] {logging_mixin.py:149} INFO - [2023-05-30T10:07:35.699+0000] {dagbag.py:541} INFO - Filling up the DagBag from /home/airflow/.local/lib/python3.7/site-packages/airflow/example_dags/example_sla_dag.py
[2023-05-30T10:07:35.709+0000] {processor.py:809} INFO - DAG(s) dict_keys(['example_sla_dag']) retrieved from /home/airflow/.local/lib/python3.7/site-packages/airflow/example_dags/example_sla_dag.py
[2023-05-30T10:07:35.737+0000] {logging_mixin.py:149} INFO - [2023-05-30T10:07:35.737+0000] {dag.py:2726} INFO - Sync 1 DAGs
[2023-05-30T10:07:35.772+0000] {logging_mixin.py:149} INFO - [2023-05-30T10:07:35.772+0000] {dag.py:3490} INFO - Setting next_dagrun for example_sla_dag to 2023-05-30T10:04:00+00:00, run_after=2023-05-30T10:06:00+00:00
[2023-05-30T10:07:35.793+0000] {processor.py:178} INFO - Processing /home/airflow/.local/lib/python3.7/site-packages/airflow/example_dags/example_sla_dag.py took 0.099 seconds
[2023-05-30T10:08:06.094+0000] {processor.py:156} INFO - Started process (PID=236) to work on /home/airflow/.local/lib/python3.7/site-packages/airflow/example_dags/example_sla_dag.py
[2023-05-30T10:08:06.095+0000] {processor.py:799} INFO - Processing file /home/airflow/.local/lib/python3.7/site-packages/airflow/example_dags/example_sla_dag.py for tasks to queue
[2023-05-30T10:08:06.095+0000] {logging_mixin.py:149} INFO - [2023-05-30T10:08:06.095+0000] {dagbag.py:541} INFO - Filling up the DagBag from /home/airflow/.local/lib/python3.7/site-packages/airflow/example_dags/example_sla_dag.py
[2023-05-30T10:08:06.115+0000] {processor.py:809} INFO - DAG(s) dict_keys(['example_sla_dag']) retrieved from /home/airflow/.local/lib/python3.7/site-packages/airflow/example_dags/example_sla_dag.py
[2023-05-30T10:08:06.145+0000] {logging_mixin.py:149} INFO - [2023-05-30T10:08:06.145+0000] {dag.py:2726} INFO - Sync 1 DAGs
[2023-05-30T10:08:06.182+0000] {logging_mixin.py:149} INFO - [2023-05-30T10:08:06.182+0000] {dag.py:3490} INFO - Setting next_dagrun for example_sla_dag to 2023-05-30T10:06:00+00:00, run_after=2023-05-30T10:08:00+00:00
[2023-05-30T10:08:06.202+0000] {processor.py:178} INFO - Processing /home/airflow/.local/lib/python3.7/site-packages/airflow/example_dags/example_sla_dag.py took 0.112 seconds
[2023-05-30T10:08:36.739+0000] {processor.py:156} INFO - Started process (PID=294) to work on /home/airflow/.local/lib/python3.7/site-packages/airflow/example_dags/example_sla_dag.py
[2023-05-30T10:08:36.741+0000] {processor.py:799} INFO - Processing file /home/airflow/.local/lib/python3.7/site-packages/airflow/example_dags/example_sla_dag.py for tasks to queue
[2023-05-30T10:08:36.742+0000] {logging_mixin.py:149} INFO - [2023-05-30T10:08:36.741+0000] {dagbag.py:541} INFO - Filling up the DagBag from /home/airflow/.local/lib/python3.7/site-packages/airflow/example_dags/example_sla_dag.py
[2023-05-30T10:08:36.751+0000] {processor.py:809} INFO - DAG(s) dict_keys(['example_sla_dag']) retrieved from /home/airflow/.local/lib/python3.7/site-packages/airflow/example_dags/example_sla_dag.py
[2023-05-30T10:08:36.779+0000] {logging_mixin.py:149} INFO - [2023-05-30T10:08:36.779+0000] {dag.py:2726} INFO - Sync 1 DAGs
[2023-05-30T10:08:36.814+0000] {logging_mixin.py:149} INFO - [2023-05-30T10:08:36.814+0000] {dag.py:3490} INFO - Setting next_dagrun for example_sla_dag to 2023-05-30T10:06:00+00:00, run_after=2023-05-30T10:08:00+00:00
[2023-05-30T10:08:36.834+0000] {processor.py:178} INFO - Processing /home/airflow/.local/lib/python3.7/site-packages/airflow/example_dags/example_sla_dag.py took 0.099 seconds
[2023-05-30T10:09:07.122+0000] {processor.py:156} INFO - Started process (PID=351) to work on /home/airflow/.local/lib/python3.7/site-packages/airflow/example_dags/example_sla_dag.py
[2023-05-30T10:09:07.123+0000] {processor.py:799} INFO - Processing file /home/airflow/.local/lib/python3.7/site-packages/airflow/example_dags/example_sla_dag.py for tasks to queue
[2023-05-30T10:09:07.123+0000] {logging_mixin.py:149} INFO - [2023-05-30T10:09:07.123+0000] {dagbag.py:541} INFO - Filling up the DagBag from /home/airflow/.local/lib/python3.7/site-packages/airflow/example_dags/example_sla_dag.py
[2023-05-30T10:09:07.133+0000] {processor.py:809} INFO - DAG(s) dict_keys(['example_sla_dag']) retrieved from /home/airflow/.local/lib/python3.7/site-packages/airflow/example_dags/example_sla_dag.py
[2023-05-30T10:09:07.163+0000] {logging_mixin.py:149} INFO - [2023-05-30T10:09:07.163+0000] {dag.py:2726} INFO - Sync 1 DAGs
[2023-05-30T10:09:07.200+0000] {logging_mixin.py:149} INFO - [2023-05-30T10:09:07.200+0000] {dag.py:3490} INFO - Setting next_dagrun for example_sla_dag to 2023-05-30T10:06:00+00:00, run_after=2023-05-30T10:08:00+00:00
[2023-05-30T10:09:07.220+0000] {processor.py:178} INFO - Processing /home/airflow/.local/lib/python3.7/site-packages/airflow/example_dags/example_sla_dag.py took 0.101 seconds
[2023-05-30T10:09:37.796+0000] {processor.py:156} INFO - Started process (PID=408) to work on /home/airflow/.local/lib/python3.7/site-packages/airflow/example_dags/example_sla_dag.py
[2023-05-30T10:09:37.798+0000] {processor.py:799} INFO - Processing file /home/airflow/.local/lib/python3.7/site-packages/airflow/example_dags/example_sla_dag.py for tasks to queue
[2023-05-30T10:09:37.799+0000] {logging_mixin.py:149} INFO - [2023-05-30T10:09:37.799+0000] {dagbag.py:541} INFO - Filling up the DagBag from /home/airflow/.local/lib/python3.7/site-packages/airflow/example_dags/example_sla_dag.py
[2023-05-30T10:09:37.809+0000] {processor.py:809} INFO - DAG(s) dict_keys(['example_sla_dag']) retrieved from /home/airflow/.local/lib/python3.7/site-packages/airflow/example_dags/example_sla_dag.py
[2023-05-30T10:09:37.837+0000] {logging_mixin.py:149} INFO - [2023-05-30T10:09:37.837+0000] {dag.py:2726} INFO - Sync 1 DAGs
[2023-05-30T10:09:37.872+0000] {logging_mixin.py:149} INFO - [2023-05-30T10:09:37.871+0000] {dag.py:3490} INFO - Setting next_dagrun for example_sla_dag to 2023-05-30T10:06:00+00:00, run_after=2023-05-30T10:08:00+00:00
[2023-05-30T10:09:37.893+0000] {processor.py:178} INFO - Processing /home/airflow/.local/lib/python3.7/site-packages/airflow/example_dags/example_sla_dag.py took 0.100 seconds
[2023-05-30T10:10:08.054+0000] {processor.py:156} INFO - Started process (PID=465) to work on /home/airflow/.local/lib/python3.7/site-packages/airflow/example_dags/example_sla_dag.py
[2023-05-30T10:10:08.055+0000] {processor.py:799} INFO - Processing file /home/airflow/.local/lib/python3.7/site-packages/airflow/example_dags/example_sla_dag.py for tasks to queue
[2023-05-30T10:10:08.055+0000] {logging_mixin.py:149} INFO - [2023-05-30T10:10:08.055+0000] {dagbag.py:541} INFO - Filling up the DagBag from /home/airflow/.local/lib/python3.7/site-packages/airflow/example_dags/example_sla_dag.py
[2023-05-30T10:10:08.065+0000] {processor.py:809} INFO - DAG(s) dict_keys(['example_sla_dag']) retrieved from /home/airflow/.local/lib/python3.7/site-packages/airflow/example_dags/example_sla_dag.py
[2023-05-30T10:10:08.095+0000] {logging_mixin.py:149} INFO - [2023-05-30T10:10:08.095+0000] {dag.py:2726} INFO - Sync 1 DAGs
[2023-05-30T10:10:08.131+0000] {logging_mixin.py:149} INFO - [2023-05-30T10:10:08.131+0000] {dag.py:3490} INFO - Setting next_dagrun for example_sla_dag to 2023-05-30T10:08:00+00:00, run_after=2023-05-30T10:10:00+00:00
[2023-05-30T10:10:08.158+0000] {processor.py:178} INFO - Processing /home/airflow/.local/lib/python3.7/site-packages/airflow/example_dags/example_sla_dag.py took 0.108 seconds
[2023-05-30T10:10:39.032+0000] {processor.py:156} INFO - Started process (PID=522) to work on /home/airflow/.local/lib/python3.7/site-packages/airflow/example_dags/example_sla_dag.py
[2023-05-30T10:10:39.033+0000] {processor.py:799} INFO - Processing file /home/airflow/.local/lib/python3.7/site-packages/airflow/example_dags/example_sla_dag.py for tasks to queue
[2023-05-30T10:10:39.034+0000] {logging_mixin.py:149} INFO - [2023-05-30T10:10:39.034+0000] {dagbag.py:541} INFO - Filling up the DagBag from /home/airflow/.local/lib/python3.7/site-packages/airflow/example_dags/example_sla_dag.py
[2023-05-30T10:10:39.044+0000] {processor.py:809} INFO - DAG(s) dict_keys(['example_sla_dag']) retrieved from /home/airflow/.local/lib/python3.7/site-packages/airflow/example_dags/example_sla_dag.py
[2023-05-30T10:10:39.075+0000] {logging_mixin.py:149} INFO - [2023-05-30T10:10:39.075+0000] {dag.py:2726} INFO - Sync 1 DAGs
[2023-05-30T10:10:39.112+0000] {logging_mixin.py:149} INFO - [2023-05-30T10:10:39.112+0000] {dag.py:3490} INFO - Setting next_dagrun for example_sla_dag to 2023-05-30T10:08:00+00:00, run_after=2023-05-30T10:10:00+00:00
[2023-05-30T10:10:39.132+0000] {processor.py:178} INFO - Processing /home/airflow/.local/lib/python3.7/site-packages/airflow/example_dags/example_sla_dag.py took 0.104 seconds
[2023-05-30T10:11:09.759+0000] {processor.py:156} INFO - Started process (PID=579) to work on /home/airflow/.local/lib/python3.7/site-packages/airflow/example_dags/example_sla_dag.py
[2023-05-30T10:11:09.760+0000] {processor.py:799} INFO - Processing file /home/airflow/.local/lib/python3.7/site-packages/airflow/example_dags/example_sla_dag.py for tasks to queue
[2023-05-30T10:11:09.761+0000] {logging_mixin.py:149} INFO - [2023-05-30T10:11:09.761+0000] {dagbag.py:541} INFO - Filling up the DagBag from /home/airflow/.local/lib/python3.7/site-packages/airflow/example_dags/example_sla_dag.py
[2023-05-30T10:11:09.770+0000] {processor.py:809} INFO - DAG(s) dict_keys(['example_sla_dag']) retrieved from /home/airflow/.local/lib/python3.7/site-packages/airflow/example_dags/example_sla_dag.py
[2023-05-30T10:11:09.797+0000] {logging_mixin.py:149} INFO - [2023-05-30T10:11:09.797+0000] {dag.py:2726} INFO - Sync 1 DAGs
[2023-05-30T10:11:09.833+0000] {logging_mixin.py:149} INFO - [2023-05-30T10:11:09.833+0000] {dag.py:3490} INFO - Setting next_dagrun for example_sla_dag to 2023-05-30T10:08:00+00:00, run_after=2023-05-30T10:10:00+00:00
[2023-05-30T10:11:09.853+0000] {processor.py:178} INFO - Processing /home/airflow/.local/lib/python3.7/site-packages/airflow/example_dags/example_sla_dag.py took 0.098 seconds
[2023-05-30T10:11:40.344+0000] {processor.py:156} INFO - Started process (PID=635) to work on /home/airflow/.local/lib/python3.7/site-packages/airflow/example_dags/example_sla_dag.py
[2023-05-30T10:11:40.352+0000] {processor.py:799} INFO - Processing file /home/airflow/.local/lib/python3.7/site-packages/airflow/example_dags/example_sla_dag.py for tasks to queue
[2023-05-30T10:11:40.353+0000] {logging_mixin.py:149} INFO - [2023-05-30T10:11:40.353+0000] {dagbag.py:541} INFO - Filling up the DagBag from /home/airflow/.local/lib/python3.7/site-packages/airflow/example_dags/example_sla_dag.py
[2023-05-30T10:11:40.368+0000] {processor.py:809} INFO - DAG(s) dict_keys(['example_sla_dag']) retrieved from /home/airflow/.local/lib/python3.7/site-packages/airflow/example_dags/example_sla_dag.py
[2023-05-30T10:11:40.432+0000] {logging_mixin.py:149} INFO - [2023-05-30T10:11:40.431+0000] {dag.py:2726} INFO - Sync 1 DAGs
[2023-05-30T10:11:40.503+0000] {logging_mixin.py:149} INFO - [2023-05-30T10:11:40.503+0000] {dag.py:3490} INFO - Setting next_dagrun for example_sla_dag to 2023-05-30T10:08:00+00:00, run_after=2023-05-30T10:10:00+00:00
[2023-05-30T10:11:40.565+0000] {processor.py:178} INFO - Processing /home/airflow/.local/lib/python3.7/site-packages/airflow/example_dags/example_sla_dag.py took 0.224 seconds
[2023-05-30T10:12:11.165+0000] {processor.py:156} INFO - Started process (PID=692) to work on /home/airflow/.local/lib/python3.7/site-packages/airflow/example_dags/example_sla_dag.py
[2023-05-30T10:12:11.166+0000] {processor.py:799} INFO - Processing file /home/airflow/.local/lib/python3.7/site-packages/airflow/example_dags/example_sla_dag.py for tasks to queue
[2023-05-30T10:12:11.168+0000] {logging_mixin.py:149} INFO - [2023-05-30T10:12:11.168+0000] {dagbag.py:541} INFO - Filling up the DagBag from /home/airflow/.local/lib/python3.7/site-packages/airflow/example_dags/example_sla_dag.py
[2023-05-30T10:12:11.180+0000] {processor.py:809} INFO - DAG(s) dict_keys(['example_sla_dag']) retrieved from /home/airflow/.local/lib/python3.7/site-packages/airflow/example_dags/example_sla_dag.py
[2023-05-30T10:12:11.216+0000] {logging_mixin.py:149} INFO - [2023-05-30T10:12:11.215+0000] {dag.py:2726} INFO - Sync 1 DAGs
[2023-05-30T10:12:11.254+0000] {logging_mixin.py:149} INFO - [2023-05-30T10:12:11.254+0000] {dag.py:3490} INFO - Setting next_dagrun for example_sla_dag to 2023-05-30T10:10:00+00:00, run_after=2023-05-30T10:12:00+00:00
[2023-05-30T10:12:11.276+0000] {processor.py:178} INFO - Processing /home/airflow/.local/lib/python3.7/site-packages/airflow/example_dags/example_sla_dag.py took 0.116 seconds
[2023-05-30T10:12:41.982+0000] {processor.py:156} INFO - Started process (PID=748) to work on /home/airflow/.local/lib/python3.7/site-packages/airflow/example_dags/example_sla_dag.py
[2023-05-30T10:12:41.983+0000] {processor.py:799} INFO - Processing file /home/airflow/.local/lib/python3.7/site-packages/airflow/example_dags/example_sla_dag.py for tasks to queue
[2023-05-30T10:12:41.984+0000] {logging_mixin.py:149} INFO - [2023-05-30T10:12:41.984+0000] {dagbag.py:541} INFO - Filling up the DagBag from /home/airflow/.local/lib/python3.7/site-packages/airflow/example_dags/example_sla_dag.py
[2023-05-30T10:12:41.995+0000] {processor.py:809} INFO - DAG(s) dict_keys(['example_sla_dag']) retrieved from /home/airflow/.local/lib/python3.7/site-packages/airflow/example_dags/example_sla_dag.py
[2023-05-30T10:12:42.024+0000] {logging_mixin.py:149} INFO - [2023-05-30T10:12:42.024+0000] {dag.py:2726} INFO - Sync 1 DAGs
[2023-05-30T10:12:42.062+0000] {logging_mixin.py:149} INFO - [2023-05-30T10:12:42.062+0000] {dag.py:3490} INFO - Setting next_dagrun for example_sla_dag to 2023-05-30T10:10:00+00:00, run_after=2023-05-30T10:12:00+00:00
[2023-05-30T10:12:42.083+0000] {processor.py:178} INFO - Processing /home/airflow/.local/lib/python3.7/site-packages/airflow/example_dags/example_sla_dag.py took 0.105 seconds
[2023-05-30T10:13:12.801+0000] {processor.py:156} INFO - Started process (PID=805) to work on /home/airflow/.local/lib/python3.7/site-packages/airflow/example_dags/example_sla_dag.py
[2023-05-30T10:13:12.802+0000] {processor.py:799} INFO - Processing file /home/airflow/.local/lib/python3.7/site-packages/airflow/example_dags/example_sla_dag.py for tasks to queue
[2023-05-30T10:13:12.802+0000] {logging_mixin.py:149} INFO - [2023-05-30T10:13:12.802+0000] {dagbag.py:541} INFO - Filling up the DagBag from /home/airflow/.local/lib/python3.7/site-packages/airflow/example_dags/example_sla_dag.py
[2023-05-30T10:13:12.812+0000] {processor.py:809} INFO - DAG(s) dict_keys(['example_sla_dag']) retrieved from /home/airflow/.local/lib/python3.7/site-packages/airflow/example_dags/example_sla_dag.py
[2023-05-30T10:13:12.841+0000] {logging_mixin.py:149} INFO - [2023-05-30T10:13:12.841+0000] {dag.py:2726} INFO - Sync 1 DAGs
[2023-05-30T10:13:12.882+0000] {logging_mixin.py:149} INFO - [2023-05-30T10:13:12.881+0000] {dag.py:3490} INFO - Setting next_dagrun for example_sla_dag to 2023-05-30T10:10:00+00:00, run_after=2023-05-30T10:12:00+00:00
[2023-05-30T10:13:12.906+0000] {processor.py:178} INFO - Processing /home/airflow/.local/lib/python3.7/site-packages/airflow/example_dags/example_sla_dag.py took 0.109 seconds
[2023-05-30T10:13:43.149+0000] {processor.py:156} INFO - Started process (PID=862) to work on /home/airflow/.local/lib/python3.7/site-packages/airflow/example_dags/example_sla_dag.py
[2023-05-30T10:13:43.150+0000] {processor.py:799} INFO - Processing file /home/airflow/.local/lib/python3.7/site-packages/airflow/example_dags/example_sla_dag.py for tasks to queue
[2023-05-30T10:13:43.151+0000] {logging_mixin.py:149} INFO - [2023-05-30T10:13:43.151+0000] {dagbag.py:541} INFO - Filling up the DagBag from /home/airflow/.local/lib/python3.7/site-packages/airflow/example_dags/example_sla_dag.py
[2023-05-30T10:13:43.161+0000] {processor.py:809} INFO - DAG(s) dict_keys(['example_sla_dag']) retrieved from /home/airflow/.local/lib/python3.7/site-packages/airflow/example_dags/example_sla_dag.py
[2023-05-30T10:13:43.188+0000] {logging_mixin.py:149} INFO - [2023-05-30T10:13:43.188+0000] {dag.py:2726} INFO - Sync 1 DAGs
[2023-05-30T10:13:43.222+0000] {logging_mixin.py:149} INFO - [2023-05-30T10:13:43.222+0000] {dag.py:3490} INFO - Setting next_dagrun for example_sla_dag to 2023-05-30T10:10:00+00:00, run_after=2023-05-30T10:12:00+00:00
[2023-05-30T10:13:43.246+0000] {processor.py:178} INFO - Processing /home/airflow/.local/lib/python3.7/site-packages/airflow/example_dags/example_sla_dag.py took 0.100 seconds
[2023-05-30T10:14:14.263+0000] {processor.py:156} INFO - Started process (PID=925) to work on /home/airflow/.local/lib/python3.7/site-packages/airflow/example_dags/example_sla_dag.py
[2023-05-30T10:14:14.270+0000] {processor.py:799} INFO - Processing file /home/airflow/.local/lib/python3.7/site-packages/airflow/example_dags/example_sla_dag.py for tasks to queue
[2023-05-30T10:14:14.271+0000] {logging_mixin.py:149} INFO - [2023-05-30T10:14:14.271+0000] {dagbag.py:541} INFO - Filling up the DagBag from /home/airflow/.local/lib/python3.7/site-packages/airflow/example_dags/example_sla_dag.py
[2023-05-30T10:14:14.289+0000] {processor.py:809} INFO - DAG(s) dict_keys(['example_sla_dag']) retrieved from /home/airflow/.local/lib/python3.7/site-packages/airflow/example_dags/example_sla_dag.py
[2023-05-30T10:14:14.338+0000] {logging_mixin.py:149} INFO - [2023-05-30T10:14:14.337+0000] {dag.py:2726} INFO - Sync 1 DAGs
[2023-05-30T10:14:14.373+0000] {logging_mixin.py:149} INFO - [2023-05-30T10:14:14.372+0000] {dag.py:3490} INFO - Setting next_dagrun for example_sla_dag to 2023-05-30T10:12:00+00:00, run_after=2023-05-30T10:14:00+00:00
[2023-05-30T10:14:14.393+0000] {processor.py:178} INFO - Processing /home/airflow/.local/lib/python3.7/site-packages/airflow/example_dags/example_sla_dag.py took 0.134 seconds
[2023-05-30T10:14:45.148+0000] {processor.py:156} INFO - Started process (PID=983) to work on /home/airflow/.local/lib/python3.7/site-packages/airflow/example_dags/example_sla_dag.py
[2023-05-30T10:14:45.150+0000] {processor.py:799} INFO - Processing file /home/airflow/.local/lib/python3.7/site-packages/airflow/example_dags/example_sla_dag.py for tasks to queue
[2023-05-30T10:14:45.150+0000] {logging_mixin.py:149} INFO - [2023-05-30T10:14:45.150+0000] {dagbag.py:541} INFO - Filling up the DagBag from /home/airflow/.local/lib/python3.7/site-packages/airflow/example_dags/example_sla_dag.py
[2023-05-30T10:14:45.160+0000] {processor.py:809} INFO - DAG(s) dict_keys(['example_sla_dag']) retrieved from /home/airflow/.local/lib/python3.7/site-packages/airflow/example_dags/example_sla_dag.py
[2023-05-30T10:14:45.187+0000] {logging_mixin.py:149} INFO - [2023-05-30T10:14:45.187+0000] {dag.py:2726} INFO - Sync 1 DAGs
[2023-05-30T10:14:45.222+0000] {logging_mixin.py:149} INFO - [2023-05-30T10:14:45.222+0000] {dag.py:3490} INFO - Setting next_dagrun for example_sla_dag to 2023-05-30T10:12:00+00:00, run_after=2023-05-30T10:14:00+00:00
[2023-05-30T10:14:45.242+0000] {processor.py:178} INFO - Processing /home/airflow/.local/lib/python3.7/site-packages/airflow/example_dags/example_sla_dag.py took 0.097 seconds
[2023-05-30T10:15:15.831+0000] {processor.py:156} INFO - Started process (PID=1040) to work on /home/airflow/.local/lib/python3.7/site-packages/airflow/example_dags/example_sla_dag.py
[2023-05-30T10:15:15.832+0000] {processor.py:799} INFO - Processing file /home/airflow/.local/lib/python3.7/site-packages/airflow/example_dags/example_sla_dag.py for tasks to queue
[2023-05-30T10:15:15.833+0000] {logging_mixin.py:149} INFO - [2023-05-30T10:15:15.833+0000] {dagbag.py:541} INFO - Filling up the DagBag from /home/airflow/.local/lib/python3.7/site-packages/airflow/example_dags/example_sla_dag.py
[2023-05-30T10:15:15.842+0000] {processor.py:809} INFO - DAG(s) dict_keys(['example_sla_dag']) retrieved from /home/airflow/.local/lib/python3.7/site-packages/airflow/example_dags/example_sla_dag.py
[2023-05-30T10:15:15.870+0000] {logging_mixin.py:149} INFO - [2023-05-30T10:15:15.870+0000] {dag.py:2726} INFO - Sync 1 DAGs
[2023-05-30T10:15:15.906+0000] {logging_mixin.py:149} INFO - [2023-05-30T10:15:15.906+0000] {dag.py:3490} INFO - Setting next_dagrun for example_sla_dag to 2023-05-30T10:12:00+00:00, run_after=2023-05-30T10:14:00+00:00
[2023-05-30T10:15:15.926+0000] {processor.py:178} INFO - Processing /home/airflow/.local/lib/python3.7/site-packages/airflow/example_dags/example_sla_dag.py took 0.099 seconds
[2023-05-30T10:15:46.908+0000] {processor.py:156} INFO - Started process (PID=1097) to work on /home/airflow/.local/lib/python3.7/site-packages/airflow/example_dags/example_sla_dag.py
[2023-05-30T10:15:46.909+0000] {processor.py:799} INFO - Processing file /home/airflow/.local/lib/python3.7/site-packages/airflow/example_dags/example_sla_dag.py for tasks to queue
[2023-05-30T10:15:46.909+0000] {logging_mixin.py:149} INFO - [2023-05-30T10:15:46.909+0000] {dagbag.py:541} INFO - Filling up the DagBag from /home/airflow/.local/lib/python3.7/site-packages/airflow/example_dags/example_sla_dag.py
[2023-05-30T10:15:46.925+0000] {processor.py:809} INFO - DAG(s) dict_keys(['example_sla_dag']) retrieved from /home/airflow/.local/lib/python3.7/site-packages/airflow/example_dags/example_sla_dag.py
[2023-05-30T10:15:46.984+0000] {logging_mixin.py:149} INFO - [2023-05-30T10:15:46.984+0000] {dag.py:2726} INFO - Sync 1 DAGs
[2023-05-30T10:15:47.069+0000] {logging_mixin.py:149} INFO - [2023-05-30T10:15:47.069+0000] {dag.py:3490} INFO - Setting next_dagrun for example_sla_dag to 2023-05-30T10:12:00+00:00, run_after=2023-05-30T10:14:00+00:00
[2023-05-30T10:15:47.106+0000] {processor.py:178} INFO - Processing /home/airflow/.local/lib/python3.7/site-packages/airflow/example_dags/example_sla_dag.py took 0.210 seconds
[2023-05-30T10:16:17.649+0000] {processor.py:156} INFO - Started process (PID=1155) to work on /home/airflow/.local/lib/python3.7/site-packages/airflow/example_dags/example_sla_dag.py
[2023-05-30T10:16:17.650+0000] {processor.py:799} INFO - Processing file /home/airflow/.local/lib/python3.7/site-packages/airflow/example_dags/example_sla_dag.py for tasks to queue
[2023-05-30T10:16:17.650+0000] {logging_mixin.py:149} INFO - [2023-05-30T10:16:17.650+0000] {dagbag.py:541} INFO - Filling up the DagBag from /home/airflow/.local/lib/python3.7/site-packages/airflow/example_dags/example_sla_dag.py
[2023-05-30T10:16:17.660+0000] {processor.py:809} INFO - DAG(s) dict_keys(['example_sla_dag']) retrieved from /home/airflow/.local/lib/python3.7/site-packages/airflow/example_dags/example_sla_dag.py
[2023-05-30T10:16:17.695+0000] {logging_mixin.py:149} INFO - [2023-05-30T10:16:17.695+0000] {dag.py:2726} INFO - Sync 1 DAGs
[2023-05-30T10:16:17.765+0000] {logging_mixin.py:149} INFO - [2023-05-30T10:16:17.765+0000] {dag.py:3490} INFO - Setting next_dagrun for example_sla_dag to 2023-05-30T10:14:00+00:00, run_after=2023-05-30T10:16:00+00:00
[2023-05-30T10:16:17.810+0000] {processor.py:178} INFO - Processing /home/airflow/.local/lib/python3.7/site-packages/airflow/example_dags/example_sla_dag.py took 0.177 seconds
[2023-05-30T10:16:47.969+0000] {processor.py:156} INFO - Started process (PID=1212) to work on /home/airflow/.local/lib/python3.7/site-packages/airflow/example_dags/example_sla_dag.py
[2023-05-30T10:16:47.970+0000] {processor.py:799} INFO - Processing file /home/airflow/.local/lib/python3.7/site-packages/airflow/example_dags/example_sla_dag.py for tasks to queue
[2023-05-30T10:16:47.971+0000] {logging_mixin.py:149} INFO - [2023-05-30T10:16:47.971+0000] {dagbag.py:541} INFO - Filling up the DagBag from /home/airflow/.local/lib/python3.7/site-packages/airflow/example_dags/example_sla_dag.py
[2023-05-30T10:16:47.981+0000] {processor.py:809} INFO - DAG(s) dict_keys(['example_sla_dag']) retrieved from /home/airflow/.local/lib/python3.7/site-packages/airflow/example_dags/example_sla_dag.py
[2023-05-30T10:16:48.010+0000] {logging_mixin.py:149} INFO - [2023-05-30T10:16:48.010+0000] {dag.py:2726} INFO - Sync 1 DAGs
[2023-05-30T10:16:48.047+0000] {logging_mixin.py:149} INFO - [2023-05-30T10:16:48.047+0000] {dag.py:3490} INFO - Setting next_dagrun for example_sla_dag to 2023-05-30T10:14:00+00:00, run_after=2023-05-30T10:16:00+00:00
[2023-05-30T10:16:48.068+0000] {processor.py:178} INFO - Processing /home/airflow/.local/lib/python3.7/site-packages/airflow/example_dags/example_sla_dag.py took 0.103 seconds
[2023-05-30T10:17:18.532+0000] {processor.py:156} INFO - Started process (PID=1268) to work on /home/airflow/.local/lib/python3.7/site-packages/airflow/example_dags/example_sla_dag.py
[2023-05-30T10:17:18.533+0000] {processor.py:799} INFO - Processing file /home/airflow/.local/lib/python3.7/site-packages/airflow/example_dags/example_sla_dag.py for tasks to queue
[2023-05-30T10:17:18.533+0000] {logging_mixin.py:149} INFO - [2023-05-30T10:17:18.533+0000] {dagbag.py:541} INFO - Filling up the DagBag from /home/airflow/.local/lib/python3.7/site-packages/airflow/example_dags/example_sla_dag.py
[2023-05-30T10:17:18.543+0000] {processor.py:809} INFO - DAG(s) dict_keys(['example_sla_dag']) retrieved from /home/airflow/.local/lib/python3.7/site-packages/airflow/example_dags/example_sla_dag.py
[2023-05-30T10:17:18.570+0000] {logging_mixin.py:149} INFO - [2023-05-30T10:17:18.569+0000] {dag.py:2726} INFO - Sync 1 DAGs
[2023-05-30T10:17:18.607+0000] {logging_mixin.py:149} INFO - [2023-05-30T10:17:18.607+0000] {dag.py:3490} INFO - Setting next_dagrun for example_sla_dag to 2023-05-30T10:14:00+00:00, run_after=2023-05-30T10:16:00+00:00
[2023-05-30T10:17:18.629+0000] {processor.py:178} INFO - Processing /home/airflow/.local/lib/python3.7/site-packages/airflow/example_dags/example_sla_dag.py took 0.101 seconds
[2023-05-30T10:17:49.421+0000] {processor.py:156} INFO - Started process (PID=1324) to work on /home/airflow/.local/lib/python3.7/site-packages/airflow/example_dags/example_sla_dag.py
[2023-05-30T10:17:49.422+0000] {processor.py:799} INFO - Processing file /home/airflow/.local/lib/python3.7/site-packages/airflow/example_dags/example_sla_dag.py for tasks to queue
[2023-05-30T10:17:49.423+0000] {logging_mixin.py:149} INFO - [2023-05-30T10:17:49.423+0000] {dagbag.py:541} INFO - Filling up the DagBag from /home/airflow/.local/lib/python3.7/site-packages/airflow/example_dags/example_sla_dag.py
[2023-05-30T10:17:49.433+0000] {processor.py:809} INFO - DAG(s) dict_keys(['example_sla_dag']) retrieved from /home/airflow/.local/lib/python3.7/site-packages/airflow/example_dags/example_sla_dag.py
[2023-05-30T10:17:49.460+0000] {logging_mixin.py:149} INFO - [2023-05-30T10:17:49.460+0000] {dag.py:2726} INFO - Sync 1 DAGs
[2023-05-30T10:17:49.495+0000] {logging_mixin.py:149} INFO - [2023-05-30T10:17:49.494+0000] {dag.py:3490} INFO - Setting next_dagrun for example_sla_dag to 2023-05-30T10:14:00+00:00, run_after=2023-05-30T10:16:00+00:00
[2023-05-30T10:17:49.515+0000] {processor.py:178} INFO - Processing /home/airflow/.local/lib/python3.7/site-packages/airflow/example_dags/example_sla_dag.py took 0.098 seconds
[2023-05-30T10:18:19.860+0000] {processor.py:156} INFO - Started process (PID=1381) to work on /home/airflow/.local/lib/python3.7/site-packages/airflow/example_dags/example_sla_dag.py
[2023-05-30T10:18:19.861+0000] {processor.py:799} INFO - Processing file /home/airflow/.local/lib/python3.7/site-packages/airflow/example_dags/example_sla_dag.py for tasks to queue
[2023-05-30T10:18:19.862+0000] {logging_mixin.py:149} INFO - [2023-05-30T10:18:19.862+0000] {dagbag.py:541} INFO - Filling up the DagBag from /home/airflow/.local/lib/python3.7/site-packages/airflow/example_dags/example_sla_dag.py
[2023-05-30T10:18:19.872+0000] {processor.py:809} INFO - DAG(s) dict_keys(['example_sla_dag']) retrieved from /home/airflow/.local/lib/python3.7/site-packages/airflow/example_dags/example_sla_dag.py
[2023-05-30T10:18:19.900+0000] {logging_mixin.py:149} INFO - [2023-05-30T10:18:19.900+0000] {dag.py:2726} INFO - Sync 1 DAGs
[2023-05-30T10:18:19.936+0000] {logging_mixin.py:149} INFO - [2023-05-30T10:18:19.936+0000] {dag.py:3490} INFO - Setting next_dagrun for example_sla_dag to 2023-05-30T10:16:00+00:00, run_after=2023-05-30T10:18:00+00:00
[2023-05-30T10:18:19.957+0000] {processor.py:178} INFO - Processing /home/airflow/.local/lib/python3.7/site-packages/airflow/example_dags/example_sla_dag.py took 0.101 seconds
[2023-05-30T10:18:50.931+0000] {processor.py:156} INFO - Started process (PID=1438) to work on /home/airflow/.local/lib/python3.7/site-packages/airflow/example_dags/example_sla_dag.py
[2023-05-30T10:18:50.932+0000] {processor.py:799} INFO - Processing file /home/airflow/.local/lib/python3.7/site-packages/airflow/example_dags/example_sla_dag.py for tasks to queue
[2023-05-30T10:18:50.933+0000] {logging_mixin.py:149} INFO - [2023-05-30T10:18:50.933+0000] {dagbag.py:541} INFO - Filling up the DagBag from /home/airflow/.local/lib/python3.7/site-packages/airflow/example_dags/example_sla_dag.py
[2023-05-30T10:18:50.943+0000] {processor.py:809} INFO - DAG(s) dict_keys(['example_sla_dag']) retrieved from /home/airflow/.local/lib/python3.7/site-packages/airflow/example_dags/example_sla_dag.py
[2023-05-30T10:18:50.971+0000] {logging_mixin.py:149} INFO - [2023-05-30T10:18:50.971+0000] {dag.py:2726} INFO - Sync 1 DAGs
[2023-05-30T10:18:51.007+0000] {logging_mixin.py:149} INFO - [2023-05-30T10:18:51.006+0000] {dag.py:3490} INFO - Setting next_dagrun for example_sla_dag to 2023-05-30T10:16:00+00:00, run_after=2023-05-30T10:18:00+00:00
[2023-05-30T10:18:51.029+0000] {processor.py:178} INFO - Processing /home/airflow/.local/lib/python3.7/site-packages/airflow/example_dags/example_sla_dag.py took 0.102 seconds
[2023-05-30T10:19:21.750+0000] {processor.py:156} INFO - Started process (PID=1494) to work on /home/airflow/.local/lib/python3.7/site-packages/airflow/example_dags/example_sla_dag.py
[2023-05-30T10:19:21.750+0000] {processor.py:799} INFO - Processing file /home/airflow/.local/lib/python3.7/site-packages/airflow/example_dags/example_sla_dag.py for tasks to queue
[2023-05-30T10:19:21.751+0000] {logging_mixin.py:149} INFO - [2023-05-30T10:19:21.751+0000] {dagbag.py:541} INFO - Filling up the DagBag from /home/airflow/.local/lib/python3.7/site-packages/airflow/example_dags/example_sla_dag.py
[2023-05-30T10:19:21.761+0000] {processor.py:809} INFO - DAG(s) dict_keys(['example_sla_dag']) retrieved from /home/airflow/.local/lib/python3.7/site-packages/airflow/example_dags/example_sla_dag.py
[2023-05-30T10:19:21.793+0000] {logging_mixin.py:149} INFO - [2023-05-30T10:19:21.793+0000] {dag.py:2726} INFO - Sync 1 DAGs
[2023-05-30T10:19:21.833+0000] {logging_mixin.py:149} INFO - [2023-05-30T10:19:21.832+0000] {dag.py:3490} INFO - Setting next_dagrun for example_sla_dag to 2023-05-30T10:16:00+00:00, run_after=2023-05-30T10:18:00+00:00
[2023-05-30T10:19:21.852+0000] {processor.py:178} INFO - Processing /home/airflow/.local/lib/python3.7/site-packages/airflow/example_dags/example_sla_dag.py took 0.107 seconds
[2023-05-30T10:19:52.901+0000] {processor.py:156} INFO - Started process (PID=1551) to work on /home/airflow/.local/lib/python3.7/site-packages/airflow/example_dags/example_sla_dag.py
[2023-05-30T10:19:52.912+0000] {processor.py:799} INFO - Processing file /home/airflow/.local/lib/python3.7/site-packages/airflow/example_dags/example_sla_dag.py for tasks to queue
[2023-05-30T10:19:52.913+0000] {logging_mixin.py:149} INFO - [2023-05-30T10:19:52.913+0000] {dagbag.py:541} INFO - Filling up the DagBag from /home/airflow/.local/lib/python3.7/site-packages/airflow/example_dags/example_sla_dag.py
[2023-05-30T10:19:52.923+0000] {processor.py:809} INFO - DAG(s) dict_keys(['example_sla_dag']) retrieved from /home/airflow/.local/lib/python3.7/site-packages/airflow/example_dags/example_sla_dag.py
[2023-05-30T10:19:52.987+0000] {logging_mixin.py:149} INFO - [2023-05-30T10:19:52.987+0000] {dag.py:2726} INFO - Sync 1 DAGs
[2023-05-30T10:19:53.032+0000] {logging_mixin.py:149} INFO - [2023-05-30T10:19:53.031+0000] {dag.py:3490} INFO - Setting next_dagrun for example_sla_dag to 2023-05-30T10:16:00+00:00, run_after=2023-05-30T10:18:00+00:00
[2023-05-30T10:19:53.083+0000] {processor.py:178} INFO - Processing /home/airflow/.local/lib/python3.7/site-packages/airflow/example_dags/example_sla_dag.py took 0.186 seconds
[2023-05-30T10:20:23.677+0000] {processor.py:156} INFO - Started process (PID=1608) to work on /home/airflow/.local/lib/python3.7/site-packages/airflow/example_dags/example_sla_dag.py
[2023-05-30T10:20:23.678+0000] {processor.py:799} INFO - Processing file /home/airflow/.local/lib/python3.7/site-packages/airflow/example_dags/example_sla_dag.py for tasks to queue
[2023-05-30T10:20:23.678+0000] {logging_mixin.py:149} INFO - [2023-05-30T10:20:23.678+0000] {dagbag.py:541} INFO - Filling up the DagBag from /home/airflow/.local/lib/python3.7/site-packages/airflow/example_dags/example_sla_dag.py
[2023-05-30T10:20:23.688+0000] {processor.py:809} INFO - DAG(s) dict_keys(['example_sla_dag']) retrieved from /home/airflow/.local/lib/python3.7/site-packages/airflow/example_dags/example_sla_dag.py
[2023-05-30T10:20:23.717+0000] {logging_mixin.py:149} INFO - [2023-05-30T10:20:23.716+0000] {dag.py:2726} INFO - Sync 1 DAGs
[2023-05-30T10:20:23.751+0000] {logging_mixin.py:149} INFO - [2023-05-30T10:20:23.751+0000] {dag.py:3490} INFO - Setting next_dagrun for example_sla_dag to 2023-05-30T10:18:00+00:00, run_after=2023-05-30T10:20:00+00:00
[2023-05-30T10:20:23.779+0000] {processor.py:178} INFO - Processing /home/airflow/.local/lib/python3.7/site-packages/airflow/example_dags/example_sla_dag.py took 0.106 seconds
[2023-05-30T10:20:54.021+0000] {processor.py:156} INFO - Started process (PID=1665) to work on /home/airflow/.local/lib/python3.7/site-packages/airflow/example_dags/example_sla_dag.py
[2023-05-30T10:20:54.021+0000] {processor.py:799} INFO - Processing file /home/airflow/.local/lib/python3.7/site-packages/airflow/example_dags/example_sla_dag.py for tasks to queue
[2023-05-30T10:20:54.022+0000] {logging_mixin.py:149} INFO - [2023-05-30T10:20:54.022+0000] {dagbag.py:541} INFO - Filling up the DagBag from /home/airflow/.local/lib/python3.7/site-packages/airflow/example_dags/example_sla_dag.py
[2023-05-30T10:20:54.032+0000] {processor.py:809} INFO - DAG(s) dict_keys(['example_sla_dag']) retrieved from /home/airflow/.local/lib/python3.7/site-packages/airflow/example_dags/example_sla_dag.py
[2023-05-30T10:20:54.059+0000] {logging_mixin.py:149} INFO - [2023-05-30T10:20:54.059+0000] {dag.py:2726} INFO - Sync 1 DAGs
[2023-05-30T10:20:54.095+0000] {logging_mixin.py:149} INFO - [2023-05-30T10:20:54.095+0000] {dag.py:3490} INFO - Setting next_dagrun for example_sla_dag to 2023-05-30T10:18:00+00:00, run_after=2023-05-30T10:20:00+00:00
[2023-05-30T10:20:54.115+0000] {processor.py:178} INFO - Processing /home/airflow/.local/lib/python3.7/site-packages/airflow/example_dags/example_sla_dag.py took 0.098 seconds
[2023-05-30T10:21:24.330+0000] {processor.py:156} INFO - Started process (PID=1722) to work on /home/airflow/.local/lib/python3.7/site-packages/airflow/example_dags/example_sla_dag.py
[2023-05-30T10:21:24.331+0000] {processor.py:799} INFO - Processing file /home/airflow/.local/lib/python3.7/site-packages/airflow/example_dags/example_sla_dag.py for tasks to queue
[2023-05-30T10:21:24.332+0000] {logging_mixin.py:149} INFO - [2023-05-30T10:21:24.332+0000] {dagbag.py:541} INFO - Filling up the DagBag from /home/airflow/.local/lib/python3.7/site-packages/airflow/example_dags/example_sla_dag.py
[2023-05-30T10:21:24.341+0000] {processor.py:809} INFO - DAG(s) dict_keys(['example_sla_dag']) retrieved from /home/airflow/.local/lib/python3.7/site-packages/airflow/example_dags/example_sla_dag.py
[2023-05-30T10:21:24.368+0000] {logging_mixin.py:149} INFO - [2023-05-30T10:21:24.368+0000] {dag.py:2726} INFO - Sync 1 DAGs
[2023-05-30T10:21:24.403+0000] {logging_mixin.py:149} INFO - [2023-05-30T10:21:24.403+0000] {dag.py:3490} INFO - Setting next_dagrun for example_sla_dag to 2023-05-30T10:18:00+00:00, run_after=2023-05-30T10:20:00+00:00
[2023-05-30T10:21:24.424+0000] {processor.py:178} INFO - Processing /home/airflow/.local/lib/python3.7/site-packages/airflow/example_dags/example_sla_dag.py took 0.098 seconds
[2023-05-30T10:21:55.087+0000] {processor.py:156} INFO - Started process (PID=1780) to work on /home/airflow/.local/lib/python3.7/site-packages/airflow/example_dags/example_sla_dag.py
[2023-05-30T10:21:55.088+0000] {processor.py:799} INFO - Processing file /home/airflow/.local/lib/python3.7/site-packages/airflow/example_dags/example_sla_dag.py for tasks to queue
[2023-05-30T10:21:55.089+0000] {logging_mixin.py:149} INFO - [2023-05-30T10:21:55.089+0000] {dagbag.py:541} INFO - Filling up the DagBag from /home/airflow/.local/lib/python3.7/site-packages/airflow/example_dags/example_sla_dag.py
[2023-05-30T10:21:55.098+0000] {processor.py:809} INFO - DAG(s) dict_keys(['example_sla_dag']) retrieved from /home/airflow/.local/lib/python3.7/site-packages/airflow/example_dags/example_sla_dag.py
[2023-05-30T10:21:55.126+0000] {logging_mixin.py:149} INFO - [2023-05-30T10:21:55.126+0000] {dag.py:2726} INFO - Sync 1 DAGs
[2023-05-30T10:21:55.161+0000] {logging_mixin.py:149} INFO - [2023-05-30T10:21:55.161+0000] {dag.py:3490} INFO - Setting next_dagrun for example_sla_dag to 2023-05-30T10:18:00+00:00, run_after=2023-05-30T10:20:00+00:00
[2023-05-30T10:21:55.181+0000] {processor.py:178} INFO - Processing /home/airflow/.local/lib/python3.7/site-packages/airflow/example_dags/example_sla_dag.py took 0.097 seconds
[2023-05-30T10:22:25.738+0000] {processor.py:156} INFO - Started process (PID=1836) to work on /home/airflow/.local/lib/python3.7/site-packages/airflow/example_dags/example_sla_dag.py
[2023-05-30T10:22:25.740+0000] {processor.py:799} INFO - Processing file /home/airflow/.local/lib/python3.7/site-packages/airflow/example_dags/example_sla_dag.py for tasks to queue
[2023-05-30T10:22:25.741+0000] {logging_mixin.py:149} INFO - [2023-05-30T10:22:25.741+0000] {dagbag.py:541} INFO - Filling up the DagBag from /home/airflow/.local/lib/python3.7/site-packages/airflow/example_dags/example_sla_dag.py
[2023-05-30T10:22:25.751+0000] {processor.py:809} INFO - DAG(s) dict_keys(['example_sla_dag']) retrieved from /home/airflow/.local/lib/python3.7/site-packages/airflow/example_dags/example_sla_dag.py
[2023-05-30T10:22:25.782+0000] {logging_mixin.py:149} INFO - [2023-05-30T10:22:25.782+0000] {dag.py:2726} INFO - Sync 1 DAGs
[2023-05-30T10:22:25.817+0000] {logging_mixin.py:149} INFO - [2023-05-30T10:22:25.817+0000] {dag.py:3490} INFO - Setting next_dagrun for example_sla_dag to 2023-05-30T10:20:00+00:00, run_after=2023-05-30T10:22:00+00:00
[2023-05-30T10:22:25.839+0000] {processor.py:178} INFO - Processing /home/airflow/.local/lib/python3.7/site-packages/airflow/example_dags/example_sla_dag.py took 0.105 seconds
[2023-05-30T10:22:56.119+0000] {processor.py:156} INFO - Started process (PID=1893) to work on /home/airflow/.local/lib/python3.7/site-packages/airflow/example_dags/example_sla_dag.py
[2023-05-30T10:22:56.120+0000] {processor.py:799} INFO - Processing file /home/airflow/.local/lib/python3.7/site-packages/airflow/example_dags/example_sla_dag.py for tasks to queue
[2023-05-30T10:22:56.121+0000] {logging_mixin.py:149} INFO - [2023-05-30T10:22:56.120+0000] {dagbag.py:541} INFO - Filling up the DagBag from /home/airflow/.local/lib/python3.7/site-packages/airflow/example_dags/example_sla_dag.py
[2023-05-30T10:22:56.130+0000] {processor.py:809} INFO - DAG(s) dict_keys(['example_sla_dag']) retrieved from /home/airflow/.local/lib/python3.7/site-packages/airflow/example_dags/example_sla_dag.py
[2023-05-30T10:22:56.158+0000] {logging_mixin.py:149} INFO - [2023-05-30T10:22:56.158+0000] {dag.py:2726} INFO - Sync 1 DAGs
[2023-05-30T10:22:56.193+0000] {logging_mixin.py:149} INFO - [2023-05-30T10:22:56.193+0000] {dag.py:3490} INFO - Setting next_dagrun for example_sla_dag to 2023-05-30T10:20:00+00:00, run_after=2023-05-30T10:22:00+00:00
[2023-05-30T10:22:56.215+0000] {processor.py:178} INFO - Processing /home/airflow/.local/lib/python3.7/site-packages/airflow/example_dags/example_sla_dag.py took 0.099 seconds
[2023-05-30T10:23:26.299+0000] {processor.py:156} INFO - Started process (PID=1950) to work on /home/airflow/.local/lib/python3.7/site-packages/airflow/example_dags/example_sla_dag.py
[2023-05-30T10:23:26.305+0000] {processor.py:799} INFO - Processing file /home/airflow/.local/lib/python3.7/site-packages/airflow/example_dags/example_sla_dag.py for tasks to queue
[2023-05-30T10:23:26.315+0000] {logging_mixin.py:149} INFO - [2023-05-30T10:23:26.306+0000] {dagbag.py:541} INFO - Filling up the DagBag from /home/airflow/.local/lib/python3.7/site-packages/airflow/example_dags/example_sla_dag.py
[2023-05-30T10:23:26.333+0000] {processor.py:809} INFO - DAG(s) dict_keys(['example_sla_dag']) retrieved from /home/airflow/.local/lib/python3.7/site-packages/airflow/example_dags/example_sla_dag.py
[2023-05-30T10:23:26.364+0000] {logging_mixin.py:149} INFO - [2023-05-30T10:23:26.364+0000] {dag.py:2726} INFO - Sync 1 DAGs
[2023-05-30T10:23:26.399+0000] {logging_mixin.py:149} INFO - [2023-05-30T10:23:26.399+0000] {dag.py:3490} INFO - Setting next_dagrun for example_sla_dag to 2023-05-30T10:20:00+00:00, run_after=2023-05-30T10:22:00+00:00
[2023-05-30T10:23:26.420+0000] {processor.py:178} INFO - Processing /home/airflow/.local/lib/python3.7/site-packages/airflow/example_dags/example_sla_dag.py took 0.125 seconds
[2023-05-30T10:23:56.455+0000] {processor.py:156} INFO - Started process (PID=2007) to work on /home/airflow/.local/lib/python3.7/site-packages/airflow/example_dags/example_sla_dag.py
[2023-05-30T10:23:56.456+0000] {processor.py:799} INFO - Processing file /home/airflow/.local/lib/python3.7/site-packages/airflow/example_dags/example_sla_dag.py for tasks to queue
[2023-05-30T10:23:56.457+0000] {logging_mixin.py:149} INFO - [2023-05-30T10:23:56.457+0000] {dagbag.py:541} INFO - Filling up the DagBag from /home/airflow/.local/lib/python3.7/site-packages/airflow/example_dags/example_sla_dag.py
[2023-05-30T10:23:56.466+0000] {processor.py:809} INFO - DAG(s) dict_keys(['example_sla_dag']) retrieved from /home/airflow/.local/lib/python3.7/site-packages/airflow/example_dags/example_sla_dag.py
[2023-05-30T10:23:56.494+0000] {logging_mixin.py:149} INFO - [2023-05-30T10:23:56.494+0000] {dag.py:2726} INFO - Sync 1 DAGs
[2023-05-30T10:23:56.529+0000] {logging_mixin.py:149} INFO - [2023-05-30T10:23:56.529+0000] {dag.py:3490} INFO - Setting next_dagrun for example_sla_dag to 2023-05-30T10:20:00+00:00, run_after=2023-05-30T10:22:00+00:00
[2023-05-30T10:23:56.549+0000] {processor.py:178} INFO - Processing /home/airflow/.local/lib/python3.7/site-packages/airflow/example_dags/example_sla_dag.py took 0.098 seconds
[2023-05-30T10:24:27.604+0000] {processor.py:156} INFO - Started process (PID=2064) to work on /home/airflow/.local/lib/python3.7/site-packages/airflow/example_dags/example_sla_dag.py
[2023-05-30T10:24:27.605+0000] {processor.py:799} INFO - Processing file /home/airflow/.local/lib/python3.7/site-packages/airflow/example_dags/example_sla_dag.py for tasks to queue
[2023-05-30T10:24:27.606+0000] {logging_mixin.py:149} INFO - [2023-05-30T10:24:27.605+0000] {dagbag.py:541} INFO - Filling up the DagBag from /home/airflow/.local/lib/python3.7/site-packages/airflow/example_dags/example_sla_dag.py
[2023-05-30T10:24:27.615+0000] {processor.py:809} INFO - DAG(s) dict_keys(['example_sla_dag']) retrieved from /home/airflow/.local/lib/python3.7/site-packages/airflow/example_dags/example_sla_dag.py
[2023-05-30T10:24:27.645+0000] {logging_mixin.py:149} INFO - [2023-05-30T10:24:27.645+0000] {dag.py:2726} INFO - Sync 1 DAGs
[2023-05-30T10:24:27.679+0000] {logging_mixin.py:149} INFO - [2023-05-30T10:24:27.679+0000] {dag.py:3490} INFO - Setting next_dagrun for example_sla_dag to 2023-05-30T10:22:00+00:00, run_after=2023-05-30T10:24:00+00:00
[2023-05-30T10:24:27.702+0000] {processor.py:178} INFO - Processing /home/airflow/.local/lib/python3.7/site-packages/airflow/example_dags/example_sla_dag.py took 0.102 seconds
[2023-05-30T10:24:57.903+0000] {processor.py:156} INFO - Started process (PID=2121) to work on /home/airflow/.local/lib/python3.7/site-packages/airflow/example_dags/example_sla_dag.py
[2023-05-30T10:24:57.903+0000] {processor.py:799} INFO - Processing file /home/airflow/.local/lib/python3.7/site-packages/airflow/example_dags/example_sla_dag.py for tasks to queue
[2023-05-30T10:24:57.904+0000] {logging_mixin.py:149} INFO - [2023-05-30T10:24:57.904+0000] {dagbag.py:541} INFO - Filling up the DagBag from /home/airflow/.local/lib/python3.7/site-packages/airflow/example_dags/example_sla_dag.py
[2023-05-30T10:24:57.914+0000] {processor.py:809} INFO - DAG(s) dict_keys(['example_sla_dag']) retrieved from /home/airflow/.local/lib/python3.7/site-packages/airflow/example_dags/example_sla_dag.py
[2023-05-30T10:24:57.941+0000] {logging_mixin.py:149} INFO - [2023-05-30T10:24:57.941+0000] {dag.py:2726} INFO - Sync 1 DAGs
[2023-05-30T10:24:57.976+0000] {logging_mixin.py:149} INFO - [2023-05-30T10:24:57.975+0000] {dag.py:3490} INFO - Setting next_dagrun for example_sla_dag to 2023-05-30T10:22:00+00:00, run_after=2023-05-30T10:24:00+00:00
[2023-05-30T10:24:57.996+0000] {processor.py:178} INFO - Processing /home/airflow/.local/lib/python3.7/site-packages/airflow/example_dags/example_sla_dag.py took 0.097 seconds
[2023-05-30T10:25:28.530+0000] {processor.py:156} INFO - Started process (PID=2178) to work on /home/airflow/.local/lib/python3.7/site-packages/airflow/example_dags/example_sla_dag.py
[2023-05-30T10:25:28.532+0000] {processor.py:799} INFO - Processing file /home/airflow/.local/lib/python3.7/site-packages/airflow/example_dags/example_sla_dag.py for tasks to queue
[2023-05-30T10:25:28.532+0000] {logging_mixin.py:149} INFO - [2023-05-30T10:25:28.532+0000] {dagbag.py:541} INFO - Filling up the DagBag from /home/airflow/.local/lib/python3.7/site-packages/airflow/example_dags/example_sla_dag.py
[2023-05-30T10:25:28.542+0000] {processor.py:809} INFO - DAG(s) dict_keys(['example_sla_dag']) retrieved from /home/airflow/.local/lib/python3.7/site-packages/airflow/example_dags/example_sla_dag.py
[2023-05-30T10:25:28.570+0000] {logging_mixin.py:149} INFO - [2023-05-30T10:25:28.570+0000] {dag.py:2726} INFO - Sync 1 DAGs
[2023-05-30T10:25:28.607+0000] {logging_mixin.py:149} INFO - [2023-05-30T10:25:28.606+0000] {dag.py:3490} INFO - Setting next_dagrun for example_sla_dag to 2023-05-30T10:22:00+00:00, run_after=2023-05-30T10:24:00+00:00
[2023-05-30T10:25:28.627+0000] {processor.py:178} INFO - Processing /home/airflow/.local/lib/python3.7/site-packages/airflow/example_dags/example_sla_dag.py took 0.101 seconds
[2023-05-30T10:25:59.523+0000] {processor.py:156} INFO - Started process (PID=2235) to work on /home/airflow/.local/lib/python3.7/site-packages/airflow/example_dags/example_sla_dag.py
[2023-05-30T10:25:59.524+0000] {processor.py:799} INFO - Processing file /home/airflow/.local/lib/python3.7/site-packages/airflow/example_dags/example_sla_dag.py for tasks to queue
[2023-05-30T10:25:59.525+0000] {logging_mixin.py:149} INFO - [2023-05-30T10:25:59.525+0000] {dagbag.py:541} INFO - Filling up the DagBag from /home/airflow/.local/lib/python3.7/site-packages/airflow/example_dags/example_sla_dag.py
[2023-05-30T10:25:59.535+0000] {processor.py:809} INFO - DAG(s) dict_keys(['example_sla_dag']) retrieved from /home/airflow/.local/lib/python3.7/site-packages/airflow/example_dags/example_sla_dag.py
[2023-05-30T10:25:59.565+0000] {logging_mixin.py:149} INFO - [2023-05-30T10:25:59.565+0000] {dag.py:2726} INFO - Sync 1 DAGs
[2023-05-30T10:25:59.612+0000] {logging_mixin.py:149} INFO - [2023-05-30T10:25:59.611+0000] {dag.py:3490} INFO - Setting next_dagrun for example_sla_dag to 2023-05-30T10:22:00+00:00, run_after=2023-05-30T10:24:00+00:00
[2023-05-30T10:25:59.639+0000] {processor.py:178} INFO - Processing /home/airflow/.local/lib/python3.7/site-packages/airflow/example_dags/example_sla_dag.py took 0.121 seconds
[2023-05-30T10:26:30.434+0000] {processor.py:156} INFO - Started process (PID=2292) to work on /home/airflow/.local/lib/python3.7/site-packages/airflow/example_dags/example_sla_dag.py
[2023-05-30T10:26:30.435+0000] {processor.py:799} INFO - Processing file /home/airflow/.local/lib/python3.7/site-packages/airflow/example_dags/example_sla_dag.py for tasks to queue
[2023-05-30T10:26:30.436+0000] {logging_mixin.py:149} INFO - [2023-05-30T10:26:30.436+0000] {dagbag.py:541} INFO - Filling up the DagBag from /home/airflow/.local/lib/python3.7/site-packages/airflow/example_dags/example_sla_dag.py
[2023-05-30T10:26:30.446+0000] {processor.py:809} INFO - DAG(s) dict_keys(['example_sla_dag']) retrieved from /home/airflow/.local/lib/python3.7/site-packages/airflow/example_dags/example_sla_dag.py
[2023-05-30T10:26:30.479+0000] {logging_mixin.py:149} INFO - [2023-05-30T10:26:30.479+0000] {dag.py:2726} INFO - Sync 1 DAGs
[2023-05-30T10:26:30.515+0000] {logging_mixin.py:149} INFO - [2023-05-30T10:26:30.515+0000] {dag.py:3490} INFO - Setting next_dagrun for example_sla_dag to 2023-05-30T10:24:00+00:00, run_after=2023-05-30T10:26:00+00:00
[2023-05-30T10:26:30.536+0000] {processor.py:178} INFO - Processing /home/airflow/.local/lib/python3.7/site-packages/airflow/example_dags/example_sla_dag.py took 0.105 seconds
[2023-05-30T10:27:01.755+0000] {processor.py:156} INFO - Started process (PID=2350) to work on /home/airflow/.local/lib/python3.7/site-packages/airflow/example_dags/example_sla_dag.py
[2023-05-30T10:27:01.756+0000] {processor.py:799} INFO - Processing file /home/airflow/.local/lib/python3.7/site-packages/airflow/example_dags/example_sla_dag.py for tasks to queue
[2023-05-30T10:27:01.757+0000] {logging_mixin.py:149} INFO - [2023-05-30T10:27:01.757+0000] {dagbag.py:541} INFO - Filling up the DagBag from /home/airflow/.local/lib/python3.7/site-packages/airflow/example_dags/example_sla_dag.py
[2023-05-30T10:27:01.791+0000] {processor.py:809} INFO - DAG(s) dict_keys(['example_sla_dag']) retrieved from /home/airflow/.local/lib/python3.7/site-packages/airflow/example_dags/example_sla_dag.py
[2023-05-30T10:27:01.915+0000] {logging_mixin.py:149} INFO - [2023-05-30T10:27:01.914+0000] {dag.py:2726} INFO - Sync 1 DAGs
[2023-05-30T10:27:02.063+0000] {logging_mixin.py:149} INFO - [2023-05-30T10:27:02.063+0000] {dag.py:3490} INFO - Setting next_dagrun for example_sla_dag to 2023-05-30T10:24:00+00:00, run_after=2023-05-30T10:26:00+00:00
[2023-05-30T10:27:02.131+0000] {processor.py:178} INFO - Processing /home/airflow/.local/lib/python3.7/site-packages/airflow/example_dags/example_sla_dag.py took 0.392 seconds
[2023-05-30T10:27:32.222+0000] {processor.py:156} INFO - Started process (PID=2408) to work on /home/airflow/.local/lib/python3.7/site-packages/airflow/example_dags/example_sla_dag.py
[2023-05-30T10:27:32.223+0000] {processor.py:799} INFO - Processing file /home/airflow/.local/lib/python3.7/site-packages/airflow/example_dags/example_sla_dag.py for tasks to queue
[2023-05-30T10:27:32.224+0000] {logging_mixin.py:149} INFO - [2023-05-30T10:27:32.224+0000] {dagbag.py:541} INFO - Filling up the DagBag from /home/airflow/.local/lib/python3.7/site-packages/airflow/example_dags/example_sla_dag.py
[2023-05-30T10:27:32.233+0000] {processor.py:809} INFO - DAG(s) dict_keys(['example_sla_dag']) retrieved from /home/airflow/.local/lib/python3.7/site-packages/airflow/example_dags/example_sla_dag.py
[2023-05-30T10:27:32.261+0000] {logging_mixin.py:149} INFO - [2023-05-30T10:27:32.261+0000] {dag.py:2726} INFO - Sync 1 DAGs
[2023-05-30T10:27:32.298+0000] {logging_mixin.py:149} INFO - [2023-05-30T10:27:32.298+0000] {dag.py:3490} INFO - Setting next_dagrun for example_sla_dag to 2023-05-30T10:24:00+00:00, run_after=2023-05-30T10:26:00+00:00
[2023-05-30T10:27:32.320+0000] {processor.py:178} INFO - Processing /home/airflow/.local/lib/python3.7/site-packages/airflow/example_dags/example_sla_dag.py took 0.102 seconds
[2023-05-30T10:28:02.502+0000] {processor.py:156} INFO - Started process (PID=2465) to work on /home/airflow/.local/lib/python3.7/site-packages/airflow/example_dags/example_sla_dag.py
[2023-05-30T10:28:02.503+0000] {processor.py:799} INFO - Processing file /home/airflow/.local/lib/python3.7/site-packages/airflow/example_dags/example_sla_dag.py for tasks to queue
[2023-05-30T10:28:02.504+0000] {logging_mixin.py:149} INFO - [2023-05-30T10:28:02.504+0000] {dagbag.py:541} INFO - Filling up the DagBag from /home/airflow/.local/lib/python3.7/site-packages/airflow/example_dags/example_sla_dag.py
[2023-05-30T10:28:02.524+0000] {processor.py:809} INFO - DAG(s) dict_keys(['example_sla_dag']) retrieved from /home/airflow/.local/lib/python3.7/site-packages/airflow/example_dags/example_sla_dag.py
[2023-05-30T10:28:02.581+0000] {logging_mixin.py:149} INFO - [2023-05-30T10:28:02.574+0000] {dag.py:2726} INFO - Sync 1 DAGs
[2023-05-30T10:28:02.647+0000] {logging_mixin.py:149} INFO - [2023-05-30T10:28:02.647+0000] {dag.py:3490} INFO - Setting next_dagrun for example_sla_dag to 2023-05-30T10:26:00+00:00, run_after=2023-05-30T10:28:00+00:00
[2023-05-30T10:28:02.688+0000] {processor.py:178} INFO - Processing /home/airflow/.local/lib/python3.7/site-packages/airflow/example_dags/example_sla_dag.py took 0.194 seconds
[2023-05-30T10:28:32.756+0000] {processor.py:156} INFO - Started process (PID=2522) to work on /home/airflow/.local/lib/python3.7/site-packages/airflow/example_dags/example_sla_dag.py
[2023-05-30T10:28:32.757+0000] {processor.py:799} INFO - Processing file /home/airflow/.local/lib/python3.7/site-packages/airflow/example_dags/example_sla_dag.py for tasks to queue
[2023-05-30T10:28:32.758+0000] {logging_mixin.py:149} INFO - [2023-05-30T10:28:32.758+0000] {dagbag.py:541} INFO - Filling up the DagBag from /home/airflow/.local/lib/python3.7/site-packages/airflow/example_dags/example_sla_dag.py
[2023-05-30T10:28:32.767+0000] {processor.py:809} INFO - DAG(s) dict_keys(['example_sla_dag']) retrieved from /home/airflow/.local/lib/python3.7/site-packages/airflow/example_dags/example_sla_dag.py
[2023-05-30T10:28:32.795+0000] {logging_mixin.py:149} INFO - [2023-05-30T10:28:32.795+0000] {dag.py:2726} INFO - Sync 1 DAGs
[2023-05-30T10:28:32.830+0000] {logging_mixin.py:149} INFO - [2023-05-30T10:28:32.830+0000] {dag.py:3490} INFO - Setting next_dagrun for example_sla_dag to 2023-05-30T10:26:00+00:00, run_after=2023-05-30T10:28:00+00:00
[2023-05-30T10:28:32.850+0000] {processor.py:178} INFO - Processing /home/airflow/.local/lib/python3.7/site-packages/airflow/example_dags/example_sla_dag.py took 0.098 seconds
[2023-05-30T10:29:02.916+0000] {processor.py:156} INFO - Started process (PID=2578) to work on /home/airflow/.local/lib/python3.7/site-packages/airflow/example_dags/example_sla_dag.py
[2023-05-30T10:29:02.917+0000] {processor.py:799} INFO - Processing file /home/airflow/.local/lib/python3.7/site-packages/airflow/example_dags/example_sla_dag.py for tasks to queue
[2023-05-30T10:29:02.918+0000] {logging_mixin.py:149} INFO - [2023-05-30T10:29:02.918+0000] {dagbag.py:541} INFO - Filling up the DagBag from /home/airflow/.local/lib/python3.7/site-packages/airflow/example_dags/example_sla_dag.py
[2023-05-30T10:29:02.937+0000] {processor.py:809} INFO - DAG(s) dict_keys(['example_sla_dag']) retrieved from /home/airflow/.local/lib/python3.7/site-packages/airflow/example_dags/example_sla_dag.py
[2023-05-30T10:29:02.972+0000] {logging_mixin.py:149} INFO - [2023-05-30T10:29:02.972+0000] {dag.py:2726} INFO - Sync 1 DAGs
[2023-05-30T10:29:03.008+0000] {logging_mixin.py:149} INFO - [2023-05-30T10:29:03.008+0000] {dag.py:3490} INFO - Setting next_dagrun for example_sla_dag to 2023-05-30T10:26:00+00:00, run_after=2023-05-30T10:28:00+00:00
[2023-05-30T10:29:03.029+0000] {processor.py:178} INFO - Processing /home/airflow/.local/lib/python3.7/site-packages/airflow/example_dags/example_sla_dag.py took 0.119 seconds
[2023-05-30T10:29:33.266+0000] {processor.py:156} INFO - Started process (PID=2635) to work on /home/airflow/.local/lib/python3.7/site-packages/airflow/example_dags/example_sla_dag.py
[2023-05-30T10:29:33.272+0000] {processor.py:799} INFO - Processing file /home/airflow/.local/lib/python3.7/site-packages/airflow/example_dags/example_sla_dag.py for tasks to queue
[2023-05-30T10:29:33.273+0000] {logging_mixin.py:149} INFO - [2023-05-30T10:29:33.273+0000] {dagbag.py:541} INFO - Filling up the DagBag from /home/airflow/.local/lib/python3.7/site-packages/airflow/example_dags/example_sla_dag.py
[2023-05-30T10:29:33.285+0000] {processor.py:809} INFO - DAG(s) dict_keys(['example_sla_dag']) retrieved from /home/airflow/.local/lib/python3.7/site-packages/airflow/example_dags/example_sla_dag.py
[2023-05-30T10:29:33.314+0000] {logging_mixin.py:149} INFO - [2023-05-30T10:29:33.313+0000] {dag.py:2726} INFO - Sync 1 DAGs
[2023-05-30T10:29:33.350+0000] {logging_mixin.py:149} INFO - [2023-05-30T10:29:33.350+0000] {dag.py:3490} INFO - Setting next_dagrun for example_sla_dag to 2023-05-30T10:26:00+00:00, run_after=2023-05-30T10:28:00+00:00
[2023-05-30T10:29:33.371+0000] {processor.py:178} INFO - Processing /home/airflow/.local/lib/python3.7/site-packages/airflow/example_dags/example_sla_dag.py took 0.114 seconds
[2023-05-30T10:30:03.694+0000] {processor.py:156} INFO - Started process (PID=2690) to work on /home/airflow/.local/lib/python3.7/site-packages/airflow/example_dags/example_sla_dag.py
[2023-05-30T10:30:03.695+0000] {processor.py:799} INFO - Processing file /home/airflow/.local/lib/python3.7/site-packages/airflow/example_dags/example_sla_dag.py for tasks to queue
[2023-05-30T10:30:03.695+0000] {logging_mixin.py:149} INFO - [2023-05-30T10:30:03.695+0000] {dagbag.py:541} INFO - Filling up the DagBag from /home/airflow/.local/lib/python3.7/site-packages/airflow/example_dags/example_sla_dag.py
[2023-05-30T10:30:03.705+0000] {processor.py:809} INFO - DAG(s) dict_keys(['example_sla_dag']) retrieved from /home/airflow/.local/lib/python3.7/site-packages/airflow/example_dags/example_sla_dag.py
[2023-05-30T10:30:03.734+0000] {logging_mixin.py:149} INFO - [2023-05-30T10:30:03.734+0000] {dag.py:2726} INFO - Sync 1 DAGs
[2023-05-30T10:30:03.774+0000] {logging_mixin.py:149} INFO - [2023-05-30T10:30:03.774+0000] {dag.py:3490} INFO - Setting next_dagrun for example_sla_dag to 2023-05-30T10:28:00+00:00, run_after=2023-05-30T10:30:00+00:00
[2023-05-30T10:30:03.803+0000] {processor.py:178} INFO - Processing /home/airflow/.local/lib/python3.7/site-packages/airflow/example_dags/example_sla_dag.py took 0.113 seconds
[2023-05-30T10:30:34.059+0000] {processor.py:156} INFO - Started process (PID=2747) to work on /home/airflow/.local/lib/python3.7/site-packages/airflow/example_dags/example_sla_dag.py
[2023-05-30T10:30:34.061+0000] {processor.py:799} INFO - Processing file /home/airflow/.local/lib/python3.7/site-packages/airflow/example_dags/example_sla_dag.py for tasks to queue
[2023-05-30T10:30:34.061+0000] {logging_mixin.py:149} INFO - [2023-05-30T10:30:34.061+0000] {dagbag.py:541} INFO - Filling up the DagBag from /home/airflow/.local/lib/python3.7/site-packages/airflow/example_dags/example_sla_dag.py
[2023-05-30T10:30:34.071+0000] {processor.py:809} INFO - DAG(s) dict_keys(['example_sla_dag']) retrieved from /home/airflow/.local/lib/python3.7/site-packages/airflow/example_dags/example_sla_dag.py
[2023-05-30T10:30:34.099+0000] {logging_mixin.py:149} INFO - [2023-05-30T10:30:34.099+0000] {dag.py:2726} INFO - Sync 1 DAGs
[2023-05-30T10:30:34.135+0000] {logging_mixin.py:149} INFO - [2023-05-30T10:30:34.135+0000] {dag.py:3490} INFO - Setting next_dagrun for example_sla_dag to 2023-05-30T10:28:00+00:00, run_after=2023-05-30T10:30:00+00:00
[2023-05-30T10:30:34.160+0000] {processor.py:178} INFO - Processing /home/airflow/.local/lib/python3.7/site-packages/airflow/example_dags/example_sla_dag.py took 0.105 seconds
[2023-05-30T10:31:04.529+0000] {processor.py:156} INFO - Started process (PID=2804) to work on /home/airflow/.local/lib/python3.7/site-packages/airflow/example_dags/example_sla_dag.py
[2023-05-30T10:31:04.530+0000] {processor.py:799} INFO - Processing file /home/airflow/.local/lib/python3.7/site-packages/airflow/example_dags/example_sla_dag.py for tasks to queue
[2023-05-30T10:31:04.531+0000] {logging_mixin.py:149} INFO - [2023-05-30T10:31:04.531+0000] {dagbag.py:541} INFO - Filling up the DagBag from /home/airflow/.local/lib/python3.7/site-packages/airflow/example_dags/example_sla_dag.py
[2023-05-30T10:31:04.541+0000] {processor.py:809} INFO - DAG(s) dict_keys(['example_sla_dag']) retrieved from /home/airflow/.local/lib/python3.7/site-packages/airflow/example_dags/example_sla_dag.py
[2023-05-30T10:31:04.569+0000] {logging_mixin.py:149} INFO - [2023-05-30T10:31:04.569+0000] {dag.py:2726} INFO - Sync 1 DAGs
[2023-05-30T10:31:04.604+0000] {logging_mixin.py:149} INFO - [2023-05-30T10:31:04.604+0000] {dag.py:3490} INFO - Setting next_dagrun for example_sla_dag to 2023-05-30T10:28:00+00:00, run_after=2023-05-30T10:30:00+00:00
[2023-05-30T10:31:04.625+0000] {processor.py:178} INFO - Processing /home/airflow/.local/lib/python3.7/site-packages/airflow/example_dags/example_sla_dag.py took 0.100 seconds
[2023-05-30T10:31:34.766+0000] {processor.py:156} INFO - Started process (PID=2861) to work on /home/airflow/.local/lib/python3.7/site-packages/airflow/example_dags/example_sla_dag.py
[2023-05-30T10:31:34.766+0000] {processor.py:799} INFO - Processing file /home/airflow/.local/lib/python3.7/site-packages/airflow/example_dags/example_sla_dag.py for tasks to queue
[2023-05-30T10:31:34.767+0000] {logging_mixin.py:149} INFO - [2023-05-30T10:31:34.767+0000] {dagbag.py:541} INFO - Filling up the DagBag from /home/airflow/.local/lib/python3.7/site-packages/airflow/example_dags/example_sla_dag.py
[2023-05-30T10:31:34.777+0000] {processor.py:809} INFO - DAG(s) dict_keys(['example_sla_dag']) retrieved from /home/airflow/.local/lib/python3.7/site-packages/airflow/example_dags/example_sla_dag.py
[2023-05-30T10:31:34.808+0000] {logging_mixin.py:149} INFO - [2023-05-30T10:31:34.808+0000] {dag.py:2726} INFO - Sync 1 DAGs
[2023-05-30T10:31:34.845+0000] {logging_mixin.py:149} INFO - [2023-05-30T10:31:34.845+0000] {dag.py:3490} INFO - Setting next_dagrun for example_sla_dag to 2023-05-30T10:28:00+00:00, run_after=2023-05-30T10:30:00+00:00
[2023-05-30T10:31:34.865+0000] {processor.py:178} INFO - Processing /home/airflow/.local/lib/python3.7/site-packages/airflow/example_dags/example_sla_dag.py took 0.103 seconds
[2023-05-30T10:32:05.551+0000] {processor.py:156} INFO - Started process (PID=2918) to work on /home/airflow/.local/lib/python3.7/site-packages/airflow/example_dags/example_sla_dag.py
[2023-05-30T10:32:05.553+0000] {processor.py:799} INFO - Processing file /home/airflow/.local/lib/python3.7/site-packages/airflow/example_dags/example_sla_dag.py for tasks to queue
[2023-05-30T10:32:05.554+0000] {logging_mixin.py:149} INFO - [2023-05-30T10:32:05.553+0000] {dagbag.py:541} INFO - Filling up the DagBag from /home/airflow/.local/lib/python3.7/site-packages/airflow/example_dags/example_sla_dag.py
[2023-05-30T10:32:05.563+0000] {processor.py:809} INFO - DAG(s) dict_keys(['example_sla_dag']) retrieved from /home/airflow/.local/lib/python3.7/site-packages/airflow/example_dags/example_sla_dag.py
[2023-05-30T10:32:05.591+0000] {logging_mixin.py:149} INFO - [2023-05-30T10:32:05.591+0000] {dag.py:2726} INFO - Sync 1 DAGs
[2023-05-30T10:32:05.628+0000] {logging_mixin.py:149} INFO - [2023-05-30T10:32:05.628+0000] {dag.py:3490} INFO - Setting next_dagrun for example_sla_dag to 2023-05-30T10:30:00+00:00, run_after=2023-05-30T10:32:00+00:00
[2023-05-30T10:32:05.652+0000] {processor.py:178} INFO - Processing /home/airflow/.local/lib/python3.7/site-packages/airflow/example_dags/example_sla_dag.py took 0.104 seconds
[2023-05-30T10:32:35.740+0000] {processor.py:156} INFO - Started process (PID=2975) to work on /home/airflow/.local/lib/python3.7/site-packages/airflow/example_dags/example_sla_dag.py
[2023-05-30T10:32:35.741+0000] {processor.py:799} INFO - Processing file /home/airflow/.local/lib/python3.7/site-packages/airflow/example_dags/example_sla_dag.py for tasks to queue
[2023-05-30T10:32:35.741+0000] {logging_mixin.py:149} INFO - [2023-05-30T10:32:35.741+0000] {dagbag.py:541} INFO - Filling up the DagBag from /home/airflow/.local/lib/python3.7/site-packages/airflow/example_dags/example_sla_dag.py
[2023-05-30T10:32:35.751+0000] {processor.py:809} INFO - DAG(s) dict_keys(['example_sla_dag']) retrieved from /home/airflow/.local/lib/python3.7/site-packages/airflow/example_dags/example_sla_dag.py
[2023-05-30T10:32:35.781+0000] {logging_mixin.py:149} INFO - [2023-05-30T10:32:35.781+0000] {dag.py:2726} INFO - Sync 1 DAGs
[2023-05-30T10:32:35.816+0000] {logging_mixin.py:149} INFO - [2023-05-30T10:32:35.816+0000] {dag.py:3490} INFO - Setting next_dagrun for example_sla_dag to 2023-05-30T10:30:00+00:00, run_after=2023-05-30T10:32:00+00:00
[2023-05-30T10:32:35.837+0000] {processor.py:178} INFO - Processing /home/airflow/.local/lib/python3.7/site-packages/airflow/example_dags/example_sla_dag.py took 0.101 seconds
[2023-05-30T10:33:06.519+0000] {processor.py:156} INFO - Started process (PID=3032) to work on /home/airflow/.local/lib/python3.7/site-packages/airflow/example_dags/example_sla_dag.py
[2023-05-30T10:33:06.521+0000] {processor.py:799} INFO - Processing file /home/airflow/.local/lib/python3.7/site-packages/airflow/example_dags/example_sla_dag.py for tasks to queue
[2023-05-30T10:33:06.522+0000] {logging_mixin.py:149} INFO - [2023-05-30T10:33:06.521+0000] {dagbag.py:541} INFO - Filling up the DagBag from /home/airflow/.local/lib/python3.7/site-packages/airflow/example_dags/example_sla_dag.py
[2023-05-30T10:33:06.531+0000] {processor.py:809} INFO - DAG(s) dict_keys(['example_sla_dag']) retrieved from /home/airflow/.local/lib/python3.7/site-packages/airflow/example_dags/example_sla_dag.py
[2023-05-30T10:33:06.559+0000] {logging_mixin.py:149} INFO - [2023-05-30T10:33:06.559+0000] {dag.py:2726} INFO - Sync 1 DAGs
[2023-05-30T10:33:06.594+0000] {logging_mixin.py:149} INFO - [2023-05-30T10:33:06.594+0000] {dag.py:3490} INFO - Setting next_dagrun for example_sla_dag to 2023-05-30T10:30:00+00:00, run_after=2023-05-30T10:32:00+00:00
[2023-05-30T10:33:06.615+0000] {processor.py:178} INFO - Processing /home/airflow/.local/lib/python3.7/site-packages/airflow/example_dags/example_sla_dag.py took 0.099 seconds
[2023-05-30T10:33:37.474+0000] {processor.py:156} INFO - Started process (PID=3089) to work on /home/airflow/.local/lib/python3.7/site-packages/airflow/example_dags/example_sla_dag.py
[2023-05-30T10:33:37.475+0000] {processor.py:799} INFO - Processing file /home/airflow/.local/lib/python3.7/site-packages/airflow/example_dags/example_sla_dag.py for tasks to queue
[2023-05-30T10:33:37.476+0000] {logging_mixin.py:149} INFO - [2023-05-30T10:33:37.476+0000] {dagbag.py:541} INFO - Filling up the DagBag from /home/airflow/.local/lib/python3.7/site-packages/airflow/example_dags/example_sla_dag.py
[2023-05-30T10:33:37.486+0000] {processor.py:809} INFO - DAG(s) dict_keys(['example_sla_dag']) retrieved from /home/airflow/.local/lib/python3.7/site-packages/airflow/example_dags/example_sla_dag.py
[2023-05-30T10:33:37.514+0000] {logging_mixin.py:149} INFO - [2023-05-30T10:33:37.514+0000] {dag.py:2726} INFO - Sync 1 DAGs
[2023-05-30T10:33:37.550+0000] {logging_mixin.py:149} INFO - [2023-05-30T10:33:37.550+0000] {dag.py:3490} INFO - Setting next_dagrun for example_sla_dag to 2023-05-30T10:30:00+00:00, run_after=2023-05-30T10:32:00+00:00
[2023-05-30T10:33:37.570+0000] {processor.py:178} INFO - Processing /home/airflow/.local/lib/python3.7/site-packages/airflow/example_dags/example_sla_dag.py took 0.100 seconds
[2023-05-30T10:34:08.349+0000] {processor.py:156} INFO - Started process (PID=3146) to work on /home/airflow/.local/lib/python3.7/site-packages/airflow/example_dags/example_sla_dag.py
[2023-05-30T10:34:08.350+0000] {processor.py:799} INFO - Processing file /home/airflow/.local/lib/python3.7/site-packages/airflow/example_dags/example_sla_dag.py for tasks to queue
[2023-05-30T10:34:08.351+0000] {logging_mixin.py:149} INFO - [2023-05-30T10:34:08.351+0000] {dagbag.py:541} INFO - Filling up the DagBag from /home/airflow/.local/lib/python3.7/site-packages/airflow/example_dags/example_sla_dag.py
[2023-05-30T10:34:08.361+0000] {processor.py:809} INFO - DAG(s) dict_keys(['example_sla_dag']) retrieved from /home/airflow/.local/lib/python3.7/site-packages/airflow/example_dags/example_sla_dag.py
[2023-05-30T10:34:08.388+0000] {logging_mixin.py:149} INFO - [2023-05-30T10:34:08.388+0000] {dag.py:2726} INFO - Sync 1 DAGs
[2023-05-30T10:34:08.423+0000] {logging_mixin.py:149} INFO - [2023-05-30T10:34:08.423+0000] {dag.py:3490} INFO - Setting next_dagrun for example_sla_dag to 2023-05-30T10:32:00+00:00, run_after=2023-05-30T10:34:00+00:00
[2023-05-30T10:34:08.445+0000] {processor.py:178} INFO - Processing /home/airflow/.local/lib/python3.7/site-packages/airflow/example_dags/example_sla_dag.py took 0.100 seconds
[2023-05-30T10:34:38.545+0000] {processor.py:156} INFO - Started process (PID=3203) to work on /home/airflow/.local/lib/python3.7/site-packages/airflow/example_dags/example_sla_dag.py
[2023-05-30T10:34:38.545+0000] {processor.py:799} INFO - Processing file /home/airflow/.local/lib/python3.7/site-packages/airflow/example_dags/example_sla_dag.py for tasks to queue
[2023-05-30T10:34:38.546+0000] {logging_mixin.py:149} INFO - [2023-05-30T10:34:38.546+0000] {dagbag.py:541} INFO - Filling up the DagBag from /home/airflow/.local/lib/python3.7/site-packages/airflow/example_dags/example_sla_dag.py
[2023-05-30T10:34:38.556+0000] {processor.py:809} INFO - DAG(s) dict_keys(['example_sla_dag']) retrieved from /home/airflow/.local/lib/python3.7/site-packages/airflow/example_dags/example_sla_dag.py
[2023-05-30T10:34:38.584+0000] {logging_mixin.py:149} INFO - [2023-05-30T10:34:38.584+0000] {dag.py:2726} INFO - Sync 1 DAGs
[2023-05-30T10:34:38.619+0000] {logging_mixin.py:149} INFO - [2023-05-30T10:34:38.619+0000] {dag.py:3490} INFO - Setting next_dagrun for example_sla_dag to 2023-05-30T10:32:00+00:00, run_after=2023-05-30T10:34:00+00:00
[2023-05-30T10:34:38.640+0000] {processor.py:178} INFO - Processing /home/airflow/.local/lib/python3.7/site-packages/airflow/example_dags/example_sla_dag.py took 0.098 seconds
[2023-05-30T10:35:09.327+0000] {processor.py:156} INFO - Started process (PID=3261) to work on /home/airflow/.local/lib/python3.7/site-packages/airflow/example_dags/example_sla_dag.py
[2023-05-30T10:35:09.329+0000] {processor.py:799} INFO - Processing file /home/airflow/.local/lib/python3.7/site-packages/airflow/example_dags/example_sla_dag.py for tasks to queue
[2023-05-30T10:35:09.329+0000] {logging_mixin.py:149} INFO - [2023-05-30T10:35:09.329+0000] {dagbag.py:541} INFO - Filling up the DagBag from /home/airflow/.local/lib/python3.7/site-packages/airflow/example_dags/example_sla_dag.py
[2023-05-30T10:35:09.339+0000] {processor.py:809} INFO - DAG(s) dict_keys(['example_sla_dag']) retrieved from /home/airflow/.local/lib/python3.7/site-packages/airflow/example_dags/example_sla_dag.py
[2023-05-30T10:35:09.367+0000] {logging_mixin.py:149} INFO - [2023-05-30T10:35:09.367+0000] {dag.py:2726} INFO - Sync 1 DAGs
[2023-05-30T10:35:09.405+0000] {logging_mixin.py:149} INFO - [2023-05-30T10:35:09.405+0000] {dag.py:3490} INFO - Setting next_dagrun for example_sla_dag to 2023-05-30T10:32:00+00:00, run_after=2023-05-30T10:34:00+00:00
[2023-05-30T10:35:09.426+0000] {processor.py:178} INFO - Processing /home/airflow/.local/lib/python3.7/site-packages/airflow/example_dags/example_sla_dag.py took 0.103 seconds
[2023-05-30T10:35:39.649+0000] {processor.py:156} INFO - Started process (PID=3319) to work on /home/airflow/.local/lib/python3.7/site-packages/airflow/example_dags/example_sla_dag.py
[2023-05-30T10:35:39.650+0000] {processor.py:799} INFO - Processing file /home/airflow/.local/lib/python3.7/site-packages/airflow/example_dags/example_sla_dag.py for tasks to queue
[2023-05-30T10:35:39.650+0000] {logging_mixin.py:149} INFO - [2023-05-30T10:35:39.650+0000] {dagbag.py:541} INFO - Filling up the DagBag from /home/airflow/.local/lib/python3.7/site-packages/airflow/example_dags/example_sla_dag.py
[2023-05-30T10:35:39.660+0000] {processor.py:809} INFO - DAG(s) dict_keys(['example_sla_dag']) retrieved from /home/airflow/.local/lib/python3.7/site-packages/airflow/example_dags/example_sla_dag.py
[2023-05-30T10:35:39.688+0000] {logging_mixin.py:149} INFO - [2023-05-30T10:35:39.688+0000] {dag.py:2726} INFO - Sync 1 DAGs
[2023-05-30T10:35:39.724+0000] {logging_mixin.py:149} INFO - [2023-05-30T10:35:39.724+0000] {dag.py:3490} INFO - Setting next_dagrun for example_sla_dag to 2023-05-30T10:32:00+00:00, run_after=2023-05-30T10:34:00+00:00
[2023-05-30T10:35:39.745+0000] {processor.py:178} INFO - Processing /home/airflow/.local/lib/python3.7/site-packages/airflow/example_dags/example_sla_dag.py took 0.100 seconds
[2023-05-30T10:36:10.138+0000] {processor.py:156} INFO - Started process (PID=3376) to work on /home/airflow/.local/lib/python3.7/site-packages/airflow/example_dags/example_sla_dag.py
[2023-05-30T10:36:10.139+0000] {processor.py:799} INFO - Processing file /home/airflow/.local/lib/python3.7/site-packages/airflow/example_dags/example_sla_dag.py for tasks to queue
[2023-05-30T10:36:10.140+0000] {logging_mixin.py:149} INFO - [2023-05-30T10:36:10.140+0000] {dagbag.py:541} INFO - Filling up the DagBag from /home/airflow/.local/lib/python3.7/site-packages/airflow/example_dags/example_sla_dag.py
[2023-05-30T10:36:10.160+0000] {processor.py:809} INFO - DAG(s) dict_keys(['example_sla_dag']) retrieved from /home/airflow/.local/lib/python3.7/site-packages/airflow/example_dags/example_sla_dag.py
[2023-05-30T10:36:10.188+0000] {logging_mixin.py:149} INFO - [2023-05-30T10:36:10.188+0000] {dag.py:2726} INFO - Sync 1 DAGs
[2023-05-30T10:36:10.223+0000] {logging_mixin.py:149} INFO - [2023-05-30T10:36:10.223+0000] {dag.py:3490} INFO - Setting next_dagrun for example_sla_dag to 2023-05-30T10:34:00+00:00, run_after=2023-05-30T10:36:00+00:00
[2023-05-30T10:36:10.245+0000] {processor.py:178} INFO - Processing /home/airflow/.local/lib/python3.7/site-packages/airflow/example_dags/example_sla_dag.py took 0.111 seconds
[2023-05-30T10:36:40.735+0000] {processor.py:156} INFO - Started process (PID=3433) to work on /home/airflow/.local/lib/python3.7/site-packages/airflow/example_dags/example_sla_dag.py
[2023-05-30T10:36:40.736+0000] {processor.py:799} INFO - Processing file /home/airflow/.local/lib/python3.7/site-packages/airflow/example_dags/example_sla_dag.py for tasks to queue
[2023-05-30T10:36:40.737+0000] {logging_mixin.py:149} INFO - [2023-05-30T10:36:40.737+0000] {dagbag.py:541} INFO - Filling up the DagBag from /home/airflow/.local/lib/python3.7/site-packages/airflow/example_dags/example_sla_dag.py
[2023-05-30T10:36:40.747+0000] {processor.py:809} INFO - DAG(s) dict_keys(['example_sla_dag']) retrieved from /home/airflow/.local/lib/python3.7/site-packages/airflow/example_dags/example_sla_dag.py
[2023-05-30T10:36:40.778+0000] {logging_mixin.py:149} INFO - [2023-05-30T10:36:40.778+0000] {dag.py:2726} INFO - Sync 1 DAGs
[2023-05-30T10:36:40.815+0000] {logging_mixin.py:149} INFO - [2023-05-30T10:36:40.814+0000] {dag.py:3490} INFO - Setting next_dagrun for example_sla_dag to 2023-05-30T10:34:00+00:00, run_after=2023-05-30T10:36:00+00:00
[2023-05-30T10:36:40.835+0000] {processor.py:178} INFO - Processing /home/airflow/.local/lib/python3.7/site-packages/airflow/example_dags/example_sla_dag.py took 0.103 seconds
[2023-05-30T10:37:11.089+0000] {processor.py:156} INFO - Started process (PID=3491) to work on /home/airflow/.local/lib/python3.7/site-packages/airflow/example_dags/example_sla_dag.py
[2023-05-30T10:37:11.091+0000] {processor.py:799} INFO - Processing file /home/airflow/.local/lib/python3.7/site-packages/airflow/example_dags/example_sla_dag.py for tasks to queue
[2023-05-30T10:37:11.092+0000] {logging_mixin.py:149} INFO - [2023-05-30T10:37:11.092+0000] {dagbag.py:541} INFO - Filling up the DagBag from /home/airflow/.local/lib/python3.7/site-packages/airflow/example_dags/example_sla_dag.py
[2023-05-30T10:37:11.102+0000] {processor.py:809} INFO - DAG(s) dict_keys(['example_sla_dag']) retrieved from /home/airflow/.local/lib/python3.7/site-packages/airflow/example_dags/example_sla_dag.py
[2023-05-30T10:37:11.130+0000] {logging_mixin.py:149} INFO - [2023-05-30T10:37:11.130+0000] {dag.py:2726} INFO - Sync 1 DAGs
[2023-05-30T10:37:11.166+0000] {logging_mixin.py:149} INFO - [2023-05-30T10:37:11.166+0000] {dag.py:3490} INFO - Setting next_dagrun for example_sla_dag to 2023-05-30T10:34:00+00:00, run_after=2023-05-30T10:36:00+00:00
[2023-05-30T10:37:11.188+0000] {processor.py:178} INFO - Processing /home/airflow/.local/lib/python3.7/site-packages/airflow/example_dags/example_sla_dag.py took 0.102 seconds
[2023-05-30T10:37:41.312+0000] {processor.py:156} INFO - Started process (PID=3548) to work on /home/airflow/.local/lib/python3.7/site-packages/airflow/example_dags/example_sla_dag.py
[2023-05-30T10:37:41.312+0000] {processor.py:799} INFO - Processing file /home/airflow/.local/lib/python3.7/site-packages/airflow/example_dags/example_sla_dag.py for tasks to queue
[2023-05-30T10:37:41.313+0000] {logging_mixin.py:149} INFO - [2023-05-30T10:37:41.313+0000] {dagbag.py:541} INFO - Filling up the DagBag from /home/airflow/.local/lib/python3.7/site-packages/airflow/example_dags/example_sla_dag.py
[2023-05-30T10:37:41.323+0000] {processor.py:809} INFO - DAG(s) dict_keys(['example_sla_dag']) retrieved from /home/airflow/.local/lib/python3.7/site-packages/airflow/example_dags/example_sla_dag.py
[2023-05-30T10:37:41.352+0000] {logging_mixin.py:149} INFO - [2023-05-30T10:37:41.352+0000] {dag.py:2726} INFO - Sync 1 DAGs
[2023-05-30T10:37:41.388+0000] {logging_mixin.py:149} INFO - [2023-05-30T10:37:41.388+0000] {dag.py:3490} INFO - Setting next_dagrun for example_sla_dag to 2023-05-30T10:34:00+00:00, run_after=2023-05-30T10:36:00+00:00
[2023-05-30T10:37:41.408+0000] {processor.py:178} INFO - Processing /home/airflow/.local/lib/python3.7/site-packages/airflow/example_dags/example_sla_dag.py took 0.101 seconds
[2023-05-30T10:38:11.882+0000] {processor.py:156} INFO - Started process (PID=3605) to work on /home/airflow/.local/lib/python3.7/site-packages/airflow/example_dags/example_sla_dag.py
[2023-05-30T10:38:11.884+0000] {processor.py:799} INFO - Processing file /home/airflow/.local/lib/python3.7/site-packages/airflow/example_dags/example_sla_dag.py for tasks to queue
[2023-05-30T10:38:11.884+0000] {logging_mixin.py:149} INFO - [2023-05-30T10:38:11.884+0000] {dagbag.py:541} INFO - Filling up the DagBag from /home/airflow/.local/lib/python3.7/site-packages/airflow/example_dags/example_sla_dag.py
[2023-05-30T10:38:11.895+0000] {processor.py:809} INFO - DAG(s) dict_keys(['example_sla_dag']) retrieved from /home/airflow/.local/lib/python3.7/site-packages/airflow/example_dags/example_sla_dag.py
[2023-05-30T10:38:11.923+0000] {logging_mixin.py:149} INFO - [2023-05-30T10:38:11.923+0000] {dag.py:2726} INFO - Sync 1 DAGs
[2023-05-30T10:38:11.959+0000] {logging_mixin.py:149} INFO - [2023-05-30T10:38:11.959+0000] {dag.py:3490} INFO - Setting next_dagrun for example_sla_dag to 2023-05-30T10:36:00+00:00, run_after=2023-05-30T10:38:00+00:00
[2023-05-30T10:38:11.980+0000] {processor.py:178} INFO - Processing /home/airflow/.local/lib/python3.7/site-packages/airflow/example_dags/example_sla_dag.py took 0.102 seconds
[2023-05-30T10:38:42.361+0000] {processor.py:156} INFO - Started process (PID=3663) to work on /home/airflow/.local/lib/python3.7/site-packages/airflow/example_dags/example_sla_dag.py
[2023-05-30T10:38:42.361+0000] {processor.py:799} INFO - Processing file /home/airflow/.local/lib/python3.7/site-packages/airflow/example_dags/example_sla_dag.py for tasks to queue
[2023-05-30T10:38:42.362+0000] {logging_mixin.py:149} INFO - [2023-05-30T10:38:42.362+0000] {dagbag.py:541} INFO - Filling up the DagBag from /home/airflow/.local/lib/python3.7/site-packages/airflow/example_dags/example_sla_dag.py
[2023-05-30T10:38:42.389+0000] {processor.py:809} INFO - DAG(s) dict_keys(['example_sla_dag']) retrieved from /home/airflow/.local/lib/python3.7/site-packages/airflow/example_dags/example_sla_dag.py
[2023-05-30T10:38:42.475+0000] {logging_mixin.py:149} INFO - [2023-05-30T10:38:42.475+0000] {dag.py:2726} INFO - Sync 1 DAGs
[2023-05-30T10:38:42.572+0000] {logging_mixin.py:149} INFO - [2023-05-30T10:38:42.572+0000] {dag.py:3490} INFO - Setting next_dagrun for example_sla_dag to 2023-05-30T10:36:00+00:00, run_after=2023-05-30T10:38:00+00:00
[2023-05-30T10:38:42.593+0000] {processor.py:178} INFO - Processing /home/airflow/.local/lib/python3.7/site-packages/airflow/example_dags/example_sla_dag.py took 0.239 seconds
[2023-05-30T10:39:13.133+0000] {processor.py:156} INFO - Started process (PID=3721) to work on /home/airflow/.local/lib/python3.7/site-packages/airflow/example_dags/example_sla_dag.py
[2023-05-30T10:39:13.143+0000] {processor.py:799} INFO - Processing file /home/airflow/.local/lib/python3.7/site-packages/airflow/example_dags/example_sla_dag.py for tasks to queue
[2023-05-30T10:39:13.144+0000] {logging_mixin.py:149} INFO - [2023-05-30T10:39:13.144+0000] {dagbag.py:541} INFO - Filling up the DagBag from /home/airflow/.local/lib/python3.7/site-packages/airflow/example_dags/example_sla_dag.py
[2023-05-30T10:39:13.162+0000] {processor.py:809} INFO - DAG(s) dict_keys(['example_sla_dag']) retrieved from /home/airflow/.local/lib/python3.7/site-packages/airflow/example_dags/example_sla_dag.py
[2023-05-30T10:39:13.228+0000] {logging_mixin.py:149} INFO - [2023-05-30T10:39:13.228+0000] {dag.py:2726} INFO - Sync 1 DAGs
[2023-05-30T10:39:13.285+0000] {logging_mixin.py:149} INFO - [2023-05-30T10:39:13.285+0000] {dag.py:3490} INFO - Setting next_dagrun for example_sla_dag to 2023-05-30T10:36:00+00:00, run_after=2023-05-30T10:38:00+00:00
[2023-05-30T10:39:13.336+0000] {processor.py:178} INFO - Processing /home/airflow/.local/lib/python3.7/site-packages/airflow/example_dags/example_sla_dag.py took 0.219 seconds
[2023-05-30T10:39:43.526+0000] {processor.py:156} INFO - Started process (PID=3777) to work on /home/airflow/.local/lib/python3.7/site-packages/airflow/example_dags/example_sla_dag.py
[2023-05-30T10:39:43.528+0000] {processor.py:799} INFO - Processing file /home/airflow/.local/lib/python3.7/site-packages/airflow/example_dags/example_sla_dag.py for tasks to queue
[2023-05-30T10:39:43.528+0000] {logging_mixin.py:149} INFO - [2023-05-30T10:39:43.528+0000] {dagbag.py:541} INFO - Filling up the DagBag from /home/airflow/.local/lib/python3.7/site-packages/airflow/example_dags/example_sla_dag.py
[2023-05-30T10:39:43.538+0000] {processor.py:809} INFO - DAG(s) dict_keys(['example_sla_dag']) retrieved from /home/airflow/.local/lib/python3.7/site-packages/airflow/example_dags/example_sla_dag.py
[2023-05-30T10:39:43.567+0000] {logging_mixin.py:149} INFO - [2023-05-30T10:39:43.567+0000] {dag.py:2726} INFO - Sync 1 DAGs
[2023-05-30T10:39:43.603+0000] {logging_mixin.py:149} INFO - [2023-05-30T10:39:43.603+0000] {dag.py:3490} INFO - Setting next_dagrun for example_sla_dag to 2023-05-30T10:36:00+00:00, run_after=2023-05-30T10:38:00+00:00
[2023-05-30T10:39:43.625+0000] {processor.py:178} INFO - Processing /home/airflow/.local/lib/python3.7/site-packages/airflow/example_dags/example_sla_dag.py took 0.102 seconds
[2023-05-30T10:40:14.338+0000] {processor.py:156} INFO - Started process (PID=3833) to work on /home/airflow/.local/lib/python3.7/site-packages/airflow/example_dags/example_sla_dag.py
[2023-05-30T10:40:14.340+0000] {processor.py:799} INFO - Processing file /home/airflow/.local/lib/python3.7/site-packages/airflow/example_dags/example_sla_dag.py for tasks to queue
[2023-05-30T10:40:14.340+0000] {logging_mixin.py:149} INFO - [2023-05-30T10:40:14.340+0000] {dagbag.py:541} INFO - Filling up the DagBag from /home/airflow/.local/lib/python3.7/site-packages/airflow/example_dags/example_sla_dag.py
[2023-05-30T10:40:14.350+0000] {processor.py:809} INFO - DAG(s) dict_keys(['example_sla_dag']) retrieved from /home/airflow/.local/lib/python3.7/site-packages/airflow/example_dags/example_sla_dag.py
[2023-05-30T10:40:14.378+0000] {logging_mixin.py:149} INFO - [2023-05-30T10:40:14.378+0000] {dag.py:2726} INFO - Sync 1 DAGs
[2023-05-30T10:40:14.413+0000] {logging_mixin.py:149} INFO - [2023-05-30T10:40:14.413+0000] {dag.py:3490} INFO - Setting next_dagrun for example_sla_dag to 2023-05-30T10:38:00+00:00, run_after=2023-05-30T10:40:00+00:00
[2023-05-30T10:40:14.434+0000] {processor.py:178} INFO - Processing /home/airflow/.local/lib/python3.7/site-packages/airflow/example_dags/example_sla_dag.py took 0.100 seconds
[2023-05-30T10:40:44.697+0000] {processor.py:156} INFO - Started process (PID=3890) to work on /home/airflow/.local/lib/python3.7/site-packages/airflow/example_dags/example_sla_dag.py
[2023-05-30T10:40:44.698+0000] {processor.py:799} INFO - Processing file /home/airflow/.local/lib/python3.7/site-packages/airflow/example_dags/example_sla_dag.py for tasks to queue
[2023-05-30T10:40:44.699+0000] {logging_mixin.py:149} INFO - [2023-05-30T10:40:44.699+0000] {dagbag.py:541} INFO - Filling up the DagBag from /home/airflow/.local/lib/python3.7/site-packages/airflow/example_dags/example_sla_dag.py
[2023-05-30T10:40:44.709+0000] {processor.py:809} INFO - DAG(s) dict_keys(['example_sla_dag']) retrieved from /home/airflow/.local/lib/python3.7/site-packages/airflow/example_dags/example_sla_dag.py
[2023-05-30T10:40:44.756+0000] {logging_mixin.py:149} INFO - [2023-05-30T10:40:44.756+0000] {dag.py:2726} INFO - Sync 1 DAGs
[2023-05-30T10:40:44.799+0000] {logging_mixin.py:149} INFO - [2023-05-30T10:40:44.798+0000] {dag.py:3490} INFO - Setting next_dagrun for example_sla_dag to 2023-05-30T10:38:00+00:00, run_after=2023-05-30T10:40:00+00:00
[2023-05-30T10:40:44.825+0000] {processor.py:178} INFO - Processing /home/airflow/.local/lib/python3.7/site-packages/airflow/example_dags/example_sla_dag.py took 0.132 seconds
[2023-05-30T10:41:14.871+0000] {processor.py:156} INFO - Started process (PID=3947) to work on /home/airflow/.local/lib/python3.7/site-packages/airflow/example_dags/example_sla_dag.py
[2023-05-30T10:41:14.871+0000] {processor.py:799} INFO - Processing file /home/airflow/.local/lib/python3.7/site-packages/airflow/example_dags/example_sla_dag.py for tasks to queue
[2023-05-30T10:41:14.872+0000] {logging_mixin.py:149} INFO - [2023-05-30T10:41:14.872+0000] {dagbag.py:541} INFO - Filling up the DagBag from /home/airflow/.local/lib/python3.7/site-packages/airflow/example_dags/example_sla_dag.py
[2023-05-30T10:41:14.882+0000] {processor.py:809} INFO - DAG(s) dict_keys(['example_sla_dag']) retrieved from /home/airflow/.local/lib/python3.7/site-packages/airflow/example_dags/example_sla_dag.py
[2023-05-30T10:41:14.911+0000] {logging_mixin.py:149} INFO - [2023-05-30T10:41:14.910+0000] {dag.py:2726} INFO - Sync 1 DAGs
[2023-05-30T10:41:14.947+0000] {logging_mixin.py:149} INFO - [2023-05-30T10:41:14.947+0000] {dag.py:3490} INFO - Setting next_dagrun for example_sla_dag to 2023-05-30T10:38:00+00:00, run_after=2023-05-30T10:40:00+00:00
[2023-05-30T10:41:14.969+0000] {processor.py:178} INFO - Processing /home/airflow/.local/lib/python3.7/site-packages/airflow/example_dags/example_sla_dag.py took 0.103 seconds
[2023-05-30T10:48:35.034+0000] {processor.py:156} INFO - Started process (PID=64) to work on /home/airflow/.local/lib/python3.7/site-packages/airflow/example_dags/example_sla_dag.py
[2023-05-30T10:48:35.037+0000] {processor.py:799} INFO - Processing file /home/airflow/.local/lib/python3.7/site-packages/airflow/example_dags/example_sla_dag.py for tasks to queue
[2023-05-30T10:48:35.038+0000] {logging_mixin.py:149} INFO - [2023-05-30T10:48:35.037+0000] {dagbag.py:541} INFO - Filling up the DagBag from /home/airflow/.local/lib/python3.7/site-packages/airflow/example_dags/example_sla_dag.py
[2023-05-30T10:48:35.047+0000] {processor.py:809} INFO - DAG(s) dict_keys(['example_sla_dag']) retrieved from /home/airflow/.local/lib/python3.7/site-packages/airflow/example_dags/example_sla_dag.py
[2023-05-30T10:48:35.092+0000] {logging_mixin.py:149} INFO - [2023-05-30T10:48:35.092+0000] {dag.py:2726} INFO - Sync 1 DAGs
[2023-05-30T10:48:35.149+0000] {logging_mixin.py:149} INFO - [2023-05-30T10:48:35.149+0000] {dag.py:3490} INFO - Setting next_dagrun for example_sla_dag to 2023-05-30T10:46:00+00:00, run_after=2023-05-30T10:48:00+00:00
[2023-05-30T10:48:35.184+0000] {processor.py:178} INFO - Processing /home/airflow/.local/lib/python3.7/site-packages/airflow/example_dags/example_sla_dag.py took 0.155 seconds
[2023-05-30T10:49:05.237+0000] {processor.py:156} INFO - Started process (PID=120) to work on /home/airflow/.local/lib/python3.7/site-packages/airflow/example_dags/example_sla_dag.py
[2023-05-30T10:49:05.239+0000] {processor.py:799} INFO - Processing file /home/airflow/.local/lib/python3.7/site-packages/airflow/example_dags/example_sla_dag.py for tasks to queue
[2023-05-30T10:49:05.239+0000] {logging_mixin.py:149} INFO - [2023-05-30T10:49:05.239+0000] {dagbag.py:541} INFO - Filling up the DagBag from /home/airflow/.local/lib/python3.7/site-packages/airflow/example_dags/example_sla_dag.py
[2023-05-30T10:49:05.249+0000] {processor.py:809} INFO - DAG(s) dict_keys(['example_sla_dag']) retrieved from /home/airflow/.local/lib/python3.7/site-packages/airflow/example_dags/example_sla_dag.py
[2023-05-30T10:49:05.276+0000] {logging_mixin.py:149} INFO - [2023-05-30T10:49:05.276+0000] {dag.py:2726} INFO - Sync 1 DAGs
[2023-05-30T10:49:05.311+0000] {logging_mixin.py:149} INFO - [2023-05-30T10:49:05.310+0000] {dag.py:3490} INFO - Setting next_dagrun for example_sla_dag to 2023-05-30T10:46:00+00:00, run_after=2023-05-30T10:48:00+00:00
[2023-05-30T10:49:05.331+0000] {processor.py:178} INFO - Processing /home/airflow/.local/lib/python3.7/site-packages/airflow/example_dags/example_sla_dag.py took 0.100 seconds
[2023-05-30T10:49:35.413+0000] {processor.py:156} INFO - Started process (PID=178) to work on /home/airflow/.local/lib/python3.7/site-packages/airflow/example_dags/example_sla_dag.py
[2023-05-30T10:49:35.415+0000] {processor.py:799} INFO - Processing file /home/airflow/.local/lib/python3.7/site-packages/airflow/example_dags/example_sla_dag.py for tasks to queue
[2023-05-30T10:49:35.415+0000] {logging_mixin.py:149} INFO - [2023-05-30T10:49:35.415+0000] {dagbag.py:541} INFO - Filling up the DagBag from /home/airflow/.local/lib/python3.7/site-packages/airflow/example_dags/example_sla_dag.py
[2023-05-30T10:49:35.425+0000] {processor.py:809} INFO - DAG(s) dict_keys(['example_sla_dag']) retrieved from /home/airflow/.local/lib/python3.7/site-packages/airflow/example_dags/example_sla_dag.py
[2023-05-30T10:49:35.455+0000] {logging_mixin.py:149} INFO - [2023-05-30T10:49:35.455+0000] {dag.py:2726} INFO - Sync 1 DAGs
[2023-05-30T10:49:35.492+0000] {logging_mixin.py:149} INFO - [2023-05-30T10:49:35.492+0000] {dag.py:3490} INFO - Setting next_dagrun for example_sla_dag to 2023-05-30T10:46:00+00:00, run_after=2023-05-30T10:48:00+00:00
[2023-05-30T10:49:35.513+0000] {processor.py:178} INFO - Processing /home/airflow/.local/lib/python3.7/site-packages/airflow/example_dags/example_sla_dag.py took 0.103 seconds
[2023-05-30T10:50:05.720+0000] {processor.py:156} INFO - Started process (PID=235) to work on /home/airflow/.local/lib/python3.7/site-packages/airflow/example_dags/example_sla_dag.py
[2023-05-30T10:50:05.721+0000] {processor.py:799} INFO - Processing file /home/airflow/.local/lib/python3.7/site-packages/airflow/example_dags/example_sla_dag.py for tasks to queue
[2023-05-30T10:50:05.721+0000] {logging_mixin.py:149} INFO - [2023-05-30T10:50:05.721+0000] {dagbag.py:541} INFO - Filling up the DagBag from /home/airflow/.local/lib/python3.7/site-packages/airflow/example_dags/example_sla_dag.py
[2023-05-30T10:50:05.731+0000] {processor.py:809} INFO - DAG(s) dict_keys(['example_sla_dag']) retrieved from /home/airflow/.local/lib/python3.7/site-packages/airflow/example_dags/example_sla_dag.py
[2023-05-30T10:50:05.758+0000] {logging_mixin.py:149} INFO - [2023-05-30T10:50:05.758+0000] {dag.py:2726} INFO - Sync 1 DAGs
[2023-05-30T10:50:05.793+0000] {logging_mixin.py:149} INFO - [2023-05-30T10:50:05.793+0000] {dag.py:3490} INFO - Setting next_dagrun for example_sla_dag to 2023-05-30T10:48:00+00:00, run_after=2023-05-30T10:50:00+00:00
[2023-05-30T10:50:05.815+0000] {processor.py:178} INFO - Processing /home/airflow/.local/lib/python3.7/site-packages/airflow/example_dags/example_sla_dag.py took 0.099 seconds
[2023-05-30T10:50:36.537+0000] {processor.py:156} INFO - Started process (PID=292) to work on /home/airflow/.local/lib/python3.7/site-packages/airflow/example_dags/example_sla_dag.py
[2023-05-30T10:50:36.539+0000] {processor.py:799} INFO - Processing file /home/airflow/.local/lib/python3.7/site-packages/airflow/example_dags/example_sla_dag.py for tasks to queue
[2023-05-30T10:50:36.539+0000] {logging_mixin.py:149} INFO - [2023-05-30T10:50:36.539+0000] {dagbag.py:541} INFO - Filling up the DagBag from /home/airflow/.local/lib/python3.7/site-packages/airflow/example_dags/example_sla_dag.py
[2023-05-30T10:50:36.552+0000] {processor.py:809} INFO - DAG(s) dict_keys(['example_sla_dag']) retrieved from /home/airflow/.local/lib/python3.7/site-packages/airflow/example_dags/example_sla_dag.py
[2023-05-30T10:50:36.580+0000] {logging_mixin.py:149} INFO - [2023-05-30T10:50:36.580+0000] {dag.py:2726} INFO - Sync 1 DAGs
[2023-05-30T10:50:36.615+0000] {logging_mixin.py:149} INFO - [2023-05-30T10:50:36.615+0000] {dag.py:3490} INFO - Setting next_dagrun for example_sla_dag to 2023-05-30T10:48:00+00:00, run_after=2023-05-30T10:50:00+00:00
[2023-05-30T10:50:36.635+0000] {processor.py:178} INFO - Processing /home/airflow/.local/lib/python3.7/site-packages/airflow/example_dags/example_sla_dag.py took 0.102 seconds
[2023-05-30T10:51:06.940+0000] {processor.py:156} INFO - Started process (PID=350) to work on /home/airflow/.local/lib/python3.7/site-packages/airflow/example_dags/example_sla_dag.py
[2023-05-30T10:51:06.941+0000] {processor.py:799} INFO - Processing file /home/airflow/.local/lib/python3.7/site-packages/airflow/example_dags/example_sla_dag.py for tasks to queue
[2023-05-30T10:51:06.941+0000] {logging_mixin.py:149} INFO - [2023-05-30T10:51:06.941+0000] {dagbag.py:541} INFO - Filling up the DagBag from /home/airflow/.local/lib/python3.7/site-packages/airflow/example_dags/example_sla_dag.py
[2023-05-30T10:51:06.951+0000] {processor.py:809} INFO - DAG(s) dict_keys(['example_sla_dag']) retrieved from /home/airflow/.local/lib/python3.7/site-packages/airflow/example_dags/example_sla_dag.py
[2023-05-30T10:51:06.977+0000] {logging_mixin.py:149} INFO - [2023-05-30T10:51:06.977+0000] {dag.py:2726} INFO - Sync 1 DAGs
[2023-05-30T10:51:07.012+0000] {logging_mixin.py:149} INFO - [2023-05-30T10:51:07.012+0000] {dag.py:3490} INFO - Setting next_dagrun for example_sla_dag to 2023-05-30T10:48:00+00:00, run_after=2023-05-30T10:50:00+00:00
[2023-05-30T10:51:07.031+0000] {processor.py:178} INFO - Processing /home/airflow/.local/lib/python3.7/site-packages/airflow/example_dags/example_sla_dag.py took 0.095 seconds
