[2023-05-30T10:06:36.004+0000] {processor.py:156} INFO - Started process (PID=73) to work on /home/airflow/.local/lib/python3.7/site-packages/airflow/example_dags/example_sensors.py
[2023-05-30T10:06:36.005+0000] {processor.py:799} INFO - Processing file /home/airflow/.local/lib/python3.7/site-packages/airflow/example_dags/example_sensors.py for tasks to queue
[2023-05-30T10:06:36.006+0000] {logging_mixin.py:149} INFO - [2023-05-30T10:06:36.006+0000] {dagbag.py:541} INFO - Filling up the DagBag from /home/airflow/.local/lib/python3.7/site-packages/airflow/example_dags/example_sensors.py
[2023-05-30T10:06:36.024+0000] {processor.py:809} INFO - DAG(s) dict_keys(['example_sensors']) retrieved from /home/airflow/.local/lib/python3.7/site-packages/airflow/example_dags/example_sensors.py
[2023-05-30T10:06:36.097+0000] {logging_mixin.py:149} INFO - [2023-05-30T10:06:36.097+0000] {dag.py:2726} INFO - Sync 1 DAGs
[2023-05-30T10:06:36.144+0000] {logging_mixin.py:149} INFO - [2023-05-30T10:06:36.144+0000] {dag.py:3490} INFO - Setting next_dagrun for example_sensors to None, run_after=None
[2023-05-30T10:06:36.166+0000] {processor.py:178} INFO - Processing /home/airflow/.local/lib/python3.7/site-packages/airflow/example_dags/example_sensors.py took 0.169 seconds
[2023-05-30T10:07:06.659+0000] {processor.py:156} INFO - Started process (PID=129) to work on /home/airflow/.local/lib/python3.7/site-packages/airflow/example_dags/example_sensors.py
[2023-05-30T10:07:06.661+0000] {processor.py:799} INFO - Processing file /home/airflow/.local/lib/python3.7/site-packages/airflow/example_dags/example_sensors.py for tasks to queue
[2023-05-30T10:07:06.661+0000] {logging_mixin.py:149} INFO - [2023-05-30T10:07:06.661+0000] {dagbag.py:541} INFO - Filling up the DagBag from /home/airflow/.local/lib/python3.7/site-packages/airflow/example_dags/example_sensors.py
[2023-05-30T10:07:06.674+0000] {processor.py:809} INFO - DAG(s) dict_keys(['example_sensors']) retrieved from /home/airflow/.local/lib/python3.7/site-packages/airflow/example_dags/example_sensors.py
[2023-05-30T10:07:06.707+0000] {logging_mixin.py:149} INFO - [2023-05-30T10:07:06.707+0000] {dag.py:2726} INFO - Sync 1 DAGs
[2023-05-30T10:07:06.739+0000] {logging_mixin.py:149} INFO - [2023-05-30T10:07:06.739+0000] {dag.py:3490} INFO - Setting next_dagrun for example_sensors to None, run_after=None
[2023-05-30T10:07:06.759+0000] {processor.py:178} INFO - Processing /home/airflow/.local/lib/python3.7/site-packages/airflow/example_dags/example_sensors.py took 0.104 seconds
[2023-05-30T10:07:37.276+0000] {processor.py:156} INFO - Started process (PID=187) to work on /home/airflow/.local/lib/python3.7/site-packages/airflow/example_dags/example_sensors.py
[2023-05-30T10:07:37.277+0000] {processor.py:799} INFO - Processing file /home/airflow/.local/lib/python3.7/site-packages/airflow/example_dags/example_sensors.py for tasks to queue
[2023-05-30T10:07:37.277+0000] {logging_mixin.py:149} INFO - [2023-05-30T10:07:37.277+0000] {dagbag.py:541} INFO - Filling up the DagBag from /home/airflow/.local/lib/python3.7/site-packages/airflow/example_dags/example_sensors.py
[2023-05-30T10:07:37.289+0000] {processor.py:809} INFO - DAG(s) dict_keys(['example_sensors']) retrieved from /home/airflow/.local/lib/python3.7/site-packages/airflow/example_dags/example_sensors.py
[2023-05-30T10:07:37.325+0000] {logging_mixin.py:149} INFO - [2023-05-30T10:07:37.325+0000] {dag.py:2726} INFO - Sync 1 DAGs
[2023-05-30T10:07:37.356+0000] {logging_mixin.py:149} INFO - [2023-05-30T10:07:37.356+0000] {dag.py:3490} INFO - Setting next_dagrun for example_sensors to None, run_after=None
[2023-05-30T10:07:37.377+0000] {processor.py:178} INFO - Processing /home/airflow/.local/lib/python3.7/site-packages/airflow/example_dags/example_sensors.py took 0.106 seconds
[2023-05-30T10:08:07.698+0000] {processor.py:156} INFO - Started process (PID=244) to work on /home/airflow/.local/lib/python3.7/site-packages/airflow/example_dags/example_sensors.py
[2023-05-30T10:08:07.699+0000] {processor.py:799} INFO - Processing file /home/airflow/.local/lib/python3.7/site-packages/airflow/example_dags/example_sensors.py for tasks to queue
[2023-05-30T10:08:07.700+0000] {logging_mixin.py:149} INFO - [2023-05-30T10:08:07.700+0000] {dagbag.py:541} INFO - Filling up the DagBag from /home/airflow/.local/lib/python3.7/site-packages/airflow/example_dags/example_sensors.py
[2023-05-30T10:08:07.713+0000] {processor.py:809} INFO - DAG(s) dict_keys(['example_sensors']) retrieved from /home/airflow/.local/lib/python3.7/site-packages/airflow/example_dags/example_sensors.py
[2023-05-30T10:08:07.748+0000] {logging_mixin.py:149} INFO - [2023-05-30T10:08:07.748+0000] {dag.py:2726} INFO - Sync 1 DAGs
[2023-05-30T10:08:07.780+0000] {logging_mixin.py:149} INFO - [2023-05-30T10:08:07.780+0000] {dag.py:3490} INFO - Setting next_dagrun for example_sensors to None, run_after=None
[2023-05-30T10:08:07.802+0000] {processor.py:178} INFO - Processing /home/airflow/.local/lib/python3.7/site-packages/airflow/example_dags/example_sensors.py took 0.107 seconds
[2023-05-30T10:08:38.123+0000] {processor.py:156} INFO - Started process (PID=301) to work on /home/airflow/.local/lib/python3.7/site-packages/airflow/example_dags/example_sensors.py
[2023-05-30T10:08:38.124+0000] {processor.py:799} INFO - Processing file /home/airflow/.local/lib/python3.7/site-packages/airflow/example_dags/example_sensors.py for tasks to queue
[2023-05-30T10:08:38.125+0000] {logging_mixin.py:149} INFO - [2023-05-30T10:08:38.124+0000] {dagbag.py:541} INFO - Filling up the DagBag from /home/airflow/.local/lib/python3.7/site-packages/airflow/example_dags/example_sensors.py
[2023-05-30T10:08:38.138+0000] {processor.py:809} INFO - DAG(s) dict_keys(['example_sensors']) retrieved from /home/airflow/.local/lib/python3.7/site-packages/airflow/example_dags/example_sensors.py
[2023-05-30T10:08:38.181+0000] {logging_mixin.py:149} INFO - [2023-05-30T10:08:38.181+0000] {dag.py:2726} INFO - Sync 1 DAGs
[2023-05-30T10:08:38.213+0000] {logging_mixin.py:149} INFO - [2023-05-30T10:08:38.213+0000] {dag.py:3490} INFO - Setting next_dagrun for example_sensors to None, run_after=None
[2023-05-30T10:08:38.234+0000] {processor.py:178} INFO - Processing /home/airflow/.local/lib/python3.7/site-packages/airflow/example_dags/example_sensors.py took 0.114 seconds
[2023-05-30T10:09:08.533+0000] {processor.py:156} INFO - Started process (PID=359) to work on /home/airflow/.local/lib/python3.7/site-packages/airflow/example_dags/example_sensors.py
[2023-05-30T10:09:08.536+0000] {processor.py:799} INFO - Processing file /home/airflow/.local/lib/python3.7/site-packages/airflow/example_dags/example_sensors.py for tasks to queue
[2023-05-30T10:09:08.537+0000] {logging_mixin.py:149} INFO - [2023-05-30T10:09:08.537+0000] {dagbag.py:541} INFO - Filling up the DagBag from /home/airflow/.local/lib/python3.7/site-packages/airflow/example_dags/example_sensors.py
[2023-05-30T10:09:08.548+0000] {processor.py:809} INFO - DAG(s) dict_keys(['example_sensors']) retrieved from /home/airflow/.local/lib/python3.7/site-packages/airflow/example_dags/example_sensors.py
[2023-05-30T10:09:08.585+0000] {logging_mixin.py:149} INFO - [2023-05-30T10:09:08.585+0000] {dag.py:2726} INFO - Sync 1 DAGs
[2023-05-30T10:09:08.616+0000] {logging_mixin.py:149} INFO - [2023-05-30T10:09:08.615+0000] {dag.py:3490} INFO - Setting next_dagrun for example_sensors to None, run_after=None
[2023-05-30T10:09:08.636+0000] {processor.py:178} INFO - Processing /home/airflow/.local/lib/python3.7/site-packages/airflow/example_dags/example_sensors.py took 0.106 seconds
[2023-05-30T10:09:39.201+0000] {processor.py:156} INFO - Started process (PID=415) to work on /home/airflow/.local/lib/python3.7/site-packages/airflow/example_dags/example_sensors.py
[2023-05-30T10:09:39.202+0000] {processor.py:799} INFO - Processing file /home/airflow/.local/lib/python3.7/site-packages/airflow/example_dags/example_sensors.py for tasks to queue
[2023-05-30T10:09:39.202+0000] {logging_mixin.py:149} INFO - [2023-05-30T10:09:39.202+0000] {dagbag.py:541} INFO - Filling up the DagBag from /home/airflow/.local/lib/python3.7/site-packages/airflow/example_dags/example_sensors.py
[2023-05-30T10:09:39.215+0000] {processor.py:809} INFO - DAG(s) dict_keys(['example_sensors']) retrieved from /home/airflow/.local/lib/python3.7/site-packages/airflow/example_dags/example_sensors.py
[2023-05-30T10:09:39.250+0000] {logging_mixin.py:149} INFO - [2023-05-30T10:09:39.249+0000] {dag.py:2726} INFO - Sync 1 DAGs
[2023-05-30T10:09:39.282+0000] {logging_mixin.py:149} INFO - [2023-05-30T10:09:39.282+0000] {dag.py:3490} INFO - Setting next_dagrun for example_sensors to None, run_after=None
[2023-05-30T10:09:39.303+0000] {processor.py:178} INFO - Processing /home/airflow/.local/lib/python3.7/site-packages/airflow/example_dags/example_sensors.py took 0.107 seconds
[2023-05-30T10:10:09.454+0000] {processor.py:156} INFO - Started process (PID=472) to work on /home/airflow/.local/lib/python3.7/site-packages/airflow/example_dags/example_sensors.py
[2023-05-30T10:10:09.455+0000] {processor.py:799} INFO - Processing file /home/airflow/.local/lib/python3.7/site-packages/airflow/example_dags/example_sensors.py for tasks to queue
[2023-05-30T10:10:09.456+0000] {logging_mixin.py:149} INFO - [2023-05-30T10:10:09.456+0000] {dagbag.py:541} INFO - Filling up the DagBag from /home/airflow/.local/lib/python3.7/site-packages/airflow/example_dags/example_sensors.py
[2023-05-30T10:10:09.467+0000] {processor.py:809} INFO - DAG(s) dict_keys(['example_sensors']) retrieved from /home/airflow/.local/lib/python3.7/site-packages/airflow/example_dags/example_sensors.py
[2023-05-30T10:10:09.501+0000] {logging_mixin.py:149} INFO - [2023-05-30T10:10:09.501+0000] {dag.py:2726} INFO - Sync 1 DAGs
[2023-05-30T10:10:09.532+0000] {logging_mixin.py:149} INFO - [2023-05-30T10:10:09.532+0000] {dag.py:3490} INFO - Setting next_dagrun for example_sensors to None, run_after=None
[2023-05-30T10:10:09.553+0000] {processor.py:178} INFO - Processing /home/airflow/.local/lib/python3.7/site-packages/airflow/example_dags/example_sensors.py took 0.103 seconds
[2023-05-30T10:10:40.415+0000] {processor.py:156} INFO - Started process (PID=529) to work on /home/airflow/.local/lib/python3.7/site-packages/airflow/example_dags/example_sensors.py
[2023-05-30T10:10:40.416+0000] {processor.py:799} INFO - Processing file /home/airflow/.local/lib/python3.7/site-packages/airflow/example_dags/example_sensors.py for tasks to queue
[2023-05-30T10:10:40.417+0000] {logging_mixin.py:149} INFO - [2023-05-30T10:10:40.417+0000] {dagbag.py:541} INFO - Filling up the DagBag from /home/airflow/.local/lib/python3.7/site-packages/airflow/example_dags/example_sensors.py
[2023-05-30T10:10:40.428+0000] {processor.py:809} INFO - DAG(s) dict_keys(['example_sensors']) retrieved from /home/airflow/.local/lib/python3.7/site-packages/airflow/example_dags/example_sensors.py
[2023-05-30T10:10:40.468+0000] {logging_mixin.py:149} INFO - [2023-05-30T10:10:40.466+0000] {dag.py:2726} INFO - Sync 1 DAGs
[2023-05-30T10:10:40.505+0000] {logging_mixin.py:149} INFO - [2023-05-30T10:10:40.504+0000] {dag.py:3490} INFO - Setting next_dagrun for example_sensors to None, run_after=None
[2023-05-30T10:10:40.527+0000] {processor.py:178} INFO - Processing /home/airflow/.local/lib/python3.7/site-packages/airflow/example_dags/example_sensors.py took 0.115 seconds
[2023-05-30T10:11:11.143+0000] {processor.py:156} INFO - Started process (PID=586) to work on /home/airflow/.local/lib/python3.7/site-packages/airflow/example_dags/example_sensors.py
[2023-05-30T10:11:11.144+0000] {processor.py:799} INFO - Processing file /home/airflow/.local/lib/python3.7/site-packages/airflow/example_dags/example_sensors.py for tasks to queue
[2023-05-30T10:11:11.145+0000] {logging_mixin.py:149} INFO - [2023-05-30T10:11:11.145+0000] {dagbag.py:541} INFO - Filling up the DagBag from /home/airflow/.local/lib/python3.7/site-packages/airflow/example_dags/example_sensors.py
[2023-05-30T10:11:11.157+0000] {processor.py:809} INFO - DAG(s) dict_keys(['example_sensors']) retrieved from /home/airflow/.local/lib/python3.7/site-packages/airflow/example_dags/example_sensors.py
[2023-05-30T10:11:11.192+0000] {logging_mixin.py:149} INFO - [2023-05-30T10:11:11.192+0000] {dag.py:2726} INFO - Sync 1 DAGs
[2023-05-30T10:11:11.227+0000] {logging_mixin.py:149} INFO - [2023-05-30T10:11:11.227+0000] {dag.py:3490} INFO - Setting next_dagrun for example_sensors to None, run_after=None
[2023-05-30T10:11:11.267+0000] {processor.py:178} INFO - Processing /home/airflow/.local/lib/python3.7/site-packages/airflow/example_dags/example_sensors.py took 0.128 seconds
[2023-05-30T10:11:41.855+0000] {processor.py:156} INFO - Started process (PID=642) to work on /home/airflow/.local/lib/python3.7/site-packages/airflow/example_dags/example_sensors.py
[2023-05-30T10:11:41.857+0000] {processor.py:799} INFO - Processing file /home/airflow/.local/lib/python3.7/site-packages/airflow/example_dags/example_sensors.py for tasks to queue
[2023-05-30T10:11:41.857+0000] {logging_mixin.py:149} INFO - [2023-05-30T10:11:41.857+0000] {dagbag.py:541} INFO - Filling up the DagBag from /home/airflow/.local/lib/python3.7/site-packages/airflow/example_dags/example_sensors.py
[2023-05-30T10:11:41.869+0000] {processor.py:809} INFO - DAG(s) dict_keys(['example_sensors']) retrieved from /home/airflow/.local/lib/python3.7/site-packages/airflow/example_dags/example_sensors.py
[2023-05-30T10:11:41.906+0000] {logging_mixin.py:149} INFO - [2023-05-30T10:11:41.905+0000] {dag.py:2726} INFO - Sync 1 DAGs
[2023-05-30T10:11:41.937+0000] {logging_mixin.py:149} INFO - [2023-05-30T10:11:41.937+0000] {dag.py:3490} INFO - Setting next_dagrun for example_sensors to None, run_after=None
[2023-05-30T10:11:41.959+0000] {processor.py:178} INFO - Processing /home/airflow/.local/lib/python3.7/site-packages/airflow/example_dags/example_sensors.py took 0.107 seconds
[2023-05-30T10:12:12.725+0000] {processor.py:156} INFO - Started process (PID=699) to work on /home/airflow/.local/lib/python3.7/site-packages/airflow/example_dags/example_sensors.py
[2023-05-30T10:12:12.726+0000] {processor.py:799} INFO - Processing file /home/airflow/.local/lib/python3.7/site-packages/airflow/example_dags/example_sensors.py for tasks to queue
[2023-05-30T10:12:12.727+0000] {logging_mixin.py:149} INFO - [2023-05-30T10:12:12.727+0000] {dagbag.py:541} INFO - Filling up the DagBag from /home/airflow/.local/lib/python3.7/site-packages/airflow/example_dags/example_sensors.py
[2023-05-30T10:12:12.748+0000] {processor.py:809} INFO - DAG(s) dict_keys(['example_sensors']) retrieved from /home/airflow/.local/lib/python3.7/site-packages/airflow/example_dags/example_sensors.py
[2023-05-30T10:12:12.840+0000] {logging_mixin.py:149} INFO - [2023-05-30T10:12:12.840+0000] {dag.py:2726} INFO - Sync 1 DAGs
[2023-05-30T10:12:12.904+0000] {logging_mixin.py:149} INFO - [2023-05-30T10:12:12.904+0000] {dag.py:3490} INFO - Setting next_dagrun for example_sensors to None, run_after=None
[2023-05-30T10:12:12.956+0000] {processor.py:178} INFO - Processing /home/airflow/.local/lib/python3.7/site-packages/airflow/example_dags/example_sensors.py took 0.243 seconds
[2023-05-30T10:12:43.367+0000] {processor.py:156} INFO - Started process (PID=755) to work on /home/airflow/.local/lib/python3.7/site-packages/airflow/example_dags/example_sensors.py
[2023-05-30T10:12:43.368+0000] {processor.py:799} INFO - Processing file /home/airflow/.local/lib/python3.7/site-packages/airflow/example_dags/example_sensors.py for tasks to queue
[2023-05-30T10:12:43.369+0000] {logging_mixin.py:149} INFO - [2023-05-30T10:12:43.369+0000] {dagbag.py:541} INFO - Filling up the DagBag from /home/airflow/.local/lib/python3.7/site-packages/airflow/example_dags/example_sensors.py
[2023-05-30T10:12:43.381+0000] {processor.py:809} INFO - DAG(s) dict_keys(['example_sensors']) retrieved from /home/airflow/.local/lib/python3.7/site-packages/airflow/example_dags/example_sensors.py
[2023-05-30T10:12:43.445+0000] {logging_mixin.py:149} INFO - [2023-05-30T10:12:43.445+0000] {dag.py:2726} INFO - Sync 1 DAGs
[2023-05-30T10:12:43.475+0000] {logging_mixin.py:149} INFO - [2023-05-30T10:12:43.475+0000] {dag.py:3490} INFO - Setting next_dagrun for example_sensors to None, run_after=None
[2023-05-30T10:12:43.496+0000] {processor.py:178} INFO - Processing /home/airflow/.local/lib/python3.7/site-packages/airflow/example_dags/example_sensors.py took 0.133 seconds
[2023-05-30T10:13:14.278+0000] {processor.py:156} INFO - Started process (PID=819) to work on /home/airflow/.local/lib/python3.7/site-packages/airflow/example_dags/example_sensors.py
[2023-05-30T10:13:14.279+0000] {processor.py:799} INFO - Processing file /home/airflow/.local/lib/python3.7/site-packages/airflow/example_dags/example_sensors.py for tasks to queue
[2023-05-30T10:13:14.280+0000] {logging_mixin.py:149} INFO - [2023-05-30T10:13:14.280+0000] {dagbag.py:541} INFO - Filling up the DagBag from /home/airflow/.local/lib/python3.7/site-packages/airflow/example_dags/example_sensors.py
[2023-05-30T10:13:14.292+0000] {processor.py:809} INFO - DAG(s) dict_keys(['example_sensors']) retrieved from /home/airflow/.local/lib/python3.7/site-packages/airflow/example_dags/example_sensors.py
[2023-05-30T10:13:14.357+0000] {logging_mixin.py:149} INFO - [2023-05-30T10:13:14.357+0000] {dag.py:2726} INFO - Sync 1 DAGs
[2023-05-30T10:13:14.391+0000] {logging_mixin.py:149} INFO - [2023-05-30T10:13:14.390+0000] {dag.py:3490} INFO - Setting next_dagrun for example_sensors to None, run_after=None
[2023-05-30T10:13:14.412+0000] {processor.py:178} INFO - Processing /home/airflow/.local/lib/python3.7/site-packages/airflow/example_dags/example_sensors.py took 0.138 seconds
[2023-05-30T10:13:44.585+0000] {processor.py:156} INFO - Started process (PID=876) to work on /home/airflow/.local/lib/python3.7/site-packages/airflow/example_dags/example_sensors.py
[2023-05-30T10:13:44.586+0000] {processor.py:799} INFO - Processing file /home/airflow/.local/lib/python3.7/site-packages/airflow/example_dags/example_sensors.py for tasks to queue
[2023-05-30T10:13:44.587+0000] {logging_mixin.py:149} INFO - [2023-05-30T10:13:44.587+0000] {dagbag.py:541} INFO - Filling up the DagBag from /home/airflow/.local/lib/python3.7/site-packages/airflow/example_dags/example_sensors.py
[2023-05-30T10:13:44.599+0000] {processor.py:809} INFO - DAG(s) dict_keys(['example_sensors']) retrieved from /home/airflow/.local/lib/python3.7/site-packages/airflow/example_dags/example_sensors.py
[2023-05-30T10:13:44.634+0000] {logging_mixin.py:149} INFO - [2023-05-30T10:13:44.634+0000] {dag.py:2726} INFO - Sync 1 DAGs
[2023-05-30T10:13:44.667+0000] {logging_mixin.py:149} INFO - [2023-05-30T10:13:44.667+0000] {dag.py:3490} INFO - Setting next_dagrun for example_sensors to None, run_after=None
[2023-05-30T10:13:44.689+0000] {processor.py:178} INFO - Processing /home/airflow/.local/lib/python3.7/site-packages/airflow/example_dags/example_sensors.py took 0.107 seconds
[2023-05-30T10:14:14.756+0000] {processor.py:156} INFO - Started process (PID=933) to work on /home/airflow/.local/lib/python3.7/site-packages/airflow/example_dags/example_sensors.py
[2023-05-30T10:14:14.757+0000] {processor.py:799} INFO - Processing file /home/airflow/.local/lib/python3.7/site-packages/airflow/example_dags/example_sensors.py for tasks to queue
[2023-05-30T10:14:14.758+0000] {logging_mixin.py:149} INFO - [2023-05-30T10:14:14.758+0000] {dagbag.py:541} INFO - Filling up the DagBag from /home/airflow/.local/lib/python3.7/site-packages/airflow/example_dags/example_sensors.py
[2023-05-30T10:14:14.770+0000] {processor.py:809} INFO - DAG(s) dict_keys(['example_sensors']) retrieved from /home/airflow/.local/lib/python3.7/site-packages/airflow/example_dags/example_sensors.py
[2023-05-30T10:14:14.802+0000] {logging_mixin.py:149} INFO - [2023-05-30T10:14:14.802+0000] {dag.py:2726} INFO - Sync 1 DAGs
[2023-05-30T10:14:14.832+0000] {logging_mixin.py:149} INFO - [2023-05-30T10:14:14.832+0000] {dag.py:3490} INFO - Setting next_dagrun for example_sensors to None, run_after=None
[2023-05-30T10:14:14.854+0000] {processor.py:178} INFO - Processing /home/airflow/.local/lib/python3.7/site-packages/airflow/example_dags/example_sensors.py took 0.102 seconds
[2023-05-30T10:14:45.539+0000] {processor.py:156} INFO - Started process (PID=990) to work on /home/airflow/.local/lib/python3.7/site-packages/airflow/example_dags/example_sensors.py
[2023-05-30T10:14:45.540+0000] {processor.py:799} INFO - Processing file /home/airflow/.local/lib/python3.7/site-packages/airflow/example_dags/example_sensors.py for tasks to queue
[2023-05-30T10:14:45.541+0000] {logging_mixin.py:149} INFO - [2023-05-30T10:14:45.540+0000] {dagbag.py:541} INFO - Filling up the DagBag from /home/airflow/.local/lib/python3.7/site-packages/airflow/example_dags/example_sensors.py
[2023-05-30T10:14:45.552+0000] {processor.py:809} INFO - DAG(s) dict_keys(['example_sensors']) retrieved from /home/airflow/.local/lib/python3.7/site-packages/airflow/example_dags/example_sensors.py
[2023-05-30T10:14:45.586+0000] {logging_mixin.py:149} INFO - [2023-05-30T10:14:45.586+0000] {dag.py:2726} INFO - Sync 1 DAGs
[2023-05-30T10:14:45.616+0000] {logging_mixin.py:149} INFO - [2023-05-30T10:14:45.616+0000] {dag.py:3490} INFO - Setting next_dagrun for example_sensors to None, run_after=None
[2023-05-30T10:14:45.643+0000] {processor.py:178} INFO - Processing /home/airflow/.local/lib/python3.7/site-packages/airflow/example_dags/example_sensors.py took 0.108 seconds
[2023-05-30T10:15:16.297+0000] {processor.py:156} INFO - Started process (PID=1047) to work on /home/airflow/.local/lib/python3.7/site-packages/airflow/example_dags/example_sensors.py
[2023-05-30T10:15:16.298+0000] {processor.py:799} INFO - Processing file /home/airflow/.local/lib/python3.7/site-packages/airflow/example_dags/example_sensors.py for tasks to queue
[2023-05-30T10:15:16.299+0000] {logging_mixin.py:149} INFO - [2023-05-30T10:15:16.299+0000] {dagbag.py:541} INFO - Filling up the DagBag from /home/airflow/.local/lib/python3.7/site-packages/airflow/example_dags/example_sensors.py
[2023-05-30T10:15:16.311+0000] {processor.py:809} INFO - DAG(s) dict_keys(['example_sensors']) retrieved from /home/airflow/.local/lib/python3.7/site-packages/airflow/example_dags/example_sensors.py
[2023-05-30T10:15:16.346+0000] {logging_mixin.py:149} INFO - [2023-05-30T10:15:16.345+0000] {dag.py:2726} INFO - Sync 1 DAGs
[2023-05-30T10:15:16.377+0000] {logging_mixin.py:149} INFO - [2023-05-30T10:15:16.377+0000] {dag.py:3490} INFO - Setting next_dagrun for example_sensors to None, run_after=None
[2023-05-30T10:15:16.397+0000] {processor.py:178} INFO - Processing /home/airflow/.local/lib/python3.7/site-packages/airflow/example_dags/example_sensors.py took 0.103 seconds
[2023-05-30T10:15:47.511+0000] {processor.py:156} INFO - Started process (PID=1104) to work on /home/airflow/.local/lib/python3.7/site-packages/airflow/example_dags/example_sensors.py
[2023-05-30T10:15:47.512+0000] {processor.py:799} INFO - Processing file /home/airflow/.local/lib/python3.7/site-packages/airflow/example_dags/example_sensors.py for tasks to queue
[2023-05-30T10:15:47.513+0000] {logging_mixin.py:149} INFO - [2023-05-30T10:15:47.513+0000] {dagbag.py:541} INFO - Filling up the DagBag from /home/airflow/.local/lib/python3.7/site-packages/airflow/example_dags/example_sensors.py
[2023-05-30T10:15:47.524+0000] {processor.py:809} INFO - DAG(s) dict_keys(['example_sensors']) retrieved from /home/airflow/.local/lib/python3.7/site-packages/airflow/example_dags/example_sensors.py
[2023-05-30T10:15:47.559+0000] {logging_mixin.py:149} INFO - [2023-05-30T10:15:47.559+0000] {dag.py:2726} INFO - Sync 1 DAGs
[2023-05-30T10:15:47.589+0000] {logging_mixin.py:149} INFO - [2023-05-30T10:15:47.589+0000] {dag.py:3490} INFO - Setting next_dagrun for example_sensors to None, run_after=None
[2023-05-30T10:15:47.609+0000] {processor.py:178} INFO - Processing /home/airflow/.local/lib/python3.7/site-packages/airflow/example_dags/example_sensors.py took 0.102 seconds
[2023-05-30T10:16:18.315+0000] {processor.py:156} INFO - Started process (PID=1161) to work on /home/airflow/.local/lib/python3.7/site-packages/airflow/example_dags/example_sensors.py
[2023-05-30T10:16:18.316+0000] {processor.py:799} INFO - Processing file /home/airflow/.local/lib/python3.7/site-packages/airflow/example_dags/example_sensors.py for tasks to queue
[2023-05-30T10:16:18.324+0000] {logging_mixin.py:149} INFO - [2023-05-30T10:16:18.324+0000] {dagbag.py:541} INFO - Filling up the DagBag from /home/airflow/.local/lib/python3.7/site-packages/airflow/example_dags/example_sensors.py
[2023-05-30T10:16:18.346+0000] {processor.py:809} INFO - DAG(s) dict_keys(['example_sensors']) retrieved from /home/airflow/.local/lib/python3.7/site-packages/airflow/example_dags/example_sensors.py
[2023-05-30T10:16:18.415+0000] {logging_mixin.py:149} INFO - [2023-05-30T10:16:18.414+0000] {dag.py:2726} INFO - Sync 1 DAGs
[2023-05-30T10:16:18.455+0000] {logging_mixin.py:149} INFO - [2023-05-30T10:16:18.455+0000] {dag.py:3490} INFO - Setting next_dagrun for example_sensors to None, run_after=None
[2023-05-30T10:16:18.483+0000] {processor.py:178} INFO - Processing /home/airflow/.local/lib/python3.7/site-packages/airflow/example_dags/example_sensors.py took 0.172 seconds
[2023-05-30T10:16:48.615+0000] {processor.py:156} INFO - Started process (PID=1218) to work on /home/airflow/.local/lib/python3.7/site-packages/airflow/example_dags/example_sensors.py
[2023-05-30T10:16:48.616+0000] {processor.py:799} INFO - Processing file /home/airflow/.local/lib/python3.7/site-packages/airflow/example_dags/example_sensors.py for tasks to queue
[2023-05-30T10:16:48.617+0000] {logging_mixin.py:149} INFO - [2023-05-30T10:16:48.616+0000] {dagbag.py:541} INFO - Filling up the DagBag from /home/airflow/.local/lib/python3.7/site-packages/airflow/example_dags/example_sensors.py
[2023-05-30T10:16:48.628+0000] {processor.py:809} INFO - DAG(s) dict_keys(['example_sensors']) retrieved from /home/airflow/.local/lib/python3.7/site-packages/airflow/example_dags/example_sensors.py
[2023-05-30T10:16:48.665+0000] {logging_mixin.py:149} INFO - [2023-05-30T10:16:48.664+0000] {dag.py:2726} INFO - Sync 1 DAGs
[2023-05-30T10:16:48.697+0000] {logging_mixin.py:149} INFO - [2023-05-30T10:16:48.696+0000] {dag.py:3490} INFO - Setting next_dagrun for example_sensors to None, run_after=None
[2023-05-30T10:16:48.718+0000] {processor.py:178} INFO - Processing /home/airflow/.local/lib/python3.7/site-packages/airflow/example_dags/example_sensors.py took 0.107 seconds
[2023-05-30T10:17:19.170+0000] {processor.py:156} INFO - Started process (PID=1275) to work on /home/airflow/.local/lib/python3.7/site-packages/airflow/example_dags/example_sensors.py
[2023-05-30T10:17:19.171+0000] {processor.py:799} INFO - Processing file /home/airflow/.local/lib/python3.7/site-packages/airflow/example_dags/example_sensors.py for tasks to queue
[2023-05-30T10:17:19.172+0000] {logging_mixin.py:149} INFO - [2023-05-30T10:17:19.171+0000] {dagbag.py:541} INFO - Filling up the DagBag from /home/airflow/.local/lib/python3.7/site-packages/airflow/example_dags/example_sensors.py
[2023-05-30T10:17:19.197+0000] {processor.py:809} INFO - DAG(s) dict_keys(['example_sensors']) retrieved from /home/airflow/.local/lib/python3.7/site-packages/airflow/example_dags/example_sensors.py
[2023-05-30T10:17:19.235+0000] {logging_mixin.py:149} INFO - [2023-05-30T10:17:19.235+0000] {dag.py:2726} INFO - Sync 1 DAGs
[2023-05-30T10:17:19.268+0000] {logging_mixin.py:149} INFO - [2023-05-30T10:17:19.268+0000] {dag.py:3490} INFO - Setting next_dagrun for example_sensors to None, run_after=None
[2023-05-30T10:17:19.294+0000] {processor.py:178} INFO - Processing /home/airflow/.local/lib/python3.7/site-packages/airflow/example_dags/example_sensors.py took 0.127 seconds
[2023-05-30T10:17:49.846+0000] {processor.py:156} INFO - Started process (PID=1331) to work on /home/airflow/.local/lib/python3.7/site-packages/airflow/example_dags/example_sensors.py
[2023-05-30T10:17:49.848+0000] {processor.py:799} INFO - Processing file /home/airflow/.local/lib/python3.7/site-packages/airflow/example_dags/example_sensors.py for tasks to queue
[2023-05-30T10:17:49.848+0000] {logging_mixin.py:149} INFO - [2023-05-30T10:17:49.848+0000] {dagbag.py:541} INFO - Filling up the DagBag from /home/airflow/.local/lib/python3.7/site-packages/airflow/example_dags/example_sensors.py
[2023-05-30T10:17:49.860+0000] {processor.py:809} INFO - DAG(s) dict_keys(['example_sensors']) retrieved from /home/airflow/.local/lib/python3.7/site-packages/airflow/example_dags/example_sensors.py
[2023-05-30T10:17:49.895+0000] {logging_mixin.py:149} INFO - [2023-05-30T10:17:49.894+0000] {dag.py:2726} INFO - Sync 1 DAGs
[2023-05-30T10:17:49.925+0000] {logging_mixin.py:149} INFO - [2023-05-30T10:17:49.925+0000] {dag.py:3490} INFO - Setting next_dagrun for example_sensors to None, run_after=None
[2023-05-30T10:17:49.945+0000] {processor.py:178} INFO - Processing /home/airflow/.local/lib/python3.7/site-packages/airflow/example_dags/example_sensors.py took 0.103 seconds
[2023-05-30T10:18:20.285+0000] {processor.py:156} INFO - Started process (PID=1388) to work on /home/airflow/.local/lib/python3.7/site-packages/airflow/example_dags/example_sensors.py
[2023-05-30T10:18:20.286+0000] {processor.py:799} INFO - Processing file /home/airflow/.local/lib/python3.7/site-packages/airflow/example_dags/example_sensors.py for tasks to queue
[2023-05-30T10:18:20.287+0000] {logging_mixin.py:149} INFO - [2023-05-30T10:18:20.287+0000] {dagbag.py:541} INFO - Filling up the DagBag from /home/airflow/.local/lib/python3.7/site-packages/airflow/example_dags/example_sensors.py
[2023-05-30T10:18:20.299+0000] {processor.py:809} INFO - DAG(s) dict_keys(['example_sensors']) retrieved from /home/airflow/.local/lib/python3.7/site-packages/airflow/example_dags/example_sensors.py
[2023-05-30T10:18:20.333+0000] {logging_mixin.py:149} INFO - [2023-05-30T10:18:20.332+0000] {dag.py:2726} INFO - Sync 1 DAGs
[2023-05-30T10:18:20.364+0000] {logging_mixin.py:149} INFO - [2023-05-30T10:18:20.364+0000] {dag.py:3490} INFO - Setting next_dagrun for example_sensors to None, run_after=None
[2023-05-30T10:18:20.385+0000] {processor.py:178} INFO - Processing /home/airflow/.local/lib/python3.7/site-packages/airflow/example_dags/example_sensors.py took 0.105 seconds
[2023-05-30T10:18:51.450+0000] {processor.py:156} INFO - Started process (PID=1445) to work on /home/airflow/.local/lib/python3.7/site-packages/airflow/example_dags/example_sensors.py
[2023-05-30T10:18:51.461+0000] {processor.py:799} INFO - Processing file /home/airflow/.local/lib/python3.7/site-packages/airflow/example_dags/example_sensors.py for tasks to queue
[2023-05-30T10:18:51.462+0000] {logging_mixin.py:149} INFO - [2023-05-30T10:18:51.462+0000] {dagbag.py:541} INFO - Filling up the DagBag from /home/airflow/.local/lib/python3.7/site-packages/airflow/example_dags/example_sensors.py
[2023-05-30T10:18:51.478+0000] {processor.py:809} INFO - DAG(s) dict_keys(['example_sensors']) retrieved from /home/airflow/.local/lib/python3.7/site-packages/airflow/example_dags/example_sensors.py
[2023-05-30T10:18:51.511+0000] {logging_mixin.py:149} INFO - [2023-05-30T10:18:51.511+0000] {dag.py:2726} INFO - Sync 1 DAGs
[2023-05-30T10:18:51.543+0000] {logging_mixin.py:149} INFO - [2023-05-30T10:18:51.543+0000] {dag.py:3490} INFO - Setting next_dagrun for example_sensors to None, run_after=None
[2023-05-30T10:18:51.564+0000] {processor.py:178} INFO - Processing /home/airflow/.local/lib/python3.7/site-packages/airflow/example_dags/example_sensors.py took 0.118 seconds
[2023-05-30T10:19:22.137+0000] {processor.py:156} INFO - Started process (PID=1501) to work on /home/airflow/.local/lib/python3.7/site-packages/airflow/example_dags/example_sensors.py
[2023-05-30T10:19:22.138+0000] {processor.py:799} INFO - Processing file /home/airflow/.local/lib/python3.7/site-packages/airflow/example_dags/example_sensors.py for tasks to queue
[2023-05-30T10:19:22.138+0000] {logging_mixin.py:149} INFO - [2023-05-30T10:19:22.138+0000] {dagbag.py:541} INFO - Filling up the DagBag from /home/airflow/.local/lib/python3.7/site-packages/airflow/example_dags/example_sensors.py
[2023-05-30T10:19:22.151+0000] {processor.py:809} INFO - DAG(s) dict_keys(['example_sensors']) retrieved from /home/airflow/.local/lib/python3.7/site-packages/airflow/example_dags/example_sensors.py
[2023-05-30T10:19:22.185+0000] {logging_mixin.py:149} INFO - [2023-05-30T10:19:22.185+0000] {dag.py:2726} INFO - Sync 1 DAGs
[2023-05-30T10:19:22.215+0000] {logging_mixin.py:149} INFO - [2023-05-30T10:19:22.215+0000] {dag.py:3490} INFO - Setting next_dagrun for example_sensors to None, run_after=None
[2023-05-30T10:19:22.235+0000] {processor.py:178} INFO - Processing /home/airflow/.local/lib/python3.7/site-packages/airflow/example_dags/example_sensors.py took 0.102 seconds
[2023-05-30T10:19:53.559+0000] {processor.py:156} INFO - Started process (PID=1558) to work on /home/airflow/.local/lib/python3.7/site-packages/airflow/example_dags/example_sensors.py
[2023-05-30T10:19:53.568+0000] {processor.py:799} INFO - Processing file /home/airflow/.local/lib/python3.7/site-packages/airflow/example_dags/example_sensors.py for tasks to queue
[2023-05-30T10:19:53.569+0000] {logging_mixin.py:149} INFO - [2023-05-30T10:19:53.569+0000] {dagbag.py:541} INFO - Filling up the DagBag from /home/airflow/.local/lib/python3.7/site-packages/airflow/example_dags/example_sensors.py
[2023-05-30T10:19:53.588+0000] {processor.py:809} INFO - DAG(s) dict_keys(['example_sensors']) retrieved from /home/airflow/.local/lib/python3.7/site-packages/airflow/example_dags/example_sensors.py
[2023-05-30T10:19:53.658+0000] {logging_mixin.py:149} INFO - [2023-05-30T10:19:53.658+0000] {dag.py:2726} INFO - Sync 1 DAGs
[2023-05-30T10:19:53.717+0000] {logging_mixin.py:149} INFO - [2023-05-30T10:19:53.716+0000] {dag.py:3490} INFO - Setting next_dagrun for example_sensors to None, run_after=None
[2023-05-30T10:19:53.757+0000] {processor.py:178} INFO - Processing /home/airflow/.local/lib/python3.7/site-packages/airflow/example_dags/example_sensors.py took 0.201 seconds
[2023-05-30T10:20:24.069+0000] {processor.py:156} INFO - Started process (PID=1614) to work on /home/airflow/.local/lib/python3.7/site-packages/airflow/example_dags/example_sensors.py
[2023-05-30T10:20:24.070+0000] {processor.py:799} INFO - Processing file /home/airflow/.local/lib/python3.7/site-packages/airflow/example_dags/example_sensors.py for tasks to queue
[2023-05-30T10:20:24.071+0000] {logging_mixin.py:149} INFO - [2023-05-30T10:20:24.070+0000] {dagbag.py:541} INFO - Filling up the DagBag from /home/airflow/.local/lib/python3.7/site-packages/airflow/example_dags/example_sensors.py
[2023-05-30T10:20:24.084+0000] {processor.py:809} INFO - DAG(s) dict_keys(['example_sensors']) retrieved from /home/airflow/.local/lib/python3.7/site-packages/airflow/example_dags/example_sensors.py
[2023-05-30T10:20:24.119+0000] {logging_mixin.py:149} INFO - [2023-05-30T10:20:24.118+0000] {dag.py:2726} INFO - Sync 1 DAGs
[2023-05-30T10:20:24.150+0000] {logging_mixin.py:149} INFO - [2023-05-30T10:20:24.150+0000] {dag.py:3490} INFO - Setting next_dagrun for example_sensors to None, run_after=None
[2023-05-30T10:20:24.170+0000] {processor.py:178} INFO - Processing /home/airflow/.local/lib/python3.7/site-packages/airflow/example_dags/example_sensors.py took 0.106 seconds
[2023-05-30T10:20:54.429+0000] {processor.py:156} INFO - Started process (PID=1672) to work on /home/airflow/.local/lib/python3.7/site-packages/airflow/example_dags/example_sensors.py
[2023-05-30T10:20:54.430+0000] {processor.py:799} INFO - Processing file /home/airflow/.local/lib/python3.7/site-packages/airflow/example_dags/example_sensors.py for tasks to queue
[2023-05-30T10:20:54.430+0000] {logging_mixin.py:149} INFO - [2023-05-30T10:20:54.430+0000] {dagbag.py:541} INFO - Filling up the DagBag from /home/airflow/.local/lib/python3.7/site-packages/airflow/example_dags/example_sensors.py
[2023-05-30T10:20:54.442+0000] {processor.py:809} INFO - DAG(s) dict_keys(['example_sensors']) retrieved from /home/airflow/.local/lib/python3.7/site-packages/airflow/example_dags/example_sensors.py
[2023-05-30T10:20:54.476+0000] {logging_mixin.py:149} INFO - [2023-05-30T10:20:54.476+0000] {dag.py:2726} INFO - Sync 1 DAGs
[2023-05-30T10:20:54.506+0000] {logging_mixin.py:149} INFO - [2023-05-30T10:20:54.506+0000] {dag.py:3490} INFO - Setting next_dagrun for example_sensors to None, run_after=None
[2023-05-30T10:20:54.527+0000] {processor.py:178} INFO - Processing /home/airflow/.local/lib/python3.7/site-packages/airflow/example_dags/example_sensors.py took 0.102 seconds
[2023-05-30T10:21:24.739+0000] {processor.py:156} INFO - Started process (PID=1729) to work on /home/airflow/.local/lib/python3.7/site-packages/airflow/example_dags/example_sensors.py
[2023-05-30T10:21:24.740+0000] {processor.py:799} INFO - Processing file /home/airflow/.local/lib/python3.7/site-packages/airflow/example_dags/example_sensors.py for tasks to queue
[2023-05-30T10:21:24.741+0000] {logging_mixin.py:149} INFO - [2023-05-30T10:21:24.741+0000] {dagbag.py:541} INFO - Filling up the DagBag from /home/airflow/.local/lib/python3.7/site-packages/airflow/example_dags/example_sensors.py
[2023-05-30T10:21:24.753+0000] {processor.py:809} INFO - DAG(s) dict_keys(['example_sensors']) retrieved from /home/airflow/.local/lib/python3.7/site-packages/airflow/example_dags/example_sensors.py
[2023-05-30T10:21:24.786+0000] {logging_mixin.py:149} INFO - [2023-05-30T10:21:24.786+0000] {dag.py:2726} INFO - Sync 1 DAGs
[2023-05-30T10:21:24.816+0000] {logging_mixin.py:149} INFO - [2023-05-30T10:21:24.816+0000] {dag.py:3490} INFO - Setting next_dagrun for example_sensors to None, run_after=None
[2023-05-30T10:21:24.837+0000] {processor.py:178} INFO - Processing /home/airflow/.local/lib/python3.7/site-packages/airflow/example_dags/example_sensors.py took 0.101 seconds
[2023-05-30T10:21:55.629+0000] {processor.py:156} INFO - Started process (PID=1787) to work on /home/airflow/.local/lib/python3.7/site-packages/airflow/example_dags/example_sensors.py
[2023-05-30T10:21:55.630+0000] {processor.py:799} INFO - Processing file /home/airflow/.local/lib/python3.7/site-packages/airflow/example_dags/example_sensors.py for tasks to queue
[2023-05-30T10:21:55.630+0000] {logging_mixin.py:149} INFO - [2023-05-30T10:21:55.630+0000] {dagbag.py:541} INFO - Filling up the DagBag from /home/airflow/.local/lib/python3.7/site-packages/airflow/example_dags/example_sensors.py
[2023-05-30T10:21:55.642+0000] {processor.py:809} INFO - DAG(s) dict_keys(['example_sensors']) retrieved from /home/airflow/.local/lib/python3.7/site-packages/airflow/example_dags/example_sensors.py
[2023-05-30T10:21:55.676+0000] {logging_mixin.py:149} INFO - [2023-05-30T10:21:55.676+0000] {dag.py:2726} INFO - Sync 1 DAGs
[2023-05-30T10:21:55.707+0000] {logging_mixin.py:149} INFO - [2023-05-30T10:21:55.707+0000] {dag.py:3490} INFO - Setting next_dagrun for example_sensors to None, run_after=None
[2023-05-30T10:21:55.727+0000] {processor.py:178} INFO - Processing /home/airflow/.local/lib/python3.7/site-packages/airflow/example_dags/example_sensors.py took 0.102 seconds
[2023-05-30T10:22:26.107+0000] {processor.py:156} INFO - Started process (PID=1843) to work on /home/airflow/.local/lib/python3.7/site-packages/airflow/example_dags/example_sensors.py
[2023-05-30T10:22:26.108+0000] {processor.py:799} INFO - Processing file /home/airflow/.local/lib/python3.7/site-packages/airflow/example_dags/example_sensors.py for tasks to queue
[2023-05-30T10:22:26.108+0000] {logging_mixin.py:149} INFO - [2023-05-30T10:22:26.108+0000] {dagbag.py:541} INFO - Filling up the DagBag from /home/airflow/.local/lib/python3.7/site-packages/airflow/example_dags/example_sensors.py
[2023-05-30T10:22:26.120+0000] {processor.py:809} INFO - DAG(s) dict_keys(['example_sensors']) retrieved from /home/airflow/.local/lib/python3.7/site-packages/airflow/example_dags/example_sensors.py
[2023-05-30T10:22:26.154+0000] {logging_mixin.py:149} INFO - [2023-05-30T10:22:26.154+0000] {dag.py:2726} INFO - Sync 1 DAGs
[2023-05-30T10:22:26.185+0000] {logging_mixin.py:149} INFO - [2023-05-30T10:22:26.184+0000] {dag.py:3490} INFO - Setting next_dagrun for example_sensors to None, run_after=None
[2023-05-30T10:22:26.205+0000] {processor.py:178} INFO - Processing /home/airflow/.local/lib/python3.7/site-packages/airflow/example_dags/example_sensors.py took 0.102 seconds
[2023-05-30T10:22:56.484+0000] {processor.py:156} INFO - Started process (PID=1900) to work on /home/airflow/.local/lib/python3.7/site-packages/airflow/example_dags/example_sensors.py
[2023-05-30T10:22:56.485+0000] {processor.py:799} INFO - Processing file /home/airflow/.local/lib/python3.7/site-packages/airflow/example_dags/example_sensors.py for tasks to queue
[2023-05-30T10:22:56.486+0000] {logging_mixin.py:149} INFO - [2023-05-30T10:22:56.486+0000] {dagbag.py:541} INFO - Filling up the DagBag from /home/airflow/.local/lib/python3.7/site-packages/airflow/example_dags/example_sensors.py
[2023-05-30T10:22:56.499+0000] {processor.py:809} INFO - DAG(s) dict_keys(['example_sensors']) retrieved from /home/airflow/.local/lib/python3.7/site-packages/airflow/example_dags/example_sensors.py
[2023-05-30T10:22:56.532+0000] {logging_mixin.py:149} INFO - [2023-05-30T10:22:56.532+0000] {dag.py:2726} INFO - Sync 1 DAGs
[2023-05-30T10:22:56.563+0000] {logging_mixin.py:149} INFO - [2023-05-30T10:22:56.563+0000] {dag.py:3490} INFO - Setting next_dagrun for example_sensors to None, run_after=None
[2023-05-30T10:22:56.584+0000] {processor.py:178} INFO - Processing /home/airflow/.local/lib/python3.7/site-packages/airflow/example_dags/example_sensors.py took 0.103 seconds
[2023-05-30T10:23:26.915+0000] {processor.py:156} INFO - Started process (PID=1957) to work on /home/airflow/.local/lib/python3.7/site-packages/airflow/example_dags/example_sensors.py
[2023-05-30T10:23:26.916+0000] {processor.py:799} INFO - Processing file /home/airflow/.local/lib/python3.7/site-packages/airflow/example_dags/example_sensors.py for tasks to queue
[2023-05-30T10:23:26.917+0000] {logging_mixin.py:149} INFO - [2023-05-30T10:23:26.917+0000] {dagbag.py:541} INFO - Filling up the DagBag from /home/airflow/.local/lib/python3.7/site-packages/airflow/example_dags/example_sensors.py
[2023-05-30T10:23:26.929+0000] {processor.py:809} INFO - DAG(s) dict_keys(['example_sensors']) retrieved from /home/airflow/.local/lib/python3.7/site-packages/airflow/example_dags/example_sensors.py
[2023-05-30T10:23:26.966+0000] {logging_mixin.py:149} INFO - [2023-05-30T10:23:26.965+0000] {dag.py:2726} INFO - Sync 1 DAGs
[2023-05-30T10:23:26.997+0000] {logging_mixin.py:149} INFO - [2023-05-30T10:23:26.997+0000] {dag.py:3490} INFO - Setting next_dagrun for example_sensors to None, run_after=None
[2023-05-30T10:23:27.018+0000] {processor.py:178} INFO - Processing /home/airflow/.local/lib/python3.7/site-packages/airflow/example_dags/example_sensors.py took 0.107 seconds
[2023-05-30T10:23:57.111+0000] {processor.py:156} INFO - Started process (PID=2014) to work on /home/airflow/.local/lib/python3.7/site-packages/airflow/example_dags/example_sensors.py
[2023-05-30T10:23:57.112+0000] {processor.py:799} INFO - Processing file /home/airflow/.local/lib/python3.7/site-packages/airflow/example_dags/example_sensors.py for tasks to queue
[2023-05-30T10:23:57.113+0000] {logging_mixin.py:149} INFO - [2023-05-30T10:23:57.113+0000] {dagbag.py:541} INFO - Filling up the DagBag from /home/airflow/.local/lib/python3.7/site-packages/airflow/example_dags/example_sensors.py
[2023-05-30T10:23:57.125+0000] {processor.py:809} INFO - DAG(s) dict_keys(['example_sensors']) retrieved from /home/airflow/.local/lib/python3.7/site-packages/airflow/example_dags/example_sensors.py
[2023-05-30T10:23:57.159+0000] {logging_mixin.py:149} INFO - [2023-05-30T10:23:57.158+0000] {dag.py:2726} INFO - Sync 1 DAGs
[2023-05-30T10:23:57.190+0000] {logging_mixin.py:149} INFO - [2023-05-30T10:23:57.190+0000] {dag.py:3490} INFO - Setting next_dagrun for example_sensors to None, run_after=None
[2023-05-30T10:23:57.211+0000] {processor.py:178} INFO - Processing /home/airflow/.local/lib/python3.7/site-packages/airflow/example_dags/example_sensors.py took 0.103 seconds
[2023-05-30T10:24:27.969+0000] {processor.py:156} INFO - Started process (PID=2071) to work on /home/airflow/.local/lib/python3.7/site-packages/airflow/example_dags/example_sensors.py
[2023-05-30T10:24:27.970+0000] {processor.py:799} INFO - Processing file /home/airflow/.local/lib/python3.7/site-packages/airflow/example_dags/example_sensors.py for tasks to queue
[2023-05-30T10:24:27.971+0000] {logging_mixin.py:149} INFO - [2023-05-30T10:24:27.971+0000] {dagbag.py:541} INFO - Filling up the DagBag from /home/airflow/.local/lib/python3.7/site-packages/airflow/example_dags/example_sensors.py
[2023-05-30T10:24:27.983+0000] {processor.py:809} INFO - DAG(s) dict_keys(['example_sensors']) retrieved from /home/airflow/.local/lib/python3.7/site-packages/airflow/example_dags/example_sensors.py
[2023-05-30T10:24:28.020+0000] {logging_mixin.py:149} INFO - [2023-05-30T10:24:28.020+0000] {dag.py:2726} INFO - Sync 1 DAGs
[2023-05-30T10:24:28.050+0000] {logging_mixin.py:149} INFO - [2023-05-30T10:24:28.050+0000] {dag.py:3490} INFO - Setting next_dagrun for example_sensors to None, run_after=None
[2023-05-30T10:24:28.070+0000] {processor.py:178} INFO - Processing /home/airflow/.local/lib/python3.7/site-packages/airflow/example_dags/example_sensors.py took 0.105 seconds
[2023-05-30T10:24:58.368+0000] {processor.py:156} INFO - Started process (PID=2128) to work on /home/airflow/.local/lib/python3.7/site-packages/airflow/example_dags/example_sensors.py
[2023-05-30T10:24:58.369+0000] {processor.py:799} INFO - Processing file /home/airflow/.local/lib/python3.7/site-packages/airflow/example_dags/example_sensors.py for tasks to queue
[2023-05-30T10:24:58.370+0000] {logging_mixin.py:149} INFO - [2023-05-30T10:24:58.370+0000] {dagbag.py:541} INFO - Filling up the DagBag from /home/airflow/.local/lib/python3.7/site-packages/airflow/example_dags/example_sensors.py
[2023-05-30T10:24:58.381+0000] {processor.py:809} INFO - DAG(s) dict_keys(['example_sensors']) retrieved from /home/airflow/.local/lib/python3.7/site-packages/airflow/example_dags/example_sensors.py
[2023-05-30T10:24:58.415+0000] {logging_mixin.py:149} INFO - [2023-05-30T10:24:58.415+0000] {dag.py:2726} INFO - Sync 1 DAGs
[2023-05-30T10:24:58.445+0000] {logging_mixin.py:149} INFO - [2023-05-30T10:24:58.445+0000] {dag.py:3490} INFO - Setting next_dagrun for example_sensors to None, run_after=None
[2023-05-30T10:24:58.465+0000] {processor.py:178} INFO - Processing /home/airflow/.local/lib/python3.7/site-packages/airflow/example_dags/example_sensors.py took 0.101 seconds
[2023-05-30T10:25:29.006+0000] {processor.py:156} INFO - Started process (PID=2185) to work on /home/airflow/.local/lib/python3.7/site-packages/airflow/example_dags/example_sensors.py
[2023-05-30T10:25:29.007+0000] {processor.py:799} INFO - Processing file /home/airflow/.local/lib/python3.7/site-packages/airflow/example_dags/example_sensors.py for tasks to queue
[2023-05-30T10:25:29.008+0000] {logging_mixin.py:149} INFO - [2023-05-30T10:25:29.008+0000] {dagbag.py:541} INFO - Filling up the DagBag from /home/airflow/.local/lib/python3.7/site-packages/airflow/example_dags/example_sensors.py
[2023-05-30T10:25:29.026+0000] {processor.py:809} INFO - DAG(s) dict_keys(['example_sensors']) retrieved from /home/airflow/.local/lib/python3.7/site-packages/airflow/example_dags/example_sensors.py
[2023-05-30T10:25:29.061+0000] {logging_mixin.py:149} INFO - [2023-05-30T10:25:29.061+0000] {dag.py:2726} INFO - Sync 1 DAGs
[2023-05-30T10:25:29.092+0000] {logging_mixin.py:149} INFO - [2023-05-30T10:25:29.092+0000] {dag.py:3490} INFO - Setting next_dagrun for example_sensors to None, run_after=None
[2023-05-30T10:25:29.113+0000] {processor.py:178} INFO - Processing /home/airflow/.local/lib/python3.7/site-packages/airflow/example_dags/example_sensors.py took 0.115 seconds
[2023-05-30T10:25:59.954+0000] {processor.py:156} INFO - Started process (PID=2242) to work on /home/airflow/.local/lib/python3.7/site-packages/airflow/example_dags/example_sensors.py
[2023-05-30T10:25:59.955+0000] {processor.py:799} INFO - Processing file /home/airflow/.local/lib/python3.7/site-packages/airflow/example_dags/example_sensors.py for tasks to queue
[2023-05-30T10:25:59.956+0000] {logging_mixin.py:149} INFO - [2023-05-30T10:25:59.955+0000] {dagbag.py:541} INFO - Filling up the DagBag from /home/airflow/.local/lib/python3.7/site-packages/airflow/example_dags/example_sensors.py
[2023-05-30T10:25:59.968+0000] {processor.py:809} INFO - DAG(s) dict_keys(['example_sensors']) retrieved from /home/airflow/.local/lib/python3.7/site-packages/airflow/example_dags/example_sensors.py
[2023-05-30T10:26:00.003+0000] {logging_mixin.py:149} INFO - [2023-05-30T10:26:00.003+0000] {dag.py:2726} INFO - Sync 1 DAGs
[2023-05-30T10:26:00.035+0000] {logging_mixin.py:149} INFO - [2023-05-30T10:26:00.035+0000] {dag.py:3490} INFO - Setting next_dagrun for example_sensors to None, run_after=None
[2023-05-30T10:26:00.056+0000] {processor.py:178} INFO - Processing /home/airflow/.local/lib/python3.7/site-packages/airflow/example_dags/example_sensors.py took 0.106 seconds
[2023-05-30T10:26:30.856+0000] {processor.py:156} INFO - Started process (PID=2299) to work on /home/airflow/.local/lib/python3.7/site-packages/airflow/example_dags/example_sensors.py
[2023-05-30T10:26:30.857+0000] {processor.py:799} INFO - Processing file /home/airflow/.local/lib/python3.7/site-packages/airflow/example_dags/example_sensors.py for tasks to queue
[2023-05-30T10:26:30.858+0000] {logging_mixin.py:149} INFO - [2023-05-30T10:26:30.858+0000] {dagbag.py:541} INFO - Filling up the DagBag from /home/airflow/.local/lib/python3.7/site-packages/airflow/example_dags/example_sensors.py
[2023-05-30T10:26:30.870+0000] {processor.py:809} INFO - DAG(s) dict_keys(['example_sensors']) retrieved from /home/airflow/.local/lib/python3.7/site-packages/airflow/example_dags/example_sensors.py
[2023-05-30T10:26:30.909+0000] {logging_mixin.py:149} INFO - [2023-05-30T10:26:30.909+0000] {dag.py:2726} INFO - Sync 1 DAGs
[2023-05-30T10:26:30.939+0000] {logging_mixin.py:149} INFO - [2023-05-30T10:26:30.939+0000] {dag.py:3490} INFO - Setting next_dagrun for example_sensors to None, run_after=None
[2023-05-30T10:26:30.961+0000] {processor.py:178} INFO - Processing /home/airflow/.local/lib/python3.7/site-packages/airflow/example_dags/example_sensors.py took 0.109 seconds
[2023-05-30T10:27:02.798+0000] {processor.py:156} INFO - Started process (PID=2357) to work on /home/airflow/.local/lib/python3.7/site-packages/airflow/example_dags/example_sensors.py
[2023-05-30T10:27:02.799+0000] {processor.py:799} INFO - Processing file /home/airflow/.local/lib/python3.7/site-packages/airflow/example_dags/example_sensors.py for tasks to queue
[2023-05-30T10:27:02.820+0000] {logging_mixin.py:149} INFO - [2023-05-30T10:27:02.800+0000] {dagbag.py:541} INFO - Filling up the DagBag from /home/airflow/.local/lib/python3.7/site-packages/airflow/example_dags/example_sensors.py
[2023-05-30T10:27:02.860+0000] {processor.py:809} INFO - DAG(s) dict_keys(['example_sensors']) retrieved from /home/airflow/.local/lib/python3.7/site-packages/airflow/example_dags/example_sensors.py
[2023-05-30T10:27:02.974+0000] {logging_mixin.py:149} INFO - [2023-05-30T10:27:02.974+0000] {dag.py:2726} INFO - Sync 1 DAGs
[2023-05-30T10:27:03.073+0000] {logging_mixin.py:149} INFO - [2023-05-30T10:27:03.072+0000] {dag.py:3490} INFO - Setting next_dagrun for example_sensors to None, run_after=None
[2023-05-30T10:27:03.139+0000] {processor.py:178} INFO - Processing /home/airflow/.local/lib/python3.7/site-packages/airflow/example_dags/example_sensors.py took 0.345 seconds
[2023-05-30T10:27:33.749+0000] {processor.py:156} INFO - Started process (PID=2414) to work on /home/airflow/.local/lib/python3.7/site-packages/airflow/example_dags/example_sensors.py
[2023-05-30T10:27:33.753+0000] {processor.py:799} INFO - Processing file /home/airflow/.local/lib/python3.7/site-packages/airflow/example_dags/example_sensors.py for tasks to queue
[2023-05-30T10:27:33.756+0000] {logging_mixin.py:149} INFO - [2023-05-30T10:27:33.754+0000] {dagbag.py:541} INFO - Filling up the DagBag from /home/airflow/.local/lib/python3.7/site-packages/airflow/example_dags/example_sensors.py
[2023-05-30T10:27:33.771+0000] {processor.py:809} INFO - DAG(s) dict_keys(['example_sensors']) retrieved from /home/airflow/.local/lib/python3.7/site-packages/airflow/example_dags/example_sensors.py
[2023-05-30T10:27:33.814+0000] {logging_mixin.py:149} INFO - [2023-05-30T10:27:33.814+0000] {dag.py:2726} INFO - Sync 1 DAGs
[2023-05-30T10:27:33.845+0000] {logging_mixin.py:149} INFO - [2023-05-30T10:27:33.845+0000] {dag.py:3490} INFO - Setting next_dagrun for example_sensors to None, run_after=None
[2023-05-30T10:27:33.867+0000] {processor.py:178} INFO - Processing /home/airflow/.local/lib/python3.7/site-packages/airflow/example_dags/example_sensors.py took 0.121 seconds
[2023-05-30T10:28:04.043+0000] {processor.py:156} INFO - Started process (PID=2472) to work on /home/airflow/.local/lib/python3.7/site-packages/airflow/example_dags/example_sensors.py
[2023-05-30T10:28:04.044+0000] {processor.py:799} INFO - Processing file /home/airflow/.local/lib/python3.7/site-packages/airflow/example_dags/example_sensors.py for tasks to queue
[2023-05-30T10:28:04.044+0000] {logging_mixin.py:149} INFO - [2023-05-30T10:28:04.044+0000] {dagbag.py:541} INFO - Filling up the DagBag from /home/airflow/.local/lib/python3.7/site-packages/airflow/example_dags/example_sensors.py
[2023-05-30T10:28:04.056+0000] {processor.py:809} INFO - DAG(s) dict_keys(['example_sensors']) retrieved from /home/airflow/.local/lib/python3.7/site-packages/airflow/example_dags/example_sensors.py
[2023-05-30T10:28:04.090+0000] {logging_mixin.py:149} INFO - [2023-05-30T10:28:04.090+0000] {dag.py:2726} INFO - Sync 1 DAGs
[2023-05-30T10:28:04.120+0000] {logging_mixin.py:149} INFO - [2023-05-30T10:28:04.120+0000] {dag.py:3490} INFO - Setting next_dagrun for example_sensors to None, run_after=None
[2023-05-30T10:28:04.140+0000] {processor.py:178} INFO - Processing /home/airflow/.local/lib/python3.7/site-packages/airflow/example_dags/example_sensors.py took 0.102 seconds
[2023-05-30T10:28:34.515+0000] {processor.py:156} INFO - Started process (PID=2529) to work on /home/airflow/.local/lib/python3.7/site-packages/airflow/example_dags/example_sensors.py
[2023-05-30T10:28:34.520+0000] {processor.py:799} INFO - Processing file /home/airflow/.local/lib/python3.7/site-packages/airflow/example_dags/example_sensors.py for tasks to queue
[2023-05-30T10:28:34.521+0000] {logging_mixin.py:149} INFO - [2023-05-30T10:28:34.521+0000] {dagbag.py:541} INFO - Filling up the DagBag from /home/airflow/.local/lib/python3.7/site-packages/airflow/example_dags/example_sensors.py
[2023-05-30T10:28:34.541+0000] {processor.py:809} INFO - DAG(s) dict_keys(['example_sensors']) retrieved from /home/airflow/.local/lib/python3.7/site-packages/airflow/example_dags/example_sensors.py
[2023-05-30T10:28:34.600+0000] {logging_mixin.py:149} INFO - [2023-05-30T10:28:34.600+0000] {dag.py:2726} INFO - Sync 1 DAGs
[2023-05-30T10:28:34.632+0000] {logging_mixin.py:149} INFO - [2023-05-30T10:28:34.631+0000] {dag.py:3490} INFO - Setting next_dagrun for example_sensors to None, run_after=None
[2023-05-30T10:28:34.658+0000] {processor.py:178} INFO - Processing /home/airflow/.local/lib/python3.7/site-packages/airflow/example_dags/example_sensors.py took 0.151 seconds
[2023-05-30T10:29:05.455+0000] {processor.py:156} INFO - Started process (PID=2585) to work on /home/airflow/.local/lib/python3.7/site-packages/airflow/example_dags/example_sensors.py
[2023-05-30T10:29:05.461+0000] {processor.py:799} INFO - Processing file /home/airflow/.local/lib/python3.7/site-packages/airflow/example_dags/example_sensors.py for tasks to queue
[2023-05-30T10:29:05.462+0000] {logging_mixin.py:149} INFO - [2023-05-30T10:29:05.462+0000] {dagbag.py:541} INFO - Filling up the DagBag from /home/airflow/.local/lib/python3.7/site-packages/airflow/example_dags/example_sensors.py
[2023-05-30T10:29:05.496+0000] {processor.py:809} INFO - DAG(s) dict_keys(['example_sensors']) retrieved from /home/airflow/.local/lib/python3.7/site-packages/airflow/example_dags/example_sensors.py
[2023-05-30T10:29:05.599+0000] {logging_mixin.py:149} INFO - [2023-05-30T10:29:05.599+0000] {dag.py:2726} INFO - Sync 1 DAGs
[2023-05-30T10:29:05.658+0000] {logging_mixin.py:149} INFO - [2023-05-30T10:29:05.658+0000] {dag.py:3490} INFO - Setting next_dagrun for example_sensors to None, run_after=None
[2023-05-30T10:29:05.696+0000] {processor.py:178} INFO - Processing /home/airflow/.local/lib/python3.7/site-packages/airflow/example_dags/example_sensors.py took 0.256 seconds
[2023-05-30T10:29:36.614+0000] {processor.py:156} INFO - Started process (PID=2642) to work on /home/airflow/.local/lib/python3.7/site-packages/airflow/example_dags/example_sensors.py
[2023-05-30T10:29:36.616+0000] {processor.py:799} INFO - Processing file /home/airflow/.local/lib/python3.7/site-packages/airflow/example_dags/example_sensors.py for tasks to queue
[2023-05-30T10:29:36.617+0000] {logging_mixin.py:149} INFO - [2023-05-30T10:29:36.617+0000] {dagbag.py:541} INFO - Filling up the DagBag from /home/airflow/.local/lib/python3.7/site-packages/airflow/example_dags/example_sensors.py
[2023-05-30T10:29:36.637+0000] {processor.py:809} INFO - DAG(s) dict_keys(['example_sensors']) retrieved from /home/airflow/.local/lib/python3.7/site-packages/airflow/example_dags/example_sensors.py
[2023-05-30T10:29:36.695+0000] {logging_mixin.py:149} INFO - [2023-05-30T10:29:36.695+0000] {dag.py:2726} INFO - Sync 1 DAGs
[2023-05-30T10:29:36.751+0000] {logging_mixin.py:149} INFO - [2023-05-30T10:29:36.750+0000] {dag.py:3490} INFO - Setting next_dagrun for example_sensors to None, run_after=None
[2023-05-30T10:29:36.806+0000] {processor.py:178} INFO - Processing /home/airflow/.local/lib/python3.7/site-packages/airflow/example_dags/example_sensors.py took 0.197 seconds
[2023-05-30T10:30:07.115+0000] {processor.py:156} INFO - Started process (PID=2698) to work on /home/airflow/.local/lib/python3.7/site-packages/airflow/example_dags/example_sensors.py
[2023-05-30T10:30:07.121+0000] {processor.py:799} INFO - Processing file /home/airflow/.local/lib/python3.7/site-packages/airflow/example_dags/example_sensors.py for tasks to queue
[2023-05-30T10:30:07.122+0000] {logging_mixin.py:149} INFO - [2023-05-30T10:30:07.121+0000] {dagbag.py:541} INFO - Filling up the DagBag from /home/airflow/.local/lib/python3.7/site-packages/airflow/example_dags/example_sensors.py
[2023-05-30T10:30:07.148+0000] {processor.py:809} INFO - DAG(s) dict_keys(['example_sensors']) retrieved from /home/airflow/.local/lib/python3.7/site-packages/airflow/example_dags/example_sensors.py
[2023-05-30T10:30:07.214+0000] {logging_mixin.py:149} INFO - [2023-05-30T10:30:07.214+0000] {dag.py:2726} INFO - Sync 1 DAGs
[2023-05-30T10:30:07.252+0000] {logging_mixin.py:149} INFO - [2023-05-30T10:30:07.252+0000] {dag.py:3490} INFO - Setting next_dagrun for example_sensors to None, run_after=None
[2023-05-30T10:30:07.273+0000] {processor.py:178} INFO - Processing /home/airflow/.local/lib/python3.7/site-packages/airflow/example_dags/example_sensors.py took 0.161 seconds
[2023-05-30T10:30:37.451+0000] {processor.py:156} INFO - Started process (PID=2755) to work on /home/airflow/.local/lib/python3.7/site-packages/airflow/example_dags/example_sensors.py
[2023-05-30T10:30:37.452+0000] {processor.py:799} INFO - Processing file /home/airflow/.local/lib/python3.7/site-packages/airflow/example_dags/example_sensors.py for tasks to queue
[2023-05-30T10:30:37.453+0000] {logging_mixin.py:149} INFO - [2023-05-30T10:30:37.453+0000] {dagbag.py:541} INFO - Filling up the DagBag from /home/airflow/.local/lib/python3.7/site-packages/airflow/example_dags/example_sensors.py
[2023-05-30T10:30:37.471+0000] {processor.py:809} INFO - DAG(s) dict_keys(['example_sensors']) retrieved from /home/airflow/.local/lib/python3.7/site-packages/airflow/example_dags/example_sensors.py
[2023-05-30T10:30:37.504+0000] {logging_mixin.py:149} INFO - [2023-05-30T10:30:37.503+0000] {dag.py:2726} INFO - Sync 1 DAGs
[2023-05-30T10:30:37.534+0000] {logging_mixin.py:149} INFO - [2023-05-30T10:30:37.534+0000] {dag.py:3490} INFO - Setting next_dagrun for example_sensors to None, run_after=None
[2023-05-30T10:30:37.555+0000] {processor.py:178} INFO - Processing /home/airflow/.local/lib/python3.7/site-packages/airflow/example_dags/example_sensors.py took 0.109 seconds
[2023-05-30T10:31:07.919+0000] {processor.py:156} INFO - Started process (PID=2812) to work on /home/airflow/.local/lib/python3.7/site-packages/airflow/example_dags/example_sensors.py
[2023-05-30T10:31:07.920+0000] {processor.py:799} INFO - Processing file /home/airflow/.local/lib/python3.7/site-packages/airflow/example_dags/example_sensors.py for tasks to queue
[2023-05-30T10:31:07.921+0000] {logging_mixin.py:149} INFO - [2023-05-30T10:31:07.921+0000] {dagbag.py:541} INFO - Filling up the DagBag from /home/airflow/.local/lib/python3.7/site-packages/airflow/example_dags/example_sensors.py
[2023-05-30T10:31:07.937+0000] {processor.py:809} INFO - DAG(s) dict_keys(['example_sensors']) retrieved from /home/airflow/.local/lib/python3.7/site-packages/airflow/example_dags/example_sensors.py
[2023-05-30T10:31:07.970+0000] {logging_mixin.py:149} INFO - [2023-05-30T10:31:07.970+0000] {dag.py:2726} INFO - Sync 1 DAGs
[2023-05-30T10:31:08.001+0000] {logging_mixin.py:149} INFO - [2023-05-30T10:31:08.000+0000] {dag.py:3490} INFO - Setting next_dagrun for example_sensors to None, run_after=None
[2023-05-30T10:31:08.021+0000] {processor.py:178} INFO - Processing /home/airflow/.local/lib/python3.7/site-packages/airflow/example_dags/example_sensors.py took 0.106 seconds
[2023-05-30T10:31:38.157+0000] {processor.py:156} INFO - Started process (PID=2869) to work on /home/airflow/.local/lib/python3.7/site-packages/airflow/example_dags/example_sensors.py
[2023-05-30T10:31:38.157+0000] {processor.py:799} INFO - Processing file /home/airflow/.local/lib/python3.7/site-packages/airflow/example_dags/example_sensors.py for tasks to queue
[2023-05-30T10:31:38.158+0000] {logging_mixin.py:149} INFO - [2023-05-30T10:31:38.158+0000] {dagbag.py:541} INFO - Filling up the DagBag from /home/airflow/.local/lib/python3.7/site-packages/airflow/example_dags/example_sensors.py
[2023-05-30T10:31:38.175+0000] {processor.py:809} INFO - DAG(s) dict_keys(['example_sensors']) retrieved from /home/airflow/.local/lib/python3.7/site-packages/airflow/example_dags/example_sensors.py
[2023-05-30T10:31:38.209+0000] {logging_mixin.py:149} INFO - [2023-05-30T10:31:38.209+0000] {dag.py:2726} INFO - Sync 1 DAGs
[2023-05-30T10:31:38.240+0000] {logging_mixin.py:149} INFO - [2023-05-30T10:31:38.240+0000] {dag.py:3490} INFO - Setting next_dagrun for example_sensors to None, run_after=None
[2023-05-30T10:31:38.272+0000] {processor.py:178} INFO - Processing /home/airflow/.local/lib/python3.7/site-packages/airflow/example_dags/example_sensors.py took 0.119 seconds
[2023-05-30T10:32:08.958+0000] {processor.py:156} INFO - Started process (PID=2926) to work on /home/airflow/.local/lib/python3.7/site-packages/airflow/example_dags/example_sensors.py
[2023-05-30T10:32:08.959+0000] {processor.py:799} INFO - Processing file /home/airflow/.local/lib/python3.7/site-packages/airflow/example_dags/example_sensors.py for tasks to queue
[2023-05-30T10:32:08.960+0000] {logging_mixin.py:149} INFO - [2023-05-30T10:32:08.959+0000] {dagbag.py:541} INFO - Filling up the DagBag from /home/airflow/.local/lib/python3.7/site-packages/airflow/example_dags/example_sensors.py
[2023-05-30T10:32:08.977+0000] {processor.py:809} INFO - DAG(s) dict_keys(['example_sensors']) retrieved from /home/airflow/.local/lib/python3.7/site-packages/airflow/example_dags/example_sensors.py
[2023-05-30T10:32:09.009+0000] {logging_mixin.py:149} INFO - [2023-05-30T10:32:09.009+0000] {dag.py:2726} INFO - Sync 1 DAGs
[2023-05-30T10:32:09.040+0000] {logging_mixin.py:149} INFO - [2023-05-30T10:32:09.040+0000] {dag.py:3490} INFO - Setting next_dagrun for example_sensors to None, run_after=None
[2023-05-30T10:32:09.061+0000] {processor.py:178} INFO - Processing /home/airflow/.local/lib/python3.7/site-packages/airflow/example_dags/example_sensors.py took 0.107 seconds
[2023-05-30T10:32:39.176+0000] {processor.py:156} INFO - Started process (PID=2983) to work on /home/airflow/.local/lib/python3.7/site-packages/airflow/example_dags/example_sensors.py
[2023-05-30T10:32:39.176+0000] {processor.py:799} INFO - Processing file /home/airflow/.local/lib/python3.7/site-packages/airflow/example_dags/example_sensors.py for tasks to queue
[2023-05-30T10:32:39.177+0000] {logging_mixin.py:149} INFO - [2023-05-30T10:32:39.177+0000] {dagbag.py:541} INFO - Filling up the DagBag from /home/airflow/.local/lib/python3.7/site-packages/airflow/example_dags/example_sensors.py
[2023-05-30T10:32:39.190+0000] {processor.py:809} INFO - DAG(s) dict_keys(['example_sensors']) retrieved from /home/airflow/.local/lib/python3.7/site-packages/airflow/example_dags/example_sensors.py
[2023-05-30T10:32:39.224+0000] {logging_mixin.py:149} INFO - [2023-05-30T10:32:39.224+0000] {dag.py:2726} INFO - Sync 1 DAGs
[2023-05-30T10:32:39.257+0000] {logging_mixin.py:149} INFO - [2023-05-30T10:32:39.257+0000] {dag.py:3490} INFO - Setting next_dagrun for example_sensors to None, run_after=None
[2023-05-30T10:32:39.281+0000] {processor.py:178} INFO - Processing /home/airflow/.local/lib/python3.7/site-packages/airflow/example_dags/example_sensors.py took 0.108 seconds
[2023-05-30T10:33:09.920+0000] {processor.py:156} INFO - Started process (PID=3040) to work on /home/airflow/.local/lib/python3.7/site-packages/airflow/example_dags/example_sensors.py
[2023-05-30T10:33:09.921+0000] {processor.py:799} INFO - Processing file /home/airflow/.local/lib/python3.7/site-packages/airflow/example_dags/example_sensors.py for tasks to queue
[2023-05-30T10:33:09.922+0000] {logging_mixin.py:149} INFO - [2023-05-30T10:33:09.922+0000] {dagbag.py:541} INFO - Filling up the DagBag from /home/airflow/.local/lib/python3.7/site-packages/airflow/example_dags/example_sensors.py
[2023-05-30T10:33:09.940+0000] {processor.py:809} INFO - DAG(s) dict_keys(['example_sensors']) retrieved from /home/airflow/.local/lib/python3.7/site-packages/airflow/example_dags/example_sensors.py
[2023-05-30T10:33:09.974+0000] {logging_mixin.py:149} INFO - [2023-05-30T10:33:09.973+0000] {dag.py:2726} INFO - Sync 1 DAGs
[2023-05-30T10:33:10.006+0000] {logging_mixin.py:149} INFO - [2023-05-30T10:33:10.005+0000] {dag.py:3490} INFO - Setting next_dagrun for example_sensors to None, run_after=None
[2023-05-30T10:33:10.027+0000] {processor.py:178} INFO - Processing /home/airflow/.local/lib/python3.7/site-packages/airflow/example_dags/example_sensors.py took 0.111 seconds
[2023-05-30T10:33:40.995+0000] {processor.py:156} INFO - Started process (PID=3097) to work on /home/airflow/.local/lib/python3.7/site-packages/airflow/example_dags/example_sensors.py
[2023-05-30T10:33:41.001+0000] {processor.py:799} INFO - Processing file /home/airflow/.local/lib/python3.7/site-packages/airflow/example_dags/example_sensors.py for tasks to queue
[2023-05-30T10:33:41.001+0000] {logging_mixin.py:149} INFO - [2023-05-30T10:33:41.001+0000] {dagbag.py:541} INFO - Filling up the DagBag from /home/airflow/.local/lib/python3.7/site-packages/airflow/example_dags/example_sensors.py
[2023-05-30T10:33:41.022+0000] {processor.py:809} INFO - DAG(s) dict_keys(['example_sensors']) retrieved from /home/airflow/.local/lib/python3.7/site-packages/airflow/example_dags/example_sensors.py
[2023-05-30T10:33:41.061+0000] {logging_mixin.py:149} INFO - [2023-05-30T10:33:41.061+0000] {dag.py:2726} INFO - Sync 1 DAGs
[2023-05-30T10:33:41.094+0000] {logging_mixin.py:149} INFO - [2023-05-30T10:33:41.094+0000] {dag.py:3490} INFO - Setting next_dagrun for example_sensors to None, run_after=None
[2023-05-30T10:33:41.120+0000] {processor.py:178} INFO - Processing /home/airflow/.local/lib/python3.7/site-packages/airflow/example_dags/example_sensors.py took 0.129 seconds
[2023-05-30T10:34:11.882+0000] {processor.py:156} INFO - Started process (PID=3154) to work on /home/airflow/.local/lib/python3.7/site-packages/airflow/example_dags/example_sensors.py
[2023-05-30T10:34:11.884+0000] {processor.py:799} INFO - Processing file /home/airflow/.local/lib/python3.7/site-packages/airflow/example_dags/example_sensors.py for tasks to queue
[2023-05-30T10:34:11.885+0000] {logging_mixin.py:149} INFO - [2023-05-30T10:34:11.885+0000] {dagbag.py:541} INFO - Filling up the DagBag from /home/airflow/.local/lib/python3.7/site-packages/airflow/example_dags/example_sensors.py
[2023-05-30T10:34:11.898+0000] {processor.py:809} INFO - DAG(s) dict_keys(['example_sensors']) retrieved from /home/airflow/.local/lib/python3.7/site-packages/airflow/example_dags/example_sensors.py
[2023-05-30T10:34:11.930+0000] {logging_mixin.py:149} INFO - [2023-05-30T10:34:11.930+0000] {dag.py:2726} INFO - Sync 1 DAGs
[2023-05-30T10:34:11.961+0000] {logging_mixin.py:149} INFO - [2023-05-30T10:34:11.961+0000] {dag.py:3490} INFO - Setting next_dagrun for example_sensors to None, run_after=None
[2023-05-30T10:34:11.981+0000] {processor.py:178} INFO - Processing /home/airflow/.local/lib/python3.7/site-packages/airflow/example_dags/example_sensors.py took 0.103 seconds
[2023-05-30T10:34:42.022+0000] {processor.py:156} INFO - Started process (PID=3210) to work on /home/airflow/.local/lib/python3.7/site-packages/airflow/example_dags/example_sensors.py
[2023-05-30T10:34:42.023+0000] {processor.py:799} INFO - Processing file /home/airflow/.local/lib/python3.7/site-packages/airflow/example_dags/example_sensors.py for tasks to queue
[2023-05-30T10:34:42.023+0000] {logging_mixin.py:149} INFO - [2023-05-30T10:34:42.023+0000] {dagbag.py:541} INFO - Filling up the DagBag from /home/airflow/.local/lib/python3.7/site-packages/airflow/example_dags/example_sensors.py
[2023-05-30T10:34:42.035+0000] {processor.py:809} INFO - DAG(s) dict_keys(['example_sensors']) retrieved from /home/airflow/.local/lib/python3.7/site-packages/airflow/example_dags/example_sensors.py
[2023-05-30T10:34:42.069+0000] {logging_mixin.py:149} INFO - [2023-05-30T10:34:42.069+0000] {dag.py:2726} INFO - Sync 1 DAGs
[2023-05-30T10:34:42.113+0000] {logging_mixin.py:149} INFO - [2023-05-30T10:34:42.113+0000] {dag.py:3490} INFO - Setting next_dagrun for example_sensors to None, run_after=None
[2023-05-30T10:34:42.170+0000] {processor.py:178} INFO - Processing /home/airflow/.local/lib/python3.7/site-packages/airflow/example_dags/example_sensors.py took 0.152 seconds
[2023-05-30T10:35:12.667+0000] {processor.py:156} INFO - Started process (PID=3269) to work on /home/airflow/.local/lib/python3.7/site-packages/airflow/example_dags/example_sensors.py
[2023-05-30T10:35:12.669+0000] {processor.py:799} INFO - Processing file /home/airflow/.local/lib/python3.7/site-packages/airflow/example_dags/example_sensors.py for tasks to queue
[2023-05-30T10:35:12.672+0000] {logging_mixin.py:149} INFO - [2023-05-30T10:35:12.669+0000] {dagbag.py:541} INFO - Filling up the DagBag from /home/airflow/.local/lib/python3.7/site-packages/airflow/example_dags/example_sensors.py
[2023-05-30T10:35:12.686+0000] {processor.py:809} INFO - DAG(s) dict_keys(['example_sensors']) retrieved from /home/airflow/.local/lib/python3.7/site-packages/airflow/example_dags/example_sensors.py
[2023-05-30T10:35:12.723+0000] {logging_mixin.py:149} INFO - [2023-05-30T10:35:12.723+0000] {dag.py:2726} INFO - Sync 1 DAGs
[2023-05-30T10:35:12.755+0000] {logging_mixin.py:149} INFO - [2023-05-30T10:35:12.755+0000] {dag.py:3490} INFO - Setting next_dagrun for example_sensors to None, run_after=None
[2023-05-30T10:35:12.777+0000] {processor.py:178} INFO - Processing /home/airflow/.local/lib/python3.7/site-packages/airflow/example_dags/example_sensors.py took 0.114 seconds
[2023-05-30T10:35:43.067+0000] {processor.py:156} INFO - Started process (PID=3327) to work on /home/airflow/.local/lib/python3.7/site-packages/airflow/example_dags/example_sensors.py
[2023-05-30T10:35:43.068+0000] {processor.py:799} INFO - Processing file /home/airflow/.local/lib/python3.7/site-packages/airflow/example_dags/example_sensors.py for tasks to queue
[2023-05-30T10:35:43.069+0000] {logging_mixin.py:149} INFO - [2023-05-30T10:35:43.068+0000] {dagbag.py:541} INFO - Filling up the DagBag from /home/airflow/.local/lib/python3.7/site-packages/airflow/example_dags/example_sensors.py
[2023-05-30T10:35:43.085+0000] {processor.py:809} INFO - DAG(s) dict_keys(['example_sensors']) retrieved from /home/airflow/.local/lib/python3.7/site-packages/airflow/example_dags/example_sensors.py
[2023-05-30T10:35:43.118+0000] {logging_mixin.py:149} INFO - [2023-05-30T10:35:43.117+0000] {dag.py:2726} INFO - Sync 1 DAGs
[2023-05-30T10:35:43.160+0000] {logging_mixin.py:149} INFO - [2023-05-30T10:35:43.160+0000] {dag.py:3490} INFO - Setting next_dagrun for example_sensors to None, run_after=None
[2023-05-30T10:35:43.181+0000] {processor.py:178} INFO - Processing /home/airflow/.local/lib/python3.7/site-packages/airflow/example_dags/example_sensors.py took 0.118 seconds
[2023-05-30T10:36:13.484+0000] {processor.py:156} INFO - Started process (PID=3384) to work on /home/airflow/.local/lib/python3.7/site-packages/airflow/example_dags/example_sensors.py
[2023-05-30T10:36:13.485+0000] {processor.py:799} INFO - Processing file /home/airflow/.local/lib/python3.7/site-packages/airflow/example_dags/example_sensors.py for tasks to queue
[2023-05-30T10:36:13.486+0000] {logging_mixin.py:149} INFO - [2023-05-30T10:36:13.486+0000] {dagbag.py:541} INFO - Filling up the DagBag from /home/airflow/.local/lib/python3.7/site-packages/airflow/example_dags/example_sensors.py
[2023-05-30T10:36:13.503+0000] {processor.py:809} INFO - DAG(s) dict_keys(['example_sensors']) retrieved from /home/airflow/.local/lib/python3.7/site-packages/airflow/example_dags/example_sensors.py
[2023-05-30T10:36:13.536+0000] {logging_mixin.py:149} INFO - [2023-05-30T10:36:13.536+0000] {dag.py:2726} INFO - Sync 1 DAGs
[2023-05-30T10:36:13.568+0000] {logging_mixin.py:149} INFO - [2023-05-30T10:36:13.568+0000] {dag.py:3490} INFO - Setting next_dagrun for example_sensors to None, run_after=None
[2023-05-30T10:36:13.589+0000] {processor.py:178} INFO - Processing /home/airflow/.local/lib/python3.7/site-packages/airflow/example_dags/example_sensors.py took 0.109 seconds
[2023-05-30T10:36:44.056+0000] {processor.py:156} INFO - Started process (PID=3441) to work on /home/airflow/.local/lib/python3.7/site-packages/airflow/example_dags/example_sensors.py
[2023-05-30T10:36:44.057+0000] {processor.py:799} INFO - Processing file /home/airflow/.local/lib/python3.7/site-packages/airflow/example_dags/example_sensors.py for tasks to queue
[2023-05-30T10:36:44.058+0000] {logging_mixin.py:149} INFO - [2023-05-30T10:36:44.058+0000] {dagbag.py:541} INFO - Filling up the DagBag from /home/airflow/.local/lib/python3.7/site-packages/airflow/example_dags/example_sensors.py
[2023-05-30T10:36:44.075+0000] {processor.py:809} INFO - DAG(s) dict_keys(['example_sensors']) retrieved from /home/airflow/.local/lib/python3.7/site-packages/airflow/example_dags/example_sensors.py
[2023-05-30T10:36:44.122+0000] {logging_mixin.py:149} INFO - [2023-05-30T10:36:44.122+0000] {dag.py:2726} INFO - Sync 1 DAGs
[2023-05-30T10:36:44.154+0000] {logging_mixin.py:149} INFO - [2023-05-30T10:36:44.154+0000] {dag.py:3490} INFO - Setting next_dagrun for example_sensors to None, run_after=None
[2023-05-30T10:36:44.175+0000] {processor.py:178} INFO - Processing /home/airflow/.local/lib/python3.7/site-packages/airflow/example_dags/example_sensors.py took 0.123 seconds
[2023-05-30T10:37:14.501+0000] {processor.py:156} INFO - Started process (PID=3499) to work on /home/airflow/.local/lib/python3.7/site-packages/airflow/example_dags/example_sensors.py
[2023-05-30T10:37:14.502+0000] {processor.py:799} INFO - Processing file /home/airflow/.local/lib/python3.7/site-packages/airflow/example_dags/example_sensors.py for tasks to queue
[2023-05-30T10:37:14.503+0000] {logging_mixin.py:149} INFO - [2023-05-30T10:37:14.502+0000] {dagbag.py:541} INFO - Filling up the DagBag from /home/airflow/.local/lib/python3.7/site-packages/airflow/example_dags/example_sensors.py
[2023-05-30T10:37:14.520+0000] {processor.py:809} INFO - DAG(s) dict_keys(['example_sensors']) retrieved from /home/airflow/.local/lib/python3.7/site-packages/airflow/example_dags/example_sensors.py
[2023-05-30T10:37:14.553+0000] {logging_mixin.py:149} INFO - [2023-05-30T10:37:14.553+0000] {dag.py:2726} INFO - Sync 1 DAGs
[2023-05-30T10:37:14.596+0000] {logging_mixin.py:149} INFO - [2023-05-30T10:37:14.596+0000] {dag.py:3490} INFO - Setting next_dagrun for example_sensors to None, run_after=None
[2023-05-30T10:37:14.617+0000] {processor.py:178} INFO - Processing /home/airflow/.local/lib/python3.7/site-packages/airflow/example_dags/example_sensors.py took 0.120 seconds
[2023-05-30T10:37:44.656+0000] {processor.py:156} INFO - Started process (PID=3555) to work on /home/airflow/.local/lib/python3.7/site-packages/airflow/example_dags/example_sensors.py
[2023-05-30T10:37:44.657+0000] {processor.py:799} INFO - Processing file /home/airflow/.local/lib/python3.7/site-packages/airflow/example_dags/example_sensors.py for tasks to queue
[2023-05-30T10:37:44.658+0000] {logging_mixin.py:149} INFO - [2023-05-30T10:37:44.658+0000] {dagbag.py:541} INFO - Filling up the DagBag from /home/airflow/.local/lib/python3.7/site-packages/airflow/example_dags/example_sensors.py
[2023-05-30T10:37:44.670+0000] {processor.py:809} INFO - DAG(s) dict_keys(['example_sensors']) retrieved from /home/airflow/.local/lib/python3.7/site-packages/airflow/example_dags/example_sensors.py
[2023-05-30T10:37:44.704+0000] {logging_mixin.py:149} INFO - [2023-05-30T10:37:44.704+0000] {dag.py:2726} INFO - Sync 1 DAGs
[2023-05-30T10:37:44.736+0000] {logging_mixin.py:149} INFO - [2023-05-30T10:37:44.735+0000] {dag.py:3490} INFO - Setting next_dagrun for example_sensors to None, run_after=None
[2023-05-30T10:37:44.757+0000] {processor.py:178} INFO - Processing /home/airflow/.local/lib/python3.7/site-packages/airflow/example_dags/example_sensors.py took 0.105 seconds
[2023-05-30T10:38:15.216+0000] {processor.py:156} INFO - Started process (PID=3613) to work on /home/airflow/.local/lib/python3.7/site-packages/airflow/example_dags/example_sensors.py
[2023-05-30T10:38:15.217+0000] {processor.py:799} INFO - Processing file /home/airflow/.local/lib/python3.7/site-packages/airflow/example_dags/example_sensors.py for tasks to queue
[2023-05-30T10:38:15.218+0000] {logging_mixin.py:149} INFO - [2023-05-30T10:38:15.218+0000] {dagbag.py:541} INFO - Filling up the DagBag from /home/airflow/.local/lib/python3.7/site-packages/airflow/example_dags/example_sensors.py
[2023-05-30T10:38:15.235+0000] {processor.py:809} INFO - DAG(s) dict_keys(['example_sensors']) retrieved from /home/airflow/.local/lib/python3.7/site-packages/airflow/example_dags/example_sensors.py
[2023-05-30T10:38:15.293+0000] {logging_mixin.py:149} INFO - [2023-05-30T10:38:15.293+0000] {dag.py:2726} INFO - Sync 1 DAGs
[2023-05-30T10:38:15.328+0000] {logging_mixin.py:149} INFO - [2023-05-30T10:38:15.328+0000] {dag.py:3490} INFO - Setting next_dagrun for example_sensors to None, run_after=None
[2023-05-30T10:38:15.349+0000] {processor.py:178} INFO - Processing /home/airflow/.local/lib/python3.7/site-packages/airflow/example_dags/example_sensors.py took 0.137 seconds
[2023-05-30T10:38:45.770+0000] {processor.py:156} INFO - Started process (PID=3671) to work on /home/airflow/.local/lib/python3.7/site-packages/airflow/example_dags/example_sensors.py
[2023-05-30T10:38:45.772+0000] {processor.py:799} INFO - Processing file /home/airflow/.local/lib/python3.7/site-packages/airflow/example_dags/example_sensors.py for tasks to queue
[2023-05-30T10:38:45.772+0000] {logging_mixin.py:149} INFO - [2023-05-30T10:38:45.772+0000] {dagbag.py:541} INFO - Filling up the DagBag from /home/airflow/.local/lib/python3.7/site-packages/airflow/example_dags/example_sensors.py
[2023-05-30T10:38:45.789+0000] {processor.py:809} INFO - DAG(s) dict_keys(['example_sensors']) retrieved from /home/airflow/.local/lib/python3.7/site-packages/airflow/example_dags/example_sensors.py
[2023-05-30T10:38:45.822+0000] {logging_mixin.py:149} INFO - [2023-05-30T10:38:45.822+0000] {dag.py:2726} INFO - Sync 1 DAGs
[2023-05-30T10:38:45.852+0000] {logging_mixin.py:149} INFO - [2023-05-30T10:38:45.852+0000] {dag.py:3490} INFO - Setting next_dagrun for example_sensors to None, run_after=None
[2023-05-30T10:38:45.873+0000] {processor.py:178} INFO - Processing /home/airflow/.local/lib/python3.7/site-packages/airflow/example_dags/example_sensors.py took 0.106 seconds
[2023-05-30T10:39:15.964+0000] {processor.py:156} INFO - Started process (PID=3728) to work on /home/airflow/.local/lib/python3.7/site-packages/airflow/example_dags/example_sensors.py
[2023-05-30T10:39:15.966+0000] {processor.py:799} INFO - Processing file /home/airflow/.local/lib/python3.7/site-packages/airflow/example_dags/example_sensors.py for tasks to queue
[2023-05-30T10:39:15.966+0000] {logging_mixin.py:149} INFO - [2023-05-30T10:39:15.966+0000] {dagbag.py:541} INFO - Filling up the DagBag from /home/airflow/.local/lib/python3.7/site-packages/airflow/example_dags/example_sensors.py
[2023-05-30T10:39:15.978+0000] {processor.py:809} INFO - DAG(s) dict_keys(['example_sensors']) retrieved from /home/airflow/.local/lib/python3.7/site-packages/airflow/example_dags/example_sensors.py
[2023-05-30T10:39:16.012+0000] {logging_mixin.py:149} INFO - [2023-05-30T10:39:16.012+0000] {dag.py:2726} INFO - Sync 1 DAGs
[2023-05-30T10:39:16.048+0000] {logging_mixin.py:149} INFO - [2023-05-30T10:39:16.047+0000] {dag.py:3490} INFO - Setting next_dagrun for example_sensors to None, run_after=None
[2023-05-30T10:39:16.068+0000] {processor.py:178} INFO - Processing /home/airflow/.local/lib/python3.7/site-packages/airflow/example_dags/example_sensors.py took 0.107 seconds
[2023-05-30T10:39:46.541+0000] {processor.py:156} INFO - Started process (PID=3786) to work on /home/airflow/.local/lib/python3.7/site-packages/airflow/example_dags/example_sensors.py
[2023-05-30T10:39:46.546+0000] {processor.py:799} INFO - Processing file /home/airflow/.local/lib/python3.7/site-packages/airflow/example_dags/example_sensors.py for tasks to queue
[2023-05-30T10:39:46.547+0000] {logging_mixin.py:149} INFO - [2023-05-30T10:39:46.546+0000] {dagbag.py:541} INFO - Filling up the DagBag from /home/airflow/.local/lib/python3.7/site-packages/airflow/example_dags/example_sensors.py
[2023-05-30T10:39:46.562+0000] {processor.py:809} INFO - DAG(s) dict_keys(['example_sensors']) retrieved from /home/airflow/.local/lib/python3.7/site-packages/airflow/example_dags/example_sensors.py
[2023-05-30T10:39:46.598+0000] {logging_mixin.py:149} INFO - [2023-05-30T10:39:46.597+0000] {dag.py:2726} INFO - Sync 1 DAGs
[2023-05-30T10:39:46.628+0000] {logging_mixin.py:149} INFO - [2023-05-30T10:39:46.628+0000] {dag.py:3490} INFO - Setting next_dagrun for example_sensors to None, run_after=None
[2023-05-30T10:39:46.649+0000] {processor.py:178} INFO - Processing /home/airflow/.local/lib/python3.7/site-packages/airflow/example_dags/example_sensors.py took 0.114 seconds
[2023-05-30T10:40:16.787+0000] {processor.py:156} INFO - Started process (PID=3844) to work on /home/airflow/.local/lib/python3.7/site-packages/airflow/example_dags/example_sensors.py
[2023-05-30T10:40:16.796+0000] {processor.py:799} INFO - Processing file /home/airflow/.local/lib/python3.7/site-packages/airflow/example_dags/example_sensors.py for tasks to queue
[2023-05-30T10:40:16.796+0000] {logging_mixin.py:149} INFO - [2023-05-30T10:40:16.796+0000] {dagbag.py:541} INFO - Filling up the DagBag from /home/airflow/.local/lib/python3.7/site-packages/airflow/example_dags/example_sensors.py
[2023-05-30T10:40:16.816+0000] {processor.py:809} INFO - DAG(s) dict_keys(['example_sensors']) retrieved from /home/airflow/.local/lib/python3.7/site-packages/airflow/example_dags/example_sensors.py
[2023-05-30T10:40:16.892+0000] {logging_mixin.py:149} INFO - [2023-05-30T10:40:16.892+0000] {dag.py:2726} INFO - Sync 1 DAGs
[2023-05-30T10:40:16.955+0000] {logging_mixin.py:149} INFO - [2023-05-30T10:40:16.955+0000] {dag.py:3490} INFO - Setting next_dagrun for example_sensors to None, run_after=None
[2023-05-30T10:40:17.004+0000] {processor.py:178} INFO - Processing /home/airflow/.local/lib/python3.7/site-packages/airflow/example_dags/example_sensors.py took 0.221 seconds
[2023-05-30T10:40:47.362+0000] {processor.py:156} INFO - Started process (PID=3901) to work on /home/airflow/.local/lib/python3.7/site-packages/airflow/example_dags/example_sensors.py
[2023-05-30T10:40:47.362+0000] {processor.py:799} INFO - Processing file /home/airflow/.local/lib/python3.7/site-packages/airflow/example_dags/example_sensors.py for tasks to queue
[2023-05-30T10:40:47.363+0000] {logging_mixin.py:149} INFO - [2023-05-30T10:40:47.363+0000] {dagbag.py:541} INFO - Filling up the DagBag from /home/airflow/.local/lib/python3.7/site-packages/airflow/example_dags/example_sensors.py
[2023-05-30T10:40:47.375+0000] {processor.py:809} INFO - DAG(s) dict_keys(['example_sensors']) retrieved from /home/airflow/.local/lib/python3.7/site-packages/airflow/example_dags/example_sensors.py
[2023-05-30T10:40:47.409+0000] {logging_mixin.py:149} INFO - [2023-05-30T10:40:47.409+0000] {dag.py:2726} INFO - Sync 1 DAGs
[2023-05-30T10:40:47.440+0000] {logging_mixin.py:149} INFO - [2023-05-30T10:40:47.439+0000] {dag.py:3490} INFO - Setting next_dagrun for example_sensors to None, run_after=None
[2023-05-30T10:40:47.460+0000] {processor.py:178} INFO - Processing /home/airflow/.local/lib/python3.7/site-packages/airflow/example_dags/example_sensors.py took 0.102 seconds
[2023-05-30T10:41:17.524+0000] {processor.py:156} INFO - Started process (PID=3957) to work on /home/airflow/.local/lib/python3.7/site-packages/airflow/example_dags/example_sensors.py
[2023-05-30T10:41:17.525+0000] {processor.py:799} INFO - Processing file /home/airflow/.local/lib/python3.7/site-packages/airflow/example_dags/example_sensors.py for tasks to queue
[2023-05-30T10:41:17.526+0000] {logging_mixin.py:149} INFO - [2023-05-30T10:41:17.525+0000] {dagbag.py:541} INFO - Filling up the DagBag from /home/airflow/.local/lib/python3.7/site-packages/airflow/example_dags/example_sensors.py
[2023-05-30T10:41:17.537+0000] {processor.py:809} INFO - DAG(s) dict_keys(['example_sensors']) retrieved from /home/airflow/.local/lib/python3.7/site-packages/airflow/example_dags/example_sensors.py
[2023-05-30T10:41:17.572+0000] {logging_mixin.py:149} INFO - [2023-05-30T10:41:17.572+0000] {dag.py:2726} INFO - Sync 1 DAGs
[2023-05-30T10:41:17.602+0000] {logging_mixin.py:149} INFO - [2023-05-30T10:41:17.602+0000] {dag.py:3490} INFO - Setting next_dagrun for example_sensors to None, run_after=None
[2023-05-30T10:41:17.622+0000] {processor.py:178} INFO - Processing /home/airflow/.local/lib/python3.7/site-packages/airflow/example_dags/example_sensors.py took 0.102 seconds
[2023-05-30T10:48:36.391+0000] {processor.py:156} INFO - Started process (PID=72) to work on /home/airflow/.local/lib/python3.7/site-packages/airflow/example_dags/example_sensors.py
[2023-05-30T10:48:36.394+0000] {processor.py:799} INFO - Processing file /home/airflow/.local/lib/python3.7/site-packages/airflow/example_dags/example_sensors.py for tasks to queue
[2023-05-30T10:48:36.395+0000] {logging_mixin.py:149} INFO - [2023-05-30T10:48:36.394+0000] {dagbag.py:541} INFO - Filling up the DagBag from /home/airflow/.local/lib/python3.7/site-packages/airflow/example_dags/example_sensors.py
[2023-05-30T10:48:36.419+0000] {processor.py:809} INFO - DAG(s) dict_keys(['example_sensors']) retrieved from /home/airflow/.local/lib/python3.7/site-packages/airflow/example_dags/example_sensors.py
[2023-05-30T10:48:36.465+0000] {logging_mixin.py:149} INFO - [2023-05-30T10:48:36.465+0000] {dag.py:2726} INFO - Sync 1 DAGs
[2023-05-30T10:48:36.496+0000] {logging_mixin.py:149} INFO - [2023-05-30T10:48:36.496+0000] {dag.py:3490} INFO - Setting next_dagrun for example_sensors to None, run_after=None
[2023-05-30T10:48:36.519+0000] {processor.py:178} INFO - Processing /home/airflow/.local/lib/python3.7/site-packages/airflow/example_dags/example_sensors.py took 0.136 seconds
[2023-05-30T10:49:07.132+0000] {processor.py:156} INFO - Started process (PID=129) to work on /home/airflow/.local/lib/python3.7/site-packages/airflow/example_dags/example_sensors.py
[2023-05-30T10:49:07.134+0000] {processor.py:799} INFO - Processing file /home/airflow/.local/lib/python3.7/site-packages/airflow/example_dags/example_sensors.py for tasks to queue
[2023-05-30T10:49:07.136+0000] {logging_mixin.py:149} INFO - [2023-05-30T10:49:07.135+0000] {dagbag.py:541} INFO - Filling up the DagBag from /home/airflow/.local/lib/python3.7/site-packages/airflow/example_dags/example_sensors.py
[2023-05-30T10:49:07.149+0000] {processor.py:809} INFO - DAG(s) dict_keys(['example_sensors']) retrieved from /home/airflow/.local/lib/python3.7/site-packages/airflow/example_dags/example_sensors.py
[2023-05-30T10:49:07.188+0000] {logging_mixin.py:149} INFO - [2023-05-30T10:49:07.188+0000] {dag.py:2726} INFO - Sync 1 DAGs
[2023-05-30T10:49:07.220+0000] {logging_mixin.py:149} INFO - [2023-05-30T10:49:07.220+0000] {dag.py:3490} INFO - Setting next_dagrun for example_sensors to None, run_after=None
[2023-05-30T10:49:07.241+0000] {processor.py:178} INFO - Processing /home/airflow/.local/lib/python3.7/site-packages/airflow/example_dags/example_sensors.py took 0.114 seconds
[2023-05-30T10:49:38.313+0000] {processor.py:156} INFO - Started process (PID=187) to work on /home/airflow/.local/lib/python3.7/site-packages/airflow/example_dags/example_sensors.py
[2023-05-30T10:49:38.315+0000] {processor.py:799} INFO - Processing file /home/airflow/.local/lib/python3.7/site-packages/airflow/example_dags/example_sensors.py for tasks to queue
[2023-05-30T10:49:38.316+0000] {logging_mixin.py:149} INFO - [2023-05-30T10:49:38.315+0000] {dagbag.py:541} INFO - Filling up the DagBag from /home/airflow/.local/lib/python3.7/site-packages/airflow/example_dags/example_sensors.py
[2023-05-30T10:49:38.329+0000] {processor.py:809} INFO - DAG(s) dict_keys(['example_sensors']) retrieved from /home/airflow/.local/lib/python3.7/site-packages/airflow/example_dags/example_sensors.py
[2023-05-30T10:49:38.363+0000] {logging_mixin.py:149} INFO - [2023-05-30T10:49:38.363+0000] {dag.py:2726} INFO - Sync 1 DAGs
[2023-05-30T10:49:38.394+0000] {logging_mixin.py:149} INFO - [2023-05-30T10:49:38.394+0000] {dag.py:3490} INFO - Setting next_dagrun for example_sensors to None, run_after=None
[2023-05-30T10:49:38.415+0000] {processor.py:178} INFO - Processing /home/airflow/.local/lib/python3.7/site-packages/airflow/example_dags/example_sensors.py took 0.105 seconds
[2023-05-30T10:50:09.605+0000] {processor.py:156} INFO - Started process (PID=244) to work on /home/airflow/.local/lib/python3.7/site-packages/airflow/example_dags/example_sensors.py
[2023-05-30T10:50:09.606+0000] {processor.py:799} INFO - Processing file /home/airflow/.local/lib/python3.7/site-packages/airflow/example_dags/example_sensors.py for tasks to queue
[2023-05-30T10:50:09.607+0000] {logging_mixin.py:149} INFO - [2023-05-30T10:50:09.606+0000] {dagbag.py:541} INFO - Filling up the DagBag from /home/airflow/.local/lib/python3.7/site-packages/airflow/example_dags/example_sensors.py
[2023-05-30T10:50:09.618+0000] {processor.py:809} INFO - DAG(s) dict_keys(['example_sensors']) retrieved from /home/airflow/.local/lib/python3.7/site-packages/airflow/example_dags/example_sensors.py
[2023-05-30T10:50:09.659+0000] {logging_mixin.py:149} INFO - [2023-05-30T10:50:09.659+0000] {dag.py:2726} INFO - Sync 1 DAGs
[2023-05-30T10:50:09.691+0000] {logging_mixin.py:149} INFO - [2023-05-30T10:50:09.691+0000] {dag.py:3490} INFO - Setting next_dagrun for example_sensors to None, run_after=None
[2023-05-30T10:50:09.713+0000] {processor.py:178} INFO - Processing /home/airflow/.local/lib/python3.7/site-packages/airflow/example_dags/example_sensors.py took 0.112 seconds
[2023-05-30T10:50:40.280+0000] {processor.py:156} INFO - Started process (PID=301) to work on /home/airflow/.local/lib/python3.7/site-packages/airflow/example_dags/example_sensors.py
[2023-05-30T10:50:40.281+0000] {processor.py:799} INFO - Processing file /home/airflow/.local/lib/python3.7/site-packages/airflow/example_dags/example_sensors.py for tasks to queue
[2023-05-30T10:50:40.282+0000] {logging_mixin.py:149} INFO - [2023-05-30T10:50:40.282+0000] {dagbag.py:541} INFO - Filling up the DagBag from /home/airflow/.local/lib/python3.7/site-packages/airflow/example_dags/example_sensors.py
[2023-05-30T10:50:40.295+0000] {processor.py:809} INFO - DAG(s) dict_keys(['example_sensors']) retrieved from /home/airflow/.local/lib/python3.7/site-packages/airflow/example_dags/example_sensors.py
[2023-05-30T10:50:40.330+0000] {logging_mixin.py:149} INFO - [2023-05-30T10:50:40.329+0000] {dag.py:2726} INFO - Sync 1 DAGs
[2023-05-30T10:50:40.360+0000] {logging_mixin.py:149} INFO - [2023-05-30T10:50:40.359+0000] {dag.py:3490} INFO - Setting next_dagrun for example_sensors to None, run_after=None
[2023-05-30T10:50:40.382+0000] {processor.py:178} INFO - Processing /home/airflow/.local/lib/python3.7/site-packages/airflow/example_dags/example_sensors.py took 0.106 seconds
[2023-05-30T10:51:10.745+0000] {processor.py:156} INFO - Started process (PID=359) to work on /home/airflow/.local/lib/python3.7/site-packages/airflow/example_dags/example_sensors.py
[2023-05-30T10:51:10.746+0000] {processor.py:799} INFO - Processing file /home/airflow/.local/lib/python3.7/site-packages/airflow/example_dags/example_sensors.py for tasks to queue
[2023-05-30T10:51:10.749+0000] {logging_mixin.py:149} INFO - [2023-05-30T10:51:10.749+0000] {dagbag.py:541} INFO - Filling up the DagBag from /home/airflow/.local/lib/python3.7/site-packages/airflow/example_dags/example_sensors.py
[2023-05-30T10:51:10.761+0000] {processor.py:809} INFO - DAG(s) dict_keys(['example_sensors']) retrieved from /home/airflow/.local/lib/python3.7/site-packages/airflow/example_dags/example_sensors.py
[2023-05-30T10:51:10.795+0000] {logging_mixin.py:149} INFO - [2023-05-30T10:51:10.795+0000] {dag.py:2726} INFO - Sync 1 DAGs
[2023-05-30T10:51:10.827+0000] {logging_mixin.py:149} INFO - [2023-05-30T10:51:10.826+0000] {dag.py:3490} INFO - Setting next_dagrun for example_sensors to None, run_after=None
[2023-05-30T10:51:10.847+0000] {processor.py:178} INFO - Processing /home/airflow/.local/lib/python3.7/site-packages/airflow/example_dags/example_sensors.py took 0.106 seconds
