[2023-05-30T10:06:30.747+0000] {processor.py:156} INFO - Started process (PID=40) to work on /home/airflow/.local/lib/python3.7/site-packages/airflow/example_dags/tutorial_taskflow_api.py
[2023-05-30T10:06:30.748+0000] {processor.py:799} INFO - Processing file /home/airflow/.local/lib/python3.7/site-packages/airflow/example_dags/tutorial_taskflow_api.py for tasks to queue
[2023-05-30T10:06:30.749+0000] {logging_mixin.py:149} INFO - [2023-05-30T10:06:30.748+0000] {dagbag.py:541} INFO - Filling up the DagBag from /home/airflow/.local/lib/python3.7/site-packages/airflow/example_dags/tutorial_taskflow_api.py
[2023-05-30T10:06:30.783+0000] {processor.py:809} INFO - DAG(s) dict_keys(['tutorial_taskflow_api']) retrieved from /home/airflow/.local/lib/python3.7/site-packages/airflow/example_dags/tutorial_taskflow_api.py
[2023-05-30T10:06:30.889+0000] {logging_mixin.py:149} INFO - [2023-05-30T10:06:30.889+0000] {dag.py:2726} INFO - Sync 1 DAGs
[2023-05-30T10:06:30.959+0000] {logging_mixin.py:149} INFO - [2023-05-30T10:06:30.959+0000] {dag.py:3490} INFO - Setting next_dagrun for tutorial_taskflow_api to None, run_after=None
[2023-05-30T10:06:30.991+0000] {processor.py:178} INFO - Processing /home/airflow/.local/lib/python3.7/site-packages/airflow/example_dags/tutorial_taskflow_api.py took 0.265 seconds
[2023-05-30T10:07:01.227+0000] {processor.py:156} INFO - Started process (PID=97) to work on /home/airflow/.local/lib/python3.7/site-packages/airflow/example_dags/tutorial_taskflow_api.py
[2023-05-30T10:07:01.228+0000] {processor.py:799} INFO - Processing file /home/airflow/.local/lib/python3.7/site-packages/airflow/example_dags/tutorial_taskflow_api.py for tasks to queue
[2023-05-30T10:07:01.229+0000] {logging_mixin.py:149} INFO - [2023-05-30T10:07:01.229+0000] {dagbag.py:541} INFO - Filling up the DagBag from /home/airflow/.local/lib/python3.7/site-packages/airflow/example_dags/tutorial_taskflow_api.py
[2023-05-30T10:07:01.236+0000] {processor.py:809} INFO - DAG(s) dict_keys(['tutorial_taskflow_api']) retrieved from /home/airflow/.local/lib/python3.7/site-packages/airflow/example_dags/tutorial_taskflow_api.py
[2023-05-30T10:07:01.265+0000] {logging_mixin.py:149} INFO - [2023-05-30T10:07:01.264+0000] {dag.py:2726} INFO - Sync 1 DAGs
[2023-05-30T10:07:01.297+0000] {logging_mixin.py:149} INFO - [2023-05-30T10:07:01.297+0000] {dag.py:3490} INFO - Setting next_dagrun for tutorial_taskflow_api to None, run_after=None
[2023-05-30T10:07:01.318+0000] {processor.py:178} INFO - Processing /home/airflow/.local/lib/python3.7/site-packages/airflow/example_dags/tutorial_taskflow_api.py took 0.095 seconds
[2023-05-30T10:07:31.928+0000] {processor.py:156} INFO - Started process (PID=155) to work on /home/airflow/.local/lib/python3.7/site-packages/airflow/example_dags/tutorial_taskflow_api.py
[2023-05-30T10:07:31.929+0000] {processor.py:799} INFO - Processing file /home/airflow/.local/lib/python3.7/site-packages/airflow/example_dags/tutorial_taskflow_api.py for tasks to queue
[2023-05-30T10:07:31.930+0000] {logging_mixin.py:149} INFO - [2023-05-30T10:07:31.929+0000] {dagbag.py:541} INFO - Filling up the DagBag from /home/airflow/.local/lib/python3.7/site-packages/airflow/example_dags/tutorial_taskflow_api.py
[2023-05-30T10:07:31.937+0000] {processor.py:809} INFO - DAG(s) dict_keys(['tutorial_taskflow_api']) retrieved from /home/airflow/.local/lib/python3.7/site-packages/airflow/example_dags/tutorial_taskflow_api.py
[2023-05-30T10:07:31.972+0000] {logging_mixin.py:149} INFO - [2023-05-30T10:07:31.972+0000] {dag.py:2726} INFO - Sync 1 DAGs
[2023-05-30T10:07:32.006+0000] {logging_mixin.py:149} INFO - [2023-05-30T10:07:32.006+0000] {dag.py:3490} INFO - Setting next_dagrun for tutorial_taskflow_api to None, run_after=None
[2023-05-30T10:07:32.029+0000] {processor.py:178} INFO - Processing /home/airflow/.local/lib/python3.7/site-packages/airflow/example_dags/tutorial_taskflow_api.py took 0.106 seconds
[2023-05-30T10:08:02.450+0000] {processor.py:156} INFO - Started process (PID=211) to work on /home/airflow/.local/lib/python3.7/site-packages/airflow/example_dags/tutorial_taskflow_api.py
[2023-05-30T10:08:02.451+0000] {processor.py:799} INFO - Processing file /home/airflow/.local/lib/python3.7/site-packages/airflow/example_dags/tutorial_taskflow_api.py for tasks to queue
[2023-05-30T10:08:02.452+0000] {logging_mixin.py:149} INFO - [2023-05-30T10:08:02.451+0000] {dagbag.py:541} INFO - Filling up the DagBag from /home/airflow/.local/lib/python3.7/site-packages/airflow/example_dags/tutorial_taskflow_api.py
[2023-05-30T10:08:02.462+0000] {processor.py:809} INFO - DAG(s) dict_keys(['tutorial_taskflow_api']) retrieved from /home/airflow/.local/lib/python3.7/site-packages/airflow/example_dags/tutorial_taskflow_api.py
[2023-05-30T10:08:02.492+0000] {logging_mixin.py:149} INFO - [2023-05-30T10:08:02.491+0000] {dag.py:2726} INFO - Sync 1 DAGs
[2023-05-30T10:08:02.522+0000] {logging_mixin.py:149} INFO - [2023-05-30T10:08:02.522+0000] {dag.py:3490} INFO - Setting next_dagrun for tutorial_taskflow_api to None, run_after=None
[2023-05-30T10:08:02.542+0000] {processor.py:178} INFO - Processing /home/airflow/.local/lib/python3.7/site-packages/airflow/example_dags/tutorial_taskflow_api.py took 0.099 seconds
[2023-05-30T10:08:32.949+0000] {processor.py:156} INFO - Started process (PID=269) to work on /home/airflow/.local/lib/python3.7/site-packages/airflow/example_dags/tutorial_taskflow_api.py
[2023-05-30T10:08:32.951+0000] {processor.py:799} INFO - Processing file /home/airflow/.local/lib/python3.7/site-packages/airflow/example_dags/tutorial_taskflow_api.py for tasks to queue
[2023-05-30T10:08:32.954+0000] {logging_mixin.py:149} INFO - [2023-05-30T10:08:32.951+0000] {dagbag.py:541} INFO - Filling up the DagBag from /home/airflow/.local/lib/python3.7/site-packages/airflow/example_dags/tutorial_taskflow_api.py
[2023-05-30T10:08:32.961+0000] {processor.py:809} INFO - DAG(s) dict_keys(['tutorial_taskflow_api']) retrieved from /home/airflow/.local/lib/python3.7/site-packages/airflow/example_dags/tutorial_taskflow_api.py
[2023-05-30T10:08:32.990+0000] {logging_mixin.py:149} INFO - [2023-05-30T10:08:32.990+0000] {dag.py:2726} INFO - Sync 1 DAGs
[2023-05-30T10:08:33.021+0000] {logging_mixin.py:149} INFO - [2023-05-30T10:08:33.021+0000] {dag.py:3490} INFO - Setting next_dagrun for tutorial_taskflow_api to None, run_after=None
[2023-05-30T10:08:33.041+0000] {processor.py:178} INFO - Processing /home/airflow/.local/lib/python3.7/site-packages/airflow/example_dags/tutorial_taskflow_api.py took 0.097 seconds
[2023-05-30T10:09:03.441+0000] {processor.py:156} INFO - Started process (PID=327) to work on /home/airflow/.local/lib/python3.7/site-packages/airflow/example_dags/tutorial_taskflow_api.py
[2023-05-30T10:09:03.442+0000] {processor.py:799} INFO - Processing file /home/airflow/.local/lib/python3.7/site-packages/airflow/example_dags/tutorial_taskflow_api.py for tasks to queue
[2023-05-30T10:09:03.442+0000] {logging_mixin.py:149} INFO - [2023-05-30T10:09:03.442+0000] {dagbag.py:541} INFO - Filling up the DagBag from /home/airflow/.local/lib/python3.7/site-packages/airflow/example_dags/tutorial_taskflow_api.py
[2023-05-30T10:09:03.450+0000] {processor.py:809} INFO - DAG(s) dict_keys(['tutorial_taskflow_api']) retrieved from /home/airflow/.local/lib/python3.7/site-packages/airflow/example_dags/tutorial_taskflow_api.py
[2023-05-30T10:09:03.477+0000] {logging_mixin.py:149} INFO - [2023-05-30T10:09:03.477+0000] {dag.py:2726} INFO - Sync 1 DAGs
[2023-05-30T10:09:03.507+0000] {logging_mixin.py:149} INFO - [2023-05-30T10:09:03.507+0000] {dag.py:3490} INFO - Setting next_dagrun for tutorial_taskflow_api to None, run_after=None
[2023-05-30T10:09:03.528+0000] {processor.py:178} INFO - Processing /home/airflow/.local/lib/python3.7/site-packages/airflow/example_dags/tutorial_taskflow_api.py took 0.091 seconds
[2023-05-30T10:09:34.207+0000] {processor.py:156} INFO - Started process (PID=384) to work on /home/airflow/.local/lib/python3.7/site-packages/airflow/example_dags/tutorial_taskflow_api.py
[2023-05-30T10:09:34.209+0000] {processor.py:799} INFO - Processing file /home/airflow/.local/lib/python3.7/site-packages/airflow/example_dags/tutorial_taskflow_api.py for tasks to queue
[2023-05-30T10:09:34.209+0000] {logging_mixin.py:149} INFO - [2023-05-30T10:09:34.209+0000] {dagbag.py:541} INFO - Filling up the DagBag from /home/airflow/.local/lib/python3.7/site-packages/airflow/example_dags/tutorial_taskflow_api.py
[2023-05-30T10:09:34.217+0000] {processor.py:809} INFO - DAG(s) dict_keys(['tutorial_taskflow_api']) retrieved from /home/airflow/.local/lib/python3.7/site-packages/airflow/example_dags/tutorial_taskflow_api.py
[2023-05-30T10:09:34.245+0000] {logging_mixin.py:149} INFO - [2023-05-30T10:09:34.245+0000] {dag.py:2726} INFO - Sync 1 DAGs
[2023-05-30T10:09:34.278+0000] {logging_mixin.py:149} INFO - [2023-05-30T10:09:34.278+0000] {dag.py:3490} INFO - Setting next_dagrun for tutorial_taskflow_api to None, run_after=None
[2023-05-30T10:09:34.300+0000] {processor.py:178} INFO - Processing /home/airflow/.local/lib/python3.7/site-packages/airflow/example_dags/tutorial_taskflow_api.py took 0.097 seconds
[2023-05-30T10:10:04.355+0000] {processor.py:156} INFO - Started process (PID=441) to work on /home/airflow/.local/lib/python3.7/site-packages/airflow/example_dags/tutorial_taskflow_api.py
[2023-05-30T10:10:04.356+0000] {processor.py:799} INFO - Processing file /home/airflow/.local/lib/python3.7/site-packages/airflow/example_dags/tutorial_taskflow_api.py for tasks to queue
[2023-05-30T10:10:04.357+0000] {logging_mixin.py:149} INFO - [2023-05-30T10:10:04.356+0000] {dagbag.py:541} INFO - Filling up the DagBag from /home/airflow/.local/lib/python3.7/site-packages/airflow/example_dags/tutorial_taskflow_api.py
[2023-05-30T10:10:04.364+0000] {processor.py:809} INFO - DAG(s) dict_keys(['tutorial_taskflow_api']) retrieved from /home/airflow/.local/lib/python3.7/site-packages/airflow/example_dags/tutorial_taskflow_api.py
[2023-05-30T10:10:04.393+0000] {logging_mixin.py:149} INFO - [2023-05-30T10:10:04.392+0000] {dag.py:2726} INFO - Sync 1 DAGs
[2023-05-30T10:10:04.423+0000] {logging_mixin.py:149} INFO - [2023-05-30T10:10:04.423+0000] {dag.py:3490} INFO - Setting next_dagrun for tutorial_taskflow_api to None, run_after=None
[2023-05-30T10:10:04.445+0000] {processor.py:178} INFO - Processing /home/airflow/.local/lib/python3.7/site-packages/airflow/example_dags/tutorial_taskflow_api.py took 0.094 seconds
[2023-05-30T10:10:35.225+0000] {processor.py:156} INFO - Started process (PID=498) to work on /home/airflow/.local/lib/python3.7/site-packages/airflow/example_dags/tutorial_taskflow_api.py
[2023-05-30T10:10:35.232+0000] {processor.py:799} INFO - Processing file /home/airflow/.local/lib/python3.7/site-packages/airflow/example_dags/tutorial_taskflow_api.py for tasks to queue
[2023-05-30T10:10:35.235+0000] {logging_mixin.py:149} INFO - [2023-05-30T10:10:35.234+0000] {dagbag.py:541} INFO - Filling up the DagBag from /home/airflow/.local/lib/python3.7/site-packages/airflow/example_dags/tutorial_taskflow_api.py
[2023-05-30T10:10:35.242+0000] {processor.py:809} INFO - DAG(s) dict_keys(['tutorial_taskflow_api']) retrieved from /home/airflow/.local/lib/python3.7/site-packages/airflow/example_dags/tutorial_taskflow_api.py
[2023-05-30T10:10:35.273+0000] {logging_mixin.py:149} INFO - [2023-05-30T10:10:35.273+0000] {dag.py:2726} INFO - Sync 1 DAGs
[2023-05-30T10:10:35.308+0000] {logging_mixin.py:149} INFO - [2023-05-30T10:10:35.308+0000] {dag.py:3490} INFO - Setting next_dagrun for tutorial_taskflow_api to None, run_after=None
[2023-05-30T10:10:35.328+0000] {processor.py:178} INFO - Processing /home/airflow/.local/lib/python3.7/site-packages/airflow/example_dags/tutorial_taskflow_api.py took 0.107 seconds
[2023-05-30T10:11:06.371+0000] {processor.py:156} INFO - Started process (PID=555) to work on /home/airflow/.local/lib/python3.7/site-packages/airflow/example_dags/tutorial_taskflow_api.py
[2023-05-30T10:11:06.373+0000] {processor.py:799} INFO - Processing file /home/airflow/.local/lib/python3.7/site-packages/airflow/example_dags/tutorial_taskflow_api.py for tasks to queue
[2023-05-30T10:11:06.374+0000] {logging_mixin.py:149} INFO - [2023-05-30T10:11:06.374+0000] {dagbag.py:541} INFO - Filling up the DagBag from /home/airflow/.local/lib/python3.7/site-packages/airflow/example_dags/tutorial_taskflow_api.py
[2023-05-30T10:11:06.384+0000] {processor.py:809} INFO - DAG(s) dict_keys(['tutorial_taskflow_api']) retrieved from /home/airflow/.local/lib/python3.7/site-packages/airflow/example_dags/tutorial_taskflow_api.py
[2023-05-30T10:11:06.441+0000] {logging_mixin.py:149} INFO - [2023-05-30T10:11:06.440+0000] {dag.py:2726} INFO - Sync 1 DAGs
[2023-05-30T10:11:06.500+0000] {logging_mixin.py:149} INFO - [2023-05-30T10:11:06.500+0000] {dag.py:3490} INFO - Setting next_dagrun for tutorial_taskflow_api to None, run_after=None
[2023-05-30T10:11:06.538+0000] {processor.py:178} INFO - Processing /home/airflow/.local/lib/python3.7/site-packages/airflow/example_dags/tutorial_taskflow_api.py took 0.171 seconds
[2023-05-30T10:11:37.377+0000] {processor.py:156} INFO - Started process (PID=611) to work on /home/airflow/.local/lib/python3.7/site-packages/airflow/example_dags/tutorial_taskflow_api.py
[2023-05-30T10:11:37.377+0000] {processor.py:799} INFO - Processing file /home/airflow/.local/lib/python3.7/site-packages/airflow/example_dags/tutorial_taskflow_api.py for tasks to queue
[2023-05-30T10:11:37.378+0000] {logging_mixin.py:149} INFO - [2023-05-30T10:11:37.378+0000] {dagbag.py:541} INFO - Filling up the DagBag from /home/airflow/.local/lib/python3.7/site-packages/airflow/example_dags/tutorial_taskflow_api.py
[2023-05-30T10:11:37.385+0000] {processor.py:809} INFO - DAG(s) dict_keys(['tutorial_taskflow_api']) retrieved from /home/airflow/.local/lib/python3.7/site-packages/airflow/example_dags/tutorial_taskflow_api.py
[2023-05-30T10:11:37.412+0000] {logging_mixin.py:149} INFO - [2023-05-30T10:11:37.412+0000] {dag.py:2726} INFO - Sync 1 DAGs
[2023-05-30T10:11:37.447+0000] {logging_mixin.py:149} INFO - [2023-05-30T10:11:37.447+0000] {dag.py:3490} INFO - Setting next_dagrun for tutorial_taskflow_api to None, run_after=None
[2023-05-30T10:11:37.470+0000] {processor.py:178} INFO - Processing /home/airflow/.local/lib/python3.7/site-packages/airflow/example_dags/tutorial_taskflow_api.py took 0.098 seconds
[2023-05-30T10:12:07.603+0000] {processor.py:156} INFO - Started process (PID=668) to work on /home/airflow/.local/lib/python3.7/site-packages/airflow/example_dags/tutorial_taskflow_api.py
[2023-05-30T10:12:07.605+0000] {processor.py:799} INFO - Processing file /home/airflow/.local/lib/python3.7/site-packages/airflow/example_dags/tutorial_taskflow_api.py for tasks to queue
[2023-05-30T10:12:07.605+0000] {logging_mixin.py:149} INFO - [2023-05-30T10:12:07.605+0000] {dagbag.py:541} INFO - Filling up the DagBag from /home/airflow/.local/lib/python3.7/site-packages/airflow/example_dags/tutorial_taskflow_api.py
[2023-05-30T10:12:07.612+0000] {processor.py:809} INFO - DAG(s) dict_keys(['tutorial_taskflow_api']) retrieved from /home/airflow/.local/lib/python3.7/site-packages/airflow/example_dags/tutorial_taskflow_api.py
[2023-05-30T10:12:07.640+0000] {logging_mixin.py:149} INFO - [2023-05-30T10:12:07.640+0000] {dag.py:2726} INFO - Sync 1 DAGs
[2023-05-30T10:12:07.673+0000] {logging_mixin.py:149} INFO - [2023-05-30T10:12:07.673+0000] {dag.py:3490} INFO - Setting next_dagrun for tutorial_taskflow_api to None, run_after=None
[2023-05-30T10:12:07.694+0000] {processor.py:178} INFO - Processing /home/airflow/.local/lib/python3.7/site-packages/airflow/example_dags/tutorial_taskflow_api.py took 0.095 seconds
[2023-05-30T10:12:38.415+0000] {processor.py:156} INFO - Started process (PID=724) to work on /home/airflow/.local/lib/python3.7/site-packages/airflow/example_dags/tutorial_taskflow_api.py
[2023-05-30T10:12:38.416+0000] {processor.py:799} INFO - Processing file /home/airflow/.local/lib/python3.7/site-packages/airflow/example_dags/tutorial_taskflow_api.py for tasks to queue
[2023-05-30T10:12:38.416+0000] {logging_mixin.py:149} INFO - [2023-05-30T10:12:38.416+0000] {dagbag.py:541} INFO - Filling up the DagBag from /home/airflow/.local/lib/python3.7/site-packages/airflow/example_dags/tutorial_taskflow_api.py
[2023-05-30T10:12:38.425+0000] {processor.py:809} INFO - DAG(s) dict_keys(['tutorial_taskflow_api']) retrieved from /home/airflow/.local/lib/python3.7/site-packages/airflow/example_dags/tutorial_taskflow_api.py
[2023-05-30T10:12:38.457+0000] {logging_mixin.py:149} INFO - [2023-05-30T10:12:38.457+0000] {dag.py:2726} INFO - Sync 1 DAGs
[2023-05-30T10:12:38.491+0000] {logging_mixin.py:149} INFO - [2023-05-30T10:12:38.491+0000] {dag.py:3490} INFO - Setting next_dagrun for tutorial_taskflow_api to None, run_after=None
[2023-05-30T10:12:38.513+0000] {processor.py:178} INFO - Processing /home/airflow/.local/lib/python3.7/site-packages/airflow/example_dags/tutorial_taskflow_api.py took 0.104 seconds
[2023-05-30T10:13:09.331+0000] {processor.py:156} INFO - Started process (PID=781) to work on /home/airflow/.local/lib/python3.7/site-packages/airflow/example_dags/tutorial_taskflow_api.py
[2023-05-30T10:13:09.332+0000] {processor.py:799} INFO - Processing file /home/airflow/.local/lib/python3.7/site-packages/airflow/example_dags/tutorial_taskflow_api.py for tasks to queue
[2023-05-30T10:13:09.333+0000] {logging_mixin.py:149} INFO - [2023-05-30T10:13:09.333+0000] {dagbag.py:541} INFO - Filling up the DagBag from /home/airflow/.local/lib/python3.7/site-packages/airflow/example_dags/tutorial_taskflow_api.py
[2023-05-30T10:13:09.340+0000] {processor.py:809} INFO - DAG(s) dict_keys(['tutorial_taskflow_api']) retrieved from /home/airflow/.local/lib/python3.7/site-packages/airflow/example_dags/tutorial_taskflow_api.py
[2023-05-30T10:13:09.369+0000] {logging_mixin.py:149} INFO - [2023-05-30T10:13:09.369+0000] {dag.py:2726} INFO - Sync 1 DAGs
[2023-05-30T10:13:09.402+0000] {logging_mixin.py:149} INFO - [2023-05-30T10:13:09.402+0000] {dag.py:3490} INFO - Setting next_dagrun for tutorial_taskflow_api to None, run_after=None
[2023-05-30T10:13:09.423+0000] {processor.py:178} INFO - Processing /home/airflow/.local/lib/python3.7/site-packages/airflow/example_dags/tutorial_taskflow_api.py took 0.096 seconds
[2023-05-30T10:13:39.588+0000] {processor.py:156} INFO - Started process (PID=838) to work on /home/airflow/.local/lib/python3.7/site-packages/airflow/example_dags/tutorial_taskflow_api.py
[2023-05-30T10:13:39.589+0000] {processor.py:799} INFO - Processing file /home/airflow/.local/lib/python3.7/site-packages/airflow/example_dags/tutorial_taskflow_api.py for tasks to queue
[2023-05-30T10:13:39.590+0000] {logging_mixin.py:149} INFO - [2023-05-30T10:13:39.590+0000] {dagbag.py:541} INFO - Filling up the DagBag from /home/airflow/.local/lib/python3.7/site-packages/airflow/example_dags/tutorial_taskflow_api.py
[2023-05-30T10:13:39.597+0000] {processor.py:809} INFO - DAG(s) dict_keys(['tutorial_taskflow_api']) retrieved from /home/airflow/.local/lib/python3.7/site-packages/airflow/example_dags/tutorial_taskflow_api.py
[2023-05-30T10:13:39.624+0000] {logging_mixin.py:149} INFO - [2023-05-30T10:13:39.624+0000] {dag.py:2726} INFO - Sync 1 DAGs
[2023-05-30T10:13:39.658+0000] {logging_mixin.py:149} INFO - [2023-05-30T10:13:39.658+0000] {dag.py:3490} INFO - Setting next_dagrun for tutorial_taskflow_api to None, run_after=None
[2023-05-30T10:13:39.680+0000] {processor.py:178} INFO - Processing /home/airflow/.local/lib/python3.7/site-packages/airflow/example_dags/tutorial_taskflow_api.py took 0.095 seconds
[2023-05-30T10:14:10.055+0000] {processor.py:156} INFO - Started process (PID=895) to work on /home/airflow/.local/lib/python3.7/site-packages/airflow/example_dags/tutorial_taskflow_api.py
[2023-05-30T10:14:10.058+0000] {processor.py:799} INFO - Processing file /home/airflow/.local/lib/python3.7/site-packages/airflow/example_dags/tutorial_taskflow_api.py for tasks to queue
[2023-05-30T10:14:10.059+0000] {logging_mixin.py:149} INFO - [2023-05-30T10:14:10.059+0000] {dagbag.py:541} INFO - Filling up the DagBag from /home/airflow/.local/lib/python3.7/site-packages/airflow/example_dags/tutorial_taskflow_api.py
[2023-05-30T10:14:10.073+0000] {processor.py:809} INFO - DAG(s) dict_keys(['tutorial_taskflow_api']) retrieved from /home/airflow/.local/lib/python3.7/site-packages/airflow/example_dags/tutorial_taskflow_api.py
[2023-05-30T10:14:10.132+0000] {logging_mixin.py:149} INFO - [2023-05-30T10:14:10.131+0000] {dag.py:2726} INFO - Sync 1 DAGs
[2023-05-30T10:14:10.175+0000] {logging_mixin.py:149} INFO - [2023-05-30T10:14:10.174+0000] {dag.py:3490} INFO - Setting next_dagrun for tutorial_taskflow_api to None, run_after=None
[2023-05-30T10:14:10.207+0000] {processor.py:178} INFO - Processing /home/airflow/.local/lib/python3.7/site-packages/airflow/example_dags/tutorial_taskflow_api.py took 0.158 seconds
[2023-05-30T10:14:41.016+0000] {processor.py:156} INFO - Started process (PID=952) to work on /home/airflow/.local/lib/python3.7/site-packages/airflow/example_dags/tutorial_taskflow_api.py
[2023-05-30T10:14:41.017+0000] {processor.py:799} INFO - Processing file /home/airflow/.local/lib/python3.7/site-packages/airflow/example_dags/tutorial_taskflow_api.py for tasks to queue
[2023-05-30T10:14:41.018+0000] {logging_mixin.py:149} INFO - [2023-05-30T10:14:41.018+0000] {dagbag.py:541} INFO - Filling up the DagBag from /home/airflow/.local/lib/python3.7/site-packages/airflow/example_dags/tutorial_taskflow_api.py
[2023-05-30T10:14:41.025+0000] {processor.py:809} INFO - DAG(s) dict_keys(['tutorial_taskflow_api']) retrieved from /home/airflow/.local/lib/python3.7/site-packages/airflow/example_dags/tutorial_taskflow_api.py
[2023-05-30T10:14:41.056+0000] {logging_mixin.py:149} INFO - [2023-05-30T10:14:41.056+0000] {dag.py:2726} INFO - Sync 1 DAGs
[2023-05-30T10:14:41.087+0000] {logging_mixin.py:149} INFO - [2023-05-30T10:14:41.087+0000] {dag.py:3490} INFO - Setting next_dagrun for tutorial_taskflow_api to None, run_after=None
[2023-05-30T10:14:41.109+0000] {processor.py:178} INFO - Processing /home/airflow/.local/lib/python3.7/site-packages/airflow/example_dags/tutorial_taskflow_api.py took 0.098 seconds
[2023-05-30T10:15:11.250+0000] {processor.py:156} INFO - Started process (PID=1009) to work on /home/airflow/.local/lib/python3.7/site-packages/airflow/example_dags/tutorial_taskflow_api.py
[2023-05-30T10:15:11.251+0000] {processor.py:799} INFO - Processing file /home/airflow/.local/lib/python3.7/site-packages/airflow/example_dags/tutorial_taskflow_api.py for tasks to queue
[2023-05-30T10:15:11.252+0000] {logging_mixin.py:149} INFO - [2023-05-30T10:15:11.252+0000] {dagbag.py:541} INFO - Filling up the DagBag from /home/airflow/.local/lib/python3.7/site-packages/airflow/example_dags/tutorial_taskflow_api.py
[2023-05-30T10:15:11.261+0000] {processor.py:809} INFO - DAG(s) dict_keys(['tutorial_taskflow_api']) retrieved from /home/airflow/.local/lib/python3.7/site-packages/airflow/example_dags/tutorial_taskflow_api.py
[2023-05-30T10:15:11.289+0000] {logging_mixin.py:149} INFO - [2023-05-30T10:15:11.288+0000] {dag.py:2726} INFO - Sync 1 DAGs
[2023-05-30T10:15:11.321+0000] {logging_mixin.py:149} INFO - [2023-05-30T10:15:11.320+0000] {dag.py:3490} INFO - Setting next_dagrun for tutorial_taskflow_api to None, run_after=None
[2023-05-30T10:15:11.345+0000] {processor.py:178} INFO - Processing /home/airflow/.local/lib/python3.7/site-packages/airflow/example_dags/tutorial_taskflow_api.py took 0.100 seconds
[2023-05-30T10:15:42.074+0000] {processor.py:156} INFO - Started process (PID=1066) to work on /home/airflow/.local/lib/python3.7/site-packages/airflow/example_dags/tutorial_taskflow_api.py
[2023-05-30T10:15:42.075+0000] {processor.py:799} INFO - Processing file /home/airflow/.local/lib/python3.7/site-packages/airflow/example_dags/tutorial_taskflow_api.py for tasks to queue
[2023-05-30T10:15:42.076+0000] {logging_mixin.py:149} INFO - [2023-05-30T10:15:42.076+0000] {dagbag.py:541} INFO - Filling up the DagBag from /home/airflow/.local/lib/python3.7/site-packages/airflow/example_dags/tutorial_taskflow_api.py
[2023-05-30T10:15:42.083+0000] {processor.py:809} INFO - DAG(s) dict_keys(['tutorial_taskflow_api']) retrieved from /home/airflow/.local/lib/python3.7/site-packages/airflow/example_dags/tutorial_taskflow_api.py
[2023-05-30T10:15:42.114+0000] {logging_mixin.py:149} INFO - [2023-05-30T10:15:42.114+0000] {dag.py:2726} INFO - Sync 1 DAGs
[2023-05-30T10:15:42.145+0000] {logging_mixin.py:149} INFO - [2023-05-30T10:15:42.144+0000] {dag.py:3490} INFO - Setting next_dagrun for tutorial_taskflow_api to None, run_after=None
[2023-05-30T10:15:42.179+0000] {processor.py:178} INFO - Processing /home/airflow/.local/lib/python3.7/site-packages/airflow/example_dags/tutorial_taskflow_api.py took 0.109 seconds
[2023-05-30T10:16:12.819+0000] {processor.py:156} INFO - Started process (PID=1123) to work on /home/airflow/.local/lib/python3.7/site-packages/airflow/example_dags/tutorial_taskflow_api.py
[2023-05-30T10:16:12.821+0000] {processor.py:799} INFO - Processing file /home/airflow/.local/lib/python3.7/site-packages/airflow/example_dags/tutorial_taskflow_api.py for tasks to queue
[2023-05-30T10:16:12.821+0000] {logging_mixin.py:149} INFO - [2023-05-30T10:16:12.821+0000] {dagbag.py:541} INFO - Filling up the DagBag from /home/airflow/.local/lib/python3.7/site-packages/airflow/example_dags/tutorial_taskflow_api.py
[2023-05-30T10:16:12.828+0000] {processor.py:809} INFO - DAG(s) dict_keys(['tutorial_taskflow_api']) retrieved from /home/airflow/.local/lib/python3.7/site-packages/airflow/example_dags/tutorial_taskflow_api.py
[2023-05-30T10:16:12.856+0000] {logging_mixin.py:149} INFO - [2023-05-30T10:16:12.856+0000] {dag.py:2726} INFO - Sync 1 DAGs
[2023-05-30T10:16:12.893+0000] {logging_mixin.py:149} INFO - [2023-05-30T10:16:12.893+0000] {dag.py:3490} INFO - Setting next_dagrun for tutorial_taskflow_api to None, run_after=None
[2023-05-30T10:16:12.919+0000] {processor.py:178} INFO - Processing /home/airflow/.local/lib/python3.7/site-packages/airflow/example_dags/tutorial_taskflow_api.py took 0.103 seconds
[2023-05-30T10:16:43.187+0000] {processor.py:156} INFO - Started process (PID=1180) to work on /home/airflow/.local/lib/python3.7/site-packages/airflow/example_dags/tutorial_taskflow_api.py
[2023-05-30T10:16:43.188+0000] {processor.py:799} INFO - Processing file /home/airflow/.local/lib/python3.7/site-packages/airflow/example_dags/tutorial_taskflow_api.py for tasks to queue
[2023-05-30T10:16:43.189+0000] {logging_mixin.py:149} INFO - [2023-05-30T10:16:43.189+0000] {dagbag.py:541} INFO - Filling up the DagBag from /home/airflow/.local/lib/python3.7/site-packages/airflow/example_dags/tutorial_taskflow_api.py
[2023-05-30T10:16:43.196+0000] {processor.py:809} INFO - DAG(s) dict_keys(['tutorial_taskflow_api']) retrieved from /home/airflow/.local/lib/python3.7/site-packages/airflow/example_dags/tutorial_taskflow_api.py
[2023-05-30T10:16:43.231+0000] {logging_mixin.py:149} INFO - [2023-05-30T10:16:43.231+0000] {dag.py:2726} INFO - Sync 1 DAGs
[2023-05-30T10:16:43.262+0000] {logging_mixin.py:149} INFO - [2023-05-30T10:16:43.261+0000] {dag.py:3490} INFO - Setting next_dagrun for tutorial_taskflow_api to None, run_after=None
[2023-05-30T10:16:43.282+0000] {processor.py:178} INFO - Processing /home/airflow/.local/lib/python3.7/site-packages/airflow/example_dags/tutorial_taskflow_api.py took 0.100 seconds
[2023-05-30T10:17:13.882+0000] {processor.py:156} INFO - Started process (PID=1237) to work on /home/airflow/.local/lib/python3.7/site-packages/airflow/example_dags/tutorial_taskflow_api.py
[2023-05-30T10:17:13.883+0000] {processor.py:799} INFO - Processing file /home/airflow/.local/lib/python3.7/site-packages/airflow/example_dags/tutorial_taskflow_api.py for tasks to queue
[2023-05-30T10:17:13.883+0000] {logging_mixin.py:149} INFO - [2023-05-30T10:17:13.883+0000] {dagbag.py:541} INFO - Filling up the DagBag from /home/airflow/.local/lib/python3.7/site-packages/airflow/example_dags/tutorial_taskflow_api.py
[2023-05-30T10:17:13.890+0000] {processor.py:809} INFO - DAG(s) dict_keys(['tutorial_taskflow_api']) retrieved from /home/airflow/.local/lib/python3.7/site-packages/airflow/example_dags/tutorial_taskflow_api.py
[2023-05-30T10:17:13.922+0000] {logging_mixin.py:149} INFO - [2023-05-30T10:17:13.922+0000] {dag.py:2726} INFO - Sync 1 DAGs
[2023-05-30T10:17:13.952+0000] {logging_mixin.py:149} INFO - [2023-05-30T10:17:13.952+0000] {dag.py:3490} INFO - Setting next_dagrun for tutorial_taskflow_api to None, run_after=None
[2023-05-30T10:17:13.973+0000] {processor.py:178} INFO - Processing /home/airflow/.local/lib/python3.7/site-packages/airflow/example_dags/tutorial_taskflow_api.py took 0.095 seconds
[2023-05-30T10:17:44.702+0000] {processor.py:156} INFO - Started process (PID=1294) to work on /home/airflow/.local/lib/python3.7/site-packages/airflow/example_dags/tutorial_taskflow_api.py
[2023-05-30T10:17:44.703+0000] {processor.py:799} INFO - Processing file /home/airflow/.local/lib/python3.7/site-packages/airflow/example_dags/tutorial_taskflow_api.py for tasks to queue
[2023-05-30T10:17:44.704+0000] {logging_mixin.py:149} INFO - [2023-05-30T10:17:44.704+0000] {dagbag.py:541} INFO - Filling up the DagBag from /home/airflow/.local/lib/python3.7/site-packages/airflow/example_dags/tutorial_taskflow_api.py
[2023-05-30T10:17:44.713+0000] {processor.py:809} INFO - DAG(s) dict_keys(['tutorial_taskflow_api']) retrieved from /home/airflow/.local/lib/python3.7/site-packages/airflow/example_dags/tutorial_taskflow_api.py
[2023-05-30T10:17:44.750+0000] {logging_mixin.py:149} INFO - [2023-05-30T10:17:44.750+0000] {dag.py:2726} INFO - Sync 1 DAGs
[2023-05-30T10:17:44.783+0000] {logging_mixin.py:149} INFO - [2023-05-30T10:17:44.783+0000] {dag.py:3490} INFO - Setting next_dagrun for tutorial_taskflow_api to None, run_after=None
[2023-05-30T10:17:44.804+0000] {processor.py:178} INFO - Processing /home/airflow/.local/lib/python3.7/site-packages/airflow/example_dags/tutorial_taskflow_api.py took 0.106 seconds
[2023-05-30T10:18:15.308+0000] {processor.py:156} INFO - Started process (PID=1357) to work on /home/airflow/.local/lib/python3.7/site-packages/airflow/example_dags/tutorial_taskflow_api.py
[2023-05-30T10:18:15.309+0000] {processor.py:799} INFO - Processing file /home/airflow/.local/lib/python3.7/site-packages/airflow/example_dags/tutorial_taskflow_api.py for tasks to queue
[2023-05-30T10:18:15.310+0000] {logging_mixin.py:149} INFO - [2023-05-30T10:18:15.310+0000] {dagbag.py:541} INFO - Filling up the DagBag from /home/airflow/.local/lib/python3.7/site-packages/airflow/example_dags/tutorial_taskflow_api.py
[2023-05-30T10:18:15.318+0000] {processor.py:809} INFO - DAG(s) dict_keys(['tutorial_taskflow_api']) retrieved from /home/airflow/.local/lib/python3.7/site-packages/airflow/example_dags/tutorial_taskflow_api.py
[2023-05-30T10:18:15.345+0000] {logging_mixin.py:149} INFO - [2023-05-30T10:18:15.345+0000] {dag.py:2726} INFO - Sync 1 DAGs
[2023-05-30T10:18:15.376+0000] {logging_mixin.py:149} INFO - [2023-05-30T10:18:15.375+0000] {dag.py:3490} INFO - Setting next_dagrun for tutorial_taskflow_api to None, run_after=None
[2023-05-30T10:18:15.397+0000] {processor.py:178} INFO - Processing /home/airflow/.local/lib/python3.7/site-packages/airflow/example_dags/tutorial_taskflow_api.py took 0.094 seconds
[2023-05-30T10:18:45.529+0000] {processor.py:156} INFO - Started process (PID=1414) to work on /home/airflow/.local/lib/python3.7/site-packages/airflow/example_dags/tutorial_taskflow_api.py
[2023-05-30T10:18:45.537+0000] {processor.py:799} INFO - Processing file /home/airflow/.local/lib/python3.7/site-packages/airflow/example_dags/tutorial_taskflow_api.py for tasks to queue
[2023-05-30T10:18:45.537+0000] {logging_mixin.py:149} INFO - [2023-05-30T10:18:45.537+0000] {dagbag.py:541} INFO - Filling up the DagBag from /home/airflow/.local/lib/python3.7/site-packages/airflow/example_dags/tutorial_taskflow_api.py
[2023-05-30T10:18:45.553+0000] {processor.py:809} INFO - DAG(s) dict_keys(['tutorial_taskflow_api']) retrieved from /home/airflow/.local/lib/python3.7/site-packages/airflow/example_dags/tutorial_taskflow_api.py
[2023-05-30T10:18:45.608+0000] {logging_mixin.py:149} INFO - [2023-05-30T10:18:45.608+0000] {dag.py:2726} INFO - Sync 1 DAGs
[2023-05-30T10:18:45.659+0000] {logging_mixin.py:149} INFO - [2023-05-30T10:18:45.659+0000] {dag.py:3490} INFO - Setting next_dagrun for tutorial_taskflow_api to None, run_after=None
[2023-05-30T10:18:45.700+0000] {processor.py:178} INFO - Processing /home/airflow/.local/lib/python3.7/site-packages/airflow/example_dags/tutorial_taskflow_api.py took 0.174 seconds
[2023-05-30T10:19:15.741+0000] {processor.py:156} INFO - Started process (PID=1469) to work on /home/airflow/.local/lib/python3.7/site-packages/airflow/example_dags/tutorial_taskflow_api.py
[2023-05-30T10:19:15.742+0000] {processor.py:799} INFO - Processing file /home/airflow/.local/lib/python3.7/site-packages/airflow/example_dags/tutorial_taskflow_api.py for tasks to queue
[2023-05-30T10:19:15.743+0000] {logging_mixin.py:149} INFO - [2023-05-30T10:19:15.743+0000] {dagbag.py:541} INFO - Filling up the DagBag from /home/airflow/.local/lib/python3.7/site-packages/airflow/example_dags/tutorial_taskflow_api.py
[2023-05-30T10:19:15.750+0000] {processor.py:809} INFO - DAG(s) dict_keys(['tutorial_taskflow_api']) retrieved from /home/airflow/.local/lib/python3.7/site-packages/airflow/example_dags/tutorial_taskflow_api.py
[2023-05-30T10:19:15.777+0000] {logging_mixin.py:149} INFO - [2023-05-30T10:19:15.777+0000] {dag.py:2726} INFO - Sync 1 DAGs
[2023-05-30T10:19:15.808+0000] {logging_mixin.py:149} INFO - [2023-05-30T10:19:15.808+0000] {dag.py:3490} INFO - Setting next_dagrun for tutorial_taskflow_api to None, run_after=None
[2023-05-30T10:19:15.829+0000] {processor.py:178} INFO - Processing /home/airflow/.local/lib/python3.7/site-packages/airflow/example_dags/tutorial_taskflow_api.py took 0.091 seconds
[2023-05-30T10:19:45.990+0000] {processor.py:156} INFO - Started process (PID=1526) to work on /home/airflow/.local/lib/python3.7/site-packages/airflow/example_dags/tutorial_taskflow_api.py
[2023-05-30T10:19:45.991+0000] {processor.py:799} INFO - Processing file /home/airflow/.local/lib/python3.7/site-packages/airflow/example_dags/tutorial_taskflow_api.py for tasks to queue
[2023-05-30T10:19:45.992+0000] {logging_mixin.py:149} INFO - [2023-05-30T10:19:45.992+0000] {dagbag.py:541} INFO - Filling up the DagBag from /home/airflow/.local/lib/python3.7/site-packages/airflow/example_dags/tutorial_taskflow_api.py
[2023-05-30T10:19:45.999+0000] {processor.py:809} INFO - DAG(s) dict_keys(['tutorial_taskflow_api']) retrieved from /home/airflow/.local/lib/python3.7/site-packages/airflow/example_dags/tutorial_taskflow_api.py
[2023-05-30T10:19:46.027+0000] {logging_mixin.py:149} INFO - [2023-05-30T10:19:46.027+0000] {dag.py:2726} INFO - Sync 1 DAGs
[2023-05-30T10:19:46.057+0000] {logging_mixin.py:149} INFO - [2023-05-30T10:19:46.057+0000] {dag.py:3490} INFO - Setting next_dagrun for tutorial_taskflow_api to None, run_after=None
[2023-05-30T10:19:46.078+0000] {processor.py:178} INFO - Processing /home/airflow/.local/lib/python3.7/site-packages/airflow/example_dags/tutorial_taskflow_api.py took 0.092 seconds
[2023-05-30T10:20:16.890+0000] {processor.py:156} INFO - Started process (PID=1583) to work on /home/airflow/.local/lib/python3.7/site-packages/airflow/example_dags/tutorial_taskflow_api.py
[2023-05-30T10:20:16.891+0000] {processor.py:799} INFO - Processing file /home/airflow/.local/lib/python3.7/site-packages/airflow/example_dags/tutorial_taskflow_api.py for tasks to queue
[2023-05-30T10:20:16.891+0000] {logging_mixin.py:149} INFO - [2023-05-30T10:20:16.891+0000] {dagbag.py:541} INFO - Filling up the DagBag from /home/airflow/.local/lib/python3.7/site-packages/airflow/example_dags/tutorial_taskflow_api.py
[2023-05-30T10:20:16.898+0000] {processor.py:809} INFO - DAG(s) dict_keys(['tutorial_taskflow_api']) retrieved from /home/airflow/.local/lib/python3.7/site-packages/airflow/example_dags/tutorial_taskflow_api.py
[2023-05-30T10:20:16.927+0000] {logging_mixin.py:149} INFO - [2023-05-30T10:20:16.926+0000] {dag.py:2726} INFO - Sync 1 DAGs
[2023-05-30T10:20:16.957+0000] {logging_mixin.py:149} INFO - [2023-05-30T10:20:16.956+0000] {dag.py:3490} INFO - Setting next_dagrun for tutorial_taskflow_api to None, run_after=None
[2023-05-30T10:20:16.978+0000] {processor.py:178} INFO - Processing /home/airflow/.local/lib/python3.7/site-packages/airflow/example_dags/tutorial_taskflow_api.py took 0.092 seconds
[2023-05-30T10:20:47.262+0000] {processor.py:156} INFO - Started process (PID=1640) to work on /home/airflow/.local/lib/python3.7/site-packages/airflow/example_dags/tutorial_taskflow_api.py
[2023-05-30T10:20:47.265+0000] {processor.py:799} INFO - Processing file /home/airflow/.local/lib/python3.7/site-packages/airflow/example_dags/tutorial_taskflow_api.py for tasks to queue
[2023-05-30T10:20:47.266+0000] {logging_mixin.py:149} INFO - [2023-05-30T10:20:47.266+0000] {dagbag.py:541} INFO - Filling up the DagBag from /home/airflow/.local/lib/python3.7/site-packages/airflow/example_dags/tutorial_taskflow_api.py
[2023-05-30T10:20:47.273+0000] {processor.py:809} INFO - DAG(s) dict_keys(['tutorial_taskflow_api']) retrieved from /home/airflow/.local/lib/python3.7/site-packages/airflow/example_dags/tutorial_taskflow_api.py
[2023-05-30T10:20:47.303+0000] {logging_mixin.py:149} INFO - [2023-05-30T10:20:47.303+0000] {dag.py:2726} INFO - Sync 1 DAGs
[2023-05-30T10:20:47.335+0000] {logging_mixin.py:149} INFO - [2023-05-30T10:20:47.334+0000] {dag.py:3490} INFO - Setting next_dagrun for tutorial_taskflow_api to None, run_after=None
[2023-05-30T10:20:47.362+0000] {processor.py:178} INFO - Processing /home/airflow/.local/lib/python3.7/site-packages/airflow/example_dags/tutorial_taskflow_api.py took 0.104 seconds
[2023-05-30T10:21:17.568+0000] {processor.py:156} INFO - Started process (PID=1697) to work on /home/airflow/.local/lib/python3.7/site-packages/airflow/example_dags/tutorial_taskflow_api.py
[2023-05-30T10:21:17.570+0000] {processor.py:799} INFO - Processing file /home/airflow/.local/lib/python3.7/site-packages/airflow/example_dags/tutorial_taskflow_api.py for tasks to queue
[2023-05-30T10:21:17.571+0000] {logging_mixin.py:149} INFO - [2023-05-30T10:21:17.570+0000] {dagbag.py:541} INFO - Filling up the DagBag from /home/airflow/.local/lib/python3.7/site-packages/airflow/example_dags/tutorial_taskflow_api.py
[2023-05-30T10:21:17.577+0000] {processor.py:809} INFO - DAG(s) dict_keys(['tutorial_taskflow_api']) retrieved from /home/airflow/.local/lib/python3.7/site-packages/airflow/example_dags/tutorial_taskflow_api.py
[2023-05-30T10:21:17.604+0000] {logging_mixin.py:149} INFO - [2023-05-30T10:21:17.604+0000] {dag.py:2726} INFO - Sync 1 DAGs
[2023-05-30T10:21:17.634+0000] {logging_mixin.py:149} INFO - [2023-05-30T10:21:17.634+0000] {dag.py:3490} INFO - Setting next_dagrun for tutorial_taskflow_api to None, run_after=None
[2023-05-30T10:21:17.658+0000] {processor.py:178} INFO - Processing /home/airflow/.local/lib/python3.7/site-packages/airflow/example_dags/tutorial_taskflow_api.py took 0.093 seconds
[2023-05-30T10:21:48.382+0000] {processor.py:156} INFO - Started process (PID=1755) to work on /home/airflow/.local/lib/python3.7/site-packages/airflow/example_dags/tutorial_taskflow_api.py
[2023-05-30T10:21:48.383+0000] {processor.py:799} INFO - Processing file /home/airflow/.local/lib/python3.7/site-packages/airflow/example_dags/tutorial_taskflow_api.py for tasks to queue
[2023-05-30T10:21:48.385+0000] {logging_mixin.py:149} INFO - [2023-05-30T10:21:48.384+0000] {dagbag.py:541} INFO - Filling up the DagBag from /home/airflow/.local/lib/python3.7/site-packages/airflow/example_dags/tutorial_taskflow_api.py
[2023-05-30T10:21:48.393+0000] {processor.py:809} INFO - DAG(s) dict_keys(['tutorial_taskflow_api']) retrieved from /home/airflow/.local/lib/python3.7/site-packages/airflow/example_dags/tutorial_taskflow_api.py
[2023-05-30T10:21:48.419+0000] {logging_mixin.py:149} INFO - [2023-05-30T10:21:48.419+0000] {dag.py:2726} INFO - Sync 1 DAGs
[2023-05-30T10:21:48.450+0000] {logging_mixin.py:149} INFO - [2023-05-30T10:21:48.450+0000] {dag.py:3490} INFO - Setting next_dagrun for tutorial_taskflow_api to None, run_after=None
[2023-05-30T10:21:48.470+0000] {processor.py:178} INFO - Processing /home/airflow/.local/lib/python3.7/site-packages/airflow/example_dags/tutorial_taskflow_api.py took 0.091 seconds
[2023-05-30T10:22:18.835+0000] {processor.py:156} INFO - Started process (PID=1811) to work on /home/airflow/.local/lib/python3.7/site-packages/airflow/example_dags/tutorial_taskflow_api.py
[2023-05-30T10:22:18.836+0000] {processor.py:799} INFO - Processing file /home/airflow/.local/lib/python3.7/site-packages/airflow/example_dags/tutorial_taskflow_api.py for tasks to queue
[2023-05-30T10:22:18.837+0000] {logging_mixin.py:149} INFO - [2023-05-30T10:22:18.836+0000] {dagbag.py:541} INFO - Filling up the DagBag from /home/airflow/.local/lib/python3.7/site-packages/airflow/example_dags/tutorial_taskflow_api.py
[2023-05-30T10:22:18.843+0000] {processor.py:809} INFO - DAG(s) dict_keys(['tutorial_taskflow_api']) retrieved from /home/airflow/.local/lib/python3.7/site-packages/airflow/example_dags/tutorial_taskflow_api.py
[2023-05-30T10:22:18.873+0000] {logging_mixin.py:149} INFO - [2023-05-30T10:22:18.873+0000] {dag.py:2726} INFO - Sync 1 DAGs
[2023-05-30T10:22:18.904+0000] {logging_mixin.py:149} INFO - [2023-05-30T10:22:18.904+0000] {dag.py:3490} INFO - Setting next_dagrun for tutorial_taskflow_api to None, run_after=None
[2023-05-30T10:22:18.926+0000] {processor.py:178} INFO - Processing /home/airflow/.local/lib/python3.7/site-packages/airflow/example_dags/tutorial_taskflow_api.py took 0.096 seconds
[2023-05-30T10:22:49.241+0000] {processor.py:156} INFO - Started process (PID=1868) to work on /home/airflow/.local/lib/python3.7/site-packages/airflow/example_dags/tutorial_taskflow_api.py
[2023-05-30T10:22:49.241+0000] {processor.py:799} INFO - Processing file /home/airflow/.local/lib/python3.7/site-packages/airflow/example_dags/tutorial_taskflow_api.py for tasks to queue
[2023-05-30T10:22:49.242+0000] {logging_mixin.py:149} INFO - [2023-05-30T10:22:49.242+0000] {dagbag.py:541} INFO - Filling up the DagBag from /home/airflow/.local/lib/python3.7/site-packages/airflow/example_dags/tutorial_taskflow_api.py
[2023-05-30T10:22:49.254+0000] {processor.py:809} INFO - DAG(s) dict_keys(['tutorial_taskflow_api']) retrieved from /home/airflow/.local/lib/python3.7/site-packages/airflow/example_dags/tutorial_taskflow_api.py
[2023-05-30T10:22:49.280+0000] {logging_mixin.py:149} INFO - [2023-05-30T10:22:49.280+0000] {dag.py:2726} INFO - Sync 1 DAGs
[2023-05-30T10:22:49.310+0000] {logging_mixin.py:149} INFO - [2023-05-30T10:22:49.310+0000] {dag.py:3490} INFO - Setting next_dagrun for tutorial_taskflow_api to None, run_after=None
[2023-05-30T10:22:49.330+0000] {processor.py:178} INFO - Processing /home/airflow/.local/lib/python3.7/site-packages/airflow/example_dags/tutorial_taskflow_api.py took 0.094 seconds
[2023-05-30T10:23:19.358+0000] {processor.py:156} INFO - Started process (PID=1924) to work on /home/airflow/.local/lib/python3.7/site-packages/airflow/example_dags/tutorial_taskflow_api.py
[2023-05-30T10:23:19.359+0000] {processor.py:799} INFO - Processing file /home/airflow/.local/lib/python3.7/site-packages/airflow/example_dags/tutorial_taskflow_api.py for tasks to queue
[2023-05-30T10:23:19.360+0000] {logging_mixin.py:149} INFO - [2023-05-30T10:23:19.359+0000] {dagbag.py:541} INFO - Filling up the DagBag from /home/airflow/.local/lib/python3.7/site-packages/airflow/example_dags/tutorial_taskflow_api.py
[2023-05-30T10:23:19.367+0000] {processor.py:809} INFO - DAG(s) dict_keys(['tutorial_taskflow_api']) retrieved from /home/airflow/.local/lib/python3.7/site-packages/airflow/example_dags/tutorial_taskflow_api.py
[2023-05-30T10:23:19.395+0000] {logging_mixin.py:149} INFO - [2023-05-30T10:23:19.395+0000] {dag.py:2726} INFO - Sync 1 DAGs
[2023-05-30T10:23:19.426+0000] {logging_mixin.py:149} INFO - [2023-05-30T10:23:19.426+0000] {dag.py:3490} INFO - Setting next_dagrun for tutorial_taskflow_api to None, run_after=None
[2023-05-30T10:23:19.447+0000] {processor.py:178} INFO - Processing /home/airflow/.local/lib/python3.7/site-packages/airflow/example_dags/tutorial_taskflow_api.py took 0.093 seconds
[2023-05-30T10:23:49.817+0000] {processor.py:156} INFO - Started process (PID=1982) to work on /home/airflow/.local/lib/python3.7/site-packages/airflow/example_dags/tutorial_taskflow_api.py
[2023-05-30T10:23:49.818+0000] {processor.py:799} INFO - Processing file /home/airflow/.local/lib/python3.7/site-packages/airflow/example_dags/tutorial_taskflow_api.py for tasks to queue
[2023-05-30T10:23:49.818+0000] {logging_mixin.py:149} INFO - [2023-05-30T10:23:49.818+0000] {dagbag.py:541} INFO - Filling up the DagBag from /home/airflow/.local/lib/python3.7/site-packages/airflow/example_dags/tutorial_taskflow_api.py
[2023-05-30T10:23:49.825+0000] {processor.py:809} INFO - DAG(s) dict_keys(['tutorial_taskflow_api']) retrieved from /home/airflow/.local/lib/python3.7/site-packages/airflow/example_dags/tutorial_taskflow_api.py
[2023-05-30T10:23:49.852+0000] {logging_mixin.py:149} INFO - [2023-05-30T10:23:49.852+0000] {dag.py:2726} INFO - Sync 1 DAGs
[2023-05-30T10:23:49.882+0000] {logging_mixin.py:149} INFO - [2023-05-30T10:23:49.882+0000] {dag.py:3490} INFO - Setting next_dagrun for tutorial_taskflow_api to None, run_after=None
[2023-05-30T10:23:49.909+0000] {processor.py:178} INFO - Processing /home/airflow/.local/lib/python3.7/site-packages/airflow/example_dags/tutorial_taskflow_api.py took 0.095 seconds
[2023-05-30T10:24:20.633+0000] {processor.py:156} INFO - Started process (PID=2039) to work on /home/airflow/.local/lib/python3.7/site-packages/airflow/example_dags/tutorial_taskflow_api.py
[2023-05-30T10:24:20.635+0000] {processor.py:799} INFO - Processing file /home/airflow/.local/lib/python3.7/site-packages/airflow/example_dags/tutorial_taskflow_api.py for tasks to queue
[2023-05-30T10:24:20.635+0000] {logging_mixin.py:149} INFO - [2023-05-30T10:24:20.635+0000] {dagbag.py:541} INFO - Filling up the DagBag from /home/airflow/.local/lib/python3.7/site-packages/airflow/example_dags/tutorial_taskflow_api.py
[2023-05-30T10:24:20.642+0000] {processor.py:809} INFO - DAG(s) dict_keys(['tutorial_taskflow_api']) retrieved from /home/airflow/.local/lib/python3.7/site-packages/airflow/example_dags/tutorial_taskflow_api.py
[2023-05-30T10:24:20.671+0000] {logging_mixin.py:149} INFO - [2023-05-30T10:24:20.671+0000] {dag.py:2726} INFO - Sync 1 DAGs
[2023-05-30T10:24:20.708+0000] {logging_mixin.py:149} INFO - [2023-05-30T10:24:20.708+0000] {dag.py:3490} INFO - Setting next_dagrun for tutorial_taskflow_api to None, run_after=None
[2023-05-30T10:24:20.736+0000] {processor.py:178} INFO - Processing /home/airflow/.local/lib/python3.7/site-packages/airflow/example_dags/tutorial_taskflow_api.py took 0.106 seconds
[2023-05-30T10:24:50.990+0000] {processor.py:156} INFO - Started process (PID=2096) to work on /home/airflow/.local/lib/python3.7/site-packages/airflow/example_dags/tutorial_taskflow_api.py
[2023-05-30T10:24:50.991+0000] {processor.py:799} INFO - Processing file /home/airflow/.local/lib/python3.7/site-packages/airflow/example_dags/tutorial_taskflow_api.py for tasks to queue
[2023-05-30T10:24:50.992+0000] {logging_mixin.py:149} INFO - [2023-05-30T10:24:50.992+0000] {dagbag.py:541} INFO - Filling up the DagBag from /home/airflow/.local/lib/python3.7/site-packages/airflow/example_dags/tutorial_taskflow_api.py
[2023-05-30T10:24:50.998+0000] {processor.py:809} INFO - DAG(s) dict_keys(['tutorial_taskflow_api']) retrieved from /home/airflow/.local/lib/python3.7/site-packages/airflow/example_dags/tutorial_taskflow_api.py
[2023-05-30T10:24:51.028+0000] {logging_mixin.py:149} INFO - [2023-05-30T10:24:51.028+0000] {dag.py:2726} INFO - Sync 1 DAGs
[2023-05-30T10:24:51.059+0000] {logging_mixin.py:149} INFO - [2023-05-30T10:24:51.059+0000] {dag.py:3490} INFO - Setting next_dagrun for tutorial_taskflow_api to None, run_after=None
[2023-05-30T10:24:51.080+0000] {processor.py:178} INFO - Processing /home/airflow/.local/lib/python3.7/site-packages/airflow/example_dags/tutorial_taskflow_api.py took 0.094 seconds
[2023-05-30T10:25:21.284+0000] {processor.py:156} INFO - Started process (PID=2153) to work on /home/airflow/.local/lib/python3.7/site-packages/airflow/example_dags/tutorial_taskflow_api.py
[2023-05-30T10:25:21.288+0000] {processor.py:799} INFO - Processing file /home/airflow/.local/lib/python3.7/site-packages/airflow/example_dags/tutorial_taskflow_api.py for tasks to queue
[2023-05-30T10:25:21.289+0000] {logging_mixin.py:149} INFO - [2023-05-30T10:25:21.289+0000] {dagbag.py:541} INFO - Filling up the DagBag from /home/airflow/.local/lib/python3.7/site-packages/airflow/example_dags/tutorial_taskflow_api.py
[2023-05-30T10:25:21.307+0000] {processor.py:809} INFO - DAG(s) dict_keys(['tutorial_taskflow_api']) retrieved from /home/airflow/.local/lib/python3.7/site-packages/airflow/example_dags/tutorial_taskflow_api.py
[2023-05-30T10:25:21.407+0000] {logging_mixin.py:149} INFO - [2023-05-30T10:25:21.406+0000] {dag.py:2726} INFO - Sync 1 DAGs
[2023-05-30T10:25:21.498+0000] {logging_mixin.py:149} INFO - [2023-05-30T10:25:21.492+0000] {dag.py:3490} INFO - Setting next_dagrun for tutorial_taskflow_api to None, run_after=None
[2023-05-30T10:25:21.554+0000] {processor.py:178} INFO - Processing /home/airflow/.local/lib/python3.7/site-packages/airflow/example_dags/tutorial_taskflow_api.py took 0.283 seconds
[2023-05-30T10:25:52.020+0000] {processor.py:156} INFO - Started process (PID=2210) to work on /home/airflow/.local/lib/python3.7/site-packages/airflow/example_dags/tutorial_taskflow_api.py
[2023-05-30T10:25:52.022+0000] {processor.py:799} INFO - Processing file /home/airflow/.local/lib/python3.7/site-packages/airflow/example_dags/tutorial_taskflow_api.py for tasks to queue
[2023-05-30T10:25:52.022+0000] {logging_mixin.py:149} INFO - [2023-05-30T10:25:52.022+0000] {dagbag.py:541} INFO - Filling up the DagBag from /home/airflow/.local/lib/python3.7/site-packages/airflow/example_dags/tutorial_taskflow_api.py
[2023-05-30T10:25:52.029+0000] {processor.py:809} INFO - DAG(s) dict_keys(['tutorial_taskflow_api']) retrieved from /home/airflow/.local/lib/python3.7/site-packages/airflow/example_dags/tutorial_taskflow_api.py
[2023-05-30T10:25:52.057+0000] {logging_mixin.py:149} INFO - [2023-05-30T10:25:52.057+0000] {dag.py:2726} INFO - Sync 1 DAGs
[2023-05-30T10:25:52.091+0000] {logging_mixin.py:149} INFO - [2023-05-30T10:25:52.091+0000] {dag.py:3490} INFO - Setting next_dagrun for tutorial_taskflow_api to None, run_after=None
[2023-05-30T10:25:52.112+0000] {processor.py:178} INFO - Processing /home/airflow/.local/lib/python3.7/site-packages/airflow/example_dags/tutorial_taskflow_api.py took 0.095 seconds
[2023-05-30T10:26:22.241+0000] {processor.py:156} INFO - Started process (PID=2267) to work on /home/airflow/.local/lib/python3.7/site-packages/airflow/example_dags/tutorial_taskflow_api.py
[2023-05-30T10:26:22.244+0000] {processor.py:799} INFO - Processing file /home/airflow/.local/lib/python3.7/site-packages/airflow/example_dags/tutorial_taskflow_api.py for tasks to queue
[2023-05-30T10:26:22.244+0000] {logging_mixin.py:149} INFO - [2023-05-30T10:26:22.244+0000] {dagbag.py:541} INFO - Filling up the DagBag from /home/airflow/.local/lib/python3.7/site-packages/airflow/example_dags/tutorial_taskflow_api.py
[2023-05-30T10:26:22.251+0000] {processor.py:809} INFO - DAG(s) dict_keys(['tutorial_taskflow_api']) retrieved from /home/airflow/.local/lib/python3.7/site-packages/airflow/example_dags/tutorial_taskflow_api.py
[2023-05-30T10:26:22.278+0000] {logging_mixin.py:149} INFO - [2023-05-30T10:26:22.278+0000] {dag.py:2726} INFO - Sync 1 DAGs
[2023-05-30T10:26:22.309+0000] {logging_mixin.py:149} INFO - [2023-05-30T10:26:22.309+0000] {dag.py:3490} INFO - Setting next_dagrun for tutorial_taskflow_api to None, run_after=None
[2023-05-30T10:26:22.333+0000] {processor.py:178} INFO - Processing /home/airflow/.local/lib/python3.7/site-packages/airflow/example_dags/tutorial_taskflow_api.py took 0.097 seconds
[2023-05-30T10:26:52.584+0000] {processor.py:156} INFO - Started process (PID=2325) to work on /home/airflow/.local/lib/python3.7/site-packages/airflow/example_dags/tutorial_taskflow_api.py
[2023-05-30T10:26:52.586+0000] {processor.py:799} INFO - Processing file /home/airflow/.local/lib/python3.7/site-packages/airflow/example_dags/tutorial_taskflow_api.py for tasks to queue
[2023-05-30T10:26:52.586+0000] {logging_mixin.py:149} INFO - [2023-05-30T10:26:52.586+0000] {dagbag.py:541} INFO - Filling up the DagBag from /home/airflow/.local/lib/python3.7/site-packages/airflow/example_dags/tutorial_taskflow_api.py
[2023-05-30T10:26:52.593+0000] {processor.py:809} INFO - DAG(s) dict_keys(['tutorial_taskflow_api']) retrieved from /home/airflow/.local/lib/python3.7/site-packages/airflow/example_dags/tutorial_taskflow_api.py
[2023-05-30T10:26:52.622+0000] {logging_mixin.py:149} INFO - [2023-05-30T10:26:52.622+0000] {dag.py:2726} INFO - Sync 1 DAGs
[2023-05-30T10:26:52.653+0000] {logging_mixin.py:149} INFO - [2023-05-30T10:26:52.653+0000] {dag.py:3490} INFO - Setting next_dagrun for tutorial_taskflow_api to None, run_after=None
[2023-05-30T10:26:52.687+0000] {processor.py:178} INFO - Processing /home/airflow/.local/lib/python3.7/site-packages/airflow/example_dags/tutorial_taskflow_api.py took 0.106 seconds
[2023-05-30T10:27:22.883+0000] {processor.py:156} INFO - Started process (PID=2382) to work on /home/airflow/.local/lib/python3.7/site-packages/airflow/example_dags/tutorial_taskflow_api.py
[2023-05-30T10:27:22.883+0000] {processor.py:799} INFO - Processing file /home/airflow/.local/lib/python3.7/site-packages/airflow/example_dags/tutorial_taskflow_api.py for tasks to queue
[2023-05-30T10:27:22.884+0000] {logging_mixin.py:149} INFO - [2023-05-30T10:27:22.884+0000] {dagbag.py:541} INFO - Filling up the DagBag from /home/airflow/.local/lib/python3.7/site-packages/airflow/example_dags/tutorial_taskflow_api.py
[2023-05-30T10:27:22.890+0000] {processor.py:809} INFO - DAG(s) dict_keys(['tutorial_taskflow_api']) retrieved from /home/airflow/.local/lib/python3.7/site-packages/airflow/example_dags/tutorial_taskflow_api.py
[2023-05-30T10:27:22.919+0000] {logging_mixin.py:149} INFO - [2023-05-30T10:27:22.919+0000] {dag.py:2726} INFO - Sync 1 DAGs
[2023-05-30T10:27:22.972+0000] {logging_mixin.py:149} INFO - [2023-05-30T10:27:22.972+0000] {dag.py:3490} INFO - Setting next_dagrun for tutorial_taskflow_api to None, run_after=None
[2023-05-30T10:27:23.016+0000] {processor.py:178} INFO - Processing /home/airflow/.local/lib/python3.7/site-packages/airflow/example_dags/tutorial_taskflow_api.py took 0.138 seconds
[2023-05-30T10:27:53.619+0000] {processor.py:156} INFO - Started process (PID=2439) to work on /home/airflow/.local/lib/python3.7/site-packages/airflow/example_dags/tutorial_taskflow_api.py
[2023-05-30T10:27:53.621+0000] {processor.py:799} INFO - Processing file /home/airflow/.local/lib/python3.7/site-packages/airflow/example_dags/tutorial_taskflow_api.py for tasks to queue
[2023-05-30T10:27:53.622+0000] {logging_mixin.py:149} INFO - [2023-05-30T10:27:53.622+0000] {dagbag.py:541} INFO - Filling up the DagBag from /home/airflow/.local/lib/python3.7/site-packages/airflow/example_dags/tutorial_taskflow_api.py
[2023-05-30T10:27:53.632+0000] {processor.py:809} INFO - DAG(s) dict_keys(['tutorial_taskflow_api']) retrieved from /home/airflow/.local/lib/python3.7/site-packages/airflow/example_dags/tutorial_taskflow_api.py
[2023-05-30T10:27:53.660+0000] {logging_mixin.py:149} INFO - [2023-05-30T10:27:53.659+0000] {dag.py:2726} INFO - Sync 1 DAGs
[2023-05-30T10:27:53.691+0000] {logging_mixin.py:149} INFO - [2023-05-30T10:27:53.691+0000] {dag.py:3490} INFO - Setting next_dagrun for tutorial_taskflow_api to None, run_after=None
[2023-05-30T10:27:53.726+0000] {processor.py:178} INFO - Processing /home/airflow/.local/lib/python3.7/site-packages/airflow/example_dags/tutorial_taskflow_api.py took 0.110 seconds
[2023-05-30T10:28:23.813+0000] {processor.py:156} INFO - Started process (PID=2496) to work on /home/airflow/.local/lib/python3.7/site-packages/airflow/example_dags/tutorial_taskflow_api.py
[2023-05-30T10:28:23.814+0000] {processor.py:799} INFO - Processing file /home/airflow/.local/lib/python3.7/site-packages/airflow/example_dags/tutorial_taskflow_api.py for tasks to queue
[2023-05-30T10:28:23.814+0000] {logging_mixin.py:149} INFO - [2023-05-30T10:28:23.814+0000] {dagbag.py:541} INFO - Filling up the DagBag from /home/airflow/.local/lib/python3.7/site-packages/airflow/example_dags/tutorial_taskflow_api.py
[2023-05-30T10:28:23.821+0000] {processor.py:809} INFO - DAG(s) dict_keys(['tutorial_taskflow_api']) retrieved from /home/airflow/.local/lib/python3.7/site-packages/airflow/example_dags/tutorial_taskflow_api.py
[2023-05-30T10:28:23.852+0000] {logging_mixin.py:149} INFO - [2023-05-30T10:28:23.851+0000] {dag.py:2726} INFO - Sync 1 DAGs
[2023-05-30T10:28:23.884+0000] {logging_mixin.py:149} INFO - [2023-05-30T10:28:23.883+0000] {dag.py:3490} INFO - Setting next_dagrun for tutorial_taskflow_api to None, run_after=None
[2023-05-30T10:28:23.909+0000] {processor.py:178} INFO - Processing /home/airflow/.local/lib/python3.7/site-packages/airflow/example_dags/tutorial_taskflow_api.py took 0.100 seconds
[2023-05-30T10:28:54.189+0000] {processor.py:156} INFO - Started process (PID=2552) to work on /home/airflow/.local/lib/python3.7/site-packages/airflow/example_dags/tutorial_taskflow_api.py
[2023-05-30T10:28:54.190+0000] {processor.py:799} INFO - Processing file /home/airflow/.local/lib/python3.7/site-packages/airflow/example_dags/tutorial_taskflow_api.py for tasks to queue
[2023-05-30T10:28:54.191+0000] {logging_mixin.py:149} INFO - [2023-05-30T10:28:54.190+0000] {dagbag.py:541} INFO - Filling up the DagBag from /home/airflow/.local/lib/python3.7/site-packages/airflow/example_dags/tutorial_taskflow_api.py
[2023-05-30T10:28:54.197+0000] {processor.py:809} INFO - DAG(s) dict_keys(['tutorial_taskflow_api']) retrieved from /home/airflow/.local/lib/python3.7/site-packages/airflow/example_dags/tutorial_taskflow_api.py
[2023-05-30T10:28:54.223+0000] {logging_mixin.py:149} INFO - [2023-05-30T10:28:54.223+0000] {dag.py:2726} INFO - Sync 1 DAGs
[2023-05-30T10:28:54.253+0000] {logging_mixin.py:149} INFO - [2023-05-30T10:28:54.253+0000] {dag.py:3490} INFO - Setting next_dagrun for tutorial_taskflow_api to None, run_after=None
[2023-05-30T10:28:54.274+0000] {processor.py:178} INFO - Processing /home/airflow/.local/lib/python3.7/site-packages/airflow/example_dags/tutorial_taskflow_api.py took 0.088 seconds
[2023-05-30T10:29:24.323+0000] {processor.py:156} INFO - Started process (PID=2608) to work on /home/airflow/.local/lib/python3.7/site-packages/airflow/example_dags/tutorial_taskflow_api.py
[2023-05-30T10:29:24.324+0000] {processor.py:799} INFO - Processing file /home/airflow/.local/lib/python3.7/site-packages/airflow/example_dags/tutorial_taskflow_api.py for tasks to queue
[2023-05-30T10:29:24.324+0000] {logging_mixin.py:149} INFO - [2023-05-30T10:29:24.324+0000] {dagbag.py:541} INFO - Filling up the DagBag from /home/airflow/.local/lib/python3.7/site-packages/airflow/example_dags/tutorial_taskflow_api.py
[2023-05-30T10:29:24.331+0000] {processor.py:809} INFO - DAG(s) dict_keys(['tutorial_taskflow_api']) retrieved from /home/airflow/.local/lib/python3.7/site-packages/airflow/example_dags/tutorial_taskflow_api.py
[2023-05-30T10:29:24.360+0000] {logging_mixin.py:149} INFO - [2023-05-30T10:29:24.359+0000] {dag.py:2726} INFO - Sync 1 DAGs
[2023-05-30T10:29:24.390+0000] {logging_mixin.py:149} INFO - [2023-05-30T10:29:24.390+0000] {dag.py:3490} INFO - Setting next_dagrun for tutorial_taskflow_api to None, run_after=None
[2023-05-30T10:29:24.412+0000] {processor.py:178} INFO - Processing /home/airflow/.local/lib/python3.7/site-packages/airflow/example_dags/tutorial_taskflow_api.py took 0.093 seconds
[2023-05-30T10:29:55.003+0000] {processor.py:156} INFO - Started process (PID=2665) to work on /home/airflow/.local/lib/python3.7/site-packages/airflow/example_dags/tutorial_taskflow_api.py
[2023-05-30T10:29:55.005+0000] {processor.py:799} INFO - Processing file /home/airflow/.local/lib/python3.7/site-packages/airflow/example_dags/tutorial_taskflow_api.py for tasks to queue
[2023-05-30T10:29:55.005+0000] {logging_mixin.py:149} INFO - [2023-05-30T10:29:55.005+0000] {dagbag.py:541} INFO - Filling up the DagBag from /home/airflow/.local/lib/python3.7/site-packages/airflow/example_dags/tutorial_taskflow_api.py
[2023-05-30T10:29:55.012+0000] {processor.py:809} INFO - DAG(s) dict_keys(['tutorial_taskflow_api']) retrieved from /home/airflow/.local/lib/python3.7/site-packages/airflow/example_dags/tutorial_taskflow_api.py
[2023-05-30T10:29:55.042+0000] {logging_mixin.py:149} INFO - [2023-05-30T10:29:55.041+0000] {dag.py:2726} INFO - Sync 1 DAGs
[2023-05-30T10:29:55.073+0000] {logging_mixin.py:149} INFO - [2023-05-30T10:29:55.073+0000] {dag.py:3490} INFO - Setting next_dagrun for tutorial_taskflow_api to None, run_after=None
[2023-05-30T10:29:55.094+0000] {processor.py:178} INFO - Processing /home/airflow/.local/lib/python3.7/site-packages/airflow/example_dags/tutorial_taskflow_api.py took 0.094 seconds
[2023-05-30T10:30:25.137+0000] {processor.py:156} INFO - Started process (PID=2721) to work on /home/airflow/.local/lib/python3.7/site-packages/airflow/example_dags/tutorial_taskflow_api.py
[2023-05-30T10:30:25.138+0000] {processor.py:799} INFO - Processing file /home/airflow/.local/lib/python3.7/site-packages/airflow/example_dags/tutorial_taskflow_api.py for tasks to queue
[2023-05-30T10:30:25.139+0000] {logging_mixin.py:149} INFO - [2023-05-30T10:30:25.139+0000] {dagbag.py:541} INFO - Filling up the DagBag from /home/airflow/.local/lib/python3.7/site-packages/airflow/example_dags/tutorial_taskflow_api.py
[2023-05-30T10:30:25.146+0000] {processor.py:809} INFO - DAG(s) dict_keys(['tutorial_taskflow_api']) retrieved from /home/airflow/.local/lib/python3.7/site-packages/airflow/example_dags/tutorial_taskflow_api.py
[2023-05-30T10:30:25.174+0000] {logging_mixin.py:149} INFO - [2023-05-30T10:30:25.174+0000] {dag.py:2726} INFO - Sync 1 DAGs
[2023-05-30T10:30:25.204+0000] {logging_mixin.py:149} INFO - [2023-05-30T10:30:25.204+0000] {dag.py:3490} INFO - Setting next_dagrun for tutorial_taskflow_api to None, run_after=None
[2023-05-30T10:30:25.225+0000] {processor.py:178} INFO - Processing /home/airflow/.local/lib/python3.7/site-packages/airflow/example_dags/tutorial_taskflow_api.py took 0.092 seconds
[2023-05-30T10:30:55.547+0000] {processor.py:156} INFO - Started process (PID=2779) to work on /home/airflow/.local/lib/python3.7/site-packages/airflow/example_dags/tutorial_taskflow_api.py
[2023-05-30T10:30:55.548+0000] {processor.py:799} INFO - Processing file /home/airflow/.local/lib/python3.7/site-packages/airflow/example_dags/tutorial_taskflow_api.py for tasks to queue
[2023-05-30T10:30:55.549+0000] {logging_mixin.py:149} INFO - [2023-05-30T10:30:55.549+0000] {dagbag.py:541} INFO - Filling up the DagBag from /home/airflow/.local/lib/python3.7/site-packages/airflow/example_dags/tutorial_taskflow_api.py
[2023-05-30T10:30:55.556+0000] {processor.py:809} INFO - DAG(s) dict_keys(['tutorial_taskflow_api']) retrieved from /home/airflow/.local/lib/python3.7/site-packages/airflow/example_dags/tutorial_taskflow_api.py
[2023-05-30T10:30:55.584+0000] {logging_mixin.py:149} INFO - [2023-05-30T10:30:55.583+0000] {dag.py:2726} INFO - Sync 1 DAGs
[2023-05-30T10:30:55.625+0000] {logging_mixin.py:149} INFO - [2023-05-30T10:30:55.625+0000] {dag.py:3490} INFO - Setting next_dagrun for tutorial_taskflow_api to None, run_after=None
[2023-05-30T10:30:55.646+0000] {processor.py:178} INFO - Processing /home/airflow/.local/lib/python3.7/site-packages/airflow/example_dags/tutorial_taskflow_api.py took 0.103 seconds
[2023-05-30T10:31:25.767+0000] {processor.py:156} INFO - Started process (PID=2836) to work on /home/airflow/.local/lib/python3.7/site-packages/airflow/example_dags/tutorial_taskflow_api.py
[2023-05-30T10:31:25.767+0000] {processor.py:799} INFO - Processing file /home/airflow/.local/lib/python3.7/site-packages/airflow/example_dags/tutorial_taskflow_api.py for tasks to queue
[2023-05-30T10:31:25.768+0000] {logging_mixin.py:149} INFO - [2023-05-30T10:31:25.768+0000] {dagbag.py:541} INFO - Filling up the DagBag from /home/airflow/.local/lib/python3.7/site-packages/airflow/example_dags/tutorial_taskflow_api.py
[2023-05-30T10:31:25.787+0000] {processor.py:809} INFO - DAG(s) dict_keys(['tutorial_taskflow_api']) retrieved from /home/airflow/.local/lib/python3.7/site-packages/airflow/example_dags/tutorial_taskflow_api.py
[2023-05-30T10:31:25.843+0000] {logging_mixin.py:149} INFO - [2023-05-30T10:31:25.843+0000] {dag.py:2726} INFO - Sync 1 DAGs
[2023-05-30T10:31:25.916+0000] {logging_mixin.py:149} INFO - [2023-05-30T10:31:25.916+0000] {dag.py:3490} INFO - Setting next_dagrun for tutorial_taskflow_api to None, run_after=None
[2023-05-30T10:31:25.961+0000] {processor.py:178} INFO - Processing /home/airflow/.local/lib/python3.7/site-packages/airflow/example_dags/tutorial_taskflow_api.py took 0.222 seconds
[2023-05-30T10:31:56.380+0000] {processor.py:156} INFO - Started process (PID=2893) to work on /home/airflow/.local/lib/python3.7/site-packages/airflow/example_dags/tutorial_taskflow_api.py
[2023-05-30T10:31:56.381+0000] {processor.py:799} INFO - Processing file /home/airflow/.local/lib/python3.7/site-packages/airflow/example_dags/tutorial_taskflow_api.py for tasks to queue
[2023-05-30T10:31:56.382+0000] {logging_mixin.py:149} INFO - [2023-05-30T10:31:56.381+0000] {dagbag.py:541} INFO - Filling up the DagBag from /home/airflow/.local/lib/python3.7/site-packages/airflow/example_dags/tutorial_taskflow_api.py
[2023-05-30T10:31:56.391+0000] {processor.py:809} INFO - DAG(s) dict_keys(['tutorial_taskflow_api']) retrieved from /home/airflow/.local/lib/python3.7/site-packages/airflow/example_dags/tutorial_taskflow_api.py
[2023-05-30T10:31:56.420+0000] {logging_mixin.py:149} INFO - [2023-05-30T10:31:56.420+0000] {dag.py:2726} INFO - Sync 1 DAGs
[2023-05-30T10:31:56.451+0000] {logging_mixin.py:149} INFO - [2023-05-30T10:31:56.451+0000] {dag.py:3490} INFO - Setting next_dagrun for tutorial_taskflow_api to None, run_after=None
[2023-05-30T10:31:56.472+0000] {processor.py:178} INFO - Processing /home/airflow/.local/lib/python3.7/site-packages/airflow/example_dags/tutorial_taskflow_api.py took 0.096 seconds
[2023-05-30T10:32:26.781+0000] {processor.py:156} INFO - Started process (PID=2947) to work on /home/airflow/.local/lib/python3.7/site-packages/airflow/example_dags/tutorial_taskflow_api.py
[2023-05-30T10:32:26.794+0000] {processor.py:799} INFO - Processing file /home/airflow/.local/lib/python3.7/site-packages/airflow/example_dags/tutorial_taskflow_api.py for tasks to queue
[2023-05-30T10:32:26.794+0000] {logging_mixin.py:149} INFO - [2023-05-30T10:32:26.794+0000] {dagbag.py:541} INFO - Filling up the DagBag from /home/airflow/.local/lib/python3.7/site-packages/airflow/example_dags/tutorial_taskflow_api.py
[2023-05-30T10:32:26.805+0000] {processor.py:809} INFO - DAG(s) dict_keys(['tutorial_taskflow_api']) retrieved from /home/airflow/.local/lib/python3.7/site-packages/airflow/example_dags/tutorial_taskflow_api.py
[2023-05-30T10:32:26.833+0000] {logging_mixin.py:149} INFO - [2023-05-30T10:32:26.833+0000] {dag.py:2726} INFO - Sync 1 DAGs
[2023-05-30T10:32:26.865+0000] {logging_mixin.py:149} INFO - [2023-05-30T10:32:26.865+0000] {dag.py:3490} INFO - Setting next_dagrun for tutorial_taskflow_api to None, run_after=None
[2023-05-30T10:32:26.900+0000] {processor.py:178} INFO - Processing /home/airflow/.local/lib/python3.7/site-packages/airflow/example_dags/tutorial_taskflow_api.py took 0.123 seconds
[2023-05-30T10:32:57.390+0000] {processor.py:156} INFO - Started process (PID=3004) to work on /home/airflow/.local/lib/python3.7/site-packages/airflow/example_dags/tutorial_taskflow_api.py
[2023-05-30T10:32:57.391+0000] {processor.py:799} INFO - Processing file /home/airflow/.local/lib/python3.7/site-packages/airflow/example_dags/tutorial_taskflow_api.py for tasks to queue
[2023-05-30T10:32:57.392+0000] {logging_mixin.py:149} INFO - [2023-05-30T10:32:57.392+0000] {dagbag.py:541} INFO - Filling up the DagBag from /home/airflow/.local/lib/python3.7/site-packages/airflow/example_dags/tutorial_taskflow_api.py
[2023-05-30T10:32:57.399+0000] {processor.py:809} INFO - DAG(s) dict_keys(['tutorial_taskflow_api']) retrieved from /home/airflow/.local/lib/python3.7/site-packages/airflow/example_dags/tutorial_taskflow_api.py
[2023-05-30T10:32:57.430+0000] {logging_mixin.py:149} INFO - [2023-05-30T10:32:57.430+0000] {dag.py:2726} INFO - Sync 1 DAGs
[2023-05-30T10:32:57.461+0000] {logging_mixin.py:149} INFO - [2023-05-30T10:32:57.461+0000] {dag.py:3490} INFO - Setting next_dagrun for tutorial_taskflow_api to None, run_after=None
[2023-05-30T10:32:57.482+0000] {processor.py:178} INFO - Processing /home/airflow/.local/lib/python3.7/site-packages/airflow/example_dags/tutorial_taskflow_api.py took 0.095 seconds
[2023-05-30T10:33:28.190+0000] {processor.py:156} INFO - Started process (PID=3061) to work on /home/airflow/.local/lib/python3.7/site-packages/airflow/example_dags/tutorial_taskflow_api.py
[2023-05-30T10:33:28.192+0000] {processor.py:799} INFO - Processing file /home/airflow/.local/lib/python3.7/site-packages/airflow/example_dags/tutorial_taskflow_api.py for tasks to queue
[2023-05-30T10:33:28.193+0000] {logging_mixin.py:149} INFO - [2023-05-30T10:33:28.193+0000] {dagbag.py:541} INFO - Filling up the DagBag from /home/airflow/.local/lib/python3.7/site-packages/airflow/example_dags/tutorial_taskflow_api.py
[2023-05-30T10:33:28.200+0000] {processor.py:809} INFO - DAG(s) dict_keys(['tutorial_taskflow_api']) retrieved from /home/airflow/.local/lib/python3.7/site-packages/airflow/example_dags/tutorial_taskflow_api.py
[2023-05-30T10:33:28.226+0000] {logging_mixin.py:149} INFO - [2023-05-30T10:33:28.226+0000] {dag.py:2726} INFO - Sync 1 DAGs
[2023-05-30T10:33:28.257+0000] {logging_mixin.py:149} INFO - [2023-05-30T10:33:28.257+0000] {dag.py:3490} INFO - Setting next_dagrun for tutorial_taskflow_api to None, run_after=None
[2023-05-30T10:33:28.277+0000] {processor.py:178} INFO - Processing /home/airflow/.local/lib/python3.7/site-packages/airflow/example_dags/tutorial_taskflow_api.py took 0.090 seconds
[2023-05-30T10:33:58.313+0000] {processor.py:156} INFO - Started process (PID=3117) to work on /home/airflow/.local/lib/python3.7/site-packages/airflow/example_dags/tutorial_taskflow_api.py
[2023-05-30T10:33:58.314+0000] {processor.py:799} INFO - Processing file /home/airflow/.local/lib/python3.7/site-packages/airflow/example_dags/tutorial_taskflow_api.py for tasks to queue
[2023-05-30T10:33:58.314+0000] {logging_mixin.py:149} INFO - [2023-05-30T10:33:58.314+0000] {dagbag.py:541} INFO - Filling up the DagBag from /home/airflow/.local/lib/python3.7/site-packages/airflow/example_dags/tutorial_taskflow_api.py
[2023-05-30T10:33:58.321+0000] {processor.py:809} INFO - DAG(s) dict_keys(['tutorial_taskflow_api']) retrieved from /home/airflow/.local/lib/python3.7/site-packages/airflow/example_dags/tutorial_taskflow_api.py
[2023-05-30T10:33:58.350+0000] {logging_mixin.py:149} INFO - [2023-05-30T10:33:58.350+0000] {dag.py:2726} INFO - Sync 1 DAGs
[2023-05-30T10:33:58.380+0000] {logging_mixin.py:149} INFO - [2023-05-30T10:33:58.380+0000] {dag.py:3490} INFO - Setting next_dagrun for tutorial_taskflow_api to None, run_after=None
[2023-05-30T10:33:58.401+0000] {processor.py:178} INFO - Processing /home/airflow/.local/lib/python3.7/site-packages/airflow/example_dags/tutorial_taskflow_api.py took 0.092 seconds
[2023-05-30T10:34:28.974+0000] {processor.py:156} INFO - Started process (PID=3175) to work on /home/airflow/.local/lib/python3.7/site-packages/airflow/example_dags/tutorial_taskflow_api.py
[2023-05-30T10:34:28.976+0000] {processor.py:799} INFO - Processing file /home/airflow/.local/lib/python3.7/site-packages/airflow/example_dags/tutorial_taskflow_api.py for tasks to queue
[2023-05-30T10:34:28.976+0000] {logging_mixin.py:149} INFO - [2023-05-30T10:34:28.976+0000] {dagbag.py:541} INFO - Filling up the DagBag from /home/airflow/.local/lib/python3.7/site-packages/airflow/example_dags/tutorial_taskflow_api.py
[2023-05-30T10:34:28.984+0000] {processor.py:809} INFO - DAG(s) dict_keys(['tutorial_taskflow_api']) retrieved from /home/airflow/.local/lib/python3.7/site-packages/airflow/example_dags/tutorial_taskflow_api.py
[2023-05-30T10:34:29.013+0000] {logging_mixin.py:149} INFO - [2023-05-30T10:34:29.013+0000] {dag.py:2726} INFO - Sync 1 DAGs
[2023-05-30T10:34:29.045+0000] {logging_mixin.py:149} INFO - [2023-05-30T10:34:29.044+0000] {dag.py:3490} INFO - Setting next_dagrun for tutorial_taskflow_api to None, run_after=None
[2023-05-30T10:34:29.068+0000] {processor.py:178} INFO - Processing /home/airflow/.local/lib/python3.7/site-packages/airflow/example_dags/tutorial_taskflow_api.py took 0.098 seconds
[2023-05-30T10:34:59.333+0000] {processor.py:156} INFO - Started process (PID=3233) to work on /home/airflow/.local/lib/python3.7/site-packages/airflow/example_dags/tutorial_taskflow_api.py
[2023-05-30T10:34:59.334+0000] {processor.py:799} INFO - Processing file /home/airflow/.local/lib/python3.7/site-packages/airflow/example_dags/tutorial_taskflow_api.py for tasks to queue
[2023-05-30T10:34:59.334+0000] {logging_mixin.py:149} INFO - [2023-05-30T10:34:59.334+0000] {dagbag.py:541} INFO - Filling up the DagBag from /home/airflow/.local/lib/python3.7/site-packages/airflow/example_dags/tutorial_taskflow_api.py
[2023-05-30T10:34:59.342+0000] {processor.py:809} INFO - DAG(s) dict_keys(['tutorial_taskflow_api']) retrieved from /home/airflow/.local/lib/python3.7/site-packages/airflow/example_dags/tutorial_taskflow_api.py
[2023-05-30T10:34:59.374+0000] {logging_mixin.py:149} INFO - [2023-05-30T10:34:59.374+0000] {dag.py:2726} INFO - Sync 1 DAGs
[2023-05-30T10:34:59.406+0000] {logging_mixin.py:149} INFO - [2023-05-30T10:34:59.406+0000] {dag.py:3490} INFO - Setting next_dagrun for tutorial_taskflow_api to None, run_after=None
[2023-05-30T10:34:59.444+0000] {processor.py:178} INFO - Processing /home/airflow/.local/lib/python3.7/site-packages/airflow/example_dags/tutorial_taskflow_api.py took 0.115 seconds
[2023-05-30T10:35:29.528+0000] {processor.py:156} INFO - Started process (PID=3290) to work on /home/airflow/.local/lib/python3.7/site-packages/airflow/example_dags/tutorial_taskflow_api.py
[2023-05-30T10:35:29.529+0000] {processor.py:799} INFO - Processing file /home/airflow/.local/lib/python3.7/site-packages/airflow/example_dags/tutorial_taskflow_api.py for tasks to queue
[2023-05-30T10:35:29.530+0000] {logging_mixin.py:149} INFO - [2023-05-30T10:35:29.530+0000] {dagbag.py:541} INFO - Filling up the DagBag from /home/airflow/.local/lib/python3.7/site-packages/airflow/example_dags/tutorial_taskflow_api.py
[2023-05-30T10:35:29.537+0000] {processor.py:809} INFO - DAG(s) dict_keys(['tutorial_taskflow_api']) retrieved from /home/airflow/.local/lib/python3.7/site-packages/airflow/example_dags/tutorial_taskflow_api.py
[2023-05-30T10:35:29.567+0000] {logging_mixin.py:149} INFO - [2023-05-30T10:35:29.567+0000] {dag.py:2726} INFO - Sync 1 DAGs
[2023-05-30T10:35:29.599+0000] {logging_mixin.py:149} INFO - [2023-05-30T10:35:29.599+0000] {dag.py:3490} INFO - Setting next_dagrun for tutorial_taskflow_api to None, run_after=None
[2023-05-30T10:35:29.621+0000] {processor.py:178} INFO - Processing /home/airflow/.local/lib/python3.7/site-packages/airflow/example_dags/tutorial_taskflow_api.py took 0.097 seconds
[2023-05-30T10:35:59.814+0000] {processor.py:156} INFO - Started process (PID=3345) to work on /home/airflow/.local/lib/python3.7/site-packages/airflow/example_dags/tutorial_taskflow_api.py
[2023-05-30T10:35:59.815+0000] {processor.py:799} INFO - Processing file /home/airflow/.local/lib/python3.7/site-packages/airflow/example_dags/tutorial_taskflow_api.py for tasks to queue
[2023-05-30T10:35:59.816+0000] {logging_mixin.py:149} INFO - [2023-05-30T10:35:59.816+0000] {dagbag.py:541} INFO - Filling up the DagBag from /home/airflow/.local/lib/python3.7/site-packages/airflow/example_dags/tutorial_taskflow_api.py
[2023-05-30T10:35:59.823+0000] {processor.py:809} INFO - DAG(s) dict_keys(['tutorial_taskflow_api']) retrieved from /home/airflow/.local/lib/python3.7/site-packages/airflow/example_dags/tutorial_taskflow_api.py
[2023-05-30T10:35:59.854+0000] {logging_mixin.py:149} INFO - [2023-05-30T10:35:59.854+0000] {dag.py:2726} INFO - Sync 1 DAGs
[2023-05-30T10:35:59.886+0000] {logging_mixin.py:149} INFO - [2023-05-30T10:35:59.886+0000] {dag.py:3490} INFO - Setting next_dagrun for tutorial_taskflow_api to None, run_after=None
[2023-05-30T10:35:59.908+0000] {processor.py:178} INFO - Processing /home/airflow/.local/lib/python3.7/site-packages/airflow/example_dags/tutorial_taskflow_api.py took 0.098 seconds
[2023-05-30T10:36:30.332+0000] {processor.py:156} INFO - Started process (PID=3402) to work on /home/airflow/.local/lib/python3.7/site-packages/airflow/example_dags/tutorial_taskflow_api.py
[2023-05-30T10:36:30.334+0000] {processor.py:799} INFO - Processing file /home/airflow/.local/lib/python3.7/site-packages/airflow/example_dags/tutorial_taskflow_api.py for tasks to queue
[2023-05-30T10:36:30.334+0000] {logging_mixin.py:149} INFO - [2023-05-30T10:36:30.334+0000] {dagbag.py:541} INFO - Filling up the DagBag from /home/airflow/.local/lib/python3.7/site-packages/airflow/example_dags/tutorial_taskflow_api.py
[2023-05-30T10:36:30.342+0000] {processor.py:809} INFO - DAG(s) dict_keys(['tutorial_taskflow_api']) retrieved from /home/airflow/.local/lib/python3.7/site-packages/airflow/example_dags/tutorial_taskflow_api.py
[2023-05-30T10:36:30.370+0000] {logging_mixin.py:149} INFO - [2023-05-30T10:36:30.369+0000] {dag.py:2726} INFO - Sync 1 DAGs
[2023-05-30T10:36:30.401+0000] {logging_mixin.py:149} INFO - [2023-05-30T10:36:30.401+0000] {dag.py:3490} INFO - Setting next_dagrun for tutorial_taskflow_api to None, run_after=None
[2023-05-30T10:36:30.422+0000] {processor.py:178} INFO - Processing /home/airflow/.local/lib/python3.7/site-packages/airflow/example_dags/tutorial_taskflow_api.py took 0.094 seconds
[2023-05-30T10:37:00.800+0000] {processor.py:156} INFO - Started process (PID=3460) to work on /home/airflow/.local/lib/python3.7/site-packages/airflow/example_dags/tutorial_taskflow_api.py
[2023-05-30T10:37:00.801+0000] {processor.py:799} INFO - Processing file /home/airflow/.local/lib/python3.7/site-packages/airflow/example_dags/tutorial_taskflow_api.py for tasks to queue
[2023-05-30T10:37:00.801+0000] {logging_mixin.py:149} INFO - [2023-05-30T10:37:00.801+0000] {dagbag.py:541} INFO - Filling up the DagBag from /home/airflow/.local/lib/python3.7/site-packages/airflow/example_dags/tutorial_taskflow_api.py
[2023-05-30T10:37:00.809+0000] {processor.py:809} INFO - DAG(s) dict_keys(['tutorial_taskflow_api']) retrieved from /home/airflow/.local/lib/python3.7/site-packages/airflow/example_dags/tutorial_taskflow_api.py
[2023-05-30T10:37:00.837+0000] {logging_mixin.py:149} INFO - [2023-05-30T10:37:00.837+0000] {dag.py:2726} INFO - Sync 1 DAGs
[2023-05-30T10:37:00.868+0000] {logging_mixin.py:149} INFO - [2023-05-30T10:37:00.867+0000] {dag.py:3490} INFO - Setting next_dagrun for tutorial_taskflow_api to None, run_after=None
[2023-05-30T10:37:00.889+0000] {processor.py:178} INFO - Processing /home/airflow/.local/lib/python3.7/site-packages/airflow/example_dags/tutorial_taskflow_api.py took 0.093 seconds
[2023-05-30T10:37:31.211+0000] {processor.py:156} INFO - Started process (PID=3517) to work on /home/airflow/.local/lib/python3.7/site-packages/airflow/example_dags/tutorial_taskflow_api.py
[2023-05-30T10:37:31.212+0000] {processor.py:799} INFO - Processing file /home/airflow/.local/lib/python3.7/site-packages/airflow/example_dags/tutorial_taskflow_api.py for tasks to queue
[2023-05-30T10:37:31.213+0000] {logging_mixin.py:149} INFO - [2023-05-30T10:37:31.213+0000] {dagbag.py:541} INFO - Filling up the DagBag from /home/airflow/.local/lib/python3.7/site-packages/airflow/example_dags/tutorial_taskflow_api.py
[2023-05-30T10:37:31.220+0000] {processor.py:809} INFO - DAG(s) dict_keys(['tutorial_taskflow_api']) retrieved from /home/airflow/.local/lib/python3.7/site-packages/airflow/example_dags/tutorial_taskflow_api.py
[2023-05-30T10:37:31.249+0000] {logging_mixin.py:149} INFO - [2023-05-30T10:37:31.249+0000] {dag.py:2726} INFO - Sync 1 DAGs
[2023-05-30T10:37:31.279+0000] {logging_mixin.py:149} INFO - [2023-05-30T10:37:31.279+0000] {dag.py:3490} INFO - Setting next_dagrun for tutorial_taskflow_api to None, run_after=None
[2023-05-30T10:37:31.301+0000] {processor.py:178} INFO - Processing /home/airflow/.local/lib/python3.7/site-packages/airflow/example_dags/tutorial_taskflow_api.py took 0.094 seconds
[2023-05-30T10:38:01.820+0000] {processor.py:156} INFO - Started process (PID=3574) to work on /home/airflow/.local/lib/python3.7/site-packages/airflow/example_dags/tutorial_taskflow_api.py
[2023-05-30T10:38:01.821+0000] {processor.py:799} INFO - Processing file /home/airflow/.local/lib/python3.7/site-packages/airflow/example_dags/tutorial_taskflow_api.py for tasks to queue
[2023-05-30T10:38:01.821+0000] {logging_mixin.py:149} INFO - [2023-05-30T10:38:01.821+0000] {dagbag.py:541} INFO - Filling up the DagBag from /home/airflow/.local/lib/python3.7/site-packages/airflow/example_dags/tutorial_taskflow_api.py
[2023-05-30T10:38:01.829+0000] {processor.py:809} INFO - DAG(s) dict_keys(['tutorial_taskflow_api']) retrieved from /home/airflow/.local/lib/python3.7/site-packages/airflow/example_dags/tutorial_taskflow_api.py
[2023-05-30T10:38:01.857+0000] {logging_mixin.py:149} INFO - [2023-05-30T10:38:01.857+0000] {dag.py:2726} INFO - Sync 1 DAGs
[2023-05-30T10:38:01.888+0000] {logging_mixin.py:149} INFO - [2023-05-30T10:38:01.888+0000] {dag.py:3490} INFO - Setting next_dagrun for tutorial_taskflow_api to None, run_after=None
[2023-05-30T10:38:01.909+0000] {processor.py:178} INFO - Processing /home/airflow/.local/lib/python3.7/site-packages/airflow/example_dags/tutorial_taskflow_api.py took 0.093 seconds
[2023-05-30T10:38:32.055+0000] {processor.py:156} INFO - Started process (PID=3632) to work on /home/airflow/.local/lib/python3.7/site-packages/airflow/example_dags/tutorial_taskflow_api.py
[2023-05-30T10:38:32.058+0000] {processor.py:799} INFO - Processing file /home/airflow/.local/lib/python3.7/site-packages/airflow/example_dags/tutorial_taskflow_api.py for tasks to queue
[2023-05-30T10:38:32.059+0000] {logging_mixin.py:149} INFO - [2023-05-30T10:38:32.059+0000] {dagbag.py:541} INFO - Filling up the DagBag from /home/airflow/.local/lib/python3.7/site-packages/airflow/example_dags/tutorial_taskflow_api.py
[2023-05-30T10:38:32.066+0000] {processor.py:809} INFO - DAG(s) dict_keys(['tutorial_taskflow_api']) retrieved from /home/airflow/.local/lib/python3.7/site-packages/airflow/example_dags/tutorial_taskflow_api.py
[2023-05-30T10:38:32.095+0000] {logging_mixin.py:149} INFO - [2023-05-30T10:38:32.095+0000] {dag.py:2726} INFO - Sync 1 DAGs
[2023-05-30T10:38:32.126+0000] {logging_mixin.py:149} INFO - [2023-05-30T10:38:32.126+0000] {dag.py:3490} INFO - Setting next_dagrun for tutorial_taskflow_api to None, run_after=None
[2023-05-30T10:38:32.148+0000] {processor.py:178} INFO - Processing /home/airflow/.local/lib/python3.7/site-packages/airflow/example_dags/tutorial_taskflow_api.py took 0.096 seconds
[2023-05-30T10:39:02.588+0000] {processor.py:156} INFO - Started process (PID=3689) to work on /home/airflow/.local/lib/python3.7/site-packages/airflow/example_dags/tutorial_taskflow_api.py
[2023-05-30T10:39:02.589+0000] {processor.py:799} INFO - Processing file /home/airflow/.local/lib/python3.7/site-packages/airflow/example_dags/tutorial_taskflow_api.py for tasks to queue
[2023-05-30T10:39:02.590+0000] {logging_mixin.py:149} INFO - [2023-05-30T10:39:02.590+0000] {dagbag.py:541} INFO - Filling up the DagBag from /home/airflow/.local/lib/python3.7/site-packages/airflow/example_dags/tutorial_taskflow_api.py
[2023-05-30T10:39:02.597+0000] {processor.py:809} INFO - DAG(s) dict_keys(['tutorial_taskflow_api']) retrieved from /home/airflow/.local/lib/python3.7/site-packages/airflow/example_dags/tutorial_taskflow_api.py
[2023-05-30T10:39:02.626+0000] {logging_mixin.py:149} INFO - [2023-05-30T10:39:02.625+0000] {dag.py:2726} INFO - Sync 1 DAGs
[2023-05-30T10:39:02.657+0000] {logging_mixin.py:149} INFO - [2023-05-30T10:39:02.657+0000] {dag.py:3490} INFO - Setting next_dagrun for tutorial_taskflow_api to None, run_after=None
[2023-05-30T10:39:02.679+0000] {processor.py:178} INFO - Processing /home/airflow/.local/lib/python3.7/site-packages/airflow/example_dags/tutorial_taskflow_api.py took 0.095 seconds
[2023-05-30T10:39:32.778+0000] {processor.py:156} INFO - Started process (PID=3747) to work on /home/airflow/.local/lib/python3.7/site-packages/airflow/example_dags/tutorial_taskflow_api.py
[2023-05-30T10:39:32.780+0000] {processor.py:799} INFO - Processing file /home/airflow/.local/lib/python3.7/site-packages/airflow/example_dags/tutorial_taskflow_api.py for tasks to queue
[2023-05-30T10:39:32.781+0000] {logging_mixin.py:149} INFO - [2023-05-30T10:39:32.781+0000] {dagbag.py:541} INFO - Filling up the DagBag from /home/airflow/.local/lib/python3.7/site-packages/airflow/example_dags/tutorial_taskflow_api.py
[2023-05-30T10:39:32.788+0000] {processor.py:809} INFO - DAG(s) dict_keys(['tutorial_taskflow_api']) retrieved from /home/airflow/.local/lib/python3.7/site-packages/airflow/example_dags/tutorial_taskflow_api.py
[2023-05-30T10:39:32.818+0000] {logging_mixin.py:149} INFO - [2023-05-30T10:39:32.818+0000] {dag.py:2726} INFO - Sync 1 DAGs
[2023-05-30T10:39:32.851+0000] {logging_mixin.py:149} INFO - [2023-05-30T10:39:32.851+0000] {dag.py:3490} INFO - Setting next_dagrun for tutorial_taskflow_api to None, run_after=None
[2023-05-30T10:39:32.875+0000] {processor.py:178} INFO - Processing /home/airflow/.local/lib/python3.7/site-packages/airflow/example_dags/tutorial_taskflow_api.py took 0.100 seconds
[2023-05-30T10:40:03.344+0000] {processor.py:156} INFO - Started process (PID=3805) to work on /home/airflow/.local/lib/python3.7/site-packages/airflow/example_dags/tutorial_taskflow_api.py
[2023-05-30T10:40:03.345+0000] {processor.py:799} INFO - Processing file /home/airflow/.local/lib/python3.7/site-packages/airflow/example_dags/tutorial_taskflow_api.py for tasks to queue
[2023-05-30T10:40:03.346+0000] {logging_mixin.py:149} INFO - [2023-05-30T10:40:03.346+0000] {dagbag.py:541} INFO - Filling up the DagBag from /home/airflow/.local/lib/python3.7/site-packages/airflow/example_dags/tutorial_taskflow_api.py
[2023-05-30T10:40:03.353+0000] {processor.py:809} INFO - DAG(s) dict_keys(['tutorial_taskflow_api']) retrieved from /home/airflow/.local/lib/python3.7/site-packages/airflow/example_dags/tutorial_taskflow_api.py
[2023-05-30T10:40:03.381+0000] {logging_mixin.py:149} INFO - [2023-05-30T10:40:03.380+0000] {dag.py:2726} INFO - Sync 1 DAGs
[2023-05-30T10:40:03.411+0000] {logging_mixin.py:149} INFO - [2023-05-30T10:40:03.411+0000] {dag.py:3490} INFO - Setting next_dagrun for tutorial_taskflow_api to None, run_after=None
[2023-05-30T10:40:03.433+0000] {processor.py:178} INFO - Processing /home/airflow/.local/lib/python3.7/site-packages/airflow/example_dags/tutorial_taskflow_api.py took 0.092 seconds
[2023-05-30T10:40:33.769+0000] {processor.py:156} INFO - Started process (PID=3862) to work on /home/airflow/.local/lib/python3.7/site-packages/airflow/example_dags/tutorial_taskflow_api.py
[2023-05-30T10:40:33.771+0000] {processor.py:799} INFO - Processing file /home/airflow/.local/lib/python3.7/site-packages/airflow/example_dags/tutorial_taskflow_api.py for tasks to queue
[2023-05-30T10:40:33.771+0000] {logging_mixin.py:149} INFO - [2023-05-30T10:40:33.771+0000] {dagbag.py:541} INFO - Filling up the DagBag from /home/airflow/.local/lib/python3.7/site-packages/airflow/example_dags/tutorial_taskflow_api.py
[2023-05-30T10:40:33.779+0000] {processor.py:809} INFO - DAG(s) dict_keys(['tutorial_taskflow_api']) retrieved from /home/airflow/.local/lib/python3.7/site-packages/airflow/example_dags/tutorial_taskflow_api.py
[2023-05-30T10:40:33.807+0000] {logging_mixin.py:149} INFO - [2023-05-30T10:40:33.807+0000] {dag.py:2726} INFO - Sync 1 DAGs
[2023-05-30T10:40:33.837+0000] {logging_mixin.py:149} INFO - [2023-05-30T10:40:33.837+0000] {dag.py:3490} INFO - Setting next_dagrun for tutorial_taskflow_api to None, run_after=None
[2023-05-30T10:40:33.859+0000] {processor.py:178} INFO - Processing /home/airflow/.local/lib/python3.7/site-packages/airflow/example_dags/tutorial_taskflow_api.py took 0.094 seconds
[2023-05-30T10:41:04.175+0000] {processor.py:156} INFO - Started process (PID=3919) to work on /home/airflow/.local/lib/python3.7/site-packages/airflow/example_dags/tutorial_taskflow_api.py
[2023-05-30T10:41:04.176+0000] {processor.py:799} INFO - Processing file /home/airflow/.local/lib/python3.7/site-packages/airflow/example_dags/tutorial_taskflow_api.py for tasks to queue
[2023-05-30T10:41:04.177+0000] {logging_mixin.py:149} INFO - [2023-05-30T10:41:04.177+0000] {dagbag.py:541} INFO - Filling up the DagBag from /home/airflow/.local/lib/python3.7/site-packages/airflow/example_dags/tutorial_taskflow_api.py
[2023-05-30T10:41:04.184+0000] {processor.py:809} INFO - DAG(s) dict_keys(['tutorial_taskflow_api']) retrieved from /home/airflow/.local/lib/python3.7/site-packages/airflow/example_dags/tutorial_taskflow_api.py
[2023-05-30T10:41:04.213+0000] {logging_mixin.py:149} INFO - [2023-05-30T10:41:04.213+0000] {dag.py:2726} INFO - Sync 1 DAGs
[2023-05-30T10:41:04.246+0000] {logging_mixin.py:149} INFO - [2023-05-30T10:41:04.246+0000] {dag.py:3490} INFO - Setting next_dagrun for tutorial_taskflow_api to None, run_after=None
[2023-05-30T10:41:04.268+0000] {processor.py:178} INFO - Processing /home/airflow/.local/lib/python3.7/site-packages/airflow/example_dags/tutorial_taskflow_api.py took 0.096 seconds
[2023-05-30T10:48:31.338+0000] {processor.py:156} INFO - Started process (PID=39) to work on /home/airflow/.local/lib/python3.7/site-packages/airflow/example_dags/tutorial_taskflow_api.py
[2023-05-30T10:48:31.342+0000] {processor.py:799} INFO - Processing file /home/airflow/.local/lib/python3.7/site-packages/airflow/example_dags/tutorial_taskflow_api.py for tasks to queue
[2023-05-30T10:48:31.342+0000] {logging_mixin.py:149} INFO - [2023-05-30T10:48:31.342+0000] {dagbag.py:541} INFO - Filling up the DagBag from /home/airflow/.local/lib/python3.7/site-packages/airflow/example_dags/tutorial_taskflow_api.py
[2023-05-30T10:48:31.349+0000] {processor.py:809} INFO - DAG(s) dict_keys(['tutorial_taskflow_api']) retrieved from /home/airflow/.local/lib/python3.7/site-packages/airflow/example_dags/tutorial_taskflow_api.py
[2023-05-30T10:48:31.389+0000] {logging_mixin.py:149} INFO - [2023-05-30T10:48:31.389+0000] {dag.py:2726} INFO - Sync 1 DAGs
[2023-05-30T10:48:31.441+0000] {logging_mixin.py:149} INFO - [2023-05-30T10:48:31.441+0000] {dag.py:3490} INFO - Setting next_dagrun for tutorial_taskflow_api to None, run_after=None
[2023-05-30T10:48:31.466+0000] {processor.py:178} INFO - Processing /home/airflow/.local/lib/python3.7/site-packages/airflow/example_dags/tutorial_taskflow_api.py took 0.133 seconds
[2023-05-30T10:49:02.154+0000] {processor.py:156} INFO - Started process (PID=95) to work on /home/airflow/.local/lib/python3.7/site-packages/airflow/example_dags/tutorial_taskflow_api.py
[2023-05-30T10:49:02.156+0000] {processor.py:799} INFO - Processing file /home/airflow/.local/lib/python3.7/site-packages/airflow/example_dags/tutorial_taskflow_api.py for tasks to queue
[2023-05-30T10:49:02.156+0000] {logging_mixin.py:149} INFO - [2023-05-30T10:49:02.156+0000] {dagbag.py:541} INFO - Filling up the DagBag from /home/airflow/.local/lib/python3.7/site-packages/airflow/example_dags/tutorial_taskflow_api.py
[2023-05-30T10:49:02.164+0000] {processor.py:809} INFO - DAG(s) dict_keys(['tutorial_taskflow_api']) retrieved from /home/airflow/.local/lib/python3.7/site-packages/airflow/example_dags/tutorial_taskflow_api.py
[2023-05-30T10:49:02.190+0000] {logging_mixin.py:149} INFO - [2023-05-30T10:49:02.190+0000] {dag.py:2726} INFO - Sync 1 DAGs
[2023-05-30T10:49:02.222+0000] {logging_mixin.py:149} INFO - [2023-05-30T10:49:02.221+0000] {dag.py:3490} INFO - Setting next_dagrun for tutorial_taskflow_api to None, run_after=None
[2023-05-30T10:49:02.243+0000] {processor.py:178} INFO - Processing /home/airflow/.local/lib/python3.7/site-packages/airflow/example_dags/tutorial_taskflow_api.py took 0.092 seconds
[2023-05-30T10:49:32.290+0000] {processor.py:156} INFO - Started process (PID=152) to work on /home/airflow/.local/lib/python3.7/site-packages/airflow/example_dags/tutorial_taskflow_api.py
[2023-05-30T10:49:32.291+0000] {processor.py:799} INFO - Processing file /home/airflow/.local/lib/python3.7/site-packages/airflow/example_dags/tutorial_taskflow_api.py for tasks to queue
[2023-05-30T10:49:32.292+0000] {logging_mixin.py:149} INFO - [2023-05-30T10:49:32.291+0000] {dagbag.py:541} INFO - Filling up the DagBag from /home/airflow/.local/lib/python3.7/site-packages/airflow/example_dags/tutorial_taskflow_api.py
[2023-05-30T10:49:32.299+0000] {processor.py:809} INFO - DAG(s) dict_keys(['tutorial_taskflow_api']) retrieved from /home/airflow/.local/lib/python3.7/site-packages/airflow/example_dags/tutorial_taskflow_api.py
[2023-05-30T10:49:32.326+0000] {logging_mixin.py:149} INFO - [2023-05-30T10:49:32.326+0000] {dag.py:2726} INFO - Sync 1 DAGs
[2023-05-30T10:49:32.357+0000] {logging_mixin.py:149} INFO - [2023-05-30T10:49:32.357+0000] {dag.py:3490} INFO - Setting next_dagrun for tutorial_taskflow_api to None, run_after=None
[2023-05-30T10:49:32.380+0000] {processor.py:178} INFO - Processing /home/airflow/.local/lib/python3.7/site-packages/airflow/example_dags/tutorial_taskflow_api.py took 0.094 seconds
[2023-05-30T10:50:02.471+0000] {processor.py:156} INFO - Started process (PID=209) to work on /home/airflow/.local/lib/python3.7/site-packages/airflow/example_dags/tutorial_taskflow_api.py
[2023-05-30T10:50:02.473+0000] {processor.py:799} INFO - Processing file /home/airflow/.local/lib/python3.7/site-packages/airflow/example_dags/tutorial_taskflow_api.py for tasks to queue
[2023-05-30T10:50:02.473+0000] {logging_mixin.py:149} INFO - [2023-05-30T10:50:02.473+0000] {dagbag.py:541} INFO - Filling up the DagBag from /home/airflow/.local/lib/python3.7/site-packages/airflow/example_dags/tutorial_taskflow_api.py
[2023-05-30T10:50:02.481+0000] {processor.py:809} INFO - DAG(s) dict_keys(['tutorial_taskflow_api']) retrieved from /home/airflow/.local/lib/python3.7/site-packages/airflow/example_dags/tutorial_taskflow_api.py
[2023-05-30T10:50:02.510+0000] {logging_mixin.py:149} INFO - [2023-05-30T10:50:02.510+0000] {dag.py:2726} INFO - Sync 1 DAGs
[2023-05-30T10:50:02.541+0000] {logging_mixin.py:149} INFO - [2023-05-30T10:50:02.541+0000] {dag.py:3490} INFO - Setting next_dagrun for tutorial_taskflow_api to None, run_after=None
[2023-05-30T10:50:02.563+0000] {processor.py:178} INFO - Processing /home/airflow/.local/lib/python3.7/site-packages/airflow/example_dags/tutorial_taskflow_api.py took 0.096 seconds
[2023-05-30T10:50:32.722+0000] {processor.py:156} INFO - Started process (PID=266) to work on /home/airflow/.local/lib/python3.7/site-packages/airflow/example_dags/tutorial_taskflow_api.py
[2023-05-30T10:50:32.723+0000] {processor.py:799} INFO - Processing file /home/airflow/.local/lib/python3.7/site-packages/airflow/example_dags/tutorial_taskflow_api.py for tasks to queue
[2023-05-30T10:50:32.723+0000] {logging_mixin.py:149} INFO - [2023-05-30T10:50:32.723+0000] {dagbag.py:541} INFO - Filling up the DagBag from /home/airflow/.local/lib/python3.7/site-packages/airflow/example_dags/tutorial_taskflow_api.py
[2023-05-30T10:50:32.730+0000] {processor.py:809} INFO - DAG(s) dict_keys(['tutorial_taskflow_api']) retrieved from /home/airflow/.local/lib/python3.7/site-packages/airflow/example_dags/tutorial_taskflow_api.py
[2023-05-30T10:50:32.758+0000] {logging_mixin.py:149} INFO - [2023-05-30T10:50:32.758+0000] {dag.py:2726} INFO - Sync 1 DAGs
[2023-05-30T10:50:32.788+0000] {logging_mixin.py:149} INFO - [2023-05-30T10:50:32.788+0000] {dag.py:3490} INFO - Setting next_dagrun for tutorial_taskflow_api to None, run_after=None
[2023-05-30T10:50:32.809+0000] {processor.py:178} INFO - Processing /home/airflow/.local/lib/python3.7/site-packages/airflow/example_dags/tutorial_taskflow_api.py took 0.091 seconds
[2023-05-30T10:51:03.037+0000] {processor.py:156} INFO - Started process (PID=325) to work on /home/airflow/.local/lib/python3.7/site-packages/airflow/example_dags/tutorial_taskflow_api.py
[2023-05-30T10:51:03.038+0000] {processor.py:799} INFO - Processing file /home/airflow/.local/lib/python3.7/site-packages/airflow/example_dags/tutorial_taskflow_api.py for tasks to queue
[2023-05-30T10:51:03.039+0000] {logging_mixin.py:149} INFO - [2023-05-30T10:51:03.039+0000] {dagbag.py:541} INFO - Filling up the DagBag from /home/airflow/.local/lib/python3.7/site-packages/airflow/example_dags/tutorial_taskflow_api.py
[2023-05-30T10:51:03.046+0000] {processor.py:809} INFO - DAG(s) dict_keys(['tutorial_taskflow_api']) retrieved from /home/airflow/.local/lib/python3.7/site-packages/airflow/example_dags/tutorial_taskflow_api.py
[2023-05-30T10:51:03.074+0000] {logging_mixin.py:149} INFO - [2023-05-30T10:51:03.074+0000] {dag.py:2726} INFO - Sync 1 DAGs
[2023-05-30T10:51:03.118+0000] {logging_mixin.py:149} INFO - [2023-05-30T10:51:03.118+0000] {dag.py:3490} INFO - Setting next_dagrun for tutorial_taskflow_api to None, run_after=None
[2023-05-30T10:51:03.139+0000] {processor.py:178} INFO - Processing /home/airflow/.local/lib/python3.7/site-packages/airflow/example_dags/tutorial_taskflow_api.py took 0.105 seconds
