[2023-05-30T10:06:31.432+0000] {processor.py:156} INFO - Started process (PID=44) to work on /home/airflow/.local/lib/python3.7/site-packages/airflow/example_dags/tutorial_dag.py
[2023-05-30T10:06:31.434+0000] {processor.py:799} INFO - Processing file /home/airflow/.local/lib/python3.7/site-packages/airflow/example_dags/tutorial_dag.py for tasks to queue
[2023-05-30T10:06:31.435+0000] {logging_mixin.py:149} INFO - [2023-05-30T10:06:31.435+0000] {dagbag.py:541} INFO - Filling up the DagBag from /home/airflow/.local/lib/python3.7/site-packages/airflow/example_dags/tutorial_dag.py
[2023-05-30T10:06:31.446+0000] {processor.py:809} INFO - DAG(s) dict_keys(['tutorial_dag']) retrieved from /home/airflow/.local/lib/python3.7/site-packages/airflow/example_dags/tutorial_dag.py
[2023-05-30T10:06:31.567+0000] {logging_mixin.py:149} INFO - [2023-05-30T10:06:31.567+0000] {dag.py:2726} INFO - Sync 1 DAGs
[2023-05-30T10:06:31.708+0000] {logging_mixin.py:149} INFO - [2023-05-30T10:06:31.708+0000] {dag.py:3490} INFO - Setting next_dagrun for tutorial_dag to None, run_after=None
[2023-05-30T10:06:31.778+0000] {processor.py:178} INFO - Processing /home/airflow/.local/lib/python3.7/site-packages/airflow/example_dags/tutorial_dag.py took 0.354 seconds
[2023-05-30T10:07:02.607+0000] {processor.py:156} INFO - Started process (PID=101) to work on /home/airflow/.local/lib/python3.7/site-packages/airflow/example_dags/tutorial_dag.py
[2023-05-30T10:07:02.608+0000] {processor.py:799} INFO - Processing file /home/airflow/.local/lib/python3.7/site-packages/airflow/example_dags/tutorial_dag.py for tasks to queue
[2023-05-30T10:07:02.609+0000] {logging_mixin.py:149} INFO - [2023-05-30T10:07:02.609+0000] {dagbag.py:541} INFO - Filling up the DagBag from /home/airflow/.local/lib/python3.7/site-packages/airflow/example_dags/tutorial_dag.py
[2023-05-30T10:07:02.615+0000] {processor.py:809} INFO - DAG(s) dict_keys(['tutorial_dag']) retrieved from /home/airflow/.local/lib/python3.7/site-packages/airflow/example_dags/tutorial_dag.py
[2023-05-30T10:07:02.645+0000] {logging_mixin.py:149} INFO - [2023-05-30T10:07:02.644+0000] {dag.py:2726} INFO - Sync 1 DAGs
[2023-05-30T10:07:02.677+0000] {logging_mixin.py:149} INFO - [2023-05-30T10:07:02.677+0000] {dag.py:3490} INFO - Setting next_dagrun for tutorial_dag to None, run_after=None
[2023-05-30T10:07:02.698+0000] {processor.py:178} INFO - Processing /home/airflow/.local/lib/python3.7/site-packages/airflow/example_dags/tutorial_dag.py took 0.096 seconds
[2023-05-30T10:07:33.222+0000] {processor.py:156} INFO - Started process (PID=159) to work on /home/airflow/.local/lib/python3.7/site-packages/airflow/example_dags/tutorial_dag.py
[2023-05-30T10:07:33.224+0000] {processor.py:799} INFO - Processing file /home/airflow/.local/lib/python3.7/site-packages/airflow/example_dags/tutorial_dag.py for tasks to queue
[2023-05-30T10:07:33.224+0000] {logging_mixin.py:149} INFO - [2023-05-30T10:07:33.224+0000] {dagbag.py:541} INFO - Filling up the DagBag from /home/airflow/.local/lib/python3.7/site-packages/airflow/example_dags/tutorial_dag.py
[2023-05-30T10:07:33.230+0000] {processor.py:809} INFO - DAG(s) dict_keys(['tutorial_dag']) retrieved from /home/airflow/.local/lib/python3.7/site-packages/airflow/example_dags/tutorial_dag.py
[2023-05-30T10:07:33.258+0000] {logging_mixin.py:149} INFO - [2023-05-30T10:07:33.258+0000] {dag.py:2726} INFO - Sync 1 DAGs
[2023-05-30T10:07:33.289+0000] {logging_mixin.py:149} INFO - [2023-05-30T10:07:33.289+0000] {dag.py:3490} INFO - Setting next_dagrun for tutorial_dag to None, run_after=None
[2023-05-30T10:07:33.311+0000] {processor.py:178} INFO - Processing /home/airflow/.local/lib/python3.7/site-packages/airflow/example_dags/tutorial_dag.py took 0.093 seconds
[2023-05-30T10:08:03.795+0000] {processor.py:156} INFO - Started process (PID=216) to work on /home/airflow/.local/lib/python3.7/site-packages/airflow/example_dags/tutorial_dag.py
[2023-05-30T10:08:03.796+0000] {processor.py:799} INFO - Processing file /home/airflow/.local/lib/python3.7/site-packages/airflow/example_dags/tutorial_dag.py for tasks to queue
[2023-05-30T10:08:03.796+0000] {logging_mixin.py:149} INFO - [2023-05-30T10:08:03.796+0000] {dagbag.py:541} INFO - Filling up the DagBag from /home/airflow/.local/lib/python3.7/site-packages/airflow/example_dags/tutorial_dag.py
[2023-05-30T10:08:03.803+0000] {processor.py:809} INFO - DAG(s) dict_keys(['tutorial_dag']) retrieved from /home/airflow/.local/lib/python3.7/site-packages/airflow/example_dags/tutorial_dag.py
[2023-05-30T10:08:03.832+0000] {logging_mixin.py:149} INFO - [2023-05-30T10:08:03.831+0000] {dag.py:2726} INFO - Sync 1 DAGs
[2023-05-30T10:08:03.870+0000] {logging_mixin.py:149} INFO - [2023-05-30T10:08:03.870+0000] {dag.py:3490} INFO - Setting next_dagrun for tutorial_dag to None, run_after=None
[2023-05-30T10:08:03.891+0000] {processor.py:178} INFO - Processing /home/airflow/.local/lib/python3.7/site-packages/airflow/example_dags/tutorial_dag.py took 0.101 seconds
[2023-05-30T10:08:34.270+0000] {processor.py:156} INFO - Started process (PID=274) to work on /home/airflow/.local/lib/python3.7/site-packages/airflow/example_dags/tutorial_dag.py
[2023-05-30T10:08:34.271+0000] {processor.py:799} INFO - Processing file /home/airflow/.local/lib/python3.7/site-packages/airflow/example_dags/tutorial_dag.py for tasks to queue
[2023-05-30T10:08:34.272+0000] {logging_mixin.py:149} INFO - [2023-05-30T10:08:34.272+0000] {dagbag.py:541} INFO - Filling up the DagBag from /home/airflow/.local/lib/python3.7/site-packages/airflow/example_dags/tutorial_dag.py
[2023-05-30T10:08:34.277+0000] {processor.py:809} INFO - DAG(s) dict_keys(['tutorial_dag']) retrieved from /home/airflow/.local/lib/python3.7/site-packages/airflow/example_dags/tutorial_dag.py
[2023-05-30T10:08:34.309+0000] {logging_mixin.py:149} INFO - [2023-05-30T10:08:34.309+0000] {dag.py:2726} INFO - Sync 1 DAGs
[2023-05-30T10:08:34.340+0000] {logging_mixin.py:149} INFO - [2023-05-30T10:08:34.340+0000] {dag.py:3490} INFO - Setting next_dagrun for tutorial_dag to None, run_after=None
[2023-05-30T10:08:34.367+0000] {processor.py:178} INFO - Processing /home/airflow/.local/lib/python3.7/site-packages/airflow/example_dags/tutorial_dag.py took 0.101 seconds
[2023-05-30T10:09:04.739+0000] {processor.py:156} INFO - Started process (PID=331) to work on /home/airflow/.local/lib/python3.7/site-packages/airflow/example_dags/tutorial_dag.py
[2023-05-30T10:09:04.740+0000] {processor.py:799} INFO - Processing file /home/airflow/.local/lib/python3.7/site-packages/airflow/example_dags/tutorial_dag.py for tasks to queue
[2023-05-30T10:09:04.741+0000] {logging_mixin.py:149} INFO - [2023-05-30T10:09:04.741+0000] {dagbag.py:541} INFO - Filling up the DagBag from /home/airflow/.local/lib/python3.7/site-packages/airflow/example_dags/tutorial_dag.py
[2023-05-30T10:09:04.746+0000] {processor.py:809} INFO - DAG(s) dict_keys(['tutorial_dag']) retrieved from /home/airflow/.local/lib/python3.7/site-packages/airflow/example_dags/tutorial_dag.py
[2023-05-30T10:09:04.779+0000] {logging_mixin.py:149} INFO - [2023-05-30T10:09:04.778+0000] {dag.py:2726} INFO - Sync 1 DAGs
[2023-05-30T10:09:04.848+0000] {logging_mixin.py:149} INFO - [2023-05-30T10:09:04.848+0000] {dag.py:3490} INFO - Setting next_dagrun for tutorial_dag to None, run_after=None
[2023-05-30T10:09:04.890+0000] {processor.py:178} INFO - Processing /home/airflow/.local/lib/python3.7/site-packages/airflow/example_dags/tutorial_dag.py took 0.155 seconds
[2023-05-30T10:09:35.478+0000] {processor.py:156} INFO - Started process (PID=388) to work on /home/airflow/.local/lib/python3.7/site-packages/airflow/example_dags/tutorial_dag.py
[2023-05-30T10:09:35.483+0000] {processor.py:799} INFO - Processing file /home/airflow/.local/lib/python3.7/site-packages/airflow/example_dags/tutorial_dag.py for tasks to queue
[2023-05-30T10:09:35.484+0000] {logging_mixin.py:149} INFO - [2023-05-30T10:09:35.484+0000] {dagbag.py:541} INFO - Filling up the DagBag from /home/airflow/.local/lib/python3.7/site-packages/airflow/example_dags/tutorial_dag.py
[2023-05-30T10:09:35.490+0000] {processor.py:809} INFO - DAG(s) dict_keys(['tutorial_dag']) retrieved from /home/airflow/.local/lib/python3.7/site-packages/airflow/example_dags/tutorial_dag.py
[2023-05-30T10:09:35.525+0000] {logging_mixin.py:149} INFO - [2023-05-30T10:09:35.524+0000] {dag.py:2726} INFO - Sync 1 DAGs
[2023-05-30T10:09:35.558+0000] {logging_mixin.py:149} INFO - [2023-05-30T10:09:35.557+0000] {dag.py:3490} INFO - Setting next_dagrun for tutorial_dag to None, run_after=None
[2023-05-30T10:09:35.580+0000] {processor.py:178} INFO - Processing /home/airflow/.local/lib/python3.7/site-packages/airflow/example_dags/tutorial_dag.py took 0.105 seconds
[2023-05-30T10:10:05.738+0000] {processor.py:156} INFO - Started process (PID=445) to work on /home/airflow/.local/lib/python3.7/site-packages/airflow/example_dags/tutorial_dag.py
[2023-05-30T10:10:05.739+0000] {processor.py:799} INFO - Processing file /home/airflow/.local/lib/python3.7/site-packages/airflow/example_dags/tutorial_dag.py for tasks to queue
[2023-05-30T10:10:05.739+0000] {logging_mixin.py:149} INFO - [2023-05-30T10:10:05.739+0000] {dagbag.py:541} INFO - Filling up the DagBag from /home/airflow/.local/lib/python3.7/site-packages/airflow/example_dags/tutorial_dag.py
[2023-05-30T10:10:05.746+0000] {processor.py:809} INFO - DAG(s) dict_keys(['tutorial_dag']) retrieved from /home/airflow/.local/lib/python3.7/site-packages/airflow/example_dags/tutorial_dag.py
[2023-05-30T10:10:05.775+0000] {logging_mixin.py:149} INFO - [2023-05-30T10:10:05.775+0000] {dag.py:2726} INFO - Sync 1 DAGs
[2023-05-30T10:10:05.812+0000] {logging_mixin.py:149} INFO - [2023-05-30T10:10:05.811+0000] {dag.py:3490} INFO - Setting next_dagrun for tutorial_dag to None, run_after=None
[2023-05-30T10:10:05.833+0000] {processor.py:178} INFO - Processing /home/airflow/.local/lib/python3.7/site-packages/airflow/example_dags/tutorial_dag.py took 0.099 seconds
[2023-05-30T10:10:36.612+0000] {processor.py:156} INFO - Started process (PID=502) to work on /home/airflow/.local/lib/python3.7/site-packages/airflow/example_dags/tutorial_dag.py
[2023-05-30T10:10:36.613+0000] {processor.py:799} INFO - Processing file /home/airflow/.local/lib/python3.7/site-packages/airflow/example_dags/tutorial_dag.py for tasks to queue
[2023-05-30T10:10:36.614+0000] {logging_mixin.py:149} INFO - [2023-05-30T10:10:36.614+0000] {dagbag.py:541} INFO - Filling up the DagBag from /home/airflow/.local/lib/python3.7/site-packages/airflow/example_dags/tutorial_dag.py
[2023-05-30T10:10:36.620+0000] {processor.py:809} INFO - DAG(s) dict_keys(['tutorial_dag']) retrieved from /home/airflow/.local/lib/python3.7/site-packages/airflow/example_dags/tutorial_dag.py
[2023-05-30T10:10:36.651+0000] {logging_mixin.py:149} INFO - [2023-05-30T10:10:36.651+0000] {dag.py:2726} INFO - Sync 1 DAGs
[2023-05-30T10:10:36.684+0000] {logging_mixin.py:149} INFO - [2023-05-30T10:10:36.684+0000] {dag.py:3490} INFO - Setting next_dagrun for tutorial_dag to None, run_after=None
[2023-05-30T10:10:36.705+0000] {processor.py:178} INFO - Processing /home/airflow/.local/lib/python3.7/site-packages/airflow/example_dags/tutorial_dag.py took 0.097 seconds
[2023-05-30T10:11:06.891+0000] {processor.py:156} INFO - Started process (PID=559) to work on /home/airflow/.local/lib/python3.7/site-packages/airflow/example_dags/tutorial_dag.py
[2023-05-30T10:11:06.900+0000] {processor.py:799} INFO - Processing file /home/airflow/.local/lib/python3.7/site-packages/airflow/example_dags/tutorial_dag.py for tasks to queue
[2023-05-30T10:11:06.901+0000] {logging_mixin.py:149} INFO - [2023-05-30T10:11:06.901+0000] {dagbag.py:541} INFO - Filling up the DagBag from /home/airflow/.local/lib/python3.7/site-packages/airflow/example_dags/tutorial_dag.py
[2023-05-30T10:11:06.915+0000] {processor.py:809} INFO - DAG(s) dict_keys(['tutorial_dag']) retrieved from /home/airflow/.local/lib/python3.7/site-packages/airflow/example_dags/tutorial_dag.py
[2023-05-30T10:11:06.973+0000] {logging_mixin.py:149} INFO - [2023-05-30T10:11:06.972+0000] {dag.py:2726} INFO - Sync 1 DAGs
[2023-05-30T10:11:07.016+0000] {logging_mixin.py:149} INFO - [2023-05-30T10:11:07.016+0000] {dag.py:3490} INFO - Setting next_dagrun for tutorial_dag to None, run_after=None
[2023-05-30T10:11:07.054+0000] {processor.py:178} INFO - Processing /home/airflow/.local/lib/python3.7/site-packages/airflow/example_dags/tutorial_dag.py took 0.183 seconds
[2023-05-30T10:11:37.634+0000] {processor.py:156} INFO - Started process (PID=615) to work on /home/airflow/.local/lib/python3.7/site-packages/airflow/example_dags/tutorial_dag.py
[2023-05-30T10:11:37.635+0000] {processor.py:799} INFO - Processing file /home/airflow/.local/lib/python3.7/site-packages/airflow/example_dags/tutorial_dag.py for tasks to queue
[2023-05-30T10:11:37.636+0000] {logging_mixin.py:149} INFO - [2023-05-30T10:11:37.636+0000] {dagbag.py:541} INFO - Filling up the DagBag from /home/airflow/.local/lib/python3.7/site-packages/airflow/example_dags/tutorial_dag.py
[2023-05-30T10:11:37.642+0000] {processor.py:809} INFO - DAG(s) dict_keys(['tutorial_dag']) retrieved from /home/airflow/.local/lib/python3.7/site-packages/airflow/example_dags/tutorial_dag.py
[2023-05-30T10:11:37.671+0000] {logging_mixin.py:149} INFO - [2023-05-30T10:11:37.671+0000] {dag.py:2726} INFO - Sync 1 DAGs
[2023-05-30T10:11:37.703+0000] {logging_mixin.py:149} INFO - [2023-05-30T10:11:37.703+0000] {dag.py:3490} INFO - Setting next_dagrun for tutorial_dag to None, run_after=None
[2023-05-30T10:11:37.725+0000] {processor.py:178} INFO - Processing /home/airflow/.local/lib/python3.7/site-packages/airflow/example_dags/tutorial_dag.py took 0.095 seconds
[2023-05-30T10:12:07.855+0000] {processor.py:156} INFO - Started process (PID=672) to work on /home/airflow/.local/lib/python3.7/site-packages/airflow/example_dags/tutorial_dag.py
[2023-05-30T10:12:07.856+0000] {processor.py:799} INFO - Processing file /home/airflow/.local/lib/python3.7/site-packages/airflow/example_dags/tutorial_dag.py for tasks to queue
[2023-05-30T10:12:07.857+0000] {logging_mixin.py:149} INFO - [2023-05-30T10:12:07.857+0000] {dagbag.py:541} INFO - Filling up the DagBag from /home/airflow/.local/lib/python3.7/site-packages/airflow/example_dags/tutorial_dag.py
[2023-05-30T10:12:07.863+0000] {processor.py:809} INFO - DAG(s) dict_keys(['tutorial_dag']) retrieved from /home/airflow/.local/lib/python3.7/site-packages/airflow/example_dags/tutorial_dag.py
[2023-05-30T10:12:07.891+0000] {logging_mixin.py:149} INFO - [2023-05-30T10:12:07.891+0000] {dag.py:2726} INFO - Sync 1 DAGs
[2023-05-30T10:12:07.926+0000] {logging_mixin.py:149} INFO - [2023-05-30T10:12:07.926+0000] {dag.py:3490} INFO - Setting next_dagrun for tutorial_dag to None, run_after=None
[2023-05-30T10:12:07.951+0000] {processor.py:178} INFO - Processing /home/airflow/.local/lib/python3.7/site-packages/airflow/example_dags/tutorial_dag.py took 0.099 seconds
[2023-05-30T10:12:38.685+0000] {processor.py:156} INFO - Started process (PID=728) to work on /home/airflow/.local/lib/python3.7/site-packages/airflow/example_dags/tutorial_dag.py
[2023-05-30T10:12:38.686+0000] {processor.py:799} INFO - Processing file /home/airflow/.local/lib/python3.7/site-packages/airflow/example_dags/tutorial_dag.py for tasks to queue
[2023-05-30T10:12:38.686+0000] {logging_mixin.py:149} INFO - [2023-05-30T10:12:38.686+0000] {dagbag.py:541} INFO - Filling up the DagBag from /home/airflow/.local/lib/python3.7/site-packages/airflow/example_dags/tutorial_dag.py
[2023-05-30T10:12:38.692+0000] {processor.py:809} INFO - DAG(s) dict_keys(['tutorial_dag']) retrieved from /home/airflow/.local/lib/python3.7/site-packages/airflow/example_dags/tutorial_dag.py
[2023-05-30T10:12:38.721+0000] {logging_mixin.py:149} INFO - [2023-05-30T10:12:38.721+0000] {dag.py:2726} INFO - Sync 1 DAGs
[2023-05-30T10:12:38.753+0000] {logging_mixin.py:149} INFO - [2023-05-30T10:12:38.753+0000] {dag.py:3490} INFO - Setting next_dagrun for tutorial_dag to None, run_after=None
[2023-05-30T10:12:38.779+0000] {processor.py:178} INFO - Processing /home/airflow/.local/lib/python3.7/site-packages/airflow/example_dags/tutorial_dag.py took 0.099 seconds
[2023-05-30T10:13:09.576+0000] {processor.py:156} INFO - Started process (PID=785) to work on /home/airflow/.local/lib/python3.7/site-packages/airflow/example_dags/tutorial_dag.py
[2023-05-30T10:13:09.577+0000] {processor.py:799} INFO - Processing file /home/airflow/.local/lib/python3.7/site-packages/airflow/example_dags/tutorial_dag.py for tasks to queue
[2023-05-30T10:13:09.578+0000] {logging_mixin.py:149} INFO - [2023-05-30T10:13:09.578+0000] {dagbag.py:541} INFO - Filling up the DagBag from /home/airflow/.local/lib/python3.7/site-packages/airflow/example_dags/tutorial_dag.py
[2023-05-30T10:13:09.583+0000] {processor.py:809} INFO - DAG(s) dict_keys(['tutorial_dag']) retrieved from /home/airflow/.local/lib/python3.7/site-packages/airflow/example_dags/tutorial_dag.py
[2023-05-30T10:13:09.611+0000] {logging_mixin.py:149} INFO - [2023-05-30T10:13:09.611+0000] {dag.py:2726} INFO - Sync 1 DAGs
[2023-05-30T10:13:09.642+0000] {logging_mixin.py:149} INFO - [2023-05-30T10:13:09.641+0000] {dag.py:3490} INFO - Setting next_dagrun for tutorial_dag to None, run_after=None
[2023-05-30T10:13:09.670+0000] {processor.py:178} INFO - Processing /home/airflow/.local/lib/python3.7/site-packages/airflow/example_dags/tutorial_dag.py took 0.097 seconds
[2023-05-30T10:13:39.878+0000] {processor.py:156} INFO - Started process (PID=842) to work on /home/airflow/.local/lib/python3.7/site-packages/airflow/example_dags/tutorial_dag.py
[2023-05-30T10:13:39.879+0000] {processor.py:799} INFO - Processing file /home/airflow/.local/lib/python3.7/site-packages/airflow/example_dags/tutorial_dag.py for tasks to queue
[2023-05-30T10:13:39.880+0000] {logging_mixin.py:149} INFO - [2023-05-30T10:13:39.879+0000] {dagbag.py:541} INFO - Filling up the DagBag from /home/airflow/.local/lib/python3.7/site-packages/airflow/example_dags/tutorial_dag.py
[2023-05-30T10:13:39.885+0000] {processor.py:809} INFO - DAG(s) dict_keys(['tutorial_dag']) retrieved from /home/airflow/.local/lib/python3.7/site-packages/airflow/example_dags/tutorial_dag.py
[2023-05-30T10:13:39.914+0000] {logging_mixin.py:149} INFO - [2023-05-30T10:13:39.914+0000] {dag.py:2726} INFO - Sync 1 DAGs
[2023-05-30T10:13:39.945+0000] {logging_mixin.py:149} INFO - [2023-05-30T10:13:39.945+0000] {dag.py:3490} INFO - Setting next_dagrun for tutorial_dag to None, run_after=None
[2023-05-30T10:13:39.966+0000] {processor.py:178} INFO - Processing /home/airflow/.local/lib/python3.7/site-packages/airflow/example_dags/tutorial_dag.py took 0.092 seconds
[2023-05-30T10:14:10.493+0000] {processor.py:156} INFO - Started process (PID=899) to work on /home/airflow/.local/lib/python3.7/site-packages/airflow/example_dags/tutorial_dag.py
[2023-05-30T10:14:10.494+0000] {processor.py:799} INFO - Processing file /home/airflow/.local/lib/python3.7/site-packages/airflow/example_dags/tutorial_dag.py for tasks to queue
[2023-05-30T10:14:10.495+0000] {logging_mixin.py:149} INFO - [2023-05-30T10:14:10.495+0000] {dagbag.py:541} INFO - Filling up the DagBag from /home/airflow/.local/lib/python3.7/site-packages/airflow/example_dags/tutorial_dag.py
[2023-05-30T10:14:10.509+0000] {processor.py:809} INFO - DAG(s) dict_keys(['tutorial_dag']) retrieved from /home/airflow/.local/lib/python3.7/site-packages/airflow/example_dags/tutorial_dag.py
[2023-05-30T10:14:10.563+0000] {logging_mixin.py:149} INFO - [2023-05-30T10:14:10.563+0000] {dag.py:2726} INFO - Sync 1 DAGs
[2023-05-30T10:14:10.606+0000] {logging_mixin.py:149} INFO - [2023-05-30T10:14:10.605+0000] {dag.py:3490} INFO - Setting next_dagrun for tutorial_dag to None, run_after=None
[2023-05-30T10:14:10.657+0000] {processor.py:178} INFO - Processing /home/airflow/.local/lib/python3.7/site-packages/airflow/example_dags/tutorial_dag.py took 0.167 seconds
[2023-05-30T10:14:41.293+0000] {processor.py:156} INFO - Started process (PID=956) to work on /home/airflow/.local/lib/python3.7/site-packages/airflow/example_dags/tutorial_dag.py
[2023-05-30T10:14:41.294+0000] {processor.py:799} INFO - Processing file /home/airflow/.local/lib/python3.7/site-packages/airflow/example_dags/tutorial_dag.py for tasks to queue
[2023-05-30T10:14:41.295+0000] {logging_mixin.py:149} INFO - [2023-05-30T10:14:41.295+0000] {dagbag.py:541} INFO - Filling up the DagBag from /home/airflow/.local/lib/python3.7/site-packages/airflow/example_dags/tutorial_dag.py
[2023-05-30T10:14:41.301+0000] {processor.py:809} INFO - DAG(s) dict_keys(['tutorial_dag']) retrieved from /home/airflow/.local/lib/python3.7/site-packages/airflow/example_dags/tutorial_dag.py
[2023-05-30T10:14:41.333+0000] {logging_mixin.py:149} INFO - [2023-05-30T10:14:41.332+0000] {dag.py:2726} INFO - Sync 1 DAGs
[2023-05-30T10:14:41.376+0000] {logging_mixin.py:149} INFO - [2023-05-30T10:14:41.375+0000] {dag.py:3490} INFO - Setting next_dagrun for tutorial_dag to None, run_after=None
[2023-05-30T10:14:41.420+0000] {processor.py:178} INFO - Processing /home/airflow/.local/lib/python3.7/site-packages/airflow/example_dags/tutorial_dag.py took 0.131 seconds
[2023-05-30T10:15:11.506+0000] {processor.py:156} INFO - Started process (PID=1013) to work on /home/airflow/.local/lib/python3.7/site-packages/airflow/example_dags/tutorial_dag.py
[2023-05-30T10:15:11.507+0000] {processor.py:799} INFO - Processing file /home/airflow/.local/lib/python3.7/site-packages/airflow/example_dags/tutorial_dag.py for tasks to queue
[2023-05-30T10:15:11.508+0000] {logging_mixin.py:149} INFO - [2023-05-30T10:15:11.507+0000] {dagbag.py:541} INFO - Filling up the DagBag from /home/airflow/.local/lib/python3.7/site-packages/airflow/example_dags/tutorial_dag.py
[2023-05-30T10:15:11.515+0000] {processor.py:809} INFO - DAG(s) dict_keys(['tutorial_dag']) retrieved from /home/airflow/.local/lib/python3.7/site-packages/airflow/example_dags/tutorial_dag.py
[2023-05-30T10:15:11.543+0000] {logging_mixin.py:149} INFO - [2023-05-30T10:15:11.543+0000] {dag.py:2726} INFO - Sync 1 DAGs
[2023-05-30T10:15:11.591+0000] {logging_mixin.py:149} INFO - [2023-05-30T10:15:11.591+0000] {dag.py:3490} INFO - Setting next_dagrun for tutorial_dag to None, run_after=None
[2023-05-30T10:15:11.621+0000] {processor.py:178} INFO - Processing /home/airflow/.local/lib/python3.7/site-packages/airflow/example_dags/tutorial_dag.py took 0.119 seconds
[2023-05-30T10:15:42.342+0000] {processor.py:156} INFO - Started process (PID=1070) to work on /home/airflow/.local/lib/python3.7/site-packages/airflow/example_dags/tutorial_dag.py
[2023-05-30T10:15:42.344+0000] {processor.py:799} INFO - Processing file /home/airflow/.local/lib/python3.7/site-packages/airflow/example_dags/tutorial_dag.py for tasks to queue
[2023-05-30T10:15:42.345+0000] {logging_mixin.py:149} INFO - [2023-05-30T10:15:42.344+0000] {dagbag.py:541} INFO - Filling up the DagBag from /home/airflow/.local/lib/python3.7/site-packages/airflow/example_dags/tutorial_dag.py
[2023-05-30T10:15:42.350+0000] {processor.py:809} INFO - DAG(s) dict_keys(['tutorial_dag']) retrieved from /home/airflow/.local/lib/python3.7/site-packages/airflow/example_dags/tutorial_dag.py
[2023-05-30T10:15:42.378+0000] {logging_mixin.py:149} INFO - [2023-05-30T10:15:42.378+0000] {dag.py:2726} INFO - Sync 1 DAGs
[2023-05-30T10:15:42.408+0000] {logging_mixin.py:149} INFO - [2023-05-30T10:15:42.408+0000] {dag.py:3490} INFO - Setting next_dagrun for tutorial_dag to None, run_after=None
[2023-05-30T10:15:42.429+0000] {processor.py:178} INFO - Processing /home/airflow/.local/lib/python3.7/site-packages/airflow/example_dags/tutorial_dag.py took 0.091 seconds
[2023-05-30T10:16:13.076+0000] {processor.py:156} INFO - Started process (PID=1127) to work on /home/airflow/.local/lib/python3.7/site-packages/airflow/example_dags/tutorial_dag.py
[2023-05-30T10:16:13.077+0000] {processor.py:799} INFO - Processing file /home/airflow/.local/lib/python3.7/site-packages/airflow/example_dags/tutorial_dag.py for tasks to queue
[2023-05-30T10:16:13.078+0000] {logging_mixin.py:149} INFO - [2023-05-30T10:16:13.078+0000] {dagbag.py:541} INFO - Filling up the DagBag from /home/airflow/.local/lib/python3.7/site-packages/airflow/example_dags/tutorial_dag.py
[2023-05-30T10:16:13.085+0000] {processor.py:809} INFO - DAG(s) dict_keys(['tutorial_dag']) retrieved from /home/airflow/.local/lib/python3.7/site-packages/airflow/example_dags/tutorial_dag.py
[2023-05-30T10:16:13.113+0000] {logging_mixin.py:149} INFO - [2023-05-30T10:16:13.113+0000] {dag.py:2726} INFO - Sync 1 DAGs
[2023-05-30T10:16:13.144+0000] {logging_mixin.py:149} INFO - [2023-05-30T10:16:13.144+0000] {dag.py:3490} INFO - Setting next_dagrun for tutorial_dag to None, run_after=None
[2023-05-30T10:16:13.166+0000] {processor.py:178} INFO - Processing /home/airflow/.local/lib/python3.7/site-packages/airflow/example_dags/tutorial_dag.py took 0.094 seconds
[2023-05-30T10:16:43.447+0000] {processor.py:156} INFO - Started process (PID=1184) to work on /home/airflow/.local/lib/python3.7/site-packages/airflow/example_dags/tutorial_dag.py
[2023-05-30T10:16:43.449+0000] {processor.py:799} INFO - Processing file /home/airflow/.local/lib/python3.7/site-packages/airflow/example_dags/tutorial_dag.py for tasks to queue
[2023-05-30T10:16:43.449+0000] {logging_mixin.py:149} INFO - [2023-05-30T10:16:43.449+0000] {dagbag.py:541} INFO - Filling up the DagBag from /home/airflow/.local/lib/python3.7/site-packages/airflow/example_dags/tutorial_dag.py
[2023-05-30T10:16:43.456+0000] {processor.py:809} INFO - DAG(s) dict_keys(['tutorial_dag']) retrieved from /home/airflow/.local/lib/python3.7/site-packages/airflow/example_dags/tutorial_dag.py
[2023-05-30T10:16:43.486+0000] {logging_mixin.py:149} INFO - [2023-05-30T10:16:43.486+0000] {dag.py:2726} INFO - Sync 1 DAGs
[2023-05-30T10:16:43.517+0000] {logging_mixin.py:149} INFO - [2023-05-30T10:16:43.517+0000] {dag.py:3490} INFO - Setting next_dagrun for tutorial_dag to None, run_after=None
[2023-05-30T10:16:43.548+0000] {processor.py:178} INFO - Processing /home/airflow/.local/lib/python3.7/site-packages/airflow/example_dags/tutorial_dag.py took 0.106 seconds
[2023-05-30T10:17:14.130+0000] {processor.py:156} INFO - Started process (PID=1241) to work on /home/airflow/.local/lib/python3.7/site-packages/airflow/example_dags/tutorial_dag.py
[2023-05-30T10:17:14.130+0000] {processor.py:799} INFO - Processing file /home/airflow/.local/lib/python3.7/site-packages/airflow/example_dags/tutorial_dag.py for tasks to queue
[2023-05-30T10:17:14.131+0000] {logging_mixin.py:149} INFO - [2023-05-30T10:17:14.131+0000] {dagbag.py:541} INFO - Filling up the DagBag from /home/airflow/.local/lib/python3.7/site-packages/airflow/example_dags/tutorial_dag.py
[2023-05-30T10:17:14.137+0000] {processor.py:809} INFO - DAG(s) dict_keys(['tutorial_dag']) retrieved from /home/airflow/.local/lib/python3.7/site-packages/airflow/example_dags/tutorial_dag.py
[2023-05-30T10:17:14.188+0000] {logging_mixin.py:149} INFO - [2023-05-30T10:17:14.188+0000] {dag.py:2726} INFO - Sync 1 DAGs
[2023-05-30T10:17:14.220+0000] {logging_mixin.py:149} INFO - [2023-05-30T10:17:14.220+0000] {dag.py:3490} INFO - Setting next_dagrun for tutorial_dag to None, run_after=None
[2023-05-30T10:17:14.241+0000] {processor.py:178} INFO - Processing /home/airflow/.local/lib/python3.7/site-packages/airflow/example_dags/tutorial_dag.py took 0.115 seconds
[2023-05-30T10:17:45.077+0000] {processor.py:156} INFO - Started process (PID=1304) to work on /home/airflow/.local/lib/python3.7/site-packages/airflow/example_dags/tutorial_dag.py
[2023-05-30T10:17:45.079+0000] {processor.py:799} INFO - Processing file /home/airflow/.local/lib/python3.7/site-packages/airflow/example_dags/tutorial_dag.py for tasks to queue
[2023-05-30T10:17:45.080+0000] {logging_mixin.py:149} INFO - [2023-05-30T10:17:45.080+0000] {dagbag.py:541} INFO - Filling up the DagBag from /home/airflow/.local/lib/python3.7/site-packages/airflow/example_dags/tutorial_dag.py
[2023-05-30T10:17:45.096+0000] {processor.py:809} INFO - DAG(s) dict_keys(['tutorial_dag']) retrieved from /home/airflow/.local/lib/python3.7/site-packages/airflow/example_dags/tutorial_dag.py
[2023-05-30T10:17:45.124+0000] {logging_mixin.py:149} INFO - [2023-05-30T10:17:45.124+0000] {dag.py:2726} INFO - Sync 1 DAGs
[2023-05-30T10:17:45.156+0000] {logging_mixin.py:149} INFO - [2023-05-30T10:17:45.156+0000] {dag.py:3490} INFO - Setting next_dagrun for tutorial_dag to None, run_after=None
[2023-05-30T10:17:45.178+0000] {processor.py:178} INFO - Processing /home/airflow/.local/lib/python3.7/site-packages/airflow/example_dags/tutorial_dag.py took 0.104 seconds
[2023-05-30T10:18:15.565+0000] {processor.py:156} INFO - Started process (PID=1361) to work on /home/airflow/.local/lib/python3.7/site-packages/airflow/example_dags/tutorial_dag.py
[2023-05-30T10:18:15.566+0000] {processor.py:799} INFO - Processing file /home/airflow/.local/lib/python3.7/site-packages/airflow/example_dags/tutorial_dag.py for tasks to queue
[2023-05-30T10:18:15.567+0000] {logging_mixin.py:149} INFO - [2023-05-30T10:18:15.566+0000] {dagbag.py:541} INFO - Filling up the DagBag from /home/airflow/.local/lib/python3.7/site-packages/airflow/example_dags/tutorial_dag.py
[2023-05-30T10:18:15.574+0000] {processor.py:809} INFO - DAG(s) dict_keys(['tutorial_dag']) retrieved from /home/airflow/.local/lib/python3.7/site-packages/airflow/example_dags/tutorial_dag.py
[2023-05-30T10:18:15.608+0000] {logging_mixin.py:149} INFO - [2023-05-30T10:18:15.608+0000] {dag.py:2726} INFO - Sync 1 DAGs
[2023-05-30T10:18:15.639+0000] {logging_mixin.py:149} INFO - [2023-05-30T10:18:15.639+0000] {dag.py:3490} INFO - Setting next_dagrun for tutorial_dag to None, run_after=None
[2023-05-30T10:18:15.661+0000] {processor.py:178} INFO - Processing /home/airflow/.local/lib/python3.7/site-packages/airflow/example_dags/tutorial_dag.py took 0.101 seconds
[2023-05-30T10:18:46.179+0000] {processor.py:156} INFO - Started process (PID=1418) to work on /home/airflow/.local/lib/python3.7/site-packages/airflow/example_dags/tutorial_dag.py
[2023-05-30T10:18:46.181+0000] {processor.py:799} INFO - Processing file /home/airflow/.local/lib/python3.7/site-packages/airflow/example_dags/tutorial_dag.py for tasks to queue
[2023-05-30T10:18:46.181+0000] {logging_mixin.py:149} INFO - [2023-05-30T10:18:46.181+0000] {dagbag.py:541} INFO - Filling up the DagBag from /home/airflow/.local/lib/python3.7/site-packages/airflow/example_dags/tutorial_dag.py
[2023-05-30T10:18:46.187+0000] {processor.py:809} INFO - DAG(s) dict_keys(['tutorial_dag']) retrieved from /home/airflow/.local/lib/python3.7/site-packages/airflow/example_dags/tutorial_dag.py
[2023-05-30T10:18:46.217+0000] {logging_mixin.py:149} INFO - [2023-05-30T10:18:46.217+0000] {dag.py:2726} INFO - Sync 1 DAGs
[2023-05-30T10:18:46.248+0000] {logging_mixin.py:149} INFO - [2023-05-30T10:18:46.248+0000] {dag.py:3490} INFO - Setting next_dagrun for tutorial_dag to None, run_after=None
[2023-05-30T10:18:46.270+0000] {processor.py:178} INFO - Processing /home/airflow/.local/lib/python3.7/site-packages/airflow/example_dags/tutorial_dag.py took 0.094 seconds
[2023-05-30T10:19:17.021+0000] {processor.py:156} INFO - Started process (PID=1474) to work on /home/airflow/.local/lib/python3.7/site-packages/airflow/example_dags/tutorial_dag.py
[2023-05-30T10:19:17.022+0000] {processor.py:799} INFO - Processing file /home/airflow/.local/lib/python3.7/site-packages/airflow/example_dags/tutorial_dag.py for tasks to queue
[2023-05-30T10:19:17.023+0000] {logging_mixin.py:149} INFO - [2023-05-30T10:19:17.022+0000] {dagbag.py:541} INFO - Filling up the DagBag from /home/airflow/.local/lib/python3.7/site-packages/airflow/example_dags/tutorial_dag.py
[2023-05-30T10:19:17.029+0000] {processor.py:809} INFO - DAG(s) dict_keys(['tutorial_dag']) retrieved from /home/airflow/.local/lib/python3.7/site-packages/airflow/example_dags/tutorial_dag.py
[2023-05-30T10:19:17.057+0000] {logging_mixin.py:149} INFO - [2023-05-30T10:19:17.057+0000] {dag.py:2726} INFO - Sync 1 DAGs
[2023-05-30T10:19:17.097+0000] {logging_mixin.py:149} INFO - [2023-05-30T10:19:17.096+0000] {dag.py:3490} INFO - Setting next_dagrun for tutorial_dag to None, run_after=None
[2023-05-30T10:19:17.119+0000] {processor.py:178} INFO - Processing /home/airflow/.local/lib/python3.7/site-packages/airflow/example_dags/tutorial_dag.py took 0.101 seconds
[2023-05-30T10:19:47.272+0000] {processor.py:156} INFO - Started process (PID=1531) to work on /home/airflow/.local/lib/python3.7/site-packages/airflow/example_dags/tutorial_dag.py
[2023-05-30T10:19:47.273+0000] {processor.py:799} INFO - Processing file /home/airflow/.local/lib/python3.7/site-packages/airflow/example_dags/tutorial_dag.py for tasks to queue
[2023-05-30T10:19:47.274+0000] {logging_mixin.py:149} INFO - [2023-05-30T10:19:47.274+0000] {dagbag.py:541} INFO - Filling up the DagBag from /home/airflow/.local/lib/python3.7/site-packages/airflow/example_dags/tutorial_dag.py
[2023-05-30T10:19:47.280+0000] {processor.py:809} INFO - DAG(s) dict_keys(['tutorial_dag']) retrieved from /home/airflow/.local/lib/python3.7/site-packages/airflow/example_dags/tutorial_dag.py
[2023-05-30T10:19:47.308+0000] {logging_mixin.py:149} INFO - [2023-05-30T10:19:47.308+0000] {dag.py:2726} INFO - Sync 1 DAGs
[2023-05-30T10:19:47.342+0000] {logging_mixin.py:149} INFO - [2023-05-30T10:19:47.342+0000] {dag.py:3490} INFO - Setting next_dagrun for tutorial_dag to None, run_after=None
[2023-05-30T10:19:47.364+0000] {processor.py:178} INFO - Processing /home/airflow/.local/lib/python3.7/site-packages/airflow/example_dags/tutorial_dag.py took 0.096 seconds
[2023-05-30T10:20:18.295+0000] {processor.py:156} INFO - Started process (PID=1588) to work on /home/airflow/.local/lib/python3.7/site-packages/airflow/example_dags/tutorial_dag.py
[2023-05-30T10:20:18.295+0000] {processor.py:799} INFO - Processing file /home/airflow/.local/lib/python3.7/site-packages/airflow/example_dags/tutorial_dag.py for tasks to queue
[2023-05-30T10:20:18.296+0000] {logging_mixin.py:149} INFO - [2023-05-30T10:20:18.296+0000] {dagbag.py:541} INFO - Filling up the DagBag from /home/airflow/.local/lib/python3.7/site-packages/airflow/example_dags/tutorial_dag.py
[2023-05-30T10:20:18.304+0000] {processor.py:809} INFO - DAG(s) dict_keys(['tutorial_dag']) retrieved from /home/airflow/.local/lib/python3.7/site-packages/airflow/example_dags/tutorial_dag.py
[2023-05-30T10:20:18.335+0000] {logging_mixin.py:149} INFO - [2023-05-30T10:20:18.335+0000] {dag.py:2726} INFO - Sync 1 DAGs
[2023-05-30T10:20:18.366+0000] {logging_mixin.py:149} INFO - [2023-05-30T10:20:18.366+0000] {dag.py:3490} INFO - Setting next_dagrun for tutorial_dag to None, run_after=None
[2023-05-30T10:20:18.388+0000] {processor.py:178} INFO - Processing /home/airflow/.local/lib/python3.7/site-packages/airflow/example_dags/tutorial_dag.py took 0.097 seconds
[2023-05-30T10:20:48.670+0000] {processor.py:156} INFO - Started process (PID=1645) to work on /home/airflow/.local/lib/python3.7/site-packages/airflow/example_dags/tutorial_dag.py
[2023-05-30T10:20:48.671+0000] {processor.py:799} INFO - Processing file /home/airflow/.local/lib/python3.7/site-packages/airflow/example_dags/tutorial_dag.py for tasks to queue
[2023-05-30T10:20:48.672+0000] {logging_mixin.py:149} INFO - [2023-05-30T10:20:48.672+0000] {dagbag.py:541} INFO - Filling up the DagBag from /home/airflow/.local/lib/python3.7/site-packages/airflow/example_dags/tutorial_dag.py
[2023-05-30T10:20:48.678+0000] {processor.py:809} INFO - DAG(s) dict_keys(['tutorial_dag']) retrieved from /home/airflow/.local/lib/python3.7/site-packages/airflow/example_dags/tutorial_dag.py
[2023-05-30T10:20:48.709+0000] {logging_mixin.py:149} INFO - [2023-05-30T10:20:48.709+0000] {dag.py:2726} INFO - Sync 1 DAGs
[2023-05-30T10:20:48.742+0000] {logging_mixin.py:149} INFO - [2023-05-30T10:20:48.741+0000] {dag.py:3490} INFO - Setting next_dagrun for tutorial_dag to None, run_after=None
[2023-05-30T10:20:48.766+0000] {processor.py:178} INFO - Processing /home/airflow/.local/lib/python3.7/site-packages/airflow/example_dags/tutorial_dag.py took 0.100 seconds
[2023-05-30T10:21:18.963+0000] {processor.py:156} INFO - Started process (PID=1702) to work on /home/airflow/.local/lib/python3.7/site-packages/airflow/example_dags/tutorial_dag.py
[2023-05-30T10:21:18.964+0000] {processor.py:799} INFO - Processing file /home/airflow/.local/lib/python3.7/site-packages/airflow/example_dags/tutorial_dag.py for tasks to queue
[2023-05-30T10:21:18.965+0000] {logging_mixin.py:149} INFO - [2023-05-30T10:21:18.965+0000] {dagbag.py:541} INFO - Filling up the DagBag from /home/airflow/.local/lib/python3.7/site-packages/airflow/example_dags/tutorial_dag.py
[2023-05-30T10:21:18.971+0000] {processor.py:809} INFO - DAG(s) dict_keys(['tutorial_dag']) retrieved from /home/airflow/.local/lib/python3.7/site-packages/airflow/example_dags/tutorial_dag.py
[2023-05-30T10:21:19.000+0000] {logging_mixin.py:149} INFO - [2023-05-30T10:21:19.000+0000] {dag.py:2726} INFO - Sync 1 DAGs
[2023-05-30T10:21:19.030+0000] {logging_mixin.py:149} INFO - [2023-05-30T10:21:19.030+0000] {dag.py:3490} INFO - Setting next_dagrun for tutorial_dag to None, run_after=None
[2023-05-30T10:21:19.051+0000] {processor.py:178} INFO - Processing /home/airflow/.local/lib/python3.7/site-packages/airflow/example_dags/tutorial_dag.py took 0.092 seconds
[2023-05-30T10:21:49.821+0000] {processor.py:156} INFO - Started process (PID=1760) to work on /home/airflow/.local/lib/python3.7/site-packages/airflow/example_dags/tutorial_dag.py
[2023-05-30T10:21:49.822+0000] {processor.py:799} INFO - Processing file /home/airflow/.local/lib/python3.7/site-packages/airflow/example_dags/tutorial_dag.py for tasks to queue
[2023-05-30T10:21:49.822+0000] {logging_mixin.py:149} INFO - [2023-05-30T10:21:49.822+0000] {dagbag.py:541} INFO - Filling up the DagBag from /home/airflow/.local/lib/python3.7/site-packages/airflow/example_dags/tutorial_dag.py
[2023-05-30T10:21:49.828+0000] {processor.py:809} INFO - DAG(s) dict_keys(['tutorial_dag']) retrieved from /home/airflow/.local/lib/python3.7/site-packages/airflow/example_dags/tutorial_dag.py
[2023-05-30T10:21:49.858+0000] {logging_mixin.py:149} INFO - [2023-05-30T10:21:49.858+0000] {dag.py:2726} INFO - Sync 1 DAGs
[2023-05-30T10:21:49.893+0000] {logging_mixin.py:149} INFO - [2023-05-30T10:21:49.892+0000] {dag.py:3490} INFO - Setting next_dagrun for tutorial_dag to None, run_after=None
[2023-05-30T10:21:49.914+0000] {processor.py:178} INFO - Processing /home/airflow/.local/lib/python3.7/site-packages/airflow/example_dags/tutorial_dag.py took 0.097 seconds
[2023-05-30T10:22:20.238+0000] {processor.py:156} INFO - Started process (PID=1816) to work on /home/airflow/.local/lib/python3.7/site-packages/airflow/example_dags/tutorial_dag.py
[2023-05-30T10:22:20.239+0000] {processor.py:799} INFO - Processing file /home/airflow/.local/lib/python3.7/site-packages/airflow/example_dags/tutorial_dag.py for tasks to queue
[2023-05-30T10:22:20.240+0000] {logging_mixin.py:149} INFO - [2023-05-30T10:22:20.240+0000] {dagbag.py:541} INFO - Filling up the DagBag from /home/airflow/.local/lib/python3.7/site-packages/airflow/example_dags/tutorial_dag.py
[2023-05-30T10:22:20.246+0000] {processor.py:809} INFO - DAG(s) dict_keys(['tutorial_dag']) retrieved from /home/airflow/.local/lib/python3.7/site-packages/airflow/example_dags/tutorial_dag.py
[2023-05-30T10:22:20.282+0000] {logging_mixin.py:149} INFO - [2023-05-30T10:22:20.282+0000] {dag.py:2726} INFO - Sync 1 DAGs
[2023-05-30T10:22:20.314+0000] {logging_mixin.py:149} INFO - [2023-05-30T10:22:20.313+0000] {dag.py:3490} INFO - Setting next_dagrun for tutorial_dag to None, run_after=None
[2023-05-30T10:22:20.347+0000] {processor.py:178} INFO - Processing /home/airflow/.local/lib/python3.7/site-packages/airflow/example_dags/tutorial_dag.py took 0.115 seconds
[2023-05-30T10:22:50.640+0000] {processor.py:156} INFO - Started process (PID=1873) to work on /home/airflow/.local/lib/python3.7/site-packages/airflow/example_dags/tutorial_dag.py
[2023-05-30T10:22:50.641+0000] {processor.py:799} INFO - Processing file /home/airflow/.local/lib/python3.7/site-packages/airflow/example_dags/tutorial_dag.py for tasks to queue
[2023-05-30T10:22:50.642+0000] {logging_mixin.py:149} INFO - [2023-05-30T10:22:50.642+0000] {dagbag.py:541} INFO - Filling up the DagBag from /home/airflow/.local/lib/python3.7/site-packages/airflow/example_dags/tutorial_dag.py
[2023-05-30T10:22:50.648+0000] {processor.py:809} INFO - DAG(s) dict_keys(['tutorial_dag']) retrieved from /home/airflow/.local/lib/python3.7/site-packages/airflow/example_dags/tutorial_dag.py
[2023-05-30T10:22:50.678+0000] {logging_mixin.py:149} INFO - [2023-05-30T10:22:50.678+0000] {dag.py:2726} INFO - Sync 1 DAGs
[2023-05-30T10:22:50.712+0000] {logging_mixin.py:149} INFO - [2023-05-30T10:22:50.712+0000] {dag.py:3490} INFO - Setting next_dagrun for tutorial_dag to None, run_after=None
[2023-05-30T10:22:50.735+0000] {processor.py:178} INFO - Processing /home/airflow/.local/lib/python3.7/site-packages/airflow/example_dags/tutorial_dag.py took 0.099 seconds
[2023-05-30T10:23:20.908+0000] {processor.py:156} INFO - Started process (PID=1930) to work on /home/airflow/.local/lib/python3.7/site-packages/airflow/example_dags/tutorial_dag.py
[2023-05-30T10:23:20.910+0000] {processor.py:799} INFO - Processing file /home/airflow/.local/lib/python3.7/site-packages/airflow/example_dags/tutorial_dag.py for tasks to queue
[2023-05-30T10:23:20.910+0000] {logging_mixin.py:149} INFO - [2023-05-30T10:23:20.910+0000] {dagbag.py:541} INFO - Filling up the DagBag from /home/airflow/.local/lib/python3.7/site-packages/airflow/example_dags/tutorial_dag.py
[2023-05-30T10:23:20.916+0000] {processor.py:809} INFO - DAG(s) dict_keys(['tutorial_dag']) retrieved from /home/airflow/.local/lib/python3.7/site-packages/airflow/example_dags/tutorial_dag.py
[2023-05-30T10:23:20.945+0000] {logging_mixin.py:149} INFO - [2023-05-30T10:23:20.944+0000] {dag.py:2726} INFO - Sync 1 DAGs
[2023-05-30T10:23:20.983+0000] {logging_mixin.py:149} INFO - [2023-05-30T10:23:20.983+0000] {dag.py:3490} INFO - Setting next_dagrun for tutorial_dag to None, run_after=None
[2023-05-30T10:23:21.007+0000] {processor.py:178} INFO - Processing /home/airflow/.local/lib/python3.7/site-packages/airflow/example_dags/tutorial_dag.py took 0.103 seconds
[2023-05-30T10:23:51.209+0000] {processor.py:156} INFO - Started process (PID=1987) to work on /home/airflow/.local/lib/python3.7/site-packages/airflow/example_dags/tutorial_dag.py
[2023-05-30T10:23:51.210+0000] {processor.py:799} INFO - Processing file /home/airflow/.local/lib/python3.7/site-packages/airflow/example_dags/tutorial_dag.py for tasks to queue
[2023-05-30T10:23:51.211+0000] {logging_mixin.py:149} INFO - [2023-05-30T10:23:51.211+0000] {dagbag.py:541} INFO - Filling up the DagBag from /home/airflow/.local/lib/python3.7/site-packages/airflow/example_dags/tutorial_dag.py
[2023-05-30T10:23:51.218+0000] {processor.py:809} INFO - DAG(s) dict_keys(['tutorial_dag']) retrieved from /home/airflow/.local/lib/python3.7/site-packages/airflow/example_dags/tutorial_dag.py
[2023-05-30T10:23:51.246+0000] {logging_mixin.py:149} INFO - [2023-05-30T10:23:51.246+0000] {dag.py:2726} INFO - Sync 1 DAGs
[2023-05-30T10:23:51.277+0000] {logging_mixin.py:149} INFO - [2023-05-30T10:23:51.277+0000] {dag.py:3490} INFO - Setting next_dagrun for tutorial_dag to None, run_after=None
[2023-05-30T10:23:51.300+0000] {processor.py:178} INFO - Processing /home/airflow/.local/lib/python3.7/site-packages/airflow/example_dags/tutorial_dag.py took 0.094 seconds
[2023-05-30T10:24:22.071+0000] {processor.py:156} INFO - Started process (PID=2044) to work on /home/airflow/.local/lib/python3.7/site-packages/airflow/example_dags/tutorial_dag.py
[2023-05-30T10:24:22.073+0000] {processor.py:799} INFO - Processing file /home/airflow/.local/lib/python3.7/site-packages/airflow/example_dags/tutorial_dag.py for tasks to queue
[2023-05-30T10:24:22.073+0000] {logging_mixin.py:149} INFO - [2023-05-30T10:24:22.073+0000] {dagbag.py:541} INFO - Filling up the DagBag from /home/airflow/.local/lib/python3.7/site-packages/airflow/example_dags/tutorial_dag.py
[2023-05-30T10:24:22.079+0000] {processor.py:809} INFO - DAG(s) dict_keys(['tutorial_dag']) retrieved from /home/airflow/.local/lib/python3.7/site-packages/airflow/example_dags/tutorial_dag.py
[2023-05-30T10:24:22.117+0000] {logging_mixin.py:149} INFO - [2023-05-30T10:24:22.117+0000] {dag.py:2726} INFO - Sync 1 DAGs
[2023-05-30T10:24:22.150+0000] {logging_mixin.py:149} INFO - [2023-05-30T10:24:22.149+0000] {dag.py:3490} INFO - Setting next_dagrun for tutorial_dag to None, run_after=None
[2023-05-30T10:24:22.172+0000] {processor.py:178} INFO - Processing /home/airflow/.local/lib/python3.7/site-packages/airflow/example_dags/tutorial_dag.py took 0.104 seconds
[2023-05-30T10:24:52.378+0000] {processor.py:156} INFO - Started process (PID=2101) to work on /home/airflow/.local/lib/python3.7/site-packages/airflow/example_dags/tutorial_dag.py
[2023-05-30T10:24:52.378+0000] {processor.py:799} INFO - Processing file /home/airflow/.local/lib/python3.7/site-packages/airflow/example_dags/tutorial_dag.py for tasks to queue
[2023-05-30T10:24:52.379+0000] {logging_mixin.py:149} INFO - [2023-05-30T10:24:52.379+0000] {dagbag.py:541} INFO - Filling up the DagBag from /home/airflow/.local/lib/python3.7/site-packages/airflow/example_dags/tutorial_dag.py
[2023-05-30T10:24:52.385+0000] {processor.py:809} INFO - DAG(s) dict_keys(['tutorial_dag']) retrieved from /home/airflow/.local/lib/python3.7/site-packages/airflow/example_dags/tutorial_dag.py
[2023-05-30T10:24:52.413+0000] {logging_mixin.py:149} INFO - [2023-05-30T10:24:52.413+0000] {dag.py:2726} INFO - Sync 1 DAGs
[2023-05-30T10:24:52.443+0000] {logging_mixin.py:149} INFO - [2023-05-30T10:24:52.443+0000] {dag.py:3490} INFO - Setting next_dagrun for tutorial_dag to None, run_after=None
[2023-05-30T10:24:52.469+0000] {processor.py:178} INFO - Processing /home/airflow/.local/lib/python3.7/site-packages/airflow/example_dags/tutorial_dag.py took 0.095 seconds
[2023-05-30T10:25:23.100+0000] {processor.py:156} INFO - Started process (PID=2158) to work on /home/airflow/.local/lib/python3.7/site-packages/airflow/example_dags/tutorial_dag.py
[2023-05-30T10:25:23.120+0000] {processor.py:799} INFO - Processing file /home/airflow/.local/lib/python3.7/site-packages/airflow/example_dags/tutorial_dag.py for tasks to queue
[2023-05-30T10:25:23.121+0000] {logging_mixin.py:149} INFO - [2023-05-30T10:25:23.121+0000] {dagbag.py:541} INFO - Filling up the DagBag from /home/airflow/.local/lib/python3.7/site-packages/airflow/example_dags/tutorial_dag.py
[2023-05-30T10:25:23.136+0000] {processor.py:809} INFO - DAG(s) dict_keys(['tutorial_dag']) retrieved from /home/airflow/.local/lib/python3.7/site-packages/airflow/example_dags/tutorial_dag.py
[2023-05-30T10:25:23.189+0000] {logging_mixin.py:149} INFO - [2023-05-30T10:25:23.189+0000] {dag.py:2726} INFO - Sync 1 DAGs
[2023-05-30T10:25:23.221+0000] {logging_mixin.py:149} INFO - [2023-05-30T10:25:23.221+0000] {dag.py:3490} INFO - Setting next_dagrun for tutorial_dag to None, run_after=None
[2023-05-30T10:25:23.270+0000] {processor.py:178} INFO - Processing /home/airflow/.local/lib/python3.7/site-packages/airflow/example_dags/tutorial_dag.py took 0.183 seconds
[2023-05-30T10:25:53.670+0000] {processor.py:156} INFO - Started process (PID=2215) to work on /home/airflow/.local/lib/python3.7/site-packages/airflow/example_dags/tutorial_dag.py
[2023-05-30T10:25:53.671+0000] {processor.py:799} INFO - Processing file /home/airflow/.local/lib/python3.7/site-packages/airflow/example_dags/tutorial_dag.py for tasks to queue
[2023-05-30T10:25:53.676+0000] {logging_mixin.py:149} INFO - [2023-05-30T10:25:53.676+0000] {dagbag.py:541} INFO - Filling up the DagBag from /home/airflow/.local/lib/python3.7/site-packages/airflow/example_dags/tutorial_dag.py
[2023-05-30T10:25:53.688+0000] {processor.py:809} INFO - DAG(s) dict_keys(['tutorial_dag']) retrieved from /home/airflow/.local/lib/python3.7/site-packages/airflow/example_dags/tutorial_dag.py
[2023-05-30T10:25:53.733+0000] {logging_mixin.py:149} INFO - [2023-05-30T10:25:53.732+0000] {dag.py:2726} INFO - Sync 1 DAGs
[2023-05-30T10:25:53.781+0000] {logging_mixin.py:149} INFO - [2023-05-30T10:25:53.781+0000] {dag.py:3490} INFO - Setting next_dagrun for tutorial_dag to None, run_after=None
[2023-05-30T10:25:53.828+0000] {processor.py:178} INFO - Processing /home/airflow/.local/lib/python3.7/site-packages/airflow/example_dags/tutorial_dag.py took 0.173 seconds
[2023-05-30T10:26:24.656+0000] {processor.py:156} INFO - Started process (PID=2272) to work on /home/airflow/.local/lib/python3.7/site-packages/airflow/example_dags/tutorial_dag.py
[2023-05-30T10:26:24.658+0000] {processor.py:799} INFO - Processing file /home/airflow/.local/lib/python3.7/site-packages/airflow/example_dags/tutorial_dag.py for tasks to queue
[2023-05-30T10:26:24.658+0000] {logging_mixin.py:149} INFO - [2023-05-30T10:26:24.658+0000] {dagbag.py:541} INFO - Filling up the DagBag from /home/airflow/.local/lib/python3.7/site-packages/airflow/example_dags/tutorial_dag.py
[2023-05-30T10:26:24.665+0000] {processor.py:809} INFO - DAG(s) dict_keys(['tutorial_dag']) retrieved from /home/airflow/.local/lib/python3.7/site-packages/airflow/example_dags/tutorial_dag.py
[2023-05-30T10:26:24.705+0000] {logging_mixin.py:149} INFO - [2023-05-30T10:26:24.705+0000] {dag.py:2726} INFO - Sync 1 DAGs
[2023-05-30T10:26:24.741+0000] {logging_mixin.py:149} INFO - [2023-05-30T10:26:24.741+0000] {dag.py:3490} INFO - Setting next_dagrun for tutorial_dag to None, run_after=None
[2023-05-30T10:26:24.781+0000] {processor.py:178} INFO - Processing /home/airflow/.local/lib/python3.7/site-packages/airflow/example_dags/tutorial_dag.py took 0.129 seconds
[2023-05-30T10:26:54.991+0000] {processor.py:156} INFO - Started process (PID=2330) to work on /home/airflow/.local/lib/python3.7/site-packages/airflow/example_dags/tutorial_dag.py
[2023-05-30T10:26:54.992+0000] {processor.py:799} INFO - Processing file /home/airflow/.local/lib/python3.7/site-packages/airflow/example_dags/tutorial_dag.py for tasks to queue
[2023-05-30T10:26:54.992+0000] {logging_mixin.py:149} INFO - [2023-05-30T10:26:54.992+0000] {dagbag.py:541} INFO - Filling up the DagBag from /home/airflow/.local/lib/python3.7/site-packages/airflow/example_dags/tutorial_dag.py
[2023-05-30T10:26:54.998+0000] {processor.py:809} INFO - DAG(s) dict_keys(['tutorial_dag']) retrieved from /home/airflow/.local/lib/python3.7/site-packages/airflow/example_dags/tutorial_dag.py
[2023-05-30T10:26:55.028+0000] {logging_mixin.py:149} INFO - [2023-05-30T10:26:55.028+0000] {dag.py:2726} INFO - Sync 1 DAGs
[2023-05-30T10:26:55.060+0000] {logging_mixin.py:149} INFO - [2023-05-30T10:26:55.060+0000] {dag.py:3490} INFO - Setting next_dagrun for tutorial_dag to None, run_after=None
[2023-05-30T10:26:55.081+0000] {processor.py:178} INFO - Processing /home/airflow/.local/lib/python3.7/site-packages/airflow/example_dags/tutorial_dag.py took 0.093 seconds
[2023-05-30T10:27:25.319+0000] {processor.py:156} INFO - Started process (PID=2387) to work on /home/airflow/.local/lib/python3.7/site-packages/airflow/example_dags/tutorial_dag.py
[2023-05-30T10:27:25.321+0000] {processor.py:799} INFO - Processing file /home/airflow/.local/lib/python3.7/site-packages/airflow/example_dags/tutorial_dag.py for tasks to queue
[2023-05-30T10:27:25.321+0000] {logging_mixin.py:149} INFO - [2023-05-30T10:27:25.321+0000] {dagbag.py:541} INFO - Filling up the DagBag from /home/airflow/.local/lib/python3.7/site-packages/airflow/example_dags/tutorial_dag.py
[2023-05-30T10:27:25.327+0000] {processor.py:809} INFO - DAG(s) dict_keys(['tutorial_dag']) retrieved from /home/airflow/.local/lib/python3.7/site-packages/airflow/example_dags/tutorial_dag.py
[2023-05-30T10:27:25.355+0000] {logging_mixin.py:149} INFO - [2023-05-30T10:27:25.355+0000] {dag.py:2726} INFO - Sync 1 DAGs
[2023-05-30T10:27:25.387+0000] {logging_mixin.py:149} INFO - [2023-05-30T10:27:25.387+0000] {dag.py:3490} INFO - Setting next_dagrun for tutorial_dag to None, run_after=None
[2023-05-30T10:27:25.409+0000] {processor.py:178} INFO - Processing /home/airflow/.local/lib/python3.7/site-packages/airflow/example_dags/tutorial_dag.py took 0.093 seconds
[2023-05-30T10:27:56.008+0000] {processor.py:156} INFO - Started process (PID=2444) to work on /home/airflow/.local/lib/python3.7/site-packages/airflow/example_dags/tutorial_dag.py
[2023-05-30T10:27:56.012+0000] {processor.py:799} INFO - Processing file /home/airflow/.local/lib/python3.7/site-packages/airflow/example_dags/tutorial_dag.py for tasks to queue
[2023-05-30T10:27:56.014+0000] {logging_mixin.py:149} INFO - [2023-05-30T10:27:56.014+0000] {dagbag.py:541} INFO - Filling up the DagBag from /home/airflow/.local/lib/python3.7/site-packages/airflow/example_dags/tutorial_dag.py
[2023-05-30T10:27:56.023+0000] {processor.py:809} INFO - DAG(s) dict_keys(['tutorial_dag']) retrieved from /home/airflow/.local/lib/python3.7/site-packages/airflow/example_dags/tutorial_dag.py
[2023-05-30T10:27:56.055+0000] {logging_mixin.py:149} INFO - [2023-05-30T10:27:56.055+0000] {dag.py:2726} INFO - Sync 1 DAGs
[2023-05-30T10:27:56.093+0000] {logging_mixin.py:149} INFO - [2023-05-30T10:27:56.093+0000] {dag.py:3490} INFO - Setting next_dagrun for tutorial_dag to None, run_after=None
[2023-05-30T10:27:56.120+0000] {processor.py:178} INFO - Processing /home/airflow/.local/lib/python3.7/site-packages/airflow/example_dags/tutorial_dag.py took 0.121 seconds
[2023-05-30T10:28:26.279+0000] {processor.py:156} INFO - Started process (PID=2501) to work on /home/airflow/.local/lib/python3.7/site-packages/airflow/example_dags/tutorial_dag.py
[2023-05-30T10:28:26.281+0000] {processor.py:799} INFO - Processing file /home/airflow/.local/lib/python3.7/site-packages/airflow/example_dags/tutorial_dag.py for tasks to queue
[2023-05-30T10:28:26.282+0000] {logging_mixin.py:149} INFO - [2023-05-30T10:28:26.282+0000] {dagbag.py:541} INFO - Filling up the DagBag from /home/airflow/.local/lib/python3.7/site-packages/airflow/example_dags/tutorial_dag.py
[2023-05-30T10:28:26.291+0000] {processor.py:809} INFO - DAG(s) dict_keys(['tutorial_dag']) retrieved from /home/airflow/.local/lib/python3.7/site-packages/airflow/example_dags/tutorial_dag.py
[2023-05-30T10:28:26.320+0000] {logging_mixin.py:149} INFO - [2023-05-30T10:28:26.320+0000] {dag.py:2726} INFO - Sync 1 DAGs
[2023-05-30T10:28:26.354+0000] {logging_mixin.py:149} INFO - [2023-05-30T10:28:26.353+0000] {dag.py:3490} INFO - Setting next_dagrun for tutorial_dag to None, run_after=None
[2023-05-30T10:28:26.375+0000] {processor.py:178} INFO - Processing /home/airflow/.local/lib/python3.7/site-packages/airflow/example_dags/tutorial_dag.py took 0.100 seconds
[2023-05-30T10:28:56.624+0000] {processor.py:156} INFO - Started process (PID=2557) to work on /home/airflow/.local/lib/python3.7/site-packages/airflow/example_dags/tutorial_dag.py
[2023-05-30T10:28:56.625+0000] {processor.py:799} INFO - Processing file /home/airflow/.local/lib/python3.7/site-packages/airflow/example_dags/tutorial_dag.py for tasks to queue
[2023-05-30T10:28:56.625+0000] {logging_mixin.py:149} INFO - [2023-05-30T10:28:56.625+0000] {dagbag.py:541} INFO - Filling up the DagBag from /home/airflow/.local/lib/python3.7/site-packages/airflow/example_dags/tutorial_dag.py
[2023-05-30T10:28:56.631+0000] {processor.py:809} INFO - DAG(s) dict_keys(['tutorial_dag']) retrieved from /home/airflow/.local/lib/python3.7/site-packages/airflow/example_dags/tutorial_dag.py
[2023-05-30T10:28:56.661+0000] {logging_mixin.py:149} INFO - [2023-05-30T10:28:56.661+0000] {dag.py:2726} INFO - Sync 1 DAGs
[2023-05-30T10:28:56.693+0000] {logging_mixin.py:149} INFO - [2023-05-30T10:28:56.693+0000] {dag.py:3490} INFO - Setting next_dagrun for tutorial_dag to None, run_after=None
[2023-05-30T10:28:56.714+0000] {processor.py:178} INFO - Processing /home/airflow/.local/lib/python3.7/site-packages/airflow/example_dags/tutorial_dag.py took 0.095 seconds
[2023-05-30T10:29:26.837+0000] {processor.py:156} INFO - Started process (PID=2614) to work on /home/airflow/.local/lib/python3.7/site-packages/airflow/example_dags/tutorial_dag.py
[2023-05-30T10:29:26.838+0000] {processor.py:799} INFO - Processing file /home/airflow/.local/lib/python3.7/site-packages/airflow/example_dags/tutorial_dag.py for tasks to queue
[2023-05-30T10:29:26.839+0000] {logging_mixin.py:149} INFO - [2023-05-30T10:29:26.839+0000] {dagbag.py:541} INFO - Filling up the DagBag from /home/airflow/.local/lib/python3.7/site-packages/airflow/example_dags/tutorial_dag.py
[2023-05-30T10:29:26.845+0000] {processor.py:809} INFO - DAG(s) dict_keys(['tutorial_dag']) retrieved from /home/airflow/.local/lib/python3.7/site-packages/airflow/example_dags/tutorial_dag.py
[2023-05-30T10:29:26.873+0000] {logging_mixin.py:149} INFO - [2023-05-30T10:29:26.873+0000] {dag.py:2726} INFO - Sync 1 DAGs
[2023-05-30T10:29:26.905+0000] {logging_mixin.py:149} INFO - [2023-05-30T10:29:26.905+0000] {dag.py:3490} INFO - Setting next_dagrun for tutorial_dag to None, run_after=None
[2023-05-30T10:29:26.926+0000] {processor.py:178} INFO - Processing /home/airflow/.local/lib/python3.7/site-packages/airflow/example_dags/tutorial_dag.py took 0.099 seconds
[2023-05-30T10:29:57.399+0000] {processor.py:156} INFO - Started process (PID=2670) to work on /home/airflow/.local/lib/python3.7/site-packages/airflow/example_dags/tutorial_dag.py
[2023-05-30T10:29:57.400+0000] {processor.py:799} INFO - Processing file /home/airflow/.local/lib/python3.7/site-packages/airflow/example_dags/tutorial_dag.py for tasks to queue
[2023-05-30T10:29:57.401+0000] {logging_mixin.py:149} INFO - [2023-05-30T10:29:57.401+0000] {dagbag.py:541} INFO - Filling up the DagBag from /home/airflow/.local/lib/python3.7/site-packages/airflow/example_dags/tutorial_dag.py
[2023-05-30T10:29:57.407+0000] {processor.py:809} INFO - DAG(s) dict_keys(['tutorial_dag']) retrieved from /home/airflow/.local/lib/python3.7/site-packages/airflow/example_dags/tutorial_dag.py
[2023-05-30T10:29:57.439+0000] {logging_mixin.py:149} INFO - [2023-05-30T10:29:57.439+0000] {dag.py:2726} INFO - Sync 1 DAGs
[2023-05-30T10:29:57.470+0000] {logging_mixin.py:149} INFO - [2023-05-30T10:29:57.470+0000] {dag.py:3490} INFO - Setting next_dagrun for tutorial_dag to None, run_after=None
[2023-05-30T10:29:57.491+0000] {processor.py:178} INFO - Processing /home/airflow/.local/lib/python3.7/site-packages/airflow/example_dags/tutorial_dag.py took 0.095 seconds
[2023-05-30T10:30:27.643+0000] {processor.py:156} INFO - Started process (PID=2727) to work on /home/airflow/.local/lib/python3.7/site-packages/airflow/example_dags/tutorial_dag.py
[2023-05-30T10:30:27.645+0000] {processor.py:799} INFO - Processing file /home/airflow/.local/lib/python3.7/site-packages/airflow/example_dags/tutorial_dag.py for tasks to queue
[2023-05-30T10:30:27.645+0000] {logging_mixin.py:149} INFO - [2023-05-30T10:30:27.645+0000] {dagbag.py:541} INFO - Filling up the DagBag from /home/airflow/.local/lib/python3.7/site-packages/airflow/example_dags/tutorial_dag.py
[2023-05-30T10:30:27.651+0000] {processor.py:809} INFO - DAG(s) dict_keys(['tutorial_dag']) retrieved from /home/airflow/.local/lib/python3.7/site-packages/airflow/example_dags/tutorial_dag.py
[2023-05-30T10:30:27.680+0000] {logging_mixin.py:149} INFO - [2023-05-30T10:30:27.680+0000] {dag.py:2726} INFO - Sync 1 DAGs
[2023-05-30T10:30:27.711+0000] {logging_mixin.py:149} INFO - [2023-05-30T10:30:27.711+0000] {dag.py:3490} INFO - Setting next_dagrun for tutorial_dag to None, run_after=None
[2023-05-30T10:30:27.734+0000] {processor.py:178} INFO - Processing /home/airflow/.local/lib/python3.7/site-packages/airflow/example_dags/tutorial_dag.py took 0.095 seconds
[2023-05-30T10:30:58.054+0000] {processor.py:156} INFO - Started process (PID=2784) to work on /home/airflow/.local/lib/python3.7/site-packages/airflow/example_dags/tutorial_dag.py
[2023-05-30T10:30:58.055+0000] {processor.py:799} INFO - Processing file /home/airflow/.local/lib/python3.7/site-packages/airflow/example_dags/tutorial_dag.py for tasks to queue
[2023-05-30T10:30:58.056+0000] {logging_mixin.py:149} INFO - [2023-05-30T10:30:58.056+0000] {dagbag.py:541} INFO - Filling up the DagBag from /home/airflow/.local/lib/python3.7/site-packages/airflow/example_dags/tutorial_dag.py
[2023-05-30T10:30:58.062+0000] {processor.py:809} INFO - DAG(s) dict_keys(['tutorial_dag']) retrieved from /home/airflow/.local/lib/python3.7/site-packages/airflow/example_dags/tutorial_dag.py
[2023-05-30T10:30:58.092+0000] {logging_mixin.py:149} INFO - [2023-05-30T10:30:58.092+0000] {dag.py:2726} INFO - Sync 1 DAGs
[2023-05-30T10:30:58.122+0000] {logging_mixin.py:149} INFO - [2023-05-30T10:30:58.122+0000] {dag.py:3490} INFO - Setting next_dagrun for tutorial_dag to None, run_after=None
[2023-05-30T10:30:58.143+0000] {processor.py:178} INFO - Processing /home/airflow/.local/lib/python3.7/site-packages/airflow/example_dags/tutorial_dag.py took 0.093 seconds
[2023-05-30T10:31:28.313+0000] {processor.py:156} INFO - Started process (PID=2841) to work on /home/airflow/.local/lib/python3.7/site-packages/airflow/example_dags/tutorial_dag.py
[2023-05-30T10:31:28.314+0000] {processor.py:799} INFO - Processing file /home/airflow/.local/lib/python3.7/site-packages/airflow/example_dags/tutorial_dag.py for tasks to queue
[2023-05-30T10:31:28.315+0000] {logging_mixin.py:149} INFO - [2023-05-30T10:31:28.315+0000] {dagbag.py:541} INFO - Filling up the DagBag from /home/airflow/.local/lib/python3.7/site-packages/airflow/example_dags/tutorial_dag.py
[2023-05-30T10:31:28.321+0000] {processor.py:809} INFO - DAG(s) dict_keys(['tutorial_dag']) retrieved from /home/airflow/.local/lib/python3.7/site-packages/airflow/example_dags/tutorial_dag.py
[2023-05-30T10:31:28.353+0000] {logging_mixin.py:149} INFO - [2023-05-30T10:31:28.353+0000] {dag.py:2726} INFO - Sync 1 DAGs
[2023-05-30T10:31:28.385+0000] {logging_mixin.py:149} INFO - [2023-05-30T10:31:28.385+0000] {dag.py:3490} INFO - Setting next_dagrun for tutorial_dag to None, run_after=None
[2023-05-30T10:31:28.407+0000] {processor.py:178} INFO - Processing /home/airflow/.local/lib/python3.7/site-packages/airflow/example_dags/tutorial_dag.py took 0.098 seconds
[2023-05-30T10:31:59.027+0000] {processor.py:156} INFO - Started process (PID=2898) to work on /home/airflow/.local/lib/python3.7/site-packages/airflow/example_dags/tutorial_dag.py
[2023-05-30T10:31:59.040+0000] {processor.py:799} INFO - Processing file /home/airflow/.local/lib/python3.7/site-packages/airflow/example_dags/tutorial_dag.py for tasks to queue
[2023-05-30T10:31:59.041+0000] {logging_mixin.py:149} INFO - [2023-05-30T10:31:59.041+0000] {dagbag.py:541} INFO - Filling up the DagBag from /home/airflow/.local/lib/python3.7/site-packages/airflow/example_dags/tutorial_dag.py
[2023-05-30T10:31:59.046+0000] {processor.py:809} INFO - DAG(s) dict_keys(['tutorial_dag']) retrieved from /home/airflow/.local/lib/python3.7/site-packages/airflow/example_dags/tutorial_dag.py
[2023-05-30T10:31:59.101+0000] {logging_mixin.py:149} INFO - [2023-05-30T10:31:59.101+0000] {dag.py:2726} INFO - Sync 1 DAGs
[2023-05-30T10:31:59.163+0000] {logging_mixin.py:149} INFO - [2023-05-30T10:31:59.163+0000] {dag.py:3490} INFO - Setting next_dagrun for tutorial_dag to None, run_after=None
[2023-05-30T10:31:59.200+0000] {processor.py:178} INFO - Processing /home/airflow/.local/lib/python3.7/site-packages/airflow/example_dags/tutorial_dag.py took 0.181 seconds
[2023-05-30T10:32:29.421+0000] {processor.py:156} INFO - Started process (PID=2955) to work on /home/airflow/.local/lib/python3.7/site-packages/airflow/example_dags/tutorial_dag.py
[2023-05-30T10:32:29.421+0000] {processor.py:799} INFO - Processing file /home/airflow/.local/lib/python3.7/site-packages/airflow/example_dags/tutorial_dag.py for tasks to queue
[2023-05-30T10:32:29.422+0000] {logging_mixin.py:149} INFO - [2023-05-30T10:32:29.422+0000] {dagbag.py:541} INFO - Filling up the DagBag from /home/airflow/.local/lib/python3.7/site-packages/airflow/example_dags/tutorial_dag.py
[2023-05-30T10:32:29.428+0000] {processor.py:809} INFO - DAG(s) dict_keys(['tutorial_dag']) retrieved from /home/airflow/.local/lib/python3.7/site-packages/airflow/example_dags/tutorial_dag.py
[2023-05-30T10:32:29.457+0000] {logging_mixin.py:149} INFO - [2023-05-30T10:32:29.456+0000] {dag.py:2726} INFO - Sync 1 DAGs
[2023-05-30T10:32:29.487+0000] {logging_mixin.py:149} INFO - [2023-05-30T10:32:29.487+0000] {dag.py:3490} INFO - Setting next_dagrun for tutorial_dag to None, run_after=None
[2023-05-30T10:32:29.507+0000] {processor.py:178} INFO - Processing /home/airflow/.local/lib/python3.7/site-packages/airflow/example_dags/tutorial_dag.py took 0.090 seconds
[2023-05-30T10:33:00.416+0000] {processor.py:156} INFO - Started process (PID=3012) to work on /home/airflow/.local/lib/python3.7/site-packages/airflow/example_dags/tutorial_dag.py
[2023-05-30T10:33:00.418+0000] {processor.py:799} INFO - Processing file /home/airflow/.local/lib/python3.7/site-packages/airflow/example_dags/tutorial_dag.py for tasks to queue
[2023-05-30T10:33:00.418+0000] {logging_mixin.py:149} INFO - [2023-05-30T10:33:00.418+0000] {dagbag.py:541} INFO - Filling up the DagBag from /home/airflow/.local/lib/python3.7/site-packages/airflow/example_dags/tutorial_dag.py
[2023-05-30T10:33:00.424+0000] {processor.py:809} INFO - DAG(s) dict_keys(['tutorial_dag']) retrieved from /home/airflow/.local/lib/python3.7/site-packages/airflow/example_dags/tutorial_dag.py
[2023-05-30T10:33:00.454+0000] {logging_mixin.py:149} INFO - [2023-05-30T10:33:00.454+0000] {dag.py:2726} INFO - Sync 1 DAGs
[2023-05-30T10:33:00.485+0000] {logging_mixin.py:149} INFO - [2023-05-30T10:33:00.485+0000] {dag.py:3490} INFO - Setting next_dagrun for tutorial_dag to None, run_after=None
[2023-05-30T10:33:00.517+0000] {processor.py:178} INFO - Processing /home/airflow/.local/lib/python3.7/site-packages/airflow/example_dags/tutorial_dag.py took 0.105 seconds
[2023-05-30T10:33:30.669+0000] {processor.py:156} INFO - Started process (PID=3069) to work on /home/airflow/.local/lib/python3.7/site-packages/airflow/example_dags/tutorial_dag.py
[2023-05-30T10:33:30.669+0000] {processor.py:799} INFO - Processing file /home/airflow/.local/lib/python3.7/site-packages/airflow/example_dags/tutorial_dag.py for tasks to queue
[2023-05-30T10:33:30.670+0000] {logging_mixin.py:149} INFO - [2023-05-30T10:33:30.670+0000] {dagbag.py:541} INFO - Filling up the DagBag from /home/airflow/.local/lib/python3.7/site-packages/airflow/example_dags/tutorial_dag.py
[2023-05-30T10:33:30.676+0000] {processor.py:809} INFO - DAG(s) dict_keys(['tutorial_dag']) retrieved from /home/airflow/.local/lib/python3.7/site-packages/airflow/example_dags/tutorial_dag.py
[2023-05-30T10:33:30.706+0000] {logging_mixin.py:149} INFO - [2023-05-30T10:33:30.706+0000] {dag.py:2726} INFO - Sync 1 DAGs
[2023-05-30T10:33:30.742+0000] {logging_mixin.py:149} INFO - [2023-05-30T10:33:30.742+0000] {dag.py:3490} INFO - Setting next_dagrun for tutorial_dag to None, run_after=None
[2023-05-30T10:33:30.764+0000] {processor.py:178} INFO - Processing /home/airflow/.local/lib/python3.7/site-packages/airflow/example_dags/tutorial_dag.py took 0.100 seconds
[2023-05-30T10:34:00.834+0000] {processor.py:156} INFO - Started process (PID=3125) to work on /home/airflow/.local/lib/python3.7/site-packages/airflow/example_dags/tutorial_dag.py
[2023-05-30T10:34:00.835+0000] {processor.py:799} INFO - Processing file /home/airflow/.local/lib/python3.7/site-packages/airflow/example_dags/tutorial_dag.py for tasks to queue
[2023-05-30T10:34:00.836+0000] {logging_mixin.py:149} INFO - [2023-05-30T10:34:00.836+0000] {dagbag.py:541} INFO - Filling up the DagBag from /home/airflow/.local/lib/python3.7/site-packages/airflow/example_dags/tutorial_dag.py
[2023-05-30T10:34:00.842+0000] {processor.py:809} INFO - DAG(s) dict_keys(['tutorial_dag']) retrieved from /home/airflow/.local/lib/python3.7/site-packages/airflow/example_dags/tutorial_dag.py
[2023-05-30T10:34:00.871+0000] {logging_mixin.py:149} INFO - [2023-05-30T10:34:00.870+0000] {dag.py:2726} INFO - Sync 1 DAGs
[2023-05-30T10:34:00.902+0000] {logging_mixin.py:149} INFO - [2023-05-30T10:34:00.902+0000] {dag.py:3490} INFO - Setting next_dagrun for tutorial_dag to None, run_after=None
[2023-05-30T10:34:00.924+0000] {processor.py:178} INFO - Processing /home/airflow/.local/lib/python3.7/site-packages/airflow/example_dags/tutorial_dag.py took 0.094 seconds
[2023-05-30T10:34:31.393+0000] {processor.py:156} INFO - Started process (PID=3183) to work on /home/airflow/.local/lib/python3.7/site-packages/airflow/example_dags/tutorial_dag.py
[2023-05-30T10:34:31.394+0000] {processor.py:799} INFO - Processing file /home/airflow/.local/lib/python3.7/site-packages/airflow/example_dags/tutorial_dag.py for tasks to queue
[2023-05-30T10:34:31.395+0000] {logging_mixin.py:149} INFO - [2023-05-30T10:34:31.394+0000] {dagbag.py:541} INFO - Filling up the DagBag from /home/airflow/.local/lib/python3.7/site-packages/airflow/example_dags/tutorial_dag.py
[2023-05-30T10:34:31.400+0000] {processor.py:809} INFO - DAG(s) dict_keys(['tutorial_dag']) retrieved from /home/airflow/.local/lib/python3.7/site-packages/airflow/example_dags/tutorial_dag.py
[2023-05-30T10:34:31.430+0000] {logging_mixin.py:149} INFO - [2023-05-30T10:34:31.429+0000] {dag.py:2726} INFO - Sync 1 DAGs
[2023-05-30T10:34:31.460+0000] {logging_mixin.py:149} INFO - [2023-05-30T10:34:31.460+0000] {dag.py:3490} INFO - Setting next_dagrun for tutorial_dag to None, run_after=None
[2023-05-30T10:34:31.484+0000] {processor.py:178} INFO - Processing /home/airflow/.local/lib/python3.7/site-packages/airflow/example_dags/tutorial_dag.py took 0.095 seconds
[2023-05-30T10:35:01.753+0000] {processor.py:156} INFO - Started process (PID=3238) to work on /home/airflow/.local/lib/python3.7/site-packages/airflow/example_dags/tutorial_dag.py
[2023-05-30T10:35:01.754+0000] {processor.py:799} INFO - Processing file /home/airflow/.local/lib/python3.7/site-packages/airflow/example_dags/tutorial_dag.py for tasks to queue
[2023-05-30T10:35:01.755+0000] {logging_mixin.py:149} INFO - [2023-05-30T10:35:01.754+0000] {dagbag.py:541} INFO - Filling up the DagBag from /home/airflow/.local/lib/python3.7/site-packages/airflow/example_dags/tutorial_dag.py
[2023-05-30T10:35:01.761+0000] {processor.py:809} INFO - DAG(s) dict_keys(['tutorial_dag']) retrieved from /home/airflow/.local/lib/python3.7/site-packages/airflow/example_dags/tutorial_dag.py
[2023-05-30T10:35:01.791+0000] {logging_mixin.py:149} INFO - [2023-05-30T10:35:01.790+0000] {dag.py:2726} INFO - Sync 1 DAGs
[2023-05-30T10:35:01.824+0000] {logging_mixin.py:149} INFO - [2023-05-30T10:35:01.824+0000] {dag.py:3490} INFO - Setting next_dagrun for tutorial_dag to None, run_after=None
[2023-05-30T10:35:01.850+0000] {processor.py:178} INFO - Processing /home/airflow/.local/lib/python3.7/site-packages/airflow/example_dags/tutorial_dag.py took 0.101 seconds
[2023-05-30T10:35:32.079+0000] {processor.py:156} INFO - Started process (PID=3296) to work on /home/airflow/.local/lib/python3.7/site-packages/airflow/example_dags/tutorial_dag.py
[2023-05-30T10:35:32.080+0000] {processor.py:799} INFO - Processing file /home/airflow/.local/lib/python3.7/site-packages/airflow/example_dags/tutorial_dag.py for tasks to queue
[2023-05-30T10:35:32.081+0000] {logging_mixin.py:149} INFO - [2023-05-30T10:35:32.081+0000] {dagbag.py:541} INFO - Filling up the DagBag from /home/airflow/.local/lib/python3.7/site-packages/airflow/example_dags/tutorial_dag.py
[2023-05-30T10:35:32.087+0000] {processor.py:809} INFO - DAG(s) dict_keys(['tutorial_dag']) retrieved from /home/airflow/.local/lib/python3.7/site-packages/airflow/example_dags/tutorial_dag.py
[2023-05-30T10:35:32.116+0000] {logging_mixin.py:149} INFO - [2023-05-30T10:35:32.116+0000] {dag.py:2726} INFO - Sync 1 DAGs
[2023-05-30T10:35:32.147+0000] {logging_mixin.py:149} INFO - [2023-05-30T10:35:32.147+0000] {dag.py:3490} INFO - Setting next_dagrun for tutorial_dag to None, run_after=None
[2023-05-30T10:35:32.168+0000] {processor.py:178} INFO - Processing /home/airflow/.local/lib/python3.7/site-packages/airflow/example_dags/tutorial_dag.py took 0.093 seconds
[2023-05-30T10:36:02.910+0000] {processor.py:156} INFO - Started process (PID=3353) to work on /home/airflow/.local/lib/python3.7/site-packages/airflow/example_dags/tutorial_dag.py
[2023-05-30T10:36:02.911+0000] {processor.py:799} INFO - Processing file /home/airflow/.local/lib/python3.7/site-packages/airflow/example_dags/tutorial_dag.py for tasks to queue
[2023-05-30T10:36:02.912+0000] {logging_mixin.py:149} INFO - [2023-05-30T10:36:02.912+0000] {dagbag.py:541} INFO - Filling up the DagBag from /home/airflow/.local/lib/python3.7/site-packages/airflow/example_dags/tutorial_dag.py
[2023-05-30T10:36:02.918+0000] {processor.py:809} INFO - DAG(s) dict_keys(['tutorial_dag']) retrieved from /home/airflow/.local/lib/python3.7/site-packages/airflow/example_dags/tutorial_dag.py
[2023-05-30T10:36:02.946+0000] {logging_mixin.py:149} INFO - [2023-05-30T10:36:02.946+0000] {dag.py:2726} INFO - Sync 1 DAGs
[2023-05-30T10:36:02.983+0000] {logging_mixin.py:149} INFO - [2023-05-30T10:36:02.983+0000] {dag.py:3490} INFO - Setting next_dagrun for tutorial_dag to None, run_after=None
[2023-05-30T10:36:03.010+0000] {processor.py:178} INFO - Processing /home/airflow/.local/lib/python3.7/site-packages/airflow/example_dags/tutorial_dag.py took 0.104 seconds
[2023-05-30T10:36:33.252+0000] {processor.py:156} INFO - Started process (PID=3410) to work on /home/airflow/.local/lib/python3.7/site-packages/airflow/example_dags/tutorial_dag.py
[2023-05-30T10:36:33.253+0000] {processor.py:799} INFO - Processing file /home/airflow/.local/lib/python3.7/site-packages/airflow/example_dags/tutorial_dag.py for tasks to queue
[2023-05-30T10:36:33.254+0000] {logging_mixin.py:149} INFO - [2023-05-30T10:36:33.254+0000] {dagbag.py:541} INFO - Filling up the DagBag from /home/airflow/.local/lib/python3.7/site-packages/airflow/example_dags/tutorial_dag.py
[2023-05-30T10:36:33.268+0000] {processor.py:809} INFO - DAG(s) dict_keys(['tutorial_dag']) retrieved from /home/airflow/.local/lib/python3.7/site-packages/airflow/example_dags/tutorial_dag.py
[2023-05-30T10:36:33.328+0000] {logging_mixin.py:149} INFO - [2023-05-30T10:36:33.328+0000] {dag.py:2726} INFO - Sync 1 DAGs
[2023-05-30T10:36:33.388+0000] {logging_mixin.py:149} INFO - [2023-05-30T10:36:33.388+0000] {dag.py:3490} INFO - Setting next_dagrun for tutorial_dag to None, run_after=None
[2023-05-30T10:36:33.437+0000] {processor.py:178} INFO - Processing /home/airflow/.local/lib/python3.7/site-packages/airflow/example_dags/tutorial_dag.py took 0.197 seconds
[2023-05-30T10:37:03.716+0000] {processor.py:156} INFO - Started process (PID=3468) to work on /home/airflow/.local/lib/python3.7/site-packages/airflow/example_dags/tutorial_dag.py
[2023-05-30T10:37:03.717+0000] {processor.py:799} INFO - Processing file /home/airflow/.local/lib/python3.7/site-packages/airflow/example_dags/tutorial_dag.py for tasks to queue
[2023-05-30T10:37:03.719+0000] {logging_mixin.py:149} INFO - [2023-05-30T10:37:03.719+0000] {dagbag.py:541} INFO - Filling up the DagBag from /home/airflow/.local/lib/python3.7/site-packages/airflow/example_dags/tutorial_dag.py
[2023-05-30T10:37:03.726+0000] {processor.py:809} INFO - DAG(s) dict_keys(['tutorial_dag']) retrieved from /home/airflow/.local/lib/python3.7/site-packages/airflow/example_dags/tutorial_dag.py
[2023-05-30T10:37:03.755+0000] {logging_mixin.py:149} INFO - [2023-05-30T10:37:03.754+0000] {dag.py:2726} INFO - Sync 1 DAGs
[2023-05-30T10:37:03.786+0000] {logging_mixin.py:149} INFO - [2023-05-30T10:37:03.786+0000] {dag.py:3490} INFO - Setting next_dagrun for tutorial_dag to None, run_after=None
[2023-05-30T10:37:03.808+0000] {processor.py:178} INFO - Processing /home/airflow/.local/lib/python3.7/site-packages/airflow/example_dags/tutorial_dag.py took 0.107 seconds
[2023-05-30T10:37:34.084+0000] {processor.py:156} INFO - Started process (PID=3525) to work on /home/airflow/.local/lib/python3.7/site-packages/airflow/example_dags/tutorial_dag.py
[2023-05-30T10:37:34.085+0000] {processor.py:799} INFO - Processing file /home/airflow/.local/lib/python3.7/site-packages/airflow/example_dags/tutorial_dag.py for tasks to queue
[2023-05-30T10:37:34.086+0000] {logging_mixin.py:149} INFO - [2023-05-30T10:37:34.085+0000] {dagbag.py:541} INFO - Filling up the DagBag from /home/airflow/.local/lib/python3.7/site-packages/airflow/example_dags/tutorial_dag.py
[2023-05-30T10:37:34.092+0000] {processor.py:809} INFO - DAG(s) dict_keys(['tutorial_dag']) retrieved from /home/airflow/.local/lib/python3.7/site-packages/airflow/example_dags/tutorial_dag.py
[2023-05-30T10:37:34.122+0000] {logging_mixin.py:149} INFO - [2023-05-30T10:37:34.122+0000] {dag.py:2726} INFO - Sync 1 DAGs
[2023-05-30T10:37:34.155+0000] {logging_mixin.py:149} INFO - [2023-05-30T10:37:34.155+0000] {dag.py:3490} INFO - Setting next_dagrun for tutorial_dag to None, run_after=None
[2023-05-30T10:37:34.181+0000] {processor.py:178} INFO - Processing /home/airflow/.local/lib/python3.7/site-packages/airflow/example_dags/tutorial_dag.py took 0.101 seconds
[2023-05-30T10:38:04.738+0000] {processor.py:156} INFO - Started process (PID=3582) to work on /home/airflow/.local/lib/python3.7/site-packages/airflow/example_dags/tutorial_dag.py
[2023-05-30T10:38:04.739+0000] {processor.py:799} INFO - Processing file /home/airflow/.local/lib/python3.7/site-packages/airflow/example_dags/tutorial_dag.py for tasks to queue
[2023-05-30T10:38:04.740+0000] {logging_mixin.py:149} INFO - [2023-05-30T10:38:04.740+0000] {dagbag.py:541} INFO - Filling up the DagBag from /home/airflow/.local/lib/python3.7/site-packages/airflow/example_dags/tutorial_dag.py
[2023-05-30T10:38:04.746+0000] {processor.py:809} INFO - DAG(s) dict_keys(['tutorial_dag']) retrieved from /home/airflow/.local/lib/python3.7/site-packages/airflow/example_dags/tutorial_dag.py
[2023-05-30T10:38:04.775+0000] {logging_mixin.py:149} INFO - [2023-05-30T10:38:04.775+0000] {dag.py:2726} INFO - Sync 1 DAGs
[2023-05-30T10:38:04.806+0000] {logging_mixin.py:149} INFO - [2023-05-30T10:38:04.805+0000] {dag.py:3490} INFO - Setting next_dagrun for tutorial_dag to None, run_after=None
[2023-05-30T10:38:04.828+0000] {processor.py:178} INFO - Processing /home/airflow/.local/lib/python3.7/site-packages/airflow/example_dags/tutorial_dag.py took 0.094 seconds
[2023-05-30T10:38:35.110+0000] {processor.py:156} INFO - Started process (PID=3640) to work on /home/airflow/.local/lib/python3.7/site-packages/airflow/example_dags/tutorial_dag.py
[2023-05-30T10:38:35.111+0000] {processor.py:799} INFO - Processing file /home/airflow/.local/lib/python3.7/site-packages/airflow/example_dags/tutorial_dag.py for tasks to queue
[2023-05-30T10:38:35.112+0000] {logging_mixin.py:149} INFO - [2023-05-30T10:38:35.112+0000] {dagbag.py:541} INFO - Filling up the DagBag from /home/airflow/.local/lib/python3.7/site-packages/airflow/example_dags/tutorial_dag.py
[2023-05-30T10:38:35.118+0000] {processor.py:809} INFO - DAG(s) dict_keys(['tutorial_dag']) retrieved from /home/airflow/.local/lib/python3.7/site-packages/airflow/example_dags/tutorial_dag.py
[2023-05-30T10:38:35.167+0000] {logging_mixin.py:149} INFO - [2023-05-30T10:38:35.167+0000] {dag.py:2726} INFO - Sync 1 DAGs
[2023-05-30T10:38:35.204+0000] {logging_mixin.py:149} INFO - [2023-05-30T10:38:35.204+0000] {dag.py:3490} INFO - Setting next_dagrun for tutorial_dag to None, run_after=None
[2023-05-30T10:38:35.226+0000] {processor.py:178} INFO - Processing /home/airflow/.local/lib/python3.7/site-packages/airflow/example_dags/tutorial_dag.py took 0.119 seconds
[2023-05-30T10:39:05.743+0000] {processor.py:156} INFO - Started process (PID=3696) to work on /home/airflow/.local/lib/python3.7/site-packages/airflow/example_dags/tutorial_dag.py
[2023-05-30T10:39:05.768+0000] {processor.py:799} INFO - Processing file /home/airflow/.local/lib/python3.7/site-packages/airflow/example_dags/tutorial_dag.py for tasks to queue
[2023-05-30T10:39:05.769+0000] {logging_mixin.py:149} INFO - [2023-05-30T10:39:05.769+0000] {dagbag.py:541} INFO - Filling up the DagBag from /home/airflow/.local/lib/python3.7/site-packages/airflow/example_dags/tutorial_dag.py
[2023-05-30T10:39:05.775+0000] {processor.py:809} INFO - DAG(s) dict_keys(['tutorial_dag']) retrieved from /home/airflow/.local/lib/python3.7/site-packages/airflow/example_dags/tutorial_dag.py
[2023-05-30T10:39:05.844+0000] {logging_mixin.py:149} INFO - [2023-05-30T10:39:05.844+0000] {dag.py:2726} INFO - Sync 1 DAGs
[2023-05-30T10:39:05.908+0000] {logging_mixin.py:149} INFO - [2023-05-30T10:39:05.908+0000] {dag.py:3490} INFO - Setting next_dagrun for tutorial_dag to None, run_after=None
[2023-05-30T10:39:05.953+0000] {processor.py:178} INFO - Processing /home/airflow/.local/lib/python3.7/site-packages/airflow/example_dags/tutorial_dag.py took 0.213 seconds
[2023-05-30T10:39:36.209+0000] {processor.py:156} INFO - Started process (PID=3753) to work on /home/airflow/.local/lib/python3.7/site-packages/airflow/example_dags/tutorial_dag.py
[2023-05-30T10:39:36.210+0000] {processor.py:799} INFO - Processing file /home/airflow/.local/lib/python3.7/site-packages/airflow/example_dags/tutorial_dag.py for tasks to queue
[2023-05-30T10:39:36.211+0000] {logging_mixin.py:149} INFO - [2023-05-30T10:39:36.211+0000] {dagbag.py:541} INFO - Filling up the DagBag from /home/airflow/.local/lib/python3.7/site-packages/airflow/example_dags/tutorial_dag.py
[2023-05-30T10:39:36.217+0000] {processor.py:809} INFO - DAG(s) dict_keys(['tutorial_dag']) retrieved from /home/airflow/.local/lib/python3.7/site-packages/airflow/example_dags/tutorial_dag.py
[2023-05-30T10:39:36.247+0000] {logging_mixin.py:149} INFO - [2023-05-30T10:39:36.247+0000] {dag.py:2726} INFO - Sync 1 DAGs
[2023-05-30T10:39:36.279+0000] {logging_mixin.py:149} INFO - [2023-05-30T10:39:36.279+0000] {dag.py:3490} INFO - Setting next_dagrun for tutorial_dag to None, run_after=None
[2023-05-30T10:39:36.305+0000] {processor.py:178} INFO - Processing /home/airflow/.local/lib/python3.7/site-packages/airflow/example_dags/tutorial_dag.py took 0.100 seconds
[2023-05-30T10:40:06.694+0000] {processor.py:156} INFO - Started process (PID=3811) to work on /home/airflow/.local/lib/python3.7/site-packages/airflow/example_dags/tutorial_dag.py
[2023-05-30T10:40:06.695+0000] {processor.py:799} INFO - Processing file /home/airflow/.local/lib/python3.7/site-packages/airflow/example_dags/tutorial_dag.py for tasks to queue
[2023-05-30T10:40:06.696+0000] {logging_mixin.py:149} INFO - [2023-05-30T10:40:06.696+0000] {dagbag.py:541} INFO - Filling up the DagBag from /home/airflow/.local/lib/python3.7/site-packages/airflow/example_dags/tutorial_dag.py
[2023-05-30T10:40:06.702+0000] {processor.py:809} INFO - DAG(s) dict_keys(['tutorial_dag']) retrieved from /home/airflow/.local/lib/python3.7/site-packages/airflow/example_dags/tutorial_dag.py
[2023-05-30T10:40:06.730+0000] {logging_mixin.py:149} INFO - [2023-05-30T10:40:06.730+0000] {dag.py:2726} INFO - Sync 1 DAGs
[2023-05-30T10:40:06.760+0000] {logging_mixin.py:149} INFO - [2023-05-30T10:40:06.760+0000] {dag.py:3490} INFO - Setting next_dagrun for tutorial_dag to None, run_after=None
[2023-05-30T10:40:06.782+0000] {processor.py:178} INFO - Processing /home/airflow/.local/lib/python3.7/site-packages/airflow/example_dags/tutorial_dag.py took 0.092 seconds
[2023-05-30T10:40:37.086+0000] {processor.py:156} INFO - Started process (PID=3868) to work on /home/airflow/.local/lib/python3.7/site-packages/airflow/example_dags/tutorial_dag.py
[2023-05-30T10:40:37.088+0000] {processor.py:799} INFO - Processing file /home/airflow/.local/lib/python3.7/site-packages/airflow/example_dags/tutorial_dag.py for tasks to queue
[2023-05-30T10:40:37.088+0000] {logging_mixin.py:149} INFO - [2023-05-30T10:40:37.088+0000] {dagbag.py:541} INFO - Filling up the DagBag from /home/airflow/.local/lib/python3.7/site-packages/airflow/example_dags/tutorial_dag.py
[2023-05-30T10:40:37.094+0000] {processor.py:809} INFO - DAG(s) dict_keys(['tutorial_dag']) retrieved from /home/airflow/.local/lib/python3.7/site-packages/airflow/example_dags/tutorial_dag.py
[2023-05-30T10:40:37.125+0000] {logging_mixin.py:149} INFO - [2023-05-30T10:40:37.125+0000] {dag.py:2726} INFO - Sync 1 DAGs
[2023-05-30T10:40:37.156+0000] {logging_mixin.py:149} INFO - [2023-05-30T10:40:37.156+0000] {dag.py:3490} INFO - Setting next_dagrun for tutorial_dag to None, run_after=None
[2023-05-30T10:40:37.177+0000] {processor.py:178} INFO - Processing /home/airflow/.local/lib/python3.7/site-packages/airflow/example_dags/tutorial_dag.py took 0.095 seconds
[2023-05-30T10:41:07.494+0000] {processor.py:156} INFO - Started process (PID=3925) to work on /home/airflow/.local/lib/python3.7/site-packages/airflow/example_dags/tutorial_dag.py
[2023-05-30T10:41:07.495+0000] {processor.py:799} INFO - Processing file /home/airflow/.local/lib/python3.7/site-packages/airflow/example_dags/tutorial_dag.py for tasks to queue
[2023-05-30T10:41:07.496+0000] {logging_mixin.py:149} INFO - [2023-05-30T10:41:07.496+0000] {dagbag.py:541} INFO - Filling up the DagBag from /home/airflow/.local/lib/python3.7/site-packages/airflow/example_dags/tutorial_dag.py
[2023-05-30T10:41:07.502+0000] {processor.py:809} INFO - DAG(s) dict_keys(['tutorial_dag']) retrieved from /home/airflow/.local/lib/python3.7/site-packages/airflow/example_dags/tutorial_dag.py
[2023-05-30T10:41:07.530+0000] {logging_mixin.py:149} INFO - [2023-05-30T10:41:07.530+0000] {dag.py:2726} INFO - Sync 1 DAGs
[2023-05-30T10:41:07.561+0000] {logging_mixin.py:149} INFO - [2023-05-30T10:41:07.561+0000] {dag.py:3490} INFO - Setting next_dagrun for tutorial_dag to None, run_after=None
[2023-05-30T10:41:07.586+0000] {processor.py:178} INFO - Processing /home/airflow/.local/lib/python3.7/site-packages/airflow/example_dags/tutorial_dag.py took 0.095 seconds
[2023-05-30T10:48:32.094+0000] {processor.py:156} INFO - Started process (PID=43) to work on /home/airflow/.local/lib/python3.7/site-packages/airflow/example_dags/tutorial_dag.py
[2023-05-30T10:48:32.096+0000] {processor.py:799} INFO - Processing file /home/airflow/.local/lib/python3.7/site-packages/airflow/example_dags/tutorial_dag.py for tasks to queue
[2023-05-30T10:48:32.097+0000] {logging_mixin.py:149} INFO - [2023-05-30T10:48:32.097+0000] {dagbag.py:541} INFO - Filling up the DagBag from /home/airflow/.local/lib/python3.7/site-packages/airflow/example_dags/tutorial_dag.py
[2023-05-30T10:48:32.103+0000] {processor.py:809} INFO - DAG(s) dict_keys(['tutorial_dag']) retrieved from /home/airflow/.local/lib/python3.7/site-packages/airflow/example_dags/tutorial_dag.py
[2023-05-30T10:48:32.136+0000] {logging_mixin.py:149} INFO - [2023-05-30T10:48:32.136+0000] {dag.py:2726} INFO - Sync 1 DAGs
[2023-05-30T10:48:32.170+0000] {logging_mixin.py:149} INFO - [2023-05-30T10:48:32.170+0000] {dag.py:3490} INFO - Setting next_dagrun for tutorial_dag to None, run_after=None
[2023-05-30T10:48:32.240+0000] {processor.py:178} INFO - Processing /home/airflow/.local/lib/python3.7/site-packages/airflow/example_dags/tutorial_dag.py took 0.151 seconds
[2023-05-30T10:49:02.523+0000] {processor.py:156} INFO - Started process (PID=99) to work on /home/airflow/.local/lib/python3.7/site-packages/airflow/example_dags/tutorial_dag.py
[2023-05-30T10:49:02.524+0000] {processor.py:799} INFO - Processing file /home/airflow/.local/lib/python3.7/site-packages/airflow/example_dags/tutorial_dag.py for tasks to queue
[2023-05-30T10:49:02.525+0000] {logging_mixin.py:149} INFO - [2023-05-30T10:49:02.524+0000] {dagbag.py:541} INFO - Filling up the DagBag from /home/airflow/.local/lib/python3.7/site-packages/airflow/example_dags/tutorial_dag.py
[2023-05-30T10:49:02.530+0000] {processor.py:809} INFO - DAG(s) dict_keys(['tutorial_dag']) retrieved from /home/airflow/.local/lib/python3.7/site-packages/airflow/example_dags/tutorial_dag.py
[2023-05-30T10:49:02.558+0000] {logging_mixin.py:149} INFO - [2023-05-30T10:49:02.557+0000] {dag.py:2726} INFO - Sync 1 DAGs
[2023-05-30T10:49:02.589+0000] {logging_mixin.py:149} INFO - [2023-05-30T10:49:02.588+0000] {dag.py:3490} INFO - Setting next_dagrun for tutorial_dag to None, run_after=None
[2023-05-30T10:49:02.612+0000] {processor.py:178} INFO - Processing /home/airflow/.local/lib/python3.7/site-packages/airflow/example_dags/tutorial_dag.py took 0.094 seconds
[2023-05-30T10:49:32.793+0000] {processor.py:156} INFO - Started process (PID=157) to work on /home/airflow/.local/lib/python3.7/site-packages/airflow/example_dags/tutorial_dag.py
[2023-05-30T10:49:32.795+0000] {processor.py:799} INFO - Processing file /home/airflow/.local/lib/python3.7/site-packages/airflow/example_dags/tutorial_dag.py for tasks to queue
[2023-05-30T10:49:32.795+0000] {logging_mixin.py:149} INFO - [2023-05-30T10:49:32.795+0000] {dagbag.py:541} INFO - Filling up the DagBag from /home/airflow/.local/lib/python3.7/site-packages/airflow/example_dags/tutorial_dag.py
[2023-05-30T10:49:32.801+0000] {processor.py:809} INFO - DAG(s) dict_keys(['tutorial_dag']) retrieved from /home/airflow/.local/lib/python3.7/site-packages/airflow/example_dags/tutorial_dag.py
[2023-05-30T10:49:32.829+0000] {logging_mixin.py:149} INFO - [2023-05-30T10:49:32.829+0000] {dag.py:2726} INFO - Sync 1 DAGs
[2023-05-30T10:49:32.859+0000] {logging_mixin.py:149} INFO - [2023-05-30T10:49:32.859+0000] {dag.py:3490} INFO - Setting next_dagrun for tutorial_dag to None, run_after=None
[2023-05-30T10:49:32.881+0000] {processor.py:178} INFO - Processing /home/airflow/.local/lib/python3.7/site-packages/airflow/example_dags/tutorial_dag.py took 0.092 seconds
[2023-05-30T10:50:03.023+0000] {processor.py:156} INFO - Started process (PID=214) to work on /home/airflow/.local/lib/python3.7/site-packages/airflow/example_dags/tutorial_dag.py
[2023-05-30T10:50:03.025+0000] {processor.py:799} INFO - Processing file /home/airflow/.local/lib/python3.7/site-packages/airflow/example_dags/tutorial_dag.py for tasks to queue
[2023-05-30T10:50:03.025+0000] {logging_mixin.py:149} INFO - [2023-05-30T10:50:03.025+0000] {dagbag.py:541} INFO - Filling up the DagBag from /home/airflow/.local/lib/python3.7/site-packages/airflow/example_dags/tutorial_dag.py
[2023-05-30T10:50:03.031+0000] {processor.py:809} INFO - DAG(s) dict_keys(['tutorial_dag']) retrieved from /home/airflow/.local/lib/python3.7/site-packages/airflow/example_dags/tutorial_dag.py
[2023-05-30T10:50:03.060+0000] {logging_mixin.py:149} INFO - [2023-05-30T10:50:03.060+0000] {dag.py:2726} INFO - Sync 1 DAGs
[2023-05-30T10:50:03.090+0000] {logging_mixin.py:149} INFO - [2023-05-30T10:50:03.090+0000] {dag.py:3490} INFO - Setting next_dagrun for tutorial_dag to None, run_after=None
[2023-05-30T10:50:03.111+0000] {processor.py:178} INFO - Processing /home/airflow/.local/lib/python3.7/site-packages/airflow/example_dags/tutorial_dag.py took 0.092 seconds
[2023-05-30T10:50:33.237+0000] {processor.py:156} INFO - Started process (PID=271) to work on /home/airflow/.local/lib/python3.7/site-packages/airflow/example_dags/tutorial_dag.py
[2023-05-30T10:50:33.238+0000] {processor.py:799} INFO - Processing file /home/airflow/.local/lib/python3.7/site-packages/airflow/example_dags/tutorial_dag.py for tasks to queue
[2023-05-30T10:50:33.239+0000] {logging_mixin.py:149} INFO - [2023-05-30T10:50:33.239+0000] {dagbag.py:541} INFO - Filling up the DagBag from /home/airflow/.local/lib/python3.7/site-packages/airflow/example_dags/tutorial_dag.py
[2023-05-30T10:50:33.245+0000] {processor.py:809} INFO - DAG(s) dict_keys(['tutorial_dag']) retrieved from /home/airflow/.local/lib/python3.7/site-packages/airflow/example_dags/tutorial_dag.py
[2023-05-30T10:50:33.273+0000] {logging_mixin.py:149} INFO - [2023-05-30T10:50:33.273+0000] {dag.py:2726} INFO - Sync 1 DAGs
[2023-05-30T10:50:33.303+0000] {logging_mixin.py:149} INFO - [2023-05-30T10:50:33.303+0000] {dag.py:3490} INFO - Setting next_dagrun for tutorial_dag to None, run_after=None
[2023-05-30T10:50:33.324+0000] {processor.py:178} INFO - Processing /home/airflow/.local/lib/python3.7/site-packages/airflow/example_dags/tutorial_dag.py took 0.090 seconds
[2023-05-30T10:51:03.397+0000] {processor.py:156} INFO - Started process (PID=329) to work on /home/airflow/.local/lib/python3.7/site-packages/airflow/example_dags/tutorial_dag.py
[2023-05-30T10:51:03.399+0000] {processor.py:799} INFO - Processing file /home/airflow/.local/lib/python3.7/site-packages/airflow/example_dags/tutorial_dag.py for tasks to queue
[2023-05-30T10:51:03.399+0000] {logging_mixin.py:149} INFO - [2023-05-30T10:51:03.399+0000] {dagbag.py:541} INFO - Filling up the DagBag from /home/airflow/.local/lib/python3.7/site-packages/airflow/example_dags/tutorial_dag.py
[2023-05-30T10:51:03.407+0000] {processor.py:809} INFO - DAG(s) dict_keys(['tutorial_dag']) retrieved from /home/airflow/.local/lib/python3.7/site-packages/airflow/example_dags/tutorial_dag.py
[2023-05-30T10:51:03.440+0000] {logging_mixin.py:149} INFO - [2023-05-30T10:51:03.439+0000] {dag.py:2726} INFO - Sync 1 DAGs
[2023-05-30T10:51:03.478+0000] {logging_mixin.py:149} INFO - [2023-05-30T10:51:03.478+0000] {dag.py:3490} INFO - Setting next_dagrun for tutorial_dag to None, run_after=None
[2023-05-30T10:51:03.499+0000] {processor.py:178} INFO - Processing /home/airflow/.local/lib/python3.7/site-packages/airflow/example_dags/tutorial_dag.py took 0.106 seconds
