[2023-05-30T10:06:34.158+0000] {processor.py:156} INFO - Started process (PID=61) to work on /home/airflow/.local/lib/python3.7/site-packages/airflow/example_dags/tutorial.py
[2023-05-30T10:06:34.159+0000] {processor.py:799} INFO - Processing file /home/airflow/.local/lib/python3.7/site-packages/airflow/example_dags/tutorial.py for tasks to queue
[2023-05-30T10:06:34.159+0000] {logging_mixin.py:149} INFO - [2023-05-30T10:06:34.159+0000] {dagbag.py:541} INFO - Filling up the DagBag from /home/airflow/.local/lib/python3.7/site-packages/airflow/example_dags/tutorial.py
[2023-05-30T10:06:34.176+0000] {processor.py:809} INFO - DAG(s) dict_keys(['tutorial']) retrieved from /home/airflow/.local/lib/python3.7/site-packages/airflow/example_dags/tutorial.py
[2023-05-30T10:06:34.257+0000] {logging_mixin.py:149} INFO - [2023-05-30T10:06:34.257+0000] {dag.py:2726} INFO - Sync 1 DAGs
[2023-05-30T10:06:34.323+0000] {logging_mixin.py:149} INFO - [2023-05-30T10:06:34.323+0000] {dag.py:3490} INFO - Setting next_dagrun for tutorial to 2023-05-29T10:06:34.323358+00:00, run_after=2023-05-30T10:06:34.323358+00:00
[2023-05-30T10:06:34.361+0000] {processor.py:178} INFO - Processing /home/airflow/.local/lib/python3.7/site-packages/airflow/example_dags/tutorial.py took 0.210 seconds
[2023-05-30T10:07:04.919+0000] {processor.py:156} INFO - Started process (PID=118) to work on /home/airflow/.local/lib/python3.7/site-packages/airflow/example_dags/tutorial.py
[2023-05-30T10:07:04.921+0000] {processor.py:799} INFO - Processing file /home/airflow/.local/lib/python3.7/site-packages/airflow/example_dags/tutorial.py for tasks to queue
[2023-05-30T10:07:04.921+0000] {logging_mixin.py:149} INFO - [2023-05-30T10:07:04.921+0000] {dagbag.py:541} INFO - Filling up the DagBag from /home/airflow/.local/lib/python3.7/site-packages/airflow/example_dags/tutorial.py
[2023-05-30T10:07:04.929+0000] {processor.py:809} INFO - DAG(s) dict_keys(['tutorial']) retrieved from /home/airflow/.local/lib/python3.7/site-packages/airflow/example_dags/tutorial.py
[2023-05-30T10:07:04.963+0000] {logging_mixin.py:149} INFO - [2023-05-30T10:07:04.963+0000] {dag.py:2726} INFO - Sync 1 DAGs
[2023-05-30T10:07:05.004+0000] {logging_mixin.py:149} INFO - [2023-05-30T10:07:05.003+0000] {dag.py:3490} INFO - Setting next_dagrun for tutorial to 2023-05-29T10:07:05.003556+00:00, run_after=2023-05-30T10:07:05.003556+00:00
[2023-05-30T10:07:05.027+0000] {processor.py:178} INFO - Processing /home/airflow/.local/lib/python3.7/site-packages/airflow/example_dags/tutorial.py took 0.111 seconds
[2023-05-30T10:07:35.535+0000] {processor.py:156} INFO - Started process (PID=176) to work on /home/airflow/.local/lib/python3.7/site-packages/airflow/example_dags/tutorial.py
[2023-05-30T10:07:35.539+0000] {processor.py:799} INFO - Processing file /home/airflow/.local/lib/python3.7/site-packages/airflow/example_dags/tutorial.py for tasks to queue
[2023-05-30T10:07:35.545+0000] {logging_mixin.py:149} INFO - [2023-05-30T10:07:35.545+0000] {dagbag.py:541} INFO - Filling up the DagBag from /home/airflow/.local/lib/python3.7/site-packages/airflow/example_dags/tutorial.py
[2023-05-30T10:07:35.553+0000] {processor.py:809} INFO - DAG(s) dict_keys(['tutorial']) retrieved from /home/airflow/.local/lib/python3.7/site-packages/airflow/example_dags/tutorial.py
[2023-05-30T10:07:35.580+0000] {logging_mixin.py:149} INFO - [2023-05-30T10:07:35.580+0000] {dag.py:2726} INFO - Sync 1 DAGs
[2023-05-30T10:07:35.611+0000] {logging_mixin.py:149} INFO - [2023-05-30T10:07:35.611+0000] {dag.py:3490} INFO - Setting next_dagrun for tutorial to 2023-05-29T10:07:35.611058+00:00, run_after=2023-05-30T10:07:35.611058+00:00
[2023-05-30T10:07:35.632+0000] {processor.py:178} INFO - Processing /home/airflow/.local/lib/python3.7/site-packages/airflow/example_dags/tutorial.py took 0.100 seconds
[2023-05-30T10:08:05.942+0000] {processor.py:156} INFO - Started process (PID=233) to work on /home/airflow/.local/lib/python3.7/site-packages/airflow/example_dags/tutorial.py
[2023-05-30T10:08:05.943+0000] {processor.py:799} INFO - Processing file /home/airflow/.local/lib/python3.7/site-packages/airflow/example_dags/tutorial.py for tasks to queue
[2023-05-30T10:08:05.944+0000] {logging_mixin.py:149} INFO - [2023-05-30T10:08:05.943+0000] {dagbag.py:541} INFO - Filling up the DagBag from /home/airflow/.local/lib/python3.7/site-packages/airflow/example_dags/tutorial.py
[2023-05-30T10:08:05.955+0000] {processor.py:809} INFO - DAG(s) dict_keys(['tutorial']) retrieved from /home/airflow/.local/lib/python3.7/site-packages/airflow/example_dags/tutorial.py
[2023-05-30T10:08:05.987+0000] {logging_mixin.py:149} INFO - [2023-05-30T10:08:05.986+0000] {dag.py:2726} INFO - Sync 1 DAGs
[2023-05-30T10:08:06.018+0000] {logging_mixin.py:149} INFO - [2023-05-30T10:08:06.018+0000] {dag.py:3490} INFO - Setting next_dagrun for tutorial to 2023-05-29T10:08:06.018184+00:00, run_after=2023-05-30T10:08:06.018184+00:00
[2023-05-30T10:08:06.039+0000] {processor.py:178} INFO - Processing /home/airflow/.local/lib/python3.7/site-packages/airflow/example_dags/tutorial.py took 0.101 seconds
[2023-05-30T10:08:36.547+0000] {processor.py:156} INFO - Started process (PID=291) to work on /home/airflow/.local/lib/python3.7/site-packages/airflow/example_dags/tutorial.py
[2023-05-30T10:08:36.549+0000] {processor.py:799} INFO - Processing file /home/airflow/.local/lib/python3.7/site-packages/airflow/example_dags/tutorial.py for tasks to queue
[2023-05-30T10:08:36.550+0000] {logging_mixin.py:149} INFO - [2023-05-30T10:08:36.549+0000] {dagbag.py:541} INFO - Filling up the DagBag from /home/airflow/.local/lib/python3.7/site-packages/airflow/example_dags/tutorial.py
[2023-05-30T10:08:36.559+0000] {processor.py:809} INFO - DAG(s) dict_keys(['tutorial']) retrieved from /home/airflow/.local/lib/python3.7/site-packages/airflow/example_dags/tutorial.py
[2023-05-30T10:08:36.587+0000] {logging_mixin.py:149} INFO - [2023-05-30T10:08:36.587+0000] {dag.py:2726} INFO - Sync 1 DAGs
[2023-05-30T10:08:36.618+0000] {logging_mixin.py:149} INFO - [2023-05-30T10:08:36.618+0000] {dag.py:3490} INFO - Setting next_dagrun for tutorial to 2023-05-29T10:08:36.618432+00:00, run_after=2023-05-30T10:08:36.618432+00:00
[2023-05-30T10:08:36.640+0000] {processor.py:178} INFO - Processing /home/airflow/.local/lib/python3.7/site-packages/airflow/example_dags/tutorial.py took 0.096 seconds
[2023-05-30T10:09:06.883+0000] {processor.py:156} INFO - Started process (PID=348) to work on /home/airflow/.local/lib/python3.7/site-packages/airflow/example_dags/tutorial.py
[2023-05-30T10:09:06.884+0000] {processor.py:799} INFO - Processing file /home/airflow/.local/lib/python3.7/site-packages/airflow/example_dags/tutorial.py for tasks to queue
[2023-05-30T10:09:06.885+0000] {logging_mixin.py:149} INFO - [2023-05-30T10:09:06.885+0000] {dagbag.py:541} INFO - Filling up the DagBag from /home/airflow/.local/lib/python3.7/site-packages/airflow/example_dags/tutorial.py
[2023-05-30T10:09:06.893+0000] {processor.py:809} INFO - DAG(s) dict_keys(['tutorial']) retrieved from /home/airflow/.local/lib/python3.7/site-packages/airflow/example_dags/tutorial.py
[2023-05-30T10:09:06.920+0000] {logging_mixin.py:149} INFO - [2023-05-30T10:09:06.919+0000] {dag.py:2726} INFO - Sync 1 DAGs
[2023-05-30T10:09:06.950+0000] {logging_mixin.py:149} INFO - [2023-05-30T10:09:06.950+0000] {dag.py:3490} INFO - Setting next_dagrun for tutorial to 2023-05-29T10:09:06.950287+00:00, run_after=2023-05-30T10:09:06.950287+00:00
[2023-05-30T10:09:06.972+0000] {processor.py:178} INFO - Processing /home/airflow/.local/lib/python3.7/site-packages/airflow/example_dags/tutorial.py took 0.092 seconds
[2023-05-30T10:09:37.641+0000] {processor.py:156} INFO - Started process (PID=405) to work on /home/airflow/.local/lib/python3.7/site-packages/airflow/example_dags/tutorial.py
[2023-05-30T10:09:37.644+0000] {processor.py:799} INFO - Processing file /home/airflow/.local/lib/python3.7/site-packages/airflow/example_dags/tutorial.py for tasks to queue
[2023-05-30T10:09:37.645+0000] {logging_mixin.py:149} INFO - [2023-05-30T10:09:37.645+0000] {dagbag.py:541} INFO - Filling up the DagBag from /home/airflow/.local/lib/python3.7/site-packages/airflow/example_dags/tutorial.py
[2023-05-30T10:09:37.652+0000] {processor.py:809} INFO - DAG(s) dict_keys(['tutorial']) retrieved from /home/airflow/.local/lib/python3.7/site-packages/airflow/example_dags/tutorial.py
[2023-05-30T10:09:37.680+0000] {logging_mixin.py:149} INFO - [2023-05-30T10:09:37.679+0000] {dag.py:2726} INFO - Sync 1 DAGs
[2023-05-30T10:09:37.713+0000] {logging_mixin.py:149} INFO - [2023-05-30T10:09:37.713+0000] {dag.py:3490} INFO - Setting next_dagrun for tutorial to 2023-05-29T10:09:37.712831+00:00, run_after=2023-05-30T10:09:37.712831+00:00
[2023-05-30T10:09:37.735+0000] {processor.py:178} INFO - Processing /home/airflow/.local/lib/python3.7/site-packages/airflow/example_dags/tutorial.py took 0.098 seconds
[2023-05-30T10:10:07.889+0000] {processor.py:156} INFO - Started process (PID=462) to work on /home/airflow/.local/lib/python3.7/site-packages/airflow/example_dags/tutorial.py
[2023-05-30T10:10:07.890+0000] {processor.py:799} INFO - Processing file /home/airflow/.local/lib/python3.7/site-packages/airflow/example_dags/tutorial.py for tasks to queue
[2023-05-30T10:10:07.890+0000] {logging_mixin.py:149} INFO - [2023-05-30T10:10:07.890+0000] {dagbag.py:541} INFO - Filling up the DagBag from /home/airflow/.local/lib/python3.7/site-packages/airflow/example_dags/tutorial.py
[2023-05-30T10:10:07.898+0000] {processor.py:809} INFO - DAG(s) dict_keys(['tutorial']) retrieved from /home/airflow/.local/lib/python3.7/site-packages/airflow/example_dags/tutorial.py
[2023-05-30T10:10:07.927+0000] {logging_mixin.py:149} INFO - [2023-05-30T10:10:07.927+0000] {dag.py:2726} INFO - Sync 1 DAGs
[2023-05-30T10:10:07.959+0000] {logging_mixin.py:149} INFO - [2023-05-30T10:10:07.959+0000] {dag.py:3490} INFO - Setting next_dagrun for tutorial to 2023-05-29T10:10:07.959037+00:00, run_after=2023-05-30T10:10:07.959037+00:00
[2023-05-30T10:10:07.992+0000] {processor.py:178} INFO - Processing /home/airflow/.local/lib/python3.7/site-packages/airflow/example_dags/tutorial.py took 0.107 seconds
[2023-05-30T10:10:38.879+0000] {processor.py:156} INFO - Started process (PID=519) to work on /home/airflow/.local/lib/python3.7/site-packages/airflow/example_dags/tutorial.py
[2023-05-30T10:10:38.881+0000] {processor.py:799} INFO - Processing file /home/airflow/.local/lib/python3.7/site-packages/airflow/example_dags/tutorial.py for tasks to queue
[2023-05-30T10:10:38.881+0000] {logging_mixin.py:149} INFO - [2023-05-30T10:10:38.881+0000] {dagbag.py:541} INFO - Filling up the DagBag from /home/airflow/.local/lib/python3.7/site-packages/airflow/example_dags/tutorial.py
[2023-05-30T10:10:38.889+0000] {processor.py:809} INFO - DAG(s) dict_keys(['tutorial']) retrieved from /home/airflow/.local/lib/python3.7/site-packages/airflow/example_dags/tutorial.py
[2023-05-30T10:10:38.917+0000] {logging_mixin.py:149} INFO - [2023-05-30T10:10:38.917+0000] {dag.py:2726} INFO - Sync 1 DAGs
[2023-05-30T10:10:38.949+0000] {logging_mixin.py:149} INFO - [2023-05-30T10:10:38.948+0000] {dag.py:3490} INFO - Setting next_dagrun for tutorial to 2023-05-29T10:10:38.948645+00:00, run_after=2023-05-30T10:10:38.948645+00:00
[2023-05-30T10:10:38.973+0000] {processor.py:178} INFO - Processing /home/airflow/.local/lib/python3.7/site-packages/airflow/example_dags/tutorial.py took 0.096 seconds
[2023-05-30T10:11:09.596+0000] {processor.py:156} INFO - Started process (PID=576) to work on /home/airflow/.local/lib/python3.7/site-packages/airflow/example_dags/tutorial.py
[2023-05-30T10:11:09.598+0000] {processor.py:799} INFO - Processing file /home/airflow/.local/lib/python3.7/site-packages/airflow/example_dags/tutorial.py for tasks to queue
[2023-05-30T10:11:09.598+0000] {logging_mixin.py:149} INFO - [2023-05-30T10:11:09.598+0000] {dagbag.py:541} INFO - Filling up the DagBag from /home/airflow/.local/lib/python3.7/site-packages/airflow/example_dags/tutorial.py
[2023-05-30T10:11:09.607+0000] {processor.py:809} INFO - DAG(s) dict_keys(['tutorial']) retrieved from /home/airflow/.local/lib/python3.7/site-packages/airflow/example_dags/tutorial.py
[2023-05-30T10:11:09.638+0000] {logging_mixin.py:149} INFO - [2023-05-30T10:11:09.638+0000] {dag.py:2726} INFO - Sync 1 DAGs
[2023-05-30T10:11:09.670+0000] {logging_mixin.py:149} INFO - [2023-05-30T10:11:09.670+0000] {dag.py:3490} INFO - Setting next_dagrun for tutorial to 2023-05-29T10:11:09.670477+00:00, run_after=2023-05-30T10:11:09.670477+00:00
[2023-05-30T10:11:09.691+0000] {processor.py:178} INFO - Processing /home/airflow/.local/lib/python3.7/site-packages/airflow/example_dags/tutorial.py took 0.099 seconds
[2023-05-30T10:11:40.011+0000] {processor.py:156} INFO - Started process (PID=632) to work on /home/airflow/.local/lib/python3.7/site-packages/airflow/example_dags/tutorial.py
[2023-05-30T10:11:40.013+0000] {processor.py:799} INFO - Processing file /home/airflow/.local/lib/python3.7/site-packages/airflow/example_dags/tutorial.py for tasks to queue
[2023-05-30T10:11:40.014+0000] {logging_mixin.py:149} INFO - [2023-05-30T10:11:40.013+0000] {dagbag.py:541} INFO - Filling up the DagBag from /home/airflow/.local/lib/python3.7/site-packages/airflow/example_dags/tutorial.py
[2023-05-30T10:11:40.029+0000] {processor.py:809} INFO - DAG(s) dict_keys(['tutorial']) retrieved from /home/airflow/.local/lib/python3.7/site-packages/airflow/example_dags/tutorial.py
[2023-05-30T10:11:40.074+0000] {logging_mixin.py:149} INFO - [2023-05-30T10:11:40.074+0000] {dag.py:2726} INFO - Sync 1 DAGs
[2023-05-30T10:11:40.142+0000] {logging_mixin.py:149} INFO - [2023-05-30T10:11:40.142+0000] {dag.py:3490} INFO - Setting next_dagrun for tutorial to 2023-05-29T10:11:40.141745+00:00, run_after=2023-05-30T10:11:40.141745+00:00
[2023-05-30T10:11:40.181+0000] {processor.py:178} INFO - Processing /home/airflow/.local/lib/python3.7/site-packages/airflow/example_dags/tutorial.py took 0.174 seconds
[2023-05-30T10:12:11.031+0000] {processor.py:156} INFO - Started process (PID=689) to work on /home/airflow/.local/lib/python3.7/site-packages/airflow/example_dags/tutorial.py
[2023-05-30T10:12:11.032+0000] {processor.py:799} INFO - Processing file /home/airflow/.local/lib/python3.7/site-packages/airflow/example_dags/tutorial.py for tasks to queue
[2023-05-30T10:12:11.032+0000] {logging_mixin.py:149} INFO - [2023-05-30T10:12:11.032+0000] {dagbag.py:541} INFO - Filling up the DagBag from /home/airflow/.local/lib/python3.7/site-packages/airflow/example_dags/tutorial.py
[2023-05-30T10:12:11.040+0000] {processor.py:809} INFO - DAG(s) dict_keys(['tutorial']) retrieved from /home/airflow/.local/lib/python3.7/site-packages/airflow/example_dags/tutorial.py
[2023-05-30T10:12:11.071+0000] {logging_mixin.py:149} INFO - [2023-05-30T10:12:11.071+0000] {dag.py:2726} INFO - Sync 1 DAGs
[2023-05-30T10:12:11.102+0000] {logging_mixin.py:149} INFO - [2023-05-30T10:12:11.101+0000] {dag.py:3490} INFO - Setting next_dagrun for tutorial to 2023-05-29T10:12:11.101561+00:00, run_after=2023-05-30T10:12:11.101561+00:00
[2023-05-30T10:12:11.122+0000] {processor.py:178} INFO - Processing /home/airflow/.local/lib/python3.7/site-packages/airflow/example_dags/tutorial.py took 0.095 seconds
[2023-05-30T10:12:41.802+0000] {processor.py:156} INFO - Started process (PID=745) to work on /home/airflow/.local/lib/python3.7/site-packages/airflow/example_dags/tutorial.py
[2023-05-30T10:12:41.803+0000] {processor.py:799} INFO - Processing file /home/airflow/.local/lib/python3.7/site-packages/airflow/example_dags/tutorial.py for tasks to queue
[2023-05-30T10:12:41.804+0000] {logging_mixin.py:149} INFO - [2023-05-30T10:12:41.804+0000] {dagbag.py:541} INFO - Filling up the DagBag from /home/airflow/.local/lib/python3.7/site-packages/airflow/example_dags/tutorial.py
[2023-05-30T10:12:41.812+0000] {processor.py:809} INFO - DAG(s) dict_keys(['tutorial']) retrieved from /home/airflow/.local/lib/python3.7/site-packages/airflow/example_dags/tutorial.py
[2023-05-30T10:12:41.843+0000] {logging_mixin.py:149} INFO - [2023-05-30T10:12:41.842+0000] {dag.py:2726} INFO - Sync 1 DAGs
[2023-05-30T10:12:41.880+0000] {logging_mixin.py:149} INFO - [2023-05-30T10:12:41.880+0000] {dag.py:3490} INFO - Setting next_dagrun for tutorial to 2023-05-29T10:12:41.880348+00:00, run_after=2023-05-30T10:12:41.880348+00:00
[2023-05-30T10:12:41.903+0000] {processor.py:178} INFO - Processing /home/airflow/.local/lib/python3.7/site-packages/airflow/example_dags/tutorial.py took 0.104 seconds
[2023-05-30T10:13:12.634+0000] {processor.py:156} INFO - Started process (PID=802) to work on /home/airflow/.local/lib/python3.7/site-packages/airflow/example_dags/tutorial.py
[2023-05-30T10:13:12.635+0000] {processor.py:799} INFO - Processing file /home/airflow/.local/lib/python3.7/site-packages/airflow/example_dags/tutorial.py for tasks to queue
[2023-05-30T10:13:12.635+0000] {logging_mixin.py:149} INFO - [2023-05-30T10:13:12.635+0000] {dagbag.py:541} INFO - Filling up the DagBag from /home/airflow/.local/lib/python3.7/site-packages/airflow/example_dags/tutorial.py
[2023-05-30T10:13:12.644+0000] {processor.py:809} INFO - DAG(s) dict_keys(['tutorial']) retrieved from /home/airflow/.local/lib/python3.7/site-packages/airflow/example_dags/tutorial.py
[2023-05-30T10:13:12.674+0000] {logging_mixin.py:149} INFO - [2023-05-30T10:13:12.674+0000] {dag.py:2726} INFO - Sync 1 DAGs
[2023-05-30T10:13:12.713+0000] {logging_mixin.py:149} INFO - [2023-05-30T10:13:12.713+0000] {dag.py:3490} INFO - Setting next_dagrun for tutorial to 2023-05-29T10:13:12.712740+00:00, run_after=2023-05-30T10:13:12.712740+00:00
[2023-05-30T10:13:12.735+0000] {processor.py:178} INFO - Processing /home/airflow/.local/lib/python3.7/site-packages/airflow/example_dags/tutorial.py took 0.105 seconds
[2023-05-30T10:13:43.000+0000] {processor.py:156} INFO - Started process (PID=859) to work on /home/airflow/.local/lib/python3.7/site-packages/airflow/example_dags/tutorial.py
[2023-05-30T10:13:43.001+0000] {processor.py:799} INFO - Processing file /home/airflow/.local/lib/python3.7/site-packages/airflow/example_dags/tutorial.py for tasks to queue
[2023-05-30T10:13:43.002+0000] {logging_mixin.py:149} INFO - [2023-05-30T10:13:43.002+0000] {dagbag.py:541} INFO - Filling up the DagBag from /home/airflow/.local/lib/python3.7/site-packages/airflow/example_dags/tutorial.py
[2023-05-30T10:13:43.011+0000] {processor.py:809} INFO - DAG(s) dict_keys(['tutorial']) retrieved from /home/airflow/.local/lib/python3.7/site-packages/airflow/example_dags/tutorial.py
[2023-05-30T10:13:43.039+0000] {logging_mixin.py:149} INFO - [2023-05-30T10:13:43.039+0000] {dag.py:2726} INFO - Sync 1 DAGs
[2023-05-30T10:13:43.071+0000] {logging_mixin.py:149} INFO - [2023-05-30T10:13:43.071+0000] {dag.py:3490} INFO - Setting next_dagrun for tutorial to 2023-05-29T10:13:43.070944+00:00, run_after=2023-05-30T10:13:43.070944+00:00
[2023-05-30T10:13:43.093+0000] {processor.py:178} INFO - Processing /home/airflow/.local/lib/python3.7/site-packages/airflow/example_dags/tutorial.py took 0.097 seconds
[2023-05-30T10:14:14.050+0000] {processor.py:156} INFO - Started process (PID=916) to work on /home/airflow/.local/lib/python3.7/site-packages/airflow/example_dags/tutorial.py
[2023-05-30T10:14:14.051+0000] {processor.py:799} INFO - Processing file /home/airflow/.local/lib/python3.7/site-packages/airflow/example_dags/tutorial.py for tasks to queue
[2023-05-30T10:14:14.051+0000] {logging_mixin.py:149} INFO - [2023-05-30T10:14:14.051+0000] {dagbag.py:541} INFO - Filling up the DagBag from /home/airflow/.local/lib/python3.7/site-packages/airflow/example_dags/tutorial.py
[2023-05-30T10:14:14.058+0000] {processor.py:809} INFO - DAG(s) dict_keys(['tutorial']) retrieved from /home/airflow/.local/lib/python3.7/site-packages/airflow/example_dags/tutorial.py
[2023-05-30T10:14:14.086+0000] {logging_mixin.py:149} INFO - [2023-05-30T10:14:14.086+0000] {dag.py:2726} INFO - Sync 1 DAGs
[2023-05-30T10:14:14.129+0000] {logging_mixin.py:149} INFO - [2023-05-30T10:14:14.129+0000] {dag.py:3490} INFO - Setting next_dagrun for tutorial to 2023-05-29T10:14:14.128873+00:00, run_after=2023-05-30T10:14:14.128873+00:00
[2023-05-30T10:14:14.150+0000] {processor.py:178} INFO - Processing /home/airflow/.local/lib/python3.7/site-packages/airflow/example_dags/tutorial.py took 0.104 seconds
[2023-05-30T10:14:45.000+0000] {processor.py:156} INFO - Started process (PID=980) to work on /home/airflow/.local/lib/python3.7/site-packages/airflow/example_dags/tutorial.py
[2023-05-30T10:14:45.001+0000] {processor.py:799} INFO - Processing file /home/airflow/.local/lib/python3.7/site-packages/airflow/example_dags/tutorial.py for tasks to queue
[2023-05-30T10:14:45.002+0000] {logging_mixin.py:149} INFO - [2023-05-30T10:14:45.002+0000] {dagbag.py:541} INFO - Filling up the DagBag from /home/airflow/.local/lib/python3.7/site-packages/airflow/example_dags/tutorial.py
[2023-05-30T10:14:45.011+0000] {processor.py:809} INFO - DAG(s) dict_keys(['tutorial']) retrieved from /home/airflow/.local/lib/python3.7/site-packages/airflow/example_dags/tutorial.py
[2023-05-30T10:14:45.038+0000] {logging_mixin.py:149} INFO - [2023-05-30T10:14:45.038+0000] {dag.py:2726} INFO - Sync 1 DAGs
[2023-05-30T10:14:45.069+0000] {logging_mixin.py:149} INFO - [2023-05-30T10:14:45.069+0000] {dag.py:3490} INFO - Setting next_dagrun for tutorial to 2023-05-29T10:14:45.069457+00:00, run_after=2023-05-30T10:14:45.069457+00:00
[2023-05-30T10:14:45.090+0000] {processor.py:178} INFO - Processing /home/airflow/.local/lib/python3.7/site-packages/airflow/example_dags/tutorial.py took 0.094 seconds
[2023-05-30T10:15:15.649+0000] {processor.py:156} INFO - Started process (PID=1037) to work on /home/airflow/.local/lib/python3.7/site-packages/airflow/example_dags/tutorial.py
[2023-05-30T10:15:15.650+0000] {processor.py:799} INFO - Processing file /home/airflow/.local/lib/python3.7/site-packages/airflow/example_dags/tutorial.py for tasks to queue
[2023-05-30T10:15:15.651+0000] {logging_mixin.py:149} INFO - [2023-05-30T10:15:15.651+0000] {dagbag.py:541} INFO - Filling up the DagBag from /home/airflow/.local/lib/python3.7/site-packages/airflow/example_dags/tutorial.py
[2023-05-30T10:15:15.659+0000] {processor.py:809} INFO - DAG(s) dict_keys(['tutorial']) retrieved from /home/airflow/.local/lib/python3.7/site-packages/airflow/example_dags/tutorial.py
[2023-05-30T10:15:15.687+0000] {logging_mixin.py:149} INFO - [2023-05-30T10:15:15.687+0000] {dag.py:2726} INFO - Sync 1 DAGs
[2023-05-30T10:15:15.731+0000] {logging_mixin.py:149} INFO - [2023-05-30T10:15:15.731+0000] {dag.py:3490} INFO - Setting next_dagrun for tutorial to 2023-05-29T10:15:15.731439+00:00, run_after=2023-05-30T10:15:15.731439+00:00
[2023-05-30T10:15:15.767+0000] {processor.py:178} INFO - Processing /home/airflow/.local/lib/python3.7/site-packages/airflow/example_dags/tutorial.py took 0.122 seconds
[2023-05-30T10:15:46.539+0000] {processor.py:156} INFO - Started process (PID=1094) to work on /home/airflow/.local/lib/python3.7/site-packages/airflow/example_dags/tutorial.py
[2023-05-30T10:15:46.554+0000] {processor.py:799} INFO - Processing file /home/airflow/.local/lib/python3.7/site-packages/airflow/example_dags/tutorial.py for tasks to queue
[2023-05-30T10:15:46.555+0000] {logging_mixin.py:149} INFO - [2023-05-30T10:15:46.555+0000] {dagbag.py:541} INFO - Filling up the DagBag from /home/airflow/.local/lib/python3.7/site-packages/airflow/example_dags/tutorial.py
[2023-05-30T10:15:46.570+0000] {processor.py:809} INFO - DAG(s) dict_keys(['tutorial']) retrieved from /home/airflow/.local/lib/python3.7/site-packages/airflow/example_dags/tutorial.py
[2023-05-30T10:15:46.618+0000] {logging_mixin.py:149} INFO - [2023-05-30T10:15:46.618+0000] {dag.py:2726} INFO - Sync 1 DAGs
[2023-05-30T10:15:46.677+0000] {logging_mixin.py:149} INFO - [2023-05-30T10:15:46.677+0000] {dag.py:3490} INFO - Setting next_dagrun for tutorial to 2023-05-29T10:15:46.677275+00:00, run_after=2023-05-30T10:15:46.677275+00:00
[2023-05-30T10:15:46.732+0000] {processor.py:178} INFO - Processing /home/airflow/.local/lib/python3.7/site-packages/airflow/example_dags/tutorial.py took 0.196 seconds
[2023-05-30T10:16:17.285+0000] {processor.py:156} INFO - Started process (PID=1151) to work on /home/airflow/.local/lib/python3.7/site-packages/airflow/example_dags/tutorial.py
[2023-05-30T10:16:17.287+0000] {processor.py:799} INFO - Processing file /home/airflow/.local/lib/python3.7/site-packages/airflow/example_dags/tutorial.py for tasks to queue
[2023-05-30T10:16:17.287+0000] {logging_mixin.py:149} INFO - [2023-05-30T10:16:17.287+0000] {dagbag.py:541} INFO - Filling up the DagBag from /home/airflow/.local/lib/python3.7/site-packages/airflow/example_dags/tutorial.py
[2023-05-30T10:16:17.295+0000] {processor.py:809} INFO - DAG(s) dict_keys(['tutorial']) retrieved from /home/airflow/.local/lib/python3.7/site-packages/airflow/example_dags/tutorial.py
[2023-05-30T10:16:17.324+0000] {logging_mixin.py:149} INFO - [2023-05-30T10:16:17.324+0000] {dag.py:2726} INFO - Sync 1 DAGs
[2023-05-30T10:16:17.355+0000] {logging_mixin.py:149} INFO - [2023-05-30T10:16:17.355+0000] {dag.py:3490} INFO - Setting next_dagrun for tutorial to 2023-05-29T10:16:17.355274+00:00, run_after=2023-05-30T10:16:17.355274+00:00
[2023-05-30T10:16:17.377+0000] {processor.py:178} INFO - Processing /home/airflow/.local/lib/python3.7/site-packages/airflow/example_dags/tutorial.py took 0.096 seconds
[2023-05-30T10:16:47.786+0000] {processor.py:156} INFO - Started process (PID=1208) to work on /home/airflow/.local/lib/python3.7/site-packages/airflow/example_dags/tutorial.py
[2023-05-30T10:16:47.787+0000] {processor.py:799} INFO - Processing file /home/airflow/.local/lib/python3.7/site-packages/airflow/example_dags/tutorial.py for tasks to queue
[2023-05-30T10:16:47.788+0000] {logging_mixin.py:149} INFO - [2023-05-30T10:16:47.788+0000] {dagbag.py:541} INFO - Filling up the DagBag from /home/airflow/.local/lib/python3.7/site-packages/airflow/example_dags/tutorial.py
[2023-05-30T10:16:47.795+0000] {processor.py:809} INFO - DAG(s) dict_keys(['tutorial']) retrieved from /home/airflow/.local/lib/python3.7/site-packages/airflow/example_dags/tutorial.py
[2023-05-30T10:16:47.825+0000] {logging_mixin.py:149} INFO - [2023-05-30T10:16:47.825+0000] {dag.py:2726} INFO - Sync 1 DAGs
[2023-05-30T10:16:47.857+0000] {logging_mixin.py:149} INFO - [2023-05-30T10:16:47.857+0000] {dag.py:3490} INFO - Setting next_dagrun for tutorial to 2023-05-29T10:16:47.857314+00:00, run_after=2023-05-30T10:16:47.857314+00:00
[2023-05-30T10:16:47.879+0000] {processor.py:178} INFO - Processing /home/airflow/.local/lib/python3.7/site-packages/airflow/example_dags/tutorial.py took 0.096 seconds
[2023-05-30T10:17:18.367+0000] {processor.py:156} INFO - Started process (PID=1265) to work on /home/airflow/.local/lib/python3.7/site-packages/airflow/example_dags/tutorial.py
[2023-05-30T10:17:18.368+0000] {processor.py:799} INFO - Processing file /home/airflow/.local/lib/python3.7/site-packages/airflow/example_dags/tutorial.py for tasks to queue
[2023-05-30T10:17:18.369+0000] {logging_mixin.py:149} INFO - [2023-05-30T10:17:18.369+0000] {dagbag.py:541} INFO - Filling up the DagBag from /home/airflow/.local/lib/python3.7/site-packages/airflow/example_dags/tutorial.py
[2023-05-30T10:17:18.378+0000] {processor.py:809} INFO - DAG(s) dict_keys(['tutorial']) retrieved from /home/airflow/.local/lib/python3.7/site-packages/airflow/example_dags/tutorial.py
[2023-05-30T10:17:18.406+0000] {logging_mixin.py:149} INFO - [2023-05-30T10:17:18.406+0000] {dag.py:2726} INFO - Sync 1 DAGs
[2023-05-30T10:17:18.438+0000] {logging_mixin.py:149} INFO - [2023-05-30T10:17:18.438+0000] {dag.py:3490} INFO - Setting next_dagrun for tutorial to 2023-05-29T10:17:18.438101+00:00, run_after=2023-05-30T10:17:18.438101+00:00
[2023-05-30T10:17:18.460+0000] {processor.py:178} INFO - Processing /home/airflow/.local/lib/python3.7/site-packages/airflow/example_dags/tutorial.py took 0.098 seconds
[2023-05-30T10:17:49.190+0000] {processor.py:156} INFO - Started process (PID=1321) to work on /home/airflow/.local/lib/python3.7/site-packages/airflow/example_dags/tutorial.py
[2023-05-30T10:17:49.191+0000] {processor.py:799} INFO - Processing file /home/airflow/.local/lib/python3.7/site-packages/airflow/example_dags/tutorial.py for tasks to queue
[2023-05-30T10:17:49.192+0000] {logging_mixin.py:149} INFO - [2023-05-30T10:17:49.191+0000] {dagbag.py:541} INFO - Filling up the DagBag from /home/airflow/.local/lib/python3.7/site-packages/airflow/example_dags/tutorial.py
[2023-05-30T10:17:49.199+0000] {processor.py:809} INFO - DAG(s) dict_keys(['tutorial']) retrieved from /home/airflow/.local/lib/python3.7/site-packages/airflow/example_dags/tutorial.py
[2023-05-30T10:17:49.226+0000] {logging_mixin.py:149} INFO - [2023-05-30T10:17:49.226+0000] {dag.py:2726} INFO - Sync 1 DAGs
[2023-05-30T10:17:49.258+0000] {logging_mixin.py:149} INFO - [2023-05-30T10:17:49.258+0000] {dag.py:3490} INFO - Setting next_dagrun for tutorial to 2023-05-29T10:17:49.257972+00:00, run_after=2023-05-30T10:17:49.257972+00:00
[2023-05-30T10:17:49.279+0000] {processor.py:178} INFO - Processing /home/airflow/.local/lib/python3.7/site-packages/airflow/example_dags/tutorial.py took 0.093 seconds
[2023-05-30T10:18:19.702+0000] {processor.py:156} INFO - Started process (PID=1378) to work on /home/airflow/.local/lib/python3.7/site-packages/airflow/example_dags/tutorial.py
[2023-05-30T10:18:19.703+0000] {processor.py:799} INFO - Processing file /home/airflow/.local/lib/python3.7/site-packages/airflow/example_dags/tutorial.py for tasks to queue
[2023-05-30T10:18:19.704+0000] {logging_mixin.py:149} INFO - [2023-05-30T10:18:19.704+0000] {dagbag.py:541} INFO - Filling up the DagBag from /home/airflow/.local/lib/python3.7/site-packages/airflow/example_dags/tutorial.py
[2023-05-30T10:18:19.712+0000] {processor.py:809} INFO - DAG(s) dict_keys(['tutorial']) retrieved from /home/airflow/.local/lib/python3.7/site-packages/airflow/example_dags/tutorial.py
[2023-05-30T10:18:19.747+0000] {logging_mixin.py:149} INFO - [2023-05-30T10:18:19.747+0000] {dag.py:2726} INFO - Sync 1 DAGs
[2023-05-30T10:18:19.785+0000] {logging_mixin.py:149} INFO - [2023-05-30T10:18:19.784+0000] {dag.py:3490} INFO - Setting next_dagrun for tutorial to 2023-05-29T10:18:19.784550+00:00, run_after=2023-05-30T10:18:19.784550+00:00
[2023-05-30T10:18:19.806+0000] {processor.py:178} INFO - Processing /home/airflow/.local/lib/python3.7/site-packages/airflow/example_dags/tutorial.py took 0.108 seconds
[2023-05-30T10:18:50.777+0000] {processor.py:156} INFO - Started process (PID=1435) to work on /home/airflow/.local/lib/python3.7/site-packages/airflow/example_dags/tutorial.py
[2023-05-30T10:18:50.779+0000] {processor.py:799} INFO - Processing file /home/airflow/.local/lib/python3.7/site-packages/airflow/example_dags/tutorial.py for tasks to queue
[2023-05-30T10:18:50.780+0000] {logging_mixin.py:149} INFO - [2023-05-30T10:18:50.779+0000] {dagbag.py:541} INFO - Filling up the DagBag from /home/airflow/.local/lib/python3.7/site-packages/airflow/example_dags/tutorial.py
[2023-05-30T10:18:50.798+0000] {processor.py:809} INFO - DAG(s) dict_keys(['tutorial']) retrieved from /home/airflow/.local/lib/python3.7/site-packages/airflow/example_dags/tutorial.py
[2023-05-30T10:18:50.826+0000] {logging_mixin.py:149} INFO - [2023-05-30T10:18:50.826+0000] {dag.py:2726} INFO - Sync 1 DAGs
[2023-05-30T10:18:50.857+0000] {logging_mixin.py:149} INFO - [2023-05-30T10:18:50.857+0000] {dag.py:3490} INFO - Setting next_dagrun for tutorial to 2023-05-29T10:18:50.857493+00:00, run_after=2023-05-30T10:18:50.857493+00:00
[2023-05-30T10:18:50.880+0000] {processor.py:178} INFO - Processing /home/airflow/.local/lib/python3.7/site-packages/airflow/example_dags/tutorial.py took 0.108 seconds
[2023-05-30T10:19:21.590+0000] {processor.py:156} INFO - Started process (PID=1491) to work on /home/airflow/.local/lib/python3.7/site-packages/airflow/example_dags/tutorial.py
[2023-05-30T10:19:21.592+0000] {processor.py:799} INFO - Processing file /home/airflow/.local/lib/python3.7/site-packages/airflow/example_dags/tutorial.py for tasks to queue
[2023-05-30T10:19:21.592+0000] {logging_mixin.py:149} INFO - [2023-05-30T10:19:21.592+0000] {dagbag.py:541} INFO - Filling up the DagBag from /home/airflow/.local/lib/python3.7/site-packages/airflow/example_dags/tutorial.py
[2023-05-30T10:19:21.600+0000] {processor.py:809} INFO - DAG(s) dict_keys(['tutorial']) retrieved from /home/airflow/.local/lib/python3.7/site-packages/airflow/example_dags/tutorial.py
[2023-05-30T10:19:21.632+0000] {logging_mixin.py:149} INFO - [2023-05-30T10:19:21.632+0000] {dag.py:2726} INFO - Sync 1 DAGs
[2023-05-30T10:19:21.668+0000] {logging_mixin.py:149} INFO - [2023-05-30T10:19:21.667+0000] {dag.py:3490} INFO - Setting next_dagrun for tutorial to 2023-05-29T10:19:21.667547+00:00, run_after=2023-05-30T10:19:21.667547+00:00
[2023-05-30T10:19:21.690+0000] {processor.py:178} INFO - Processing /home/airflow/.local/lib/python3.7/site-packages/airflow/example_dags/tutorial.py took 0.109 seconds
[2023-05-30T10:19:52.547+0000] {processor.py:156} INFO - Started process (PID=1548) to work on /home/airflow/.local/lib/python3.7/site-packages/airflow/example_dags/tutorial.py
[2023-05-30T10:19:52.558+0000] {processor.py:799} INFO - Processing file /home/airflow/.local/lib/python3.7/site-packages/airflow/example_dags/tutorial.py for tasks to queue
[2023-05-30T10:19:52.559+0000] {logging_mixin.py:149} INFO - [2023-05-30T10:19:52.559+0000] {dagbag.py:541} INFO - Filling up the DagBag from /home/airflow/.local/lib/python3.7/site-packages/airflow/example_dags/tutorial.py
[2023-05-30T10:19:52.579+0000] {processor.py:809} INFO - DAG(s) dict_keys(['tutorial']) retrieved from /home/airflow/.local/lib/python3.7/site-packages/airflow/example_dags/tutorial.py
[2023-05-30T10:19:52.641+0000] {logging_mixin.py:149} INFO - [2023-05-30T10:19:52.641+0000] {dag.py:2726} INFO - Sync 1 DAGs
[2023-05-30T10:19:52.685+0000] {logging_mixin.py:149} INFO - [2023-05-30T10:19:52.684+0000] {dag.py:3490} INFO - Setting next_dagrun for tutorial to 2023-05-29T10:19:52.684665+00:00, run_after=2023-05-30T10:19:52.684665+00:00
[2023-05-30T10:19:52.736+0000] {processor.py:178} INFO - Processing /home/airflow/.local/lib/python3.7/site-packages/airflow/example_dags/tutorial.py took 0.206 seconds
[2023-05-30T10:20:23.537+0000] {processor.py:156} INFO - Started process (PID=1605) to work on /home/airflow/.local/lib/python3.7/site-packages/airflow/example_dags/tutorial.py
[2023-05-30T10:20:23.544+0000] {processor.py:799} INFO - Processing file /home/airflow/.local/lib/python3.7/site-packages/airflow/example_dags/tutorial.py for tasks to queue
[2023-05-30T10:20:23.545+0000] {logging_mixin.py:149} INFO - [2023-05-30T10:20:23.545+0000] {dagbag.py:541} INFO - Filling up the DagBag from /home/airflow/.local/lib/python3.7/site-packages/airflow/example_dags/tutorial.py
[2023-05-30T10:20:23.553+0000] {processor.py:809} INFO - DAG(s) dict_keys(['tutorial']) retrieved from /home/airflow/.local/lib/python3.7/site-packages/airflow/example_dags/tutorial.py
[2023-05-30T10:20:23.580+0000] {logging_mixin.py:149} INFO - [2023-05-30T10:20:23.580+0000] {dag.py:2726} INFO - Sync 1 DAGs
[2023-05-30T10:20:23.611+0000] {logging_mixin.py:149} INFO - [2023-05-30T10:20:23.611+0000] {dag.py:3490} INFO - Setting next_dagrun for tutorial to 2023-05-29T10:20:23.610943+00:00, run_after=2023-05-30T10:20:23.610943+00:00
[2023-05-30T10:20:23.632+0000] {processor.py:178} INFO - Processing /home/airflow/.local/lib/python3.7/site-packages/airflow/example_dags/tutorial.py took 0.104 seconds
[2023-05-30T10:20:53.885+0000] {processor.py:156} INFO - Started process (PID=1662) to work on /home/airflow/.local/lib/python3.7/site-packages/airflow/example_dags/tutorial.py
[2023-05-30T10:20:53.886+0000] {processor.py:799} INFO - Processing file /home/airflow/.local/lib/python3.7/site-packages/airflow/example_dags/tutorial.py for tasks to queue
[2023-05-30T10:20:53.886+0000] {logging_mixin.py:149} INFO - [2023-05-30T10:20:53.886+0000] {dagbag.py:541} INFO - Filling up the DagBag from /home/airflow/.local/lib/python3.7/site-packages/airflow/example_dags/tutorial.py
[2023-05-30T10:20:53.894+0000] {processor.py:809} INFO - DAG(s) dict_keys(['tutorial']) retrieved from /home/airflow/.local/lib/python3.7/site-packages/airflow/example_dags/tutorial.py
[2023-05-30T10:20:53.923+0000] {logging_mixin.py:149} INFO - [2023-05-30T10:20:53.922+0000] {dag.py:2726} INFO - Sync 1 DAGs
[2023-05-30T10:20:53.953+0000] {logging_mixin.py:149} INFO - [2023-05-30T10:20:53.953+0000] {dag.py:3490} INFO - Setting next_dagrun for tutorial to 2023-05-29T10:20:53.953136+00:00, run_after=2023-05-30T10:20:53.953136+00:00
[2023-05-30T10:20:53.974+0000] {processor.py:178} INFO - Processing /home/airflow/.local/lib/python3.7/site-packages/airflow/example_dags/tutorial.py took 0.093 seconds
[2023-05-30T10:21:24.189+0000] {processor.py:156} INFO - Started process (PID=1719) to work on /home/airflow/.local/lib/python3.7/site-packages/airflow/example_dags/tutorial.py
[2023-05-30T10:21:24.190+0000] {processor.py:799} INFO - Processing file /home/airflow/.local/lib/python3.7/site-packages/airflow/example_dags/tutorial.py for tasks to queue
[2023-05-30T10:21:24.191+0000] {logging_mixin.py:149} INFO - [2023-05-30T10:21:24.190+0000] {dagbag.py:541} INFO - Filling up the DagBag from /home/airflow/.local/lib/python3.7/site-packages/airflow/example_dags/tutorial.py
[2023-05-30T10:21:24.205+0000] {processor.py:809} INFO - DAG(s) dict_keys(['tutorial']) retrieved from /home/airflow/.local/lib/python3.7/site-packages/airflow/example_dags/tutorial.py
[2023-05-30T10:21:24.250+0000] {logging_mixin.py:149} INFO - [2023-05-30T10:21:24.250+0000] {dag.py:2726} INFO - Sync 1 DAGs
[2023-05-30T10:21:24.280+0000] {logging_mixin.py:149} INFO - [2023-05-30T10:21:24.280+0000] {dag.py:3490} INFO - Setting next_dagrun for tutorial to 2023-05-29T10:21:24.280163+00:00, run_after=2023-05-30T10:21:24.280163+00:00
[2023-05-30T10:21:24.301+0000] {processor.py:178} INFO - Processing /home/airflow/.local/lib/python3.7/site-packages/airflow/example_dags/tutorial.py took 0.116 seconds
[2023-05-30T10:21:54.939+0000] {processor.py:156} INFO - Started process (PID=1777) to work on /home/airflow/.local/lib/python3.7/site-packages/airflow/example_dags/tutorial.py
[2023-05-30T10:21:54.940+0000] {processor.py:799} INFO - Processing file /home/airflow/.local/lib/python3.7/site-packages/airflow/example_dags/tutorial.py for tasks to queue
[2023-05-30T10:21:54.941+0000] {logging_mixin.py:149} INFO - [2023-05-30T10:21:54.940+0000] {dagbag.py:541} INFO - Filling up the DagBag from /home/airflow/.local/lib/python3.7/site-packages/airflow/example_dags/tutorial.py
[2023-05-30T10:21:54.950+0000] {processor.py:809} INFO - DAG(s) dict_keys(['tutorial']) retrieved from /home/airflow/.local/lib/python3.7/site-packages/airflow/example_dags/tutorial.py
[2023-05-30T10:21:54.976+0000] {logging_mixin.py:149} INFO - [2023-05-30T10:21:54.976+0000] {dag.py:2726} INFO - Sync 1 DAGs
[2023-05-30T10:21:55.007+0000] {logging_mixin.py:149} INFO - [2023-05-30T10:21:55.007+0000] {dag.py:3490} INFO - Setting next_dagrun for tutorial to 2023-05-29T10:21:55.007101+00:00, run_after=2023-05-30T10:21:55.007101+00:00
[2023-05-30T10:21:55.028+0000] {processor.py:178} INFO - Processing /home/airflow/.local/lib/python3.7/site-packages/airflow/example_dags/tutorial.py took 0.094 seconds
[2023-05-30T10:22:25.487+0000] {processor.py:156} INFO - Started process (PID=1833) to work on /home/airflow/.local/lib/python3.7/site-packages/airflow/example_dags/tutorial.py
[2023-05-30T10:22:25.488+0000] {processor.py:799} INFO - Processing file /home/airflow/.local/lib/python3.7/site-packages/airflow/example_dags/tutorial.py for tasks to queue
[2023-05-30T10:22:25.489+0000] {logging_mixin.py:149} INFO - [2023-05-30T10:22:25.489+0000] {dagbag.py:541} INFO - Filling up the DagBag from /home/airflow/.local/lib/python3.7/site-packages/airflow/example_dags/tutorial.py
[2023-05-30T10:22:25.497+0000] {processor.py:809} INFO - DAG(s) dict_keys(['tutorial']) retrieved from /home/airflow/.local/lib/python3.7/site-packages/airflow/example_dags/tutorial.py
[2023-05-30T10:22:25.524+0000] {logging_mixin.py:149} INFO - [2023-05-30T10:22:25.524+0000] {dag.py:2726} INFO - Sync 1 DAGs
[2023-05-30T10:22:25.555+0000] {logging_mixin.py:149} INFO - [2023-05-30T10:22:25.555+0000] {dag.py:3490} INFO - Setting next_dagrun for tutorial to 2023-05-29T10:22:25.555106+00:00, run_after=2023-05-30T10:22:25.555106+00:00
[2023-05-30T10:22:25.577+0000] {processor.py:178} INFO - Processing /home/airflow/.local/lib/python3.7/site-packages/airflow/example_dags/tutorial.py took 0.094 seconds
[2023-05-30T10:22:55.945+0000] {processor.py:156} INFO - Started process (PID=1890) to work on /home/airflow/.local/lib/python3.7/site-packages/airflow/example_dags/tutorial.py
[2023-05-30T10:22:55.946+0000] {processor.py:799} INFO - Processing file /home/airflow/.local/lib/python3.7/site-packages/airflow/example_dags/tutorial.py for tasks to queue
[2023-05-30T10:22:55.946+0000] {logging_mixin.py:149} INFO - [2023-05-30T10:22:55.946+0000] {dagbag.py:541} INFO - Filling up the DagBag from /home/airflow/.local/lib/python3.7/site-packages/airflow/example_dags/tutorial.py
[2023-05-30T10:22:55.954+0000] {processor.py:809} INFO - DAG(s) dict_keys(['tutorial']) retrieved from /home/airflow/.local/lib/python3.7/site-packages/airflow/example_dags/tutorial.py
[2023-05-30T10:22:55.986+0000] {logging_mixin.py:149} INFO - [2023-05-30T10:22:55.986+0000] {dag.py:2726} INFO - Sync 1 DAGs
[2023-05-30T10:22:56.017+0000] {logging_mixin.py:149} INFO - [2023-05-30T10:22:56.017+0000] {dag.py:3490} INFO - Setting next_dagrun for tutorial to 2023-05-29T10:22:56.016787+00:00, run_after=2023-05-30T10:22:56.016787+00:00
[2023-05-30T10:22:56.039+0000] {processor.py:178} INFO - Processing /home/airflow/.local/lib/python3.7/site-packages/airflow/example_dags/tutorial.py took 0.098 seconds
[2023-05-30T10:23:26.133+0000] {processor.py:156} INFO - Started process (PID=1947) to work on /home/airflow/.local/lib/python3.7/site-packages/airflow/example_dags/tutorial.py
[2023-05-30T10:23:26.134+0000] {processor.py:799} INFO - Processing file /home/airflow/.local/lib/python3.7/site-packages/airflow/example_dags/tutorial.py for tasks to queue
[2023-05-30T10:23:26.135+0000] {logging_mixin.py:149} INFO - [2023-05-30T10:23:26.135+0000] {dagbag.py:541} INFO - Filling up the DagBag from /home/airflow/.local/lib/python3.7/site-packages/airflow/example_dags/tutorial.py
[2023-05-30T10:23:26.143+0000] {processor.py:809} INFO - DAG(s) dict_keys(['tutorial']) retrieved from /home/airflow/.local/lib/python3.7/site-packages/airflow/example_dags/tutorial.py
[2023-05-30T10:23:26.171+0000] {logging_mixin.py:149} INFO - [2023-05-30T10:23:26.170+0000] {dag.py:2726} INFO - Sync 1 DAGs
[2023-05-30T10:23:26.201+0000] {logging_mixin.py:149} INFO - [2023-05-30T10:23:26.201+0000] {dag.py:3490} INFO - Setting next_dagrun for tutorial to 2023-05-29T10:23:26.200839+00:00, run_after=2023-05-30T10:23:26.200839+00:00
[2023-05-30T10:23:26.222+0000] {processor.py:178} INFO - Processing /home/airflow/.local/lib/python3.7/site-packages/airflow/example_dags/tutorial.py took 0.094 seconds
[2023-05-30T10:23:56.320+0000] {processor.py:156} INFO - Started process (PID=2004) to work on /home/airflow/.local/lib/python3.7/site-packages/airflow/example_dags/tutorial.py
[2023-05-30T10:23:56.320+0000] {processor.py:799} INFO - Processing file /home/airflow/.local/lib/python3.7/site-packages/airflow/example_dags/tutorial.py for tasks to queue
[2023-05-30T10:23:56.321+0000] {logging_mixin.py:149} INFO - [2023-05-30T10:23:56.321+0000] {dagbag.py:541} INFO - Filling up the DagBag from /home/airflow/.local/lib/python3.7/site-packages/airflow/example_dags/tutorial.py
[2023-05-30T10:23:56.328+0000] {processor.py:809} INFO - DAG(s) dict_keys(['tutorial']) retrieved from /home/airflow/.local/lib/python3.7/site-packages/airflow/example_dags/tutorial.py
[2023-05-30T10:23:56.355+0000] {logging_mixin.py:149} INFO - [2023-05-30T10:23:56.355+0000] {dag.py:2726} INFO - Sync 1 DAGs
[2023-05-30T10:23:56.386+0000] {logging_mixin.py:149} INFO - [2023-05-30T10:23:56.386+0000] {dag.py:3490} INFO - Setting next_dagrun for tutorial to 2023-05-29T10:23:56.386069+00:00, run_after=2023-05-30T10:23:56.386069+00:00
[2023-05-30T10:23:56.407+0000] {processor.py:178} INFO - Processing /home/airflow/.local/lib/python3.7/site-packages/airflow/example_dags/tutorial.py took 0.091 seconds
[2023-05-30T10:24:27.350+0000] {processor.py:156} INFO - Started process (PID=2061) to work on /home/airflow/.local/lib/python3.7/site-packages/airflow/example_dags/tutorial.py
[2023-05-30T10:24:27.352+0000] {processor.py:799} INFO - Processing file /home/airflow/.local/lib/python3.7/site-packages/airflow/example_dags/tutorial.py for tasks to queue
[2023-05-30T10:24:27.352+0000] {logging_mixin.py:149} INFO - [2023-05-30T10:24:27.352+0000] {dagbag.py:541} INFO - Filling up the DagBag from /home/airflow/.local/lib/python3.7/site-packages/airflow/example_dags/tutorial.py
[2023-05-30T10:24:27.360+0000] {processor.py:809} INFO - DAG(s) dict_keys(['tutorial']) retrieved from /home/airflow/.local/lib/python3.7/site-packages/airflow/example_dags/tutorial.py
[2023-05-30T10:24:27.387+0000] {logging_mixin.py:149} INFO - [2023-05-30T10:24:27.387+0000] {dag.py:2726} INFO - Sync 1 DAGs
[2023-05-30T10:24:27.418+0000] {logging_mixin.py:149} INFO - [2023-05-30T10:24:27.418+0000] {dag.py:3490} INFO - Setting next_dagrun for tutorial to 2023-05-29T10:24:27.418166+00:00, run_after=2023-05-30T10:24:27.418166+00:00
[2023-05-30T10:24:27.441+0000] {processor.py:178} INFO - Processing /home/airflow/.local/lib/python3.7/site-packages/airflow/example_dags/tutorial.py took 0.094 seconds
[2023-05-30T10:24:57.737+0000] {processor.py:156} INFO - Started process (PID=2118) to work on /home/airflow/.local/lib/python3.7/site-packages/airflow/example_dags/tutorial.py
[2023-05-30T10:24:57.738+0000] {processor.py:799} INFO - Processing file /home/airflow/.local/lib/python3.7/site-packages/airflow/example_dags/tutorial.py for tasks to queue
[2023-05-30T10:24:57.738+0000] {logging_mixin.py:149} INFO - [2023-05-30T10:24:57.738+0000] {dagbag.py:541} INFO - Filling up the DagBag from /home/airflow/.local/lib/python3.7/site-packages/airflow/example_dags/tutorial.py
[2023-05-30T10:24:57.754+0000] {processor.py:809} INFO - DAG(s) dict_keys(['tutorial']) retrieved from /home/airflow/.local/lib/python3.7/site-packages/airflow/example_dags/tutorial.py
[2023-05-30T10:24:57.783+0000] {logging_mixin.py:149} INFO - [2023-05-30T10:24:57.782+0000] {dag.py:2726} INFO - Sync 1 DAGs
[2023-05-30T10:24:57.815+0000] {logging_mixin.py:149} INFO - [2023-05-30T10:24:57.815+0000] {dag.py:3490} INFO - Setting next_dagrun for tutorial to 2023-05-29T10:24:57.814712+00:00, run_after=2023-05-30T10:24:57.814712+00:00
[2023-05-30T10:24:57.836+0000] {processor.py:178} INFO - Processing /home/airflow/.local/lib/python3.7/site-packages/airflow/example_dags/tutorial.py took 0.103 seconds
[2023-05-30T10:25:28.339+0000] {processor.py:156} INFO - Started process (PID=2175) to work on /home/airflow/.local/lib/python3.7/site-packages/airflow/example_dags/tutorial.py
[2023-05-30T10:25:28.340+0000] {processor.py:799} INFO - Processing file /home/airflow/.local/lib/python3.7/site-packages/airflow/example_dags/tutorial.py for tasks to queue
[2023-05-30T10:25:28.341+0000] {logging_mixin.py:149} INFO - [2023-05-30T10:25:28.341+0000] {dagbag.py:541} INFO - Filling up the DagBag from /home/airflow/.local/lib/python3.7/site-packages/airflow/example_dags/tutorial.py
[2023-05-30T10:25:28.348+0000] {processor.py:809} INFO - DAG(s) dict_keys(['tutorial']) retrieved from /home/airflow/.local/lib/python3.7/site-packages/airflow/example_dags/tutorial.py
[2023-05-30T10:25:28.379+0000] {logging_mixin.py:149} INFO - [2023-05-30T10:25:28.378+0000] {dag.py:2726} INFO - Sync 1 DAGs
[2023-05-30T10:25:28.415+0000] {logging_mixin.py:149} INFO - [2023-05-30T10:25:28.414+0000] {dag.py:3490} INFO - Setting next_dagrun for tutorial to 2023-05-29T10:25:28.414606+00:00, run_after=2023-05-30T10:25:28.414606+00:00
[2023-05-30T10:25:28.436+0000] {processor.py:178} INFO - Processing /home/airflow/.local/lib/python3.7/site-packages/airflow/example_dags/tutorial.py took 0.101 seconds
[2023-05-30T10:25:59.338+0000] {processor.py:156} INFO - Started process (PID=2232) to work on /home/airflow/.local/lib/python3.7/site-packages/airflow/example_dags/tutorial.py
[2023-05-30T10:25:59.339+0000] {processor.py:799} INFO - Processing file /home/airflow/.local/lib/python3.7/site-packages/airflow/example_dags/tutorial.py for tasks to queue
[2023-05-30T10:25:59.340+0000] {logging_mixin.py:149} INFO - [2023-05-30T10:25:59.339+0000] {dagbag.py:541} INFO - Filling up the DagBag from /home/airflow/.local/lib/python3.7/site-packages/airflow/example_dags/tutorial.py
[2023-05-30T10:25:59.347+0000] {processor.py:809} INFO - DAG(s) dict_keys(['tutorial']) retrieved from /home/airflow/.local/lib/python3.7/site-packages/airflow/example_dags/tutorial.py
[2023-05-30T10:25:59.379+0000] {logging_mixin.py:149} INFO - [2023-05-30T10:25:59.379+0000] {dag.py:2726} INFO - Sync 1 DAGs
[2023-05-30T10:25:59.412+0000] {logging_mixin.py:149} INFO - [2023-05-30T10:25:59.411+0000] {dag.py:3490} INFO - Setting next_dagrun for tutorial to 2023-05-29T10:25:59.411613+00:00, run_after=2023-05-30T10:25:59.411613+00:00
[2023-05-30T10:25:59.447+0000] {processor.py:178} INFO - Processing /home/airflow/.local/lib/python3.7/site-packages/airflow/example_dags/tutorial.py took 0.113 seconds
[2023-05-30T10:26:30.182+0000] {processor.py:156} INFO - Started process (PID=2289) to work on /home/airflow/.local/lib/python3.7/site-packages/airflow/example_dags/tutorial.py
[2023-05-30T10:26:30.184+0000] {processor.py:799} INFO - Processing file /home/airflow/.local/lib/python3.7/site-packages/airflow/example_dags/tutorial.py for tasks to queue
[2023-05-30T10:26:30.184+0000] {logging_mixin.py:149} INFO - [2023-05-30T10:26:30.184+0000] {dagbag.py:541} INFO - Filling up the DagBag from /home/airflow/.local/lib/python3.7/site-packages/airflow/example_dags/tutorial.py
[2023-05-30T10:26:30.192+0000] {processor.py:809} INFO - DAG(s) dict_keys(['tutorial']) retrieved from /home/airflow/.local/lib/python3.7/site-packages/airflow/example_dags/tutorial.py
[2023-05-30T10:26:30.221+0000] {logging_mixin.py:149} INFO - [2023-05-30T10:26:30.221+0000] {dag.py:2726} INFO - Sync 1 DAGs
[2023-05-30T10:26:30.256+0000] {logging_mixin.py:149} INFO - [2023-05-30T10:26:30.256+0000] {dag.py:3490} INFO - Setting next_dagrun for tutorial to 2023-05-29T10:26:30.256213+00:00, run_after=2023-05-30T10:26:30.256213+00:00
[2023-05-30T10:26:30.284+0000] {processor.py:178} INFO - Processing /home/airflow/.local/lib/python3.7/site-packages/airflow/example_dags/tutorial.py took 0.106 seconds
[2023-05-30T10:27:01.066+0000] {processor.py:156} INFO - Started process (PID=2347) to work on /home/airflow/.local/lib/python3.7/site-packages/airflow/example_dags/tutorial.py
[2023-05-30T10:27:01.067+0000] {processor.py:799} INFO - Processing file /home/airflow/.local/lib/python3.7/site-packages/airflow/example_dags/tutorial.py for tasks to queue
[2023-05-30T10:27:01.068+0000] {logging_mixin.py:149} INFO - [2023-05-30T10:27:01.067+0000] {dagbag.py:541} INFO - Filling up the DagBag from /home/airflow/.local/lib/python3.7/site-packages/airflow/example_dags/tutorial.py
[2023-05-30T10:27:01.087+0000] {processor.py:809} INFO - DAG(s) dict_keys(['tutorial']) retrieved from /home/airflow/.local/lib/python3.7/site-packages/airflow/example_dags/tutorial.py
[2023-05-30T10:27:01.197+0000] {logging_mixin.py:149} INFO - [2023-05-30T10:27:01.197+0000] {dag.py:2726} INFO - Sync 1 DAGs
[2023-05-30T10:27:01.361+0000] {logging_mixin.py:149} INFO - [2023-05-30T10:27:01.361+0000] {dag.py:3490} INFO - Setting next_dagrun for tutorial to 2023-05-29T10:27:01.360894+00:00, run_after=2023-05-30T10:27:01.360894+00:00
[2023-05-30T10:27:01.456+0000] {processor.py:178} INFO - Processing /home/airflow/.local/lib/python3.7/site-packages/airflow/example_dags/tutorial.py took 0.410 seconds
[2023-05-30T10:27:31.887+0000] {processor.py:156} INFO - Started process (PID=2404) to work on /home/airflow/.local/lib/python3.7/site-packages/airflow/example_dags/tutorial.py
[2023-05-30T10:27:31.888+0000] {processor.py:799} INFO - Processing file /home/airflow/.local/lib/python3.7/site-packages/airflow/example_dags/tutorial.py for tasks to queue
[2023-05-30T10:27:31.889+0000] {logging_mixin.py:149} INFO - [2023-05-30T10:27:31.889+0000] {dagbag.py:541} INFO - Filling up the DagBag from /home/airflow/.local/lib/python3.7/site-packages/airflow/example_dags/tutorial.py
[2023-05-30T10:27:31.897+0000] {processor.py:809} INFO - DAG(s) dict_keys(['tutorial']) retrieved from /home/airflow/.local/lib/python3.7/site-packages/airflow/example_dags/tutorial.py
[2023-05-30T10:27:31.924+0000] {logging_mixin.py:149} INFO - [2023-05-30T10:27:31.924+0000] {dag.py:2726} INFO - Sync 1 DAGs
[2023-05-30T10:27:31.955+0000] {logging_mixin.py:149} INFO - [2023-05-30T10:27:31.955+0000] {dag.py:3490} INFO - Setting next_dagrun for tutorial to 2023-05-29T10:27:31.955296+00:00, run_after=2023-05-30T10:27:31.955296+00:00
[2023-05-30T10:27:31.978+0000] {processor.py:178} INFO - Processing /home/airflow/.local/lib/python3.7/site-packages/airflow/example_dags/tutorial.py took 0.094 seconds
[2023-05-30T10:28:02.110+0000] {processor.py:156} INFO - Started process (PID=2461) to work on /home/airflow/.local/lib/python3.7/site-packages/airflow/example_dags/tutorial.py
[2023-05-30T10:28:02.111+0000] {processor.py:799} INFO - Processing file /home/airflow/.local/lib/python3.7/site-packages/airflow/example_dags/tutorial.py for tasks to queue
[2023-05-30T10:28:02.124+0000] {logging_mixin.py:149} INFO - [2023-05-30T10:28:02.124+0000] {dagbag.py:541} INFO - Filling up the DagBag from /home/airflow/.local/lib/python3.7/site-packages/airflow/example_dags/tutorial.py
[2023-05-30T10:28:02.132+0000] {processor.py:809} INFO - DAG(s) dict_keys(['tutorial']) retrieved from /home/airflow/.local/lib/python3.7/site-packages/airflow/example_dags/tutorial.py
[2023-05-30T10:28:02.164+0000] {logging_mixin.py:149} INFO - [2023-05-30T10:28:02.164+0000] {dag.py:2726} INFO - Sync 1 DAGs
[2023-05-30T10:28:02.198+0000] {logging_mixin.py:149} INFO - [2023-05-30T10:28:02.198+0000] {dag.py:3490} INFO - Setting next_dagrun for tutorial to 2023-05-29T10:28:02.197727+00:00, run_after=2023-05-30T10:28:02.197727+00:00
[2023-05-30T10:28:02.221+0000] {processor.py:178} INFO - Processing /home/airflow/.local/lib/python3.7/site-packages/airflow/example_dags/tutorial.py took 0.123 seconds
[2023-05-30T10:28:32.374+0000] {processor.py:156} INFO - Started process (PID=2518) to work on /home/airflow/.local/lib/python3.7/site-packages/airflow/example_dags/tutorial.py
[2023-05-30T10:28:32.375+0000] {processor.py:799} INFO - Processing file /home/airflow/.local/lib/python3.7/site-packages/airflow/example_dags/tutorial.py for tasks to queue
[2023-05-30T10:28:32.376+0000] {logging_mixin.py:149} INFO - [2023-05-30T10:28:32.376+0000] {dagbag.py:541} INFO - Filling up the DagBag from /home/airflow/.local/lib/python3.7/site-packages/airflow/example_dags/tutorial.py
[2023-05-30T10:28:32.383+0000] {processor.py:809} INFO - DAG(s) dict_keys(['tutorial']) retrieved from /home/airflow/.local/lib/python3.7/site-packages/airflow/example_dags/tutorial.py
[2023-05-30T10:28:32.412+0000] {logging_mixin.py:149} INFO - [2023-05-30T10:28:32.412+0000] {dag.py:2726} INFO - Sync 1 DAGs
[2023-05-30T10:28:32.443+0000] {logging_mixin.py:149} INFO - [2023-05-30T10:28:32.443+0000] {dag.py:3490} INFO - Setting next_dagrun for tutorial to 2023-05-29T10:28:32.442755+00:00, run_after=2023-05-30T10:28:32.442755+00:00
[2023-05-30T10:28:32.464+0000] {processor.py:178} INFO - Processing /home/airflow/.local/lib/python3.7/site-packages/airflow/example_dags/tutorial.py took 0.094 seconds
[2023-05-30T10:29:02.616+0000] {processor.py:156} INFO - Started process (PID=2574) to work on /home/airflow/.local/lib/python3.7/site-packages/airflow/example_dags/tutorial.py
[2023-05-30T10:29:02.617+0000] {processor.py:799} INFO - Processing file /home/airflow/.local/lib/python3.7/site-packages/airflow/example_dags/tutorial.py for tasks to queue
[2023-05-30T10:29:02.618+0000] {logging_mixin.py:149} INFO - [2023-05-30T10:29:02.617+0000] {dagbag.py:541} INFO - Filling up the DagBag from /home/airflow/.local/lib/python3.7/site-packages/airflow/example_dags/tutorial.py
[2023-05-30T10:29:02.625+0000] {processor.py:809} INFO - DAG(s) dict_keys(['tutorial']) retrieved from /home/airflow/.local/lib/python3.7/site-packages/airflow/example_dags/tutorial.py
[2023-05-30T10:29:02.653+0000] {logging_mixin.py:149} INFO - [2023-05-30T10:29:02.653+0000] {dag.py:2726} INFO - Sync 1 DAGs
[2023-05-30T10:29:02.685+0000] {logging_mixin.py:149} INFO - [2023-05-30T10:29:02.685+0000] {dag.py:3490} INFO - Setting next_dagrun for tutorial to 2023-05-29T10:29:02.685439+00:00, run_after=2023-05-30T10:29:02.685439+00:00
[2023-05-30T10:29:02.708+0000] {processor.py:178} INFO - Processing /home/airflow/.local/lib/python3.7/site-packages/airflow/example_dags/tutorial.py took 0.096 seconds
[2023-05-30T10:29:32.951+0000] {processor.py:156} INFO - Started process (PID=2631) to work on /home/airflow/.local/lib/python3.7/site-packages/airflow/example_dags/tutorial.py
[2023-05-30T10:29:32.952+0000] {processor.py:799} INFO - Processing file /home/airflow/.local/lib/python3.7/site-packages/airflow/example_dags/tutorial.py for tasks to queue
[2023-05-30T10:29:32.953+0000] {logging_mixin.py:149} INFO - [2023-05-30T10:29:32.953+0000] {dagbag.py:541} INFO - Filling up the DagBag from /home/airflow/.local/lib/python3.7/site-packages/airflow/example_dags/tutorial.py
[2023-05-30T10:29:32.960+0000] {processor.py:809} INFO - DAG(s) dict_keys(['tutorial']) retrieved from /home/airflow/.local/lib/python3.7/site-packages/airflow/example_dags/tutorial.py
[2023-05-30T10:29:32.988+0000] {logging_mixin.py:149} INFO - [2023-05-30T10:29:32.988+0000] {dag.py:2726} INFO - Sync 1 DAGs
[2023-05-30T10:29:33.023+0000] {logging_mixin.py:149} INFO - [2023-05-30T10:29:33.023+0000] {dag.py:3490} INFO - Setting next_dagrun for tutorial to 2023-05-29T10:29:33.023512+00:00, run_after=2023-05-30T10:29:33.023512+00:00
[2023-05-30T10:29:33.047+0000] {processor.py:178} INFO - Processing /home/airflow/.local/lib/python3.7/site-packages/airflow/example_dags/tutorial.py took 0.100 seconds
[2023-05-30T10:30:03.551+0000] {processor.py:156} INFO - Started process (PID=2687) to work on /home/airflow/.local/lib/python3.7/site-packages/airflow/example_dags/tutorial.py
[2023-05-30T10:30:03.552+0000] {processor.py:799} INFO - Processing file /home/airflow/.local/lib/python3.7/site-packages/airflow/example_dags/tutorial.py for tasks to queue
[2023-05-30T10:30:03.553+0000] {logging_mixin.py:149} INFO - [2023-05-30T10:30:03.552+0000] {dagbag.py:541} INFO - Filling up the DagBag from /home/airflow/.local/lib/python3.7/site-packages/airflow/example_dags/tutorial.py
[2023-05-30T10:30:03.560+0000] {processor.py:809} INFO - DAG(s) dict_keys(['tutorial']) retrieved from /home/airflow/.local/lib/python3.7/site-packages/airflow/example_dags/tutorial.py
[2023-05-30T10:30:03.589+0000] {logging_mixin.py:149} INFO - [2023-05-30T10:30:03.589+0000] {dag.py:2726} INFO - Sync 1 DAGs
[2023-05-30T10:30:03.622+0000] {logging_mixin.py:149} INFO - [2023-05-30T10:30:03.622+0000] {dag.py:3490} INFO - Setting next_dagrun for tutorial to 2023-05-29T10:30:03.622072+00:00, run_after=2023-05-30T10:30:03.622072+00:00
[2023-05-30T10:30:03.643+0000] {processor.py:178} INFO - Processing /home/airflow/.local/lib/python3.7/site-packages/airflow/example_dags/tutorial.py took 0.097 seconds
[2023-05-30T10:30:33.893+0000] {processor.py:156} INFO - Started process (PID=2744) to work on /home/airflow/.local/lib/python3.7/site-packages/airflow/example_dags/tutorial.py
[2023-05-30T10:30:33.895+0000] {processor.py:799} INFO - Processing file /home/airflow/.local/lib/python3.7/site-packages/airflow/example_dags/tutorial.py for tasks to queue
[2023-05-30T10:30:33.895+0000] {logging_mixin.py:149} INFO - [2023-05-30T10:30:33.895+0000] {dagbag.py:541} INFO - Filling up the DagBag from /home/airflow/.local/lib/python3.7/site-packages/airflow/example_dags/tutorial.py
[2023-05-30T10:30:33.903+0000] {processor.py:809} INFO - DAG(s) dict_keys(['tutorial']) retrieved from /home/airflow/.local/lib/python3.7/site-packages/airflow/example_dags/tutorial.py
[2023-05-30T10:30:33.931+0000] {logging_mixin.py:149} INFO - [2023-05-30T10:30:33.931+0000] {dag.py:2726} INFO - Sync 1 DAGs
[2023-05-30T10:30:33.966+0000] {logging_mixin.py:149} INFO - [2023-05-30T10:30:33.966+0000] {dag.py:3490} INFO - Setting next_dagrun for tutorial to 2023-05-29T10:30:33.965753+00:00, run_after=2023-05-30T10:30:33.965753+00:00
[2023-05-30T10:30:33.988+0000] {processor.py:178} INFO - Processing /home/airflow/.local/lib/python3.7/site-packages/airflow/example_dags/tutorial.py took 0.100 seconds
[2023-05-30T10:31:04.298+0000] {processor.py:156} INFO - Started process (PID=2801) to work on /home/airflow/.local/lib/python3.7/site-packages/airflow/example_dags/tutorial.py
[2023-05-30T10:31:04.300+0000] {processor.py:799} INFO - Processing file /home/airflow/.local/lib/python3.7/site-packages/airflow/example_dags/tutorial.py for tasks to queue
[2023-05-30T10:31:04.300+0000] {logging_mixin.py:149} INFO - [2023-05-30T10:31:04.300+0000] {dagbag.py:541} INFO - Filling up the DagBag from /home/airflow/.local/lib/python3.7/site-packages/airflow/example_dags/tutorial.py
[2023-05-30T10:31:04.308+0000] {processor.py:809} INFO - DAG(s) dict_keys(['tutorial']) retrieved from /home/airflow/.local/lib/python3.7/site-packages/airflow/example_dags/tutorial.py
[2023-05-30T10:31:04.335+0000] {logging_mixin.py:149} INFO - [2023-05-30T10:31:04.335+0000] {dag.py:2726} INFO - Sync 1 DAGs
[2023-05-30T10:31:04.366+0000] {logging_mixin.py:149} INFO - [2023-05-30T10:31:04.366+0000] {dag.py:3490} INFO - Setting next_dagrun for tutorial to 2023-05-29T10:31:04.365722+00:00, run_after=2023-05-30T10:31:04.365722+00:00
[2023-05-30T10:31:04.387+0000] {processor.py:178} INFO - Processing /home/airflow/.local/lib/python3.7/site-packages/airflow/example_dags/tutorial.py took 0.092 seconds
[2023-05-30T10:31:34.530+0000] {processor.py:156} INFO - Started process (PID=2858) to work on /home/airflow/.local/lib/python3.7/site-packages/airflow/example_dags/tutorial.py
[2023-05-30T10:31:34.531+0000] {processor.py:799} INFO - Processing file /home/airflow/.local/lib/python3.7/site-packages/airflow/example_dags/tutorial.py for tasks to queue
[2023-05-30T10:31:34.532+0000] {logging_mixin.py:149} INFO - [2023-05-30T10:31:34.532+0000] {dagbag.py:541} INFO - Filling up the DagBag from /home/airflow/.local/lib/python3.7/site-packages/airflow/example_dags/tutorial.py
[2023-05-30T10:31:34.540+0000] {processor.py:809} INFO - DAG(s) dict_keys(['tutorial']) retrieved from /home/airflow/.local/lib/python3.7/site-packages/airflow/example_dags/tutorial.py
[2023-05-30T10:31:34.569+0000] {logging_mixin.py:149} INFO - [2023-05-30T10:31:34.568+0000] {dag.py:2726} INFO - Sync 1 DAGs
[2023-05-30T10:31:34.600+0000] {logging_mixin.py:149} INFO - [2023-05-30T10:31:34.599+0000] {dag.py:3490} INFO - Setting next_dagrun for tutorial to 2023-05-29T10:31:34.599593+00:00, run_after=2023-05-30T10:31:34.599593+00:00
[2023-05-30T10:31:34.621+0000] {processor.py:178} INFO - Processing /home/airflow/.local/lib/python3.7/site-packages/airflow/example_dags/tutorial.py took 0.095 seconds
[2023-05-30T10:32:05.310+0000] {processor.py:156} INFO - Started process (PID=2915) to work on /home/airflow/.local/lib/python3.7/site-packages/airflow/example_dags/tutorial.py
[2023-05-30T10:32:05.312+0000] {processor.py:799} INFO - Processing file /home/airflow/.local/lib/python3.7/site-packages/airflow/example_dags/tutorial.py for tasks to queue
[2023-05-30T10:32:05.312+0000] {logging_mixin.py:149} INFO - [2023-05-30T10:32:05.312+0000] {dagbag.py:541} INFO - Filling up the DagBag from /home/airflow/.local/lib/python3.7/site-packages/airflow/example_dags/tutorial.py
[2023-05-30T10:32:05.320+0000] {processor.py:809} INFO - DAG(s) dict_keys(['tutorial']) retrieved from /home/airflow/.local/lib/python3.7/site-packages/airflow/example_dags/tutorial.py
[2023-05-30T10:32:05.350+0000] {logging_mixin.py:149} INFO - [2023-05-30T10:32:05.349+0000] {dag.py:2726} INFO - Sync 1 DAGs
[2023-05-30T10:32:05.383+0000] {logging_mixin.py:149} INFO - [2023-05-30T10:32:05.383+0000] {dag.py:3490} INFO - Setting next_dagrun for tutorial to 2023-05-29T10:32:05.383017+00:00, run_after=2023-05-30T10:32:05.383017+00:00
[2023-05-30T10:32:05.407+0000] {processor.py:178} INFO - Processing /home/airflow/.local/lib/python3.7/site-packages/airflow/example_dags/tutorial.py took 0.100 seconds
[2023-05-30T10:32:35.595+0000] {processor.py:156} INFO - Started process (PID=2972) to work on /home/airflow/.local/lib/python3.7/site-packages/airflow/example_dags/tutorial.py
[2023-05-30T10:32:35.596+0000] {processor.py:799} INFO - Processing file /home/airflow/.local/lib/python3.7/site-packages/airflow/example_dags/tutorial.py for tasks to queue
[2023-05-30T10:32:35.597+0000] {logging_mixin.py:149} INFO - [2023-05-30T10:32:35.596+0000] {dagbag.py:541} INFO - Filling up the DagBag from /home/airflow/.local/lib/python3.7/site-packages/airflow/example_dags/tutorial.py
[2023-05-30T10:32:35.605+0000] {processor.py:809} INFO - DAG(s) dict_keys(['tutorial']) retrieved from /home/airflow/.local/lib/python3.7/site-packages/airflow/example_dags/tutorial.py
[2023-05-30T10:32:35.633+0000] {logging_mixin.py:149} INFO - [2023-05-30T10:32:35.633+0000] {dag.py:2726} INFO - Sync 1 DAGs
[2023-05-30T10:32:35.664+0000] {logging_mixin.py:149} INFO - [2023-05-30T10:32:35.664+0000] {dag.py:3490} INFO - Setting next_dagrun for tutorial to 2023-05-29T10:32:35.664280+00:00, run_after=2023-05-30T10:32:35.664280+00:00
[2023-05-30T10:32:35.686+0000] {processor.py:178} INFO - Processing /home/airflow/.local/lib/python3.7/site-packages/airflow/example_dags/tutorial.py took 0.095 seconds
[2023-05-30T10:33:06.286+0000] {processor.py:156} INFO - Started process (PID=3029) to work on /home/airflow/.local/lib/python3.7/site-packages/airflow/example_dags/tutorial.py
[2023-05-30T10:33:06.288+0000] {processor.py:799} INFO - Processing file /home/airflow/.local/lib/python3.7/site-packages/airflow/example_dags/tutorial.py for tasks to queue
[2023-05-30T10:33:06.288+0000] {logging_mixin.py:149} INFO - [2023-05-30T10:33:06.288+0000] {dagbag.py:541} INFO - Filling up the DagBag from /home/airflow/.local/lib/python3.7/site-packages/airflow/example_dags/tutorial.py
[2023-05-30T10:33:06.296+0000] {processor.py:809} INFO - DAG(s) dict_keys(['tutorial']) retrieved from /home/airflow/.local/lib/python3.7/site-packages/airflow/example_dags/tutorial.py
[2023-05-30T10:33:06.324+0000] {logging_mixin.py:149} INFO - [2023-05-30T10:33:06.324+0000] {dag.py:2726} INFO - Sync 1 DAGs
[2023-05-30T10:33:06.354+0000] {logging_mixin.py:149} INFO - [2023-05-30T10:33:06.354+0000] {dag.py:3490} INFO - Setting next_dagrun for tutorial to 2023-05-29T10:33:06.354447+00:00, run_after=2023-05-30T10:33:06.354447+00:00
[2023-05-30T10:33:06.376+0000] {processor.py:178} INFO - Processing /home/airflow/.local/lib/python3.7/site-packages/airflow/example_dags/tutorial.py took 0.093 seconds
[2023-05-30T10:33:37.087+0000] {processor.py:156} INFO - Started process (PID=3086) to work on /home/airflow/.local/lib/python3.7/site-packages/airflow/example_dags/tutorial.py
[2023-05-30T10:33:37.088+0000] {processor.py:799} INFO - Processing file /home/airflow/.local/lib/python3.7/site-packages/airflow/example_dags/tutorial.py for tasks to queue
[2023-05-30T10:33:37.089+0000] {logging_mixin.py:149} INFO - [2023-05-30T10:33:37.089+0000] {dagbag.py:541} INFO - Filling up the DagBag from /home/airflow/.local/lib/python3.7/site-packages/airflow/example_dags/tutorial.py
[2023-05-30T10:33:37.096+0000] {processor.py:809} INFO - DAG(s) dict_keys(['tutorial']) retrieved from /home/airflow/.local/lib/python3.7/site-packages/airflow/example_dags/tutorial.py
[2023-05-30T10:33:37.124+0000] {logging_mixin.py:149} INFO - [2023-05-30T10:33:37.124+0000] {dag.py:2726} INFO - Sync 1 DAGs
[2023-05-30T10:33:37.165+0000] {logging_mixin.py:149} INFO - [2023-05-30T10:33:37.165+0000] {dag.py:3490} INFO - Setting next_dagrun for tutorial to 2023-05-29T10:33:37.165463+00:00, run_after=2023-05-30T10:33:37.165463+00:00
[2023-05-30T10:33:37.189+0000] {processor.py:178} INFO - Processing /home/airflow/.local/lib/python3.7/site-packages/airflow/example_dags/tutorial.py took 0.106 seconds
[2023-05-30T10:34:07.214+0000] {processor.py:156} INFO - Started process (PID=3143) to work on /home/airflow/.local/lib/python3.7/site-packages/airflow/example_dags/tutorial.py
[2023-05-30T10:34:07.215+0000] {processor.py:799} INFO - Processing file /home/airflow/.local/lib/python3.7/site-packages/airflow/example_dags/tutorial.py for tasks to queue
[2023-05-30T10:34:07.216+0000] {logging_mixin.py:149} INFO - [2023-05-30T10:34:07.216+0000] {dagbag.py:541} INFO - Filling up the DagBag from /home/airflow/.local/lib/python3.7/site-packages/airflow/example_dags/tutorial.py
[2023-05-30T10:34:07.224+0000] {processor.py:809} INFO - DAG(s) dict_keys(['tutorial']) retrieved from /home/airflow/.local/lib/python3.7/site-packages/airflow/example_dags/tutorial.py
[2023-05-30T10:34:07.253+0000] {logging_mixin.py:149} INFO - [2023-05-30T10:34:07.253+0000] {dag.py:2726} INFO - Sync 1 DAGs
[2023-05-30T10:34:07.285+0000] {logging_mixin.py:149} INFO - [2023-05-30T10:34:07.285+0000] {dag.py:3490} INFO - Setting next_dagrun for tutorial to 2023-05-29T10:34:07.284920+00:00, run_after=2023-05-30T10:34:07.284920+00:00
[2023-05-30T10:34:07.308+0000] {processor.py:178} INFO - Processing /home/airflow/.local/lib/python3.7/site-packages/airflow/example_dags/tutorial.py took 0.098 seconds
[2023-05-30T10:34:37.406+0000] {processor.py:156} INFO - Started process (PID=3200) to work on /home/airflow/.local/lib/python3.7/site-packages/airflow/example_dags/tutorial.py
[2023-05-30T10:34:37.406+0000] {processor.py:799} INFO - Processing file /home/airflow/.local/lib/python3.7/site-packages/airflow/example_dags/tutorial.py for tasks to queue
[2023-05-30T10:34:37.407+0000] {logging_mixin.py:149} INFO - [2023-05-30T10:34:37.407+0000] {dagbag.py:541} INFO - Filling up the DagBag from /home/airflow/.local/lib/python3.7/site-packages/airflow/example_dags/tutorial.py
[2023-05-30T10:34:37.415+0000] {processor.py:809} INFO - DAG(s) dict_keys(['tutorial']) retrieved from /home/airflow/.local/lib/python3.7/site-packages/airflow/example_dags/tutorial.py
[2023-05-30T10:34:37.441+0000] {logging_mixin.py:149} INFO - [2023-05-30T10:34:37.441+0000] {dag.py:2726} INFO - Sync 1 DAGs
[2023-05-30T10:34:37.473+0000] {logging_mixin.py:149} INFO - [2023-05-30T10:34:37.472+0000] {dag.py:3490} INFO - Setting next_dagrun for tutorial to 2023-05-29T10:34:37.472698+00:00, run_after=2023-05-30T10:34:37.472698+00:00
[2023-05-30T10:34:37.495+0000] {processor.py:178} INFO - Processing /home/airflow/.local/lib/python3.7/site-packages/airflow/example_dags/tutorial.py took 0.092 seconds
[2023-05-30T10:35:08.188+0000] {processor.py:156} INFO - Started process (PID=3258) to work on /home/airflow/.local/lib/python3.7/site-packages/airflow/example_dags/tutorial.py
[2023-05-30T10:35:08.189+0000] {processor.py:799} INFO - Processing file /home/airflow/.local/lib/python3.7/site-packages/airflow/example_dags/tutorial.py for tasks to queue
[2023-05-30T10:35:08.190+0000] {logging_mixin.py:149} INFO - [2023-05-30T10:35:08.190+0000] {dagbag.py:541} INFO - Filling up the DagBag from /home/airflow/.local/lib/python3.7/site-packages/airflow/example_dags/tutorial.py
[2023-05-30T10:35:08.198+0000] {processor.py:809} INFO - DAG(s) dict_keys(['tutorial']) retrieved from /home/airflow/.local/lib/python3.7/site-packages/airflow/example_dags/tutorial.py
[2023-05-30T10:35:08.225+0000] {logging_mixin.py:149} INFO - [2023-05-30T10:35:08.225+0000] {dag.py:2726} INFO - Sync 1 DAGs
[2023-05-30T10:35:08.258+0000] {logging_mixin.py:149} INFO - [2023-05-30T10:35:08.258+0000] {dag.py:3490} INFO - Setting next_dagrun for tutorial to 2023-05-29T10:35:08.258116+00:00, run_after=2023-05-30T10:35:08.258116+00:00
[2023-05-30T10:35:08.281+0000] {processor.py:178} INFO - Processing /home/airflow/.local/lib/python3.7/site-packages/airflow/example_dags/tutorial.py took 0.097 seconds
[2023-05-30T10:35:38.512+0000] {processor.py:156} INFO - Started process (PID=3316) to work on /home/airflow/.local/lib/python3.7/site-packages/airflow/example_dags/tutorial.py
[2023-05-30T10:35:38.512+0000] {processor.py:799} INFO - Processing file /home/airflow/.local/lib/python3.7/site-packages/airflow/example_dags/tutorial.py for tasks to queue
[2023-05-30T10:35:38.513+0000] {logging_mixin.py:149} INFO - [2023-05-30T10:35:38.513+0000] {dagbag.py:541} INFO - Filling up the DagBag from /home/airflow/.local/lib/python3.7/site-packages/airflow/example_dags/tutorial.py
[2023-05-30T10:35:38.521+0000] {processor.py:809} INFO - DAG(s) dict_keys(['tutorial']) retrieved from /home/airflow/.local/lib/python3.7/site-packages/airflow/example_dags/tutorial.py
[2023-05-30T10:35:38.549+0000] {logging_mixin.py:149} INFO - [2023-05-30T10:35:38.549+0000] {dag.py:2726} INFO - Sync 1 DAGs
[2023-05-30T10:35:38.582+0000] {logging_mixin.py:149} INFO - [2023-05-30T10:35:38.581+0000] {dag.py:3490} INFO - Setting next_dagrun for tutorial to 2023-05-29T10:35:38.581580+00:00, run_after=2023-05-30T10:35:38.581580+00:00
[2023-05-30T10:35:38.604+0000] {processor.py:178} INFO - Processing /home/airflow/.local/lib/python3.7/site-packages/airflow/example_dags/tutorial.py took 0.096 seconds
[2023-05-30T10:36:09.002+0000] {processor.py:156} INFO - Started process (PID=3373) to work on /home/airflow/.local/lib/python3.7/site-packages/airflow/example_dags/tutorial.py
[2023-05-30T10:36:09.003+0000] {processor.py:799} INFO - Processing file /home/airflow/.local/lib/python3.7/site-packages/airflow/example_dags/tutorial.py for tasks to queue
[2023-05-30T10:36:09.004+0000] {logging_mixin.py:149} INFO - [2023-05-30T10:36:09.004+0000] {dagbag.py:541} INFO - Filling up the DagBag from /home/airflow/.local/lib/python3.7/site-packages/airflow/example_dags/tutorial.py
[2023-05-30T10:36:09.012+0000] {processor.py:809} INFO - DAG(s) dict_keys(['tutorial']) retrieved from /home/airflow/.local/lib/python3.7/site-packages/airflow/example_dags/tutorial.py
[2023-05-30T10:36:09.042+0000] {logging_mixin.py:149} INFO - [2023-05-30T10:36:09.042+0000] {dag.py:2726} INFO - Sync 1 DAGs
[2023-05-30T10:36:09.074+0000] {logging_mixin.py:149} INFO - [2023-05-30T10:36:09.074+0000] {dag.py:3490} INFO - Setting next_dagrun for tutorial to 2023-05-29T10:36:09.073765+00:00, run_after=2023-05-30T10:36:09.073765+00:00
[2023-05-30T10:36:09.097+0000] {processor.py:178} INFO - Processing /home/airflow/.local/lib/python3.7/site-packages/airflow/example_dags/tutorial.py took 0.099 seconds
[2023-05-30T10:36:39.601+0000] {processor.py:156} INFO - Started process (PID=3430) to work on /home/airflow/.local/lib/python3.7/site-packages/airflow/example_dags/tutorial.py
[2023-05-30T10:36:39.601+0000] {processor.py:799} INFO - Processing file /home/airflow/.local/lib/python3.7/site-packages/airflow/example_dags/tutorial.py for tasks to queue
[2023-05-30T10:36:39.602+0000] {logging_mixin.py:149} INFO - [2023-05-30T10:36:39.602+0000] {dagbag.py:541} INFO - Filling up the DagBag from /home/airflow/.local/lib/python3.7/site-packages/airflow/example_dags/tutorial.py
[2023-05-30T10:36:39.610+0000] {processor.py:809} INFO - DAG(s) dict_keys(['tutorial']) retrieved from /home/airflow/.local/lib/python3.7/site-packages/airflow/example_dags/tutorial.py
[2023-05-30T10:36:39.637+0000] {logging_mixin.py:149} INFO - [2023-05-30T10:36:39.637+0000] {dag.py:2726} INFO - Sync 1 DAGs
[2023-05-30T10:36:39.668+0000] {logging_mixin.py:149} INFO - [2023-05-30T10:36:39.668+0000] {dag.py:3490} INFO - Setting next_dagrun for tutorial to 2023-05-29T10:36:39.667888+00:00, run_after=2023-05-30T10:36:39.667888+00:00
[2023-05-30T10:36:39.690+0000] {processor.py:178} INFO - Processing /home/airflow/.local/lib/python3.7/site-packages/airflow/example_dags/tutorial.py took 0.093 seconds
[2023-05-30T10:37:09.951+0000] {processor.py:156} INFO - Started process (PID=3488) to work on /home/airflow/.local/lib/python3.7/site-packages/airflow/example_dags/tutorial.py
[2023-05-30T10:37:09.952+0000] {processor.py:799} INFO - Processing file /home/airflow/.local/lib/python3.7/site-packages/airflow/example_dags/tutorial.py for tasks to queue
[2023-05-30T10:37:09.953+0000] {logging_mixin.py:149} INFO - [2023-05-30T10:37:09.953+0000] {dagbag.py:541} INFO - Filling up the DagBag from /home/airflow/.local/lib/python3.7/site-packages/airflow/example_dags/tutorial.py
[2023-05-30T10:37:09.961+0000] {processor.py:809} INFO - DAG(s) dict_keys(['tutorial']) retrieved from /home/airflow/.local/lib/python3.7/site-packages/airflow/example_dags/tutorial.py
[2023-05-30T10:37:09.989+0000] {logging_mixin.py:149} INFO - [2023-05-30T10:37:09.989+0000] {dag.py:2726} INFO - Sync 1 DAGs
[2023-05-30T10:37:10.020+0000] {logging_mixin.py:149} INFO - [2023-05-30T10:37:10.019+0000] {dag.py:3490} INFO - Setting next_dagrun for tutorial to 2023-05-29T10:37:10.019613+00:00, run_after=2023-05-30T10:37:10.019613+00:00
[2023-05-30T10:37:10.041+0000] {processor.py:178} INFO - Processing /home/airflow/.local/lib/python3.7/site-packages/airflow/example_dags/tutorial.py took 0.094 seconds
[2023-05-30T10:37:40.155+0000] {processor.py:156} INFO - Started process (PID=3545) to work on /home/airflow/.local/lib/python3.7/site-packages/airflow/example_dags/tutorial.py
[2023-05-30T10:37:40.156+0000] {processor.py:799} INFO - Processing file /home/airflow/.local/lib/python3.7/site-packages/airflow/example_dags/tutorial.py for tasks to queue
[2023-05-30T10:37:40.157+0000] {logging_mixin.py:149} INFO - [2023-05-30T10:37:40.156+0000] {dagbag.py:541} INFO - Filling up the DagBag from /home/airflow/.local/lib/python3.7/site-packages/airflow/example_dags/tutorial.py
[2023-05-30T10:37:40.164+0000] {processor.py:809} INFO - DAG(s) dict_keys(['tutorial']) retrieved from /home/airflow/.local/lib/python3.7/site-packages/airflow/example_dags/tutorial.py
[2023-05-30T10:37:40.192+0000] {logging_mixin.py:149} INFO - [2023-05-30T10:37:40.192+0000] {dag.py:2726} INFO - Sync 1 DAGs
[2023-05-30T10:37:40.225+0000] {logging_mixin.py:149} INFO - [2023-05-30T10:37:40.224+0000] {dag.py:3490} INFO - Setting next_dagrun for tutorial to 2023-05-29T10:37:40.224624+00:00, run_after=2023-05-30T10:37:40.224624+00:00
[2023-05-30T10:37:40.247+0000] {processor.py:178} INFO - Processing /home/airflow/.local/lib/python3.7/site-packages/airflow/example_dags/tutorial.py took 0.096 seconds
[2023-05-30T10:38:10.739+0000] {processor.py:156} INFO - Started process (PID=3602) to work on /home/airflow/.local/lib/python3.7/site-packages/airflow/example_dags/tutorial.py
[2023-05-30T10:38:10.740+0000] {processor.py:799} INFO - Processing file /home/airflow/.local/lib/python3.7/site-packages/airflow/example_dags/tutorial.py for tasks to queue
[2023-05-30T10:38:10.741+0000] {logging_mixin.py:149} INFO - [2023-05-30T10:38:10.741+0000] {dagbag.py:541} INFO - Filling up the DagBag from /home/airflow/.local/lib/python3.7/site-packages/airflow/example_dags/tutorial.py
[2023-05-30T10:38:10.749+0000] {processor.py:809} INFO - DAG(s) dict_keys(['tutorial']) retrieved from /home/airflow/.local/lib/python3.7/site-packages/airflow/example_dags/tutorial.py
[2023-05-30T10:38:10.778+0000] {logging_mixin.py:149} INFO - [2023-05-30T10:38:10.777+0000] {dag.py:2726} INFO - Sync 1 DAGs
[2023-05-30T10:38:10.809+0000] {logging_mixin.py:149} INFO - [2023-05-30T10:38:10.809+0000] {dag.py:3490} INFO - Setting next_dagrun for tutorial to 2023-05-29T10:38:10.808977+00:00, run_after=2023-05-30T10:38:10.808977+00:00
[2023-05-30T10:38:10.831+0000] {processor.py:178} INFO - Processing /home/airflow/.local/lib/python3.7/site-packages/airflow/example_dags/tutorial.py took 0.096 seconds
[2023-05-30T10:38:41.354+0000] {processor.py:156} INFO - Started process (PID=3657) to work on /home/airflow/.local/lib/python3.7/site-packages/airflow/example_dags/tutorial.py
[2023-05-30T10:38:41.356+0000] {processor.py:799} INFO - Processing file /home/airflow/.local/lib/python3.7/site-packages/airflow/example_dags/tutorial.py for tasks to queue
[2023-05-30T10:38:41.356+0000] {logging_mixin.py:149} INFO - [2023-05-30T10:38:41.356+0000] {dagbag.py:541} INFO - Filling up the DagBag from /home/airflow/.local/lib/python3.7/site-packages/airflow/example_dags/tutorial.py
[2023-05-30T10:38:41.364+0000] {processor.py:809} INFO - DAG(s) dict_keys(['tutorial']) retrieved from /home/airflow/.local/lib/python3.7/site-packages/airflow/example_dags/tutorial.py
[2023-05-30T10:38:41.392+0000] {logging_mixin.py:149} INFO - [2023-05-30T10:38:41.392+0000] {dag.py:2726} INFO - Sync 1 DAGs
[2023-05-30T10:38:41.424+0000] {logging_mixin.py:149} INFO - [2023-05-30T10:38:41.423+0000] {dag.py:3490} INFO - Setting next_dagrun for tutorial to 2023-05-29T10:38:41.423612+00:00, run_after=2023-05-30T10:38:41.423612+00:00
[2023-05-30T10:38:41.445+0000] {processor.py:178} INFO - Processing /home/airflow/.local/lib/python3.7/site-packages/airflow/example_dags/tutorial.py took 0.094 seconds
[2023-05-30T10:39:11.570+0000] {processor.py:156} INFO - Started process (PID=3714) to work on /home/airflow/.local/lib/python3.7/site-packages/airflow/example_dags/tutorial.py
[2023-05-30T10:39:11.571+0000] {processor.py:799} INFO - Processing file /home/airflow/.local/lib/python3.7/site-packages/airflow/example_dags/tutorial.py for tasks to queue
[2023-05-30T10:39:11.572+0000] {logging_mixin.py:149} INFO - [2023-05-30T10:39:11.572+0000] {dagbag.py:541} INFO - Filling up the DagBag from /home/airflow/.local/lib/python3.7/site-packages/airflow/example_dags/tutorial.py
[2023-05-30T10:39:11.579+0000] {processor.py:809} INFO - DAG(s) dict_keys(['tutorial']) retrieved from /home/airflow/.local/lib/python3.7/site-packages/airflow/example_dags/tutorial.py
[2023-05-30T10:39:11.607+0000] {logging_mixin.py:149} INFO - [2023-05-30T10:39:11.607+0000] {dag.py:2726} INFO - Sync 1 DAGs
[2023-05-30T10:39:11.638+0000] {logging_mixin.py:149} INFO - [2023-05-30T10:39:11.637+0000] {dag.py:3490} INFO - Setting next_dagrun for tutorial to 2023-05-29T10:39:11.637656+00:00, run_after=2023-05-30T10:39:11.637656+00:00
[2023-05-30T10:39:11.660+0000] {processor.py:178} INFO - Processing /home/airflow/.local/lib/python3.7/site-packages/airflow/example_dags/tutorial.py took 0.094 seconds
[2023-05-30T10:39:42.231+0000] {processor.py:156} INFO - Started process (PID=3772) to work on /home/airflow/.local/lib/python3.7/site-packages/airflow/example_dags/tutorial.py
[2023-05-30T10:39:42.232+0000] {processor.py:799} INFO - Processing file /home/airflow/.local/lib/python3.7/site-packages/airflow/example_dags/tutorial.py for tasks to queue
[2023-05-30T10:39:42.233+0000] {logging_mixin.py:149} INFO - [2023-05-30T10:39:42.233+0000] {dagbag.py:541} INFO - Filling up the DagBag from /home/airflow/.local/lib/python3.7/site-packages/airflow/example_dags/tutorial.py
[2023-05-30T10:39:42.241+0000] {processor.py:809} INFO - DAG(s) dict_keys(['tutorial']) retrieved from /home/airflow/.local/lib/python3.7/site-packages/airflow/example_dags/tutorial.py
[2023-05-30T10:39:42.269+0000] {logging_mixin.py:149} INFO - [2023-05-30T10:39:42.268+0000] {dag.py:2726} INFO - Sync 1 DAGs
[2023-05-30T10:39:42.299+0000] {logging_mixin.py:149} INFO - [2023-05-30T10:39:42.299+0000] {dag.py:3490} INFO - Setting next_dagrun for tutorial to 2023-05-29T10:39:42.298925+00:00, run_after=2023-05-30T10:39:42.298925+00:00
[2023-05-30T10:39:42.320+0000] {processor.py:178} INFO - Processing /home/airflow/.local/lib/python3.7/site-packages/airflow/example_dags/tutorial.py took 0.093 seconds
[2023-05-30T10:40:13.205+0000] {processor.py:156} INFO - Started process (PID=3830) to work on /home/airflow/.local/lib/python3.7/site-packages/airflow/example_dags/tutorial.py
[2023-05-30T10:40:13.207+0000] {processor.py:799} INFO - Processing file /home/airflow/.local/lib/python3.7/site-packages/airflow/example_dags/tutorial.py for tasks to queue
[2023-05-30T10:40:13.207+0000] {logging_mixin.py:149} INFO - [2023-05-30T10:40:13.207+0000] {dagbag.py:541} INFO - Filling up the DagBag from /home/airflow/.local/lib/python3.7/site-packages/airflow/example_dags/tutorial.py
[2023-05-30T10:40:13.215+0000] {processor.py:809} INFO - DAG(s) dict_keys(['tutorial']) retrieved from /home/airflow/.local/lib/python3.7/site-packages/airflow/example_dags/tutorial.py
[2023-05-30T10:40:13.244+0000] {logging_mixin.py:149} INFO - [2023-05-30T10:40:13.244+0000] {dag.py:2726} INFO - Sync 1 DAGs
[2023-05-30T10:40:13.276+0000] {logging_mixin.py:149} INFO - [2023-05-30T10:40:13.275+0000] {dag.py:3490} INFO - Setting next_dagrun for tutorial to 2023-05-29T10:40:13.275615+00:00, run_after=2023-05-30T10:40:13.275615+00:00
[2023-05-30T10:40:13.298+0000] {processor.py:178} INFO - Processing /home/airflow/.local/lib/python3.7/site-packages/airflow/example_dags/tutorial.py took 0.097 seconds
[2023-05-30T10:40:43.440+0000] {processor.py:156} INFO - Started process (PID=3887) to work on /home/airflow/.local/lib/python3.7/site-packages/airflow/example_dags/tutorial.py
[2023-05-30T10:40:43.447+0000] {processor.py:799} INFO - Processing file /home/airflow/.local/lib/python3.7/site-packages/airflow/example_dags/tutorial.py for tasks to queue
[2023-05-30T10:40:43.448+0000] {logging_mixin.py:149} INFO - [2023-05-30T10:40:43.447+0000] {dagbag.py:541} INFO - Filling up the DagBag from /home/airflow/.local/lib/python3.7/site-packages/airflow/example_dags/tutorial.py
[2023-05-30T10:40:43.455+0000] {processor.py:809} INFO - DAG(s) dict_keys(['tutorial']) retrieved from /home/airflow/.local/lib/python3.7/site-packages/airflow/example_dags/tutorial.py
[2023-05-30T10:40:43.482+0000] {logging_mixin.py:149} INFO - [2023-05-30T10:40:43.482+0000] {dag.py:2726} INFO - Sync 1 DAGs
[2023-05-30T10:40:43.513+0000] {logging_mixin.py:149} INFO - [2023-05-30T10:40:43.513+0000] {dag.py:3490} INFO - Setting next_dagrun for tutorial to 2023-05-29T10:40:43.513138+00:00, run_after=2023-05-30T10:40:43.513138+00:00
[2023-05-30T10:40:43.536+0000] {processor.py:178} INFO - Processing /home/airflow/.local/lib/python3.7/site-packages/airflow/example_dags/tutorial.py took 0.107 seconds
[2023-05-30T10:41:13.631+0000] {processor.py:156} INFO - Started process (PID=3944) to work on /home/airflow/.local/lib/python3.7/site-packages/airflow/example_dags/tutorial.py
[2023-05-30T10:41:13.632+0000] {processor.py:799} INFO - Processing file /home/airflow/.local/lib/python3.7/site-packages/airflow/example_dags/tutorial.py for tasks to queue
[2023-05-30T10:41:13.633+0000] {logging_mixin.py:149} INFO - [2023-05-30T10:41:13.633+0000] {dagbag.py:541} INFO - Filling up the DagBag from /home/airflow/.local/lib/python3.7/site-packages/airflow/example_dags/tutorial.py
[2023-05-30T10:41:13.640+0000] {processor.py:809} INFO - DAG(s) dict_keys(['tutorial']) retrieved from /home/airflow/.local/lib/python3.7/site-packages/airflow/example_dags/tutorial.py
[2023-05-30T10:41:13.667+0000] {logging_mixin.py:149} INFO - [2023-05-30T10:41:13.667+0000] {dag.py:2726} INFO - Sync 1 DAGs
[2023-05-30T10:41:13.697+0000] {logging_mixin.py:149} INFO - [2023-05-30T10:41:13.697+0000] {dag.py:3490} INFO - Setting next_dagrun for tutorial to 2023-05-29T10:41:13.697162+00:00, run_after=2023-05-30T10:41:13.697162+00:00
[2023-05-30T10:41:13.719+0000] {processor.py:178} INFO - Processing /home/airflow/.local/lib/python3.7/site-packages/airflow/example_dags/tutorial.py took 0.092 seconds
[2023-05-30T10:48:34.683+0000] {processor.py:156} INFO - Started process (PID=60) to work on /home/airflow/.local/lib/python3.7/site-packages/airflow/example_dags/tutorial.py
[2023-05-30T10:48:34.685+0000] {processor.py:799} INFO - Processing file /home/airflow/.local/lib/python3.7/site-packages/airflow/example_dags/tutorial.py for tasks to queue
[2023-05-30T10:48:34.686+0000] {logging_mixin.py:149} INFO - [2023-05-30T10:48:34.686+0000] {dagbag.py:541} INFO - Filling up the DagBag from /home/airflow/.local/lib/python3.7/site-packages/airflow/example_dags/tutorial.py
[2023-05-30T10:48:34.701+0000] {processor.py:809} INFO - DAG(s) dict_keys(['tutorial']) retrieved from /home/airflow/.local/lib/python3.7/site-packages/airflow/example_dags/tutorial.py
[2023-05-30T10:48:34.746+0000] {logging_mixin.py:149} INFO - [2023-05-30T10:48:34.746+0000] {dag.py:2726} INFO - Sync 1 DAGs
[2023-05-30T10:48:34.785+0000] {logging_mixin.py:149} INFO - [2023-05-30T10:48:34.784+0000] {dag.py:3490} INFO - Setting next_dagrun for tutorial to 2023-05-29T10:48:34.784327+00:00, run_after=2023-05-30T10:48:34.784327+00:00
[2023-05-30T10:48:34.817+0000] {processor.py:178} INFO - Processing /home/airflow/.local/lib/python3.7/site-packages/airflow/example_dags/tutorial.py took 0.141 seconds
[2023-05-30T10:49:05.003+0000] {processor.py:156} INFO - Started process (PID=117) to work on /home/airflow/.local/lib/python3.7/site-packages/airflow/example_dags/tutorial.py
[2023-05-30T10:49:05.004+0000] {processor.py:799} INFO - Processing file /home/airflow/.local/lib/python3.7/site-packages/airflow/example_dags/tutorial.py for tasks to queue
[2023-05-30T10:49:05.005+0000] {logging_mixin.py:149} INFO - [2023-05-30T10:49:05.005+0000] {dagbag.py:541} INFO - Filling up the DagBag from /home/airflow/.local/lib/python3.7/site-packages/airflow/example_dags/tutorial.py
[2023-05-30T10:49:05.012+0000] {processor.py:809} INFO - DAG(s) dict_keys(['tutorial']) retrieved from /home/airflow/.local/lib/python3.7/site-packages/airflow/example_dags/tutorial.py
[2023-05-30T10:49:05.044+0000] {logging_mixin.py:149} INFO - [2023-05-30T10:49:05.044+0000] {dag.py:2726} INFO - Sync 1 DAGs
[2023-05-30T10:49:05.077+0000] {logging_mixin.py:149} INFO - [2023-05-30T10:49:05.077+0000] {dag.py:3490} INFO - Setting next_dagrun for tutorial to 2023-05-29T10:49:05.077027+00:00, run_after=2023-05-30T10:49:05.077027+00:00
[2023-05-30T10:49:05.099+0000] {processor.py:178} INFO - Processing /home/airflow/.local/lib/python3.7/site-packages/airflow/example_dags/tutorial.py took 0.100 seconds
[2023-05-30T10:49:35.189+0000] {processor.py:156} INFO - Started process (PID=175) to work on /home/airflow/.local/lib/python3.7/site-packages/airflow/example_dags/tutorial.py
[2023-05-30T10:49:35.190+0000] {processor.py:799} INFO - Processing file /home/airflow/.local/lib/python3.7/site-packages/airflow/example_dags/tutorial.py for tasks to queue
[2023-05-30T10:49:35.191+0000] {logging_mixin.py:149} INFO - [2023-05-30T10:49:35.191+0000] {dagbag.py:541} INFO - Filling up the DagBag from /home/airflow/.local/lib/python3.7/site-packages/airflow/example_dags/tutorial.py
[2023-05-30T10:49:35.199+0000] {processor.py:809} INFO - DAG(s) dict_keys(['tutorial']) retrieved from /home/airflow/.local/lib/python3.7/site-packages/airflow/example_dags/tutorial.py
[2023-05-30T10:49:35.226+0000] {logging_mixin.py:149} INFO - [2023-05-30T10:49:35.226+0000] {dag.py:2726} INFO - Sync 1 DAGs
[2023-05-30T10:49:35.258+0000] {logging_mixin.py:149} INFO - [2023-05-30T10:49:35.258+0000] {dag.py:3490} INFO - Setting next_dagrun for tutorial to 2023-05-29T10:49:35.257936+00:00, run_after=2023-05-30T10:49:35.257936+00:00
[2023-05-30T10:49:35.280+0000] {processor.py:178} INFO - Processing /home/airflow/.local/lib/python3.7/site-packages/airflow/example_dags/tutorial.py took 0.095 seconds
[2023-05-30T10:50:05.470+0000] {processor.py:156} INFO - Started process (PID=232) to work on /home/airflow/.local/lib/python3.7/site-packages/airflow/example_dags/tutorial.py
[2023-05-30T10:50:05.471+0000] {processor.py:799} INFO - Processing file /home/airflow/.local/lib/python3.7/site-packages/airflow/example_dags/tutorial.py for tasks to queue
[2023-05-30T10:50:05.471+0000] {logging_mixin.py:149} INFO - [2023-05-30T10:50:05.471+0000] {dagbag.py:541} INFO - Filling up the DagBag from /home/airflow/.local/lib/python3.7/site-packages/airflow/example_dags/tutorial.py
[2023-05-30T10:50:05.479+0000] {processor.py:809} INFO - DAG(s) dict_keys(['tutorial']) retrieved from /home/airflow/.local/lib/python3.7/site-packages/airflow/example_dags/tutorial.py
[2023-05-30T10:50:05.507+0000] {logging_mixin.py:149} INFO - [2023-05-30T10:50:05.507+0000] {dag.py:2726} INFO - Sync 1 DAGs
[2023-05-30T10:50:05.538+0000] {logging_mixin.py:149} INFO - [2023-05-30T10:50:05.538+0000] {dag.py:3490} INFO - Setting next_dagrun for tutorial to 2023-05-29T10:50:05.537812+00:00, run_after=2023-05-30T10:50:05.537812+00:00
[2023-05-30T10:50:05.560+0000] {processor.py:178} INFO - Processing /home/airflow/.local/lib/python3.7/site-packages/airflow/example_dags/tutorial.py took 0.094 seconds
[2023-05-30T10:50:36.320+0000] {processor.py:156} INFO - Started process (PID=289) to work on /home/airflow/.local/lib/python3.7/site-packages/airflow/example_dags/tutorial.py
[2023-05-30T10:50:36.321+0000] {processor.py:799} INFO - Processing file /home/airflow/.local/lib/python3.7/site-packages/airflow/example_dags/tutorial.py for tasks to queue
[2023-05-30T10:50:36.322+0000] {logging_mixin.py:149} INFO - [2023-05-30T10:50:36.322+0000] {dagbag.py:541} INFO - Filling up the DagBag from /home/airflow/.local/lib/python3.7/site-packages/airflow/example_dags/tutorial.py
[2023-05-30T10:50:36.330+0000] {processor.py:809} INFO - DAG(s) dict_keys(['tutorial']) retrieved from /home/airflow/.local/lib/python3.7/site-packages/airflow/example_dags/tutorial.py
[2023-05-30T10:50:36.359+0000] {logging_mixin.py:149} INFO - [2023-05-30T10:50:36.359+0000] {dag.py:2726} INFO - Sync 1 DAGs
[2023-05-30T10:50:36.390+0000] {logging_mixin.py:149} INFO - [2023-05-30T10:50:36.390+0000] {dag.py:3490} INFO - Setting next_dagrun for tutorial to 2023-05-29T10:50:36.390411+00:00, run_after=2023-05-30T10:50:36.390411+00:00
[2023-05-30T10:50:36.415+0000] {processor.py:178} INFO - Processing /home/airflow/.local/lib/python3.7/site-packages/airflow/example_dags/tutorial.py took 0.099 seconds
[2023-05-30T10:51:06.712+0000] {processor.py:156} INFO - Started process (PID=347) to work on /home/airflow/.local/lib/python3.7/site-packages/airflow/example_dags/tutorial.py
[2023-05-30T10:51:06.713+0000] {processor.py:799} INFO - Processing file /home/airflow/.local/lib/python3.7/site-packages/airflow/example_dags/tutorial.py for tasks to queue
[2023-05-30T10:51:06.714+0000] {logging_mixin.py:149} INFO - [2023-05-30T10:51:06.714+0000] {dagbag.py:541} INFO - Filling up the DagBag from /home/airflow/.local/lib/python3.7/site-packages/airflow/example_dags/tutorial.py
[2023-05-30T10:51:06.722+0000] {processor.py:809} INFO - DAG(s) dict_keys(['tutorial']) retrieved from /home/airflow/.local/lib/python3.7/site-packages/airflow/example_dags/tutorial.py
[2023-05-30T10:51:06.749+0000] {logging_mixin.py:149} INFO - [2023-05-30T10:51:06.749+0000] {dag.py:2726} INFO - Sync 1 DAGs
[2023-05-30T10:51:06.779+0000] {logging_mixin.py:149} INFO - [2023-05-30T10:51:06.779+0000] {dag.py:3490} INFO - Setting next_dagrun for tutorial to 2023-05-29T10:51:06.778754+00:00, run_after=2023-05-30T10:51:06.778754+00:00
[2023-05-30T10:51:06.799+0000] {processor.py:178} INFO - Processing /home/airflow/.local/lib/python3.7/site-packages/airflow/example_dags/tutorial.py took 0.091 seconds
