[2023-05-31T09:46:26.932+0000] {processor.py:156} INFO - Started process (PID=31) to work on /opt/airflow/dags/emr_example.py
[2023-05-31T09:46:26.934+0000] {processor.py:799} INFO - Processing file /opt/airflow/dags/emr_example.py for tasks to queue
[2023-05-31T09:46:26.940+0000] {logging_mixin.py:149} INFO - [2023-05-31T09:46:26.940+0000] {dagbag.py:541} INFO - Filling up the DagBag from /opt/airflow/dags/emr_example.py
[2023-05-31T09:46:26.951+0000] {logging_mixin.py:149} INFO - [2023-05-31T09:46:26.951+0000] {crypto.py:83} WARNING - empty cryptography key - values will not be stored encrypted.
[2023-05-31T09:46:26.974+0000] {logging_mixin.py:149} WARNING - /home/airflow/.local/lib/python3.7/site-packages/airflow/models/baseoperator.py:429 UserWarning: The parameter waiter_countdown has been deprecated to standardize naming conventions.  Please use waiter_max_attempts instead.  In the future this will default to None and defer to the waiter's default value.
[2023-05-31T09:46:26.975+0000] {logging_mixin.py:149} WARNING - /home/airflow/.local/lib/python3.7/site-packages/airflow/models/baseoperator.py:429 UserWarning: The parameter waiter_check_interval_seconds has been deprecated to standardize naming conventions.  Please use waiter_delay instead.  In the future this will default to None and defer to the waiter's default value.
[2023-05-31T09:46:26.977+0000] {logging_mixin.py:149} INFO - [2023-05-31T09:46:26.977+0000] {taskmixin.py:211} WARNING - Dependency <Task(EmrCreateJobFlowOperator): create_job_flow>, add_steps already registered for DAG: emr_example
[2023-05-31T09:46:26.978+0000] {logging_mixin.py:149} INFO - [2023-05-31T09:46:26.978+0000] {taskmixin.py:211} WARNING - Dependency <Task(EmrAddStepsOperator): add_steps>, create_job_flow already registered for DAG: emr_example
[2023-05-31T09:46:26.989+0000] {processor.py:809} INFO - DAG(s) dict_keys(['emr_example']) retrieved from /opt/airflow/dags/emr_example.py
[2023-05-31T09:46:27.065+0000] {logging_mixin.py:149} INFO - [2023-05-31T09:46:27.065+0000] {dag.py:2726} INFO - Sync 1 DAGs
[2023-05-31T09:46:27.174+0000] {logging_mixin.py:149} INFO - [2023-05-31T09:46:27.174+0000] {dag.py:3490} INFO - Setting next_dagrun for emr_example to 2023-05-28T00:00:00+00:00, run_after=2023-05-28T00:00:00+00:00
[2023-05-31T09:46:27.220+0000] {processor.py:178} INFO - Processing /opt/airflow/dags/emr_example.py took 0.300 seconds
[2023-05-31T09:46:57.659+0000] {processor.py:156} INFO - Started process (PID=88) to work on /opt/airflow/dags/emr_example.py
[2023-05-31T09:46:57.662+0000] {processor.py:799} INFO - Processing file /opt/airflow/dags/emr_example.py for tasks to queue
[2023-05-31T09:46:57.662+0000] {logging_mixin.py:149} INFO - [2023-05-31T09:46:57.662+0000] {dagbag.py:541} INFO - Filling up the DagBag from /opt/airflow/dags/emr_example.py
[2023-05-31T09:46:57.666+0000] {logging_mixin.py:149} INFO - [2023-05-31T09:46:57.666+0000] {crypto.py:83} WARNING - empty cryptography key - values will not be stored encrypted.
[2023-05-31T09:46:57.676+0000] {logging_mixin.py:149} WARNING - /home/airflow/.local/lib/python3.7/site-packages/airflow/models/baseoperator.py:429 UserWarning: The parameter waiter_countdown has been deprecated to standardize naming conventions.  Please use waiter_max_attempts instead.  In the future this will default to None and defer to the waiter's default value.
[2023-05-31T09:46:57.678+0000] {logging_mixin.py:149} WARNING - /home/airflow/.local/lib/python3.7/site-packages/airflow/models/baseoperator.py:429 UserWarning: The parameter waiter_check_interval_seconds has been deprecated to standardize naming conventions.  Please use waiter_delay instead.  In the future this will default to None and defer to the waiter's default value.
[2023-05-31T09:46:57.681+0000] {logging_mixin.py:149} INFO - [2023-05-31T09:46:57.681+0000] {taskmixin.py:211} WARNING - Dependency <Task(EmrCreateJobFlowOperator): create_job_flow>, add_steps already registered for DAG: emr_example
[2023-05-31T09:46:57.682+0000] {logging_mixin.py:149} INFO - [2023-05-31T09:46:57.682+0000] {taskmixin.py:211} WARNING - Dependency <Task(EmrAddStepsOperator): add_steps>, create_job_flow already registered for DAG: emr_example
[2023-05-31T09:46:57.686+0000] {processor.py:809} INFO - DAG(s) dict_keys(['emr_example']) retrieved from /opt/airflow/dags/emr_example.py
[2023-05-31T09:46:57.720+0000] {logging_mixin.py:149} INFO - [2023-05-31T09:46:57.719+0000] {dag.py:2726} INFO - Sync 1 DAGs
[2023-05-31T09:46:57.754+0000] {logging_mixin.py:149} INFO - [2023-05-31T09:46:57.754+0000] {dag.py:3490} INFO - Setting next_dagrun for emr_example to 2023-05-28T00:00:00+00:00, run_after=2023-05-28T00:00:00+00:00
[2023-05-31T09:46:57.777+0000] {processor.py:178} INFO - Processing /opt/airflow/dags/emr_example.py took 0.123 seconds
[2023-05-31T09:47:28.324+0000] {processor.py:156} INFO - Started process (PID=144) to work on /opt/airflow/dags/emr_example.py
[2023-05-31T09:47:28.326+0000] {processor.py:799} INFO - Processing file /opt/airflow/dags/emr_example.py for tasks to queue
[2023-05-31T09:47:28.327+0000] {logging_mixin.py:149} INFO - [2023-05-31T09:47:28.326+0000] {dagbag.py:541} INFO - Filling up the DagBag from /opt/airflow/dags/emr_example.py
[2023-05-31T09:47:28.330+0000] {logging_mixin.py:149} INFO - [2023-05-31T09:47:28.330+0000] {crypto.py:83} WARNING - empty cryptography key - values will not be stored encrypted.
[2023-05-31T09:47:28.340+0000] {logging_mixin.py:149} WARNING - /home/airflow/.local/lib/python3.7/site-packages/airflow/models/baseoperator.py:429 UserWarning: The parameter waiter_countdown has been deprecated to standardize naming conventions.  Please use waiter_max_attempts instead.  In the future this will default to None and defer to the waiter's default value.
[2023-05-31T09:47:28.341+0000] {logging_mixin.py:149} WARNING - /home/airflow/.local/lib/python3.7/site-packages/airflow/models/baseoperator.py:429 UserWarning: The parameter waiter_check_interval_seconds has been deprecated to standardize naming conventions.  Please use waiter_delay instead.  In the future this will default to None and defer to the waiter's default value.
[2023-05-31T09:47:28.343+0000] {logging_mixin.py:149} INFO - [2023-05-31T09:47:28.343+0000] {taskmixin.py:211} WARNING - Dependency <Task(EmrCreateJobFlowOperator): create_job_flow>, add_steps already registered for DAG: emr_example
[2023-05-31T09:47:28.344+0000] {logging_mixin.py:149} INFO - [2023-05-31T09:47:28.344+0000] {taskmixin.py:211} WARNING - Dependency <Task(EmrAddStepsOperator): add_steps>, create_job_flow already registered for DAG: emr_example
[2023-05-31T09:47:28.350+0000] {processor.py:809} INFO - DAG(s) dict_keys(['emr_example']) retrieved from /opt/airflow/dags/emr_example.py
[2023-05-31T09:47:28.383+0000] {logging_mixin.py:149} INFO - [2023-05-31T09:47:28.383+0000] {dag.py:2726} INFO - Sync 1 DAGs
[2023-05-31T09:47:28.417+0000] {logging_mixin.py:149} INFO - [2023-05-31T09:47:28.416+0000] {dag.py:3490} INFO - Setting next_dagrun for emr_example to 2023-05-28T00:00:00+00:00, run_after=2023-05-28T00:00:00+00:00
[2023-05-31T09:47:28.442+0000] {processor.py:178} INFO - Processing /opt/airflow/dags/emr_example.py took 0.122 seconds
[2023-05-31T09:47:58.893+0000] {processor.py:156} INFO - Started process (PID=201) to work on /opt/airflow/dags/emr_example.py
[2023-05-31T09:47:58.895+0000] {processor.py:799} INFO - Processing file /opt/airflow/dags/emr_example.py for tasks to queue
[2023-05-31T09:47:58.896+0000] {logging_mixin.py:149} INFO - [2023-05-31T09:47:58.895+0000] {dagbag.py:541} INFO - Filling up the DagBag from /opt/airflow/dags/emr_example.py
[2023-05-31T09:47:58.899+0000] {logging_mixin.py:149} INFO - [2023-05-31T09:47:58.899+0000] {crypto.py:83} WARNING - empty cryptography key - values will not be stored encrypted.
[2023-05-31T09:47:58.910+0000] {logging_mixin.py:149} WARNING - /home/airflow/.local/lib/python3.7/site-packages/airflow/models/baseoperator.py:429 UserWarning: The parameter waiter_countdown has been deprecated to standardize naming conventions.  Please use waiter_max_attempts instead.  In the future this will default to None and defer to the waiter's default value.
[2023-05-31T09:47:58.911+0000] {logging_mixin.py:149} WARNING - /home/airflow/.local/lib/python3.7/site-packages/airflow/models/baseoperator.py:429 UserWarning: The parameter waiter_check_interval_seconds has been deprecated to standardize naming conventions.  Please use waiter_delay instead.  In the future this will default to None and defer to the waiter's default value.
[2023-05-31T09:47:58.914+0000] {logging_mixin.py:149} INFO - [2023-05-31T09:47:58.914+0000] {taskmixin.py:211} WARNING - Dependency <Task(EmrCreateJobFlowOperator): create_job_flow>, add_steps already registered for DAG: emr_example
[2023-05-31T09:47:58.914+0000] {logging_mixin.py:149} INFO - [2023-05-31T09:47:58.914+0000] {taskmixin.py:211} WARNING - Dependency <Task(EmrAddStepsOperator): add_steps>, create_job_flow already registered for DAG: emr_example
[2023-05-31T09:47:58.919+0000] {processor.py:809} INFO - DAG(s) dict_keys(['emr_example']) retrieved from /opt/airflow/dags/emr_example.py
[2023-05-31T09:47:58.952+0000] {logging_mixin.py:149} INFO - [2023-05-31T09:47:58.952+0000] {dag.py:2726} INFO - Sync 1 DAGs
[2023-05-31T09:47:58.987+0000] {logging_mixin.py:149} INFO - [2023-05-31T09:47:58.986+0000] {dag.py:3490} INFO - Setting next_dagrun for emr_example to 2023-05-28T00:00:00+00:00, run_after=2023-05-28T00:00:00+00:00
[2023-05-31T09:47:59.013+0000] {processor.py:178} INFO - Processing /opt/airflow/dags/emr_example.py took 0.124 seconds
[2023-05-31T09:48:29.506+0000] {processor.py:156} INFO - Started process (PID=258) to work on /opt/airflow/dags/emr_example.py
[2023-05-31T09:48:29.507+0000] {processor.py:799} INFO - Processing file /opt/airflow/dags/emr_example.py for tasks to queue
[2023-05-31T09:48:29.508+0000] {logging_mixin.py:149} INFO - [2023-05-31T09:48:29.508+0000] {dagbag.py:541} INFO - Filling up the DagBag from /opt/airflow/dags/emr_example.py
[2023-05-31T09:48:29.511+0000] {logging_mixin.py:149} INFO - [2023-05-31T09:48:29.511+0000] {crypto.py:83} WARNING - empty cryptography key - values will not be stored encrypted.
[2023-05-31T09:48:29.521+0000] {logging_mixin.py:149} WARNING - /home/airflow/.local/lib/python3.7/site-packages/airflow/models/baseoperator.py:429 UserWarning: The parameter waiter_countdown has been deprecated to standardize naming conventions.  Please use waiter_max_attempts instead.  In the future this will default to None and defer to the waiter's default value.
[2023-05-31T09:48:29.522+0000] {logging_mixin.py:149} WARNING - /home/airflow/.local/lib/python3.7/site-packages/airflow/models/baseoperator.py:429 UserWarning: The parameter waiter_check_interval_seconds has been deprecated to standardize naming conventions.  Please use waiter_delay instead.  In the future this will default to None and defer to the waiter's default value.
[2023-05-31T09:48:29.525+0000] {logging_mixin.py:149} INFO - [2023-05-31T09:48:29.525+0000] {taskmixin.py:211} WARNING - Dependency <Task(EmrCreateJobFlowOperator): create_job_flow>, add_steps already registered for DAG: emr_example
[2023-05-31T09:48:29.525+0000] {logging_mixin.py:149} INFO - [2023-05-31T09:48:29.525+0000] {taskmixin.py:211} WARNING - Dependency <Task(EmrAddStepsOperator): add_steps>, create_job_flow already registered for DAG: emr_example
[2023-05-31T09:48:29.533+0000] {processor.py:809} INFO - DAG(s) dict_keys(['emr_example']) retrieved from /opt/airflow/dags/emr_example.py
[2023-05-31T09:48:29.567+0000] {logging_mixin.py:149} INFO - [2023-05-31T09:48:29.567+0000] {dag.py:2726} INFO - Sync 1 DAGs
[2023-05-31T09:48:29.599+0000] {logging_mixin.py:149} INFO - [2023-05-31T09:48:29.599+0000] {dag.py:3490} INFO - Setting next_dagrun for emr_example to 2023-05-28T00:00:00+00:00, run_after=2023-05-28T00:00:00+00:00
[2023-05-31T09:48:29.624+0000] {processor.py:178} INFO - Processing /opt/airflow/dags/emr_example.py took 0.123 seconds
[2023-05-31T09:49:00.018+0000] {processor.py:156} INFO - Started process (PID=315) to work on /opt/airflow/dags/emr_example.py
[2023-05-31T09:49:00.019+0000] {processor.py:799} INFO - Processing file /opt/airflow/dags/emr_example.py for tasks to queue
[2023-05-31T09:49:00.020+0000] {logging_mixin.py:149} INFO - [2023-05-31T09:49:00.020+0000] {dagbag.py:541} INFO - Filling up the DagBag from /opt/airflow/dags/emr_example.py
[2023-05-31T09:49:00.023+0000] {logging_mixin.py:149} INFO - [2023-05-31T09:49:00.023+0000] {crypto.py:83} WARNING - empty cryptography key - values will not be stored encrypted.
[2023-05-31T09:49:00.033+0000] {logging_mixin.py:149} WARNING - /home/airflow/.local/lib/python3.7/site-packages/airflow/models/baseoperator.py:429 UserWarning: The parameter waiter_countdown has been deprecated to standardize naming conventions.  Please use waiter_max_attempts instead.  In the future this will default to None and defer to the waiter's default value.
[2023-05-31T09:49:00.034+0000] {logging_mixin.py:149} WARNING - /home/airflow/.local/lib/python3.7/site-packages/airflow/models/baseoperator.py:429 UserWarning: The parameter waiter_check_interval_seconds has been deprecated to standardize naming conventions.  Please use waiter_delay instead.  In the future this will default to None and defer to the waiter's default value.
[2023-05-31T09:49:00.037+0000] {logging_mixin.py:149} INFO - [2023-05-31T09:49:00.036+0000] {taskmixin.py:211} WARNING - Dependency <Task(EmrCreateJobFlowOperator): create_job_flow>, add_steps already registered for DAG: emr_example
[2023-05-31T09:49:00.037+0000] {logging_mixin.py:149} INFO - [2023-05-31T09:49:00.037+0000] {taskmixin.py:211} WARNING - Dependency <Task(EmrAddStepsOperator): add_steps>, create_job_flow already registered for DAG: emr_example
[2023-05-31T09:49:00.042+0000] {processor.py:809} INFO - DAG(s) dict_keys(['emr_example']) retrieved from /opt/airflow/dags/emr_example.py
[2023-05-31T09:49:00.072+0000] {logging_mixin.py:149} INFO - [2023-05-31T09:49:00.072+0000] {dag.py:2726} INFO - Sync 1 DAGs
[2023-05-31T09:49:00.104+0000] {logging_mixin.py:149} INFO - [2023-05-31T09:49:00.104+0000] {dag.py:3490} INFO - Setting next_dagrun for emr_example to 2023-05-28T00:00:00+00:00, run_after=2023-05-28T00:00:00+00:00
[2023-05-31T09:49:00.126+0000] {processor.py:178} INFO - Processing /opt/airflow/dags/emr_example.py took 0.112 seconds
[2023-05-31T09:49:30.892+0000] {processor.py:156} INFO - Started process (PID=373) to work on /opt/airflow/dags/emr_example.py
[2023-05-31T09:49:30.901+0000] {processor.py:799} INFO - Processing file /opt/airflow/dags/emr_example.py for tasks to queue
[2023-05-31T09:49:30.902+0000] {logging_mixin.py:149} INFO - [2023-05-31T09:49:30.902+0000] {dagbag.py:541} INFO - Filling up the DagBag from /opt/airflow/dags/emr_example.py
[2023-05-31T09:49:30.905+0000] {logging_mixin.py:149} INFO - [2023-05-31T09:49:30.905+0000] {crypto.py:83} WARNING - empty cryptography key - values will not be stored encrypted.
[2023-05-31T09:49:30.918+0000] {logging_mixin.py:149} WARNING - /home/airflow/.local/lib/python3.7/site-packages/airflow/models/baseoperator.py:429 UserWarning: The parameter waiter_countdown has been deprecated to standardize naming conventions.  Please use waiter_max_attempts instead.  In the future this will default to None and defer to the waiter's default value.
[2023-05-31T09:49:30.919+0000] {logging_mixin.py:149} WARNING - /home/airflow/.local/lib/python3.7/site-packages/airflow/models/baseoperator.py:429 UserWarning: The parameter waiter_check_interval_seconds has been deprecated to standardize naming conventions.  Please use waiter_delay instead.  In the future this will default to None and defer to the waiter's default value.
[2023-05-31T09:49:30.922+0000] {logging_mixin.py:149} INFO - [2023-05-31T09:49:30.921+0000] {taskmixin.py:211} WARNING - Dependency <Task(EmrCreateJobFlowOperator): create_job_flow>, add_steps already registered for DAG: emr_example
[2023-05-31T09:49:30.922+0000] {logging_mixin.py:149} INFO - [2023-05-31T09:49:30.922+0000] {taskmixin.py:211} WARNING - Dependency <Task(EmrAddStepsOperator): add_steps>, create_job_flow already registered for DAG: emr_example
[2023-05-31T09:49:30.926+0000] {processor.py:809} INFO - DAG(s) dict_keys(['emr_example']) retrieved from /opt/airflow/dags/emr_example.py
[2023-05-31T09:49:31.011+0000] {logging_mixin.py:149} INFO - [2023-05-31T09:49:31.011+0000] {dag.py:2726} INFO - Sync 1 DAGs
[2023-05-31T09:49:31.055+0000] {logging_mixin.py:149} INFO - [2023-05-31T09:49:31.054+0000] {dag.py:3490} INFO - Setting next_dagrun for emr_example to 2023-05-28T00:00:00+00:00, run_after=2023-05-28T00:00:00+00:00
[2023-05-31T09:49:31.079+0000] {processor.py:178} INFO - Processing /opt/airflow/dags/emr_example.py took 0.193 seconds
[2023-05-31T09:50:01.150+0000] {processor.py:156} INFO - Started process (PID=430) to work on /opt/airflow/dags/emr_example.py
[2023-05-31T09:50:01.151+0000] {processor.py:799} INFO - Processing file /opt/airflow/dags/emr_example.py for tasks to queue
[2023-05-31T09:50:01.152+0000] {logging_mixin.py:149} INFO - [2023-05-31T09:50:01.151+0000] {dagbag.py:541} INFO - Filling up the DagBag from /opt/airflow/dags/emr_example.py
[2023-05-31T09:50:01.155+0000] {logging_mixin.py:149} INFO - [2023-05-31T09:50:01.154+0000] {crypto.py:83} WARNING - empty cryptography key - values will not be stored encrypted.
[2023-05-31T09:50:01.164+0000] {logging_mixin.py:149} WARNING - /home/airflow/.local/lib/python3.7/site-packages/airflow/models/baseoperator.py:429 UserWarning: The parameter waiter_countdown has been deprecated to standardize naming conventions.  Please use waiter_max_attempts instead.  In the future this will default to None and defer to the waiter's default value.
[2023-05-31T09:50:01.166+0000] {logging_mixin.py:149} WARNING - /home/airflow/.local/lib/python3.7/site-packages/airflow/models/baseoperator.py:429 UserWarning: The parameter waiter_check_interval_seconds has been deprecated to standardize naming conventions.  Please use waiter_delay instead.  In the future this will default to None and defer to the waiter's default value.
[2023-05-31T09:50:01.168+0000] {logging_mixin.py:149} INFO - [2023-05-31T09:50:01.168+0000] {taskmixin.py:211} WARNING - Dependency <Task(EmrCreateJobFlowOperator): create_job_flow>, add_steps already registered for DAG: emr_example
[2023-05-31T09:50:01.168+0000] {logging_mixin.py:149} INFO - [2023-05-31T09:50:01.168+0000] {taskmixin.py:211} WARNING - Dependency <Task(EmrAddStepsOperator): add_steps>, create_job_flow already registered for DAG: emr_example
[2023-05-31T09:50:01.173+0000] {processor.py:809} INFO - DAG(s) dict_keys(['emr_example']) retrieved from /opt/airflow/dags/emr_example.py
[2023-05-31T09:50:01.204+0000] {logging_mixin.py:149} INFO - [2023-05-31T09:50:01.204+0000] {dag.py:2726} INFO - Sync 1 DAGs
[2023-05-31T09:50:01.243+0000] {logging_mixin.py:149} INFO - [2023-05-31T09:50:01.242+0000] {dag.py:3490} INFO - Setting next_dagrun for emr_example to 2023-05-28T00:00:00+00:00, run_after=2023-05-28T00:00:00+00:00
[2023-05-31T09:50:01.281+0000] {processor.py:178} INFO - Processing /opt/airflow/dags/emr_example.py took 0.135 seconds
[2023-05-31T09:50:31.859+0000] {processor.py:156} INFO - Started process (PID=487) to work on /opt/airflow/dags/emr_example.py
[2023-05-31T09:50:31.865+0000] {processor.py:799} INFO - Processing file /opt/airflow/dags/emr_example.py for tasks to queue
[2023-05-31T09:50:31.866+0000] {logging_mixin.py:149} INFO - [2023-05-31T09:50:31.865+0000] {dagbag.py:541} INFO - Filling up the DagBag from /opt/airflow/dags/emr_example.py
[2023-05-31T09:50:31.868+0000] {logging_mixin.py:149} INFO - [2023-05-31T09:50:31.868+0000] {crypto.py:83} WARNING - empty cryptography key - values will not be stored encrypted.
[2023-05-31T09:50:31.891+0000] {logging_mixin.py:149} WARNING - /home/airflow/.local/lib/python3.7/site-packages/airflow/models/baseoperator.py:429 UserWarning: The parameter waiter_countdown has been deprecated to standardize naming conventions.  Please use waiter_max_attempts instead.  In the future this will default to None and defer to the waiter's default value.
[2023-05-31T09:50:31.892+0000] {logging_mixin.py:149} WARNING - /home/airflow/.local/lib/python3.7/site-packages/airflow/models/baseoperator.py:429 UserWarning: The parameter waiter_check_interval_seconds has been deprecated to standardize naming conventions.  Please use waiter_delay instead.  In the future this will default to None and defer to the waiter's default value.
[2023-05-31T09:50:31.911+0000] {logging_mixin.py:149} INFO - [2023-05-31T09:50:31.911+0000] {taskmixin.py:211} WARNING - Dependency <Task(EmrCreateJobFlowOperator): create_job_flow>, add_steps already registered for DAG: emr_example
[2023-05-31T09:50:31.911+0000] {logging_mixin.py:149} INFO - [2023-05-31T09:50:31.911+0000] {taskmixin.py:211} WARNING - Dependency <Task(EmrAddStepsOperator): add_steps>, create_job_flow already registered for DAG: emr_example
[2023-05-31T09:50:31.919+0000] {processor.py:809} INFO - DAG(s) dict_keys(['emr_example']) retrieved from /opt/airflow/dags/emr_example.py
[2023-05-31T09:50:31.957+0000] {logging_mixin.py:149} INFO - [2023-05-31T09:50:31.956+0000] {dag.py:2726} INFO - Sync 1 DAGs
[2023-05-31T09:50:31.989+0000] {logging_mixin.py:149} INFO - [2023-05-31T09:50:31.989+0000] {dag.py:3490} INFO - Setting next_dagrun for emr_example to 2023-05-28T00:00:00+00:00, run_after=2023-05-28T00:00:00+00:00
[2023-05-31T09:50:32.024+0000] {processor.py:178} INFO - Processing /opt/airflow/dags/emr_example.py took 0.169 seconds
[2023-05-31T09:51:02.072+0000] {processor.py:156} INFO - Started process (PID=543) to work on /opt/airflow/dags/emr_example.py
[2023-05-31T09:51:02.073+0000] {processor.py:799} INFO - Processing file /opt/airflow/dags/emr_example.py for tasks to queue
[2023-05-31T09:51:02.073+0000] {logging_mixin.py:149} INFO - [2023-05-31T09:51:02.073+0000] {dagbag.py:541} INFO - Filling up the DagBag from /opt/airflow/dags/emr_example.py
[2023-05-31T09:51:02.076+0000] {logging_mixin.py:149} INFO - [2023-05-31T09:51:02.076+0000] {crypto.py:83} WARNING - empty cryptography key - values will not be stored encrypted.
[2023-05-31T09:51:02.086+0000] {logging_mixin.py:149} WARNING - /home/airflow/.local/lib/python3.7/site-packages/airflow/models/baseoperator.py:429 UserWarning: The parameter waiter_countdown has been deprecated to standardize naming conventions.  Please use waiter_max_attempts instead.  In the future this will default to None and defer to the waiter's default value.
[2023-05-31T09:51:02.087+0000] {logging_mixin.py:149} WARNING - /home/airflow/.local/lib/python3.7/site-packages/airflow/models/baseoperator.py:429 UserWarning: The parameter waiter_check_interval_seconds has been deprecated to standardize naming conventions.  Please use waiter_delay instead.  In the future this will default to None and defer to the waiter's default value.
[2023-05-31T09:51:02.090+0000] {logging_mixin.py:149} INFO - [2023-05-31T09:51:02.089+0000] {taskmixin.py:211} WARNING - Dependency <Task(EmrCreateJobFlowOperator): create_job_flow>, add_steps already registered for DAG: emr_example
[2023-05-31T09:51:02.090+0000] {logging_mixin.py:149} INFO - [2023-05-31T09:51:02.090+0000] {taskmixin.py:211} WARNING - Dependency <Task(EmrAddStepsOperator): add_steps>, create_job_flow already registered for DAG: emr_example
[2023-05-31T09:51:02.094+0000] {processor.py:809} INFO - DAG(s) dict_keys(['emr_example']) retrieved from /opt/airflow/dags/emr_example.py
[2023-05-31T09:51:02.125+0000] {logging_mixin.py:149} INFO - [2023-05-31T09:51:02.125+0000] {dag.py:2726} INFO - Sync 1 DAGs
[2023-05-31T09:51:02.156+0000] {logging_mixin.py:149} INFO - [2023-05-31T09:51:02.155+0000] {dag.py:3490} INFO - Setting next_dagrun for emr_example to 2023-05-28T00:00:00+00:00, run_after=2023-05-28T00:00:00+00:00
[2023-05-31T09:51:02.178+0000] {processor.py:178} INFO - Processing /opt/airflow/dags/emr_example.py took 0.110 seconds
[2023-05-31T09:51:32.572+0000] {processor.py:156} INFO - Started process (PID=601) to work on /opt/airflow/dags/emr_example.py
[2023-05-31T09:51:32.574+0000] {processor.py:799} INFO - Processing file /opt/airflow/dags/emr_example.py for tasks to queue
[2023-05-31T09:51:32.574+0000] {logging_mixin.py:149} INFO - [2023-05-31T09:51:32.574+0000] {dagbag.py:541} INFO - Filling up the DagBag from /opt/airflow/dags/emr_example.py
[2023-05-31T09:51:32.577+0000] {logging_mixin.py:149} INFO - [2023-05-31T09:51:32.577+0000] {crypto.py:83} WARNING - empty cryptography key - values will not be stored encrypted.
[2023-05-31T09:51:32.587+0000] {logging_mixin.py:149} WARNING - /home/airflow/.local/lib/python3.7/site-packages/airflow/models/baseoperator.py:429 UserWarning: The parameter waiter_countdown has been deprecated to standardize naming conventions.  Please use waiter_max_attempts instead.  In the future this will default to None and defer to the waiter's default value.
[2023-05-31T09:51:32.588+0000] {logging_mixin.py:149} WARNING - /home/airflow/.local/lib/python3.7/site-packages/airflow/models/baseoperator.py:429 UserWarning: The parameter waiter_check_interval_seconds has been deprecated to standardize naming conventions.  Please use waiter_delay instead.  In the future this will default to None and defer to the waiter's default value.
[2023-05-31T09:51:32.590+0000] {logging_mixin.py:149} INFO - [2023-05-31T09:51:32.590+0000] {taskmixin.py:211} WARNING - Dependency <Task(EmrCreateJobFlowOperator): create_job_flow>, add_steps already registered for DAG: emr_example
[2023-05-31T09:51:32.591+0000] {logging_mixin.py:149} INFO - [2023-05-31T09:51:32.591+0000] {taskmixin.py:211} WARNING - Dependency <Task(EmrAddStepsOperator): add_steps>, create_job_flow already registered for DAG: emr_example
[2023-05-31T09:51:32.595+0000] {processor.py:809} INFO - DAG(s) dict_keys(['emr_example']) retrieved from /opt/airflow/dags/emr_example.py
[2023-05-31T09:51:32.625+0000] {logging_mixin.py:149} INFO - [2023-05-31T09:51:32.625+0000] {dag.py:2726} INFO - Sync 1 DAGs
[2023-05-31T09:51:32.656+0000] {logging_mixin.py:149} INFO - [2023-05-31T09:51:32.656+0000] {dag.py:3490} INFO - Setting next_dagrun for emr_example to 2023-05-28T00:00:00+00:00, run_after=2023-05-28T00:00:00+00:00
[2023-05-31T09:51:32.677+0000] {processor.py:178} INFO - Processing /opt/airflow/dags/emr_example.py took 0.108 seconds
[2023-05-31T09:52:03.118+0000] {processor.py:156} INFO - Started process (PID=659) to work on /opt/airflow/dags/emr_example.py
[2023-05-31T09:52:03.119+0000] {processor.py:799} INFO - Processing file /opt/airflow/dags/emr_example.py for tasks to queue
[2023-05-31T09:52:03.120+0000] {logging_mixin.py:149} INFO - [2023-05-31T09:52:03.120+0000] {dagbag.py:541} INFO - Filling up the DagBag from /opt/airflow/dags/emr_example.py
[2023-05-31T09:52:03.123+0000] {logging_mixin.py:149} INFO - [2023-05-31T09:52:03.123+0000] {crypto.py:83} WARNING - empty cryptography key - values will not be stored encrypted.
[2023-05-31T09:52:03.133+0000] {logging_mixin.py:149} WARNING - /home/airflow/.local/lib/python3.7/site-packages/airflow/models/baseoperator.py:429 UserWarning: The parameter waiter_countdown has been deprecated to standardize naming conventions.  Please use waiter_max_attempts instead.  In the future this will default to None and defer to the waiter's default value.
[2023-05-31T09:52:03.134+0000] {logging_mixin.py:149} WARNING - /home/airflow/.local/lib/python3.7/site-packages/airflow/models/baseoperator.py:429 UserWarning: The parameter waiter_check_interval_seconds has been deprecated to standardize naming conventions.  Please use waiter_delay instead.  In the future this will default to None and defer to the waiter's default value.
[2023-05-31T09:52:03.136+0000] {logging_mixin.py:149} INFO - [2023-05-31T09:52:03.136+0000] {taskmixin.py:211} WARNING - Dependency <Task(EmrCreateJobFlowOperator): create_job_flow>, add_steps already registered for DAG: emr_example
[2023-05-31T09:52:03.136+0000] {logging_mixin.py:149} INFO - [2023-05-31T09:52:03.136+0000] {taskmixin.py:211} WARNING - Dependency <Task(EmrAddStepsOperator): add_steps>, create_job_flow already registered for DAG: emr_example
[2023-05-31T09:52:03.141+0000] {processor.py:809} INFO - DAG(s) dict_keys(['emr_example']) retrieved from /opt/airflow/dags/emr_example.py
[2023-05-31T09:52:03.172+0000] {logging_mixin.py:149} INFO - [2023-05-31T09:52:03.171+0000] {dag.py:2726} INFO - Sync 1 DAGs
[2023-05-31T09:52:03.204+0000] {logging_mixin.py:149} INFO - [2023-05-31T09:52:03.204+0000] {dag.py:3490} INFO - Setting next_dagrun for emr_example to 2023-05-28T00:00:00+00:00, run_after=2023-05-28T00:00:00+00:00
[2023-05-31T09:52:03.226+0000] {processor.py:178} INFO - Processing /opt/airflow/dags/emr_example.py took 0.112 seconds
