[2023-05-31T09:46:26.871+0000] {processor.py:156} INFO - Started process (PID=30) to work on /opt/airflow/dags/midterm_dag.py
[2023-05-31T09:46:26.873+0000] {processor.py:799} INFO - Processing file /opt/airflow/dags/midterm_dag.py for tasks to queue
[2023-05-31T09:46:26.873+0000] {logging_mixin.py:149} INFO - [2023-05-31T09:46:26.873+0000] {dagbag.py:541} INFO - Filling up the DagBag from /opt/airflow/dags/midterm_dag.py
[2023-05-31T09:46:26.905+0000] {logging_mixin.py:149} WARNING - /home/airflow/.local/lib/python3.7/site-packages/airflow/models/baseoperator.py:429 UserWarning: The parameter waiter_countdown has been deprecated to standardize naming conventions.  Please use waiter_max_attempts instead.  In the future this will default to None and defer to the waiter's default value.
[2023-05-31T09:46:26.907+0000] {logging_mixin.py:149} WARNING - /home/airflow/.local/lib/python3.7/site-packages/airflow/models/baseoperator.py:429 UserWarning: The parameter waiter_check_interval_seconds has been deprecated to standardize naming conventions.  Please use waiter_delay instead.  In the future this will default to None and defer to the waiter's default value.
[2023-05-31T09:46:26.909+0000] {logging_mixin.py:149} INFO - [2023-05-31T09:46:26.909+0000] {taskmixin.py:211} WARNING - Dependency <Task(EmrCreateJobFlowOperator): create_job>, add_steps already registered for DAG: midterm_dag
[2023-05-31T09:46:26.909+0000] {logging_mixin.py:149} INFO - [2023-05-31T09:46:26.909+0000] {taskmixin.py:211} WARNING - Dependency <Task(EmrAddStepsOperator): add_steps>, create_job already registered for DAG: midterm_dag
[2023-05-31T09:46:26.935+0000] {processor.py:809} INFO - DAG(s) dict_keys(['midterm_dag']) retrieved from /opt/airflow/dags/midterm_dag.py
[2023-05-31T09:46:27.165+0000] {logging_mixin.py:149} INFO - [2023-05-31T09:46:27.165+0000] {dag.py:2726} INFO - Sync 1 DAGs
[2023-05-31T09:46:27.235+0000] {logging_mixin.py:149} INFO - [2023-05-31T09:46:27.235+0000] {dag.py:3490} INFO - Setting next_dagrun for midterm_dag to None, run_after=None
[2023-05-31T09:46:27.280+0000] {processor.py:178} INFO - Processing /opt/airflow/dags/midterm_dag.py took 0.418 seconds
[2023-05-31T09:46:57.650+0000] {processor.py:156} INFO - Started process (PID=87) to work on /opt/airflow/dags/midterm_dag.py
[2023-05-31T09:46:57.652+0000] {processor.py:799} INFO - Processing file /opt/airflow/dags/midterm_dag.py for tasks to queue
[2023-05-31T09:46:57.652+0000] {logging_mixin.py:149} INFO - [2023-05-31T09:46:57.652+0000] {dagbag.py:541} INFO - Filling up the DagBag from /opt/airflow/dags/midterm_dag.py
[2023-05-31T09:46:57.667+0000] {logging_mixin.py:149} WARNING - /home/airflow/.local/lib/python3.7/site-packages/airflow/models/baseoperator.py:429 UserWarning: The parameter waiter_countdown has been deprecated to standardize naming conventions.  Please use waiter_max_attempts instead.  In the future this will default to None and defer to the waiter's default value.
[2023-05-31T09:46:57.668+0000] {logging_mixin.py:149} WARNING - /home/airflow/.local/lib/python3.7/site-packages/airflow/models/baseoperator.py:429 UserWarning: The parameter waiter_check_interval_seconds has been deprecated to standardize naming conventions.  Please use waiter_delay instead.  In the future this will default to None and defer to the waiter's default value.
[2023-05-31T09:46:57.670+0000] {logging_mixin.py:149} INFO - [2023-05-31T09:46:57.670+0000] {taskmixin.py:211} WARNING - Dependency <Task(EmrCreateJobFlowOperator): create_job>, add_steps already registered for DAG: midterm_dag
[2023-05-31T09:46:57.671+0000] {logging_mixin.py:149} INFO - [2023-05-31T09:46:57.671+0000] {taskmixin.py:211} WARNING - Dependency <Task(EmrAddStepsOperator): add_steps>, create_job already registered for DAG: midterm_dag
[2023-05-31T09:46:57.675+0000] {processor.py:809} INFO - DAG(s) dict_keys(['midterm_dag']) retrieved from /opt/airflow/dags/midterm_dag.py
[2023-05-31T09:46:57.714+0000] {logging_mixin.py:149} INFO - [2023-05-31T09:46:57.714+0000] {dag.py:2726} INFO - Sync 1 DAGs
[2023-05-31T09:46:57.750+0000] {logging_mixin.py:149} INFO - [2023-05-31T09:46:57.749+0000] {dag.py:3490} INFO - Setting next_dagrun for midterm_dag to None, run_after=None
[2023-05-31T09:46:57.773+0000] {processor.py:178} INFO - Processing /opt/airflow/dags/midterm_dag.py took 0.128 seconds
[2023-05-31T09:47:28.313+0000] {processor.py:156} INFO - Started process (PID=143) to work on /opt/airflow/dags/midterm_dag.py
[2023-05-31T09:47:28.315+0000] {processor.py:799} INFO - Processing file /opt/airflow/dags/midterm_dag.py for tasks to queue
[2023-05-31T09:47:28.316+0000] {logging_mixin.py:149} INFO - [2023-05-31T09:47:28.316+0000] {dagbag.py:541} INFO - Filling up the DagBag from /opt/airflow/dags/midterm_dag.py
[2023-05-31T09:47:28.330+0000] {logging_mixin.py:149} WARNING - /home/airflow/.local/lib/python3.7/site-packages/airflow/models/baseoperator.py:429 UserWarning: The parameter waiter_countdown has been deprecated to standardize naming conventions.  Please use waiter_max_attempts instead.  In the future this will default to None and defer to the waiter's default value.
[2023-05-31T09:47:28.331+0000] {logging_mixin.py:149} WARNING - /home/airflow/.local/lib/python3.7/site-packages/airflow/models/baseoperator.py:429 UserWarning: The parameter waiter_check_interval_seconds has been deprecated to standardize naming conventions.  Please use waiter_delay instead.  In the future this will default to None and defer to the waiter's default value.
[2023-05-31T09:47:28.334+0000] {logging_mixin.py:149} INFO - [2023-05-31T09:47:28.334+0000] {taskmixin.py:211} WARNING - Dependency <Task(EmrCreateJobFlowOperator): create_job>, add_steps already registered for DAG: midterm_dag
[2023-05-31T09:47:28.334+0000] {logging_mixin.py:149} INFO - [2023-05-31T09:47:28.334+0000] {taskmixin.py:211} WARNING - Dependency <Task(EmrAddStepsOperator): add_steps>, create_job already registered for DAG: midterm_dag
[2023-05-31T09:47:28.339+0000] {processor.py:809} INFO - DAG(s) dict_keys(['midterm_dag']) retrieved from /opt/airflow/dags/midterm_dag.py
[2023-05-31T09:47:28.377+0000] {logging_mixin.py:149} INFO - [2023-05-31T09:47:28.377+0000] {dag.py:2726} INFO - Sync 1 DAGs
[2023-05-31T09:47:28.410+0000] {logging_mixin.py:149} INFO - [2023-05-31T09:47:28.410+0000] {dag.py:3490} INFO - Setting next_dagrun for midterm_dag to None, run_after=None
[2023-05-31T09:47:28.434+0000] {processor.py:178} INFO - Processing /opt/airflow/dags/midterm_dag.py took 0.125 seconds
[2023-05-31T09:47:58.882+0000] {processor.py:156} INFO - Started process (PID=200) to work on /opt/airflow/dags/midterm_dag.py
[2023-05-31T09:47:58.883+0000] {processor.py:799} INFO - Processing file /opt/airflow/dags/midterm_dag.py for tasks to queue
[2023-05-31T09:47:58.884+0000] {logging_mixin.py:149} INFO - [2023-05-31T09:47:58.884+0000] {dagbag.py:541} INFO - Filling up the DagBag from /opt/airflow/dags/midterm_dag.py
[2023-05-31T09:47:58.899+0000] {logging_mixin.py:149} WARNING - /home/airflow/.local/lib/python3.7/site-packages/airflow/models/baseoperator.py:429 UserWarning: The parameter waiter_countdown has been deprecated to standardize naming conventions.  Please use waiter_max_attempts instead.  In the future this will default to None and defer to the waiter's default value.
[2023-05-31T09:47:58.900+0000] {logging_mixin.py:149} WARNING - /home/airflow/.local/lib/python3.7/site-packages/airflow/models/baseoperator.py:429 UserWarning: The parameter waiter_check_interval_seconds has been deprecated to standardize naming conventions.  Please use waiter_delay instead.  In the future this will default to None and defer to the waiter's default value.
[2023-05-31T09:47:58.902+0000] {logging_mixin.py:149} INFO - [2023-05-31T09:47:58.902+0000] {taskmixin.py:211} WARNING - Dependency <Task(EmrCreateJobFlowOperator): create_job>, add_steps already registered for DAG: midterm_dag
[2023-05-31T09:47:58.903+0000] {logging_mixin.py:149} INFO - [2023-05-31T09:47:58.903+0000] {taskmixin.py:211} WARNING - Dependency <Task(EmrAddStepsOperator): add_steps>, create_job already registered for DAG: midterm_dag
[2023-05-31T09:47:58.907+0000] {processor.py:809} INFO - DAG(s) dict_keys(['midterm_dag']) retrieved from /opt/airflow/dags/midterm_dag.py
[2023-05-31T09:47:58.941+0000] {logging_mixin.py:149} INFO - [2023-05-31T09:47:58.941+0000] {dag.py:2726} INFO - Sync 1 DAGs
[2023-05-31T09:47:58.974+0000] {logging_mixin.py:149} INFO - [2023-05-31T09:47:58.974+0000] {dag.py:3490} INFO - Setting next_dagrun for midterm_dag to None, run_after=None
[2023-05-31T09:47:58.996+0000] {processor.py:178} INFO - Processing /opt/airflow/dags/midterm_dag.py took 0.118 seconds
[2023-05-31T09:48:29.497+0000] {processor.py:156} INFO - Started process (PID=257) to work on /opt/airflow/dags/midterm_dag.py
[2023-05-31T09:48:29.498+0000] {processor.py:799} INFO - Processing file /opt/airflow/dags/midterm_dag.py for tasks to queue
[2023-05-31T09:48:29.499+0000] {logging_mixin.py:149} INFO - [2023-05-31T09:48:29.499+0000] {dagbag.py:541} INFO - Filling up the DagBag from /opt/airflow/dags/midterm_dag.py
[2023-05-31T09:48:29.513+0000] {logging_mixin.py:149} WARNING - /home/airflow/.local/lib/python3.7/site-packages/airflow/models/baseoperator.py:429 UserWarning: The parameter waiter_countdown has been deprecated to standardize naming conventions.  Please use waiter_max_attempts instead.  In the future this will default to None and defer to the waiter's default value.
[2023-05-31T09:48:29.514+0000] {logging_mixin.py:149} WARNING - /home/airflow/.local/lib/python3.7/site-packages/airflow/models/baseoperator.py:429 UserWarning: The parameter waiter_check_interval_seconds has been deprecated to standardize naming conventions.  Please use waiter_delay instead.  In the future this will default to None and defer to the waiter's default value.
[2023-05-31T09:48:29.516+0000] {logging_mixin.py:149} INFO - [2023-05-31T09:48:29.516+0000] {taskmixin.py:211} WARNING - Dependency <Task(EmrCreateJobFlowOperator): create_job>, add_steps already registered for DAG: midterm_dag
[2023-05-31T09:48:29.517+0000] {logging_mixin.py:149} INFO - [2023-05-31T09:48:29.517+0000] {taskmixin.py:211} WARNING - Dependency <Task(EmrAddStepsOperator): add_steps>, create_job already registered for DAG: midterm_dag
[2023-05-31T09:48:29.523+0000] {processor.py:809} INFO - DAG(s) dict_keys(['midterm_dag']) retrieved from /opt/airflow/dags/midterm_dag.py
[2023-05-31T09:48:29.557+0000] {logging_mixin.py:149} INFO - [2023-05-31T09:48:29.557+0000] {dag.py:2726} INFO - Sync 1 DAGs
[2023-05-31T09:48:29.590+0000] {logging_mixin.py:149} INFO - [2023-05-31T09:48:29.589+0000] {dag.py:3490} INFO - Setting next_dagrun for midterm_dag to None, run_after=None
[2023-05-31T09:48:29.611+0000] {processor.py:178} INFO - Processing /opt/airflow/dags/midterm_dag.py took 0.119 seconds
[2023-05-31T09:49:00.008+0000] {processor.py:156} INFO - Started process (PID=314) to work on /opt/airflow/dags/midterm_dag.py
[2023-05-31T09:49:00.009+0000] {processor.py:799} INFO - Processing file /opt/airflow/dags/midterm_dag.py for tasks to queue
[2023-05-31T09:49:00.010+0000] {logging_mixin.py:149} INFO - [2023-05-31T09:49:00.010+0000] {dagbag.py:541} INFO - Filling up the DagBag from /opt/airflow/dags/midterm_dag.py
[2023-05-31T09:49:00.024+0000] {logging_mixin.py:149} WARNING - /home/airflow/.local/lib/python3.7/site-packages/airflow/models/baseoperator.py:429 UserWarning: The parameter waiter_countdown has been deprecated to standardize naming conventions.  Please use waiter_max_attempts instead.  In the future this will default to None and defer to the waiter's default value.
[2023-05-31T09:49:00.026+0000] {logging_mixin.py:149} WARNING - /home/airflow/.local/lib/python3.7/site-packages/airflow/models/baseoperator.py:429 UserWarning: The parameter waiter_check_interval_seconds has been deprecated to standardize naming conventions.  Please use waiter_delay instead.  In the future this will default to None and defer to the waiter's default value.
[2023-05-31T09:49:00.028+0000] {logging_mixin.py:149} INFO - [2023-05-31T09:49:00.028+0000] {taskmixin.py:211} WARNING - Dependency <Task(EmrCreateJobFlowOperator): create_job>, add_steps already registered for DAG: midterm_dag
[2023-05-31T09:49:00.029+0000] {logging_mixin.py:149} INFO - [2023-05-31T09:49:00.029+0000] {taskmixin.py:211} WARNING - Dependency <Task(EmrAddStepsOperator): add_steps>, create_job already registered for DAG: midterm_dag
[2023-05-31T09:49:00.033+0000] {processor.py:809} INFO - DAG(s) dict_keys(['midterm_dag']) retrieved from /opt/airflow/dags/midterm_dag.py
[2023-05-31T09:49:00.069+0000] {logging_mixin.py:149} INFO - [2023-05-31T09:49:00.069+0000] {dag.py:2726} INFO - Sync 1 DAGs
[2023-05-31T09:49:00.103+0000] {logging_mixin.py:149} INFO - [2023-05-31T09:49:00.102+0000] {dag.py:3490} INFO - Setting next_dagrun for midterm_dag to None, run_after=None
[2023-05-31T09:49:00.125+0000] {processor.py:178} INFO - Processing /opt/airflow/dags/midterm_dag.py took 0.121 seconds
[2023-05-31T09:49:30.890+0000] {processor.py:156} INFO - Started process (PID=372) to work on /opt/airflow/dags/midterm_dag.py
[2023-05-31T09:49:30.893+0000] {processor.py:799} INFO - Processing file /opt/airflow/dags/midterm_dag.py for tasks to queue
[2023-05-31T09:49:30.894+0000] {logging_mixin.py:149} INFO - [2023-05-31T09:49:30.894+0000] {dagbag.py:541} INFO - Filling up the DagBag from /opt/airflow/dags/midterm_dag.py
[2023-05-31T09:49:30.908+0000] {logging_mixin.py:149} WARNING - /home/airflow/.local/lib/python3.7/site-packages/airflow/models/baseoperator.py:429 UserWarning: The parameter waiter_countdown has been deprecated to standardize naming conventions.  Please use waiter_max_attempts instead.  In the future this will default to None and defer to the waiter's default value.
[2023-05-31T09:49:30.909+0000] {logging_mixin.py:149} WARNING - /home/airflow/.local/lib/python3.7/site-packages/airflow/models/baseoperator.py:429 UserWarning: The parameter waiter_check_interval_seconds has been deprecated to standardize naming conventions.  Please use waiter_delay instead.  In the future this will default to None and defer to the waiter's default value.
[2023-05-31T09:49:30.912+0000] {logging_mixin.py:149} INFO - [2023-05-31T09:49:30.912+0000] {taskmixin.py:211} WARNING - Dependency <Task(EmrCreateJobFlowOperator): create_job>, add_steps already registered for DAG: midterm_dag
[2023-05-31T09:49:30.912+0000] {logging_mixin.py:149} INFO - [2023-05-31T09:49:30.912+0000] {taskmixin.py:211} WARNING - Dependency <Task(EmrAddStepsOperator): add_steps>, create_job already registered for DAG: midterm_dag
[2023-05-31T09:49:30.923+0000] {processor.py:809} INFO - DAG(s) dict_keys(['midterm_dag']) retrieved from /opt/airflow/dags/midterm_dag.py
[2023-05-31T09:49:31.008+0000] {logging_mixin.py:149} INFO - [2023-05-31T09:49:31.008+0000] {dag.py:2726} INFO - Sync 1 DAGs
[2023-05-31T09:49:31.043+0000] {logging_mixin.py:149} INFO - [2023-05-31T09:49:31.042+0000] {dag.py:3490} INFO - Setting next_dagrun for midterm_dag to None, run_after=None
[2023-05-31T09:49:31.065+0000] {processor.py:178} INFO - Processing /opt/airflow/dags/midterm_dag.py took 0.179 seconds
[2023-05-31T09:50:01.142+0000] {processor.py:156} INFO - Started process (PID=429) to work on /opt/airflow/dags/midterm_dag.py
[2023-05-31T09:50:01.143+0000] {processor.py:799} INFO - Processing file /opt/airflow/dags/midterm_dag.py for tasks to queue
[2023-05-31T09:50:01.144+0000] {logging_mixin.py:149} INFO - [2023-05-31T09:50:01.144+0000] {dagbag.py:541} INFO - Filling up the DagBag from /opt/airflow/dags/midterm_dag.py
[2023-05-31T09:50:01.158+0000] {logging_mixin.py:149} WARNING - /home/airflow/.local/lib/python3.7/site-packages/airflow/models/baseoperator.py:429 UserWarning: The parameter waiter_countdown has been deprecated to standardize naming conventions.  Please use waiter_max_attempts instead.  In the future this will default to None and defer to the waiter's default value.
[2023-05-31T09:50:01.159+0000] {logging_mixin.py:149} WARNING - /home/airflow/.local/lib/python3.7/site-packages/airflow/models/baseoperator.py:429 UserWarning: The parameter waiter_check_interval_seconds has been deprecated to standardize naming conventions.  Please use waiter_delay instead.  In the future this will default to None and defer to the waiter's default value.
[2023-05-31T09:50:01.161+0000] {logging_mixin.py:149} INFO - [2023-05-31T09:50:01.161+0000] {taskmixin.py:211} WARNING - Dependency <Task(EmrCreateJobFlowOperator): create_job>, add_steps already registered for DAG: midterm_dag
[2023-05-31T09:50:01.161+0000] {logging_mixin.py:149} INFO - [2023-05-31T09:50:01.161+0000] {taskmixin.py:211} WARNING - Dependency <Task(EmrAddStepsOperator): add_steps>, create_job already registered for DAG: midterm_dag
[2023-05-31T09:50:01.166+0000] {processor.py:809} INFO - DAG(s) dict_keys(['midterm_dag']) retrieved from /opt/airflow/dags/midterm_dag.py
[2023-05-31T09:50:01.199+0000] {logging_mixin.py:149} INFO - [2023-05-31T09:50:01.199+0000] {dag.py:2726} INFO - Sync 1 DAGs
[2023-05-31T09:50:01.249+0000] {logging_mixin.py:149} INFO - [2023-05-31T09:50:01.249+0000] {dag.py:3490} INFO - Setting next_dagrun for midterm_dag to None, run_after=None
[2023-05-31T09:50:01.325+0000] {processor.py:178} INFO - Processing /opt/airflow/dags/midterm_dag.py took 0.187 seconds
[2023-05-31T09:50:31.850+0000] {processor.py:156} INFO - Started process (PID=486) to work on /opt/airflow/dags/midterm_dag.py
[2023-05-31T09:50:31.860+0000] {processor.py:799} INFO - Processing file /opt/airflow/dags/midterm_dag.py for tasks to queue
[2023-05-31T09:50:31.861+0000] {logging_mixin.py:149} INFO - [2023-05-31T09:50:31.861+0000] {dagbag.py:541} INFO - Filling up the DagBag from /opt/airflow/dags/midterm_dag.py
[2023-05-31T09:50:31.886+0000] {logging_mixin.py:149} WARNING - /home/airflow/.local/lib/python3.7/site-packages/airflow/models/baseoperator.py:429 UserWarning: The parameter waiter_countdown has been deprecated to standardize naming conventions.  Please use waiter_max_attempts instead.  In the future this will default to None and defer to the waiter's default value.
[2023-05-31T09:50:31.887+0000] {logging_mixin.py:149} WARNING - /home/airflow/.local/lib/python3.7/site-packages/airflow/models/baseoperator.py:429 UserWarning: The parameter waiter_check_interval_seconds has been deprecated to standardize naming conventions.  Please use waiter_delay instead.  In the future this will default to None and defer to the waiter's default value.
[2023-05-31T09:50:31.898+0000] {logging_mixin.py:149} INFO - [2023-05-31T09:50:31.898+0000] {taskmixin.py:211} WARNING - Dependency <Task(EmrCreateJobFlowOperator): create_job>, add_steps already registered for DAG: midterm_dag
[2023-05-31T09:50:31.898+0000] {logging_mixin.py:149} INFO - [2023-05-31T09:50:31.898+0000] {taskmixin.py:211} WARNING - Dependency <Task(EmrAddStepsOperator): add_steps>, create_job already registered for DAG: midterm_dag
[2023-05-31T09:50:31.903+0000] {processor.py:809} INFO - DAG(s) dict_keys(['midterm_dag']) retrieved from /opt/airflow/dags/midterm_dag.py
[2023-05-31T09:50:31.981+0000] {logging_mixin.py:149} INFO - [2023-05-31T09:50:31.981+0000] {dag.py:2726} INFO - Sync 1 DAGs
[2023-05-31T09:50:32.045+0000] {logging_mixin.py:149} INFO - [2023-05-31T09:50:32.045+0000] {dag.py:3490} INFO - Setting next_dagrun for midterm_dag to None, run_after=None
[2023-05-31T09:50:32.092+0000] {processor.py:178} INFO - Processing /opt/airflow/dags/midterm_dag.py took 0.246 seconds
[2023-05-31T09:51:02.202+0000] {processor.py:156} INFO - Started process (PID=544) to work on /opt/airflow/dags/midterm_dag.py
[2023-05-31T09:51:02.203+0000] {processor.py:799} INFO - Processing file /opt/airflow/dags/midterm_dag.py for tasks to queue
[2023-05-31T09:51:02.204+0000] {logging_mixin.py:149} INFO - [2023-05-31T09:51:02.203+0000] {dagbag.py:541} INFO - Filling up the DagBag from /opt/airflow/dags/midterm_dag.py
[2023-05-31T09:51:02.217+0000] {logging_mixin.py:149} WARNING - /home/airflow/.local/lib/python3.7/site-packages/airflow/models/baseoperator.py:429 UserWarning: The parameter waiter_countdown has been deprecated to standardize naming conventions.  Please use waiter_max_attempts instead.  In the future this will default to None and defer to the waiter's default value.
[2023-05-31T09:51:02.218+0000] {logging_mixin.py:149} WARNING - /home/airflow/.local/lib/python3.7/site-packages/airflow/models/baseoperator.py:429 UserWarning: The parameter waiter_check_interval_seconds has been deprecated to standardize naming conventions.  Please use waiter_delay instead.  In the future this will default to None and defer to the waiter's default value.
[2023-05-31T09:51:02.220+0000] {logging_mixin.py:149} INFO - [2023-05-31T09:51:02.220+0000] {taskmixin.py:211} WARNING - Dependency <Task(EmrCreateJobFlowOperator): create_job>, add_steps already registered for DAG: midterm_dag
[2023-05-31T09:51:02.221+0000] {logging_mixin.py:149} INFO - [2023-05-31T09:51:02.221+0000] {taskmixin.py:211} WARNING - Dependency <Task(EmrAddStepsOperator): add_steps>, create_job already registered for DAG: midterm_dag
[2023-05-31T09:51:02.225+0000] {processor.py:809} INFO - DAG(s) dict_keys(['midterm_dag']) retrieved from /opt/airflow/dags/midterm_dag.py
[2023-05-31T09:51:02.257+0000] {logging_mixin.py:149} INFO - [2023-05-31T09:51:02.257+0000] {dag.py:2726} INFO - Sync 1 DAGs
[2023-05-31T09:51:02.289+0000] {logging_mixin.py:149} INFO - [2023-05-31T09:51:02.289+0000] {dag.py:3490} INFO - Setting next_dagrun for midterm_dag to None, run_after=None
[2023-05-31T09:51:02.310+0000] {processor.py:178} INFO - Processing /opt/airflow/dags/midterm_dag.py took 0.112 seconds
[2023-05-31T09:51:32.565+0000] {processor.py:156} INFO - Started process (PID=600) to work on /opt/airflow/dags/midterm_dag.py
[2023-05-31T09:51:32.566+0000] {processor.py:799} INFO - Processing file /opt/airflow/dags/midterm_dag.py for tasks to queue
[2023-05-31T09:51:32.567+0000] {logging_mixin.py:149} INFO - [2023-05-31T09:51:32.567+0000] {dagbag.py:541} INFO - Filling up the DagBag from /opt/airflow/dags/midterm_dag.py
[2023-05-31T09:51:32.580+0000] {logging_mixin.py:149} WARNING - /home/airflow/.local/lib/python3.7/site-packages/airflow/models/baseoperator.py:429 UserWarning: The parameter waiter_countdown has been deprecated to standardize naming conventions.  Please use waiter_max_attempts instead.  In the future this will default to None and defer to the waiter's default value.
[2023-05-31T09:51:32.581+0000] {logging_mixin.py:149} WARNING - /home/airflow/.local/lib/python3.7/site-packages/airflow/models/baseoperator.py:429 UserWarning: The parameter waiter_check_interval_seconds has been deprecated to standardize naming conventions.  Please use waiter_delay instead.  In the future this will default to None and defer to the waiter's default value.
[2023-05-31T09:51:32.584+0000] {logging_mixin.py:149} INFO - [2023-05-31T09:51:32.584+0000] {taskmixin.py:211} WARNING - Dependency <Task(EmrCreateJobFlowOperator): create_job>, add_steps already registered for DAG: midterm_dag
[2023-05-31T09:51:32.584+0000] {logging_mixin.py:149} INFO - [2023-05-31T09:51:32.584+0000] {taskmixin.py:211} WARNING - Dependency <Task(EmrAddStepsOperator): add_steps>, create_job already registered for DAG: midterm_dag
[2023-05-31T09:51:32.588+0000] {processor.py:809} INFO - DAG(s) dict_keys(['midterm_dag']) retrieved from /opt/airflow/dags/midterm_dag.py
[2023-05-31T09:51:32.621+0000] {logging_mixin.py:149} INFO - [2023-05-31T09:51:32.621+0000] {dag.py:2726} INFO - Sync 1 DAGs
[2023-05-31T09:51:32.653+0000] {logging_mixin.py:149} INFO - [2023-05-31T09:51:32.653+0000] {dag.py:3490} INFO - Setting next_dagrun for midterm_dag to None, run_after=None
[2023-05-31T09:51:32.674+0000] {processor.py:178} INFO - Processing /opt/airflow/dags/midterm_dag.py took 0.113 seconds
[2023-05-31T09:52:03.109+0000] {processor.py:156} INFO - Started process (PID=658) to work on /opt/airflow/dags/midterm_dag.py
[2023-05-31T09:52:03.112+0000] {processor.py:799} INFO - Processing file /opt/airflow/dags/midterm_dag.py for tasks to queue
[2023-05-31T09:52:03.112+0000] {logging_mixin.py:149} INFO - [2023-05-31T09:52:03.112+0000] {dagbag.py:541} INFO - Filling up the DagBag from /opt/airflow/dags/midterm_dag.py
[2023-05-31T09:52:03.126+0000] {logging_mixin.py:149} WARNING - /home/airflow/.local/lib/python3.7/site-packages/airflow/models/baseoperator.py:429 UserWarning: The parameter waiter_countdown has been deprecated to standardize naming conventions.  Please use waiter_max_attempts instead.  In the future this will default to None and defer to the waiter's default value.
[2023-05-31T09:52:03.127+0000] {logging_mixin.py:149} WARNING - /home/airflow/.local/lib/python3.7/site-packages/airflow/models/baseoperator.py:429 UserWarning: The parameter waiter_check_interval_seconds has been deprecated to standardize naming conventions.  Please use waiter_delay instead.  In the future this will default to None and defer to the waiter's default value.
[2023-05-31T09:52:03.129+0000] {logging_mixin.py:149} INFO - [2023-05-31T09:52:03.129+0000] {taskmixin.py:211} WARNING - Dependency <Task(EmrCreateJobFlowOperator): create_job>, add_steps already registered for DAG: midterm_dag
[2023-05-31T09:52:03.129+0000] {logging_mixin.py:149} INFO - [2023-05-31T09:52:03.129+0000] {taskmixin.py:211} WARNING - Dependency <Task(EmrAddStepsOperator): add_steps>, create_job already registered for DAG: midterm_dag
[2023-05-31T09:52:03.134+0000] {processor.py:809} INFO - DAG(s) dict_keys(['midterm_dag']) retrieved from /opt/airflow/dags/midterm_dag.py
[2023-05-31T09:52:03.167+0000] {logging_mixin.py:149} INFO - [2023-05-31T09:52:03.167+0000] {dag.py:2726} INFO - Sync 1 DAGs
[2023-05-31T09:52:03.200+0000] {logging_mixin.py:149} INFO - [2023-05-31T09:52:03.200+0000] {dag.py:3490} INFO - Setting next_dagrun for midterm_dag to None, run_after=None
[2023-05-31T09:52:03.221+0000] {processor.py:178} INFO - Processing /opt/airflow/dags/midterm_dag.py took 0.116 seconds
