[2023-05-31T09:46:33.943+0000] {processor.py:156} INFO - Started process (PID=66) to work on /home/airflow/.local/lib/python3.7/site-packages/airflow/example_dags/example_trigger_target_dag.py
[2023-05-31T09:46:33.945+0000] {processor.py:799} INFO - Processing file /home/airflow/.local/lib/python3.7/site-packages/airflow/example_dags/example_trigger_target_dag.py for tasks to queue
[2023-05-31T09:46:33.953+0000] {logging_mixin.py:149} INFO - [2023-05-31T09:46:33.947+0000] {dagbag.py:541} INFO - Filling up the DagBag from /home/airflow/.local/lib/python3.7/site-packages/airflow/example_dags/example_trigger_target_dag.py
[2023-05-31T09:46:33.973+0000] {processor.py:809} INFO - DAG(s) dict_keys(['example_trigger_target_dag']) retrieved from /home/airflow/.local/lib/python3.7/site-packages/airflow/example_dags/example_trigger_target_dag.py
[2023-05-31T09:46:34.093+0000] {logging_mixin.py:149} INFO - [2023-05-31T09:46:34.091+0000] {dag.py:2726} INFO - Sync 1 DAGs
[2023-05-31T09:46:34.163+0000] {logging_mixin.py:149} INFO - [2023-05-31T09:46:34.163+0000] {dag.py:3490} INFO - Setting next_dagrun for example_trigger_target_dag to None, run_after=None
[2023-05-31T09:46:34.233+0000] {processor.py:178} INFO - Processing /home/airflow/.local/lib/python3.7/site-packages/airflow/example_dags/example_trigger_target_dag.py took 0.295 seconds
[2023-05-31T09:47:05.081+0000] {processor.py:156} INFO - Started process (PID=122) to work on /home/airflow/.local/lib/python3.7/site-packages/airflow/example_dags/example_trigger_target_dag.py
[2023-05-31T09:47:05.083+0000] {processor.py:799} INFO - Processing file /home/airflow/.local/lib/python3.7/site-packages/airflow/example_dags/example_trigger_target_dag.py for tasks to queue
[2023-05-31T09:47:05.084+0000] {logging_mixin.py:149} INFO - [2023-05-31T09:47:05.084+0000] {dagbag.py:541} INFO - Filling up the DagBag from /home/airflow/.local/lib/python3.7/site-packages/airflow/example_dags/example_trigger_target_dag.py
[2023-05-31T09:47:05.091+0000] {processor.py:809} INFO - DAG(s) dict_keys(['example_trigger_target_dag']) retrieved from /home/airflow/.local/lib/python3.7/site-packages/airflow/example_dags/example_trigger_target_dag.py
[2023-05-31T09:47:05.126+0000] {logging_mixin.py:149} INFO - [2023-05-31T09:47:05.126+0000] {dag.py:2726} INFO - Sync 1 DAGs
[2023-05-31T09:47:05.160+0000] {logging_mixin.py:149} INFO - [2023-05-31T09:47:05.159+0000] {dag.py:3490} INFO - Setting next_dagrun for example_trigger_target_dag to None, run_after=None
[2023-05-31T09:47:05.183+0000] {processor.py:178} INFO - Processing /home/airflow/.local/lib/python3.7/site-packages/airflow/example_dags/example_trigger_target_dag.py took 0.106 seconds
[2023-05-31T09:47:35.238+0000] {processor.py:156} INFO - Started process (PID=178) to work on /home/airflow/.local/lib/python3.7/site-packages/airflow/example_dags/example_trigger_target_dag.py
[2023-05-31T09:47:35.240+0000] {processor.py:799} INFO - Processing file /home/airflow/.local/lib/python3.7/site-packages/airflow/example_dags/example_trigger_target_dag.py for tasks to queue
[2023-05-31T09:47:35.241+0000] {logging_mixin.py:149} INFO - [2023-05-31T09:47:35.241+0000] {dagbag.py:541} INFO - Filling up the DagBag from /home/airflow/.local/lib/python3.7/site-packages/airflow/example_dags/example_trigger_target_dag.py
[2023-05-31T09:47:35.248+0000] {processor.py:809} INFO - DAG(s) dict_keys(['example_trigger_target_dag']) retrieved from /home/airflow/.local/lib/python3.7/site-packages/airflow/example_dags/example_trigger_target_dag.py
[2023-05-31T09:47:35.281+0000] {logging_mixin.py:149} INFO - [2023-05-31T09:47:35.281+0000] {dag.py:2726} INFO - Sync 1 DAGs
[2023-05-31T09:47:35.315+0000] {logging_mixin.py:149} INFO - [2023-05-31T09:47:35.315+0000] {dag.py:3490} INFO - Setting next_dagrun for example_trigger_target_dag to None, run_after=None
[2023-05-31T09:47:35.340+0000] {processor.py:178} INFO - Processing /home/airflow/.local/lib/python3.7/site-packages/airflow/example_dags/example_trigger_target_dag.py took 0.106 seconds
[2023-05-31T09:48:05.537+0000] {processor.py:156} INFO - Started process (PID=235) to work on /home/airflow/.local/lib/python3.7/site-packages/airflow/example_dags/example_trigger_target_dag.py
[2023-05-31T09:48:05.538+0000] {processor.py:799} INFO - Processing file /home/airflow/.local/lib/python3.7/site-packages/airflow/example_dags/example_trigger_target_dag.py for tasks to queue
[2023-05-31T09:48:05.539+0000] {logging_mixin.py:149} INFO - [2023-05-31T09:48:05.538+0000] {dagbag.py:541} INFO - Filling up the DagBag from /home/airflow/.local/lib/python3.7/site-packages/airflow/example_dags/example_trigger_target_dag.py
[2023-05-31T09:48:05.550+0000] {processor.py:809} INFO - DAG(s) dict_keys(['example_trigger_target_dag']) retrieved from /home/airflow/.local/lib/python3.7/site-packages/airflow/example_dags/example_trigger_target_dag.py
[2023-05-31T09:48:05.581+0000] {logging_mixin.py:149} INFO - [2023-05-31T09:48:05.581+0000] {dag.py:2726} INFO - Sync 1 DAGs
[2023-05-31T09:48:05.631+0000] {logging_mixin.py:149} INFO - [2023-05-31T09:48:05.631+0000] {dag.py:3490} INFO - Setting next_dagrun for example_trigger_target_dag to None, run_after=None
[2023-05-31T09:48:05.656+0000] {processor.py:178} INFO - Processing /home/airflow/.local/lib/python3.7/site-packages/airflow/example_dags/example_trigger_target_dag.py took 0.123 seconds
[2023-05-31T09:48:36.226+0000] {processor.py:156} INFO - Started process (PID=292) to work on /home/airflow/.local/lib/python3.7/site-packages/airflow/example_dags/example_trigger_target_dag.py
[2023-05-31T09:48:36.228+0000] {processor.py:799} INFO - Processing file /home/airflow/.local/lib/python3.7/site-packages/airflow/example_dags/example_trigger_target_dag.py for tasks to queue
[2023-05-31T09:48:36.229+0000] {logging_mixin.py:149} INFO - [2023-05-31T09:48:36.228+0000] {dagbag.py:541} INFO - Filling up the DagBag from /home/airflow/.local/lib/python3.7/site-packages/airflow/example_dags/example_trigger_target_dag.py
[2023-05-31T09:48:36.236+0000] {processor.py:809} INFO - DAG(s) dict_keys(['example_trigger_target_dag']) retrieved from /home/airflow/.local/lib/python3.7/site-packages/airflow/example_dags/example_trigger_target_dag.py
[2023-05-31T09:48:36.267+0000] {logging_mixin.py:149} INFO - [2023-05-31T09:48:36.267+0000] {dag.py:2726} INFO - Sync 1 DAGs
[2023-05-31T09:48:36.300+0000] {logging_mixin.py:149} INFO - [2023-05-31T09:48:36.299+0000] {dag.py:3490} INFO - Setting next_dagrun for example_trigger_target_dag to None, run_after=None
[2023-05-31T09:48:36.322+0000] {processor.py:178} INFO - Processing /home/airflow/.local/lib/python3.7/site-packages/airflow/example_dags/example_trigger_target_dag.py took 0.100 seconds
[2023-05-31T09:49:06.647+0000] {processor.py:156} INFO - Started process (PID=349) to work on /home/airflow/.local/lib/python3.7/site-packages/airflow/example_dags/example_trigger_target_dag.py
[2023-05-31T09:49:06.648+0000] {processor.py:799} INFO - Processing file /home/airflow/.local/lib/python3.7/site-packages/airflow/example_dags/example_trigger_target_dag.py for tasks to queue
[2023-05-31T09:49:06.649+0000] {logging_mixin.py:149} INFO - [2023-05-31T09:49:06.649+0000] {dagbag.py:541} INFO - Filling up the DagBag from /home/airflow/.local/lib/python3.7/site-packages/airflow/example_dags/example_trigger_target_dag.py
[2023-05-31T09:49:06.656+0000] {processor.py:809} INFO - DAG(s) dict_keys(['example_trigger_target_dag']) retrieved from /home/airflow/.local/lib/python3.7/site-packages/airflow/example_dags/example_trigger_target_dag.py
[2023-05-31T09:49:06.687+0000] {logging_mixin.py:149} INFO - [2023-05-31T09:49:06.687+0000] {dag.py:2726} INFO - Sync 1 DAGs
[2023-05-31T09:49:06.738+0000] {logging_mixin.py:149} INFO - [2023-05-31T09:49:06.738+0000] {dag.py:3490} INFO - Setting next_dagrun for example_trigger_target_dag to None, run_after=None
[2023-05-31T09:49:06.760+0000] {processor.py:178} INFO - Processing /home/airflow/.local/lib/python3.7/site-packages/airflow/example_dags/example_trigger_target_dag.py took 0.118 seconds
[2023-05-31T09:49:37.510+0000] {processor.py:156} INFO - Started process (PID=407) to work on /home/airflow/.local/lib/python3.7/site-packages/airflow/example_dags/example_trigger_target_dag.py
[2023-05-31T09:49:37.511+0000] {processor.py:799} INFO - Processing file /home/airflow/.local/lib/python3.7/site-packages/airflow/example_dags/example_trigger_target_dag.py for tasks to queue
[2023-05-31T09:49:37.512+0000] {logging_mixin.py:149} INFO - [2023-05-31T09:49:37.512+0000] {dagbag.py:541} INFO - Filling up the DagBag from /home/airflow/.local/lib/python3.7/site-packages/airflow/example_dags/example_trigger_target_dag.py
[2023-05-31T09:49:37.519+0000] {processor.py:809} INFO - DAG(s) dict_keys(['example_trigger_target_dag']) retrieved from /home/airflow/.local/lib/python3.7/site-packages/airflow/example_dags/example_trigger_target_dag.py
[2023-05-31T09:49:37.553+0000] {logging_mixin.py:149} INFO - [2023-05-31T09:49:37.553+0000] {dag.py:2726} INFO - Sync 1 DAGs
[2023-05-31T09:49:37.584+0000] {logging_mixin.py:149} INFO - [2023-05-31T09:49:37.584+0000] {dag.py:3490} INFO - Setting next_dagrun for example_trigger_target_dag to None, run_after=None
[2023-05-31T09:49:37.605+0000] {processor.py:178} INFO - Processing /home/airflow/.local/lib/python3.7/site-packages/airflow/example_dags/example_trigger_target_dag.py took 0.100 seconds
[2023-05-31T09:50:07.686+0000] {processor.py:156} INFO - Started process (PID=464) to work on /home/airflow/.local/lib/python3.7/site-packages/airflow/example_dags/example_trigger_target_dag.py
[2023-05-31T09:50:07.687+0000] {processor.py:799} INFO - Processing file /home/airflow/.local/lib/python3.7/site-packages/airflow/example_dags/example_trigger_target_dag.py for tasks to queue
[2023-05-31T09:50:07.688+0000] {logging_mixin.py:149} INFO - [2023-05-31T09:50:07.688+0000] {dagbag.py:541} INFO - Filling up the DagBag from /home/airflow/.local/lib/python3.7/site-packages/airflow/example_dags/example_trigger_target_dag.py
[2023-05-31T09:50:07.696+0000] {processor.py:809} INFO - DAG(s) dict_keys(['example_trigger_target_dag']) retrieved from /home/airflow/.local/lib/python3.7/site-packages/airflow/example_dags/example_trigger_target_dag.py
[2023-05-31T09:50:07.725+0000] {logging_mixin.py:149} INFO - [2023-05-31T09:50:07.725+0000] {dag.py:2726} INFO - Sync 1 DAGs
[2023-05-31T09:50:07.760+0000] {logging_mixin.py:149} INFO - [2023-05-31T09:50:07.760+0000] {dag.py:3490} INFO - Setting next_dagrun for example_trigger_target_dag to None, run_after=None
[2023-05-31T09:50:07.782+0000] {processor.py:178} INFO - Processing /home/airflow/.local/lib/python3.7/site-packages/airflow/example_dags/example_trigger_target_dag.py took 0.102 seconds
[2023-05-31T09:50:38.571+0000] {processor.py:156} INFO - Started process (PID=521) to work on /home/airflow/.local/lib/python3.7/site-packages/airflow/example_dags/example_trigger_target_dag.py
[2023-05-31T09:50:38.572+0000] {processor.py:799} INFO - Processing file /home/airflow/.local/lib/python3.7/site-packages/airflow/example_dags/example_trigger_target_dag.py for tasks to queue
[2023-05-31T09:50:38.573+0000] {logging_mixin.py:149} INFO - [2023-05-31T09:50:38.572+0000] {dagbag.py:541} INFO - Filling up the DagBag from /home/airflow/.local/lib/python3.7/site-packages/airflow/example_dags/example_trigger_target_dag.py
[2023-05-31T09:50:38.586+0000] {processor.py:809} INFO - DAG(s) dict_keys(['example_trigger_target_dag']) retrieved from /home/airflow/.local/lib/python3.7/site-packages/airflow/example_dags/example_trigger_target_dag.py
[2023-05-31T09:50:38.614+0000] {logging_mixin.py:149} INFO - [2023-05-31T09:50:38.613+0000] {dag.py:2726} INFO - Sync 1 DAGs
[2023-05-31T09:50:38.644+0000] {logging_mixin.py:149} INFO - [2023-05-31T09:50:38.644+0000] {dag.py:3490} INFO - Setting next_dagrun for example_trigger_target_dag to None, run_after=None
[2023-05-31T09:50:38.666+0000] {processor.py:178} INFO - Processing /home/airflow/.local/lib/python3.7/site-packages/airflow/example_dags/example_trigger_target_dag.py took 0.102 seconds
[2023-05-31T09:51:09.124+0000] {processor.py:156} INFO - Started process (PID=578) to work on /home/airflow/.local/lib/python3.7/site-packages/airflow/example_dags/example_trigger_target_dag.py
[2023-05-31T09:51:09.129+0000] {processor.py:799} INFO - Processing file /home/airflow/.local/lib/python3.7/site-packages/airflow/example_dags/example_trigger_target_dag.py for tasks to queue
[2023-05-31T09:51:09.130+0000] {logging_mixin.py:149} INFO - [2023-05-31T09:51:09.130+0000] {dagbag.py:541} INFO - Filling up the DagBag from /home/airflow/.local/lib/python3.7/site-packages/airflow/example_dags/example_trigger_target_dag.py
[2023-05-31T09:51:09.145+0000] {processor.py:809} INFO - DAG(s) dict_keys(['example_trigger_target_dag']) retrieved from /home/airflow/.local/lib/python3.7/site-packages/airflow/example_dags/example_trigger_target_dag.py
[2023-05-31T09:51:09.181+0000] {logging_mixin.py:149} INFO - [2023-05-31T09:51:09.180+0000] {dag.py:2726} INFO - Sync 1 DAGs
[2023-05-31T09:51:09.219+0000] {logging_mixin.py:149} INFO - [2023-05-31T09:51:09.218+0000] {dag.py:3490} INFO - Setting next_dagrun for example_trigger_target_dag to None, run_after=None
[2023-05-31T09:51:09.241+0000] {processor.py:178} INFO - Processing /home/airflow/.local/lib/python3.7/site-packages/airflow/example_dags/example_trigger_target_dag.py took 0.123 seconds
[2023-05-31T09:51:39.791+0000] {processor.py:156} INFO - Started process (PID=643) to work on /home/airflow/.local/lib/python3.7/site-packages/airflow/example_dags/example_trigger_target_dag.py
[2023-05-31T09:51:39.793+0000] {processor.py:799} INFO - Processing file /home/airflow/.local/lib/python3.7/site-packages/airflow/example_dags/example_trigger_target_dag.py for tasks to queue
[2023-05-31T09:51:39.794+0000] {logging_mixin.py:149} INFO - [2023-05-31T09:51:39.793+0000] {dagbag.py:541} INFO - Filling up the DagBag from /home/airflow/.local/lib/python3.7/site-packages/airflow/example_dags/example_trigger_target_dag.py
[2023-05-31T09:51:39.808+0000] {processor.py:809} INFO - DAG(s) dict_keys(['example_trigger_target_dag']) retrieved from /home/airflow/.local/lib/python3.7/site-packages/airflow/example_dags/example_trigger_target_dag.py
[2023-05-31T09:51:39.867+0000] {logging_mixin.py:149} INFO - [2023-05-31T09:51:39.867+0000] {dag.py:2726} INFO - Sync 1 DAGs
[2023-05-31T09:51:39.930+0000] {logging_mixin.py:149} INFO - [2023-05-31T09:51:39.929+0000] {dag.py:3490} INFO - Setting next_dagrun for example_trigger_target_dag to None, run_after=None
[2023-05-31T09:51:39.969+0000] {processor.py:178} INFO - Processing /home/airflow/.local/lib/python3.7/site-packages/airflow/example_dags/example_trigger_target_dag.py took 0.181 seconds
[2023-05-31T09:52:10.811+0000] {processor.py:156} INFO - Started process (PID=700) to work on /home/airflow/.local/lib/python3.7/site-packages/airflow/example_dags/example_trigger_target_dag.py
[2023-05-31T09:52:10.812+0000] {processor.py:799} INFO - Processing file /home/airflow/.local/lib/python3.7/site-packages/airflow/example_dags/example_trigger_target_dag.py for tasks to queue
[2023-05-31T09:52:10.812+0000] {logging_mixin.py:149} INFO - [2023-05-31T09:52:10.812+0000] {dagbag.py:541} INFO - Filling up the DagBag from /home/airflow/.local/lib/python3.7/site-packages/airflow/example_dags/example_trigger_target_dag.py
[2023-05-31T09:52:10.831+0000] {processor.py:809} INFO - DAG(s) dict_keys(['example_trigger_target_dag']) retrieved from /home/airflow/.local/lib/python3.7/site-packages/airflow/example_dags/example_trigger_target_dag.py
[2023-05-31T09:52:10.885+0000] {logging_mixin.py:149} INFO - [2023-05-31T09:52:10.885+0000] {dag.py:2726} INFO - Sync 1 DAGs
[2023-05-31T09:52:10.938+0000] {logging_mixin.py:149} INFO - [2023-05-31T09:52:10.938+0000] {dag.py:3490} INFO - Setting next_dagrun for example_trigger_target_dag to None, run_after=None
[2023-05-31T09:52:10.978+0000] {processor.py:178} INFO - Processing /home/airflow/.local/lib/python3.7/site-packages/airflow/example_dags/example_trigger_target_dag.py took 0.171 seconds
