[2023-05-31T09:46:34.772+0000] {processor.py:156} INFO - Started process (PID=70) to work on /home/airflow/.local/lib/python3.7/site-packages/airflow/example_dags/example_dag_decorator.py
[2023-05-31T09:46:34.774+0000] {processor.py:799} INFO - Processing file /home/airflow/.local/lib/python3.7/site-packages/airflow/example_dags/example_dag_decorator.py for tasks to queue
[2023-05-31T09:46:34.776+0000] {logging_mixin.py:149} INFO - [2023-05-31T09:46:34.776+0000] {dagbag.py:541} INFO - Filling up the DagBag from /home/airflow/.local/lib/python3.7/site-packages/airflow/example_dags/example_dag_decorator.py
[2023-05-31T09:46:34.788+0000] {logging_mixin.py:149} INFO - [2023-05-31T09:46:34.788+0000] {taskmixin.py:211} WARNING - Dependency <Task(_PythonDecoratedOperator): prepare_email>, send_email already registered for DAG: example_dag_decorator
[2023-05-31T09:46:34.789+0000] {logging_mixin.py:149} INFO - [2023-05-31T09:46:34.788+0000] {taskmixin.py:211} WARNING - Dependency <Task(EmailOperator): send_email>, prepare_email already registered for DAG: example_dag_decorator
[2023-05-31T09:46:34.809+0000] {processor.py:809} INFO - DAG(s) dict_keys(['example_dag_decorator']) retrieved from /home/airflow/.local/lib/python3.7/site-packages/airflow/example_dags/example_dag_decorator.py
[2023-05-31T09:46:34.964+0000] {logging_mixin.py:149} INFO - [2023-05-31T09:46:34.963+0000] {dag.py:2726} INFO - Sync 1 DAGs
[2023-05-31T09:46:35.010+0000] {logging_mixin.py:149} INFO - [2023-05-31T09:46:35.010+0000] {dag.py:3490} INFO - Setting next_dagrun for example_dag_decorator to None, run_after=None
[2023-05-31T09:46:35.043+0000] {processor.py:178} INFO - Processing /home/airflow/.local/lib/python3.7/site-packages/airflow/example_dags/example_dag_decorator.py took 0.276 seconds
[2023-05-31T09:47:05.356+0000] {processor.py:156} INFO - Started process (PID=126) to work on /home/airflow/.local/lib/python3.7/site-packages/airflow/example_dags/example_dag_decorator.py
[2023-05-31T09:47:05.357+0000] {processor.py:799} INFO - Processing file /home/airflow/.local/lib/python3.7/site-packages/airflow/example_dags/example_dag_decorator.py for tasks to queue
[2023-05-31T09:47:05.358+0000] {logging_mixin.py:149} INFO - [2023-05-31T09:47:05.358+0000] {dagbag.py:541} INFO - Filling up the DagBag from /home/airflow/.local/lib/python3.7/site-packages/airflow/example_dags/example_dag_decorator.py
[2023-05-31T09:47:05.368+0000] {logging_mixin.py:149} INFO - [2023-05-31T09:47:05.368+0000] {taskmixin.py:211} WARNING - Dependency <Task(_PythonDecoratedOperator): prepare_email>, send_email already registered for DAG: example_dag_decorator
[2023-05-31T09:47:05.368+0000] {logging_mixin.py:149} INFO - [2023-05-31T09:47:05.368+0000] {taskmixin.py:211} WARNING - Dependency <Task(EmailOperator): send_email>, prepare_email already registered for DAG: example_dag_decorator
[2023-05-31T09:47:05.379+0000] {processor.py:809} INFO - DAG(s) dict_keys(['example_dag_decorator']) retrieved from /home/airflow/.local/lib/python3.7/site-packages/airflow/example_dags/example_dag_decorator.py
[2023-05-31T09:47:05.468+0000] {logging_mixin.py:149} INFO - [2023-05-31T09:47:05.468+0000] {dag.py:2726} INFO - Sync 1 DAGs
[2023-05-31T09:47:05.502+0000] {logging_mixin.py:149} INFO - [2023-05-31T09:47:05.502+0000] {dag.py:3490} INFO - Setting next_dagrun for example_dag_decorator to None, run_after=None
[2023-05-31T09:47:05.527+0000] {processor.py:178} INFO - Processing /home/airflow/.local/lib/python3.7/site-packages/airflow/example_dags/example_dag_decorator.py took 0.176 seconds
[2023-05-31T09:47:36.551+0000] {processor.py:156} INFO - Started process (PID=183) to work on /home/airflow/.local/lib/python3.7/site-packages/airflow/example_dags/example_dag_decorator.py
[2023-05-31T09:47:36.553+0000] {processor.py:799} INFO - Processing file /home/airflow/.local/lib/python3.7/site-packages/airflow/example_dags/example_dag_decorator.py for tasks to queue
[2023-05-31T09:47:36.553+0000] {logging_mixin.py:149} INFO - [2023-05-31T09:47:36.553+0000] {dagbag.py:541} INFO - Filling up the DagBag from /home/airflow/.local/lib/python3.7/site-packages/airflow/example_dags/example_dag_decorator.py
[2023-05-31T09:47:36.561+0000] {logging_mixin.py:149} INFO - [2023-05-31T09:47:36.561+0000] {taskmixin.py:211} WARNING - Dependency <Task(_PythonDecoratedOperator): prepare_email>, send_email already registered for DAG: example_dag_decorator
[2023-05-31T09:47:36.562+0000] {logging_mixin.py:149} INFO - [2023-05-31T09:47:36.561+0000] {taskmixin.py:211} WARNING - Dependency <Task(EmailOperator): send_email>, prepare_email already registered for DAG: example_dag_decorator
[2023-05-31T09:47:36.573+0000] {processor.py:809} INFO - DAG(s) dict_keys(['example_dag_decorator']) retrieved from /home/airflow/.local/lib/python3.7/site-packages/airflow/example_dags/example_dag_decorator.py
[2023-05-31T09:47:36.663+0000] {logging_mixin.py:149} INFO - [2023-05-31T09:47:36.663+0000] {dag.py:2726} INFO - Sync 1 DAGs
[2023-05-31T09:47:36.695+0000] {logging_mixin.py:149} INFO - [2023-05-31T09:47:36.695+0000] {dag.py:3490} INFO - Setting next_dagrun for example_dag_decorator to None, run_after=None
[2023-05-31T09:47:36.727+0000] {processor.py:178} INFO - Processing /home/airflow/.local/lib/python3.7/site-packages/airflow/example_dags/example_dag_decorator.py took 0.186 seconds
[2023-05-31T09:48:06.834+0000] {processor.py:156} INFO - Started process (PID=239) to work on /home/airflow/.local/lib/python3.7/site-packages/airflow/example_dags/example_dag_decorator.py
[2023-05-31T09:48:06.836+0000] {processor.py:799} INFO - Processing file /home/airflow/.local/lib/python3.7/site-packages/airflow/example_dags/example_dag_decorator.py for tasks to queue
[2023-05-31T09:48:06.837+0000] {logging_mixin.py:149} INFO - [2023-05-31T09:48:06.837+0000] {dagbag.py:541} INFO - Filling up the DagBag from /home/airflow/.local/lib/python3.7/site-packages/airflow/example_dags/example_dag_decorator.py
[2023-05-31T09:48:06.845+0000] {logging_mixin.py:149} INFO - [2023-05-31T09:48:06.845+0000] {taskmixin.py:211} WARNING - Dependency <Task(_PythonDecoratedOperator): prepare_email>, send_email already registered for DAG: example_dag_decorator
[2023-05-31T09:48:06.846+0000] {logging_mixin.py:149} INFO - [2023-05-31T09:48:06.845+0000] {taskmixin.py:211} WARNING - Dependency <Task(EmailOperator): send_email>, prepare_email already registered for DAG: example_dag_decorator
[2023-05-31T09:48:06.858+0000] {processor.py:809} INFO - DAG(s) dict_keys(['example_dag_decorator']) retrieved from /home/airflow/.local/lib/python3.7/site-packages/airflow/example_dags/example_dag_decorator.py
[2023-05-31T09:48:06.950+0000] {logging_mixin.py:149} INFO - [2023-05-31T09:48:06.950+0000] {dag.py:2726} INFO - Sync 1 DAGs
[2023-05-31T09:48:06.982+0000] {logging_mixin.py:149} INFO - [2023-05-31T09:48:06.982+0000] {dag.py:3490} INFO - Setting next_dagrun for example_dag_decorator to None, run_after=None
[2023-05-31T09:48:07.008+0000] {processor.py:178} INFO - Processing /home/airflow/.local/lib/python3.7/site-packages/airflow/example_dags/example_dag_decorator.py took 0.178 seconds
[2023-05-31T09:48:37.507+0000] {processor.py:156} INFO - Started process (PID=297) to work on /home/airflow/.local/lib/python3.7/site-packages/airflow/example_dags/example_dag_decorator.py
[2023-05-31T09:48:37.508+0000] {processor.py:799} INFO - Processing file /home/airflow/.local/lib/python3.7/site-packages/airflow/example_dags/example_dag_decorator.py for tasks to queue
[2023-05-31T09:48:37.509+0000] {logging_mixin.py:149} INFO - [2023-05-31T09:48:37.509+0000] {dagbag.py:541} INFO - Filling up the DagBag from /home/airflow/.local/lib/python3.7/site-packages/airflow/example_dags/example_dag_decorator.py
[2023-05-31T09:48:37.517+0000] {logging_mixin.py:149} INFO - [2023-05-31T09:48:37.517+0000] {taskmixin.py:211} WARNING - Dependency <Task(_PythonDecoratedOperator): prepare_email>, send_email already registered for DAG: example_dag_decorator
[2023-05-31T09:48:37.517+0000] {logging_mixin.py:149} INFO - [2023-05-31T09:48:37.517+0000] {taskmixin.py:211} WARNING - Dependency <Task(EmailOperator): send_email>, prepare_email already registered for DAG: example_dag_decorator
[2023-05-31T09:48:37.528+0000] {processor.py:809} INFO - DAG(s) dict_keys(['example_dag_decorator']) retrieved from /home/airflow/.local/lib/python3.7/site-packages/airflow/example_dags/example_dag_decorator.py
[2023-05-31T09:48:37.627+0000] {logging_mixin.py:149} INFO - [2023-05-31T09:48:37.627+0000] {dag.py:2726} INFO - Sync 1 DAGs
[2023-05-31T09:48:37.658+0000] {logging_mixin.py:149} INFO - [2023-05-31T09:48:37.657+0000] {dag.py:3490} INFO - Setting next_dagrun for example_dag_decorator to None, run_after=None
[2023-05-31T09:48:37.683+0000] {processor.py:178} INFO - Processing /home/airflow/.local/lib/python3.7/site-packages/airflow/example_dags/example_dag_decorator.py took 0.180 seconds
[2023-05-31T09:49:07.968+0000] {processor.py:156} INFO - Started process (PID=354) to work on /home/airflow/.local/lib/python3.7/site-packages/airflow/example_dags/example_dag_decorator.py
[2023-05-31T09:49:07.969+0000] {processor.py:799} INFO - Processing file /home/airflow/.local/lib/python3.7/site-packages/airflow/example_dags/example_dag_decorator.py for tasks to queue
[2023-05-31T09:49:07.970+0000] {logging_mixin.py:149} INFO - [2023-05-31T09:49:07.969+0000] {dagbag.py:541} INFO - Filling up the DagBag from /home/airflow/.local/lib/python3.7/site-packages/airflow/example_dags/example_dag_decorator.py
[2023-05-31T09:49:07.977+0000] {logging_mixin.py:149} INFO - [2023-05-31T09:49:07.977+0000] {taskmixin.py:211} WARNING - Dependency <Task(_PythonDecoratedOperator): prepare_email>, send_email already registered for DAG: example_dag_decorator
[2023-05-31T09:49:07.978+0000] {logging_mixin.py:149} INFO - [2023-05-31T09:49:07.978+0000] {taskmixin.py:211} WARNING - Dependency <Task(EmailOperator): send_email>, prepare_email already registered for DAG: example_dag_decorator
[2023-05-31T09:49:07.989+0000] {processor.py:809} INFO - DAG(s) dict_keys(['example_dag_decorator']) retrieved from /home/airflow/.local/lib/python3.7/site-packages/airflow/example_dags/example_dag_decorator.py
[2023-05-31T09:49:08.080+0000] {logging_mixin.py:149} INFO - [2023-05-31T09:49:08.080+0000] {dag.py:2726} INFO - Sync 1 DAGs
[2023-05-31T09:49:08.111+0000] {logging_mixin.py:149} INFO - [2023-05-31T09:49:08.111+0000] {dag.py:3490} INFO - Setting next_dagrun for example_dag_decorator to None, run_after=None
[2023-05-31T09:49:08.135+0000] {processor.py:178} INFO - Processing /home/airflow/.local/lib/python3.7/site-packages/airflow/example_dags/example_dag_decorator.py took 0.171 seconds
[2023-05-31T09:49:38.786+0000] {processor.py:156} INFO - Started process (PID=412) to work on /home/airflow/.local/lib/python3.7/site-packages/airflow/example_dags/example_dag_decorator.py
[2023-05-31T09:49:38.788+0000] {processor.py:799} INFO - Processing file /home/airflow/.local/lib/python3.7/site-packages/airflow/example_dags/example_dag_decorator.py for tasks to queue
[2023-05-31T09:49:38.788+0000] {logging_mixin.py:149} INFO - [2023-05-31T09:49:38.788+0000] {dagbag.py:541} INFO - Filling up the DagBag from /home/airflow/.local/lib/python3.7/site-packages/airflow/example_dags/example_dag_decorator.py
[2023-05-31T09:49:38.796+0000] {logging_mixin.py:149} INFO - [2023-05-31T09:49:38.796+0000] {taskmixin.py:211} WARNING - Dependency <Task(_PythonDecoratedOperator): prepare_email>, send_email already registered for DAG: example_dag_decorator
[2023-05-31T09:49:38.797+0000] {logging_mixin.py:149} INFO - [2023-05-31T09:49:38.797+0000] {taskmixin.py:211} WARNING - Dependency <Task(EmailOperator): send_email>, prepare_email already registered for DAG: example_dag_decorator
[2023-05-31T09:49:38.807+0000] {processor.py:809} INFO - DAG(s) dict_keys(['example_dag_decorator']) retrieved from /home/airflow/.local/lib/python3.7/site-packages/airflow/example_dags/example_dag_decorator.py
[2023-05-31T09:49:38.900+0000] {logging_mixin.py:149} INFO - [2023-05-31T09:49:38.900+0000] {dag.py:2726} INFO - Sync 1 DAGs
[2023-05-31T09:49:38.933+0000] {logging_mixin.py:149} INFO - [2023-05-31T09:49:38.933+0000] {dag.py:3490} INFO - Setting next_dagrun for example_dag_decorator to None, run_after=None
[2023-05-31T09:49:38.964+0000] {processor.py:178} INFO - Processing /home/airflow/.local/lib/python3.7/site-packages/airflow/example_dags/example_dag_decorator.py took 0.181 seconds
[2023-05-31T09:50:09.974+0000] {processor.py:156} INFO - Started process (PID=476) to work on /home/airflow/.local/lib/python3.7/site-packages/airflow/example_dags/example_dag_decorator.py
[2023-05-31T09:50:09.975+0000] {processor.py:799} INFO - Processing file /home/airflow/.local/lib/python3.7/site-packages/airflow/example_dags/example_dag_decorator.py for tasks to queue
[2023-05-31T09:50:09.976+0000] {logging_mixin.py:149} INFO - [2023-05-31T09:50:09.976+0000] {dagbag.py:541} INFO - Filling up the DagBag from /home/airflow/.local/lib/python3.7/site-packages/airflow/example_dags/example_dag_decorator.py
[2023-05-31T09:50:09.985+0000] {logging_mixin.py:149} INFO - [2023-05-31T09:50:09.985+0000] {taskmixin.py:211} WARNING - Dependency <Task(_PythonDecoratedOperator): prepare_email>, send_email already registered for DAG: example_dag_decorator
[2023-05-31T09:50:09.985+0000] {logging_mixin.py:149} INFO - [2023-05-31T09:50:09.985+0000] {taskmixin.py:211} WARNING - Dependency <Task(EmailOperator): send_email>, prepare_email already registered for DAG: example_dag_decorator
[2023-05-31T09:50:09.996+0000] {processor.py:809} INFO - DAG(s) dict_keys(['example_dag_decorator']) retrieved from /home/airflow/.local/lib/python3.7/site-packages/airflow/example_dags/example_dag_decorator.py
[2023-05-31T09:50:10.085+0000] {logging_mixin.py:149} INFO - [2023-05-31T09:50:10.085+0000] {dag.py:2726} INFO - Sync 1 DAGs
[2023-05-31T09:50:10.122+0000] {logging_mixin.py:149} INFO - [2023-05-31T09:50:10.122+0000] {dag.py:3490} INFO - Setting next_dagrun for example_dag_decorator to None, run_after=None
[2023-05-31T09:50:10.152+0000] {processor.py:178} INFO - Processing /home/airflow/.local/lib/python3.7/site-packages/airflow/example_dags/example_dag_decorator.py took 0.187 seconds
[2023-05-31T09:50:40.843+0000] {processor.py:156} INFO - Started process (PID=533) to work on /home/airflow/.local/lib/python3.7/site-packages/airflow/example_dags/example_dag_decorator.py
[2023-05-31T09:50:40.844+0000] {processor.py:799} INFO - Processing file /home/airflow/.local/lib/python3.7/site-packages/airflow/example_dags/example_dag_decorator.py for tasks to queue
[2023-05-31T09:50:40.845+0000] {logging_mixin.py:149} INFO - [2023-05-31T09:50:40.845+0000] {dagbag.py:541} INFO - Filling up the DagBag from /home/airflow/.local/lib/python3.7/site-packages/airflow/example_dags/example_dag_decorator.py
[2023-05-31T09:50:40.852+0000] {logging_mixin.py:149} INFO - [2023-05-31T09:50:40.852+0000] {taskmixin.py:211} WARNING - Dependency <Task(_PythonDecoratedOperator): prepare_email>, send_email already registered for DAG: example_dag_decorator
[2023-05-31T09:50:40.853+0000] {logging_mixin.py:149} INFO - [2023-05-31T09:50:40.853+0000] {taskmixin.py:211} WARNING - Dependency <Task(EmailOperator): send_email>, prepare_email already registered for DAG: example_dag_decorator
[2023-05-31T09:50:40.863+0000] {processor.py:809} INFO - DAG(s) dict_keys(['example_dag_decorator']) retrieved from /home/airflow/.local/lib/python3.7/site-packages/airflow/example_dags/example_dag_decorator.py
[2023-05-31T09:50:40.952+0000] {logging_mixin.py:149} INFO - [2023-05-31T09:50:40.952+0000] {dag.py:2726} INFO - Sync 1 DAGs
[2023-05-31T09:50:40.984+0000] {logging_mixin.py:149} INFO - [2023-05-31T09:50:40.983+0000] {dag.py:3490} INFO - Setting next_dagrun for example_dag_decorator to None, run_after=None
[2023-05-31T09:50:41.007+0000] {processor.py:178} INFO - Processing /home/airflow/.local/lib/python3.7/site-packages/airflow/example_dags/example_dag_decorator.py took 0.168 seconds
[2023-05-31T09:51:11.334+0000] {processor.py:156} INFO - Started process (PID=590) to work on /home/airflow/.local/lib/python3.7/site-packages/airflow/example_dags/example_dag_decorator.py
[2023-05-31T09:51:11.334+0000] {processor.py:799} INFO - Processing file /home/airflow/.local/lib/python3.7/site-packages/airflow/example_dags/example_dag_decorator.py for tasks to queue
[2023-05-31T09:51:11.335+0000] {logging_mixin.py:149} INFO - [2023-05-31T09:51:11.335+0000] {dagbag.py:541} INFO - Filling up the DagBag from /home/airflow/.local/lib/python3.7/site-packages/airflow/example_dags/example_dag_decorator.py
[2023-05-31T09:51:11.342+0000] {logging_mixin.py:149} INFO - [2023-05-31T09:51:11.342+0000] {taskmixin.py:211} WARNING - Dependency <Task(_PythonDecoratedOperator): prepare_email>, send_email already registered for DAG: example_dag_decorator
[2023-05-31T09:51:11.343+0000] {logging_mixin.py:149} INFO - [2023-05-31T09:51:11.342+0000] {taskmixin.py:211} WARNING - Dependency <Task(EmailOperator): send_email>, prepare_email already registered for DAG: example_dag_decorator
[2023-05-31T09:51:11.353+0000] {processor.py:809} INFO - DAG(s) dict_keys(['example_dag_decorator']) retrieved from /home/airflow/.local/lib/python3.7/site-packages/airflow/example_dags/example_dag_decorator.py
[2023-05-31T09:51:11.443+0000] {logging_mixin.py:149} INFO - [2023-05-31T09:51:11.443+0000] {dag.py:2726} INFO - Sync 1 DAGs
[2023-05-31T09:51:11.473+0000] {logging_mixin.py:149} INFO - [2023-05-31T09:51:11.473+0000] {dag.py:3490} INFO - Setting next_dagrun for example_dag_decorator to None, run_after=None
[2023-05-31T09:51:11.496+0000] {processor.py:178} INFO - Processing /home/airflow/.local/lib/python3.7/site-packages/airflow/example_dags/example_dag_decorator.py took 0.166 seconds
[2023-05-31T09:51:42.264+0000] {processor.py:156} INFO - Started process (PID=648) to work on /home/airflow/.local/lib/python3.7/site-packages/airflow/example_dags/example_dag_decorator.py
[2023-05-31T09:51:42.265+0000] {processor.py:799} INFO - Processing file /home/airflow/.local/lib/python3.7/site-packages/airflow/example_dags/example_dag_decorator.py for tasks to queue
[2023-05-31T09:51:42.266+0000] {logging_mixin.py:149} INFO - [2023-05-31T09:51:42.266+0000] {dagbag.py:541} INFO - Filling up the DagBag from /home/airflow/.local/lib/python3.7/site-packages/airflow/example_dags/example_dag_decorator.py
[2023-05-31T09:51:42.273+0000] {logging_mixin.py:149} INFO - [2023-05-31T09:51:42.273+0000] {taskmixin.py:211} WARNING - Dependency <Task(_PythonDecoratedOperator): prepare_email>, send_email already registered for DAG: example_dag_decorator
[2023-05-31T09:51:42.273+0000] {logging_mixin.py:149} INFO - [2023-05-31T09:51:42.273+0000] {taskmixin.py:211} WARNING - Dependency <Task(EmailOperator): send_email>, prepare_email already registered for DAG: example_dag_decorator
[2023-05-31T09:51:42.283+0000] {processor.py:809} INFO - DAG(s) dict_keys(['example_dag_decorator']) retrieved from /home/airflow/.local/lib/python3.7/site-packages/airflow/example_dags/example_dag_decorator.py
[2023-05-31T09:51:42.386+0000] {logging_mixin.py:149} INFO - [2023-05-31T09:51:42.385+0000] {dag.py:2726} INFO - Sync 1 DAGs
[2023-05-31T09:51:42.419+0000] {logging_mixin.py:149} INFO - [2023-05-31T09:51:42.418+0000] {dag.py:3490} INFO - Setting next_dagrun for example_dag_decorator to None, run_after=None
[2023-05-31T09:51:42.467+0000] {processor.py:178} INFO - Processing /home/airflow/.local/lib/python3.7/site-packages/airflow/example_dags/example_dag_decorator.py took 0.208 seconds
[2023-05-31T09:52:13.342+0000] {processor.py:156} INFO - Started process (PID=705) to work on /home/airflow/.local/lib/python3.7/site-packages/airflow/example_dags/example_dag_decorator.py
[2023-05-31T09:52:13.343+0000] {processor.py:799} INFO - Processing file /home/airflow/.local/lib/python3.7/site-packages/airflow/example_dags/example_dag_decorator.py for tasks to queue
[2023-05-31T09:52:13.344+0000] {logging_mixin.py:149} INFO - [2023-05-31T09:52:13.344+0000] {dagbag.py:541} INFO - Filling up the DagBag from /home/airflow/.local/lib/python3.7/site-packages/airflow/example_dags/example_dag_decorator.py
[2023-05-31T09:52:13.357+0000] {logging_mixin.py:149} INFO - [2023-05-31T09:52:13.356+0000] {taskmixin.py:211} WARNING - Dependency <Task(_PythonDecoratedOperator): prepare_email>, send_email already registered for DAG: example_dag_decorator
[2023-05-31T09:52:13.357+0000] {logging_mixin.py:149} INFO - [2023-05-31T09:52:13.357+0000] {taskmixin.py:211} WARNING - Dependency <Task(EmailOperator): send_email>, prepare_email already registered for DAG: example_dag_decorator
[2023-05-31T09:52:13.367+0000] {processor.py:809} INFO - DAG(s) dict_keys(['example_dag_decorator']) retrieved from /home/airflow/.local/lib/python3.7/site-packages/airflow/example_dags/example_dag_decorator.py
[2023-05-31T09:52:13.454+0000] {logging_mixin.py:149} INFO - [2023-05-31T09:52:13.454+0000] {dag.py:2726} INFO - Sync 1 DAGs
[2023-05-31T09:52:13.484+0000] {logging_mixin.py:149} INFO - [2023-05-31T09:52:13.484+0000] {dag.py:3490} INFO - Setting next_dagrun for example_dag_decorator to None, run_after=None
[2023-05-31T09:52:13.507+0000] {processor.py:178} INFO - Processing /home/airflow/.local/lib/python3.7/site-packages/airflow/example_dags/example_dag_decorator.py took 0.169 seconds
