[2023-05-31T09:46:27.819+0000] {processor.py:156} INFO - Started process (PID=35) to work on /home/airflow/.local/lib/python3.7/site-packages/airflow/example_dags/example_subdag_operator.py
[2023-05-31T09:46:27.824+0000] {processor.py:799} INFO - Processing file /home/airflow/.local/lib/python3.7/site-packages/airflow/example_dags/example_subdag_operator.py for tasks to queue
[2023-05-31T09:46:27.825+0000] {logging_mixin.py:149} INFO - [2023-05-31T09:46:27.825+0000] {dagbag.py:541} INFO - Filling up the DagBag from /home/airflow/.local/lib/python3.7/site-packages/airflow/example_dags/example_subdag_operator.py
[2023-05-31T09:46:27.924+0000] {processor.py:809} INFO - DAG(s) dict_keys(['example_subdag_operator.section-1', 'example_subdag_operator.section-2', 'example_subdag_operator']) retrieved from /home/airflow/.local/lib/python3.7/site-packages/airflow/example_dags/example_subdag_operator.py
[2023-05-31T09:46:28.019+0000] {logging_mixin.py:149} INFO - [2023-05-31T09:46:28.018+0000] {dag.py:2726} INFO - Sync 3 DAGs
[2023-05-31T09:46:28.130+0000] {logging_mixin.py:149} INFO - [2023-05-31T09:46:28.130+0000] {dag.py:3490} INFO - Setting next_dagrun for example_subdag_operator to 2022-01-01T00:00:00+00:00, run_after=2022-01-01T00:00:00+00:00
[2023-05-31T09:46:28.142+0000] {logging_mixin.py:149} INFO - [2023-05-31T09:46:28.141+0000] {dag.py:3490} INFO - Setting next_dagrun for example_subdag_operator.section-1 to None, run_after=None
[2023-05-31T09:46:28.155+0000] {logging_mixin.py:149} INFO - [2023-05-31T09:46:28.155+0000] {dag.py:3490} INFO - Setting next_dagrun for example_subdag_operator.section-2 to None, run_after=None
[2023-05-31T09:46:28.214+0000] {logging_mixin.py:149} INFO - [2023-05-31T09:46:28.214+0000] {dag.py:2726} INFO - Sync 2 DAGs
[2023-05-31T09:46:28.246+0000] {logging_mixin.py:149} INFO - [2023-05-31T09:46:28.245+0000] {dag.py:3490} INFO - Setting next_dagrun for example_subdag_operator.section-1 to None, run_after=None
[2023-05-31T09:46:28.248+0000] {logging_mixin.py:149} INFO - [2023-05-31T09:46:28.246+0000] {dag.py:3490} INFO - Setting next_dagrun for example_subdag_operator.section-2 to None, run_after=None
[2023-05-31T09:46:28.302+0000] {processor.py:178} INFO - Processing /home/airflow/.local/lib/python3.7/site-packages/airflow/example_dags/example_subdag_operator.py took 0.495 seconds
[2023-05-31T09:46:58.951+0000] {processor.py:156} INFO - Started process (PID=92) to work on /home/airflow/.local/lib/python3.7/site-packages/airflow/example_dags/example_subdag_operator.py
[2023-05-31T09:46:58.953+0000] {processor.py:799} INFO - Processing file /home/airflow/.local/lib/python3.7/site-packages/airflow/example_dags/example_subdag_operator.py for tasks to queue
[2023-05-31T09:46:58.953+0000] {logging_mixin.py:149} INFO - [2023-05-31T09:46:58.953+0000] {dagbag.py:541} INFO - Filling up the DagBag from /home/airflow/.local/lib/python3.7/site-packages/airflow/example_dags/example_subdag_operator.py
[2023-05-31T09:46:58.984+0000] {processor.py:809} INFO - DAG(s) dict_keys(['example_subdag_operator.section-1', 'example_subdag_operator.section-2', 'example_subdag_operator']) retrieved from /home/airflow/.local/lib/python3.7/site-packages/airflow/example_dags/example_subdag_operator.py
[2023-05-31T09:46:59.010+0000] {logging_mixin.py:149} INFO - [2023-05-31T09:46:59.010+0000] {dag.py:2726} INFO - Sync 3 DAGs
[2023-05-31T09:46:59.045+0000] {logging_mixin.py:149} INFO - [2023-05-31T09:46:59.045+0000] {dag.py:3490} INFO - Setting next_dagrun for example_subdag_operator to 2022-01-01T00:00:00+00:00, run_after=2022-01-01T00:00:00+00:00
[2023-05-31T09:46:59.050+0000] {logging_mixin.py:149} INFO - [2023-05-31T09:46:59.049+0000] {dag.py:3490} INFO - Setting next_dagrun for example_subdag_operator.section-1 to None, run_after=None
[2023-05-31T09:46:59.051+0000] {logging_mixin.py:149} INFO - [2023-05-31T09:46:59.051+0000] {dag.py:3490} INFO - Setting next_dagrun for example_subdag_operator.section-2 to None, run_after=None
[2023-05-31T09:46:59.062+0000] {logging_mixin.py:149} INFO - [2023-05-31T09:46:59.061+0000] {dag.py:2726} INFO - Sync 2 DAGs
[2023-05-31T09:46:59.070+0000] {logging_mixin.py:149} INFO - [2023-05-31T09:46:59.069+0000] {dag.py:3490} INFO - Setting next_dagrun for example_subdag_operator.section-1 to None, run_after=None
[2023-05-31T09:46:59.070+0000] {logging_mixin.py:149} INFO - [2023-05-31T09:46:59.070+0000] {dag.py:3490} INFO - Setting next_dagrun for example_subdag_operator.section-2 to None, run_after=None
[2023-05-31T09:46:59.084+0000] {processor.py:178} INFO - Processing /home/airflow/.local/lib/python3.7/site-packages/airflow/example_dags/example_subdag_operator.py took 0.138 seconds
[2023-05-31T09:47:29.624+0000] {processor.py:156} INFO - Started process (PID=148) to work on /home/airflow/.local/lib/python3.7/site-packages/airflow/example_dags/example_subdag_operator.py
[2023-05-31T09:47:29.635+0000] {processor.py:799} INFO - Processing file /home/airflow/.local/lib/python3.7/site-packages/airflow/example_dags/example_subdag_operator.py for tasks to queue
[2023-05-31T09:47:29.638+0000] {logging_mixin.py:149} INFO - [2023-05-31T09:47:29.638+0000] {dagbag.py:541} INFO - Filling up the DagBag from /home/airflow/.local/lib/python3.7/site-packages/airflow/example_dags/example_subdag_operator.py
[2023-05-31T09:47:29.672+0000] {processor.py:809} INFO - DAG(s) dict_keys(['example_subdag_operator.section-1', 'example_subdag_operator.section-2', 'example_subdag_operator']) retrieved from /home/airflow/.local/lib/python3.7/site-packages/airflow/example_dags/example_subdag_operator.py
[2023-05-31T09:47:29.698+0000] {logging_mixin.py:149} INFO - [2023-05-31T09:47:29.698+0000] {dag.py:2726} INFO - Sync 3 DAGs
[2023-05-31T09:47:29.734+0000] {logging_mixin.py:149} INFO - [2023-05-31T09:47:29.733+0000] {dag.py:3490} INFO - Setting next_dagrun for example_subdag_operator to 2022-01-01T00:00:00+00:00, run_after=2022-01-01T00:00:00+00:00
[2023-05-31T09:47:29.739+0000] {logging_mixin.py:149} INFO - [2023-05-31T09:47:29.738+0000] {dag.py:3490} INFO - Setting next_dagrun for example_subdag_operator.section-1 to None, run_after=None
[2023-05-31T09:47:29.740+0000] {logging_mixin.py:149} INFO - [2023-05-31T09:47:29.740+0000] {dag.py:3490} INFO - Setting next_dagrun for example_subdag_operator.section-2 to None, run_after=None
[2023-05-31T09:47:29.752+0000] {logging_mixin.py:149} INFO - [2023-05-31T09:47:29.751+0000] {dag.py:2726} INFO - Sync 2 DAGs
[2023-05-31T09:47:29.760+0000] {logging_mixin.py:149} INFO - [2023-05-31T09:47:29.759+0000] {dag.py:3490} INFO - Setting next_dagrun for example_subdag_operator.section-1 to None, run_after=None
[2023-05-31T09:47:29.760+0000] {logging_mixin.py:149} INFO - [2023-05-31T09:47:29.760+0000] {dag.py:3490} INFO - Setting next_dagrun for example_subdag_operator.section-2 to None, run_after=None
[2023-05-31T09:47:29.789+0000] {processor.py:178} INFO - Processing /home/airflow/.local/lib/python3.7/site-packages/airflow/example_dags/example_subdag_operator.py took 0.169 seconds
[2023-05-31T09:48:00.188+0000] {processor.py:156} INFO - Started process (PID=205) to work on /home/airflow/.local/lib/python3.7/site-packages/airflow/example_dags/example_subdag_operator.py
[2023-05-31T09:48:00.189+0000] {processor.py:799} INFO - Processing file /home/airflow/.local/lib/python3.7/site-packages/airflow/example_dags/example_subdag_operator.py for tasks to queue
[2023-05-31T09:48:00.190+0000] {logging_mixin.py:149} INFO - [2023-05-31T09:48:00.190+0000] {dagbag.py:541} INFO - Filling up the DagBag from /home/airflow/.local/lib/python3.7/site-packages/airflow/example_dags/example_subdag_operator.py
[2023-05-31T09:48:00.229+0000] {processor.py:809} INFO - DAG(s) dict_keys(['example_subdag_operator.section-1', 'example_subdag_operator.section-2', 'example_subdag_operator']) retrieved from /home/airflow/.local/lib/python3.7/site-packages/airflow/example_dags/example_subdag_operator.py
[2023-05-31T09:48:00.255+0000] {logging_mixin.py:149} INFO - [2023-05-31T09:48:00.255+0000] {dag.py:2726} INFO - Sync 3 DAGs
[2023-05-31T09:48:00.298+0000] {logging_mixin.py:149} INFO - [2023-05-31T09:48:00.297+0000] {dag.py:3490} INFO - Setting next_dagrun for example_subdag_operator to 2022-01-01T00:00:00+00:00, run_after=2022-01-01T00:00:00+00:00
[2023-05-31T09:48:00.302+0000] {logging_mixin.py:149} INFO - [2023-05-31T09:48:00.302+0000] {dag.py:3490} INFO - Setting next_dagrun for example_subdag_operator.section-1 to None, run_after=None
[2023-05-31T09:48:00.304+0000] {logging_mixin.py:149} INFO - [2023-05-31T09:48:00.304+0000] {dag.py:3490} INFO - Setting next_dagrun for example_subdag_operator.section-2 to None, run_after=None
[2023-05-31T09:48:00.313+0000] {logging_mixin.py:149} INFO - [2023-05-31T09:48:00.313+0000] {dag.py:2726} INFO - Sync 2 DAGs
[2023-05-31T09:48:00.321+0000] {logging_mixin.py:149} INFO - [2023-05-31T09:48:00.321+0000] {dag.py:3490} INFO - Setting next_dagrun for example_subdag_operator.section-1 to None, run_after=None
[2023-05-31T09:48:00.322+0000] {logging_mixin.py:149} INFO - [2023-05-31T09:48:00.321+0000] {dag.py:3490} INFO - Setting next_dagrun for example_subdag_operator.section-2 to None, run_after=None
[2023-05-31T09:48:00.338+0000] {processor.py:178} INFO - Processing /home/airflow/.local/lib/python3.7/site-packages/airflow/example_dags/example_subdag_operator.py took 0.154 seconds
[2023-05-31T09:48:30.794+0000] {processor.py:156} INFO - Started process (PID=262) to work on /home/airflow/.local/lib/python3.7/site-packages/airflow/example_dags/example_subdag_operator.py
[2023-05-31T09:48:30.795+0000] {processor.py:799} INFO - Processing file /home/airflow/.local/lib/python3.7/site-packages/airflow/example_dags/example_subdag_operator.py for tasks to queue
[2023-05-31T09:48:30.796+0000] {logging_mixin.py:149} INFO - [2023-05-31T09:48:30.796+0000] {dagbag.py:541} INFO - Filling up the DagBag from /home/airflow/.local/lib/python3.7/site-packages/airflow/example_dags/example_subdag_operator.py
[2023-05-31T09:48:30.827+0000] {processor.py:809} INFO - DAG(s) dict_keys(['example_subdag_operator.section-1', 'example_subdag_operator.section-2', 'example_subdag_operator']) retrieved from /home/airflow/.local/lib/python3.7/site-packages/airflow/example_dags/example_subdag_operator.py
[2023-05-31T09:48:30.854+0000] {logging_mixin.py:149} INFO - [2023-05-31T09:48:30.854+0000] {dag.py:2726} INFO - Sync 3 DAGs
[2023-05-31T09:48:30.888+0000] {logging_mixin.py:149} INFO - [2023-05-31T09:48:30.888+0000] {dag.py:3490} INFO - Setting next_dagrun for example_subdag_operator to 2022-01-01T00:00:00+00:00, run_after=2022-01-01T00:00:00+00:00
[2023-05-31T09:48:30.892+0000] {logging_mixin.py:149} INFO - [2023-05-31T09:48:30.892+0000] {dag.py:3490} INFO - Setting next_dagrun for example_subdag_operator.section-1 to None, run_after=None
[2023-05-31T09:48:30.897+0000] {logging_mixin.py:149} INFO - [2023-05-31T09:48:30.896+0000] {dag.py:3490} INFO - Setting next_dagrun for example_subdag_operator.section-2 to None, run_after=None
[2023-05-31T09:48:30.906+0000] {logging_mixin.py:149} INFO - [2023-05-31T09:48:30.905+0000] {dag.py:2726} INFO - Sync 2 DAGs
[2023-05-31T09:48:30.913+0000] {logging_mixin.py:149} INFO - [2023-05-31T09:48:30.913+0000] {dag.py:3490} INFO - Setting next_dagrun for example_subdag_operator.section-1 to None, run_after=None
[2023-05-31T09:48:30.913+0000] {logging_mixin.py:149} INFO - [2023-05-31T09:48:30.913+0000] {dag.py:3490} INFO - Setting next_dagrun for example_subdag_operator.section-2 to None, run_after=None
[2023-05-31T09:48:30.926+0000] {processor.py:178} INFO - Processing /home/airflow/.local/lib/python3.7/site-packages/airflow/example_dags/example_subdag_operator.py took 0.137 seconds
[2023-05-31T09:49:01.296+0000] {processor.py:156} INFO - Started process (PID=319) to work on /home/airflow/.local/lib/python3.7/site-packages/airflow/example_dags/example_subdag_operator.py
[2023-05-31T09:49:01.297+0000] {processor.py:799} INFO - Processing file /home/airflow/.local/lib/python3.7/site-packages/airflow/example_dags/example_subdag_operator.py for tasks to queue
[2023-05-31T09:49:01.298+0000] {logging_mixin.py:149} INFO - [2023-05-31T09:49:01.298+0000] {dagbag.py:541} INFO - Filling up the DagBag from /home/airflow/.local/lib/python3.7/site-packages/airflow/example_dags/example_subdag_operator.py
[2023-05-31T09:49:01.330+0000] {processor.py:809} INFO - DAG(s) dict_keys(['example_subdag_operator.section-1', 'example_subdag_operator.section-2', 'example_subdag_operator']) retrieved from /home/airflow/.local/lib/python3.7/site-packages/airflow/example_dags/example_subdag_operator.py
[2023-05-31T09:49:01.357+0000] {logging_mixin.py:149} INFO - [2023-05-31T09:49:01.356+0000] {dag.py:2726} INFO - Sync 3 DAGs
[2023-05-31T09:49:01.399+0000] {logging_mixin.py:149} INFO - [2023-05-31T09:49:01.398+0000] {dag.py:3490} INFO - Setting next_dagrun for example_subdag_operator to 2022-01-01T00:00:00+00:00, run_after=2022-01-01T00:00:00+00:00
[2023-05-31T09:49:01.403+0000] {logging_mixin.py:149} INFO - [2023-05-31T09:49:01.402+0000] {dag.py:3490} INFO - Setting next_dagrun for example_subdag_operator.section-1 to None, run_after=None
[2023-05-31T09:49:01.404+0000] {logging_mixin.py:149} INFO - [2023-05-31T09:49:01.404+0000] {dag.py:3490} INFO - Setting next_dagrun for example_subdag_operator.section-2 to None, run_after=None
[2023-05-31T09:49:01.413+0000] {logging_mixin.py:149} INFO - [2023-05-31T09:49:01.413+0000] {dag.py:2726} INFO - Sync 2 DAGs
[2023-05-31T09:49:01.420+0000] {logging_mixin.py:149} INFO - [2023-05-31T09:49:01.420+0000] {dag.py:3490} INFO - Setting next_dagrun for example_subdag_operator.section-1 to None, run_after=None
[2023-05-31T09:49:01.421+0000] {logging_mixin.py:149} INFO - [2023-05-31T09:49:01.421+0000] {dag.py:3490} INFO - Setting next_dagrun for example_subdag_operator.section-2 to None, run_after=None
[2023-05-31T09:49:01.434+0000] {processor.py:178} INFO - Processing /home/airflow/.local/lib/python3.7/site-packages/airflow/example_dags/example_subdag_operator.py took 0.142 seconds
[2023-05-31T09:49:32.233+0000] {processor.py:156} INFO - Started process (PID=377) to work on /home/airflow/.local/lib/python3.7/site-packages/airflow/example_dags/example_subdag_operator.py
[2023-05-31T09:49:32.234+0000] {processor.py:799} INFO - Processing file /home/airflow/.local/lib/python3.7/site-packages/airflow/example_dags/example_subdag_operator.py for tasks to queue
[2023-05-31T09:49:32.235+0000] {logging_mixin.py:149} INFO - [2023-05-31T09:49:32.235+0000] {dagbag.py:541} INFO - Filling up the DagBag from /home/airflow/.local/lib/python3.7/site-packages/airflow/example_dags/example_subdag_operator.py
[2023-05-31T09:49:32.267+0000] {processor.py:809} INFO - DAG(s) dict_keys(['example_subdag_operator.section-1', 'example_subdag_operator.section-2', 'example_subdag_operator']) retrieved from /home/airflow/.local/lib/python3.7/site-packages/airflow/example_dags/example_subdag_operator.py
[2023-05-31T09:49:32.292+0000] {logging_mixin.py:149} INFO - [2023-05-31T09:49:32.291+0000] {dag.py:2726} INFO - Sync 3 DAGs
[2023-05-31T09:49:32.325+0000] {logging_mixin.py:149} INFO - [2023-05-31T09:49:32.324+0000] {dag.py:3490} INFO - Setting next_dagrun for example_subdag_operator to 2022-01-01T00:00:00+00:00, run_after=2022-01-01T00:00:00+00:00
[2023-05-31T09:49:32.330+0000] {logging_mixin.py:149} INFO - [2023-05-31T09:49:32.330+0000] {dag.py:3490} INFO - Setting next_dagrun for example_subdag_operator.section-1 to None, run_after=None
[2023-05-31T09:49:32.331+0000] {logging_mixin.py:149} INFO - [2023-05-31T09:49:32.331+0000] {dag.py:3490} INFO - Setting next_dagrun for example_subdag_operator.section-2 to None, run_after=None
[2023-05-31T09:49:32.341+0000] {logging_mixin.py:149} INFO - [2023-05-31T09:49:32.341+0000] {dag.py:2726} INFO - Sync 2 DAGs
[2023-05-31T09:49:32.348+0000] {logging_mixin.py:149} INFO - [2023-05-31T09:49:32.348+0000] {dag.py:3490} INFO - Setting next_dagrun for example_subdag_operator.section-1 to None, run_after=None
[2023-05-31T09:49:32.348+0000] {logging_mixin.py:149} INFO - [2023-05-31T09:49:32.348+0000] {dag.py:3490} INFO - Setting next_dagrun for example_subdag_operator.section-2 to None, run_after=None
[2023-05-31T09:49:32.361+0000] {processor.py:178} INFO - Processing /home/airflow/.local/lib/python3.7/site-packages/airflow/example_dags/example_subdag_operator.py took 0.132 seconds
[2023-05-31T09:50:02.486+0000] {processor.py:156} INFO - Started process (PID=434) to work on /home/airflow/.local/lib/python3.7/site-packages/airflow/example_dags/example_subdag_operator.py
[2023-05-31T09:50:02.486+0000] {processor.py:799} INFO - Processing file /home/airflow/.local/lib/python3.7/site-packages/airflow/example_dags/example_subdag_operator.py for tasks to queue
[2023-05-31T09:50:02.487+0000] {logging_mixin.py:149} INFO - [2023-05-31T09:50:02.487+0000] {dagbag.py:541} INFO - Filling up the DagBag from /home/airflow/.local/lib/python3.7/site-packages/airflow/example_dags/example_subdag_operator.py
[2023-05-31T09:50:02.519+0000] {processor.py:809} INFO - DAG(s) dict_keys(['example_subdag_operator.section-1', 'example_subdag_operator.section-2', 'example_subdag_operator']) retrieved from /home/airflow/.local/lib/python3.7/site-packages/airflow/example_dags/example_subdag_operator.py
[2023-05-31T09:50:02.545+0000] {logging_mixin.py:149} INFO - [2023-05-31T09:50:02.545+0000] {dag.py:2726} INFO - Sync 3 DAGs
[2023-05-31T09:50:02.577+0000] {logging_mixin.py:149} INFO - [2023-05-31T09:50:02.577+0000] {dag.py:3490} INFO - Setting next_dagrun for example_subdag_operator to 2022-01-01T00:00:00+00:00, run_after=2022-01-01T00:00:00+00:00
[2023-05-31T09:50:02.581+0000] {logging_mixin.py:149} INFO - [2023-05-31T09:50:02.581+0000] {dag.py:3490} INFO - Setting next_dagrun for example_subdag_operator.section-1 to None, run_after=None
[2023-05-31T09:50:02.582+0000] {logging_mixin.py:149} INFO - [2023-05-31T09:50:02.582+0000] {dag.py:3490} INFO - Setting next_dagrun for example_subdag_operator.section-2 to None, run_after=None
[2023-05-31T09:50:02.591+0000] {logging_mixin.py:149} INFO - [2023-05-31T09:50:02.591+0000] {dag.py:2726} INFO - Sync 2 DAGs
[2023-05-31T09:50:02.598+0000] {logging_mixin.py:149} INFO - [2023-05-31T09:50:02.598+0000] {dag.py:3490} INFO - Setting next_dagrun for example_subdag_operator.section-1 to None, run_after=None
[2023-05-31T09:50:02.599+0000] {logging_mixin.py:149} INFO - [2023-05-31T09:50:02.598+0000] {dag.py:3490} INFO - Setting next_dagrun for example_subdag_operator.section-2 to None, run_after=None
[2023-05-31T09:50:02.611+0000] {processor.py:178} INFO - Processing /home/airflow/.local/lib/python3.7/site-packages/airflow/example_dags/example_subdag_operator.py took 0.130 seconds
[2023-05-31T09:50:33.272+0000] {processor.py:156} INFO - Started process (PID=491) to work on /home/airflow/.local/lib/python3.7/site-packages/airflow/example_dags/example_subdag_operator.py
[2023-05-31T09:50:33.281+0000] {processor.py:799} INFO - Processing file /home/airflow/.local/lib/python3.7/site-packages/airflow/example_dags/example_subdag_operator.py for tasks to queue
[2023-05-31T09:50:33.281+0000] {logging_mixin.py:149} INFO - [2023-05-31T09:50:33.281+0000] {dagbag.py:541} INFO - Filling up the DagBag from /home/airflow/.local/lib/python3.7/site-packages/airflow/example_dags/example_subdag_operator.py
[2023-05-31T09:50:33.339+0000] {processor.py:809} INFO - DAG(s) dict_keys(['example_subdag_operator.section-1', 'example_subdag_operator.section-2', 'example_subdag_operator']) retrieved from /home/airflow/.local/lib/python3.7/site-packages/airflow/example_dags/example_subdag_operator.py
[2023-05-31T09:50:33.380+0000] {logging_mixin.py:149} INFO - [2023-05-31T09:50:33.379+0000] {dag.py:2726} INFO - Sync 3 DAGs
[2023-05-31T09:50:33.418+0000] {logging_mixin.py:149} INFO - [2023-05-31T09:50:33.418+0000] {dag.py:3490} INFO - Setting next_dagrun for example_subdag_operator to 2022-01-01T00:00:00+00:00, run_after=2022-01-01T00:00:00+00:00
[2023-05-31T09:50:33.422+0000] {logging_mixin.py:149} INFO - [2023-05-31T09:50:33.422+0000] {dag.py:3490} INFO - Setting next_dagrun for example_subdag_operator.section-1 to None, run_after=None
[2023-05-31T09:50:33.424+0000] {logging_mixin.py:149} INFO - [2023-05-31T09:50:33.424+0000] {dag.py:3490} INFO - Setting next_dagrun for example_subdag_operator.section-2 to None, run_after=None
[2023-05-31T09:50:33.433+0000] {logging_mixin.py:149} INFO - [2023-05-31T09:50:33.432+0000] {dag.py:2726} INFO - Sync 2 DAGs
[2023-05-31T09:50:33.440+0000] {logging_mixin.py:149} INFO - [2023-05-31T09:50:33.439+0000] {dag.py:3490} INFO - Setting next_dagrun for example_subdag_operator.section-1 to None, run_after=None
[2023-05-31T09:50:33.440+0000] {logging_mixin.py:149} INFO - [2023-05-31T09:50:33.440+0000] {dag.py:3490} INFO - Setting next_dagrun for example_subdag_operator.section-2 to None, run_after=None
[2023-05-31T09:50:33.463+0000] {processor.py:178} INFO - Processing /home/airflow/.local/lib/python3.7/site-packages/airflow/example_dags/example_subdag_operator.py took 0.195 seconds
[2023-05-31T09:51:03.495+0000] {processor.py:156} INFO - Started process (PID=547) to work on /home/airflow/.local/lib/python3.7/site-packages/airflow/example_dags/example_subdag_operator.py
[2023-05-31T09:51:03.495+0000] {processor.py:799} INFO - Processing file /home/airflow/.local/lib/python3.7/site-packages/airflow/example_dags/example_subdag_operator.py for tasks to queue
[2023-05-31T09:51:03.496+0000] {logging_mixin.py:149} INFO - [2023-05-31T09:51:03.496+0000] {dagbag.py:541} INFO - Filling up the DagBag from /home/airflow/.local/lib/python3.7/site-packages/airflow/example_dags/example_subdag_operator.py
[2023-05-31T09:51:03.525+0000] {processor.py:809} INFO - DAG(s) dict_keys(['example_subdag_operator.section-1', 'example_subdag_operator.section-2', 'example_subdag_operator']) retrieved from /home/airflow/.local/lib/python3.7/site-packages/airflow/example_dags/example_subdag_operator.py
[2023-05-31T09:51:03.551+0000] {logging_mixin.py:149} INFO - [2023-05-31T09:51:03.551+0000] {dag.py:2726} INFO - Sync 3 DAGs
[2023-05-31T09:51:03.582+0000] {logging_mixin.py:149} INFO - [2023-05-31T09:51:03.582+0000] {dag.py:3490} INFO - Setting next_dagrun for example_subdag_operator to 2022-01-01T00:00:00+00:00, run_after=2022-01-01T00:00:00+00:00
[2023-05-31T09:51:03.586+0000] {logging_mixin.py:149} INFO - [2023-05-31T09:51:03.586+0000] {dag.py:3490} INFO - Setting next_dagrun for example_subdag_operator.section-1 to None, run_after=None
[2023-05-31T09:51:03.587+0000] {logging_mixin.py:149} INFO - [2023-05-31T09:51:03.587+0000] {dag.py:3490} INFO - Setting next_dagrun for example_subdag_operator.section-2 to None, run_after=None
[2023-05-31T09:51:03.596+0000] {logging_mixin.py:149} INFO - [2023-05-31T09:51:03.595+0000] {dag.py:2726} INFO - Sync 2 DAGs
[2023-05-31T09:51:03.602+0000] {logging_mixin.py:149} INFO - [2023-05-31T09:51:03.602+0000] {dag.py:3490} INFO - Setting next_dagrun for example_subdag_operator.section-1 to None, run_after=None
[2023-05-31T09:51:03.602+0000] {logging_mixin.py:149} INFO - [2023-05-31T09:51:03.602+0000] {dag.py:3490} INFO - Setting next_dagrun for example_subdag_operator.section-2 to None, run_after=None
[2023-05-31T09:51:03.615+0000] {processor.py:178} INFO - Processing /home/airflow/.local/lib/python3.7/site-packages/airflow/example_dags/example_subdag_operator.py took 0.124 seconds
[2023-05-31T09:51:33.840+0000] {processor.py:156} INFO - Started process (PID=605) to work on /home/airflow/.local/lib/python3.7/site-packages/airflow/example_dags/example_subdag_operator.py
[2023-05-31T09:51:33.842+0000] {processor.py:799} INFO - Processing file /home/airflow/.local/lib/python3.7/site-packages/airflow/example_dags/example_subdag_operator.py for tasks to queue
[2023-05-31T09:51:33.843+0000] {logging_mixin.py:149} INFO - [2023-05-31T09:51:33.843+0000] {dagbag.py:541} INFO - Filling up the DagBag from /home/airflow/.local/lib/python3.7/site-packages/airflow/example_dags/example_subdag_operator.py
[2023-05-31T09:51:33.872+0000] {processor.py:809} INFO - DAG(s) dict_keys(['example_subdag_operator.section-1', 'example_subdag_operator.section-2', 'example_subdag_operator']) retrieved from /home/airflow/.local/lib/python3.7/site-packages/airflow/example_dags/example_subdag_operator.py
[2023-05-31T09:51:33.897+0000] {logging_mixin.py:149} INFO - [2023-05-31T09:51:33.897+0000] {dag.py:2726} INFO - Sync 3 DAGs
[2023-05-31T09:51:33.937+0000] {logging_mixin.py:149} INFO - [2023-05-31T09:51:33.937+0000] {dag.py:3490} INFO - Setting next_dagrun for example_subdag_operator to 2022-01-01T00:00:00+00:00, run_after=2022-01-01T00:00:00+00:00
[2023-05-31T09:51:33.941+0000] {logging_mixin.py:149} INFO - [2023-05-31T09:51:33.941+0000] {dag.py:3490} INFO - Setting next_dagrun for example_subdag_operator.section-1 to None, run_after=None
[2023-05-31T09:51:33.945+0000] {logging_mixin.py:149} INFO - [2023-05-31T09:51:33.945+0000] {dag.py:3490} INFO - Setting next_dagrun for example_subdag_operator.section-2 to None, run_after=None
[2023-05-31T09:51:33.954+0000] {logging_mixin.py:149} INFO - [2023-05-31T09:51:33.954+0000] {dag.py:2726} INFO - Sync 2 DAGs
[2023-05-31T09:51:33.961+0000] {logging_mixin.py:149} INFO - [2023-05-31T09:51:33.961+0000] {dag.py:3490} INFO - Setting next_dagrun for example_subdag_operator.section-1 to None, run_after=None
[2023-05-31T09:51:33.961+0000] {logging_mixin.py:149} INFO - [2023-05-31T09:51:33.961+0000] {dag.py:3490} INFO - Setting next_dagrun for example_subdag_operator.section-2 to None, run_after=None
[2023-05-31T09:51:33.974+0000] {processor.py:178} INFO - Processing /home/airflow/.local/lib/python3.7/site-packages/airflow/example_dags/example_subdag_operator.py took 0.138 seconds
[2023-05-31T09:52:04.386+0000] {processor.py:156} INFO - Started process (PID=663) to work on /home/airflow/.local/lib/python3.7/site-packages/airflow/example_dags/example_subdag_operator.py
[2023-05-31T09:52:04.387+0000] {processor.py:799} INFO - Processing file /home/airflow/.local/lib/python3.7/site-packages/airflow/example_dags/example_subdag_operator.py for tasks to queue
[2023-05-31T09:52:04.388+0000] {logging_mixin.py:149} INFO - [2023-05-31T09:52:04.388+0000] {dagbag.py:541} INFO - Filling up the DagBag from /home/airflow/.local/lib/python3.7/site-packages/airflow/example_dags/example_subdag_operator.py
[2023-05-31T09:52:04.429+0000] {processor.py:809} INFO - DAG(s) dict_keys(['example_subdag_operator.section-1', 'example_subdag_operator.section-2', 'example_subdag_operator']) retrieved from /home/airflow/.local/lib/python3.7/site-packages/airflow/example_dags/example_subdag_operator.py
[2023-05-31T09:52:04.453+0000] {logging_mixin.py:149} INFO - [2023-05-31T09:52:04.453+0000] {dag.py:2726} INFO - Sync 3 DAGs
[2023-05-31T09:52:04.488+0000] {logging_mixin.py:149} INFO - [2023-05-31T09:52:04.488+0000] {dag.py:3490} INFO - Setting next_dagrun for example_subdag_operator to 2022-01-01T00:00:00+00:00, run_after=2022-01-01T00:00:00+00:00
[2023-05-31T09:52:04.492+0000] {logging_mixin.py:149} INFO - [2023-05-31T09:52:04.492+0000] {dag.py:3490} INFO - Setting next_dagrun for example_subdag_operator.section-1 to None, run_after=None
[2023-05-31T09:52:04.494+0000] {logging_mixin.py:149} INFO - [2023-05-31T09:52:04.494+0000] {dag.py:3490} INFO - Setting next_dagrun for example_subdag_operator.section-2 to None, run_after=None
[2023-05-31T09:52:04.502+0000] {logging_mixin.py:149} INFO - [2023-05-31T09:52:04.502+0000] {dag.py:2726} INFO - Sync 2 DAGs
[2023-05-31T09:52:04.509+0000] {logging_mixin.py:149} INFO - [2023-05-31T09:52:04.509+0000] {dag.py:3490} INFO - Setting next_dagrun for example_subdag_operator.section-1 to None, run_after=None
[2023-05-31T09:52:04.509+0000] {logging_mixin.py:149} INFO - [2023-05-31T09:52:04.509+0000] {dag.py:3490} INFO - Setting next_dagrun for example_subdag_operator.section-2 to None, run_after=None
[2023-05-31T09:52:04.527+0000] {processor.py:178} INFO - Processing /home/airflow/.local/lib/python3.7/site-packages/airflow/example_dags/example_subdag_operator.py took 0.145 seconds
