[2023-05-31T09:46:31.099+0000] {processor.py:156} INFO - Started process (PID=49) to work on /home/airflow/.local/lib/python3.7/site-packages/airflow/example_dags/example_latest_only_with_trigger.py
[2023-05-31T09:46:31.103+0000] {processor.py:799} INFO - Processing file /home/airflow/.local/lib/python3.7/site-packages/airflow/example_dags/example_latest_only_with_trigger.py for tasks to queue
[2023-05-31T09:46:31.106+0000] {logging_mixin.py:149} INFO - [2023-05-31T09:46:31.106+0000] {dagbag.py:541} INFO - Filling up the DagBag from /home/airflow/.local/lib/python3.7/site-packages/airflow/example_dags/example_latest_only_with_trigger.py
[2023-05-31T09:46:31.135+0000] {processor.py:809} INFO - DAG(s) dict_keys(['latest_only_with_trigger']) retrieved from /home/airflow/.local/lib/python3.7/site-packages/airflow/example_dags/example_latest_only_with_trigger.py
[2023-05-31T09:46:31.235+0000] {logging_mixin.py:149} INFO - [2023-05-31T09:46:31.235+0000] {dag.py:2726} INFO - Sync 1 DAGs
[2023-05-31T09:46:31.310+0000] {logging_mixin.py:149} INFO - [2023-05-31T09:46:31.310+0000] {dag.py:3490} INFO - Setting next_dagrun for latest_only_with_trigger to 2023-05-31T05:46:31.309802+00:00, run_after=2023-05-31T09:46:31.309802+00:00
[2023-05-31T09:46:31.370+0000] {processor.py:178} INFO - Processing /home/airflow/.local/lib/python3.7/site-packages/airflow/example_dags/example_latest_only_with_trigger.py took 0.291 seconds
[2023-05-31T09:47:01.463+0000] {processor.py:156} INFO - Started process (PID=106) to work on /home/airflow/.local/lib/python3.7/site-packages/airflow/example_dags/example_latest_only_with_trigger.py
[2023-05-31T09:47:01.464+0000] {processor.py:799} INFO - Processing file /home/airflow/.local/lib/python3.7/site-packages/airflow/example_dags/example_latest_only_with_trigger.py for tasks to queue
[2023-05-31T09:47:01.465+0000] {logging_mixin.py:149} INFO - [2023-05-31T09:47:01.465+0000] {dagbag.py:541} INFO - Filling up the DagBag from /home/airflow/.local/lib/python3.7/site-packages/airflow/example_dags/example_latest_only_with_trigger.py
[2023-05-31T09:47:01.474+0000] {processor.py:809} INFO - DAG(s) dict_keys(['latest_only_with_trigger']) retrieved from /home/airflow/.local/lib/python3.7/site-packages/airflow/example_dags/example_latest_only_with_trigger.py
[2023-05-31T09:47:01.538+0000] {logging_mixin.py:149} INFO - [2023-05-31T09:47:01.538+0000] {dag.py:2726} INFO - Sync 1 DAGs
[2023-05-31T09:47:01.588+0000] {logging_mixin.py:149} INFO - [2023-05-31T09:47:01.588+0000] {dag.py:3490} INFO - Setting next_dagrun for latest_only_with_trigger to 2023-05-31T05:47:01.588025+00:00, run_after=2023-05-31T09:47:01.588025+00:00
[2023-05-31T09:47:01.623+0000] {processor.py:178} INFO - Processing /home/airflow/.local/lib/python3.7/site-packages/airflow/example_dags/example_latest_only_with_trigger.py took 0.164 seconds
[2023-05-31T09:47:31.879+0000] {processor.py:156} INFO - Started process (PID=162) to work on /home/airflow/.local/lib/python3.7/site-packages/airflow/example_dags/example_latest_only_with_trigger.py
[2023-05-31T09:47:31.881+0000] {processor.py:799} INFO - Processing file /home/airflow/.local/lib/python3.7/site-packages/airflow/example_dags/example_latest_only_with_trigger.py for tasks to queue
[2023-05-31T09:47:31.882+0000] {logging_mixin.py:149} INFO - [2023-05-31T09:47:31.882+0000] {dagbag.py:541} INFO - Filling up the DagBag from /home/airflow/.local/lib/python3.7/site-packages/airflow/example_dags/example_latest_only_with_trigger.py
[2023-05-31T09:47:31.890+0000] {processor.py:809} INFO - DAG(s) dict_keys(['latest_only_with_trigger']) retrieved from /home/airflow/.local/lib/python3.7/site-packages/airflow/example_dags/example_latest_only_with_trigger.py
[2023-05-31T09:47:31.925+0000] {logging_mixin.py:149} INFO - [2023-05-31T09:47:31.925+0000] {dag.py:2726} INFO - Sync 1 DAGs
[2023-05-31T09:47:31.963+0000] {logging_mixin.py:149} INFO - [2023-05-31T09:47:31.962+0000] {dag.py:3490} INFO - Setting next_dagrun for latest_only_with_trigger to 2023-05-31T05:47:31.962536+00:00, run_after=2023-05-31T09:47:31.962536+00:00
[2023-05-31T09:47:31.986+0000] {processor.py:178} INFO - Processing /home/airflow/.local/lib/python3.7/site-packages/airflow/example_dags/example_latest_only_with_trigger.py took 0.112 seconds
[2023-05-31T09:48:02.369+0000] {processor.py:156} INFO - Started process (PID=219) to work on /home/airflow/.local/lib/python3.7/site-packages/airflow/example_dags/example_latest_only_with_trigger.py
[2023-05-31T09:48:02.370+0000] {processor.py:799} INFO - Processing file /home/airflow/.local/lib/python3.7/site-packages/airflow/example_dags/example_latest_only_with_trigger.py for tasks to queue
[2023-05-31T09:48:02.371+0000] {logging_mixin.py:149} INFO - [2023-05-31T09:48:02.371+0000] {dagbag.py:541} INFO - Filling up the DagBag from /home/airflow/.local/lib/python3.7/site-packages/airflow/example_dags/example_latest_only_with_trigger.py
[2023-05-31T09:48:02.379+0000] {processor.py:809} INFO - DAG(s) dict_keys(['latest_only_with_trigger']) retrieved from /home/airflow/.local/lib/python3.7/site-packages/airflow/example_dags/example_latest_only_with_trigger.py
[2023-05-31T09:48:02.414+0000] {logging_mixin.py:149} INFO - [2023-05-31T09:48:02.414+0000] {dag.py:2726} INFO - Sync 1 DAGs
[2023-05-31T09:48:02.449+0000] {logging_mixin.py:149} INFO - [2023-05-31T09:48:02.449+0000] {dag.py:3490} INFO - Setting next_dagrun for latest_only_with_trigger to 2023-05-31T05:48:02.448723+00:00, run_after=2023-05-31T09:48:02.448723+00:00
[2023-05-31T09:48:02.476+0000] {processor.py:178} INFO - Processing /home/airflow/.local/lib/python3.7/site-packages/airflow/example_dags/example_latest_only_with_trigger.py took 0.111 seconds
[2023-05-31T09:48:33.049+0000] {processor.py:156} INFO - Started process (PID=276) to work on /home/airflow/.local/lib/python3.7/site-packages/airflow/example_dags/example_latest_only_with_trigger.py
[2023-05-31T09:48:33.051+0000] {processor.py:799} INFO - Processing file /home/airflow/.local/lib/python3.7/site-packages/airflow/example_dags/example_latest_only_with_trigger.py for tasks to queue
[2023-05-31T09:48:33.051+0000] {logging_mixin.py:149} INFO - [2023-05-31T09:48:33.051+0000] {dagbag.py:541} INFO - Filling up the DagBag from /home/airflow/.local/lib/python3.7/site-packages/airflow/example_dags/example_latest_only_with_trigger.py
[2023-05-31T09:48:33.059+0000] {processor.py:809} INFO - DAG(s) dict_keys(['latest_only_with_trigger']) retrieved from /home/airflow/.local/lib/python3.7/site-packages/airflow/example_dags/example_latest_only_with_trigger.py
[2023-05-31T09:48:33.092+0000] {logging_mixin.py:149} INFO - [2023-05-31T09:48:33.092+0000] {dag.py:2726} INFO - Sync 1 DAGs
[2023-05-31T09:48:33.126+0000] {logging_mixin.py:149} INFO - [2023-05-31T09:48:33.126+0000] {dag.py:3490} INFO - Setting next_dagrun for latest_only_with_trigger to 2023-05-31T05:48:33.126024+00:00, run_after=2023-05-31T09:48:33.126024+00:00
[2023-05-31T09:48:33.150+0000] {processor.py:178} INFO - Processing /home/airflow/.local/lib/python3.7/site-packages/airflow/example_dags/example_latest_only_with_trigger.py took 0.105 seconds
[2023-05-31T09:49:03.426+0000] {processor.py:156} INFO - Started process (PID=333) to work on /home/airflow/.local/lib/python3.7/site-packages/airflow/example_dags/example_latest_only_with_trigger.py
[2023-05-31T09:49:03.427+0000] {processor.py:799} INFO - Processing file /home/airflow/.local/lib/python3.7/site-packages/airflow/example_dags/example_latest_only_with_trigger.py for tasks to queue
[2023-05-31T09:49:03.428+0000] {logging_mixin.py:149} INFO - [2023-05-31T09:49:03.427+0000] {dagbag.py:541} INFO - Filling up the DagBag from /home/airflow/.local/lib/python3.7/site-packages/airflow/example_dags/example_latest_only_with_trigger.py
[2023-05-31T09:49:03.436+0000] {processor.py:809} INFO - DAG(s) dict_keys(['latest_only_with_trigger']) retrieved from /home/airflow/.local/lib/python3.7/site-packages/airflow/example_dags/example_latest_only_with_trigger.py
[2023-05-31T09:49:03.469+0000] {logging_mixin.py:149} INFO - [2023-05-31T09:49:03.469+0000] {dag.py:2726} INFO - Sync 1 DAGs
[2023-05-31T09:49:03.506+0000] {logging_mixin.py:149} INFO - [2023-05-31T09:49:03.505+0000] {dag.py:3490} INFO - Setting next_dagrun for latest_only_with_trigger to 2023-05-31T05:49:03.505582+00:00, run_after=2023-05-31T09:49:03.505582+00:00
[2023-05-31T09:49:03.529+0000] {processor.py:178} INFO - Processing /home/airflow/.local/lib/python3.7/site-packages/airflow/example_dags/example_latest_only_with_trigger.py took 0.107 seconds
[2023-05-31T09:49:34.405+0000] {processor.py:156} INFO - Started process (PID=391) to work on /home/airflow/.local/lib/python3.7/site-packages/airflow/example_dags/example_latest_only_with_trigger.py
[2023-05-31T09:49:34.406+0000] {processor.py:799} INFO - Processing file /home/airflow/.local/lib/python3.7/site-packages/airflow/example_dags/example_latest_only_with_trigger.py for tasks to queue
[2023-05-31T09:49:34.407+0000] {logging_mixin.py:149} INFO - [2023-05-31T09:49:34.406+0000] {dagbag.py:541} INFO - Filling up the DagBag from /home/airflow/.local/lib/python3.7/site-packages/airflow/example_dags/example_latest_only_with_trigger.py
[2023-05-31T09:49:34.414+0000] {processor.py:809} INFO - DAG(s) dict_keys(['latest_only_with_trigger']) retrieved from /home/airflow/.local/lib/python3.7/site-packages/airflow/example_dags/example_latest_only_with_trigger.py
[2023-05-31T09:49:34.445+0000] {logging_mixin.py:149} INFO - [2023-05-31T09:49:34.445+0000] {dag.py:2726} INFO - Sync 1 DAGs
[2023-05-31T09:49:34.477+0000] {logging_mixin.py:149} INFO - [2023-05-31T09:49:34.477+0000] {dag.py:3490} INFO - Setting next_dagrun for latest_only_with_trigger to 2023-05-31T05:49:34.477412+00:00, run_after=2023-05-31T09:49:34.477412+00:00
[2023-05-31T09:49:34.499+0000] {processor.py:178} INFO - Processing /home/airflow/.local/lib/python3.7/site-packages/airflow/example_dags/example_latest_only_with_trigger.py took 0.097 seconds
[2023-05-31T09:50:04.668+0000] {processor.py:156} INFO - Started process (PID=448) to work on /home/airflow/.local/lib/python3.7/site-packages/airflow/example_dags/example_latest_only_with_trigger.py
[2023-05-31T09:50:04.669+0000] {processor.py:799} INFO - Processing file /home/airflow/.local/lib/python3.7/site-packages/airflow/example_dags/example_latest_only_with_trigger.py for tasks to queue
[2023-05-31T09:50:04.670+0000] {logging_mixin.py:149} INFO - [2023-05-31T09:50:04.670+0000] {dagbag.py:541} INFO - Filling up the DagBag from /home/airflow/.local/lib/python3.7/site-packages/airflow/example_dags/example_latest_only_with_trigger.py
[2023-05-31T09:50:04.678+0000] {processor.py:809} INFO - DAG(s) dict_keys(['latest_only_with_trigger']) retrieved from /home/airflow/.local/lib/python3.7/site-packages/airflow/example_dags/example_latest_only_with_trigger.py
[2023-05-31T09:50:04.711+0000] {logging_mixin.py:149} INFO - [2023-05-31T09:50:04.711+0000] {dag.py:2726} INFO - Sync 1 DAGs
[2023-05-31T09:50:04.746+0000] {logging_mixin.py:149} INFO - [2023-05-31T09:50:04.746+0000] {dag.py:3490} INFO - Setting next_dagrun for latest_only_with_trigger to 2023-05-31T05:50:04.746261+00:00, run_after=2023-05-31T09:50:04.746261+00:00
[2023-05-31T09:50:04.770+0000] {processor.py:178} INFO - Processing /home/airflow/.local/lib/python3.7/site-packages/airflow/example_dags/example_latest_only_with_trigger.py took 0.107 seconds
[2023-05-31T09:50:35.492+0000] {processor.py:156} INFO - Started process (PID=505) to work on /home/airflow/.local/lib/python3.7/site-packages/airflow/example_dags/example_latest_only_with_trigger.py
[2023-05-31T09:50:35.494+0000] {processor.py:799} INFO - Processing file /home/airflow/.local/lib/python3.7/site-packages/airflow/example_dags/example_latest_only_with_trigger.py for tasks to queue
[2023-05-31T09:50:35.494+0000] {logging_mixin.py:149} INFO - [2023-05-31T09:50:35.494+0000] {dagbag.py:541} INFO - Filling up the DagBag from /home/airflow/.local/lib/python3.7/site-packages/airflow/example_dags/example_latest_only_with_trigger.py
[2023-05-31T09:50:35.502+0000] {processor.py:809} INFO - DAG(s) dict_keys(['latest_only_with_trigger']) retrieved from /home/airflow/.local/lib/python3.7/site-packages/airflow/example_dags/example_latest_only_with_trigger.py
[2023-05-31T09:50:35.537+0000] {logging_mixin.py:149} INFO - [2023-05-31T09:50:35.537+0000] {dag.py:2726} INFO - Sync 1 DAGs
[2023-05-31T09:50:35.568+0000] {logging_mixin.py:149} INFO - [2023-05-31T09:50:35.568+0000] {dag.py:3490} INFO - Setting next_dagrun for latest_only_with_trigger to 2023-05-31T05:50:35.568059+00:00, run_after=2023-05-31T09:50:35.568059+00:00
[2023-05-31T09:50:35.609+0000] {processor.py:178} INFO - Processing /home/airflow/.local/lib/python3.7/site-packages/airflow/example_dags/example_latest_only_with_trigger.py took 0.121 seconds
[2023-05-31T09:51:06.368+0000] {processor.py:156} INFO - Started process (PID=562) to work on /home/airflow/.local/lib/python3.7/site-packages/airflow/example_dags/example_latest_only_with_trigger.py
[2023-05-31T09:51:06.369+0000] {processor.py:799} INFO - Processing file /home/airflow/.local/lib/python3.7/site-packages/airflow/example_dags/example_latest_only_with_trigger.py for tasks to queue
[2023-05-31T09:51:06.370+0000] {logging_mixin.py:149} INFO - [2023-05-31T09:51:06.370+0000] {dagbag.py:541} INFO - Filling up the DagBag from /home/airflow/.local/lib/python3.7/site-packages/airflow/example_dags/example_latest_only_with_trigger.py
[2023-05-31T09:51:06.385+0000] {processor.py:809} INFO - DAG(s) dict_keys(['latest_only_with_trigger']) retrieved from /home/airflow/.local/lib/python3.7/site-packages/airflow/example_dags/example_latest_only_with_trigger.py
[2023-05-31T09:51:06.456+0000] {logging_mixin.py:149} INFO - [2023-05-31T09:51:06.455+0000] {dag.py:2726} INFO - Sync 1 DAGs
[2023-05-31T09:51:06.548+0000] {logging_mixin.py:149} INFO - [2023-05-31T09:51:06.548+0000] {dag.py:3490} INFO - Setting next_dagrun for latest_only_with_trigger to 2023-05-31T05:51:06.548155+00:00, run_after=2023-05-31T09:51:06.548155+00:00
[2023-05-31T09:51:06.612+0000] {processor.py:178} INFO - Processing /home/airflow/.local/lib/python3.7/site-packages/airflow/example_dags/example_latest_only_with_trigger.py took 0.251 seconds
[2023-05-31T09:51:36.958+0000] {processor.py:156} INFO - Started process (PID=619) to work on /home/airflow/.local/lib/python3.7/site-packages/airflow/example_dags/example_latest_only_with_trigger.py
[2023-05-31T09:51:36.960+0000] {processor.py:799} INFO - Processing file /home/airflow/.local/lib/python3.7/site-packages/airflow/example_dags/example_latest_only_with_trigger.py for tasks to queue
[2023-05-31T09:51:36.961+0000] {logging_mixin.py:149} INFO - [2023-05-31T09:51:36.961+0000] {dagbag.py:541} INFO - Filling up the DagBag from /home/airflow/.local/lib/python3.7/site-packages/airflow/example_dags/example_latest_only_with_trigger.py
[2023-05-31T09:51:36.969+0000] {processor.py:809} INFO - DAG(s) dict_keys(['latest_only_with_trigger']) retrieved from /home/airflow/.local/lib/python3.7/site-packages/airflow/example_dags/example_latest_only_with_trigger.py
[2023-05-31T09:51:37.005+0000] {logging_mixin.py:149} INFO - [2023-05-31T09:51:37.005+0000] {dag.py:2726} INFO - Sync 1 DAGs
[2023-05-31T09:51:37.055+0000] {logging_mixin.py:149} INFO - [2023-05-31T09:51:37.054+0000] {dag.py:3490} INFO - Setting next_dagrun for latest_only_with_trigger to 2023-05-31T05:51:37.046290+00:00, run_after=2023-05-31T09:51:37.046290+00:00
[2023-05-31T09:51:37.078+0000] {processor.py:178} INFO - Processing /home/airflow/.local/lib/python3.7/site-packages/airflow/example_dags/example_latest_only_with_trigger.py took 0.124 seconds
[2023-05-31T09:52:07.525+0000] {processor.py:156} INFO - Started process (PID=677) to work on /home/airflow/.local/lib/python3.7/site-packages/airflow/example_dags/example_latest_only_with_trigger.py
[2023-05-31T09:52:07.526+0000] {processor.py:799} INFO - Processing file /home/airflow/.local/lib/python3.7/site-packages/airflow/example_dags/example_latest_only_with_trigger.py for tasks to queue
[2023-05-31T09:52:07.527+0000] {logging_mixin.py:149} INFO - [2023-05-31T09:52:07.527+0000] {dagbag.py:541} INFO - Filling up the DagBag from /home/airflow/.local/lib/python3.7/site-packages/airflow/example_dags/example_latest_only_with_trigger.py
[2023-05-31T09:52:07.534+0000] {processor.py:809} INFO - DAG(s) dict_keys(['latest_only_with_trigger']) retrieved from /home/airflow/.local/lib/python3.7/site-packages/airflow/example_dags/example_latest_only_with_trigger.py
[2023-05-31T09:52:07.565+0000] {logging_mixin.py:149} INFO - [2023-05-31T09:52:07.565+0000] {dag.py:2726} INFO - Sync 1 DAGs
[2023-05-31T09:52:07.597+0000] {logging_mixin.py:149} INFO - [2023-05-31T09:52:07.597+0000] {dag.py:3490} INFO - Setting next_dagrun for latest_only_with_trigger to 2023-05-31T05:52:07.596710+00:00, run_after=2023-05-31T09:52:07.596710+00:00
[2023-05-31T09:52:07.618+0000] {processor.py:178} INFO - Processing /home/airflow/.local/lib/python3.7/site-packages/airflow/example_dags/example_latest_only_with_trigger.py took 0.097 seconds
