[2023-05-31T09:46:30.373+0000] {processor.py:156} INFO - Started process (PID=45) to work on /home/airflow/.local/lib/python3.7/site-packages/airflow/example_dags/example_branch_operator_decorator.py
[2023-05-31T09:46:30.374+0000] {processor.py:799} INFO - Processing file /home/airflow/.local/lib/python3.7/site-packages/airflow/example_dags/example_branch_operator_decorator.py for tasks to queue
[2023-05-31T09:46:30.375+0000] {logging_mixin.py:149} INFO - [2023-05-31T09:46:30.375+0000] {dagbag.py:541} INFO - Filling up the DagBag from /home/airflow/.local/lib/python3.7/site-packages/airflow/example_dags/example_branch_operator_decorator.py
[2023-05-31T09:46:30.426+0000] {processor.py:809} INFO - DAG(s) dict_keys(['example_branch_python_operator_decorator']) retrieved from /home/airflow/.local/lib/python3.7/site-packages/airflow/example_dags/example_branch_operator_decorator.py
[2023-05-31T09:46:30.506+0000] {logging_mixin.py:149} INFO - [2023-05-31T09:46:30.506+0000] {dag.py:2726} INFO - Sync 1 DAGs
[2023-05-31T09:46:30.571+0000] {logging_mixin.py:149} INFO - [2023-05-31T09:46:30.570+0000] {dag.py:3490} INFO - Setting next_dagrun for example_branch_python_operator_decorator to 2023-05-30T00:00:00+00:00, run_after=2023-05-31T00:00:00+00:00
[2023-05-31T09:46:30.624+0000] {processor.py:178} INFO - Processing /home/airflow/.local/lib/python3.7/site-packages/airflow/example_dags/example_branch_operator_decorator.py took 0.256 seconds
[2023-05-31T09:47:00.714+0000] {processor.py:156} INFO - Started process (PID=101) to work on /home/airflow/.local/lib/python3.7/site-packages/airflow/example_dags/example_branch_operator_decorator.py
[2023-05-31T09:47:00.716+0000] {processor.py:799} INFO - Processing file /home/airflow/.local/lib/python3.7/site-packages/airflow/example_dags/example_branch_operator_decorator.py for tasks to queue
[2023-05-31T09:47:00.717+0000] {logging_mixin.py:149} INFO - [2023-05-31T09:47:00.717+0000] {dagbag.py:541} INFO - Filling up the DagBag from /home/airflow/.local/lib/python3.7/site-packages/airflow/example_dags/example_branch_operator_decorator.py
[2023-05-31T09:47:00.737+0000] {processor.py:809} INFO - DAG(s) dict_keys(['example_branch_python_operator_decorator']) retrieved from /home/airflow/.local/lib/python3.7/site-packages/airflow/example_dags/example_branch_operator_decorator.py
[2023-05-31T09:47:00.777+0000] {logging_mixin.py:149} INFO - [2023-05-31T09:47:00.777+0000] {dag.py:2726} INFO - Sync 1 DAGs
[2023-05-31T09:47:00.815+0000] {logging_mixin.py:149} INFO - [2023-05-31T09:47:00.814+0000] {dag.py:3490} INFO - Setting next_dagrun for example_branch_python_operator_decorator to 2023-05-30T00:00:00+00:00, run_after=2023-05-31T00:00:00+00:00
[2023-05-31T09:47:00.854+0000] {processor.py:178} INFO - Processing /home/airflow/.local/lib/python3.7/site-packages/airflow/example_dags/example_branch_operator_decorator.py took 0.144 seconds
[2023-05-31T09:47:31.450+0000] {processor.py:156} INFO - Started process (PID=157) to work on /home/airflow/.local/lib/python3.7/site-packages/airflow/example_dags/example_branch_operator_decorator.py
[2023-05-31T09:47:31.452+0000] {processor.py:799} INFO - Processing file /home/airflow/.local/lib/python3.7/site-packages/airflow/example_dags/example_branch_operator_decorator.py for tasks to queue
[2023-05-31T09:47:31.452+0000] {logging_mixin.py:149} INFO - [2023-05-31T09:47:31.452+0000] {dagbag.py:541} INFO - Filling up the DagBag from /home/airflow/.local/lib/python3.7/site-packages/airflow/example_dags/example_branch_operator_decorator.py
[2023-05-31T09:47:31.471+0000] {processor.py:809} INFO - DAG(s) dict_keys(['example_branch_python_operator_decorator']) retrieved from /home/airflow/.local/lib/python3.7/site-packages/airflow/example_dags/example_branch_operator_decorator.py
[2023-05-31T09:47:31.511+0000] {logging_mixin.py:149} INFO - [2023-05-31T09:47:31.511+0000] {dag.py:2726} INFO - Sync 1 DAGs
[2023-05-31T09:47:31.550+0000] {logging_mixin.py:149} INFO - [2023-05-31T09:47:31.550+0000] {dag.py:3490} INFO - Setting next_dagrun for example_branch_python_operator_decorator to 2023-05-30T00:00:00+00:00, run_after=2023-05-31T00:00:00+00:00
[2023-05-31T09:47:31.574+0000] {processor.py:178} INFO - Processing /home/airflow/.local/lib/python3.7/site-packages/airflow/example_dags/example_branch_operator_decorator.py took 0.129 seconds
[2023-05-31T09:48:02.026+0000] {processor.py:156} INFO - Started process (PID=215) to work on /home/airflow/.local/lib/python3.7/site-packages/airflow/example_dags/example_branch_operator_decorator.py
[2023-05-31T09:48:02.031+0000] {processor.py:799} INFO - Processing file /home/airflow/.local/lib/python3.7/site-packages/airflow/example_dags/example_branch_operator_decorator.py for tasks to queue
[2023-05-31T09:48:02.035+0000] {logging_mixin.py:149} INFO - [2023-05-31T09:48:02.035+0000] {dagbag.py:541} INFO - Filling up the DagBag from /home/airflow/.local/lib/python3.7/site-packages/airflow/example_dags/example_branch_operator_decorator.py
[2023-05-31T09:48:02.049+0000] {processor.py:809} INFO - DAG(s) dict_keys(['example_branch_python_operator_decorator']) retrieved from /home/airflow/.local/lib/python3.7/site-packages/airflow/example_dags/example_branch_operator_decorator.py
[2023-05-31T09:48:02.086+0000] {logging_mixin.py:149} INFO - [2023-05-31T09:48:02.086+0000] {dag.py:2726} INFO - Sync 1 DAGs
[2023-05-31T09:48:02.123+0000] {logging_mixin.py:149} INFO - [2023-05-31T09:48:02.123+0000] {dag.py:3490} INFO - Setting next_dagrun for example_branch_python_operator_decorator to 2023-05-30T00:00:00+00:00, run_after=2023-05-31T00:00:00+00:00
[2023-05-31T09:48:02.149+0000] {processor.py:178} INFO - Processing /home/airflow/.local/lib/python3.7/site-packages/airflow/example_dags/example_branch_operator_decorator.py took 0.127 seconds
[2023-05-31T09:48:32.626+0000] {processor.py:156} INFO - Started process (PID=272) to work on /home/airflow/.local/lib/python3.7/site-packages/airflow/example_dags/example_branch_operator_decorator.py
[2023-05-31T09:48:32.628+0000] {processor.py:799} INFO - Processing file /home/airflow/.local/lib/python3.7/site-packages/airflow/example_dags/example_branch_operator_decorator.py for tasks to queue
[2023-05-31T09:48:32.628+0000] {logging_mixin.py:149} INFO - [2023-05-31T09:48:32.628+0000] {dagbag.py:541} INFO - Filling up the DagBag from /home/airflow/.local/lib/python3.7/site-packages/airflow/example_dags/example_branch_operator_decorator.py
[2023-05-31T09:48:32.642+0000] {processor.py:809} INFO - DAG(s) dict_keys(['example_branch_python_operator_decorator']) retrieved from /home/airflow/.local/lib/python3.7/site-packages/airflow/example_dags/example_branch_operator_decorator.py
[2023-05-31T09:48:32.680+0000] {logging_mixin.py:149} INFO - [2023-05-31T09:48:32.679+0000] {dag.py:2726} INFO - Sync 1 DAGs
[2023-05-31T09:48:32.716+0000] {logging_mixin.py:149} INFO - [2023-05-31T09:48:32.716+0000] {dag.py:3490} INFO - Setting next_dagrun for example_branch_python_operator_decorator to 2023-05-30T00:00:00+00:00, run_after=2023-05-31T00:00:00+00:00
[2023-05-31T09:48:32.740+0000] {processor.py:178} INFO - Processing /home/airflow/.local/lib/python3.7/site-packages/airflow/example_dags/example_branch_operator_decorator.py took 0.118 seconds
[2023-05-31T09:49:03.105+0000] {processor.py:156} INFO - Started process (PID=329) to work on /home/airflow/.local/lib/python3.7/site-packages/airflow/example_dags/example_branch_operator_decorator.py
[2023-05-31T09:49:03.106+0000] {processor.py:799} INFO - Processing file /home/airflow/.local/lib/python3.7/site-packages/airflow/example_dags/example_branch_operator_decorator.py for tasks to queue
[2023-05-31T09:49:03.107+0000] {logging_mixin.py:149} INFO - [2023-05-31T09:49:03.107+0000] {dagbag.py:541} INFO - Filling up the DagBag from /home/airflow/.local/lib/python3.7/site-packages/airflow/example_dags/example_branch_operator_decorator.py
[2023-05-31T09:49:03.120+0000] {processor.py:809} INFO - DAG(s) dict_keys(['example_branch_python_operator_decorator']) retrieved from /home/airflow/.local/lib/python3.7/site-packages/airflow/example_dags/example_branch_operator_decorator.py
[2023-05-31T09:49:03.157+0000] {logging_mixin.py:149} INFO - [2023-05-31T09:49:03.156+0000] {dag.py:2726} INFO - Sync 1 DAGs
[2023-05-31T09:49:03.191+0000] {logging_mixin.py:149} INFO - [2023-05-31T09:49:03.191+0000] {dag.py:3490} INFO - Setting next_dagrun for example_branch_python_operator_decorator to 2023-05-30T00:00:00+00:00, run_after=2023-05-31T00:00:00+00:00
[2023-05-31T09:49:03.213+0000] {processor.py:178} INFO - Processing /home/airflow/.local/lib/python3.7/site-packages/airflow/example_dags/example_branch_operator_decorator.py took 0.112 seconds
[2023-05-31T09:49:34.026+0000] {processor.py:156} INFO - Started process (PID=387) to work on /home/airflow/.local/lib/python3.7/site-packages/airflow/example_dags/example_branch_operator_decorator.py
[2023-05-31T09:49:34.027+0000] {processor.py:799} INFO - Processing file /home/airflow/.local/lib/python3.7/site-packages/airflow/example_dags/example_branch_operator_decorator.py for tasks to queue
[2023-05-31T09:49:34.028+0000] {logging_mixin.py:149} INFO - [2023-05-31T09:49:34.028+0000] {dagbag.py:541} INFO - Filling up the DagBag from /home/airflow/.local/lib/python3.7/site-packages/airflow/example_dags/example_branch_operator_decorator.py
[2023-05-31T09:49:34.041+0000] {processor.py:809} INFO - DAG(s) dict_keys(['example_branch_python_operator_decorator']) retrieved from /home/airflow/.local/lib/python3.7/site-packages/airflow/example_dags/example_branch_operator_decorator.py
[2023-05-31T09:49:34.074+0000] {logging_mixin.py:149} INFO - [2023-05-31T09:49:34.074+0000] {dag.py:2726} INFO - Sync 1 DAGs
[2023-05-31T09:49:34.112+0000] {logging_mixin.py:149} INFO - [2023-05-31T09:49:34.111+0000] {dag.py:3490} INFO - Setting next_dagrun for example_branch_python_operator_decorator to 2023-05-30T00:00:00+00:00, run_after=2023-05-31T00:00:00+00:00
[2023-05-31T09:49:34.137+0000] {processor.py:178} INFO - Processing /home/airflow/.local/lib/python3.7/site-packages/airflow/example_dags/example_branch_operator_decorator.py took 0.116 seconds
[2023-05-31T09:50:04.305+0000] {processor.py:156} INFO - Started process (PID=444) to work on /home/airflow/.local/lib/python3.7/site-packages/airflow/example_dags/example_branch_operator_decorator.py
[2023-05-31T09:50:04.306+0000] {processor.py:799} INFO - Processing file /home/airflow/.local/lib/python3.7/site-packages/airflow/example_dags/example_branch_operator_decorator.py for tasks to queue
[2023-05-31T09:50:04.307+0000] {logging_mixin.py:149} INFO - [2023-05-31T09:50:04.307+0000] {dagbag.py:541} INFO - Filling up the DagBag from /home/airflow/.local/lib/python3.7/site-packages/airflow/example_dags/example_branch_operator_decorator.py
[2023-05-31T09:50:04.319+0000] {processor.py:809} INFO - DAG(s) dict_keys(['example_branch_python_operator_decorator']) retrieved from /home/airflow/.local/lib/python3.7/site-packages/airflow/example_dags/example_branch_operator_decorator.py
[2023-05-31T09:50:04.355+0000] {logging_mixin.py:149} INFO - [2023-05-31T09:50:04.355+0000] {dag.py:2726} INFO - Sync 1 DAGs
[2023-05-31T09:50:04.389+0000] {logging_mixin.py:149} INFO - [2023-05-31T09:50:04.389+0000] {dag.py:3490} INFO - Setting next_dagrun for example_branch_python_operator_decorator to 2023-05-30T00:00:00+00:00, run_after=2023-05-31T00:00:00+00:00
[2023-05-31T09:50:04.413+0000] {processor.py:178} INFO - Processing /home/airflow/.local/lib/python3.7/site-packages/airflow/example_dags/example_branch_operator_decorator.py took 0.112 seconds
[2023-05-31T09:50:35.181+0000] {processor.py:156} INFO - Started process (PID=501) to work on /home/airflow/.local/lib/python3.7/site-packages/airflow/example_dags/example_branch_operator_decorator.py
[2023-05-31T09:50:35.182+0000] {processor.py:799} INFO - Processing file /home/airflow/.local/lib/python3.7/site-packages/airflow/example_dags/example_branch_operator_decorator.py for tasks to queue
[2023-05-31T09:50:35.183+0000] {logging_mixin.py:149} INFO - [2023-05-31T09:50:35.183+0000] {dagbag.py:541} INFO - Filling up the DagBag from /home/airflow/.local/lib/python3.7/site-packages/airflow/example_dags/example_branch_operator_decorator.py
[2023-05-31T09:50:35.196+0000] {processor.py:809} INFO - DAG(s) dict_keys(['example_branch_python_operator_decorator']) retrieved from /home/airflow/.local/lib/python3.7/site-packages/airflow/example_dags/example_branch_operator_decorator.py
[2023-05-31T09:50:35.227+0000] {logging_mixin.py:149} INFO - [2023-05-31T09:50:35.227+0000] {dag.py:2726} INFO - Sync 1 DAGs
[2023-05-31T09:50:35.260+0000] {logging_mixin.py:149} INFO - [2023-05-31T09:50:35.260+0000] {dag.py:3490} INFO - Setting next_dagrun for example_branch_python_operator_decorator to 2023-05-30T00:00:00+00:00, run_after=2023-05-31T00:00:00+00:00
[2023-05-31T09:50:35.280+0000] {processor.py:178} INFO - Processing /home/airflow/.local/lib/python3.7/site-packages/airflow/example_dags/example_branch_operator_decorator.py took 0.103 seconds
[2023-05-31T09:51:05.854+0000] {processor.py:156} INFO - Started process (PID=558) to work on /home/airflow/.local/lib/python3.7/site-packages/airflow/example_dags/example_branch_operator_decorator.py
[2023-05-31T09:51:05.855+0000] {processor.py:799} INFO - Processing file /home/airflow/.local/lib/python3.7/site-packages/airflow/example_dags/example_branch_operator_decorator.py for tasks to queue
[2023-05-31T09:51:05.855+0000] {logging_mixin.py:149} INFO - [2023-05-31T09:51:05.855+0000] {dagbag.py:541} INFO - Filling up the DagBag from /home/airflow/.local/lib/python3.7/site-packages/airflow/example_dags/example_branch_operator_decorator.py
[2023-05-31T09:51:05.884+0000] {processor.py:809} INFO - DAG(s) dict_keys(['example_branch_python_operator_decorator']) retrieved from /home/airflow/.local/lib/python3.7/site-packages/airflow/example_dags/example_branch_operator_decorator.py
[2023-05-31T09:51:05.982+0000] {logging_mixin.py:149} INFO - [2023-05-31T09:51:05.982+0000] {dag.py:2726} INFO - Sync 1 DAGs
[2023-05-31T09:51:06.045+0000] {logging_mixin.py:149} INFO - [2023-05-31T09:51:06.045+0000] {dag.py:3490} INFO - Setting next_dagrun for example_branch_python_operator_decorator to 2023-05-30T00:00:00+00:00, run_after=2023-05-31T00:00:00+00:00
[2023-05-31T09:51:06.121+0000] {processor.py:178} INFO - Processing /home/airflow/.local/lib/python3.7/site-packages/airflow/example_dags/example_branch_operator_decorator.py took 0.276 seconds
[2023-05-31T09:51:36.565+0000] {processor.py:156} INFO - Started process (PID=615) to work on /home/airflow/.local/lib/python3.7/site-packages/airflow/example_dags/example_branch_operator_decorator.py
[2023-05-31T09:51:36.566+0000] {processor.py:799} INFO - Processing file /home/airflow/.local/lib/python3.7/site-packages/airflow/example_dags/example_branch_operator_decorator.py for tasks to queue
[2023-05-31T09:51:36.567+0000] {logging_mixin.py:149} INFO - [2023-05-31T09:51:36.567+0000] {dagbag.py:541} INFO - Filling up the DagBag from /home/airflow/.local/lib/python3.7/site-packages/airflow/example_dags/example_branch_operator_decorator.py
[2023-05-31T09:51:36.579+0000] {processor.py:809} INFO - DAG(s) dict_keys(['example_branch_python_operator_decorator']) retrieved from /home/airflow/.local/lib/python3.7/site-packages/airflow/example_dags/example_branch_operator_decorator.py
[2023-05-31T09:51:36.612+0000] {logging_mixin.py:149} INFO - [2023-05-31T09:51:36.612+0000] {dag.py:2726} INFO - Sync 1 DAGs
[2023-05-31T09:51:36.645+0000] {logging_mixin.py:149} INFO - [2023-05-31T09:51:36.644+0000] {dag.py:3490} INFO - Setting next_dagrun for example_branch_python_operator_decorator to 2023-05-30T00:00:00+00:00, run_after=2023-05-31T00:00:00+00:00
[2023-05-31T09:51:36.666+0000] {processor.py:178} INFO - Processing /home/airflow/.local/lib/python3.7/site-packages/airflow/example_dags/example_branch_operator_decorator.py took 0.105 seconds
[2023-05-31T09:52:07.151+0000] {processor.py:156} INFO - Started process (PID=673) to work on /home/airflow/.local/lib/python3.7/site-packages/airflow/example_dags/example_branch_operator_decorator.py
[2023-05-31T09:52:07.152+0000] {processor.py:799} INFO - Processing file /home/airflow/.local/lib/python3.7/site-packages/airflow/example_dags/example_branch_operator_decorator.py for tasks to queue
[2023-05-31T09:52:07.153+0000] {logging_mixin.py:149} INFO - [2023-05-31T09:52:07.153+0000] {dagbag.py:541} INFO - Filling up the DagBag from /home/airflow/.local/lib/python3.7/site-packages/airflow/example_dags/example_branch_operator_decorator.py
[2023-05-31T09:52:07.165+0000] {processor.py:809} INFO - DAG(s) dict_keys(['example_branch_python_operator_decorator']) retrieved from /home/airflow/.local/lib/python3.7/site-packages/airflow/example_dags/example_branch_operator_decorator.py
[2023-05-31T09:52:07.198+0000] {logging_mixin.py:149} INFO - [2023-05-31T09:52:07.198+0000] {dag.py:2726} INFO - Sync 1 DAGs
[2023-05-31T09:52:07.231+0000] {logging_mixin.py:149} INFO - [2023-05-31T09:52:07.230+0000] {dag.py:3490} INFO - Setting next_dagrun for example_branch_python_operator_decorator to 2023-05-30T00:00:00+00:00, run_after=2023-05-31T00:00:00+00:00
[2023-05-31T09:52:07.251+0000] {processor.py:178} INFO - Processing /home/airflow/.local/lib/python3.7/site-packages/airflow/example_dags/example_branch_operator_decorator.py took 0.104 seconds
