[2023-05-31T09:46:34.618+0000] {processor.py:156} INFO - Started process (PID=69) to work on /home/airflow/.local/lib/python3.7/site-packages/airflow/example_dags/example_external_task_marker_dag.py
[2023-05-31T09:46:34.619+0000] {processor.py:799} INFO - Processing file /home/airflow/.local/lib/python3.7/site-packages/airflow/example_dags/example_external_task_marker_dag.py for tasks to queue
[2023-05-31T09:46:34.619+0000] {logging_mixin.py:149} INFO - [2023-05-31T09:46:34.619+0000] {dagbag.py:541} INFO - Filling up the DagBag from /home/airflow/.local/lib/python3.7/site-packages/airflow/example_dags/example_external_task_marker_dag.py
[2023-05-31T09:46:34.627+0000] {processor.py:809} INFO - DAG(s) dict_keys(['example_external_task_marker_child', 'example_external_task_marker_parent']) retrieved from /home/airflow/.local/lib/python3.7/site-packages/airflow/example_dags/example_external_task_marker_dag.py
[2023-05-31T09:46:34.665+0000] {logging_mixin.py:149} INFO - [2023-05-31T09:46:34.665+0000] {dag.py:2726} INFO - Sync 2 DAGs
[2023-05-31T09:46:34.700+0000] {logging_mixin.py:149} INFO - [2023-05-31T09:46:34.699+0000] {dag.py:3490} INFO - Setting next_dagrun for example_external_task_marker_child to None, run_after=None
[2023-05-31T09:46:34.704+0000] {logging_mixin.py:149} INFO - [2023-05-31T09:46:34.704+0000] {dag.py:3490} INFO - Setting next_dagrun for example_external_task_marker_parent to None, run_after=None
[2023-05-31T09:46:34.727+0000] {processor.py:178} INFO - Processing /home/airflow/.local/lib/python3.7/site-packages/airflow/example_dags/example_external_task_marker_dag.py took 0.114 seconds
[2023-05-31T09:47:05.242+0000] {processor.py:156} INFO - Started process (PID=125) to work on /home/airflow/.local/lib/python3.7/site-packages/airflow/example_dags/example_external_task_marker_dag.py
[2023-05-31T09:47:05.245+0000] {processor.py:799} INFO - Processing file /home/airflow/.local/lib/python3.7/site-packages/airflow/example_dags/example_external_task_marker_dag.py for tasks to queue
[2023-05-31T09:47:05.245+0000] {logging_mixin.py:149} INFO - [2023-05-31T09:47:05.245+0000] {dagbag.py:541} INFO - Filling up the DagBag from /home/airflow/.local/lib/python3.7/site-packages/airflow/example_dags/example_external_task_marker_dag.py
[2023-05-31T09:47:05.253+0000] {processor.py:809} INFO - DAG(s) dict_keys(['example_external_task_marker_child', 'example_external_task_marker_parent']) retrieved from /home/airflow/.local/lib/python3.7/site-packages/airflow/example_dags/example_external_task_marker_dag.py
[2023-05-31T09:47:05.290+0000] {logging_mixin.py:149} INFO - [2023-05-31T09:47:05.290+0000] {dag.py:2726} INFO - Sync 2 DAGs
[2023-05-31T09:47:05.325+0000] {logging_mixin.py:149} INFO - [2023-05-31T09:47:05.324+0000] {dag.py:3490} INFO - Setting next_dagrun for example_external_task_marker_child to None, run_after=None
[2023-05-31T09:47:05.329+0000] {logging_mixin.py:149} INFO - [2023-05-31T09:47:05.329+0000] {dag.py:3490} INFO - Setting next_dagrun for example_external_task_marker_parent to None, run_after=None
[2023-05-31T09:47:05.351+0000] {processor.py:178} INFO - Processing /home/airflow/.local/lib/python3.7/site-packages/airflow/example_dags/example_external_task_marker_dag.py took 0.113 seconds
[2023-05-31T09:47:35.412+0000] {processor.py:156} INFO - Started process (PID=181) to work on /home/airflow/.local/lib/python3.7/site-packages/airflow/example_dags/example_external_task_marker_dag.py
[2023-05-31T09:47:35.414+0000] {processor.py:799} INFO - Processing file /home/airflow/.local/lib/python3.7/site-packages/airflow/example_dags/example_external_task_marker_dag.py for tasks to queue
[2023-05-31T09:47:35.415+0000] {logging_mixin.py:149} INFO - [2023-05-31T09:47:35.414+0000] {dagbag.py:541} INFO - Filling up the DagBag from /home/airflow/.local/lib/python3.7/site-packages/airflow/example_dags/example_external_task_marker_dag.py
[2023-05-31T09:47:35.422+0000] {processor.py:809} INFO - DAG(s) dict_keys(['example_external_task_marker_parent', 'example_external_task_marker_child']) retrieved from /home/airflow/.local/lib/python3.7/site-packages/airflow/example_dags/example_external_task_marker_dag.py
[2023-05-31T09:47:35.462+0000] {logging_mixin.py:149} INFO - [2023-05-31T09:47:35.462+0000] {dag.py:2726} INFO - Sync 2 DAGs
[2023-05-31T09:47:35.497+0000] {logging_mixin.py:149} INFO - [2023-05-31T09:47:35.496+0000] {dag.py:3490} INFO - Setting next_dagrun for example_external_task_marker_child to None, run_after=None
[2023-05-31T09:47:35.501+0000] {logging_mixin.py:149} INFO - [2023-05-31T09:47:35.501+0000] {dag.py:3490} INFO - Setting next_dagrun for example_external_task_marker_parent to None, run_after=None
[2023-05-31T09:47:35.527+0000] {processor.py:178} INFO - Processing /home/airflow/.local/lib/python3.7/site-packages/airflow/example_dags/example_external_task_marker_dag.py took 0.119 seconds
[2023-05-31T09:48:05.723+0000] {processor.py:156} INFO - Started process (PID=238) to work on /home/airflow/.local/lib/python3.7/site-packages/airflow/example_dags/example_external_task_marker_dag.py
[2023-05-31T09:48:05.724+0000] {processor.py:799} INFO - Processing file /home/airflow/.local/lib/python3.7/site-packages/airflow/example_dags/example_external_task_marker_dag.py for tasks to queue
[2023-05-31T09:48:05.725+0000] {logging_mixin.py:149} INFO - [2023-05-31T09:48:05.725+0000] {dagbag.py:541} INFO - Filling up the DagBag from /home/airflow/.local/lib/python3.7/site-packages/airflow/example_dags/example_external_task_marker_dag.py
[2023-05-31T09:48:05.733+0000] {processor.py:809} INFO - DAG(s) dict_keys(['example_external_task_marker_child', 'example_external_task_marker_parent']) retrieved from /home/airflow/.local/lib/python3.7/site-packages/airflow/example_dags/example_external_task_marker_dag.py
[2023-05-31T09:48:05.771+0000] {logging_mixin.py:149} INFO - [2023-05-31T09:48:05.770+0000] {dag.py:2726} INFO - Sync 2 DAGs
[2023-05-31T09:48:05.804+0000] {logging_mixin.py:149} INFO - [2023-05-31T09:48:05.804+0000] {dag.py:3490} INFO - Setting next_dagrun for example_external_task_marker_child to None, run_after=None
[2023-05-31T09:48:05.812+0000] {logging_mixin.py:149} INFO - [2023-05-31T09:48:05.812+0000] {dag.py:3490} INFO - Setting next_dagrun for example_external_task_marker_parent to None, run_after=None
[2023-05-31T09:48:05.833+0000] {processor.py:178} INFO - Processing /home/airflow/.local/lib/python3.7/site-packages/airflow/example_dags/example_external_task_marker_dag.py took 0.113 seconds
[2023-05-31T09:48:36.437+0000] {processor.py:156} INFO - Started process (PID=295) to work on /home/airflow/.local/lib/python3.7/site-packages/airflow/example_dags/example_external_task_marker_dag.py
[2023-05-31T09:48:36.439+0000] {processor.py:799} INFO - Processing file /home/airflow/.local/lib/python3.7/site-packages/airflow/example_dags/example_external_task_marker_dag.py for tasks to queue
[2023-05-31T09:48:36.439+0000] {logging_mixin.py:149} INFO - [2023-05-31T09:48:36.439+0000] {dagbag.py:541} INFO - Filling up the DagBag from /home/airflow/.local/lib/python3.7/site-packages/airflow/example_dags/example_external_task_marker_dag.py
[2023-05-31T09:48:36.447+0000] {processor.py:809} INFO - DAG(s) dict_keys(['example_external_task_marker_child', 'example_external_task_marker_parent']) retrieved from /home/airflow/.local/lib/python3.7/site-packages/airflow/example_dags/example_external_task_marker_dag.py
[2023-05-31T09:48:36.484+0000] {logging_mixin.py:149} INFO - [2023-05-31T09:48:36.484+0000] {dag.py:2726} INFO - Sync 2 DAGs
[2023-05-31T09:48:36.518+0000] {logging_mixin.py:149} INFO - [2023-05-31T09:48:36.517+0000] {dag.py:3490} INFO - Setting next_dagrun for example_external_task_marker_child to None, run_after=None
[2023-05-31T09:48:36.522+0000] {logging_mixin.py:149} INFO - [2023-05-31T09:48:36.522+0000] {dag.py:3490} INFO - Setting next_dagrun for example_external_task_marker_parent to None, run_after=None
[2023-05-31T09:48:36.543+0000] {processor.py:178} INFO - Processing /home/airflow/.local/lib/python3.7/site-packages/airflow/example_dags/example_external_task_marker_dag.py took 0.110 seconds
[2023-05-31T09:49:06.899+0000] {processor.py:156} INFO - Started process (PID=352) to work on /home/airflow/.local/lib/python3.7/site-packages/airflow/example_dags/example_external_task_marker_dag.py
[2023-05-31T09:49:06.900+0000] {processor.py:799} INFO - Processing file /home/airflow/.local/lib/python3.7/site-packages/airflow/example_dags/example_external_task_marker_dag.py for tasks to queue
[2023-05-31T09:49:06.901+0000] {logging_mixin.py:149} INFO - [2023-05-31T09:49:06.901+0000] {dagbag.py:541} INFO - Filling up the DagBag from /home/airflow/.local/lib/python3.7/site-packages/airflow/example_dags/example_external_task_marker_dag.py
[2023-05-31T09:49:06.908+0000] {processor.py:809} INFO - DAG(s) dict_keys(['example_external_task_marker_child', 'example_external_task_marker_parent']) retrieved from /home/airflow/.local/lib/python3.7/site-packages/airflow/example_dags/example_external_task_marker_dag.py
[2023-05-31T09:49:06.948+0000] {logging_mixin.py:149} INFO - [2023-05-31T09:49:06.948+0000] {dag.py:2726} INFO - Sync 2 DAGs
[2023-05-31T09:49:06.981+0000] {logging_mixin.py:149} INFO - [2023-05-31T09:49:06.981+0000] {dag.py:3490} INFO - Setting next_dagrun for example_external_task_marker_child to None, run_after=None
[2023-05-31T09:49:06.985+0000] {logging_mixin.py:149} INFO - [2023-05-31T09:49:06.985+0000] {dag.py:3490} INFO - Setting next_dagrun for example_external_task_marker_parent to None, run_after=None
[2023-05-31T09:49:07.006+0000] {processor.py:178} INFO - Processing /home/airflow/.local/lib/python3.7/site-packages/airflow/example_dags/example_external_task_marker_dag.py took 0.111 seconds
[2023-05-31T09:49:37.652+0000] {processor.py:156} INFO - Started process (PID=410) to work on /home/airflow/.local/lib/python3.7/site-packages/airflow/example_dags/example_external_task_marker_dag.py
[2023-05-31T09:49:37.653+0000] {processor.py:799} INFO - Processing file /home/airflow/.local/lib/python3.7/site-packages/airflow/example_dags/example_external_task_marker_dag.py for tasks to queue
[2023-05-31T09:49:37.654+0000] {logging_mixin.py:149} INFO - [2023-05-31T09:49:37.654+0000] {dagbag.py:541} INFO - Filling up the DagBag from /home/airflow/.local/lib/python3.7/site-packages/airflow/example_dags/example_external_task_marker_dag.py
[2023-05-31T09:49:37.663+0000] {processor.py:809} INFO - DAG(s) dict_keys(['example_external_task_marker_parent', 'example_external_task_marker_child']) retrieved from /home/airflow/.local/lib/python3.7/site-packages/airflow/example_dags/example_external_task_marker_dag.py
[2023-05-31T09:49:37.700+0000] {logging_mixin.py:149} INFO - [2023-05-31T09:49:37.700+0000] {dag.py:2726} INFO - Sync 2 DAGs
[2023-05-31T09:49:37.733+0000] {logging_mixin.py:149} INFO - [2023-05-31T09:49:37.733+0000] {dag.py:3490} INFO - Setting next_dagrun for example_external_task_marker_child to None, run_after=None
[2023-05-31T09:49:37.737+0000] {logging_mixin.py:149} INFO - [2023-05-31T09:49:37.737+0000] {dag.py:3490} INFO - Setting next_dagrun for example_external_task_marker_parent to None, run_after=None
[2023-05-31T09:49:37.760+0000] {processor.py:178} INFO - Processing /home/airflow/.local/lib/python3.7/site-packages/airflow/example_dags/example_external_task_marker_dag.py took 0.113 seconds
[2023-05-31T09:50:07.845+0000] {processor.py:156} INFO - Started process (PID=467) to work on /home/airflow/.local/lib/python3.7/site-packages/airflow/example_dags/example_external_task_marker_dag.py
[2023-05-31T09:50:07.846+0000] {processor.py:799} INFO - Processing file /home/airflow/.local/lib/python3.7/site-packages/airflow/example_dags/example_external_task_marker_dag.py for tasks to queue
[2023-05-31T09:50:07.847+0000] {logging_mixin.py:149} INFO - [2023-05-31T09:50:07.847+0000] {dagbag.py:541} INFO - Filling up the DagBag from /home/airflow/.local/lib/python3.7/site-packages/airflow/example_dags/example_external_task_marker_dag.py
[2023-05-31T09:50:07.854+0000] {processor.py:809} INFO - DAG(s) dict_keys(['example_external_task_marker_parent', 'example_external_task_marker_child']) retrieved from /home/airflow/.local/lib/python3.7/site-packages/airflow/example_dags/example_external_task_marker_dag.py
[2023-05-31T09:50:07.898+0000] {logging_mixin.py:149} INFO - [2023-05-31T09:50:07.898+0000] {dag.py:2726} INFO - Sync 2 DAGs
[2023-05-31T09:50:07.931+0000] {logging_mixin.py:149} INFO - [2023-05-31T09:50:07.931+0000] {dag.py:3490} INFO - Setting next_dagrun for example_external_task_marker_child to None, run_after=None
[2023-05-31T09:50:07.935+0000] {logging_mixin.py:149} INFO - [2023-05-31T09:50:07.935+0000] {dag.py:3490} INFO - Setting next_dagrun for example_external_task_marker_parent to None, run_after=None
[2023-05-31T09:50:07.954+0000] {processor.py:178} INFO - Processing /home/airflow/.local/lib/python3.7/site-packages/airflow/example_dags/example_external_task_marker_dag.py took 0.114 seconds
[2023-05-31T09:50:38.817+0000] {processor.py:156} INFO - Started process (PID=524) to work on /home/airflow/.local/lib/python3.7/site-packages/airflow/example_dags/example_external_task_marker_dag.py
[2023-05-31T09:50:38.818+0000] {processor.py:799} INFO - Processing file /home/airflow/.local/lib/python3.7/site-packages/airflow/example_dags/example_external_task_marker_dag.py for tasks to queue
[2023-05-31T09:50:38.819+0000] {logging_mixin.py:149} INFO - [2023-05-31T09:50:38.819+0000] {dagbag.py:541} INFO - Filling up the DagBag from /home/airflow/.local/lib/python3.7/site-packages/airflow/example_dags/example_external_task_marker_dag.py
[2023-05-31T09:50:38.826+0000] {processor.py:809} INFO - DAG(s) dict_keys(['example_external_task_marker_child', 'example_external_task_marker_parent']) retrieved from /home/airflow/.local/lib/python3.7/site-packages/airflow/example_dags/example_external_task_marker_dag.py
[2023-05-31T09:50:38.860+0000] {logging_mixin.py:149} INFO - [2023-05-31T09:50:38.860+0000] {dag.py:2726} INFO - Sync 2 DAGs
[2023-05-31T09:50:38.892+0000] {logging_mixin.py:149} INFO - [2023-05-31T09:50:38.892+0000] {dag.py:3490} INFO - Setting next_dagrun for example_external_task_marker_child to None, run_after=None
[2023-05-31T09:50:38.896+0000] {logging_mixin.py:149} INFO - [2023-05-31T09:50:38.896+0000] {dag.py:3490} INFO - Setting next_dagrun for example_external_task_marker_parent to None, run_after=None
[2023-05-31T09:50:38.917+0000] {processor.py:178} INFO - Processing /home/airflow/.local/lib/python3.7/site-packages/airflow/example_dags/example_external_task_marker_dag.py took 0.104 seconds
[2023-05-31T09:51:09.308+0000] {processor.py:156} INFO - Started process (PID=581) to work on /home/airflow/.local/lib/python3.7/site-packages/airflow/example_dags/example_external_task_marker_dag.py
[2023-05-31T09:51:09.310+0000] {processor.py:799} INFO - Processing file /home/airflow/.local/lib/python3.7/site-packages/airflow/example_dags/example_external_task_marker_dag.py for tasks to queue
[2023-05-31T09:51:09.311+0000] {logging_mixin.py:149} INFO - [2023-05-31T09:51:09.310+0000] {dagbag.py:541} INFO - Filling up the DagBag from /home/airflow/.local/lib/python3.7/site-packages/airflow/example_dags/example_external_task_marker_dag.py
[2023-05-31T09:51:09.318+0000] {processor.py:809} INFO - DAG(s) dict_keys(['example_external_task_marker_child', 'example_external_task_marker_parent']) retrieved from /home/airflow/.local/lib/python3.7/site-packages/airflow/example_dags/example_external_task_marker_dag.py
[2023-05-31T09:51:09.362+0000] {logging_mixin.py:149} INFO - [2023-05-31T09:51:09.362+0000] {dag.py:2726} INFO - Sync 2 DAGs
[2023-05-31T09:51:09.397+0000] {logging_mixin.py:149} INFO - [2023-05-31T09:51:09.397+0000] {dag.py:3490} INFO - Setting next_dagrun for example_external_task_marker_child to None, run_after=None
[2023-05-31T09:51:09.401+0000] {logging_mixin.py:149} INFO - [2023-05-31T09:51:09.401+0000] {dag.py:3490} INFO - Setting next_dagrun for example_external_task_marker_parent to None, run_after=None
[2023-05-31T09:51:09.438+0000] {processor.py:178} INFO - Processing /home/airflow/.local/lib/python3.7/site-packages/airflow/example_dags/example_external_task_marker_dag.py took 0.133 seconds
[2023-05-31T09:51:40.204+0000] {processor.py:156} INFO - Started process (PID=646) to work on /home/airflow/.local/lib/python3.7/site-packages/airflow/example_dags/example_external_task_marker_dag.py
[2023-05-31T09:51:40.208+0000] {processor.py:799} INFO - Processing file /home/airflow/.local/lib/python3.7/site-packages/airflow/example_dags/example_external_task_marker_dag.py for tasks to queue
[2023-05-31T09:51:40.209+0000] {logging_mixin.py:149} INFO - [2023-05-31T09:51:40.209+0000] {dagbag.py:541} INFO - Filling up the DagBag from /home/airflow/.local/lib/python3.7/site-packages/airflow/example_dags/example_external_task_marker_dag.py
[2023-05-31T09:51:40.216+0000] {processor.py:809} INFO - DAG(s) dict_keys(['example_external_task_marker_parent', 'example_external_task_marker_child']) retrieved from /home/airflow/.local/lib/python3.7/site-packages/airflow/example_dags/example_external_task_marker_dag.py
[2023-05-31T09:51:40.260+0000] {logging_mixin.py:149} INFO - [2023-05-31T09:51:40.260+0000] {dag.py:2726} INFO - Sync 2 DAGs
[2023-05-31T09:51:40.292+0000] {logging_mixin.py:149} INFO - [2023-05-31T09:51:40.292+0000] {dag.py:3490} INFO - Setting next_dagrun for example_external_task_marker_child to None, run_after=None
[2023-05-31T09:51:40.296+0000] {logging_mixin.py:149} INFO - [2023-05-31T09:51:40.296+0000] {dag.py:3490} INFO - Setting next_dagrun for example_external_task_marker_parent to None, run_after=None
[2023-05-31T09:51:40.316+0000] {processor.py:178} INFO - Processing /home/airflow/.local/lib/python3.7/site-packages/airflow/example_dags/example_external_task_marker_dag.py took 0.116 seconds
[2023-05-31T09:52:11.131+0000] {processor.py:156} INFO - Started process (PID=703) to work on /home/airflow/.local/lib/python3.7/site-packages/airflow/example_dags/example_external_task_marker_dag.py
[2023-05-31T09:52:11.132+0000] {processor.py:799} INFO - Processing file /home/airflow/.local/lib/python3.7/site-packages/airflow/example_dags/example_external_task_marker_dag.py for tasks to queue
[2023-05-31T09:52:11.136+0000] {logging_mixin.py:149} INFO - [2023-05-31T09:52:11.132+0000] {dagbag.py:541} INFO - Filling up the DagBag from /home/airflow/.local/lib/python3.7/site-packages/airflow/example_dags/example_external_task_marker_dag.py
[2023-05-31T09:52:11.147+0000] {processor.py:809} INFO - DAG(s) dict_keys(['example_external_task_marker_parent', 'example_external_task_marker_child']) retrieved from /home/airflow/.local/lib/python3.7/site-packages/airflow/example_dags/example_external_task_marker_dag.py
[2023-05-31T09:52:11.227+0000] {logging_mixin.py:149} INFO - [2023-05-31T09:52:11.226+0000] {dag.py:2726} INFO - Sync 2 DAGs
[2023-05-31T09:52:11.302+0000] {logging_mixin.py:149} INFO - [2023-05-31T09:52:11.302+0000] {dag.py:3490} INFO - Setting next_dagrun for example_external_task_marker_child to None, run_after=None
[2023-05-31T09:52:11.309+0000] {logging_mixin.py:149} INFO - [2023-05-31T09:52:11.309+0000] {dag.py:3490} INFO - Setting next_dagrun for example_external_task_marker_parent to None, run_after=None
[2023-05-31T09:52:11.330+0000] {processor.py:178} INFO - Processing /home/airflow/.local/lib/python3.7/site-packages/airflow/example_dags/example_external_task_marker_dag.py took 0.221 seconds
