[2023-05-31T09:46:28.872+0000] {processor.py:156} INFO - Started process (PID=38) to work on /home/airflow/.local/lib/python3.7/site-packages/airflow/example_dags/example_datasets.py
[2023-05-31T09:46:28.874+0000] {processor.py:799} INFO - Processing file /home/airflow/.local/lib/python3.7/site-packages/airflow/example_dags/example_datasets.py for tasks to queue
[2023-05-31T09:46:28.876+0000] {logging_mixin.py:149} INFO - [2023-05-31T09:46:28.876+0000] {dagbag.py:541} INFO - Filling up the DagBag from /home/airflow/.local/lib/python3.7/site-packages/airflow/example_dags/example_datasets.py
[2023-05-31T09:46:28.911+0000] {processor.py:809} INFO - DAG(s) dict_keys(['dataset_produces_1', 'dataset_consumes_unknown_never_scheduled', 'dataset_consumes_1_and_2', 'dataset_produces_2', 'dataset_consumes_1_never_scheduled', 'dataset_consumes_1']) retrieved from /home/airflow/.local/lib/python3.7/site-packages/airflow/example_dags/example_datasets.py
[2023-05-31T09:46:29.351+0000] {logging_mixin.py:149} INFO - [2023-05-31T09:46:29.349+0000] {dag.py:2726} INFO - Sync 6 DAGs
[2023-05-31T09:46:29.429+0000] {logging_mixin.py:149} INFO - [2023-05-31T09:46:29.429+0000] {dag.py:3490} INFO - Setting next_dagrun for dataset_consumes_1 to None, run_after=None
[2023-05-31T09:46:29.438+0000] {logging_mixin.py:149} INFO - [2023-05-31T09:46:29.438+0000] {dag.py:3490} INFO - Setting next_dagrun for dataset_consumes_1_and_2 to None, run_after=None
[2023-05-31T09:46:29.441+0000] {logging_mixin.py:149} INFO - [2023-05-31T09:46:29.441+0000] {dag.py:3490} INFO - Setting next_dagrun for dataset_consumes_1_never_scheduled to None, run_after=None
[2023-05-31T09:46:29.443+0000] {logging_mixin.py:149} INFO - [2023-05-31T09:46:29.443+0000] {dag.py:3490} INFO - Setting next_dagrun for dataset_consumes_unknown_never_scheduled to None, run_after=None
[2023-05-31T09:46:29.455+0000] {logging_mixin.py:149} INFO - [2023-05-31T09:46:29.455+0000] {dag.py:3490} INFO - Setting next_dagrun for dataset_produces_1 to 2023-05-30T00:00:00+00:00, run_after=2023-05-31T00:00:00+00:00
[2023-05-31T09:46:29.464+0000] {logging_mixin.py:149} INFO - [2023-05-31T09:46:29.464+0000] {dag.py:3490} INFO - Setting next_dagrun for dataset_produces_2 to None, run_after=None
[2023-05-31T09:46:29.621+0000] {processor.py:178} INFO - Processing /home/airflow/.local/lib/python3.7/site-packages/airflow/example_dags/example_datasets.py took 0.758 seconds
[2023-05-31T09:47:00.245+0000] {processor.py:156} INFO - Started process (PID=95) to work on /home/airflow/.local/lib/python3.7/site-packages/airflow/example_dags/example_datasets.py
[2023-05-31T09:47:00.247+0000] {processor.py:799} INFO - Processing file /home/airflow/.local/lib/python3.7/site-packages/airflow/example_dags/example_datasets.py for tasks to queue
[2023-05-31T09:47:00.248+0000] {logging_mixin.py:149} INFO - [2023-05-31T09:47:00.248+0000] {dagbag.py:541} INFO - Filling up the DagBag from /home/airflow/.local/lib/python3.7/site-packages/airflow/example_dags/example_datasets.py
[2023-05-31T09:47:00.260+0000] {processor.py:809} INFO - DAG(s) dict_keys(['dataset_consumes_1', 'dataset_consumes_1_never_scheduled', 'dataset_consumes_unknown_never_scheduled', 'dataset_consumes_1_and_2', 'dataset_produces_2', 'dataset_produces_1']) retrieved from /home/airflow/.local/lib/python3.7/site-packages/airflow/example_dags/example_datasets.py
[2023-05-31T09:47:00.312+0000] {logging_mixin.py:149} INFO - [2023-05-31T09:47:00.311+0000] {dag.py:2726} INFO - Sync 6 DAGs
[2023-05-31T09:47:00.348+0000] {logging_mixin.py:149} INFO - [2023-05-31T09:47:00.347+0000] {dag.py:3490} INFO - Setting next_dagrun for dataset_consumes_1 to None, run_after=None
[2023-05-31T09:47:00.352+0000] {logging_mixin.py:149} INFO - [2023-05-31T09:47:00.352+0000] {dag.py:3490} INFO - Setting next_dagrun for dataset_consumes_1_and_2 to None, run_after=None
[2023-05-31T09:47:00.353+0000] {logging_mixin.py:149} INFO - [2023-05-31T09:47:00.353+0000] {dag.py:3490} INFO - Setting next_dagrun for dataset_consumes_1_never_scheduled to None, run_after=None
[2023-05-31T09:47:00.355+0000] {logging_mixin.py:149} INFO - [2023-05-31T09:47:00.354+0000] {dag.py:3490} INFO - Setting next_dagrun for dataset_consumes_unknown_never_scheduled to None, run_after=None
[2023-05-31T09:47:00.358+0000] {logging_mixin.py:149} INFO - [2023-05-31T09:47:00.358+0000] {dag.py:3490} INFO - Setting next_dagrun for dataset_produces_1 to 2023-05-30T00:00:00+00:00, run_after=2023-05-31T00:00:00+00:00
[2023-05-31T09:47:00.359+0000] {logging_mixin.py:149} INFO - [2023-05-31T09:47:00.359+0000] {dag.py:3490} INFO - Setting next_dagrun for dataset_produces_2 to None, run_after=None
[2023-05-31T09:47:00.400+0000] {processor.py:178} INFO - Processing /home/airflow/.local/lib/python3.7/site-packages/airflow/example_dags/example_datasets.py took 0.159 seconds
[2023-05-31T09:47:30.974+0000] {processor.py:156} INFO - Started process (PID=151) to work on /home/airflow/.local/lib/python3.7/site-packages/airflow/example_dags/example_datasets.py
[2023-05-31T09:47:30.976+0000] {processor.py:799} INFO - Processing file /home/airflow/.local/lib/python3.7/site-packages/airflow/example_dags/example_datasets.py for tasks to queue
[2023-05-31T09:47:30.977+0000] {logging_mixin.py:149} INFO - [2023-05-31T09:47:30.977+0000] {dagbag.py:541} INFO - Filling up the DagBag from /home/airflow/.local/lib/python3.7/site-packages/airflow/example_dags/example_datasets.py
[2023-05-31T09:47:30.990+0000] {processor.py:809} INFO - DAG(s) dict_keys(['dataset_consumes_1_never_scheduled', 'dataset_consumes_1', 'dataset_consumes_1_and_2', 'dataset_consumes_unknown_never_scheduled', 'dataset_produces_1', 'dataset_produces_2']) retrieved from /home/airflow/.local/lib/python3.7/site-packages/airflow/example_dags/example_datasets.py
[2023-05-31T09:47:31.048+0000] {logging_mixin.py:149} INFO - [2023-05-31T09:47:31.047+0000] {dag.py:2726} INFO - Sync 6 DAGs
[2023-05-31T09:47:31.089+0000] {logging_mixin.py:149} INFO - [2023-05-31T09:47:31.089+0000] {dag.py:3490} INFO - Setting next_dagrun for dataset_consumes_1 to None, run_after=None
[2023-05-31T09:47:31.094+0000] {logging_mixin.py:149} INFO - [2023-05-31T09:47:31.094+0000] {dag.py:3490} INFO - Setting next_dagrun for dataset_consumes_1_and_2 to None, run_after=None
[2023-05-31T09:47:31.095+0000] {logging_mixin.py:149} INFO - [2023-05-31T09:47:31.095+0000] {dag.py:3490} INFO - Setting next_dagrun for dataset_consumes_1_never_scheduled to None, run_after=None
[2023-05-31T09:47:31.096+0000] {logging_mixin.py:149} INFO - [2023-05-31T09:47:31.096+0000] {dag.py:3490} INFO - Setting next_dagrun for dataset_consumes_unknown_never_scheduled to None, run_after=None
[2023-05-31T09:47:31.100+0000] {logging_mixin.py:149} INFO - [2023-05-31T09:47:31.100+0000] {dag.py:3490} INFO - Setting next_dagrun for dataset_produces_1 to 2023-05-30T00:00:00+00:00, run_after=2023-05-31T00:00:00+00:00
[2023-05-31T09:47:31.101+0000] {logging_mixin.py:149} INFO - [2023-05-31T09:47:31.101+0000] {dag.py:3490} INFO - Setting next_dagrun for dataset_produces_2 to None, run_after=None
[2023-05-31T09:47:31.150+0000] {processor.py:178} INFO - Processing /home/airflow/.local/lib/python3.7/site-packages/airflow/example_dags/example_datasets.py took 0.180 seconds
[2023-05-31T09:48:01.521+0000] {processor.py:156} INFO - Started process (PID=208) to work on /home/airflow/.local/lib/python3.7/site-packages/airflow/example_dags/example_datasets.py
[2023-05-31T09:48:01.522+0000] {processor.py:799} INFO - Processing file /home/airflow/.local/lib/python3.7/site-packages/airflow/example_dags/example_datasets.py for tasks to queue
[2023-05-31T09:48:01.523+0000] {logging_mixin.py:149} INFO - [2023-05-31T09:48:01.523+0000] {dagbag.py:541} INFO - Filling up the DagBag from /home/airflow/.local/lib/python3.7/site-packages/airflow/example_dags/example_datasets.py
[2023-05-31T09:48:01.535+0000] {processor.py:809} INFO - DAG(s) dict_keys(['dataset_consumes_1_never_scheduled', 'dataset_produces_2', 'dataset_consumes_unknown_never_scheduled', 'dataset_produces_1', 'dataset_consumes_1_and_2', 'dataset_consumes_1']) retrieved from /home/airflow/.local/lib/python3.7/site-packages/airflow/example_dags/example_datasets.py
[2023-05-31T09:48:01.593+0000] {logging_mixin.py:149} INFO - [2023-05-31T09:48:01.593+0000] {dag.py:2726} INFO - Sync 6 DAGs
[2023-05-31T09:48:01.630+0000] {logging_mixin.py:149} INFO - [2023-05-31T09:48:01.630+0000] {dag.py:3490} INFO - Setting next_dagrun for dataset_consumes_1 to None, run_after=None
[2023-05-31T09:48:01.635+0000] {logging_mixin.py:149} INFO - [2023-05-31T09:48:01.634+0000] {dag.py:3490} INFO - Setting next_dagrun for dataset_consumes_1_and_2 to None, run_after=None
[2023-05-31T09:48:01.636+0000] {logging_mixin.py:149} INFO - [2023-05-31T09:48:01.636+0000] {dag.py:3490} INFO - Setting next_dagrun for dataset_consumes_1_never_scheduled to None, run_after=None
[2023-05-31T09:48:01.637+0000] {logging_mixin.py:149} INFO - [2023-05-31T09:48:01.637+0000] {dag.py:3490} INFO - Setting next_dagrun for dataset_consumes_unknown_never_scheduled to None, run_after=None
[2023-05-31T09:48:01.641+0000] {logging_mixin.py:149} INFO - [2023-05-31T09:48:01.640+0000] {dag.py:3490} INFO - Setting next_dagrun for dataset_produces_1 to 2023-05-30T00:00:00+00:00, run_after=2023-05-31T00:00:00+00:00
[2023-05-31T09:48:01.642+0000] {logging_mixin.py:149} INFO - [2023-05-31T09:48:01.642+0000] {dag.py:3490} INFO - Setting next_dagrun for dataset_produces_2 to None, run_after=None
[2023-05-31T09:48:01.689+0000] {processor.py:178} INFO - Processing /home/airflow/.local/lib/python3.7/site-packages/airflow/example_dags/example_datasets.py took 0.172 seconds
[2023-05-31T09:48:32.110+0000] {processor.py:156} INFO - Started process (PID=265) to work on /home/airflow/.local/lib/python3.7/site-packages/airflow/example_dags/example_datasets.py
[2023-05-31T09:48:32.112+0000] {processor.py:799} INFO - Processing file /home/airflow/.local/lib/python3.7/site-packages/airflow/example_dags/example_datasets.py for tasks to queue
[2023-05-31T09:48:32.112+0000] {logging_mixin.py:149} INFO - [2023-05-31T09:48:32.112+0000] {dagbag.py:541} INFO - Filling up the DagBag from /home/airflow/.local/lib/python3.7/site-packages/airflow/example_dags/example_datasets.py
[2023-05-31T09:48:32.125+0000] {processor.py:809} INFO - DAG(s) dict_keys(['dataset_consumes_1_and_2', 'dataset_consumes_1_never_scheduled', 'dataset_consumes_1', 'dataset_produces_2', 'dataset_produces_1', 'dataset_consumes_unknown_never_scheduled']) retrieved from /home/airflow/.local/lib/python3.7/site-packages/airflow/example_dags/example_datasets.py
[2023-05-31T09:48:32.177+0000] {logging_mixin.py:149} INFO - [2023-05-31T09:48:32.177+0000] {dag.py:2726} INFO - Sync 6 DAGs
[2023-05-31T09:48:32.212+0000] {logging_mixin.py:149} INFO - [2023-05-31T09:48:32.212+0000] {dag.py:3490} INFO - Setting next_dagrun for dataset_consumes_1 to None, run_after=None
[2023-05-31T09:48:32.217+0000] {logging_mixin.py:149} INFO - [2023-05-31T09:48:32.216+0000] {dag.py:3490} INFO - Setting next_dagrun for dataset_consumes_1_and_2 to None, run_after=None
[2023-05-31T09:48:32.218+0000] {logging_mixin.py:149} INFO - [2023-05-31T09:48:32.218+0000] {dag.py:3490} INFO - Setting next_dagrun for dataset_consumes_1_never_scheduled to None, run_after=None
[2023-05-31T09:48:32.219+0000] {logging_mixin.py:149} INFO - [2023-05-31T09:48:32.219+0000] {dag.py:3490} INFO - Setting next_dagrun for dataset_consumes_unknown_never_scheduled to None, run_after=None
[2023-05-31T09:48:32.222+0000] {logging_mixin.py:149} INFO - [2023-05-31T09:48:32.222+0000] {dag.py:3490} INFO - Setting next_dagrun for dataset_produces_1 to 2023-05-30T00:00:00+00:00, run_after=2023-05-31T00:00:00+00:00
[2023-05-31T09:48:32.224+0000] {logging_mixin.py:149} INFO - [2023-05-31T09:48:32.224+0000] {dag.py:3490} INFO - Setting next_dagrun for dataset_produces_2 to None, run_after=None
[2023-05-31T09:48:32.267+0000] {processor.py:178} INFO - Processing /home/airflow/.local/lib/python3.7/site-packages/airflow/example_dags/example_datasets.py took 0.161 seconds
[2023-05-31T09:49:02.626+0000] {processor.py:156} INFO - Started process (PID=322) to work on /home/airflow/.local/lib/python3.7/site-packages/airflow/example_dags/example_datasets.py
[2023-05-31T09:49:02.628+0000] {processor.py:799} INFO - Processing file /home/airflow/.local/lib/python3.7/site-packages/airflow/example_dags/example_datasets.py for tasks to queue
[2023-05-31T09:49:02.629+0000] {logging_mixin.py:149} INFO - [2023-05-31T09:49:02.629+0000] {dagbag.py:541} INFO - Filling up the DagBag from /home/airflow/.local/lib/python3.7/site-packages/airflow/example_dags/example_datasets.py
[2023-05-31T09:49:02.647+0000] {processor.py:809} INFO - DAG(s) dict_keys(['dataset_consumes_1_and_2', 'dataset_produces_2', 'dataset_produces_1', 'dataset_consumes_1_never_scheduled', 'dataset_consumes_1', 'dataset_consumes_unknown_never_scheduled']) retrieved from /home/airflow/.local/lib/python3.7/site-packages/airflow/example_dags/example_datasets.py
[2023-05-31T09:49:02.697+0000] {logging_mixin.py:149} INFO - [2023-05-31T09:49:02.697+0000] {dag.py:2726} INFO - Sync 6 DAGs
[2023-05-31T09:49:02.733+0000] {logging_mixin.py:149} INFO - [2023-05-31T09:49:02.732+0000] {dag.py:3490} INFO - Setting next_dagrun for dataset_consumes_1 to None, run_after=None
[2023-05-31T09:49:02.737+0000] {logging_mixin.py:149} INFO - [2023-05-31T09:49:02.737+0000] {dag.py:3490} INFO - Setting next_dagrun for dataset_consumes_1_and_2 to None, run_after=None
[2023-05-31T09:49:02.739+0000] {logging_mixin.py:149} INFO - [2023-05-31T09:49:02.739+0000] {dag.py:3490} INFO - Setting next_dagrun for dataset_consumes_1_never_scheduled to None, run_after=None
[2023-05-31T09:49:02.740+0000] {logging_mixin.py:149} INFO - [2023-05-31T09:49:02.740+0000] {dag.py:3490} INFO - Setting next_dagrun for dataset_consumes_unknown_never_scheduled to None, run_after=None
[2023-05-31T09:49:02.743+0000] {logging_mixin.py:149} INFO - [2023-05-31T09:49:02.743+0000] {dag.py:3490} INFO - Setting next_dagrun for dataset_produces_1 to 2023-05-30T00:00:00+00:00, run_after=2023-05-31T00:00:00+00:00
[2023-05-31T09:49:02.745+0000] {logging_mixin.py:149} INFO - [2023-05-31T09:49:02.745+0000] {dag.py:3490} INFO - Setting next_dagrun for dataset_produces_2 to None, run_after=None
[2023-05-31T09:49:02.786+0000] {processor.py:178} INFO - Processing /home/airflow/.local/lib/python3.7/site-packages/airflow/example_dags/example_datasets.py took 0.169 seconds
[2023-05-31T09:49:33.530+0000] {processor.py:156} INFO - Started process (PID=380) to work on /home/airflow/.local/lib/python3.7/site-packages/airflow/example_dags/example_datasets.py
[2023-05-31T09:49:33.532+0000] {processor.py:799} INFO - Processing file /home/airflow/.local/lib/python3.7/site-packages/airflow/example_dags/example_datasets.py for tasks to queue
[2023-05-31T09:49:33.533+0000] {logging_mixin.py:149} INFO - [2023-05-31T09:49:33.532+0000] {dagbag.py:541} INFO - Filling up the DagBag from /home/airflow/.local/lib/python3.7/site-packages/airflow/example_dags/example_datasets.py
[2023-05-31T09:49:33.544+0000] {processor.py:809} INFO - DAG(s) dict_keys(['dataset_consumes_unknown_never_scheduled', 'dataset_produces_1', 'dataset_consumes_1_and_2', 'dataset_consumes_1', 'dataset_consumes_1_never_scheduled', 'dataset_produces_2']) retrieved from /home/airflow/.local/lib/python3.7/site-packages/airflow/example_dags/example_datasets.py
[2023-05-31T09:49:33.596+0000] {logging_mixin.py:149} INFO - [2023-05-31T09:49:33.595+0000] {dag.py:2726} INFO - Sync 6 DAGs
[2023-05-31T09:49:33.629+0000] {logging_mixin.py:149} INFO - [2023-05-31T09:49:33.629+0000] {dag.py:3490} INFO - Setting next_dagrun for dataset_consumes_1 to None, run_after=None
[2023-05-31T09:49:33.633+0000] {logging_mixin.py:149} INFO - [2023-05-31T09:49:33.633+0000] {dag.py:3490} INFO - Setting next_dagrun for dataset_consumes_1_and_2 to None, run_after=None
[2023-05-31T09:49:33.635+0000] {logging_mixin.py:149} INFO - [2023-05-31T09:49:33.635+0000] {dag.py:3490} INFO - Setting next_dagrun for dataset_consumes_1_never_scheduled to None, run_after=None
[2023-05-31T09:49:33.636+0000] {logging_mixin.py:149} INFO - [2023-05-31T09:49:33.636+0000] {dag.py:3490} INFO - Setting next_dagrun for dataset_consumes_unknown_never_scheduled to None, run_after=None
[2023-05-31T09:49:33.640+0000] {logging_mixin.py:149} INFO - [2023-05-31T09:49:33.639+0000] {dag.py:3490} INFO - Setting next_dagrun for dataset_produces_1 to 2023-05-30T00:00:00+00:00, run_after=2023-05-31T00:00:00+00:00
[2023-05-31T09:49:33.641+0000] {logging_mixin.py:149} INFO - [2023-05-31T09:49:33.641+0000] {dag.py:3490} INFO - Setting next_dagrun for dataset_produces_2 to None, run_after=None
[2023-05-31T09:49:33.684+0000] {processor.py:178} INFO - Processing /home/airflow/.local/lib/python3.7/site-packages/airflow/example_dags/example_datasets.py took 0.158 seconds
[2023-05-31T09:50:03.742+0000] {processor.py:156} INFO - Started process (PID=437) to work on /home/airflow/.local/lib/python3.7/site-packages/airflow/example_dags/example_datasets.py
[2023-05-31T09:50:03.743+0000] {processor.py:799} INFO - Processing file /home/airflow/.local/lib/python3.7/site-packages/airflow/example_dags/example_datasets.py for tasks to queue
[2023-05-31T09:50:03.744+0000] {logging_mixin.py:149} INFO - [2023-05-31T09:50:03.744+0000] {dagbag.py:541} INFO - Filling up the DagBag from /home/airflow/.local/lib/python3.7/site-packages/airflow/example_dags/example_datasets.py
[2023-05-31T09:50:03.756+0000] {processor.py:809} INFO - DAG(s) dict_keys(['dataset_consumes_1_never_scheduled', 'dataset_consumes_1', 'dataset_produces_2', 'dataset_consumes_unknown_never_scheduled', 'dataset_produces_1', 'dataset_consumes_1_and_2']) retrieved from /home/airflow/.local/lib/python3.7/site-packages/airflow/example_dags/example_datasets.py
[2023-05-31T09:50:03.808+0000] {logging_mixin.py:149} INFO - [2023-05-31T09:50:03.807+0000] {dag.py:2726} INFO - Sync 6 DAGs
[2023-05-31T09:50:03.841+0000] {logging_mixin.py:149} INFO - [2023-05-31T09:50:03.841+0000] {dag.py:3490} INFO - Setting next_dagrun for dataset_consumes_1 to None, run_after=None
[2023-05-31T09:50:03.845+0000] {logging_mixin.py:149} INFO - [2023-05-31T09:50:03.845+0000] {dag.py:3490} INFO - Setting next_dagrun for dataset_consumes_1_and_2 to None, run_after=None
[2023-05-31T09:50:03.846+0000] {logging_mixin.py:149} INFO - [2023-05-31T09:50:03.846+0000] {dag.py:3490} INFO - Setting next_dagrun for dataset_consumes_1_never_scheduled to None, run_after=None
[2023-05-31T09:50:03.848+0000] {logging_mixin.py:149} INFO - [2023-05-31T09:50:03.847+0000] {dag.py:3490} INFO - Setting next_dagrun for dataset_consumes_unknown_never_scheduled to None, run_after=None
[2023-05-31T09:50:03.853+0000] {logging_mixin.py:149} INFO - [2023-05-31T09:50:03.853+0000] {dag.py:3490} INFO - Setting next_dagrun for dataset_produces_1 to 2023-05-30T00:00:00+00:00, run_after=2023-05-31T00:00:00+00:00
[2023-05-31T09:50:03.854+0000] {logging_mixin.py:149} INFO - [2023-05-31T09:50:03.854+0000] {dag.py:3490} INFO - Setting next_dagrun for dataset_produces_2 to None, run_after=None
[2023-05-31T09:50:03.896+0000] {processor.py:178} INFO - Processing /home/airflow/.local/lib/python3.7/site-packages/airflow/example_dags/example_datasets.py took 0.157 seconds
[2023-05-31T09:50:34.754+0000] {processor.py:156} INFO - Started process (PID=494) to work on /home/airflow/.local/lib/python3.7/site-packages/airflow/example_dags/example_datasets.py
[2023-05-31T09:50:34.755+0000] {processor.py:799} INFO - Processing file /home/airflow/.local/lib/python3.7/site-packages/airflow/example_dags/example_datasets.py for tasks to queue
[2023-05-31T09:50:34.756+0000] {logging_mixin.py:149} INFO - [2023-05-31T09:50:34.755+0000] {dagbag.py:541} INFO - Filling up the DagBag from /home/airflow/.local/lib/python3.7/site-packages/airflow/example_dags/example_datasets.py
[2023-05-31T09:50:34.767+0000] {processor.py:809} INFO - DAG(s) dict_keys(['dataset_consumes_1_and_2', 'dataset_produces_1', 'dataset_consumes_1', 'dataset_consumes_unknown_never_scheduled', 'dataset_consumes_1_never_scheduled', 'dataset_produces_2']) retrieved from /home/airflow/.local/lib/python3.7/site-packages/airflow/example_dags/example_datasets.py
[2023-05-31T09:50:34.818+0000] {logging_mixin.py:149} INFO - [2023-05-31T09:50:34.818+0000] {dag.py:2726} INFO - Sync 6 DAGs
[2023-05-31T09:50:34.851+0000] {logging_mixin.py:149} INFO - [2023-05-31T09:50:34.851+0000] {dag.py:3490} INFO - Setting next_dagrun for dataset_consumes_1 to None, run_after=None
[2023-05-31T09:50:34.855+0000] {logging_mixin.py:149} INFO - [2023-05-31T09:50:34.855+0000] {dag.py:3490} INFO - Setting next_dagrun for dataset_consumes_1_and_2 to None, run_after=None
[2023-05-31T09:50:34.856+0000] {logging_mixin.py:149} INFO - [2023-05-31T09:50:34.856+0000] {dag.py:3490} INFO - Setting next_dagrun for dataset_consumes_1_never_scheduled to None, run_after=None
[2023-05-31T09:50:34.857+0000] {logging_mixin.py:149} INFO - [2023-05-31T09:50:34.857+0000] {dag.py:3490} INFO - Setting next_dagrun for dataset_consumes_unknown_never_scheduled to None, run_after=None
[2023-05-31T09:50:34.861+0000] {logging_mixin.py:149} INFO - [2023-05-31T09:50:34.861+0000] {dag.py:3490} INFO - Setting next_dagrun for dataset_produces_1 to 2023-05-30T00:00:00+00:00, run_after=2023-05-31T00:00:00+00:00
[2023-05-31T09:50:34.862+0000] {logging_mixin.py:149} INFO - [2023-05-31T09:50:34.862+0000] {dag.py:3490} INFO - Setting next_dagrun for dataset_produces_2 to None, run_after=None
[2023-05-31T09:50:34.900+0000] {processor.py:178} INFO - Processing /home/airflow/.local/lib/python3.7/site-packages/airflow/example_dags/example_datasets.py took 0.151 seconds
[2023-05-31T09:51:05.023+0000] {processor.py:156} INFO - Started process (PID=551) to work on /home/airflow/.local/lib/python3.7/site-packages/airflow/example_dags/example_datasets.py
[2023-05-31T09:51:05.024+0000] {processor.py:799} INFO - Processing file /home/airflow/.local/lib/python3.7/site-packages/airflow/example_dags/example_datasets.py for tasks to queue
[2023-05-31T09:51:05.033+0000] {logging_mixin.py:149} INFO - [2023-05-31T09:51:05.033+0000] {dagbag.py:541} INFO - Filling up the DagBag from /home/airflow/.local/lib/python3.7/site-packages/airflow/example_dags/example_datasets.py
[2023-05-31T09:51:05.056+0000] {processor.py:809} INFO - DAG(s) dict_keys(['dataset_consumes_1_never_scheduled', 'dataset_consumes_1_and_2', 'dataset_consumes_unknown_never_scheduled', 'dataset_produces_1', 'dataset_consumes_1', 'dataset_produces_2']) retrieved from /home/airflow/.local/lib/python3.7/site-packages/airflow/example_dags/example_datasets.py
[2023-05-31T09:51:05.183+0000] {logging_mixin.py:149} INFO - [2023-05-31T09:51:05.183+0000] {dag.py:2726} INFO - Sync 6 DAGs
[2023-05-31T09:51:05.226+0000] {logging_mixin.py:149} INFO - [2023-05-31T09:51:05.226+0000] {dag.py:3490} INFO - Setting next_dagrun for dataset_consumes_1 to None, run_after=None
[2023-05-31T09:51:05.230+0000] {logging_mixin.py:149} INFO - [2023-05-31T09:51:05.230+0000] {dag.py:3490} INFO - Setting next_dagrun for dataset_consumes_1_and_2 to None, run_after=None
[2023-05-31T09:51:05.231+0000] {logging_mixin.py:149} INFO - [2023-05-31T09:51:05.231+0000] {dag.py:3490} INFO - Setting next_dagrun for dataset_consumes_1_never_scheduled to None, run_after=None
[2023-05-31T09:51:05.233+0000] {logging_mixin.py:149} INFO - [2023-05-31T09:51:05.233+0000] {dag.py:3490} INFO - Setting next_dagrun for dataset_consumes_unknown_never_scheduled to None, run_after=None
[2023-05-31T09:51:05.236+0000] {logging_mixin.py:149} INFO - [2023-05-31T09:51:05.236+0000] {dag.py:3490} INFO - Setting next_dagrun for dataset_produces_1 to 2023-05-30T00:00:00+00:00, run_after=2023-05-31T00:00:00+00:00
[2023-05-31T09:51:05.237+0000] {logging_mixin.py:149} INFO - [2023-05-31T09:51:05.237+0000] {dag.py:3490} INFO - Setting next_dagrun for dataset_produces_2 to None, run_after=None
[2023-05-31T09:51:05.307+0000] {processor.py:178} INFO - Processing /home/airflow/.local/lib/python3.7/site-packages/airflow/example_dags/example_datasets.py took 0.288 seconds
[2023-05-31T09:51:36.103+0000] {processor.py:156} INFO - Started process (PID=608) to work on /home/airflow/.local/lib/python3.7/site-packages/airflow/example_dags/example_datasets.py
[2023-05-31T09:51:36.105+0000] {processor.py:799} INFO - Processing file /home/airflow/.local/lib/python3.7/site-packages/airflow/example_dags/example_datasets.py for tasks to queue
[2023-05-31T09:51:36.106+0000] {logging_mixin.py:149} INFO - [2023-05-31T09:51:36.105+0000] {dagbag.py:541} INFO - Filling up the DagBag from /home/airflow/.local/lib/python3.7/site-packages/airflow/example_dags/example_datasets.py
[2023-05-31T09:51:36.117+0000] {processor.py:809} INFO - DAG(s) dict_keys(['dataset_produces_2', 'dataset_consumes_1_never_scheduled', 'dataset_consumes_unknown_never_scheduled', 'dataset_consumes_1_and_2', 'dataset_consumes_1', 'dataset_produces_1']) retrieved from /home/airflow/.local/lib/python3.7/site-packages/airflow/example_dags/example_datasets.py
[2023-05-31T09:51:36.167+0000] {logging_mixin.py:149} INFO - [2023-05-31T09:51:36.167+0000] {dag.py:2726} INFO - Sync 6 DAGs
[2023-05-31T09:51:36.200+0000] {logging_mixin.py:149} INFO - [2023-05-31T09:51:36.200+0000] {dag.py:3490} INFO - Setting next_dagrun for dataset_consumes_1 to None, run_after=None
[2023-05-31T09:51:36.204+0000] {logging_mixin.py:149} INFO - [2023-05-31T09:51:36.204+0000] {dag.py:3490} INFO - Setting next_dagrun for dataset_consumes_1_and_2 to None, run_after=None
[2023-05-31T09:51:36.205+0000] {logging_mixin.py:149} INFO - [2023-05-31T09:51:36.205+0000] {dag.py:3490} INFO - Setting next_dagrun for dataset_consumes_1_never_scheduled to None, run_after=None
[2023-05-31T09:51:36.207+0000] {logging_mixin.py:149} INFO - [2023-05-31T09:51:36.207+0000] {dag.py:3490} INFO - Setting next_dagrun for dataset_consumes_unknown_never_scheduled to None, run_after=None
[2023-05-31T09:51:36.210+0000] {logging_mixin.py:149} INFO - [2023-05-31T09:51:36.210+0000] {dag.py:3490} INFO - Setting next_dagrun for dataset_produces_1 to 2023-05-30T00:00:00+00:00, run_after=2023-05-31T00:00:00+00:00
[2023-05-31T09:51:36.211+0000] {logging_mixin.py:149} INFO - [2023-05-31T09:51:36.211+0000] {dag.py:3490} INFO - Setting next_dagrun for dataset_produces_2 to None, run_after=None
[2023-05-31T09:51:36.251+0000] {processor.py:178} INFO - Processing /home/airflow/.local/lib/python3.7/site-packages/airflow/example_dags/example_datasets.py took 0.152 seconds
[2023-05-31T09:52:06.658+0000] {processor.py:156} INFO - Started process (PID=666) to work on /home/airflow/.local/lib/python3.7/site-packages/airflow/example_dags/example_datasets.py
[2023-05-31T09:52:06.659+0000] {processor.py:799} INFO - Processing file /home/airflow/.local/lib/python3.7/site-packages/airflow/example_dags/example_datasets.py for tasks to queue
[2023-05-31T09:52:06.660+0000] {logging_mixin.py:149} INFO - [2023-05-31T09:52:06.659+0000] {dagbag.py:541} INFO - Filling up the DagBag from /home/airflow/.local/lib/python3.7/site-packages/airflow/example_dags/example_datasets.py
[2023-05-31T09:52:06.682+0000] {processor.py:809} INFO - DAG(s) dict_keys(['dataset_produces_2', 'dataset_consumes_unknown_never_scheduled', 'dataset_consumes_1_never_scheduled', 'dataset_produces_1', 'dataset_consumes_1_and_2', 'dataset_consumes_1']) retrieved from /home/airflow/.local/lib/python3.7/site-packages/airflow/example_dags/example_datasets.py
[2023-05-31T09:52:06.755+0000] {logging_mixin.py:149} INFO - [2023-05-31T09:52:06.755+0000] {dag.py:2726} INFO - Sync 6 DAGs
[2023-05-31T09:52:06.795+0000] {logging_mixin.py:149} INFO - [2023-05-31T09:52:06.794+0000] {dag.py:3490} INFO - Setting next_dagrun for dataset_consumes_1 to None, run_after=None
[2023-05-31T09:52:06.799+0000] {logging_mixin.py:149} INFO - [2023-05-31T09:52:06.798+0000] {dag.py:3490} INFO - Setting next_dagrun for dataset_consumes_1_and_2 to None, run_after=None
[2023-05-31T09:52:06.800+0000] {logging_mixin.py:149} INFO - [2023-05-31T09:52:06.800+0000] {dag.py:3490} INFO - Setting next_dagrun for dataset_consumes_1_never_scheduled to None, run_after=None
[2023-05-31T09:52:06.801+0000] {logging_mixin.py:149} INFO - [2023-05-31T09:52:06.801+0000] {dag.py:3490} INFO - Setting next_dagrun for dataset_consumes_unknown_never_scheduled to None, run_after=None
[2023-05-31T09:52:06.805+0000] {logging_mixin.py:149} INFO - [2023-05-31T09:52:06.805+0000] {dag.py:3490} INFO - Setting next_dagrun for dataset_produces_1 to 2023-05-30T00:00:00+00:00, run_after=2023-05-31T00:00:00+00:00
[2023-05-31T09:52:06.806+0000] {logging_mixin.py:149} INFO - [2023-05-31T09:52:06.806+0000] {dag.py:3490} INFO - Setting next_dagrun for dataset_produces_2 to None, run_after=None
[2023-05-31T09:52:06.853+0000] {processor.py:178} INFO - Processing /home/airflow/.local/lib/python3.7/site-packages/airflow/example_dags/example_datasets.py took 0.200 seconds
