[2023-05-31T09:46:34.297+0000] {processor.py:156} INFO - Started process (PID=67) to work on /home/airflow/.local/lib/python3.7/site-packages/airflow/example_dags/example_xcomargs.py
[2023-05-31T09:46:34.298+0000] {processor.py:799} INFO - Processing file /home/airflow/.local/lib/python3.7/site-packages/airflow/example_dags/example_xcomargs.py for tasks to queue
[2023-05-31T09:46:34.299+0000] {logging_mixin.py:149} INFO - [2023-05-31T09:46:34.299+0000] {dagbag.py:541} INFO - Filling up the DagBag from /home/airflow/.local/lib/python3.7/site-packages/airflow/example_dags/example_xcomargs.py
[2023-05-31T09:46:34.330+0000] {processor.py:809} INFO - DAG(s) dict_keys(['example_xcom_args', 'example_xcom_args_with_operators']) retrieved from /home/airflow/.local/lib/python3.7/site-packages/airflow/example_dags/example_xcomargs.py
[2023-05-31T09:46:34.378+0000] {logging_mixin.py:149} INFO - [2023-05-31T09:46:34.378+0000] {dag.py:2726} INFO - Sync 2 DAGs
[2023-05-31T09:46:34.413+0000] {logging_mixin.py:149} INFO - [2023-05-31T09:46:34.413+0000] {dag.py:3490} INFO - Setting next_dagrun for example_xcom_args to None, run_after=None
[2023-05-31T09:46:34.417+0000] {logging_mixin.py:149} INFO - [2023-05-31T09:46:34.417+0000] {dag.py:3490} INFO - Setting next_dagrun for example_xcom_args_with_operators to None, run_after=None
[2023-05-31T09:46:34.440+0000] {processor.py:178} INFO - Processing /home/airflow/.local/lib/python3.7/site-packages/airflow/example_dags/example_xcomargs.py took 0.147 seconds
[2023-05-31T09:47:05.093+0000] {processor.py:156} INFO - Started process (PID=123) to work on /home/airflow/.local/lib/python3.7/site-packages/airflow/example_dags/example_xcomargs.py
[2023-05-31T09:47:05.095+0000] {processor.py:799} INFO - Processing file /home/airflow/.local/lib/python3.7/site-packages/airflow/example_dags/example_xcomargs.py for tasks to queue
[2023-05-31T09:47:05.096+0000] {logging_mixin.py:149} INFO - [2023-05-31T09:47:05.095+0000] {dagbag.py:541} INFO - Filling up the DagBag from /home/airflow/.local/lib/python3.7/site-packages/airflow/example_dags/example_xcomargs.py
[2023-05-31T09:47:05.107+0000] {processor.py:809} INFO - DAG(s) dict_keys(['example_xcom_args', 'example_xcom_args_with_operators']) retrieved from /home/airflow/.local/lib/python3.7/site-packages/airflow/example_dags/example_xcomargs.py
[2023-05-31T09:47:05.149+0000] {logging_mixin.py:149} INFO - [2023-05-31T09:47:05.148+0000] {dag.py:2726} INFO - Sync 2 DAGs
[2023-05-31T09:47:05.183+0000] {logging_mixin.py:149} INFO - [2023-05-31T09:47:05.182+0000] {dag.py:3490} INFO - Setting next_dagrun for example_xcom_args to None, run_after=None
[2023-05-31T09:47:05.187+0000] {logging_mixin.py:149} INFO - [2023-05-31T09:47:05.187+0000] {dag.py:3490} INFO - Setting next_dagrun for example_xcom_args_with_operators to None, run_after=None
[2023-05-31T09:47:05.207+0000] {processor.py:178} INFO - Processing /home/airflow/.local/lib/python3.7/site-packages/airflow/example_dags/example_xcomargs.py took 0.119 seconds
[2023-05-31T09:47:35.254+0000] {processor.py:156} INFO - Started process (PID=179) to work on /home/airflow/.local/lib/python3.7/site-packages/airflow/example_dags/example_xcomargs.py
[2023-05-31T09:47:35.255+0000] {processor.py:799} INFO - Processing file /home/airflow/.local/lib/python3.7/site-packages/airflow/example_dags/example_xcomargs.py for tasks to queue
[2023-05-31T09:47:35.256+0000] {logging_mixin.py:149} INFO - [2023-05-31T09:47:35.256+0000] {dagbag.py:541} INFO - Filling up the DagBag from /home/airflow/.local/lib/python3.7/site-packages/airflow/example_dags/example_xcomargs.py
[2023-05-31T09:47:35.267+0000] {processor.py:809} INFO - DAG(s) dict_keys(['example_xcom_args', 'example_xcom_args_with_operators']) retrieved from /home/airflow/.local/lib/python3.7/site-packages/airflow/example_dags/example_xcomargs.py
[2023-05-31T09:47:35.306+0000] {logging_mixin.py:149} INFO - [2023-05-31T09:47:35.306+0000] {dag.py:2726} INFO - Sync 2 DAGs
[2023-05-31T09:47:35.342+0000] {logging_mixin.py:149} INFO - [2023-05-31T09:47:35.342+0000] {dag.py:3490} INFO - Setting next_dagrun for example_xcom_args to None, run_after=None
[2023-05-31T09:47:35.347+0000] {logging_mixin.py:149} INFO - [2023-05-31T09:47:35.347+0000] {dag.py:3490} INFO - Setting next_dagrun for example_xcom_args_with_operators to None, run_after=None
[2023-05-31T09:47:35.376+0000] {processor.py:178} INFO - Processing /home/airflow/.local/lib/python3.7/site-packages/airflow/example_dags/example_xcomargs.py took 0.127 seconds
[2023-05-31T09:48:05.566+0000] {processor.py:156} INFO - Started process (PID=236) to work on /home/airflow/.local/lib/python3.7/site-packages/airflow/example_dags/example_xcomargs.py
[2023-05-31T09:48:05.567+0000] {processor.py:799} INFO - Processing file /home/airflow/.local/lib/python3.7/site-packages/airflow/example_dags/example_xcomargs.py for tasks to queue
[2023-05-31T09:48:05.568+0000] {logging_mixin.py:149} INFO - [2023-05-31T09:48:05.567+0000] {dagbag.py:541} INFO - Filling up the DagBag from /home/airflow/.local/lib/python3.7/site-packages/airflow/example_dags/example_xcomargs.py
[2023-05-31T09:48:05.578+0000] {processor.py:809} INFO - DAG(s) dict_keys(['example_xcom_args', 'example_xcom_args_with_operators']) retrieved from /home/airflow/.local/lib/python3.7/site-packages/airflow/example_dags/example_xcomargs.py
[2023-05-31T09:48:05.618+0000] {logging_mixin.py:149} INFO - [2023-05-31T09:48:05.618+0000] {dag.py:2726} INFO - Sync 2 DAGs
[2023-05-31T09:48:05.661+0000] {logging_mixin.py:149} INFO - [2023-05-31T09:48:05.661+0000] {dag.py:3490} INFO - Setting next_dagrun for example_xcom_args to None, run_after=None
[2023-05-31T09:48:05.667+0000] {logging_mixin.py:149} INFO - [2023-05-31T09:48:05.666+0000] {dag.py:3490} INFO - Setting next_dagrun for example_xcom_args_with_operators to None, run_after=None
[2023-05-31T09:48:05.688+0000] {processor.py:178} INFO - Processing /home/airflow/.local/lib/python3.7/site-packages/airflow/example_dags/example_xcomargs.py took 0.127 seconds
[2023-05-31T09:48:36.296+0000] {processor.py:156} INFO - Started process (PID=293) to work on /home/airflow/.local/lib/python3.7/site-packages/airflow/example_dags/example_xcomargs.py
[2023-05-31T09:48:36.298+0000] {processor.py:799} INFO - Processing file /home/airflow/.local/lib/python3.7/site-packages/airflow/example_dags/example_xcomargs.py for tasks to queue
[2023-05-31T09:48:36.299+0000] {logging_mixin.py:149} INFO - [2023-05-31T09:48:36.298+0000] {dagbag.py:541} INFO - Filling up the DagBag from /home/airflow/.local/lib/python3.7/site-packages/airflow/example_dags/example_xcomargs.py
[2023-05-31T09:48:36.309+0000] {processor.py:809} INFO - DAG(s) dict_keys(['example_xcom_args', 'example_xcom_args_with_operators']) retrieved from /home/airflow/.local/lib/python3.7/site-packages/airflow/example_dags/example_xcomargs.py
[2023-05-31T09:48:36.347+0000] {logging_mixin.py:149} INFO - [2023-05-31T09:48:36.347+0000] {dag.py:2726} INFO - Sync 2 DAGs
[2023-05-31T09:48:36.382+0000] {logging_mixin.py:149} INFO - [2023-05-31T09:48:36.381+0000] {dag.py:3490} INFO - Setting next_dagrun for example_xcom_args to None, run_after=None
[2023-05-31T09:48:36.386+0000] {logging_mixin.py:149} INFO - [2023-05-31T09:48:36.386+0000] {dag.py:3490} INFO - Setting next_dagrun for example_xcom_args_with_operators to None, run_after=None
[2023-05-31T09:48:36.406+0000] {processor.py:178} INFO - Processing /home/airflow/.local/lib/python3.7/site-packages/airflow/example_dags/example_xcomargs.py took 0.114 seconds
[2023-05-31T09:49:06.707+0000] {processor.py:156} INFO - Started process (PID=350) to work on /home/airflow/.local/lib/python3.7/site-packages/airflow/example_dags/example_xcomargs.py
[2023-05-31T09:49:06.708+0000] {processor.py:799} INFO - Processing file /home/airflow/.local/lib/python3.7/site-packages/airflow/example_dags/example_xcomargs.py for tasks to queue
[2023-05-31T09:49:06.708+0000] {logging_mixin.py:149} INFO - [2023-05-31T09:49:06.708+0000] {dagbag.py:541} INFO - Filling up the DagBag from /home/airflow/.local/lib/python3.7/site-packages/airflow/example_dags/example_xcomargs.py
[2023-05-31T09:49:06.727+0000] {processor.py:809} INFO - DAG(s) dict_keys(['example_xcom_args', 'example_xcom_args_with_operators']) retrieved from /home/airflow/.local/lib/python3.7/site-packages/airflow/example_dags/example_xcomargs.py
[2023-05-31T09:49:06.764+0000] {logging_mixin.py:149} INFO - [2023-05-31T09:49:06.764+0000] {dag.py:2726} INFO - Sync 2 DAGs
[2023-05-31T09:49:06.816+0000] {logging_mixin.py:149} INFO - [2023-05-31T09:49:06.816+0000] {dag.py:3490} INFO - Setting next_dagrun for example_xcom_args to None, run_after=None
[2023-05-31T09:49:06.832+0000] {logging_mixin.py:149} INFO - [2023-05-31T09:49:06.831+0000] {dag.py:3490} INFO - Setting next_dagrun for example_xcom_args_with_operators to None, run_after=None
[2023-05-31T09:49:06.870+0000] {processor.py:178} INFO - Processing /home/airflow/.local/lib/python3.7/site-packages/airflow/example_dags/example_xcomargs.py took 0.167 seconds
[2023-05-31T09:49:37.516+0000] {processor.py:156} INFO - Started process (PID=408) to work on /home/airflow/.local/lib/python3.7/site-packages/airflow/example_dags/example_xcomargs.py
[2023-05-31T09:49:37.518+0000] {processor.py:799} INFO - Processing file /home/airflow/.local/lib/python3.7/site-packages/airflow/example_dags/example_xcomargs.py for tasks to queue
[2023-05-31T09:49:37.518+0000] {logging_mixin.py:149} INFO - [2023-05-31T09:49:37.518+0000] {dagbag.py:541} INFO - Filling up the DagBag from /home/airflow/.local/lib/python3.7/site-packages/airflow/example_dags/example_xcomargs.py
[2023-05-31T09:49:37.530+0000] {processor.py:809} INFO - DAG(s) dict_keys(['example_xcom_args_with_operators', 'example_xcom_args']) retrieved from /home/airflow/.local/lib/python3.7/site-packages/airflow/example_dags/example_xcomargs.py
[2023-05-31T09:49:37.564+0000] {logging_mixin.py:149} INFO - [2023-05-31T09:49:37.563+0000] {dag.py:2726} INFO - Sync 2 DAGs
[2023-05-31T09:49:37.596+0000] {logging_mixin.py:149} INFO - [2023-05-31T09:49:37.596+0000] {dag.py:3490} INFO - Setting next_dagrun for example_xcom_args to None, run_after=None
[2023-05-31T09:49:37.600+0000] {logging_mixin.py:149} INFO - [2023-05-31T09:49:37.600+0000] {dag.py:3490} INFO - Setting next_dagrun for example_xcom_args_with_operators to None, run_after=None
[2023-05-31T09:49:37.622+0000] {processor.py:178} INFO - Processing /home/airflow/.local/lib/python3.7/site-packages/airflow/example_dags/example_xcomargs.py took 0.109 seconds
[2023-05-31T09:50:07.710+0000] {processor.py:156} INFO - Started process (PID=465) to work on /home/airflow/.local/lib/python3.7/site-packages/airflow/example_dags/example_xcomargs.py
[2023-05-31T09:50:07.711+0000] {processor.py:799} INFO - Processing file /home/airflow/.local/lib/python3.7/site-packages/airflow/example_dags/example_xcomargs.py for tasks to queue
[2023-05-31T09:50:07.711+0000] {logging_mixin.py:149} INFO - [2023-05-31T09:50:07.711+0000] {dagbag.py:541} INFO - Filling up the DagBag from /home/airflow/.local/lib/python3.7/site-packages/airflow/example_dags/example_xcomargs.py
[2023-05-31T09:50:07.722+0000] {processor.py:809} INFO - DAG(s) dict_keys(['example_xcom_args', 'example_xcom_args_with_operators']) retrieved from /home/airflow/.local/lib/python3.7/site-packages/airflow/example_dags/example_xcomargs.py
[2023-05-31T09:50:07.756+0000] {logging_mixin.py:149} INFO - [2023-05-31T09:50:07.756+0000] {dag.py:2726} INFO - Sync 2 DAGs
[2023-05-31T09:50:07.789+0000] {logging_mixin.py:149} INFO - [2023-05-31T09:50:07.789+0000] {dag.py:3490} INFO - Setting next_dagrun for example_xcom_args to None, run_after=None
[2023-05-31T09:50:07.793+0000] {logging_mixin.py:149} INFO - [2023-05-31T09:50:07.793+0000] {dag.py:3490} INFO - Setting next_dagrun for example_xcom_args_with_operators to None, run_after=None
[2023-05-31T09:50:07.813+0000] {processor.py:178} INFO - Processing /home/airflow/.local/lib/python3.7/site-packages/airflow/example_dags/example_xcomargs.py took 0.108 seconds
[2023-05-31T09:50:38.572+0000] {processor.py:156} INFO - Started process (PID=522) to work on /home/airflow/.local/lib/python3.7/site-packages/airflow/example_dags/example_xcomargs.py
[2023-05-31T09:50:38.573+0000] {processor.py:799} INFO - Processing file /home/airflow/.local/lib/python3.7/site-packages/airflow/example_dags/example_xcomargs.py for tasks to queue
[2023-05-31T09:50:38.574+0000] {logging_mixin.py:149} INFO - [2023-05-31T09:50:38.573+0000] {dagbag.py:541} INFO - Filling up the DagBag from /home/airflow/.local/lib/python3.7/site-packages/airflow/example_dags/example_xcomargs.py
[2023-05-31T09:50:38.583+0000] {processor.py:809} INFO - DAG(s) dict_keys(['example_xcom_args', 'example_xcom_args_with_operators']) retrieved from /home/airflow/.local/lib/python3.7/site-packages/airflow/example_dags/example_xcomargs.py
[2023-05-31T09:50:38.618+0000] {logging_mixin.py:149} INFO - [2023-05-31T09:50:38.618+0000] {dag.py:2726} INFO - Sync 2 DAGs
[2023-05-31T09:50:38.649+0000] {logging_mixin.py:149} INFO - [2023-05-31T09:50:38.649+0000] {dag.py:3490} INFO - Setting next_dagrun for example_xcom_args to None, run_after=None
[2023-05-31T09:50:38.653+0000] {logging_mixin.py:149} INFO - [2023-05-31T09:50:38.653+0000] {dag.py:3490} INFO - Setting next_dagrun for example_xcom_args_with_operators to None, run_after=None
[2023-05-31T09:50:38.673+0000] {processor.py:178} INFO - Processing /home/airflow/.local/lib/python3.7/site-packages/airflow/example_dags/example_xcomargs.py took 0.105 seconds
[2023-05-31T09:51:09.156+0000] {processor.py:156} INFO - Started process (PID=579) to work on /home/airflow/.local/lib/python3.7/site-packages/airflow/example_dags/example_xcomargs.py
[2023-05-31T09:51:09.159+0000] {processor.py:799} INFO - Processing file /home/airflow/.local/lib/python3.7/site-packages/airflow/example_dags/example_xcomargs.py for tasks to queue
[2023-05-31T09:51:09.160+0000] {logging_mixin.py:149} INFO - [2023-05-31T09:51:09.159+0000] {dagbag.py:541} INFO - Filling up the DagBag from /home/airflow/.local/lib/python3.7/site-packages/airflow/example_dags/example_xcomargs.py
[2023-05-31T09:51:09.178+0000] {processor.py:809} INFO - DAG(s) dict_keys(['example_xcom_args_with_operators', 'example_xcom_args']) retrieved from /home/airflow/.local/lib/python3.7/site-packages/airflow/example_dags/example_xcomargs.py
[2023-05-31T09:51:09.220+0000] {logging_mixin.py:149} INFO - [2023-05-31T09:51:09.219+0000] {dag.py:2726} INFO - Sync 2 DAGs
[2023-05-31T09:51:09.254+0000] {logging_mixin.py:149} INFO - [2023-05-31T09:51:09.254+0000] {dag.py:3490} INFO - Setting next_dagrun for example_xcom_args to None, run_after=None
[2023-05-31T09:51:09.259+0000] {logging_mixin.py:149} INFO - [2023-05-31T09:51:09.259+0000] {dag.py:3490} INFO - Setting next_dagrun for example_xcom_args_with_operators to None, run_after=None
[2023-05-31T09:51:09.279+0000] {processor.py:178} INFO - Processing /home/airflow/.local/lib/python3.7/site-packages/airflow/example_dags/example_xcomargs.py took 0.128 seconds
[2023-05-31T09:51:39.930+0000] {processor.py:156} INFO - Started process (PID=644) to work on /home/airflow/.local/lib/python3.7/site-packages/airflow/example_dags/example_xcomargs.py
[2023-05-31T09:51:39.934+0000] {processor.py:799} INFO - Processing file /home/airflow/.local/lib/python3.7/site-packages/airflow/example_dags/example_xcomargs.py for tasks to queue
[2023-05-31T09:51:39.934+0000] {logging_mixin.py:149} INFO - [2023-05-31T09:51:39.934+0000] {dagbag.py:541} INFO - Filling up the DagBag from /home/airflow/.local/lib/python3.7/site-packages/airflow/example_dags/example_xcomargs.py
[2023-05-31T09:51:39.951+0000] {processor.py:809} INFO - DAG(s) dict_keys(['example_xcom_args_with_operators', 'example_xcom_args']) retrieved from /home/airflow/.local/lib/python3.7/site-packages/airflow/example_dags/example_xcomargs.py
[2023-05-31T09:51:40.058+0000] {logging_mixin.py:149} INFO - [2023-05-31T09:51:40.057+0000] {dag.py:2726} INFO - Sync 2 DAGs
[2023-05-31T09:51:40.121+0000] {logging_mixin.py:149} INFO - [2023-05-31T09:51:40.121+0000] {dag.py:3490} INFO - Setting next_dagrun for example_xcom_args to None, run_after=None
[2023-05-31T09:51:40.126+0000] {logging_mixin.py:149} INFO - [2023-05-31T09:51:40.125+0000] {dag.py:3490} INFO - Setting next_dagrun for example_xcom_args_with_operators to None, run_after=None
[2023-05-31T09:51:40.175+0000] {processor.py:178} INFO - Processing /home/airflow/.local/lib/python3.7/site-packages/airflow/example_dags/example_xcomargs.py took 0.249 seconds
[2023-05-31T09:52:10.853+0000] {processor.py:156} INFO - Started process (PID=701) to work on /home/airflow/.local/lib/python3.7/site-packages/airflow/example_dags/example_xcomargs.py
[2023-05-31T09:52:10.854+0000] {processor.py:799} INFO - Processing file /home/airflow/.local/lib/python3.7/site-packages/airflow/example_dags/example_xcomargs.py for tasks to queue
[2023-05-31T09:52:10.855+0000] {logging_mixin.py:149} INFO - [2023-05-31T09:52:10.854+0000] {dagbag.py:541} INFO - Filling up the DagBag from /home/airflow/.local/lib/python3.7/site-packages/airflow/example_dags/example_xcomargs.py
[2023-05-31T09:52:10.880+0000] {processor.py:809} INFO - DAG(s) dict_keys(['example_xcom_args', 'example_xcom_args_with_operators']) retrieved from /home/airflow/.local/lib/python3.7/site-packages/airflow/example_dags/example_xcomargs.py
[2023-05-31T09:52:10.949+0000] {logging_mixin.py:149} INFO - [2023-05-31T09:52:10.949+0000] {dag.py:2726} INFO - Sync 2 DAGs
[2023-05-31T09:52:11.024+0000] {logging_mixin.py:149} INFO - [2023-05-31T09:52:11.024+0000] {dag.py:3490} INFO - Setting next_dagrun for example_xcom_args to None, run_after=None
[2023-05-31T09:52:11.033+0000] {logging_mixin.py:149} INFO - [2023-05-31T09:52:11.033+0000] {dag.py:3490} INFO - Setting next_dagrun for example_xcom_args_with_operators to None, run_after=None
[2023-05-31T09:52:11.080+0000] {processor.py:178} INFO - Processing /home/airflow/.local/lib/python3.7/site-packages/airflow/example_dags/example_xcomargs.py took 0.244 seconds
