[2023-05-31T09:46:29.667+0000] {processor.py:156} INFO - Started process (PID=41) to work on /home/airflow/.local/lib/python3.7/site-packages/airflow/example_dags/example_task_group_decorator.py
[2023-05-31T09:46:29.668+0000] {processor.py:799} INFO - Processing file /home/airflow/.local/lib/python3.7/site-packages/airflow/example_dags/example_task_group_decorator.py for tasks to queue
[2023-05-31T09:46:29.669+0000] {logging_mixin.py:149} INFO - [2023-05-31T09:46:29.669+0000] {dagbag.py:541} INFO - Filling up the DagBag from /home/airflow/.local/lib/python3.7/site-packages/airflow/example_dags/example_task_group_decorator.py
[2023-05-31T09:46:29.728+0000] {processor.py:809} INFO - DAG(s) dict_keys(['example_task_group_decorator']) retrieved from /home/airflow/.local/lib/python3.7/site-packages/airflow/example_dags/example_task_group_decorator.py
[2023-05-31T09:46:29.775+0000] {logging_mixin.py:149} INFO - [2023-05-31T09:46:29.775+0000] {dag.py:2726} INFO - Sync 1 DAGs
[2023-05-31T09:46:29.826+0000] {logging_mixin.py:149} INFO - [2023-05-31T09:46:29.826+0000] {dag.py:3490} INFO - Setting next_dagrun for example_task_group_decorator to 2023-05-30T09:46:29.826264+00:00, run_after=2023-05-31T09:46:29.826264+00:00
[2023-05-31T09:46:29.870+0000] {processor.py:178} INFO - Processing /home/airflow/.local/lib/python3.7/site-packages/airflow/example_dags/example_task_group_decorator.py took 0.216 seconds
[2023-05-31T09:47:00.433+0000] {processor.py:156} INFO - Started process (PID=98) to work on /home/airflow/.local/lib/python3.7/site-packages/airflow/example_dags/example_task_group_decorator.py
[2023-05-31T09:47:00.435+0000] {processor.py:799} INFO - Processing file /home/airflow/.local/lib/python3.7/site-packages/airflow/example_dags/example_task_group_decorator.py for tasks to queue
[2023-05-31T09:47:00.436+0000] {logging_mixin.py:149} INFO - [2023-05-31T09:47:00.435+0000] {dagbag.py:541} INFO - Filling up the DagBag from /home/airflow/.local/lib/python3.7/site-packages/airflow/example_dags/example_task_group_decorator.py
[2023-05-31T09:47:00.455+0000] {processor.py:809} INFO - DAG(s) dict_keys(['example_task_group_decorator']) retrieved from /home/airflow/.local/lib/python3.7/site-packages/airflow/example_dags/example_task_group_decorator.py
[2023-05-31T09:47:00.495+0000] {logging_mixin.py:149} INFO - [2023-05-31T09:47:00.494+0000] {dag.py:2726} INFO - Sync 1 DAGs
[2023-05-31T09:47:00.546+0000] {logging_mixin.py:149} INFO - [2023-05-31T09:47:00.546+0000] {dag.py:3490} INFO - Setting next_dagrun for example_task_group_decorator to 2023-05-30T09:47:00.545562+00:00, run_after=2023-05-31T09:47:00.545562+00:00
[2023-05-31T09:47:00.572+0000] {processor.py:178} INFO - Processing /home/airflow/.local/lib/python3.7/site-packages/airflow/example_dags/example_task_group_decorator.py took 0.144 seconds
[2023-05-31T09:47:31.188+0000] {processor.py:156} INFO - Started process (PID=154) to work on /home/airflow/.local/lib/python3.7/site-packages/airflow/example_dags/example_task_group_decorator.py
[2023-05-31T09:47:31.189+0000] {processor.py:799} INFO - Processing file /home/airflow/.local/lib/python3.7/site-packages/airflow/example_dags/example_task_group_decorator.py for tasks to queue
[2023-05-31T09:47:31.190+0000] {logging_mixin.py:149} INFO - [2023-05-31T09:47:31.190+0000] {dagbag.py:541} INFO - Filling up the DagBag from /home/airflow/.local/lib/python3.7/site-packages/airflow/example_dags/example_task_group_decorator.py
[2023-05-31T09:47:31.210+0000] {processor.py:809} INFO - DAG(s) dict_keys(['example_task_group_decorator']) retrieved from /home/airflow/.local/lib/python3.7/site-packages/airflow/example_dags/example_task_group_decorator.py
[2023-05-31T09:47:31.251+0000] {logging_mixin.py:149} INFO - [2023-05-31T09:47:31.250+0000] {dag.py:2726} INFO - Sync 1 DAGs
[2023-05-31T09:47:31.287+0000] {logging_mixin.py:149} INFO - [2023-05-31T09:47:31.286+0000] {dag.py:3490} INFO - Setting next_dagrun for example_task_group_decorator to 2023-05-30T09:47:31.286650+00:00, run_after=2023-05-31T09:47:31.286650+00:00
[2023-05-31T09:47:31.311+0000] {processor.py:178} INFO - Processing /home/airflow/.local/lib/python3.7/site-packages/airflow/example_dags/example_task_group_decorator.py took 0.129 seconds
[2023-05-31T09:48:01.721+0000] {processor.py:156} INFO - Started process (PID=211) to work on /home/airflow/.local/lib/python3.7/site-packages/airflow/example_dags/example_task_group_decorator.py
[2023-05-31T09:48:01.722+0000] {processor.py:799} INFO - Processing file /home/airflow/.local/lib/python3.7/site-packages/airflow/example_dags/example_task_group_decorator.py for tasks to queue
[2023-05-31T09:48:01.723+0000] {logging_mixin.py:149} INFO - [2023-05-31T09:48:01.723+0000] {dagbag.py:541} INFO - Filling up the DagBag from /home/airflow/.local/lib/python3.7/site-packages/airflow/example_dags/example_task_group_decorator.py
[2023-05-31T09:48:01.743+0000] {processor.py:809} INFO - DAG(s) dict_keys(['example_task_group_decorator']) retrieved from /home/airflow/.local/lib/python3.7/site-packages/airflow/example_dags/example_task_group_decorator.py
[2023-05-31T09:48:01.783+0000] {logging_mixin.py:149} INFO - [2023-05-31T09:48:01.782+0000] {dag.py:2726} INFO - Sync 1 DAGs
[2023-05-31T09:48:01.818+0000] {logging_mixin.py:149} INFO - [2023-05-31T09:48:01.818+0000] {dag.py:3490} INFO - Setting next_dagrun for example_task_group_decorator to 2023-05-30T09:48:01.818294+00:00, run_after=2023-05-31T09:48:01.818294+00:00
[2023-05-31T09:48:01.850+0000] {processor.py:178} INFO - Processing /home/airflow/.local/lib/python3.7/site-packages/airflow/example_dags/example_task_group_decorator.py took 0.134 seconds
[2023-05-31T09:48:32.305+0000] {processor.py:156} INFO - Started process (PID=268) to work on /home/airflow/.local/lib/python3.7/site-packages/airflow/example_dags/example_task_group_decorator.py
[2023-05-31T09:48:32.306+0000] {processor.py:799} INFO - Processing file /home/airflow/.local/lib/python3.7/site-packages/airflow/example_dags/example_task_group_decorator.py for tasks to queue
[2023-05-31T09:48:32.308+0000] {logging_mixin.py:149} INFO - [2023-05-31T09:48:32.307+0000] {dagbag.py:541} INFO - Filling up the DagBag from /home/airflow/.local/lib/python3.7/site-packages/airflow/example_dags/example_task_group_decorator.py
[2023-05-31T09:48:32.348+0000] {processor.py:809} INFO - DAG(s) dict_keys(['example_task_group_decorator']) retrieved from /home/airflow/.local/lib/python3.7/site-packages/airflow/example_dags/example_task_group_decorator.py
[2023-05-31T09:48:32.394+0000] {logging_mixin.py:149} INFO - [2023-05-31T09:48:32.394+0000] {dag.py:2726} INFO - Sync 1 DAGs
[2023-05-31T09:48:32.434+0000] {logging_mixin.py:149} INFO - [2023-05-31T09:48:32.433+0000] {dag.py:3490} INFO - Setting next_dagrun for example_task_group_decorator to 2023-05-30T09:48:32.433498+00:00, run_after=2023-05-31T09:48:32.433498+00:00
[2023-05-31T09:48:32.457+0000] {processor.py:178} INFO - Processing /home/airflow/.local/lib/python3.7/site-packages/airflow/example_dags/example_task_group_decorator.py took 0.157 seconds
[2023-05-31T09:49:02.819+0000] {processor.py:156} INFO - Started process (PID=325) to work on /home/airflow/.local/lib/python3.7/site-packages/airflow/example_dags/example_task_group_decorator.py
[2023-05-31T09:49:02.821+0000] {processor.py:799} INFO - Processing file /home/airflow/.local/lib/python3.7/site-packages/airflow/example_dags/example_task_group_decorator.py for tasks to queue
[2023-05-31T09:49:02.821+0000] {logging_mixin.py:149} INFO - [2023-05-31T09:49:02.821+0000] {dagbag.py:541} INFO - Filling up the DagBag from /home/airflow/.local/lib/python3.7/site-packages/airflow/example_dags/example_task_group_decorator.py
[2023-05-31T09:49:02.843+0000] {processor.py:809} INFO - DAG(s) dict_keys(['example_task_group_decorator']) retrieved from /home/airflow/.local/lib/python3.7/site-packages/airflow/example_dags/example_task_group_decorator.py
[2023-05-31T09:49:02.881+0000] {logging_mixin.py:149} INFO - [2023-05-31T09:49:02.881+0000] {dag.py:2726} INFO - Sync 1 DAGs
[2023-05-31T09:49:02.916+0000] {logging_mixin.py:149} INFO - [2023-05-31T09:49:02.916+0000] {dag.py:3490} INFO - Setting next_dagrun for example_task_group_decorator to 2023-05-30T09:49:02.916038+00:00, run_after=2023-05-31T09:49:02.916038+00:00
[2023-05-31T09:49:02.939+0000] {processor.py:178} INFO - Processing /home/airflow/.local/lib/python3.7/site-packages/airflow/example_dags/example_task_group_decorator.py took 0.124 seconds
[2023-05-31T09:49:33.711+0000] {processor.py:156} INFO - Started process (PID=383) to work on /home/airflow/.local/lib/python3.7/site-packages/airflow/example_dags/example_task_group_decorator.py
[2023-05-31T09:49:33.712+0000] {processor.py:799} INFO - Processing file /home/airflow/.local/lib/python3.7/site-packages/airflow/example_dags/example_task_group_decorator.py for tasks to queue
[2023-05-31T09:49:33.713+0000] {logging_mixin.py:149} INFO - [2023-05-31T09:49:33.713+0000] {dagbag.py:541} INFO - Filling up the DagBag from /home/airflow/.local/lib/python3.7/site-packages/airflow/example_dags/example_task_group_decorator.py
[2023-05-31T09:49:33.732+0000] {processor.py:809} INFO - DAG(s) dict_keys(['example_task_group_decorator']) retrieved from /home/airflow/.local/lib/python3.7/site-packages/airflow/example_dags/example_task_group_decorator.py
[2023-05-31T09:49:33.769+0000] {logging_mixin.py:149} INFO - [2023-05-31T09:49:33.769+0000] {dag.py:2726} INFO - Sync 1 DAGs
[2023-05-31T09:49:33.806+0000] {logging_mixin.py:149} INFO - [2023-05-31T09:49:33.806+0000] {dag.py:3490} INFO - Setting next_dagrun for example_task_group_decorator to 2023-05-30T09:49:33.806379+00:00, run_after=2023-05-31T09:49:33.806379+00:00
[2023-05-31T09:49:33.830+0000] {processor.py:178} INFO - Processing /home/airflow/.local/lib/python3.7/site-packages/airflow/example_dags/example_task_group_decorator.py took 0.123 seconds
[2023-05-31T09:50:03.931+0000] {processor.py:156} INFO - Started process (PID=440) to work on /home/airflow/.local/lib/python3.7/site-packages/airflow/example_dags/example_task_group_decorator.py
[2023-05-31T09:50:03.932+0000] {processor.py:799} INFO - Processing file /home/airflow/.local/lib/python3.7/site-packages/airflow/example_dags/example_task_group_decorator.py for tasks to queue
[2023-05-31T09:50:03.932+0000] {logging_mixin.py:149} INFO - [2023-05-31T09:50:03.932+0000] {dagbag.py:541} INFO - Filling up the DagBag from /home/airflow/.local/lib/python3.7/site-packages/airflow/example_dags/example_task_group_decorator.py
[2023-05-31T09:50:03.952+0000] {processor.py:809} INFO - DAG(s) dict_keys(['example_task_group_decorator']) retrieved from /home/airflow/.local/lib/python3.7/site-packages/airflow/example_dags/example_task_group_decorator.py
[2023-05-31T09:50:03.987+0000] {logging_mixin.py:149} INFO - [2023-05-31T09:50:03.987+0000] {dag.py:2726} INFO - Sync 1 DAGs
[2023-05-31T09:50:04.018+0000] {logging_mixin.py:149} INFO - [2023-05-31T09:50:04.018+0000] {dag.py:3490} INFO - Setting next_dagrun for example_task_group_decorator to 2023-05-30T09:50:04.017910+00:00, run_after=2023-05-31T09:50:04.017910+00:00
[2023-05-31T09:50:04.041+0000] {processor.py:178} INFO - Processing /home/airflow/.local/lib/python3.7/site-packages/airflow/example_dags/example_task_group_decorator.py took 0.115 seconds
[2023-05-31T09:50:34.927+0000] {processor.py:156} INFO - Started process (PID=497) to work on /home/airflow/.local/lib/python3.7/site-packages/airflow/example_dags/example_task_group_decorator.py
[2023-05-31T09:50:34.928+0000] {processor.py:799} INFO - Processing file /home/airflow/.local/lib/python3.7/site-packages/airflow/example_dags/example_task_group_decorator.py for tasks to queue
[2023-05-31T09:50:34.929+0000] {logging_mixin.py:149} INFO - [2023-05-31T09:50:34.929+0000] {dagbag.py:541} INFO - Filling up the DagBag from /home/airflow/.local/lib/python3.7/site-packages/airflow/example_dags/example_task_group_decorator.py
[2023-05-31T09:50:34.947+0000] {processor.py:809} INFO - DAG(s) dict_keys(['example_task_group_decorator']) retrieved from /home/airflow/.local/lib/python3.7/site-packages/airflow/example_dags/example_task_group_decorator.py
[2023-05-31T09:50:34.983+0000] {logging_mixin.py:149} INFO - [2023-05-31T09:50:34.983+0000] {dag.py:2726} INFO - Sync 1 DAGs
[2023-05-31T09:50:35.016+0000] {logging_mixin.py:149} INFO - [2023-05-31T09:50:35.016+0000] {dag.py:3490} INFO - Setting next_dagrun for example_task_group_decorator to 2023-05-30T09:50:35.016037+00:00, run_after=2023-05-31T09:50:35.016037+00:00
[2023-05-31T09:50:35.038+0000] {processor.py:178} INFO - Processing /home/airflow/.local/lib/python3.7/site-packages/airflow/example_dags/example_task_group_decorator.py took 0.115 seconds
[2023-05-31T09:51:05.350+0000] {processor.py:156} INFO - Started process (PID=554) to work on /home/airflow/.local/lib/python3.7/site-packages/airflow/example_dags/example_task_group_decorator.py
[2023-05-31T09:51:05.351+0000] {processor.py:799} INFO - Processing file /home/airflow/.local/lib/python3.7/site-packages/airflow/example_dags/example_task_group_decorator.py for tasks to queue
[2023-05-31T09:51:05.351+0000] {logging_mixin.py:149} INFO - [2023-05-31T09:51:05.351+0000] {dagbag.py:541} INFO - Filling up the DagBag from /home/airflow/.local/lib/python3.7/site-packages/airflow/example_dags/example_task_group_decorator.py
[2023-05-31T09:51:05.395+0000] {processor.py:809} INFO - DAG(s) dict_keys(['example_task_group_decorator']) retrieved from /home/airflow/.local/lib/python3.7/site-packages/airflow/example_dags/example_task_group_decorator.py
[2023-05-31T09:51:05.461+0000] {logging_mixin.py:149} INFO - [2023-05-31T09:51:05.461+0000] {dag.py:2726} INFO - Sync 1 DAGs
[2023-05-31T09:51:05.527+0000] {logging_mixin.py:149} INFO - [2023-05-31T09:51:05.527+0000] {dag.py:3490} INFO - Setting next_dagrun for example_task_group_decorator to 2023-05-30T09:51:05.526825+00:00, run_after=2023-05-31T09:51:05.526825+00:00
[2023-05-31T09:51:05.573+0000] {processor.py:178} INFO - Processing /home/airflow/.local/lib/python3.7/site-packages/airflow/example_dags/example_task_group_decorator.py took 0.227 seconds
[2023-05-31T09:51:36.280+0000] {processor.py:156} INFO - Started process (PID=611) to work on /home/airflow/.local/lib/python3.7/site-packages/airflow/example_dags/example_task_group_decorator.py
[2023-05-31T09:51:36.282+0000] {processor.py:799} INFO - Processing file /home/airflow/.local/lib/python3.7/site-packages/airflow/example_dags/example_task_group_decorator.py for tasks to queue
[2023-05-31T09:51:36.282+0000] {logging_mixin.py:149} INFO - [2023-05-31T09:51:36.282+0000] {dagbag.py:541} INFO - Filling up the DagBag from /home/airflow/.local/lib/python3.7/site-packages/airflow/example_dags/example_task_group_decorator.py
[2023-05-31T09:51:36.318+0000] {processor.py:809} INFO - DAG(s) dict_keys(['example_task_group_decorator']) retrieved from /home/airflow/.local/lib/python3.7/site-packages/airflow/example_dags/example_task_group_decorator.py
[2023-05-31T09:51:36.364+0000] {logging_mixin.py:149} INFO - [2023-05-31T09:51:36.364+0000] {dag.py:2726} INFO - Sync 1 DAGs
[2023-05-31T09:51:36.397+0000] {logging_mixin.py:149} INFO - [2023-05-31T09:51:36.397+0000] {dag.py:3490} INFO - Setting next_dagrun for example_task_group_decorator to 2023-05-30T09:51:36.396810+00:00, run_after=2023-05-31T09:51:36.396810+00:00
[2023-05-31T09:51:36.418+0000] {processor.py:178} INFO - Processing /home/airflow/.local/lib/python3.7/site-packages/airflow/example_dags/example_task_group_decorator.py took 0.142 seconds
[2023-05-31T09:52:06.887+0000] {processor.py:156} INFO - Started process (PID=669) to work on /home/airflow/.local/lib/python3.7/site-packages/airflow/example_dags/example_task_group_decorator.py
[2023-05-31T09:52:06.889+0000] {processor.py:799} INFO - Processing file /home/airflow/.local/lib/python3.7/site-packages/airflow/example_dags/example_task_group_decorator.py for tasks to queue
[2023-05-31T09:52:06.889+0000] {logging_mixin.py:149} INFO - [2023-05-31T09:52:06.889+0000] {dagbag.py:541} INFO - Filling up the DagBag from /home/airflow/.local/lib/python3.7/site-packages/airflow/example_dags/example_task_group_decorator.py
[2023-05-31T09:52:06.908+0000] {processor.py:809} INFO - DAG(s) dict_keys(['example_task_group_decorator']) retrieved from /home/airflow/.local/lib/python3.7/site-packages/airflow/example_dags/example_task_group_decorator.py
[2023-05-31T09:52:06.944+0000] {logging_mixin.py:149} INFO - [2023-05-31T09:52:06.944+0000] {dag.py:2726} INFO - Sync 1 DAGs
[2023-05-31T09:52:06.977+0000] {logging_mixin.py:149} INFO - [2023-05-31T09:52:06.977+0000] {dag.py:3490} INFO - Setting next_dagrun for example_task_group_decorator to 2023-05-30T09:52:06.976767+00:00, run_after=2023-05-31T09:52:06.976767+00:00
[2023-05-31T09:52:06.999+0000] {processor.py:178} INFO - Processing /home/airflow/.local/lib/python3.7/site-packages/airflow/example_dags/example_task_group_decorator.py took 0.116 seconds
