[2023-05-31T09:46:33.358+0000] {processor.py:156} INFO - Started process (PID=62) to work on /home/airflow/.local/lib/python3.7/site-packages/airflow/example_dags/example_short_circuit_decorator.py
[2023-05-31T09:46:33.359+0000] {processor.py:799} INFO - Processing file /home/airflow/.local/lib/python3.7/site-packages/airflow/example_dags/example_short_circuit_decorator.py for tasks to queue
[2023-05-31T09:46:33.360+0000] {logging_mixin.py:149} INFO - [2023-05-31T09:46:33.360+0000] {dagbag.py:541} INFO - Filling up the DagBag from /home/airflow/.local/lib/python3.7/site-packages/airflow/example_dags/example_short_circuit_decorator.py
[2023-05-31T09:46:33.387+0000] {processor.py:809} INFO - DAG(s) dict_keys(['example_short_circuit_decorator']) retrieved from /home/airflow/.local/lib/python3.7/site-packages/airflow/example_dags/example_short_circuit_decorator.py
[2023-05-31T09:46:33.424+0000] {logging_mixin.py:149} INFO - [2023-05-31T09:46:33.424+0000] {dag.py:2726} INFO - Sync 1 DAGs
[2023-05-31T09:46:33.459+0000] {logging_mixin.py:149} INFO - [2023-05-31T09:46:33.459+0000] {dag.py:3490} INFO - Setting next_dagrun for example_short_circuit_decorator to 2023-05-30T09:46:33.458739+00:00, run_after=2023-05-31T09:46:33.458739+00:00
[2023-05-31T09:46:33.482+0000] {processor.py:178} INFO - Processing /home/airflow/.local/lib/python3.7/site-packages/airflow/example_dags/example_short_circuit_decorator.py took 0.140 seconds
[2023-05-31T09:47:03.868+0000] {processor.py:156} INFO - Started process (PID=119) to work on /home/airflow/.local/lib/python3.7/site-packages/airflow/example_dags/example_short_circuit_decorator.py
[2023-05-31T09:47:03.869+0000] {processor.py:799} INFO - Processing file /home/airflow/.local/lib/python3.7/site-packages/airflow/example_dags/example_short_circuit_decorator.py for tasks to queue
[2023-05-31T09:47:03.870+0000] {logging_mixin.py:149} INFO - [2023-05-31T09:47:03.870+0000] {dagbag.py:541} INFO - Filling up the DagBag from /home/airflow/.local/lib/python3.7/site-packages/airflow/example_dags/example_short_circuit_decorator.py
[2023-05-31T09:47:03.884+0000] {processor.py:809} INFO - DAG(s) dict_keys(['example_short_circuit_decorator']) retrieved from /home/airflow/.local/lib/python3.7/site-packages/airflow/example_dags/example_short_circuit_decorator.py
[2023-05-31T09:47:03.923+0000] {logging_mixin.py:149} INFO - [2023-05-31T09:47:03.923+0000] {dag.py:2726} INFO - Sync 1 DAGs
[2023-05-31T09:47:03.957+0000] {logging_mixin.py:149} INFO - [2023-05-31T09:47:03.957+0000] {dag.py:3490} INFO - Setting next_dagrun for example_short_circuit_decorator to 2023-05-30T09:47:03.957412+00:00, run_after=2023-05-31T09:47:03.957412+00:00
[2023-05-31T09:47:03.981+0000] {processor.py:178} INFO - Processing /home/airflow/.local/lib/python3.7/site-packages/airflow/example_dags/example_short_circuit_decorator.py took 0.118 seconds
[2023-05-31T09:47:35.034+0000] {processor.py:156} INFO - Started process (PID=175) to work on /home/airflow/.local/lib/python3.7/site-packages/airflow/example_dags/example_short_circuit_decorator.py
[2023-05-31T09:47:35.036+0000] {processor.py:799} INFO - Processing file /home/airflow/.local/lib/python3.7/site-packages/airflow/example_dags/example_short_circuit_decorator.py for tasks to queue
[2023-05-31T09:47:35.037+0000] {logging_mixin.py:149} INFO - [2023-05-31T09:47:35.036+0000] {dagbag.py:541} INFO - Filling up the DagBag from /home/airflow/.local/lib/python3.7/site-packages/airflow/example_dags/example_short_circuit_decorator.py
[2023-05-31T09:47:35.050+0000] {processor.py:809} INFO - DAG(s) dict_keys(['example_short_circuit_decorator']) retrieved from /home/airflow/.local/lib/python3.7/site-packages/airflow/example_dags/example_short_circuit_decorator.py
[2023-05-31T09:47:35.086+0000] {logging_mixin.py:149} INFO - [2023-05-31T09:47:35.086+0000] {dag.py:2726} INFO - Sync 1 DAGs
[2023-05-31T09:47:35.136+0000] {logging_mixin.py:149} INFO - [2023-05-31T09:47:35.136+0000] {dag.py:3490} INFO - Setting next_dagrun for example_short_circuit_decorator to 2023-05-30T09:47:35.135762+00:00, run_after=2023-05-31T09:47:35.135762+00:00
[2023-05-31T09:47:35.161+0000] {processor.py:178} INFO - Processing /home/airflow/.local/lib/python3.7/site-packages/airflow/example_dags/example_short_circuit_decorator.py took 0.131 seconds
[2023-05-31T09:48:05.321+0000] {processor.py:156} INFO - Started process (PID=232) to work on /home/airflow/.local/lib/python3.7/site-packages/airflow/example_dags/example_short_circuit_decorator.py
[2023-05-31T09:48:05.322+0000] {processor.py:799} INFO - Processing file /home/airflow/.local/lib/python3.7/site-packages/airflow/example_dags/example_short_circuit_decorator.py for tasks to queue
[2023-05-31T09:48:05.323+0000] {logging_mixin.py:149} INFO - [2023-05-31T09:48:05.323+0000] {dagbag.py:541} INFO - Filling up the DagBag from /home/airflow/.local/lib/python3.7/site-packages/airflow/example_dags/example_short_circuit_decorator.py
[2023-05-31T09:48:05.338+0000] {processor.py:809} INFO - DAG(s) dict_keys(['example_short_circuit_decorator']) retrieved from /home/airflow/.local/lib/python3.7/site-packages/airflow/example_dags/example_short_circuit_decorator.py
[2023-05-31T09:48:05.379+0000] {logging_mixin.py:149} INFO - [2023-05-31T09:48:05.379+0000] {dag.py:2726} INFO - Sync 1 DAGs
[2023-05-31T09:48:05.423+0000] {logging_mixin.py:149} INFO - [2023-05-31T09:48:05.423+0000] {dag.py:3490} INFO - Setting next_dagrun for example_short_circuit_decorator to 2023-05-30T09:48:05.422934+00:00, run_after=2023-05-31T09:48:05.422934+00:00
[2023-05-31T09:48:05.449+0000] {processor.py:178} INFO - Processing /home/airflow/.local/lib/python3.7/site-packages/airflow/example_dags/example_short_circuit_decorator.py took 0.132 seconds
[2023-05-31T09:48:36.034+0000] {processor.py:156} INFO - Started process (PID=289) to work on /home/airflow/.local/lib/python3.7/site-packages/airflow/example_dags/example_short_circuit_decorator.py
[2023-05-31T09:48:36.036+0000] {processor.py:799} INFO - Processing file /home/airflow/.local/lib/python3.7/site-packages/airflow/example_dags/example_short_circuit_decorator.py for tasks to queue
[2023-05-31T09:48:36.036+0000] {logging_mixin.py:149} INFO - [2023-05-31T09:48:36.036+0000] {dagbag.py:541} INFO - Filling up the DagBag from /home/airflow/.local/lib/python3.7/site-packages/airflow/example_dags/example_short_circuit_decorator.py
[2023-05-31T09:48:36.049+0000] {processor.py:809} INFO - DAG(s) dict_keys(['example_short_circuit_decorator']) retrieved from /home/airflow/.local/lib/python3.7/site-packages/airflow/example_dags/example_short_circuit_decorator.py
[2023-05-31T09:48:36.086+0000] {logging_mixin.py:149} INFO - [2023-05-31T09:48:36.085+0000] {dag.py:2726} INFO - Sync 1 DAGs
[2023-05-31T09:48:36.118+0000] {logging_mixin.py:149} INFO - [2023-05-31T09:48:36.118+0000] {dag.py:3490} INFO - Setting next_dagrun for example_short_circuit_decorator to 2023-05-30T09:48:36.118042+00:00, run_after=2023-05-31T09:48:36.118042+00:00
[2023-05-31T09:48:36.140+0000] {processor.py:178} INFO - Processing /home/airflow/.local/lib/python3.7/site-packages/airflow/example_dags/example_short_circuit_decorator.py took 0.110 seconds
[2023-05-31T09:49:06.499+0000] {processor.py:156} INFO - Started process (PID=346) to work on /home/airflow/.local/lib/python3.7/site-packages/airflow/example_dags/example_short_circuit_decorator.py
[2023-05-31T09:49:06.500+0000] {processor.py:799} INFO - Processing file /home/airflow/.local/lib/python3.7/site-packages/airflow/example_dags/example_short_circuit_decorator.py for tasks to queue
[2023-05-31T09:49:06.501+0000] {logging_mixin.py:149} INFO - [2023-05-31T09:49:06.501+0000] {dagbag.py:541} INFO - Filling up the DagBag from /home/airflow/.local/lib/python3.7/site-packages/airflow/example_dags/example_short_circuit_decorator.py
[2023-05-31T09:49:06.514+0000] {processor.py:809} INFO - DAG(s) dict_keys(['example_short_circuit_decorator']) retrieved from /home/airflow/.local/lib/python3.7/site-packages/airflow/example_dags/example_short_circuit_decorator.py
[2023-05-31T09:49:06.549+0000] {logging_mixin.py:149} INFO - [2023-05-31T09:49:06.548+0000] {dag.py:2726} INFO - Sync 1 DAGs
[2023-05-31T09:49:06.593+0000] {logging_mixin.py:149} INFO - [2023-05-31T09:49:06.593+0000] {dag.py:3490} INFO - Setting next_dagrun for example_short_circuit_decorator to 2023-05-30T09:49:06.592790+00:00, run_after=2023-05-31T09:49:06.592790+00:00
[2023-05-31T09:49:06.617+0000] {processor.py:178} INFO - Processing /home/airflow/.local/lib/python3.7/site-packages/airflow/example_dags/example_short_circuit_decorator.py took 0.122 seconds
[2023-05-31T09:49:37.341+0000] {processor.py:156} INFO - Started process (PID=404) to work on /home/airflow/.local/lib/python3.7/site-packages/airflow/example_dags/example_short_circuit_decorator.py
[2023-05-31T09:49:37.343+0000] {processor.py:799} INFO - Processing file /home/airflow/.local/lib/python3.7/site-packages/airflow/example_dags/example_short_circuit_decorator.py for tasks to queue
[2023-05-31T09:49:37.343+0000] {logging_mixin.py:149} INFO - [2023-05-31T09:49:37.343+0000] {dagbag.py:541} INFO - Filling up the DagBag from /home/airflow/.local/lib/python3.7/site-packages/airflow/example_dags/example_short_circuit_decorator.py
[2023-05-31T09:49:37.356+0000] {processor.py:809} INFO - DAG(s) dict_keys(['example_short_circuit_decorator']) retrieved from /home/airflow/.local/lib/python3.7/site-packages/airflow/example_dags/example_short_circuit_decorator.py
[2023-05-31T09:49:37.391+0000] {logging_mixin.py:149} INFO - [2023-05-31T09:49:37.390+0000] {dag.py:2726} INFO - Sync 1 DAGs
[2023-05-31T09:49:37.422+0000] {logging_mixin.py:149} INFO - [2023-05-31T09:49:37.422+0000] {dag.py:3490} INFO - Setting next_dagrun for example_short_circuit_decorator to 2023-05-30T09:49:37.421748+00:00, run_after=2023-05-31T09:49:37.421748+00:00
[2023-05-31T09:49:37.443+0000] {processor.py:178} INFO - Processing /home/airflow/.local/lib/python3.7/site-packages/airflow/example_dags/example_short_circuit_decorator.py took 0.106 seconds
[2023-05-31T09:50:07.524+0000] {processor.py:156} INFO - Started process (PID=461) to work on /home/airflow/.local/lib/python3.7/site-packages/airflow/example_dags/example_short_circuit_decorator.py
[2023-05-31T09:50:07.525+0000] {processor.py:799} INFO - Processing file /home/airflow/.local/lib/python3.7/site-packages/airflow/example_dags/example_short_circuit_decorator.py for tasks to queue
[2023-05-31T09:50:07.526+0000] {logging_mixin.py:149} INFO - [2023-05-31T09:50:07.526+0000] {dagbag.py:541} INFO - Filling up the DagBag from /home/airflow/.local/lib/python3.7/site-packages/airflow/example_dags/example_short_circuit_decorator.py
[2023-05-31T09:50:07.538+0000] {processor.py:809} INFO - DAG(s) dict_keys(['example_short_circuit_decorator']) retrieved from /home/airflow/.local/lib/python3.7/site-packages/airflow/example_dags/example_short_circuit_decorator.py
[2023-05-31T09:50:07.574+0000] {logging_mixin.py:149} INFO - [2023-05-31T09:50:07.574+0000] {dag.py:2726} INFO - Sync 1 DAGs
[2023-05-31T09:50:07.608+0000] {logging_mixin.py:149} INFO - [2023-05-31T09:50:07.607+0000] {dag.py:3490} INFO - Setting next_dagrun for example_short_circuit_decorator to 2023-05-30T09:50:07.607520+00:00, run_after=2023-05-31T09:50:07.607520+00:00
[2023-05-31T09:50:07.629+0000] {processor.py:178} INFO - Processing /home/airflow/.local/lib/python3.7/site-packages/airflow/example_dags/example_short_circuit_decorator.py took 0.109 seconds
[2023-05-31T09:50:38.384+0000] {processor.py:156} INFO - Started process (PID=518) to work on /home/airflow/.local/lib/python3.7/site-packages/airflow/example_dags/example_short_circuit_decorator.py
[2023-05-31T09:50:38.386+0000] {processor.py:799} INFO - Processing file /home/airflow/.local/lib/python3.7/site-packages/airflow/example_dags/example_short_circuit_decorator.py for tasks to queue
[2023-05-31T09:50:38.386+0000] {logging_mixin.py:149} INFO - [2023-05-31T09:50:38.386+0000] {dagbag.py:541} INFO - Filling up the DagBag from /home/airflow/.local/lib/python3.7/site-packages/airflow/example_dags/example_short_circuit_decorator.py
[2023-05-31T09:50:38.398+0000] {processor.py:809} INFO - DAG(s) dict_keys(['example_short_circuit_decorator']) retrieved from /home/airflow/.local/lib/python3.7/site-packages/airflow/example_dags/example_short_circuit_decorator.py
[2023-05-31T09:50:38.433+0000] {logging_mixin.py:149} INFO - [2023-05-31T09:50:38.433+0000] {dag.py:2726} INFO - Sync 1 DAGs
[2023-05-31T09:50:38.470+0000] {logging_mixin.py:149} INFO - [2023-05-31T09:50:38.469+0000] {dag.py:3490} INFO - Setting next_dagrun for example_short_circuit_decorator to 2023-05-30T09:50:38.469609+00:00, run_after=2023-05-31T09:50:38.469609+00:00
[2023-05-31T09:50:38.494+0000] {processor.py:178} INFO - Processing /home/airflow/.local/lib/python3.7/site-packages/airflow/example_dags/example_short_circuit_decorator.py took 0.113 seconds
[2023-05-31T09:51:08.795+0000] {processor.py:156} INFO - Started process (PID=575) to work on /home/airflow/.local/lib/python3.7/site-packages/airflow/example_dags/example_short_circuit_decorator.py
[2023-05-31T09:51:08.796+0000] {processor.py:799} INFO - Processing file /home/airflow/.local/lib/python3.7/site-packages/airflow/example_dags/example_short_circuit_decorator.py for tasks to queue
[2023-05-31T09:51:08.800+0000] {logging_mixin.py:149} INFO - [2023-05-31T09:51:08.800+0000] {dagbag.py:541} INFO - Filling up the DagBag from /home/airflow/.local/lib/python3.7/site-packages/airflow/example_dags/example_short_circuit_decorator.py
[2023-05-31T09:51:08.825+0000] {processor.py:809} INFO - DAG(s) dict_keys(['example_short_circuit_decorator']) retrieved from /home/airflow/.local/lib/python3.7/site-packages/airflow/example_dags/example_short_circuit_decorator.py
[2023-05-31T09:51:08.892+0000] {logging_mixin.py:149} INFO - [2023-05-31T09:51:08.891+0000] {dag.py:2726} INFO - Sync 1 DAGs
[2023-05-31T09:51:08.941+0000] {logging_mixin.py:149} INFO - [2023-05-31T09:51:08.941+0000] {dag.py:3490} INFO - Setting next_dagrun for example_short_circuit_decorator to 2023-05-30T09:51:08.940854+00:00, run_after=2023-05-31T09:51:08.940854+00:00
[2023-05-31T09:51:09.005+0000] {processor.py:178} INFO - Processing /home/airflow/.local/lib/python3.7/site-packages/airflow/example_dags/example_short_circuit_decorator.py took 0.213 seconds
[2023-05-31T09:51:39.465+0000] {processor.py:156} INFO - Started process (PID=632) to work on /home/airflow/.local/lib/python3.7/site-packages/airflow/example_dags/example_short_circuit_decorator.py
[2023-05-31T09:51:39.468+0000] {processor.py:799} INFO - Processing file /home/airflow/.local/lib/python3.7/site-packages/airflow/example_dags/example_short_circuit_decorator.py for tasks to queue
[2023-05-31T09:51:39.468+0000] {logging_mixin.py:149} INFO - [2023-05-31T09:51:39.468+0000] {dagbag.py:541} INFO - Filling up the DagBag from /home/airflow/.local/lib/python3.7/site-packages/airflow/example_dags/example_short_circuit_decorator.py
[2023-05-31T09:51:39.485+0000] {processor.py:809} INFO - DAG(s) dict_keys(['example_short_circuit_decorator']) retrieved from /home/airflow/.local/lib/python3.7/site-packages/airflow/example_dags/example_short_circuit_decorator.py
[2023-05-31T09:51:39.557+0000] {logging_mixin.py:149} INFO - [2023-05-31T09:51:39.557+0000] {dag.py:2726} INFO - Sync 1 DAGs
[2023-05-31T09:51:39.632+0000] {logging_mixin.py:149} INFO - [2023-05-31T09:51:39.631+0000] {dag.py:3490} INFO - Setting next_dagrun for example_short_circuit_decorator to 2023-05-30T09:51:39.631599+00:00, run_after=2023-05-31T09:51:39.631599+00:00
[2023-05-31T09:51:39.682+0000] {processor.py:178} INFO - Processing /home/airflow/.local/lib/python3.7/site-packages/airflow/example_dags/example_short_circuit_decorator.py took 0.222 seconds
[2023-05-31T09:52:10.538+0000] {processor.py:156} INFO - Started process (PID=697) to work on /home/airflow/.local/lib/python3.7/site-packages/airflow/example_dags/example_short_circuit_decorator.py
[2023-05-31T09:52:10.539+0000] {processor.py:799} INFO - Processing file /home/airflow/.local/lib/python3.7/site-packages/airflow/example_dags/example_short_circuit_decorator.py for tasks to queue
[2023-05-31T09:52:10.539+0000] {logging_mixin.py:149} INFO - [2023-05-31T09:52:10.539+0000] {dagbag.py:541} INFO - Filling up the DagBag from /home/airflow/.local/lib/python3.7/site-packages/airflow/example_dags/example_short_circuit_decorator.py
[2023-05-31T09:52:10.570+0000] {processor.py:809} INFO - DAG(s) dict_keys(['example_short_circuit_decorator']) retrieved from /home/airflow/.local/lib/python3.7/site-packages/airflow/example_dags/example_short_circuit_decorator.py
[2023-05-31T09:52:10.615+0000] {logging_mixin.py:149} INFO - [2023-05-31T09:52:10.615+0000] {dag.py:2726} INFO - Sync 1 DAGs
[2023-05-31T09:52:10.648+0000] {logging_mixin.py:149} INFO - [2023-05-31T09:52:10.648+0000] {dag.py:3490} INFO - Setting next_dagrun for example_short_circuit_decorator to 2023-05-30T09:52:10.648243+00:00, run_after=2023-05-31T09:52:10.648243+00:00
[2023-05-31T09:52:10.679+0000] {processor.py:178} INFO - Processing /home/airflow/.local/lib/python3.7/site-packages/airflow/example_dags/example_short_circuit_decorator.py took 0.145 seconds
