[2023-05-31T09:46:33.406+0000] {processor.py:156} INFO - Started process (PID=63) to work on /home/airflow/.local/lib/python3.7/site-packages/airflow/example_dags/example_kubernetes_executor.py
[2023-05-31T09:46:33.413+0000] {processor.py:799} INFO - Processing file /home/airflow/.local/lib/python3.7/site-packages/airflow/example_dags/example_kubernetes_executor.py for tasks to queue
[2023-05-31T09:46:33.414+0000] {logging_mixin.py:149} INFO - [2023-05-31T09:46:33.413+0000] {dagbag.py:541} INFO - Filling up the DagBag from /home/airflow/.local/lib/python3.7/site-packages/airflow/example_dags/example_kubernetes_executor.py
[2023-05-31T09:46:34.968+0000] {processor.py:809} INFO - DAG(s) dict_keys(['example_kubernetes_executor']) retrieved from /home/airflow/.local/lib/python3.7/site-packages/airflow/example_dags/example_kubernetes_executor.py
[2023-05-31T09:46:35.065+0000] {logging_mixin.py:149} INFO - [2023-05-31T09:46:35.063+0000] {dag.py:2726} INFO - Sync 1 DAGs
[2023-05-31T09:46:35.118+0000] {logging_mixin.py:149} INFO - [2023-05-31T09:46:35.117+0000] {dag.py:3490} INFO - Setting next_dagrun for example_kubernetes_executor to None, run_after=None
[2023-05-31T09:46:35.141+0000] {processor.py:178} INFO - Processing /home/airflow/.local/lib/python3.7/site-packages/airflow/example_dags/example_kubernetes_executor.py took 1.762 seconds
[2023-05-31T09:47:05.386+0000] {processor.py:156} INFO - Started process (PID=127) to work on /home/airflow/.local/lib/python3.7/site-packages/airflow/example_dags/example_kubernetes_executor.py
[2023-05-31T09:47:05.388+0000] {processor.py:799} INFO - Processing file /home/airflow/.local/lib/python3.7/site-packages/airflow/example_dags/example_kubernetes_executor.py for tasks to queue
[2023-05-31T09:47:05.389+0000] {logging_mixin.py:149} INFO - [2023-05-31T09:47:05.388+0000] {dagbag.py:541} INFO - Filling up the DagBag from /home/airflow/.local/lib/python3.7/site-packages/airflow/example_dags/example_kubernetes_executor.py
[2023-05-31T09:47:05.716+0000] {processor.py:809} INFO - DAG(s) dict_keys(['example_kubernetes_executor']) retrieved from /home/airflow/.local/lib/python3.7/site-packages/airflow/example_dags/example_kubernetes_executor.py
[2023-05-31T09:47:05.755+0000] {logging_mixin.py:149} INFO - [2023-05-31T09:47:05.755+0000] {dag.py:2726} INFO - Sync 1 DAGs
[2023-05-31T09:47:05.789+0000] {logging_mixin.py:149} INFO - [2023-05-31T09:47:05.789+0000] {dag.py:3490} INFO - Setting next_dagrun for example_kubernetes_executor to None, run_after=None
[2023-05-31T09:47:05.813+0000] {processor.py:178} INFO - Processing /home/airflow/.local/lib/python3.7/site-packages/airflow/example_dags/example_kubernetes_executor.py took 0.433 seconds
[2023-05-31T09:47:36.533+0000] {processor.py:156} INFO - Started process (PID=182) to work on /home/airflow/.local/lib/python3.7/site-packages/airflow/example_dags/example_kubernetes_executor.py
[2023-05-31T09:47:36.535+0000] {processor.py:799} INFO - Processing file /home/airflow/.local/lib/python3.7/site-packages/airflow/example_dags/example_kubernetes_executor.py for tasks to queue
[2023-05-31T09:47:36.536+0000] {logging_mixin.py:149} INFO - [2023-05-31T09:47:36.535+0000] {dagbag.py:541} INFO - Filling up the DagBag from /home/airflow/.local/lib/python3.7/site-packages/airflow/example_dags/example_kubernetes_executor.py
[2023-05-31T09:47:36.868+0000] {processor.py:809} INFO - DAG(s) dict_keys(['example_kubernetes_executor']) retrieved from /home/airflow/.local/lib/python3.7/site-packages/airflow/example_dags/example_kubernetes_executor.py
[2023-05-31T09:47:36.906+0000] {logging_mixin.py:149} INFO - [2023-05-31T09:47:36.906+0000] {dag.py:2726} INFO - Sync 1 DAGs
[2023-05-31T09:47:36.941+0000] {logging_mixin.py:149} INFO - [2023-05-31T09:47:36.941+0000] {dag.py:3490} INFO - Setting next_dagrun for example_kubernetes_executor to None, run_after=None
[2023-05-31T09:47:36.964+0000] {processor.py:178} INFO - Processing /home/airflow/.local/lib/python3.7/site-packages/airflow/example_dags/example_kubernetes_executor.py took 0.435 seconds
[2023-05-31T09:48:07.034+0000] {processor.py:156} INFO - Started process (PID=240) to work on /home/airflow/.local/lib/python3.7/site-packages/airflow/example_dags/example_kubernetes_executor.py
[2023-05-31T09:48:07.035+0000] {processor.py:799} INFO - Processing file /home/airflow/.local/lib/python3.7/site-packages/airflow/example_dags/example_kubernetes_executor.py for tasks to queue
[2023-05-31T09:48:07.035+0000] {logging_mixin.py:149} INFO - [2023-05-31T09:48:07.035+0000] {dagbag.py:541} INFO - Filling up the DagBag from /home/airflow/.local/lib/python3.7/site-packages/airflow/example_dags/example_kubernetes_executor.py
[2023-05-31T09:48:07.340+0000] {processor.py:809} INFO - DAG(s) dict_keys(['example_kubernetes_executor']) retrieved from /home/airflow/.local/lib/python3.7/site-packages/airflow/example_dags/example_kubernetes_executor.py
[2023-05-31T09:48:07.381+0000] {logging_mixin.py:149} INFO - [2023-05-31T09:48:07.380+0000] {dag.py:2726} INFO - Sync 1 DAGs
[2023-05-31T09:48:07.415+0000] {logging_mixin.py:149} INFO - [2023-05-31T09:48:07.415+0000] {dag.py:3490} INFO - Setting next_dagrun for example_kubernetes_executor to None, run_after=None
[2023-05-31T09:48:07.443+0000] {processor.py:178} INFO - Processing /home/airflow/.local/lib/python3.7/site-packages/airflow/example_dags/example_kubernetes_executor.py took 0.414 seconds
[2023-05-31T09:48:37.497+0000] {processor.py:156} INFO - Started process (PID=296) to work on /home/airflow/.local/lib/python3.7/site-packages/airflow/example_dags/example_kubernetes_executor.py
[2023-05-31T09:48:37.499+0000] {processor.py:799} INFO - Processing file /home/airflow/.local/lib/python3.7/site-packages/airflow/example_dags/example_kubernetes_executor.py for tasks to queue
[2023-05-31T09:48:37.499+0000] {logging_mixin.py:149} INFO - [2023-05-31T09:48:37.499+0000] {dagbag.py:541} INFO - Filling up the DagBag from /home/airflow/.local/lib/python3.7/site-packages/airflow/example_dags/example_kubernetes_executor.py
[2023-05-31T09:48:37.783+0000] {processor.py:809} INFO - DAG(s) dict_keys(['example_kubernetes_executor']) retrieved from /home/airflow/.local/lib/python3.7/site-packages/airflow/example_dags/example_kubernetes_executor.py
[2023-05-31T09:48:37.822+0000] {logging_mixin.py:149} INFO - [2023-05-31T09:48:37.822+0000] {dag.py:2726} INFO - Sync 1 DAGs
[2023-05-31T09:48:37.856+0000] {logging_mixin.py:149} INFO - [2023-05-31T09:48:37.855+0000] {dag.py:3490} INFO - Setting next_dagrun for example_kubernetes_executor to None, run_after=None
[2023-05-31T09:48:37.878+0000] {processor.py:178} INFO - Processing /home/airflow/.local/lib/python3.7/site-packages/airflow/example_dags/example_kubernetes_executor.py took 0.385 seconds
[2023-05-31T09:49:07.960+0000] {processor.py:156} INFO - Started process (PID=353) to work on /home/airflow/.local/lib/python3.7/site-packages/airflow/example_dags/example_kubernetes_executor.py
[2023-05-31T09:49:07.961+0000] {processor.py:799} INFO - Processing file /home/airflow/.local/lib/python3.7/site-packages/airflow/example_dags/example_kubernetes_executor.py for tasks to queue
[2023-05-31T09:49:07.962+0000] {logging_mixin.py:149} INFO - [2023-05-31T09:49:07.962+0000] {dagbag.py:541} INFO - Filling up the DagBag from /home/airflow/.local/lib/python3.7/site-packages/airflow/example_dags/example_kubernetes_executor.py
[2023-05-31T09:49:08.255+0000] {processor.py:809} INFO - DAG(s) dict_keys(['example_kubernetes_executor']) retrieved from /home/airflow/.local/lib/python3.7/site-packages/airflow/example_dags/example_kubernetes_executor.py
[2023-05-31T09:49:08.301+0000] {logging_mixin.py:149} INFO - [2023-05-31T09:49:08.301+0000] {dag.py:2726} INFO - Sync 1 DAGs
[2023-05-31T09:49:08.334+0000] {logging_mixin.py:149} INFO - [2023-05-31T09:49:08.334+0000] {dag.py:3490} INFO - Setting next_dagrun for example_kubernetes_executor to None, run_after=None
[2023-05-31T09:49:08.356+0000] {processor.py:178} INFO - Processing /home/airflow/.local/lib/python3.7/site-packages/airflow/example_dags/example_kubernetes_executor.py took 0.400 seconds
[2023-05-31T09:49:38.772+0000] {processor.py:156} INFO - Started process (PID=411) to work on /home/airflow/.local/lib/python3.7/site-packages/airflow/example_dags/example_kubernetes_executor.py
[2023-05-31T09:49:38.773+0000] {processor.py:799} INFO - Processing file /home/airflow/.local/lib/python3.7/site-packages/airflow/example_dags/example_kubernetes_executor.py for tasks to queue
[2023-05-31T09:49:38.774+0000] {logging_mixin.py:149} INFO - [2023-05-31T09:49:38.774+0000] {dagbag.py:541} INFO - Filling up the DagBag from /home/airflow/.local/lib/python3.7/site-packages/airflow/example_dags/example_kubernetes_executor.py
[2023-05-31T09:49:39.151+0000] {processor.py:809} INFO - DAG(s) dict_keys(['example_kubernetes_executor']) retrieved from /home/airflow/.local/lib/python3.7/site-packages/airflow/example_dags/example_kubernetes_executor.py
[2023-05-31T09:49:39.217+0000] {logging_mixin.py:149} INFO - [2023-05-31T09:49:39.217+0000] {dag.py:2726} INFO - Sync 1 DAGs
[2023-05-31T09:49:39.258+0000] {logging_mixin.py:149} INFO - [2023-05-31T09:49:39.258+0000] {dag.py:3490} INFO - Setting next_dagrun for example_kubernetes_executor to None, run_after=None
[2023-05-31T09:49:39.301+0000] {processor.py:178} INFO - Processing /home/airflow/.local/lib/python3.7/site-packages/airflow/example_dags/example_kubernetes_executor.py took 0.534 seconds
[2023-05-31T09:50:09.962+0000] {processor.py:156} INFO - Started process (PID=475) to work on /home/airflow/.local/lib/python3.7/site-packages/airflow/example_dags/example_kubernetes_executor.py
[2023-05-31T09:50:09.963+0000] {processor.py:799} INFO - Processing file /home/airflow/.local/lib/python3.7/site-packages/airflow/example_dags/example_kubernetes_executor.py for tasks to queue
[2023-05-31T09:50:09.963+0000] {logging_mixin.py:149} INFO - [2023-05-31T09:50:09.963+0000] {dagbag.py:541} INFO - Filling up the DagBag from /home/airflow/.local/lib/python3.7/site-packages/airflow/example_dags/example_kubernetes_executor.py
[2023-05-31T09:50:10.312+0000] {processor.py:809} INFO - DAG(s) dict_keys(['example_kubernetes_executor']) retrieved from /home/airflow/.local/lib/python3.7/site-packages/airflow/example_dags/example_kubernetes_executor.py
[2023-05-31T09:50:10.358+0000] {logging_mixin.py:149} INFO - [2023-05-31T09:50:10.358+0000] {dag.py:2726} INFO - Sync 1 DAGs
[2023-05-31T09:50:10.391+0000] {logging_mixin.py:149} INFO - [2023-05-31T09:50:10.390+0000] {dag.py:3490} INFO - Setting next_dagrun for example_kubernetes_executor to None, run_after=None
[2023-05-31T09:50:10.416+0000] {processor.py:178} INFO - Processing /home/airflow/.local/lib/python3.7/site-packages/airflow/example_dags/example_kubernetes_executor.py took 0.458 seconds
[2023-05-31T09:50:40.836+0000] {processor.py:156} INFO - Started process (PID=532) to work on /home/airflow/.local/lib/python3.7/site-packages/airflow/example_dags/example_kubernetes_executor.py
[2023-05-31T09:50:40.838+0000] {processor.py:799} INFO - Processing file /home/airflow/.local/lib/python3.7/site-packages/airflow/example_dags/example_kubernetes_executor.py for tasks to queue
[2023-05-31T09:50:40.838+0000] {logging_mixin.py:149} INFO - [2023-05-31T09:50:40.838+0000] {dagbag.py:541} INFO - Filling up the DagBag from /home/airflow/.local/lib/python3.7/site-packages/airflow/example_dags/example_kubernetes_executor.py
[2023-05-31T09:50:41.131+0000] {processor.py:809} INFO - DAG(s) dict_keys(['example_kubernetes_executor']) retrieved from /home/airflow/.local/lib/python3.7/site-packages/airflow/example_dags/example_kubernetes_executor.py
[2023-05-31T09:50:41.167+0000] {logging_mixin.py:149} INFO - [2023-05-31T09:50:41.166+0000] {dag.py:2726} INFO - Sync 1 DAGs
[2023-05-31T09:50:41.198+0000] {logging_mixin.py:149} INFO - [2023-05-31T09:50:41.198+0000] {dag.py:3490} INFO - Setting next_dagrun for example_kubernetes_executor to None, run_after=None
[2023-05-31T09:50:41.220+0000] {processor.py:178} INFO - Processing /home/airflow/.local/lib/python3.7/site-packages/airflow/example_dags/example_kubernetes_executor.py took 0.388 seconds
[2023-05-31T09:51:11.326+0000] {processor.py:156} INFO - Started process (PID=589) to work on /home/airflow/.local/lib/python3.7/site-packages/airflow/example_dags/example_kubernetes_executor.py
[2023-05-31T09:51:11.327+0000] {processor.py:799} INFO - Processing file /home/airflow/.local/lib/python3.7/site-packages/airflow/example_dags/example_kubernetes_executor.py for tasks to queue
[2023-05-31T09:51:11.328+0000] {logging_mixin.py:149} INFO - [2023-05-31T09:51:11.328+0000] {dagbag.py:541} INFO - Filling up the DagBag from /home/airflow/.local/lib/python3.7/site-packages/airflow/example_dags/example_kubernetes_executor.py
[2023-05-31T09:51:11.631+0000] {processor.py:809} INFO - DAG(s) dict_keys(['example_kubernetes_executor']) retrieved from /home/airflow/.local/lib/python3.7/site-packages/airflow/example_dags/example_kubernetes_executor.py
[2023-05-31T09:51:11.667+0000] {logging_mixin.py:149} INFO - [2023-05-31T09:51:11.667+0000] {dag.py:2726} INFO - Sync 1 DAGs
[2023-05-31T09:51:11.697+0000] {logging_mixin.py:149} INFO - [2023-05-31T09:51:11.697+0000] {dag.py:3490} INFO - Setting next_dagrun for example_kubernetes_executor to None, run_after=None
[2023-05-31T09:51:11.720+0000] {processor.py:178} INFO - Processing /home/airflow/.local/lib/python3.7/site-packages/airflow/example_dags/example_kubernetes_executor.py took 0.398 seconds
[2023-05-31T09:51:42.256+0000] {processor.py:156} INFO - Started process (PID=647) to work on /home/airflow/.local/lib/python3.7/site-packages/airflow/example_dags/example_kubernetes_executor.py
[2023-05-31T09:51:42.258+0000] {processor.py:799} INFO - Processing file /home/airflow/.local/lib/python3.7/site-packages/airflow/example_dags/example_kubernetes_executor.py for tasks to queue
[2023-05-31T09:51:42.259+0000] {logging_mixin.py:149} INFO - [2023-05-31T09:51:42.258+0000] {dagbag.py:541} INFO - Filling up the DagBag from /home/airflow/.local/lib/python3.7/site-packages/airflow/example_dags/example_kubernetes_executor.py
[2023-05-31T09:51:42.610+0000] {processor.py:809} INFO - DAG(s) dict_keys(['example_kubernetes_executor']) retrieved from /home/airflow/.local/lib/python3.7/site-packages/airflow/example_dags/example_kubernetes_executor.py
[2023-05-31T09:51:42.646+0000] {logging_mixin.py:149} INFO - [2023-05-31T09:51:42.645+0000] {dag.py:2726} INFO - Sync 1 DAGs
[2023-05-31T09:51:42.676+0000] {logging_mixin.py:149} INFO - [2023-05-31T09:51:42.676+0000] {dag.py:3490} INFO - Setting next_dagrun for example_kubernetes_executor to None, run_after=None
[2023-05-31T09:51:42.697+0000] {processor.py:178} INFO - Processing /home/airflow/.local/lib/python3.7/site-packages/airflow/example_dags/example_kubernetes_executor.py took 0.445 seconds
[2023-05-31T09:52:13.335+0000] {processor.py:156} INFO - Started process (PID=704) to work on /home/airflow/.local/lib/python3.7/site-packages/airflow/example_dags/example_kubernetes_executor.py
[2023-05-31T09:52:13.336+0000] {processor.py:799} INFO - Processing file /home/airflow/.local/lib/python3.7/site-packages/airflow/example_dags/example_kubernetes_executor.py for tasks to queue
[2023-05-31T09:52:13.337+0000] {logging_mixin.py:149} INFO - [2023-05-31T09:52:13.337+0000] {dagbag.py:541} INFO - Filling up the DagBag from /home/airflow/.local/lib/python3.7/site-packages/airflow/example_dags/example_kubernetes_executor.py
[2023-05-31T09:52:13.620+0000] {processor.py:809} INFO - DAG(s) dict_keys(['example_kubernetes_executor']) retrieved from /home/airflow/.local/lib/python3.7/site-packages/airflow/example_dags/example_kubernetes_executor.py
[2023-05-31T09:52:13.655+0000] {logging_mixin.py:149} INFO - [2023-05-31T09:52:13.654+0000] {dag.py:2726} INFO - Sync 1 DAGs
[2023-05-31T09:52:13.686+0000] {logging_mixin.py:149} INFO - [2023-05-31T09:52:13.685+0000] {dag.py:3490} INFO - Setting next_dagrun for example_kubernetes_executor to None, run_after=None
[2023-05-31T09:52:13.708+0000] {processor.py:178} INFO - Processing /home/airflow/.local/lib/python3.7/site-packages/airflow/example_dags/example_kubernetes_executor.py took 0.377 seconds
