[2023-05-31T09:46:33.543+0000] {processor.py:156} INFO - Started process (PID=64) to work on /home/airflow/.local/lib/python3.7/site-packages/airflow/example_dags/example_sla_dag.py
[2023-05-31T09:46:33.545+0000] {processor.py:799} INFO - Processing file /home/airflow/.local/lib/python3.7/site-packages/airflow/example_dags/example_sla_dag.py for tasks to queue
[2023-05-31T09:46:33.545+0000] {logging_mixin.py:149} INFO - [2023-05-31T09:46:33.545+0000] {dagbag.py:541} INFO - Filling up the DagBag from /home/airflow/.local/lib/python3.7/site-packages/airflow/example_dags/example_sla_dag.py
[2023-05-31T09:46:33.577+0000] {processor.py:809} INFO - DAG(s) dict_keys(['example_sla_dag']) retrieved from /home/airflow/.local/lib/python3.7/site-packages/airflow/example_dags/example_sla_dag.py
[2023-05-31T09:46:33.677+0000] {logging_mixin.py:149} INFO - [2023-05-31T09:46:33.677+0000] {dag.py:2726} INFO - Sync 1 DAGs
[2023-05-31T09:46:33.767+0000] {logging_mixin.py:149} INFO - [2023-05-31T09:46:33.766+0000] {dag.py:3490} INFO - Setting next_dagrun for example_sla_dag to 2023-05-31T09:44:00+00:00, run_after=2023-05-31T09:46:00+00:00
[2023-05-31T09:46:33.824+0000] {processor.py:178} INFO - Processing /home/airflow/.local/lib/python3.7/site-packages/airflow/example_dags/example_sla_dag.py took 0.293 seconds
[2023-05-31T09:47:03.984+0000] {processor.py:156} INFO - Started process (PID=120) to work on /home/airflow/.local/lib/python3.7/site-packages/airflow/example_dags/example_sla_dag.py
[2023-05-31T09:47:03.986+0000] {processor.py:799} INFO - Processing file /home/airflow/.local/lib/python3.7/site-packages/airflow/example_dags/example_sla_dag.py for tasks to queue
[2023-05-31T09:47:03.987+0000] {logging_mixin.py:149} INFO - [2023-05-31T09:47:03.987+0000] {dagbag.py:541} INFO - Filling up the DagBag from /home/airflow/.local/lib/python3.7/site-packages/airflow/example_dags/example_sla_dag.py
[2023-05-31T09:47:04.000+0000] {processor.py:809} INFO - DAG(s) dict_keys(['example_sla_dag']) retrieved from /home/airflow/.local/lib/python3.7/site-packages/airflow/example_dags/example_sla_dag.py
[2023-05-31T09:47:04.038+0000] {logging_mixin.py:149} INFO - [2023-05-31T09:47:04.037+0000] {dag.py:2726} INFO - Sync 1 DAGs
[2023-05-31T09:47:04.080+0000] {logging_mixin.py:149} INFO - [2023-05-31T09:47:04.080+0000] {dag.py:3490} INFO - Setting next_dagrun for example_sla_dag to 2023-05-31T09:44:00+00:00, run_after=2023-05-31T09:46:00+00:00
[2023-05-31T09:47:04.104+0000] {processor.py:178} INFO - Processing /home/airflow/.local/lib/python3.7/site-packages/airflow/example_dags/example_sla_dag.py took 0.125 seconds
[2023-05-31T09:47:35.046+0000] {processor.py:156} INFO - Started process (PID=176) to work on /home/airflow/.local/lib/python3.7/site-packages/airflow/example_dags/example_sla_dag.py
[2023-05-31T09:47:35.047+0000] {processor.py:799} INFO - Processing file /home/airflow/.local/lib/python3.7/site-packages/airflow/example_dags/example_sla_dag.py for tasks to queue
[2023-05-31T09:47:35.048+0000] {logging_mixin.py:149} INFO - [2023-05-31T09:47:35.048+0000] {dagbag.py:541} INFO - Filling up the DagBag from /home/airflow/.local/lib/python3.7/site-packages/airflow/example_dags/example_sla_dag.py
[2023-05-31T09:47:35.060+0000] {processor.py:809} INFO - DAG(s) dict_keys(['example_sla_dag']) retrieved from /home/airflow/.local/lib/python3.7/site-packages/airflow/example_dags/example_sla_dag.py
[2023-05-31T09:47:35.094+0000] {logging_mixin.py:149} INFO - [2023-05-31T09:47:35.094+0000] {dag.py:2726} INFO - Sync 1 DAGs
[2023-05-31T09:47:35.136+0000] {logging_mixin.py:149} INFO - [2023-05-31T09:47:35.135+0000] {dag.py:3490} INFO - Setting next_dagrun for example_sla_dag to 2023-05-31T09:44:00+00:00, run_after=2023-05-31T09:46:00+00:00
[2023-05-31T09:47:35.162+0000] {processor.py:178} INFO - Processing /home/airflow/.local/lib/python3.7/site-packages/airflow/example_dags/example_sla_dag.py took 0.121 seconds
[2023-05-31T09:48:05.413+0000] {processor.py:156} INFO - Started process (PID=233) to work on /home/airflow/.local/lib/python3.7/site-packages/airflow/example_dags/example_sla_dag.py
[2023-05-31T09:48:05.414+0000] {processor.py:799} INFO - Processing file /home/airflow/.local/lib/python3.7/site-packages/airflow/example_dags/example_sla_dag.py for tasks to queue
[2023-05-31T09:48:05.415+0000] {logging_mixin.py:149} INFO - [2023-05-31T09:48:05.415+0000] {dagbag.py:541} INFO - Filling up the DagBag from /home/airflow/.local/lib/python3.7/site-packages/airflow/example_dags/example_sla_dag.py
[2023-05-31T09:48:05.426+0000] {processor.py:809} INFO - DAG(s) dict_keys(['example_sla_dag']) retrieved from /home/airflow/.local/lib/python3.7/site-packages/airflow/example_dags/example_sla_dag.py
[2023-05-31T09:48:05.463+0000] {logging_mixin.py:149} INFO - [2023-05-31T09:48:05.463+0000] {dag.py:2726} INFO - Sync 1 DAGs
[2023-05-31T09:48:05.507+0000] {logging_mixin.py:149} INFO - [2023-05-31T09:48:05.506+0000] {dag.py:3490} INFO - Setting next_dagrun for example_sla_dag to 2023-05-31T09:46:00+00:00, run_after=2023-05-31T09:48:00+00:00
[2023-05-31T09:48:05.532+0000] {processor.py:178} INFO - Processing /home/airflow/.local/lib/python3.7/site-packages/airflow/example_dags/example_sla_dag.py took 0.123 seconds
[2023-05-31T09:48:36.164+0000] {processor.py:156} INFO - Started process (PID=290) to work on /home/airflow/.local/lib/python3.7/site-packages/airflow/example_dags/example_sla_dag.py
[2023-05-31T09:48:36.166+0000] {processor.py:799} INFO - Processing file /home/airflow/.local/lib/python3.7/site-packages/airflow/example_dags/example_sla_dag.py for tasks to queue
[2023-05-31T09:48:36.166+0000] {logging_mixin.py:149} INFO - [2023-05-31T09:48:36.166+0000] {dagbag.py:541} INFO - Filling up the DagBag from /home/airflow/.local/lib/python3.7/site-packages/airflow/example_dags/example_sla_dag.py
[2023-05-31T09:48:36.177+0000] {processor.py:809} INFO - DAG(s) dict_keys(['example_sla_dag']) retrieved from /home/airflow/.local/lib/python3.7/site-packages/airflow/example_dags/example_sla_dag.py
[2023-05-31T09:48:36.208+0000] {logging_mixin.py:149} INFO - [2023-05-31T09:48:36.208+0000] {dag.py:2726} INFO - Sync 1 DAGs
[2023-05-31T09:48:36.246+0000] {logging_mixin.py:149} INFO - [2023-05-31T09:48:36.246+0000] {dag.py:3490} INFO - Setting next_dagrun for example_sla_dag to 2023-05-31T09:46:00+00:00, run_after=2023-05-31T09:48:00+00:00
[2023-05-31T09:48:36.268+0000] {processor.py:178} INFO - Processing /home/airflow/.local/lib/python3.7/site-packages/airflow/example_dags/example_sla_dag.py took 0.107 seconds
[2023-05-31T09:49:06.567+0000] {processor.py:156} INFO - Started process (PID=348) to work on /home/airflow/.local/lib/python3.7/site-packages/airflow/example_dags/example_sla_dag.py
[2023-05-31T09:49:06.568+0000] {processor.py:799} INFO - Processing file /home/airflow/.local/lib/python3.7/site-packages/airflow/example_dags/example_sla_dag.py for tasks to queue
[2023-05-31T09:49:06.569+0000] {logging_mixin.py:149} INFO - [2023-05-31T09:49:06.568+0000] {dagbag.py:541} INFO - Filling up the DagBag from /home/airflow/.local/lib/python3.7/site-packages/airflow/example_dags/example_sla_dag.py
[2023-05-31T09:49:06.580+0000] {processor.py:809} INFO - DAG(s) dict_keys(['example_sla_dag']) retrieved from /home/airflow/.local/lib/python3.7/site-packages/airflow/example_dags/example_sla_dag.py
[2023-05-31T09:49:06.612+0000] {logging_mixin.py:149} INFO - [2023-05-31T09:49:06.612+0000] {dag.py:2726} INFO - Sync 1 DAGs
[2023-05-31T09:49:06.651+0000] {logging_mixin.py:149} INFO - [2023-05-31T09:49:06.651+0000] {dag.py:3490} INFO - Setting next_dagrun for example_sla_dag to 2023-05-31T09:46:00+00:00, run_after=2023-05-31T09:48:00+00:00
[2023-05-31T09:49:06.675+0000] {processor.py:178} INFO - Processing /home/airflow/.local/lib/python3.7/site-packages/airflow/example_dags/example_sla_dag.py took 0.113 seconds
[2023-05-31T09:49:37.348+0000] {processor.py:156} INFO - Started process (PID=405) to work on /home/airflow/.local/lib/python3.7/site-packages/airflow/example_dags/example_sla_dag.py
[2023-05-31T09:49:37.349+0000] {processor.py:799} INFO - Processing file /home/airflow/.local/lib/python3.7/site-packages/airflow/example_dags/example_sla_dag.py for tasks to queue
[2023-05-31T09:49:37.350+0000] {logging_mixin.py:149} INFO - [2023-05-31T09:49:37.350+0000] {dagbag.py:541} INFO - Filling up the DagBag from /home/airflow/.local/lib/python3.7/site-packages/airflow/example_dags/example_sla_dag.py
[2023-05-31T09:49:37.360+0000] {processor.py:809} INFO - DAG(s) dict_keys(['example_sla_dag']) retrieved from /home/airflow/.local/lib/python3.7/site-packages/airflow/example_dags/example_sla_dag.py
[2023-05-31T09:49:37.388+0000] {logging_mixin.py:149} INFO - [2023-05-31T09:49:37.388+0000] {dag.py:2726} INFO - Sync 1 DAGs
[2023-05-31T09:49:37.425+0000] {logging_mixin.py:149} INFO - [2023-05-31T09:49:37.424+0000] {dag.py:3490} INFO - Setting next_dagrun for example_sla_dag to 2023-05-31T09:46:00+00:00, run_after=2023-05-31T09:48:00+00:00
[2023-05-31T09:49:37.445+0000] {processor.py:178} INFO - Processing /home/airflow/.local/lib/python3.7/site-packages/airflow/example_dags/example_sla_dag.py took 0.101 seconds
[2023-05-31T09:50:07.547+0000] {processor.py:156} INFO - Started process (PID=462) to work on /home/airflow/.local/lib/python3.7/site-packages/airflow/example_dags/example_sla_dag.py
[2023-05-31T09:50:07.548+0000] {processor.py:799} INFO - Processing file /home/airflow/.local/lib/python3.7/site-packages/airflow/example_dags/example_sla_dag.py for tasks to queue
[2023-05-31T09:50:07.548+0000] {logging_mixin.py:149} INFO - [2023-05-31T09:50:07.548+0000] {dagbag.py:541} INFO - Filling up the DagBag from /home/airflow/.local/lib/python3.7/site-packages/airflow/example_dags/example_sla_dag.py
[2023-05-31T09:50:07.559+0000] {processor.py:809} INFO - DAG(s) dict_keys(['example_sla_dag']) retrieved from /home/airflow/.local/lib/python3.7/site-packages/airflow/example_dags/example_sla_dag.py
[2023-05-31T09:50:07.589+0000] {logging_mixin.py:149} INFO - [2023-05-31T09:50:07.589+0000] {dag.py:2726} INFO - Sync 1 DAGs
[2023-05-31T09:50:07.625+0000] {logging_mixin.py:149} INFO - [2023-05-31T09:50:07.625+0000] {dag.py:3490} INFO - Setting next_dagrun for example_sla_dag to 2023-05-31T09:48:00+00:00, run_after=2023-05-31T09:50:00+00:00
[2023-05-31T09:50:07.654+0000] {processor.py:178} INFO - Processing /home/airflow/.local/lib/python3.7/site-packages/airflow/example_dags/example_sla_dag.py took 0.112 seconds
[2023-05-31T09:50:38.392+0000] {processor.py:156} INFO - Started process (PID=519) to work on /home/airflow/.local/lib/python3.7/site-packages/airflow/example_dags/example_sla_dag.py
[2023-05-31T09:50:38.393+0000] {processor.py:799} INFO - Processing file /home/airflow/.local/lib/python3.7/site-packages/airflow/example_dags/example_sla_dag.py for tasks to queue
[2023-05-31T09:50:38.394+0000] {logging_mixin.py:149} INFO - [2023-05-31T09:50:38.394+0000] {dagbag.py:541} INFO - Filling up the DagBag from /home/airflow/.local/lib/python3.7/site-packages/airflow/example_dags/example_sla_dag.py
[2023-05-31T09:50:38.405+0000] {processor.py:809} INFO - DAG(s) dict_keys(['example_sla_dag']) retrieved from /home/airflow/.local/lib/python3.7/site-packages/airflow/example_dags/example_sla_dag.py
[2023-05-31T09:50:38.433+0000] {logging_mixin.py:149} INFO - [2023-05-31T09:50:38.432+0000] {dag.py:2726} INFO - Sync 1 DAGs
[2023-05-31T09:50:38.470+0000] {logging_mixin.py:149} INFO - [2023-05-31T09:50:38.470+0000] {dag.py:3490} INFO - Setting next_dagrun for example_sla_dag to 2023-05-31T09:48:00+00:00, run_after=2023-05-31T09:50:00+00:00
[2023-05-31T09:50:38.491+0000] {processor.py:178} INFO - Processing /home/airflow/.local/lib/python3.7/site-packages/airflow/example_dags/example_sla_dag.py took 0.103 seconds
[2023-05-31T09:51:08.806+0000] {processor.py:156} INFO - Started process (PID=576) to work on /home/airflow/.local/lib/python3.7/site-packages/airflow/example_dags/example_sla_dag.py
[2023-05-31T09:51:08.807+0000] {processor.py:799} INFO - Processing file /home/airflow/.local/lib/python3.7/site-packages/airflow/example_dags/example_sla_dag.py for tasks to queue
[2023-05-31T09:51:08.808+0000] {logging_mixin.py:149} INFO - [2023-05-31T09:51:08.808+0000] {dagbag.py:541} INFO - Filling up the DagBag from /home/airflow/.local/lib/python3.7/site-packages/airflow/example_dags/example_sla_dag.py
[2023-05-31T09:51:08.850+0000] {processor.py:809} INFO - DAG(s) dict_keys(['example_sla_dag']) retrieved from /home/airflow/.local/lib/python3.7/site-packages/airflow/example_dags/example_sla_dag.py
[2023-05-31T09:51:08.945+0000] {logging_mixin.py:149} INFO - [2023-05-31T09:51:08.940+0000] {dag.py:2726} INFO - Sync 1 DAGs
[2023-05-31T09:51:09.051+0000] {logging_mixin.py:149} INFO - [2023-05-31T09:51:09.050+0000] {dag.py:3490} INFO - Setting next_dagrun for example_sla_dag to 2023-05-31T09:48:00+00:00, run_after=2023-05-31T09:50:00+00:00
[2023-05-31T09:51:09.075+0000] {processor.py:178} INFO - Processing /home/airflow/.local/lib/python3.7/site-packages/airflow/example_dags/example_sla_dag.py took 0.279 seconds
[2023-05-31T09:51:39.708+0000] {processor.py:156} INFO - Started process (PID=641) to work on /home/airflow/.local/lib/python3.7/site-packages/airflow/example_dags/example_sla_dag.py
[2023-05-31T09:51:39.714+0000] {processor.py:799} INFO - Processing file /home/airflow/.local/lib/python3.7/site-packages/airflow/example_dags/example_sla_dag.py for tasks to queue
[2023-05-31T09:51:39.716+0000] {logging_mixin.py:149} INFO - [2023-05-31T09:51:39.715+0000] {dagbag.py:541} INFO - Filling up the DagBag from /home/airflow/.local/lib/python3.7/site-packages/airflow/example_dags/example_sla_dag.py
[2023-05-31T09:51:39.736+0000] {processor.py:809} INFO - DAG(s) dict_keys(['example_sla_dag']) retrieved from /home/airflow/.local/lib/python3.7/site-packages/airflow/example_dags/example_sla_dag.py
[2023-05-31T09:51:39.797+0000] {logging_mixin.py:149} INFO - [2023-05-31T09:51:39.797+0000] {dag.py:2726} INFO - Sync 1 DAGs
[2023-05-31T09:51:39.856+0000] {logging_mixin.py:149} INFO - [2023-05-31T09:51:39.856+0000] {dag.py:3490} INFO - Setting next_dagrun for example_sla_dag to 2023-05-31T09:48:00+00:00, run_after=2023-05-31T09:50:00+00:00
[2023-05-31T09:51:39.895+0000] {processor.py:178} INFO - Processing /home/airflow/.local/lib/python3.7/site-packages/airflow/example_dags/example_sla_dag.py took 0.192 seconds
[2023-05-31T09:52:10.548+0000] {processor.py:156} INFO - Started process (PID=698) to work on /home/airflow/.local/lib/python3.7/site-packages/airflow/example_dags/example_sla_dag.py
[2023-05-31T09:52:10.549+0000] {processor.py:799} INFO - Processing file /home/airflow/.local/lib/python3.7/site-packages/airflow/example_dags/example_sla_dag.py for tasks to queue
[2023-05-31T09:52:10.550+0000] {logging_mixin.py:149} INFO - [2023-05-31T09:52:10.550+0000] {dagbag.py:541} INFO - Filling up the DagBag from /home/airflow/.local/lib/python3.7/site-packages/airflow/example_dags/example_sla_dag.py
[2023-05-31T09:52:10.576+0000] {processor.py:809} INFO - DAG(s) dict_keys(['example_sla_dag']) retrieved from /home/airflow/.local/lib/python3.7/site-packages/airflow/example_dags/example_sla_dag.py
[2023-05-31T09:52:10.662+0000] {logging_mixin.py:149} INFO - [2023-05-31T09:52:10.660+0000] {dag.py:2726} INFO - Sync 1 DAGs
[2023-05-31T09:52:10.743+0000] {logging_mixin.py:149} INFO - [2023-05-31T09:52:10.743+0000] {dag.py:3490} INFO - Setting next_dagrun for example_sla_dag to 2023-05-31T09:50:00+00:00, run_after=2023-05-31T09:52:00+00:00
[2023-05-31T09:52:10.795+0000] {processor.py:178} INFO - Processing /home/airflow/.local/lib/python3.7/site-packages/airflow/example_dags/example_sla_dag.py took 0.250 seconds
