[2023-05-31T09:46:32.326+0000] {processor.py:156} INFO - Started process (PID=56) to work on /home/airflow/.local/lib/python3.7/site-packages/airflow/example_dags/example_branch_python_dop_operator_3.py
[2023-05-31T09:46:32.332+0000] {processor.py:799} INFO - Processing file /home/airflow/.local/lib/python3.7/site-packages/airflow/example_dags/example_branch_python_dop_operator_3.py for tasks to queue
[2023-05-31T09:46:32.346+0000] {logging_mixin.py:149} INFO - [2023-05-31T09:46:32.336+0000] {dagbag.py:541} INFO - Filling up the DagBag from /home/airflow/.local/lib/python3.7/site-packages/airflow/example_dags/example_branch_python_dop_operator_3.py
[2023-05-31T09:46:32.359+0000] {processor.py:809} INFO - DAG(s) dict_keys(['example_branch_dop_operator_v3']) retrieved from /home/airflow/.local/lib/python3.7/site-packages/airflow/example_dags/example_branch_python_dop_operator_3.py
[2023-05-31T09:46:32.405+0000] {logging_mixin.py:149} INFO - [2023-05-31T09:46:32.405+0000] {dag.py:2726} INFO - Sync 1 DAGs
[2023-05-31T09:46:32.469+0000] {logging_mixin.py:149} INFO - [2023-05-31T09:46:32.460+0000] {dag.py:3490} INFO - Setting next_dagrun for example_branch_dop_operator_v3 to 2023-05-31T09:45:00+00:00, run_after=2023-05-31T09:46:00+00:00
[2023-05-31T09:46:32.520+0000] {processor.py:178} INFO - Processing /home/airflow/.local/lib/python3.7/site-packages/airflow/example_dags/example_branch_python_dop_operator_3.py took 0.199 seconds
[2023-05-31T09:47:03.283+0000] {processor.py:156} INFO - Started process (PID=113) to work on /home/airflow/.local/lib/python3.7/site-packages/airflow/example_dags/example_branch_python_dop_operator_3.py
[2023-05-31T09:47:03.285+0000] {processor.py:799} INFO - Processing file /home/airflow/.local/lib/python3.7/site-packages/airflow/example_dags/example_branch_python_dop_operator_3.py for tasks to queue
[2023-05-31T09:47:03.285+0000] {logging_mixin.py:149} INFO - [2023-05-31T09:47:03.285+0000] {dagbag.py:541} INFO - Filling up the DagBag from /home/airflow/.local/lib/python3.7/site-packages/airflow/example_dags/example_branch_python_dop_operator_3.py
[2023-05-31T09:47:03.296+0000] {processor.py:809} INFO - DAG(s) dict_keys(['example_branch_dop_operator_v3']) retrieved from /home/airflow/.local/lib/python3.7/site-packages/airflow/example_dags/example_branch_python_dop_operator_3.py
[2023-05-31T09:47:03.331+0000] {logging_mixin.py:149} INFO - [2023-05-31T09:47:03.331+0000] {dag.py:2726} INFO - Sync 1 DAGs
[2023-05-31T09:47:03.372+0000] {logging_mixin.py:149} INFO - [2023-05-31T09:47:03.372+0000] {dag.py:3490} INFO - Setting next_dagrun for example_branch_dop_operator_v3 to 2023-05-31T09:46:00+00:00, run_after=2023-05-31T09:47:00+00:00
[2023-05-31T09:47:03.398+0000] {processor.py:178} INFO - Processing /home/airflow/.local/lib/python3.7/site-packages/airflow/example_dags/example_branch_python_dop_operator_3.py took 0.119 seconds
[2023-05-31T09:47:33.461+0000] {processor.py:156} INFO - Started process (PID=169) to work on /home/airflow/.local/lib/python3.7/site-packages/airflow/example_dags/example_branch_python_dop_operator_3.py
[2023-05-31T09:47:33.463+0000] {processor.py:799} INFO - Processing file /home/airflow/.local/lib/python3.7/site-packages/airflow/example_dags/example_branch_python_dop_operator_3.py for tasks to queue
[2023-05-31T09:47:33.464+0000] {logging_mixin.py:149} INFO - [2023-05-31T09:47:33.464+0000] {dagbag.py:541} INFO - Filling up the DagBag from /home/airflow/.local/lib/python3.7/site-packages/airflow/example_dags/example_branch_python_dop_operator_3.py
[2023-05-31T09:47:33.474+0000] {processor.py:809} INFO - DAG(s) dict_keys(['example_branch_dop_operator_v3']) retrieved from /home/airflow/.local/lib/python3.7/site-packages/airflow/example_dags/example_branch_python_dop_operator_3.py
[2023-05-31T09:47:33.506+0000] {logging_mixin.py:149} INFO - [2023-05-31T09:47:33.506+0000] {dag.py:2726} INFO - Sync 1 DAGs
[2023-05-31T09:47:33.547+0000] {logging_mixin.py:149} INFO - [2023-05-31T09:47:33.547+0000] {dag.py:3490} INFO - Setting next_dagrun for example_branch_dop_operator_v3 to 2023-05-31T09:46:00+00:00, run_after=2023-05-31T09:47:00+00:00
[2023-05-31T09:47:33.571+0000] {processor.py:178} INFO - Processing /home/airflow/.local/lib/python3.7/site-packages/airflow/example_dags/example_branch_python_dop_operator_3.py took 0.114 seconds
[2023-05-31T09:48:03.932+0000] {processor.py:156} INFO - Started process (PID=226) to work on /home/airflow/.local/lib/python3.7/site-packages/airflow/example_dags/example_branch_python_dop_operator_3.py
[2023-05-31T09:48:03.933+0000] {processor.py:799} INFO - Processing file /home/airflow/.local/lib/python3.7/site-packages/airflow/example_dags/example_branch_python_dop_operator_3.py for tasks to queue
[2023-05-31T09:48:03.934+0000] {logging_mixin.py:149} INFO - [2023-05-31T09:48:03.934+0000] {dagbag.py:541} INFO - Filling up the DagBag from /home/airflow/.local/lib/python3.7/site-packages/airflow/example_dags/example_branch_python_dop_operator_3.py
[2023-05-31T09:48:03.945+0000] {processor.py:809} INFO - DAG(s) dict_keys(['example_branch_dop_operator_v3']) retrieved from /home/airflow/.local/lib/python3.7/site-packages/airflow/example_dags/example_branch_python_dop_operator_3.py
[2023-05-31T09:48:03.981+0000] {logging_mixin.py:149} INFO - [2023-05-31T09:48:03.981+0000] {dag.py:2726} INFO - Sync 1 DAGs
[2023-05-31T09:48:04.023+0000] {logging_mixin.py:149} INFO - [2023-05-31T09:48:04.023+0000] {dag.py:3490} INFO - Setting next_dagrun for example_branch_dop_operator_v3 to 2023-05-31T09:47:00+00:00, run_after=2023-05-31T09:48:00+00:00
[2023-05-31T09:48:04.050+0000] {processor.py:178} INFO - Processing /home/airflow/.local/lib/python3.7/site-packages/airflow/example_dags/example_branch_python_dop_operator_3.py took 0.122 seconds
[2023-05-31T09:48:34.609+0000] {processor.py:156} INFO - Started process (PID=283) to work on /home/airflow/.local/lib/python3.7/site-packages/airflow/example_dags/example_branch_python_dop_operator_3.py
[2023-05-31T09:48:34.611+0000] {processor.py:799} INFO - Processing file /home/airflow/.local/lib/python3.7/site-packages/airflow/example_dags/example_branch_python_dop_operator_3.py for tasks to queue
[2023-05-31T09:48:34.611+0000] {logging_mixin.py:149} INFO - [2023-05-31T09:48:34.611+0000] {dagbag.py:541} INFO - Filling up the DagBag from /home/airflow/.local/lib/python3.7/site-packages/airflow/example_dags/example_branch_python_dop_operator_3.py
[2023-05-31T09:48:34.622+0000] {processor.py:809} INFO - DAG(s) dict_keys(['example_branch_dop_operator_v3']) retrieved from /home/airflow/.local/lib/python3.7/site-packages/airflow/example_dags/example_branch_python_dop_operator_3.py
[2023-05-31T09:48:34.656+0000] {logging_mixin.py:149} INFO - [2023-05-31T09:48:34.656+0000] {dag.py:2726} INFO - Sync 1 DAGs
[2023-05-31T09:48:34.698+0000] {logging_mixin.py:149} INFO - [2023-05-31T09:48:34.698+0000] {dag.py:3490} INFO - Setting next_dagrun for example_branch_dop_operator_v3 to 2023-05-31T09:47:00+00:00, run_after=2023-05-31T09:48:00+00:00
[2023-05-31T09:48:34.723+0000] {processor.py:178} INFO - Processing /home/airflow/.local/lib/python3.7/site-packages/airflow/example_dags/example_branch_python_dop_operator_3.py took 0.119 seconds
[2023-05-31T09:49:04.977+0000] {processor.py:156} INFO - Started process (PID=340) to work on /home/airflow/.local/lib/python3.7/site-packages/airflow/example_dags/example_branch_python_dop_operator_3.py
[2023-05-31T09:49:04.978+0000] {processor.py:799} INFO - Processing file /home/airflow/.local/lib/python3.7/site-packages/airflow/example_dags/example_branch_python_dop_operator_3.py for tasks to queue
[2023-05-31T09:49:04.979+0000] {logging_mixin.py:149} INFO - [2023-05-31T09:49:04.979+0000] {dagbag.py:541} INFO - Filling up the DagBag from /home/airflow/.local/lib/python3.7/site-packages/airflow/example_dags/example_branch_python_dop_operator_3.py
[2023-05-31T09:49:04.989+0000] {processor.py:809} INFO - DAG(s) dict_keys(['example_branch_dop_operator_v3']) retrieved from /home/airflow/.local/lib/python3.7/site-packages/airflow/example_dags/example_branch_python_dop_operator_3.py
[2023-05-31T09:49:05.022+0000] {logging_mixin.py:149} INFO - [2023-05-31T09:49:05.022+0000] {dag.py:2726} INFO - Sync 1 DAGs
[2023-05-31T09:49:05.061+0000] {logging_mixin.py:149} INFO - [2023-05-31T09:49:05.061+0000] {dag.py:3490} INFO - Setting next_dagrun for example_branch_dop_operator_v3 to 2023-05-31T09:48:00+00:00, run_after=2023-05-31T09:49:00+00:00
[2023-05-31T09:49:05.086+0000] {processor.py:178} INFO - Processing /home/airflow/.local/lib/python3.7/site-packages/airflow/example_dags/example_branch_python_dop_operator_3.py took 0.113 seconds
[2023-05-31T09:49:35.814+0000] {processor.py:156} INFO - Started process (PID=398) to work on /home/airflow/.local/lib/python3.7/site-packages/airflow/example_dags/example_branch_python_dop_operator_3.py
[2023-05-31T09:49:35.816+0000] {processor.py:799} INFO - Processing file /home/airflow/.local/lib/python3.7/site-packages/airflow/example_dags/example_branch_python_dop_operator_3.py for tasks to queue
[2023-05-31T09:49:35.817+0000] {logging_mixin.py:149} INFO - [2023-05-31T09:49:35.816+0000] {dagbag.py:541} INFO - Filling up the DagBag from /home/airflow/.local/lib/python3.7/site-packages/airflow/example_dags/example_branch_python_dop_operator_3.py
[2023-05-31T09:49:35.826+0000] {processor.py:809} INFO - DAG(s) dict_keys(['example_branch_dop_operator_v3']) retrieved from /home/airflow/.local/lib/python3.7/site-packages/airflow/example_dags/example_branch_python_dop_operator_3.py
[2023-05-31T09:49:35.857+0000] {logging_mixin.py:149} INFO - [2023-05-31T09:49:35.857+0000] {dag.py:2726} INFO - Sync 1 DAGs
[2023-05-31T09:49:35.895+0000] {logging_mixin.py:149} INFO - [2023-05-31T09:49:35.895+0000] {dag.py:3490} INFO - Setting next_dagrun for example_branch_dop_operator_v3 to 2023-05-31T09:48:00+00:00, run_after=2023-05-31T09:49:00+00:00
[2023-05-31T09:49:35.918+0000] {processor.py:178} INFO - Processing /home/airflow/.local/lib/python3.7/site-packages/airflow/example_dags/example_branch_python_dop_operator_3.py took 0.108 seconds
[2023-05-31T09:50:06.125+0000] {processor.py:156} INFO - Started process (PID=455) to work on /home/airflow/.local/lib/python3.7/site-packages/airflow/example_dags/example_branch_python_dop_operator_3.py
[2023-05-31T09:50:06.126+0000] {processor.py:799} INFO - Processing file /home/airflow/.local/lib/python3.7/site-packages/airflow/example_dags/example_branch_python_dop_operator_3.py for tasks to queue
[2023-05-31T09:50:06.127+0000] {logging_mixin.py:149} INFO - [2023-05-31T09:50:06.127+0000] {dagbag.py:541} INFO - Filling up the DagBag from /home/airflow/.local/lib/python3.7/site-packages/airflow/example_dags/example_branch_python_dop_operator_3.py
[2023-05-31T09:50:06.137+0000] {processor.py:809} INFO - DAG(s) dict_keys(['example_branch_dop_operator_v3']) retrieved from /home/airflow/.local/lib/python3.7/site-packages/airflow/example_dags/example_branch_python_dop_operator_3.py
[2023-05-31T09:50:06.169+0000] {logging_mixin.py:149} INFO - [2023-05-31T09:50:06.169+0000] {dag.py:2726} INFO - Sync 1 DAGs
[2023-05-31T09:50:06.208+0000] {logging_mixin.py:149} INFO - [2023-05-31T09:50:06.207+0000] {dag.py:3490} INFO - Setting next_dagrun for example_branch_dop_operator_v3 to 2023-05-31T09:49:00+00:00, run_after=2023-05-31T09:50:00+00:00
[2023-05-31T09:50:06.232+0000] {processor.py:178} INFO - Processing /home/airflow/.local/lib/python3.7/site-packages/airflow/example_dags/example_branch_python_dop_operator_3.py took 0.111 seconds
[2023-05-31T09:50:36.963+0000] {processor.py:156} INFO - Started process (PID=512) to work on /home/airflow/.local/lib/python3.7/site-packages/airflow/example_dags/example_branch_python_dop_operator_3.py
[2023-05-31T09:50:36.964+0000] {processor.py:799} INFO - Processing file /home/airflow/.local/lib/python3.7/site-packages/airflow/example_dags/example_branch_python_dop_operator_3.py for tasks to queue
[2023-05-31T09:50:36.965+0000] {logging_mixin.py:149} INFO - [2023-05-31T09:50:36.965+0000] {dagbag.py:541} INFO - Filling up the DagBag from /home/airflow/.local/lib/python3.7/site-packages/airflow/example_dags/example_branch_python_dop_operator_3.py
[2023-05-31T09:50:36.975+0000] {processor.py:809} INFO - DAG(s) dict_keys(['example_branch_dop_operator_v3']) retrieved from /home/airflow/.local/lib/python3.7/site-packages/airflow/example_dags/example_branch_python_dop_operator_3.py
[2023-05-31T09:50:37.015+0000] {logging_mixin.py:149} INFO - [2023-05-31T09:50:37.014+0000] {dag.py:2726} INFO - Sync 1 DAGs
[2023-05-31T09:50:37.053+0000] {logging_mixin.py:149} INFO - [2023-05-31T09:50:37.053+0000] {dag.py:3490} INFO - Setting next_dagrun for example_branch_dop_operator_v3 to 2023-05-31T09:49:00+00:00, run_after=2023-05-31T09:50:00+00:00
[2023-05-31T09:50:37.075+0000] {processor.py:178} INFO - Processing /home/airflow/.local/lib/python3.7/site-packages/airflow/example_dags/example_branch_python_dop_operator_3.py took 0.116 seconds
[2023-05-31T09:51:07.314+0000] {processor.py:156} INFO - Started process (PID=569) to work on /home/airflow/.local/lib/python3.7/site-packages/airflow/example_dags/example_branch_python_dop_operator_3.py
[2023-05-31T09:51:07.315+0000] {processor.py:799} INFO - Processing file /home/airflow/.local/lib/python3.7/site-packages/airflow/example_dags/example_branch_python_dop_operator_3.py for tasks to queue
[2023-05-31T09:51:07.316+0000] {logging_mixin.py:149} INFO - [2023-05-31T09:51:07.316+0000] {dagbag.py:541} INFO - Filling up the DagBag from /home/airflow/.local/lib/python3.7/site-packages/airflow/example_dags/example_branch_python_dop_operator_3.py
[2023-05-31T09:51:07.326+0000] {processor.py:809} INFO - DAG(s) dict_keys(['example_branch_dop_operator_v3']) retrieved from /home/airflow/.local/lib/python3.7/site-packages/airflow/example_dags/example_branch_python_dop_operator_3.py
[2023-05-31T09:51:07.358+0000] {logging_mixin.py:149} INFO - [2023-05-31T09:51:07.357+0000] {dag.py:2726} INFO - Sync 1 DAGs
[2023-05-31T09:51:07.408+0000] {logging_mixin.py:149} INFO - [2023-05-31T09:51:07.407+0000] {dag.py:3490} INFO - Setting next_dagrun for example_branch_dop_operator_v3 to 2023-05-31T09:50:00+00:00, run_after=2023-05-31T09:51:00+00:00
[2023-05-31T09:51:07.463+0000] {processor.py:178} INFO - Processing /home/airflow/.local/lib/python3.7/site-packages/airflow/example_dags/example_branch_python_dop_operator_3.py took 0.153 seconds
[2023-05-31T09:51:37.732+0000] {processor.py:156} INFO - Started process (PID=626) to work on /home/airflow/.local/lib/python3.7/site-packages/airflow/example_dags/example_branch_python_dop_operator_3.py
[2023-05-31T09:51:37.735+0000] {processor.py:799} INFO - Processing file /home/airflow/.local/lib/python3.7/site-packages/airflow/example_dags/example_branch_python_dop_operator_3.py for tasks to queue
[2023-05-31T09:51:37.737+0000] {logging_mixin.py:149} INFO - [2023-05-31T09:51:37.735+0000] {dagbag.py:541} INFO - Filling up the DagBag from /home/airflow/.local/lib/python3.7/site-packages/airflow/example_dags/example_branch_python_dop_operator_3.py
[2023-05-31T09:51:37.762+0000] {processor.py:809} INFO - DAG(s) dict_keys(['example_branch_dop_operator_v3']) retrieved from /home/airflow/.local/lib/python3.7/site-packages/airflow/example_dags/example_branch_python_dop_operator_3.py
[2023-05-31T09:51:37.810+0000] {logging_mixin.py:149} INFO - [2023-05-31T09:51:37.810+0000] {dag.py:2726} INFO - Sync 1 DAGs
[2023-05-31T09:51:37.848+0000] {logging_mixin.py:149} INFO - [2023-05-31T09:51:37.847+0000] {dag.py:3490} INFO - Setting next_dagrun for example_branch_dop_operator_v3 to 2023-05-31T09:50:00+00:00, run_after=2023-05-31T09:51:00+00:00
[2023-05-31T09:51:37.876+0000] {processor.py:178} INFO - Processing /home/airflow/.local/lib/python3.7/site-packages/airflow/example_dags/example_branch_python_dop_operator_3.py took 0.149 seconds
[2023-05-31T09:52:08.143+0000] {processor.py:156} INFO - Started process (PID=684) to work on /home/airflow/.local/lib/python3.7/site-packages/airflow/example_dags/example_branch_python_dop_operator_3.py
[2023-05-31T09:52:08.144+0000] {processor.py:799} INFO - Processing file /home/airflow/.local/lib/python3.7/site-packages/airflow/example_dags/example_branch_python_dop_operator_3.py for tasks to queue
[2023-05-31T09:52:08.145+0000] {logging_mixin.py:149} INFO - [2023-05-31T09:52:08.145+0000] {dagbag.py:541} INFO - Filling up the DagBag from /home/airflow/.local/lib/python3.7/site-packages/airflow/example_dags/example_branch_python_dop_operator_3.py
[2023-05-31T09:52:08.154+0000] {processor.py:809} INFO - DAG(s) dict_keys(['example_branch_dop_operator_v3']) retrieved from /home/airflow/.local/lib/python3.7/site-packages/airflow/example_dags/example_branch_python_dop_operator_3.py
[2023-05-31T09:52:08.186+0000] {logging_mixin.py:149} INFO - [2023-05-31T09:52:08.186+0000] {dag.py:2726} INFO - Sync 1 DAGs
[2023-05-31T09:52:08.223+0000] {logging_mixin.py:149} INFO - [2023-05-31T09:52:08.223+0000] {dag.py:3490} INFO - Setting next_dagrun for example_branch_dop_operator_v3 to 2023-05-31T09:51:00+00:00, run_after=2023-05-31T09:52:00+00:00
[2023-05-31T09:52:08.245+0000] {processor.py:178} INFO - Processing /home/airflow/.local/lib/python3.7/site-packages/airflow/example_dags/example_branch_python_dop_operator_3.py took 0.105 seconds
