[2023-05-31T09:46:34.470+0000] {processor.py:156} INFO - Started process (PID=68) to work on /home/airflow/.local/lib/python3.7/site-packages/airflow/example_dags/example_short_circuit_operator.py
[2023-05-31T09:46:34.471+0000] {processor.py:799} INFO - Processing file /home/airflow/.local/lib/python3.7/site-packages/airflow/example_dags/example_short_circuit_operator.py for tasks to queue
[2023-05-31T09:46:34.472+0000] {logging_mixin.py:149} INFO - [2023-05-31T09:46:34.472+0000] {dagbag.py:541} INFO - Filling up the DagBag from /home/airflow/.local/lib/python3.7/site-packages/airflow/example_dags/example_short_circuit_operator.py
[2023-05-31T09:46:34.483+0000] {processor.py:809} INFO - DAG(s) dict_keys(['example_short_circuit_operator']) retrieved from /home/airflow/.local/lib/python3.7/site-packages/airflow/example_dags/example_short_circuit_operator.py
[2023-05-31T09:46:34.524+0000] {logging_mixin.py:149} INFO - [2023-05-31T09:46:34.524+0000] {dag.py:2726} INFO - Sync 1 DAGs
[2023-05-31T09:46:34.559+0000] {logging_mixin.py:149} INFO - [2023-05-31T09:46:34.559+0000] {dag.py:3490} INFO - Setting next_dagrun for example_short_circuit_operator to 2023-05-30T09:46:34.558916+00:00, run_after=2023-05-31T09:46:34.558916+00:00
[2023-05-31T09:46:34.584+0000] {processor.py:178} INFO - Processing /home/airflow/.local/lib/python3.7/site-packages/airflow/example_dags/example_short_circuit_operator.py took 0.119 seconds
[2023-05-31T09:47:05.212+0000] {processor.py:156} INFO - Started process (PID=124) to work on /home/airflow/.local/lib/python3.7/site-packages/airflow/example_dags/example_short_circuit_operator.py
[2023-05-31T09:47:05.213+0000] {processor.py:799} INFO - Processing file /home/airflow/.local/lib/python3.7/site-packages/airflow/example_dags/example_short_circuit_operator.py for tasks to queue
[2023-05-31T09:47:05.214+0000] {logging_mixin.py:149} INFO - [2023-05-31T09:47:05.214+0000] {dagbag.py:541} INFO - Filling up the DagBag from /home/airflow/.local/lib/python3.7/site-packages/airflow/example_dags/example_short_circuit_operator.py
[2023-05-31T09:47:05.230+0000] {processor.py:809} INFO - DAG(s) dict_keys(['example_short_circuit_operator']) retrieved from /home/airflow/.local/lib/python3.7/site-packages/airflow/example_dags/example_short_circuit_operator.py
[2023-05-31T09:47:05.269+0000] {logging_mixin.py:149} INFO - [2023-05-31T09:47:05.268+0000] {dag.py:2726} INFO - Sync 1 DAGs
[2023-05-31T09:47:05.302+0000] {logging_mixin.py:149} INFO - [2023-05-31T09:47:05.302+0000] {dag.py:3490} INFO - Setting next_dagrun for example_short_circuit_operator to 2023-05-30T09:47:05.302069+00:00, run_after=2023-05-31T09:47:05.302069+00:00
[2023-05-31T09:47:05.326+0000] {processor.py:178} INFO - Processing /home/airflow/.local/lib/python3.7/site-packages/airflow/example_dags/example_short_circuit_operator.py took 0.118 seconds
[2023-05-31T09:47:35.377+0000] {processor.py:156} INFO - Started process (PID=180) to work on /home/airflow/.local/lib/python3.7/site-packages/airflow/example_dags/example_short_circuit_operator.py
[2023-05-31T09:47:35.379+0000] {processor.py:799} INFO - Processing file /home/airflow/.local/lib/python3.7/site-packages/airflow/example_dags/example_short_circuit_operator.py for tasks to queue
[2023-05-31T09:47:35.380+0000] {logging_mixin.py:149} INFO - [2023-05-31T09:47:35.380+0000] {dagbag.py:541} INFO - Filling up the DagBag from /home/airflow/.local/lib/python3.7/site-packages/airflow/example_dags/example_short_circuit_operator.py
[2023-05-31T09:47:35.396+0000] {processor.py:809} INFO - DAG(s) dict_keys(['example_short_circuit_operator']) retrieved from /home/airflow/.local/lib/python3.7/site-packages/airflow/example_dags/example_short_circuit_operator.py
[2023-05-31T09:47:35.433+0000] {logging_mixin.py:149} INFO - [2023-05-31T09:47:35.433+0000] {dag.py:2726} INFO - Sync 1 DAGs
[2023-05-31T09:47:35.471+0000] {logging_mixin.py:149} INFO - [2023-05-31T09:47:35.471+0000] {dag.py:3490} INFO - Setting next_dagrun for example_short_circuit_operator to 2023-05-30T09:47:35.471080+00:00, run_after=2023-05-31T09:47:35.471080+00:00
[2023-05-31T09:47:35.496+0000] {processor.py:178} INFO - Processing /home/airflow/.local/lib/python3.7/site-packages/airflow/example_dags/example_short_circuit_operator.py took 0.123 seconds
[2023-05-31T09:48:05.685+0000] {processor.py:156} INFO - Started process (PID=237) to work on /home/airflow/.local/lib/python3.7/site-packages/airflow/example_dags/example_short_circuit_operator.py
[2023-05-31T09:48:05.686+0000] {processor.py:799} INFO - Processing file /home/airflow/.local/lib/python3.7/site-packages/airflow/example_dags/example_short_circuit_operator.py for tasks to queue
[2023-05-31T09:48:05.687+0000] {logging_mixin.py:149} INFO - [2023-05-31T09:48:05.686+0000] {dagbag.py:541} INFO - Filling up the DagBag from /home/airflow/.local/lib/python3.7/site-packages/airflow/example_dags/example_short_circuit_operator.py
[2023-05-31T09:48:05.703+0000] {processor.py:809} INFO - DAG(s) dict_keys(['example_short_circuit_operator']) retrieved from /home/airflow/.local/lib/python3.7/site-packages/airflow/example_dags/example_short_circuit_operator.py
[2023-05-31T09:48:05.738+0000] {logging_mixin.py:149} INFO - [2023-05-31T09:48:05.738+0000] {dag.py:2726} INFO - Sync 1 DAGs
[2023-05-31T09:48:05.772+0000] {logging_mixin.py:149} INFO - [2023-05-31T09:48:05.772+0000] {dag.py:3490} INFO - Setting next_dagrun for example_short_circuit_operator to 2023-05-30T09:48:05.772362+00:00, run_after=2023-05-31T09:48:05.772362+00:00
[2023-05-31T09:48:05.797+0000] {processor.py:178} INFO - Processing /home/airflow/.local/lib/python3.7/site-packages/airflow/example_dags/example_short_circuit_operator.py took 0.117 seconds
[2023-05-31T09:48:36.353+0000] {processor.py:156} INFO - Started process (PID=294) to work on /home/airflow/.local/lib/python3.7/site-packages/airflow/example_dags/example_short_circuit_operator.py
[2023-05-31T09:48:36.354+0000] {processor.py:799} INFO - Processing file /home/airflow/.local/lib/python3.7/site-packages/airflow/example_dags/example_short_circuit_operator.py for tasks to queue
[2023-05-31T09:48:36.355+0000] {logging_mixin.py:149} INFO - [2023-05-31T09:48:36.355+0000] {dagbag.py:541} INFO - Filling up the DagBag from /home/airflow/.local/lib/python3.7/site-packages/airflow/example_dags/example_short_circuit_operator.py
[2023-05-31T09:48:36.366+0000] {processor.py:809} INFO - DAG(s) dict_keys(['example_short_circuit_operator']) retrieved from /home/airflow/.local/lib/python3.7/site-packages/airflow/example_dags/example_short_circuit_operator.py
[2023-05-31T09:48:36.403+0000] {logging_mixin.py:149} INFO - [2023-05-31T09:48:36.402+0000] {dag.py:2726} INFO - Sync 1 DAGs
[2023-05-31T09:48:36.438+0000] {logging_mixin.py:149} INFO - [2023-05-31T09:48:36.437+0000] {dag.py:3490} INFO - Setting next_dagrun for example_short_circuit_operator to 2023-05-30T09:48:36.437630+00:00, run_after=2023-05-31T09:48:36.437630+00:00
[2023-05-31T09:48:36.461+0000] {processor.py:178} INFO - Processing /home/airflow/.local/lib/python3.7/site-packages/airflow/example_dags/example_short_circuit_operator.py took 0.112 seconds
[2023-05-31T09:49:06.795+0000] {processor.py:156} INFO - Started process (PID=351) to work on /home/airflow/.local/lib/python3.7/site-packages/airflow/example_dags/example_short_circuit_operator.py
[2023-05-31T09:49:06.796+0000] {processor.py:799} INFO - Processing file /home/airflow/.local/lib/python3.7/site-packages/airflow/example_dags/example_short_circuit_operator.py for tasks to queue
[2023-05-31T09:49:06.797+0000] {logging_mixin.py:149} INFO - [2023-05-31T09:49:06.797+0000] {dagbag.py:541} INFO - Filling up the DagBag from /home/airflow/.local/lib/python3.7/site-packages/airflow/example_dags/example_short_circuit_operator.py
[2023-05-31T09:49:06.809+0000] {processor.py:809} INFO - DAG(s) dict_keys(['example_short_circuit_operator']) retrieved from /home/airflow/.local/lib/python3.7/site-packages/airflow/example_dags/example_short_circuit_operator.py
[2023-05-31T09:49:06.868+0000] {logging_mixin.py:149} INFO - [2023-05-31T09:49:06.868+0000] {dag.py:2726} INFO - Sync 1 DAGs
[2023-05-31T09:49:06.901+0000] {logging_mixin.py:149} INFO - [2023-05-31T09:49:06.901+0000] {dag.py:3490} INFO - Setting next_dagrun for example_short_circuit_operator to 2023-05-30T09:49:06.901025+00:00, run_after=2023-05-31T09:49:06.901025+00:00
[2023-05-31T09:49:06.926+0000] {processor.py:178} INFO - Processing /home/airflow/.local/lib/python3.7/site-packages/airflow/example_dags/example_short_circuit_operator.py took 0.136 seconds
[2023-05-31T09:49:37.637+0000] {processor.py:156} INFO - Started process (PID=409) to work on /home/airflow/.local/lib/python3.7/site-packages/airflow/example_dags/example_short_circuit_operator.py
[2023-05-31T09:49:37.638+0000] {processor.py:799} INFO - Processing file /home/airflow/.local/lib/python3.7/site-packages/airflow/example_dags/example_short_circuit_operator.py for tasks to queue
[2023-05-31T09:49:37.639+0000] {logging_mixin.py:149} INFO - [2023-05-31T09:49:37.638+0000] {dagbag.py:541} INFO - Filling up the DagBag from /home/airflow/.local/lib/python3.7/site-packages/airflow/example_dags/example_short_circuit_operator.py
[2023-05-31T09:49:37.649+0000] {processor.py:809} INFO - DAG(s) dict_keys(['example_short_circuit_operator']) retrieved from /home/airflow/.local/lib/python3.7/site-packages/airflow/example_dags/example_short_circuit_operator.py
[2023-05-31T09:49:37.682+0000] {logging_mixin.py:149} INFO - [2023-05-31T09:49:37.682+0000] {dag.py:2726} INFO - Sync 1 DAGs
[2023-05-31T09:49:37.714+0000] {logging_mixin.py:149} INFO - [2023-05-31T09:49:37.714+0000] {dag.py:3490} INFO - Setting next_dagrun for example_short_circuit_operator to 2023-05-30T09:49:37.714148+00:00, run_after=2023-05-31T09:49:37.714148+00:00
[2023-05-31T09:49:37.736+0000] {processor.py:178} INFO - Processing /home/airflow/.local/lib/python3.7/site-packages/airflow/example_dags/example_short_circuit_operator.py took 0.107 seconds
[2023-05-31T09:50:07.812+0000] {processor.py:156} INFO - Started process (PID=466) to work on /home/airflow/.local/lib/python3.7/site-packages/airflow/example_dags/example_short_circuit_operator.py
[2023-05-31T09:50:07.813+0000] {processor.py:799} INFO - Processing file /home/airflow/.local/lib/python3.7/site-packages/airflow/example_dags/example_short_circuit_operator.py for tasks to queue
[2023-05-31T09:50:07.816+0000] {logging_mixin.py:149} INFO - [2023-05-31T09:50:07.816+0000] {dagbag.py:541} INFO - Filling up the DagBag from /home/airflow/.local/lib/python3.7/site-packages/airflow/example_dags/example_short_circuit_operator.py
[2023-05-31T09:50:07.827+0000] {processor.py:809} INFO - DAG(s) dict_keys(['example_short_circuit_operator']) retrieved from /home/airflow/.local/lib/python3.7/site-packages/airflow/example_dags/example_short_circuit_operator.py
[2023-05-31T09:50:07.865+0000] {logging_mixin.py:149} INFO - [2023-05-31T09:50:07.865+0000] {dag.py:2726} INFO - Sync 1 DAGs
[2023-05-31T09:50:07.898+0000] {logging_mixin.py:149} INFO - [2023-05-31T09:50:07.898+0000] {dag.py:3490} INFO - Setting next_dagrun for example_short_circuit_operator to 2023-05-30T09:50:07.898134+00:00, run_after=2023-05-31T09:50:07.898134+00:00
[2023-05-31T09:50:07.920+0000] {processor.py:178} INFO - Processing /home/airflow/.local/lib/python3.7/site-packages/airflow/example_dags/example_short_circuit_operator.py took 0.114 seconds
[2023-05-31T09:50:38.690+0000] {processor.py:156} INFO - Started process (PID=523) to work on /home/airflow/.local/lib/python3.7/site-packages/airflow/example_dags/example_short_circuit_operator.py
[2023-05-31T09:50:38.692+0000] {processor.py:799} INFO - Processing file /home/airflow/.local/lib/python3.7/site-packages/airflow/example_dags/example_short_circuit_operator.py for tasks to queue
[2023-05-31T09:50:38.692+0000] {logging_mixin.py:149} INFO - [2023-05-31T09:50:38.692+0000] {dagbag.py:541} INFO - Filling up the DagBag from /home/airflow/.local/lib/python3.7/site-packages/airflow/example_dags/example_short_circuit_operator.py
[2023-05-31T09:50:38.703+0000] {processor.py:809} INFO - DAG(s) dict_keys(['example_short_circuit_operator']) retrieved from /home/airflow/.local/lib/python3.7/site-packages/airflow/example_dags/example_short_circuit_operator.py
[2023-05-31T09:50:38.737+0000] {logging_mixin.py:149} INFO - [2023-05-31T09:50:38.737+0000] {dag.py:2726} INFO - Sync 1 DAGs
[2023-05-31T09:50:38.769+0000] {logging_mixin.py:149} INFO - [2023-05-31T09:50:38.769+0000] {dag.py:3490} INFO - Setting next_dagrun for example_short_circuit_operator to 2023-05-30T09:50:38.768758+00:00, run_after=2023-05-31T09:50:38.768758+00:00
[2023-05-31T09:50:38.793+0000] {processor.py:178} INFO - Processing /home/airflow/.local/lib/python3.7/site-packages/airflow/example_dags/example_short_circuit_operator.py took 0.106 seconds
[2023-05-31T09:51:09.273+0000] {processor.py:156} INFO - Started process (PID=580) to work on /home/airflow/.local/lib/python3.7/site-packages/airflow/example_dags/example_short_circuit_operator.py
[2023-05-31T09:51:09.274+0000] {processor.py:799} INFO - Processing file /home/airflow/.local/lib/python3.7/site-packages/airflow/example_dags/example_short_circuit_operator.py for tasks to queue
[2023-05-31T09:51:09.275+0000] {logging_mixin.py:149} INFO - [2023-05-31T09:51:09.275+0000] {dagbag.py:541} INFO - Filling up the DagBag from /home/airflow/.local/lib/python3.7/site-packages/airflow/example_dags/example_short_circuit_operator.py
[2023-05-31T09:51:09.292+0000] {processor.py:809} INFO - DAG(s) dict_keys(['example_short_circuit_operator']) retrieved from /home/airflow/.local/lib/python3.7/site-packages/airflow/example_dags/example_short_circuit_operator.py
[2023-05-31T09:51:09.327+0000] {logging_mixin.py:149} INFO - [2023-05-31T09:51:09.327+0000] {dag.py:2726} INFO - Sync 1 DAGs
[2023-05-31T09:51:09.374+0000] {logging_mixin.py:149} INFO - [2023-05-31T09:51:09.374+0000] {dag.py:3490} INFO - Setting next_dagrun for example_short_circuit_operator to 2023-05-30T09:51:09.373907+00:00, run_after=2023-05-31T09:51:09.373907+00:00
[2023-05-31T09:51:09.427+0000] {processor.py:178} INFO - Processing /home/airflow/.local/lib/python3.7/site-packages/airflow/example_dags/example_short_circuit_operator.py took 0.159 seconds
[2023-05-31T09:51:40.000+0000] {processor.py:156} INFO - Started process (PID=645) to work on /home/airflow/.local/lib/python3.7/site-packages/airflow/example_dags/example_short_circuit_operator.py
[2023-05-31T09:51:40.009+0000] {processor.py:799} INFO - Processing file /home/airflow/.local/lib/python3.7/site-packages/airflow/example_dags/example_short_circuit_operator.py for tasks to queue
[2023-05-31T09:51:40.010+0000] {logging_mixin.py:149} INFO - [2023-05-31T09:51:40.010+0000] {dagbag.py:541} INFO - Filling up the DagBag from /home/airflow/.local/lib/python3.7/site-packages/airflow/example_dags/example_short_circuit_operator.py
[2023-05-31T09:51:40.044+0000] {processor.py:809} INFO - DAG(s) dict_keys(['example_short_circuit_operator']) retrieved from /home/airflow/.local/lib/python3.7/site-packages/airflow/example_dags/example_short_circuit_operator.py
[2023-05-31T09:51:40.115+0000] {logging_mixin.py:149} INFO - [2023-05-31T09:51:40.114+0000] {dag.py:2726} INFO - Sync 1 DAGs
[2023-05-31T09:51:40.160+0000] {logging_mixin.py:149} INFO - [2023-05-31T09:51:40.160+0000] {dag.py:3490} INFO - Setting next_dagrun for example_short_circuit_operator to 2023-05-30T09:51:40.159731+00:00, run_after=2023-05-31T09:51:40.159731+00:00
[2023-05-31T09:51:40.205+0000] {processor.py:178} INFO - Processing /home/airflow/.local/lib/python3.7/site-packages/airflow/example_dags/example_short_circuit_operator.py took 0.210 seconds
[2023-05-31T09:52:11.035+0000] {processor.py:156} INFO - Started process (PID=702) to work on /home/airflow/.local/lib/python3.7/site-packages/airflow/example_dags/example_short_circuit_operator.py
[2023-05-31T09:52:11.036+0000] {processor.py:799} INFO - Processing file /home/airflow/.local/lib/python3.7/site-packages/airflow/example_dags/example_short_circuit_operator.py for tasks to queue
[2023-05-31T09:52:11.037+0000] {logging_mixin.py:149} INFO - [2023-05-31T09:52:11.037+0000] {dagbag.py:541} INFO - Filling up the DagBag from /home/airflow/.local/lib/python3.7/site-packages/airflow/example_dags/example_short_circuit_operator.py
[2023-05-31T09:52:11.069+0000] {processor.py:809} INFO - DAG(s) dict_keys(['example_short_circuit_operator']) retrieved from /home/airflow/.local/lib/python3.7/site-packages/airflow/example_dags/example_short_circuit_operator.py
[2023-05-31T09:52:11.163+0000] {logging_mixin.py:149} INFO - [2023-05-31T09:52:11.163+0000] {dag.py:2726} INFO - Sync 1 DAGs
[2023-05-31T09:52:11.237+0000] {logging_mixin.py:149} INFO - [2023-05-31T09:52:11.237+0000] {dag.py:3490} INFO - Setting next_dagrun for example_short_circuit_operator to 2023-05-30T09:52:11.237306+00:00, run_after=2023-05-31T09:52:11.237306+00:00
[2023-05-31T09:52:11.290+0000] {processor.py:178} INFO - Processing /home/airflow/.local/lib/python3.7/site-packages/airflow/example_dags/example_short_circuit_operator.py took 0.260 seconds
