[2023-05-31T09:46:29.461+0000] {processor.py:156} INFO - Started process (PID=40) to work on /home/airflow/.local/lib/python3.7/site-packages/airflow/example_dags/example_python_operator.py
[2023-05-31T09:46:29.462+0000] {processor.py:799} INFO - Processing file /home/airflow/.local/lib/python3.7/site-packages/airflow/example_dags/example_python_operator.py for tasks to queue
[2023-05-31T09:46:29.463+0000] {logging_mixin.py:149} INFO - [2023-05-31T09:46:29.463+0000] {dagbag.py:541} INFO - Filling up the DagBag from /home/airflow/.local/lib/python3.7/site-packages/airflow/example_dags/example_python_operator.py
[2023-05-31T09:46:29.480+0000] {logging_mixin.py:149} INFO - [2023-05-31T09:46:29.480+0000] {taskmixin.py:211} WARNING - Dependency <Task(_PythonDecoratedOperator): print_the_context>, log_sql_query already registered for DAG: example_python_operator
[2023-05-31T09:46:29.481+0000] {logging_mixin.py:149} INFO - [2023-05-31T09:46:29.481+0000] {taskmixin.py:211} WARNING - Dependency <Task(_PythonDecoratedOperator): log_sql_query>, print_the_context already registered for DAG: example_python_operator
[2023-05-31T09:46:29.482+0000] {logging_mixin.py:149} INFO - [2023-05-31T09:46:29.481+0000] {taskmixin.py:211} WARNING - Dependency <Task(_PythonDecoratedOperator): print_the_context>, log_sql_query already registered for DAG: example_python_operator
[2023-05-31T09:46:29.482+0000] {logging_mixin.py:149} INFO - [2023-05-31T09:46:29.482+0000] {taskmixin.py:211} WARNING - Dependency <Task(_PythonDecoratedOperator): log_sql_query>, print_the_context already registered for DAG: example_python_operator
[2023-05-31T09:46:29.483+0000] {logging_mixin.py:149} INFO - [2023-05-31T09:46:29.483+0000] {taskmixin.py:211} WARNING - Dependency <Task(_PythonDecoratedOperator): print_the_context>, log_sql_query already registered for DAG: example_python_operator
[2023-05-31T09:46:29.483+0000] {logging_mixin.py:149} INFO - [2023-05-31T09:46:29.483+0000] {taskmixin.py:211} WARNING - Dependency <Task(_PythonDecoratedOperator): log_sql_query>, print_the_context already registered for DAG: example_python_operator
[2023-05-31T09:46:29.484+0000] {logging_mixin.py:149} INFO - [2023-05-31T09:46:29.484+0000] {taskmixin.py:211} WARNING - Dependency <Task(_PythonDecoratedOperator): print_the_context>, log_sql_query already registered for DAG: example_python_operator
[2023-05-31T09:46:29.484+0000] {logging_mixin.py:149} INFO - [2023-05-31T09:46:29.484+0000] {taskmixin.py:211} WARNING - Dependency <Task(_PythonDecoratedOperator): log_sql_query>, print_the_context already registered for DAG: example_python_operator
[2023-05-31T09:46:29.500+0000] {processor.py:809} INFO - DAG(s) dict_keys(['example_python_operator']) retrieved from /home/airflow/.local/lib/python3.7/site-packages/airflow/example_dags/example_python_operator.py
[2023-05-31T09:46:29.717+0000] {logging_mixin.py:149} INFO - [2023-05-31T09:46:29.717+0000] {dag.py:2726} INFO - Sync 1 DAGs
[2023-05-31T09:46:29.810+0000] {logging_mixin.py:149} INFO - [2023-05-31T09:46:29.810+0000] {dag.py:3490} INFO - Setting next_dagrun for example_python_operator to None, run_after=None
[2023-05-31T09:46:29.854+0000] {processor.py:178} INFO - Processing /home/airflow/.local/lib/python3.7/site-packages/airflow/example_dags/example_python_operator.py took 0.405 seconds
[2023-05-31T09:47:00.380+0000] {processor.py:156} INFO - Started process (PID=97) to work on /home/airflow/.local/lib/python3.7/site-packages/airflow/example_dags/example_python_operator.py
[2023-05-31T09:47:00.382+0000] {processor.py:799} INFO - Processing file /home/airflow/.local/lib/python3.7/site-packages/airflow/example_dags/example_python_operator.py for tasks to queue
[2023-05-31T09:47:00.383+0000] {logging_mixin.py:149} INFO - [2023-05-31T09:47:00.382+0000] {dagbag.py:541} INFO - Filling up the DagBag from /home/airflow/.local/lib/python3.7/site-packages/airflow/example_dags/example_python_operator.py
[2023-05-31T09:47:00.392+0000] {logging_mixin.py:149} INFO - [2023-05-31T09:47:00.392+0000] {taskmixin.py:211} WARNING - Dependency <Task(_PythonDecoratedOperator): print_the_context>, log_sql_query already registered for DAG: example_python_operator
[2023-05-31T09:47:00.392+0000] {logging_mixin.py:149} INFO - [2023-05-31T09:47:00.392+0000] {taskmixin.py:211} WARNING - Dependency <Task(_PythonDecoratedOperator): log_sql_query>, print_the_context already registered for DAG: example_python_operator
[2023-05-31T09:47:00.393+0000] {logging_mixin.py:149} INFO - [2023-05-31T09:47:00.393+0000] {taskmixin.py:211} WARNING - Dependency <Task(_PythonDecoratedOperator): print_the_context>, log_sql_query already registered for DAG: example_python_operator
[2023-05-31T09:47:00.394+0000] {logging_mixin.py:149} INFO - [2023-05-31T09:47:00.393+0000] {taskmixin.py:211} WARNING - Dependency <Task(_PythonDecoratedOperator): log_sql_query>, print_the_context already registered for DAG: example_python_operator
[2023-05-31T09:47:00.394+0000] {logging_mixin.py:149} INFO - [2023-05-31T09:47:00.394+0000] {taskmixin.py:211} WARNING - Dependency <Task(_PythonDecoratedOperator): print_the_context>, log_sql_query already registered for DAG: example_python_operator
[2023-05-31T09:47:00.395+0000] {logging_mixin.py:149} INFO - [2023-05-31T09:47:00.395+0000] {taskmixin.py:211} WARNING - Dependency <Task(_PythonDecoratedOperator): log_sql_query>, print_the_context already registered for DAG: example_python_operator
[2023-05-31T09:47:00.395+0000] {logging_mixin.py:149} INFO - [2023-05-31T09:47:00.395+0000] {taskmixin.py:211} WARNING - Dependency <Task(_PythonDecoratedOperator): print_the_context>, log_sql_query already registered for DAG: example_python_operator
[2023-05-31T09:47:00.396+0000] {logging_mixin.py:149} INFO - [2023-05-31T09:47:00.396+0000] {taskmixin.py:211} WARNING - Dependency <Task(_PythonDecoratedOperator): log_sql_query>, print_the_context already registered for DAG: example_python_operator
[2023-05-31T09:47:00.399+0000] {processor.py:809} INFO - DAG(s) dict_keys(['example_python_operator']) retrieved from /home/airflow/.local/lib/python3.7/site-packages/airflow/example_dags/example_python_operator.py
[2023-05-31T09:47:00.470+0000] {logging_mixin.py:149} INFO - [2023-05-31T09:47:00.469+0000] {dag.py:2726} INFO - Sync 1 DAGs
[2023-05-31T09:47:00.505+0000] {logging_mixin.py:149} INFO - [2023-05-31T09:47:00.505+0000] {dag.py:3490} INFO - Setting next_dagrun for example_python_operator to None, run_after=None
[2023-05-31T09:47:00.530+0000] {processor.py:178} INFO - Processing /home/airflow/.local/lib/python3.7/site-packages/airflow/example_dags/example_python_operator.py took 0.155 seconds
[2023-05-31T09:47:31.136+0000] {processor.py:156} INFO - Started process (PID=153) to work on /home/airflow/.local/lib/python3.7/site-packages/airflow/example_dags/example_python_operator.py
[2023-05-31T09:47:31.137+0000] {processor.py:799} INFO - Processing file /home/airflow/.local/lib/python3.7/site-packages/airflow/example_dags/example_python_operator.py for tasks to queue
[2023-05-31T09:47:31.138+0000] {logging_mixin.py:149} INFO - [2023-05-31T09:47:31.138+0000] {dagbag.py:541} INFO - Filling up the DagBag from /home/airflow/.local/lib/python3.7/site-packages/airflow/example_dags/example_python_operator.py
[2023-05-31T09:47:31.152+0000] {logging_mixin.py:149} INFO - [2023-05-31T09:47:31.150+0000] {taskmixin.py:211} WARNING - Dependency <Task(_PythonDecoratedOperator): print_the_context>, log_sql_query already registered for DAG: example_python_operator
[2023-05-31T09:47:31.153+0000] {logging_mixin.py:149} INFO - [2023-05-31T09:47:31.153+0000] {taskmixin.py:211} WARNING - Dependency <Task(_PythonDecoratedOperator): log_sql_query>, print_the_context already registered for DAG: example_python_operator
[2023-05-31T09:47:31.154+0000] {logging_mixin.py:149} INFO - [2023-05-31T09:47:31.154+0000] {taskmixin.py:211} WARNING - Dependency <Task(_PythonDecoratedOperator): print_the_context>, log_sql_query already registered for DAG: example_python_operator
[2023-05-31T09:47:31.154+0000] {logging_mixin.py:149} INFO - [2023-05-31T09:47:31.154+0000] {taskmixin.py:211} WARNING - Dependency <Task(_PythonDecoratedOperator): log_sql_query>, print_the_context already registered for DAG: example_python_operator
[2023-05-31T09:47:31.155+0000] {logging_mixin.py:149} INFO - [2023-05-31T09:47:31.155+0000] {taskmixin.py:211} WARNING - Dependency <Task(_PythonDecoratedOperator): print_the_context>, log_sql_query already registered for DAG: example_python_operator
[2023-05-31T09:47:31.155+0000] {logging_mixin.py:149} INFO - [2023-05-31T09:47:31.155+0000] {taskmixin.py:211} WARNING - Dependency <Task(_PythonDecoratedOperator): log_sql_query>, print_the_context already registered for DAG: example_python_operator
[2023-05-31T09:47:31.156+0000] {logging_mixin.py:149} INFO - [2023-05-31T09:47:31.156+0000] {taskmixin.py:211} WARNING - Dependency <Task(_PythonDecoratedOperator): print_the_context>, log_sql_query already registered for DAG: example_python_operator
[2023-05-31T09:47:31.156+0000] {logging_mixin.py:149} INFO - [2023-05-31T09:47:31.156+0000] {taskmixin.py:211} WARNING - Dependency <Task(_PythonDecoratedOperator): log_sql_query>, print_the_context already registered for DAG: example_python_operator
[2023-05-31T09:47:31.169+0000] {processor.py:809} INFO - DAG(s) dict_keys(['example_python_operator']) retrieved from /home/airflow/.local/lib/python3.7/site-packages/airflow/example_dags/example_python_operator.py
[2023-05-31T09:47:31.205+0000] {logging_mixin.py:149} INFO - [2023-05-31T09:47:31.205+0000] {dag.py:2726} INFO - Sync 1 DAGs
[2023-05-31T09:47:31.250+0000] {logging_mixin.py:149} INFO - [2023-05-31T09:47:31.250+0000] {dag.py:3490} INFO - Setting next_dagrun for example_python_operator to None, run_after=None
[2023-05-31T09:47:31.274+0000] {processor.py:178} INFO - Processing /home/airflow/.local/lib/python3.7/site-packages/airflow/example_dags/example_python_operator.py took 0.145 seconds
[2023-05-31T09:48:01.687+0000] {processor.py:156} INFO - Started process (PID=210) to work on /home/airflow/.local/lib/python3.7/site-packages/airflow/example_dags/example_python_operator.py
[2023-05-31T09:48:01.688+0000] {processor.py:799} INFO - Processing file /home/airflow/.local/lib/python3.7/site-packages/airflow/example_dags/example_python_operator.py for tasks to queue
[2023-05-31T09:48:01.691+0000] {logging_mixin.py:149} INFO - [2023-05-31T09:48:01.689+0000] {dagbag.py:541} INFO - Filling up the DagBag from /home/airflow/.local/lib/python3.7/site-packages/airflow/example_dags/example_python_operator.py
[2023-05-31T09:48:01.700+0000] {logging_mixin.py:149} INFO - [2023-05-31T09:48:01.700+0000] {taskmixin.py:211} WARNING - Dependency <Task(_PythonDecoratedOperator): print_the_context>, log_sql_query already registered for DAG: example_python_operator
[2023-05-31T09:48:01.701+0000] {logging_mixin.py:149} INFO - [2023-05-31T09:48:01.701+0000] {taskmixin.py:211} WARNING - Dependency <Task(_PythonDecoratedOperator): log_sql_query>, print_the_context already registered for DAG: example_python_operator
[2023-05-31T09:48:01.702+0000] {logging_mixin.py:149} INFO - [2023-05-31T09:48:01.701+0000] {taskmixin.py:211} WARNING - Dependency <Task(_PythonDecoratedOperator): print_the_context>, log_sql_query already registered for DAG: example_python_operator
[2023-05-31T09:48:01.702+0000] {logging_mixin.py:149} INFO - [2023-05-31T09:48:01.702+0000] {taskmixin.py:211} WARNING - Dependency <Task(_PythonDecoratedOperator): log_sql_query>, print_the_context already registered for DAG: example_python_operator
[2023-05-31T09:48:01.703+0000] {logging_mixin.py:149} INFO - [2023-05-31T09:48:01.703+0000] {taskmixin.py:211} WARNING - Dependency <Task(_PythonDecoratedOperator): print_the_context>, log_sql_query already registered for DAG: example_python_operator
[2023-05-31T09:48:01.703+0000] {logging_mixin.py:149} INFO - [2023-05-31T09:48:01.703+0000] {taskmixin.py:211} WARNING - Dependency <Task(_PythonDecoratedOperator): log_sql_query>, print_the_context already registered for DAG: example_python_operator
[2023-05-31T09:48:01.704+0000] {logging_mixin.py:149} INFO - [2023-05-31T09:48:01.704+0000] {taskmixin.py:211} WARNING - Dependency <Task(_PythonDecoratedOperator): print_the_context>, log_sql_query already registered for DAG: example_python_operator
[2023-05-31T09:48:01.704+0000] {logging_mixin.py:149} INFO - [2023-05-31T09:48:01.704+0000] {taskmixin.py:211} WARNING - Dependency <Task(_PythonDecoratedOperator): log_sql_query>, print_the_context already registered for DAG: example_python_operator
[2023-05-31T09:48:01.708+0000] {processor.py:809} INFO - DAG(s) dict_keys(['example_python_operator']) retrieved from /home/airflow/.local/lib/python3.7/site-packages/airflow/example_dags/example_python_operator.py
[2023-05-31T09:48:01.745+0000] {logging_mixin.py:149} INFO - [2023-05-31T09:48:01.744+0000] {dag.py:2726} INFO - Sync 1 DAGs
[2023-05-31T09:48:01.785+0000] {logging_mixin.py:149} INFO - [2023-05-31T09:48:01.785+0000] {dag.py:3490} INFO - Setting next_dagrun for example_python_operator to None, run_after=None
[2023-05-31T09:48:01.809+0000] {processor.py:178} INFO - Processing /home/airflow/.local/lib/python3.7/site-packages/airflow/example_dags/example_python_operator.py took 0.128 seconds
[2023-05-31T09:48:32.252+0000] {processor.py:156} INFO - Started process (PID=267) to work on /home/airflow/.local/lib/python3.7/site-packages/airflow/example_dags/example_python_operator.py
[2023-05-31T09:48:32.253+0000] {processor.py:799} INFO - Processing file /home/airflow/.local/lib/python3.7/site-packages/airflow/example_dags/example_python_operator.py for tasks to queue
[2023-05-31T09:48:32.254+0000] {logging_mixin.py:149} INFO - [2023-05-31T09:48:32.254+0000] {dagbag.py:541} INFO - Filling up the DagBag from /home/airflow/.local/lib/python3.7/site-packages/airflow/example_dags/example_python_operator.py
[2023-05-31T09:48:32.263+0000] {logging_mixin.py:149} INFO - [2023-05-31T09:48:32.263+0000] {taskmixin.py:211} WARNING - Dependency <Task(_PythonDecoratedOperator): print_the_context>, log_sql_query already registered for DAG: example_python_operator
[2023-05-31T09:48:32.264+0000] {logging_mixin.py:149} INFO - [2023-05-31T09:48:32.263+0000] {taskmixin.py:211} WARNING - Dependency <Task(_PythonDecoratedOperator): log_sql_query>, print_the_context already registered for DAG: example_python_operator
[2023-05-31T09:48:32.264+0000] {logging_mixin.py:149} INFO - [2023-05-31T09:48:32.264+0000] {taskmixin.py:211} WARNING - Dependency <Task(_PythonDecoratedOperator): print_the_context>, log_sql_query already registered for DAG: example_python_operator
[2023-05-31T09:48:32.265+0000] {logging_mixin.py:149} INFO - [2023-05-31T09:48:32.265+0000] {taskmixin.py:211} WARNING - Dependency <Task(_PythonDecoratedOperator): log_sql_query>, print_the_context already registered for DAG: example_python_operator
[2023-05-31T09:48:32.266+0000] {logging_mixin.py:149} INFO - [2023-05-31T09:48:32.265+0000] {taskmixin.py:211} WARNING - Dependency <Task(_PythonDecoratedOperator): print_the_context>, log_sql_query already registered for DAG: example_python_operator
[2023-05-31T09:48:32.266+0000] {logging_mixin.py:149} INFO - [2023-05-31T09:48:32.266+0000] {taskmixin.py:211} WARNING - Dependency <Task(_PythonDecoratedOperator): log_sql_query>, print_the_context already registered for DAG: example_python_operator
[2023-05-31T09:48:32.267+0000] {logging_mixin.py:149} INFO - [2023-05-31T09:48:32.267+0000] {taskmixin.py:211} WARNING - Dependency <Task(_PythonDecoratedOperator): print_the_context>, log_sql_query already registered for DAG: example_python_operator
[2023-05-31T09:48:32.267+0000] {logging_mixin.py:149} INFO - [2023-05-31T09:48:32.267+0000] {taskmixin.py:211} WARNING - Dependency <Task(_PythonDecoratedOperator): log_sql_query>, print_the_context already registered for DAG: example_python_operator
[2023-05-31T09:48:32.271+0000] {processor.py:809} INFO - DAG(s) dict_keys(['example_python_operator']) retrieved from /home/airflow/.local/lib/python3.7/site-packages/airflow/example_dags/example_python_operator.py
[2023-05-31T09:48:32.322+0000] {logging_mixin.py:149} INFO - [2023-05-31T09:48:32.322+0000] {dag.py:2726} INFO - Sync 1 DAGs
[2023-05-31T09:48:32.357+0000] {logging_mixin.py:149} INFO - [2023-05-31T09:48:32.357+0000] {dag.py:3490} INFO - Setting next_dagrun for example_python_operator to None, run_after=None
[2023-05-31T09:48:32.380+0000] {processor.py:178} INFO - Processing /home/airflow/.local/lib/python3.7/site-packages/airflow/example_dags/example_python_operator.py took 0.132 seconds
[2023-05-31T09:49:02.767+0000] {processor.py:156} INFO - Started process (PID=324) to work on /home/airflow/.local/lib/python3.7/site-packages/airflow/example_dags/example_python_operator.py
[2023-05-31T09:49:02.768+0000] {processor.py:799} INFO - Processing file /home/airflow/.local/lib/python3.7/site-packages/airflow/example_dags/example_python_operator.py for tasks to queue
[2023-05-31T09:49:02.769+0000] {logging_mixin.py:149} INFO - [2023-05-31T09:49:02.768+0000] {dagbag.py:541} INFO - Filling up the DagBag from /home/airflow/.local/lib/python3.7/site-packages/airflow/example_dags/example_python_operator.py
[2023-05-31T09:49:02.778+0000] {logging_mixin.py:149} INFO - [2023-05-31T09:49:02.778+0000] {taskmixin.py:211} WARNING - Dependency <Task(_PythonDecoratedOperator): print_the_context>, log_sql_query already registered for DAG: example_python_operator
[2023-05-31T09:49:02.778+0000] {logging_mixin.py:149} INFO - [2023-05-31T09:49:02.778+0000] {taskmixin.py:211} WARNING - Dependency <Task(_PythonDecoratedOperator): log_sql_query>, print_the_context already registered for DAG: example_python_operator
[2023-05-31T09:49:02.779+0000] {logging_mixin.py:149} INFO - [2023-05-31T09:49:02.779+0000] {taskmixin.py:211} WARNING - Dependency <Task(_PythonDecoratedOperator): print_the_context>, log_sql_query already registered for DAG: example_python_operator
[2023-05-31T09:49:02.779+0000] {logging_mixin.py:149} INFO - [2023-05-31T09:49:02.779+0000] {taskmixin.py:211} WARNING - Dependency <Task(_PythonDecoratedOperator): log_sql_query>, print_the_context already registered for DAG: example_python_operator
[2023-05-31T09:49:02.780+0000] {logging_mixin.py:149} INFO - [2023-05-31T09:49:02.780+0000] {taskmixin.py:211} WARNING - Dependency <Task(_PythonDecoratedOperator): print_the_context>, log_sql_query already registered for DAG: example_python_operator
[2023-05-31T09:49:02.781+0000] {logging_mixin.py:149} INFO - [2023-05-31T09:49:02.780+0000] {taskmixin.py:211} WARNING - Dependency <Task(_PythonDecoratedOperator): log_sql_query>, print_the_context already registered for DAG: example_python_operator
[2023-05-31T09:49:02.781+0000] {logging_mixin.py:149} INFO - [2023-05-31T09:49:02.781+0000] {taskmixin.py:211} WARNING - Dependency <Task(_PythonDecoratedOperator): print_the_context>, log_sql_query already registered for DAG: example_python_operator
[2023-05-31T09:49:02.782+0000] {logging_mixin.py:149} INFO - [2023-05-31T09:49:02.782+0000] {taskmixin.py:211} WARNING - Dependency <Task(_PythonDecoratedOperator): log_sql_query>, print_the_context already registered for DAG: example_python_operator
[2023-05-31T09:49:02.785+0000] {processor.py:809} INFO - DAG(s) dict_keys(['example_python_operator']) retrieved from /home/airflow/.local/lib/python3.7/site-packages/airflow/example_dags/example_python_operator.py
[2023-05-31T09:49:02.823+0000] {logging_mixin.py:149} INFO - [2023-05-31T09:49:02.822+0000] {dag.py:2726} INFO - Sync 1 DAGs
[2023-05-31T09:49:02.857+0000] {logging_mixin.py:149} INFO - [2023-05-31T09:49:02.857+0000] {dag.py:3490} INFO - Setting next_dagrun for example_python_operator to None, run_after=None
[2023-05-31T09:49:02.879+0000] {processor.py:178} INFO - Processing /home/airflow/.local/lib/python3.7/site-packages/airflow/example_dags/example_python_operator.py took 0.117 seconds
[2023-05-31T09:49:33.660+0000] {processor.py:156} INFO - Started process (PID=382) to work on /home/airflow/.local/lib/python3.7/site-packages/airflow/example_dags/example_python_operator.py
[2023-05-31T09:49:33.662+0000] {processor.py:799} INFO - Processing file /home/airflow/.local/lib/python3.7/site-packages/airflow/example_dags/example_python_operator.py for tasks to queue
[2023-05-31T09:49:33.662+0000] {logging_mixin.py:149} INFO - [2023-05-31T09:49:33.662+0000] {dagbag.py:541} INFO - Filling up the DagBag from /home/airflow/.local/lib/python3.7/site-packages/airflow/example_dags/example_python_operator.py
[2023-05-31T09:49:33.671+0000] {logging_mixin.py:149} INFO - [2023-05-31T09:49:33.671+0000] {taskmixin.py:211} WARNING - Dependency <Task(_PythonDecoratedOperator): print_the_context>, log_sql_query already registered for DAG: example_python_operator
[2023-05-31T09:49:33.671+0000] {logging_mixin.py:149} INFO - [2023-05-31T09:49:33.671+0000] {taskmixin.py:211} WARNING - Dependency <Task(_PythonDecoratedOperator): log_sql_query>, print_the_context already registered for DAG: example_python_operator
[2023-05-31T09:49:33.672+0000] {logging_mixin.py:149} INFO - [2023-05-31T09:49:33.672+0000] {taskmixin.py:211} WARNING - Dependency <Task(_PythonDecoratedOperator): print_the_context>, log_sql_query already registered for DAG: example_python_operator
[2023-05-31T09:49:33.672+0000] {logging_mixin.py:149} INFO - [2023-05-31T09:49:33.672+0000] {taskmixin.py:211} WARNING - Dependency <Task(_PythonDecoratedOperator): log_sql_query>, print_the_context already registered for DAG: example_python_operator
[2023-05-31T09:49:33.673+0000] {logging_mixin.py:149} INFO - [2023-05-31T09:49:33.673+0000] {taskmixin.py:211} WARNING - Dependency <Task(_PythonDecoratedOperator): print_the_context>, log_sql_query already registered for DAG: example_python_operator
[2023-05-31T09:49:33.673+0000] {logging_mixin.py:149} INFO - [2023-05-31T09:49:33.673+0000] {taskmixin.py:211} WARNING - Dependency <Task(_PythonDecoratedOperator): log_sql_query>, print_the_context already registered for DAG: example_python_operator
[2023-05-31T09:49:33.674+0000] {logging_mixin.py:149} INFO - [2023-05-31T09:49:33.674+0000] {taskmixin.py:211} WARNING - Dependency <Task(_PythonDecoratedOperator): print_the_context>, log_sql_query already registered for DAG: example_python_operator
[2023-05-31T09:49:33.674+0000] {logging_mixin.py:149} INFO - [2023-05-31T09:49:33.674+0000] {taskmixin.py:211} WARNING - Dependency <Task(_PythonDecoratedOperator): log_sql_query>, print_the_context already registered for DAG: example_python_operator
[2023-05-31T09:49:33.678+0000] {processor.py:809} INFO - DAG(s) dict_keys(['example_python_operator']) retrieved from /home/airflow/.local/lib/python3.7/site-packages/airflow/example_dags/example_python_operator.py
[2023-05-31T09:49:33.716+0000] {logging_mixin.py:149} INFO - [2023-05-31T09:49:33.716+0000] {dag.py:2726} INFO - Sync 1 DAGs
[2023-05-31T09:49:33.748+0000] {logging_mixin.py:149} INFO - [2023-05-31T09:49:33.748+0000] {dag.py:3490} INFO - Setting next_dagrun for example_python_operator to None, run_after=None
[2023-05-31T09:49:33.769+0000] {processor.py:178} INFO - Processing /home/airflow/.local/lib/python3.7/site-packages/airflow/example_dags/example_python_operator.py took 0.113 seconds
[2023-05-31T09:50:03.921+0000] {processor.py:156} INFO - Started process (PID=439) to work on /home/airflow/.local/lib/python3.7/site-packages/airflow/example_dags/example_python_operator.py
[2023-05-31T09:50:03.922+0000] {processor.py:799} INFO - Processing file /home/airflow/.local/lib/python3.7/site-packages/airflow/example_dags/example_python_operator.py for tasks to queue
[2023-05-31T09:50:03.922+0000] {logging_mixin.py:149} INFO - [2023-05-31T09:50:03.922+0000] {dagbag.py:541} INFO - Filling up the DagBag from /home/airflow/.local/lib/python3.7/site-packages/airflow/example_dags/example_python_operator.py
[2023-05-31T09:50:03.931+0000] {logging_mixin.py:149} INFO - [2023-05-31T09:50:03.931+0000] {taskmixin.py:211} WARNING - Dependency <Task(_PythonDecoratedOperator): print_the_context>, log_sql_query already registered for DAG: example_python_operator
[2023-05-31T09:50:03.932+0000] {logging_mixin.py:149} INFO - [2023-05-31T09:50:03.931+0000] {taskmixin.py:211} WARNING - Dependency <Task(_PythonDecoratedOperator): log_sql_query>, print_the_context already registered for DAG: example_python_operator
[2023-05-31T09:50:03.932+0000] {logging_mixin.py:149} INFO - [2023-05-31T09:50:03.932+0000] {taskmixin.py:211} WARNING - Dependency <Task(_PythonDecoratedOperator): print_the_context>, log_sql_query already registered for DAG: example_python_operator
[2023-05-31T09:50:03.933+0000] {logging_mixin.py:149} INFO - [2023-05-31T09:50:03.933+0000] {taskmixin.py:211} WARNING - Dependency <Task(_PythonDecoratedOperator): log_sql_query>, print_the_context already registered for DAG: example_python_operator
[2023-05-31T09:50:03.934+0000] {logging_mixin.py:149} INFO - [2023-05-31T09:50:03.933+0000] {taskmixin.py:211} WARNING - Dependency <Task(_PythonDecoratedOperator): print_the_context>, log_sql_query already registered for DAG: example_python_operator
[2023-05-31T09:50:03.934+0000] {logging_mixin.py:149} INFO - [2023-05-31T09:50:03.934+0000] {taskmixin.py:211} WARNING - Dependency <Task(_PythonDecoratedOperator): log_sql_query>, print_the_context already registered for DAG: example_python_operator
[2023-05-31T09:50:03.935+0000] {logging_mixin.py:149} INFO - [2023-05-31T09:50:03.935+0000] {taskmixin.py:211} WARNING - Dependency <Task(_PythonDecoratedOperator): print_the_context>, log_sql_query already registered for DAG: example_python_operator
[2023-05-31T09:50:03.935+0000] {logging_mixin.py:149} INFO - [2023-05-31T09:50:03.935+0000] {taskmixin.py:211} WARNING - Dependency <Task(_PythonDecoratedOperator): log_sql_query>, print_the_context already registered for DAG: example_python_operator
[2023-05-31T09:50:03.938+0000] {processor.py:809} INFO - DAG(s) dict_keys(['example_python_operator']) retrieved from /home/airflow/.local/lib/python3.7/site-packages/airflow/example_dags/example_python_operator.py
[2023-05-31T09:50:03.979+0000] {logging_mixin.py:149} INFO - [2023-05-31T09:50:03.979+0000] {dag.py:2726} INFO - Sync 1 DAGs
[2023-05-31T09:50:04.012+0000] {logging_mixin.py:149} INFO - [2023-05-31T09:50:04.011+0000] {dag.py:3490} INFO - Setting next_dagrun for example_python_operator to None, run_after=None
[2023-05-31T09:50:04.035+0000] {processor.py:178} INFO - Processing /home/airflow/.local/lib/python3.7/site-packages/airflow/example_dags/example_python_operator.py took 0.119 seconds
[2023-05-31T09:50:34.880+0000] {processor.py:156} INFO - Started process (PID=496) to work on /home/airflow/.local/lib/python3.7/site-packages/airflow/example_dags/example_python_operator.py
[2023-05-31T09:50:34.882+0000] {processor.py:799} INFO - Processing file /home/airflow/.local/lib/python3.7/site-packages/airflow/example_dags/example_python_operator.py for tasks to queue
[2023-05-31T09:50:34.882+0000] {logging_mixin.py:149} INFO - [2023-05-31T09:50:34.882+0000] {dagbag.py:541} INFO - Filling up the DagBag from /home/airflow/.local/lib/python3.7/site-packages/airflow/example_dags/example_python_operator.py
[2023-05-31T09:50:34.891+0000] {logging_mixin.py:149} INFO - [2023-05-31T09:50:34.891+0000] {taskmixin.py:211} WARNING - Dependency <Task(_PythonDecoratedOperator): print_the_context>, log_sql_query already registered for DAG: example_python_operator
[2023-05-31T09:50:34.891+0000] {logging_mixin.py:149} INFO - [2023-05-31T09:50:34.891+0000] {taskmixin.py:211} WARNING - Dependency <Task(_PythonDecoratedOperator): log_sql_query>, print_the_context already registered for DAG: example_python_operator
[2023-05-31T09:50:34.892+0000] {logging_mixin.py:149} INFO - [2023-05-31T09:50:34.892+0000] {taskmixin.py:211} WARNING - Dependency <Task(_PythonDecoratedOperator): print_the_context>, log_sql_query already registered for DAG: example_python_operator
[2023-05-31T09:50:34.892+0000] {logging_mixin.py:149} INFO - [2023-05-31T09:50:34.892+0000] {taskmixin.py:211} WARNING - Dependency <Task(_PythonDecoratedOperator): log_sql_query>, print_the_context already registered for DAG: example_python_operator
[2023-05-31T09:50:34.893+0000] {logging_mixin.py:149} INFO - [2023-05-31T09:50:34.893+0000] {taskmixin.py:211} WARNING - Dependency <Task(_PythonDecoratedOperator): print_the_context>, log_sql_query already registered for DAG: example_python_operator
[2023-05-31T09:50:34.893+0000] {logging_mixin.py:149} INFO - [2023-05-31T09:50:34.893+0000] {taskmixin.py:211} WARNING - Dependency <Task(_PythonDecoratedOperator): log_sql_query>, print_the_context already registered for DAG: example_python_operator
[2023-05-31T09:50:34.894+0000] {logging_mixin.py:149} INFO - [2023-05-31T09:50:34.894+0000] {taskmixin.py:211} WARNING - Dependency <Task(_PythonDecoratedOperator): print_the_context>, log_sql_query already registered for DAG: example_python_operator
[2023-05-31T09:50:34.894+0000] {logging_mixin.py:149} INFO - [2023-05-31T09:50:34.894+0000] {taskmixin.py:211} WARNING - Dependency <Task(_PythonDecoratedOperator): log_sql_query>, print_the_context already registered for DAG: example_python_operator
[2023-05-31T09:50:34.898+0000] {processor.py:809} INFO - DAG(s) dict_keys(['example_python_operator']) retrieved from /home/airflow/.local/lib/python3.7/site-packages/airflow/example_dags/example_python_operator.py
[2023-05-31T09:50:34.932+0000] {logging_mixin.py:149} INFO - [2023-05-31T09:50:34.932+0000] {dag.py:2726} INFO - Sync 1 DAGs
[2023-05-31T09:50:34.977+0000] {logging_mixin.py:149} INFO - [2023-05-31T09:50:34.977+0000] {dag.py:3490} INFO - Setting next_dagrun for example_python_operator to None, run_after=None
[2023-05-31T09:50:34.999+0000] {processor.py:178} INFO - Processing /home/airflow/.local/lib/python3.7/site-packages/airflow/example_dags/example_python_operator.py took 0.122 seconds
[2023-05-31T09:51:05.221+0000] {processor.py:156} INFO - Started process (PID=553) to work on /home/airflow/.local/lib/python3.7/site-packages/airflow/example_dags/example_python_operator.py
[2023-05-31T09:51:05.222+0000] {processor.py:799} INFO - Processing file /home/airflow/.local/lib/python3.7/site-packages/airflow/example_dags/example_python_operator.py for tasks to queue
[2023-05-31T09:51:05.223+0000] {logging_mixin.py:149} INFO - [2023-05-31T09:51:05.223+0000] {dagbag.py:541} INFO - Filling up the DagBag from /home/airflow/.local/lib/python3.7/site-packages/airflow/example_dags/example_python_operator.py
[2023-05-31T09:51:05.251+0000] {logging_mixin.py:149} INFO - [2023-05-31T09:51:05.248+0000] {taskmixin.py:211} WARNING - Dependency <Task(_PythonDecoratedOperator): print_the_context>, log_sql_query already registered for DAG: example_python_operator
[2023-05-31T09:51:05.252+0000] {logging_mixin.py:149} INFO - [2023-05-31T09:51:05.252+0000] {taskmixin.py:211} WARNING - Dependency <Task(_PythonDecoratedOperator): log_sql_query>, print_the_context already registered for DAG: example_python_operator
[2023-05-31T09:51:05.254+0000] {logging_mixin.py:149} INFO - [2023-05-31T09:51:05.252+0000] {taskmixin.py:211} WARNING - Dependency <Task(_PythonDecoratedOperator): print_the_context>, log_sql_query already registered for DAG: example_python_operator
[2023-05-31T09:51:05.255+0000] {logging_mixin.py:149} INFO - [2023-05-31T09:51:05.255+0000] {taskmixin.py:211} WARNING - Dependency <Task(_PythonDecoratedOperator): log_sql_query>, print_the_context already registered for DAG: example_python_operator
[2023-05-31T09:51:05.256+0000] {logging_mixin.py:149} INFO - [2023-05-31T09:51:05.255+0000] {taskmixin.py:211} WARNING - Dependency <Task(_PythonDecoratedOperator): print_the_context>, log_sql_query already registered for DAG: example_python_operator
[2023-05-31T09:51:05.256+0000] {logging_mixin.py:149} INFO - [2023-05-31T09:51:05.256+0000] {taskmixin.py:211} WARNING - Dependency <Task(_PythonDecoratedOperator): log_sql_query>, print_the_context already registered for DAG: example_python_operator
[2023-05-31T09:51:05.257+0000] {logging_mixin.py:149} INFO - [2023-05-31T09:51:05.257+0000] {taskmixin.py:211} WARNING - Dependency <Task(_PythonDecoratedOperator): print_the_context>, log_sql_query already registered for DAG: example_python_operator
[2023-05-31T09:51:05.257+0000] {logging_mixin.py:149} INFO - [2023-05-31T09:51:05.257+0000] {taskmixin.py:211} WARNING - Dependency <Task(_PythonDecoratedOperator): log_sql_query>, print_the_context already registered for DAG: example_python_operator
[2023-05-31T09:51:05.260+0000] {processor.py:809} INFO - DAG(s) dict_keys(['example_python_operator']) retrieved from /home/airflow/.local/lib/python3.7/site-packages/airflow/example_dags/example_python_operator.py
[2023-05-31T09:51:05.338+0000] {logging_mixin.py:149} INFO - [2023-05-31T09:51:05.338+0000] {dag.py:2726} INFO - Sync 1 DAGs
[2023-05-31T09:51:05.377+0000] {logging_mixin.py:149} INFO - [2023-05-31T09:51:05.376+0000] {dag.py:3490} INFO - Setting next_dagrun for example_python_operator to None, run_after=None
[2023-05-31T09:51:05.411+0000] {processor.py:178} INFO - Processing /home/airflow/.local/lib/python3.7/site-packages/airflow/example_dags/example_python_operator.py took 0.194 seconds
[2023-05-31T09:51:36.231+0000] {processor.py:156} INFO - Started process (PID=610) to work on /home/airflow/.local/lib/python3.7/site-packages/airflow/example_dags/example_python_operator.py
[2023-05-31T09:51:36.232+0000] {processor.py:799} INFO - Processing file /home/airflow/.local/lib/python3.7/site-packages/airflow/example_dags/example_python_operator.py for tasks to queue
[2023-05-31T09:51:36.233+0000] {logging_mixin.py:149} INFO - [2023-05-31T09:51:36.233+0000] {dagbag.py:541} INFO - Filling up the DagBag from /home/airflow/.local/lib/python3.7/site-packages/airflow/example_dags/example_python_operator.py
[2023-05-31T09:51:36.241+0000] {logging_mixin.py:149} INFO - [2023-05-31T09:51:36.241+0000] {taskmixin.py:211} WARNING - Dependency <Task(_PythonDecoratedOperator): print_the_context>, log_sql_query already registered for DAG: example_python_operator
[2023-05-31T09:51:36.242+0000] {logging_mixin.py:149} INFO - [2023-05-31T09:51:36.242+0000] {taskmixin.py:211} WARNING - Dependency <Task(_PythonDecoratedOperator): log_sql_query>, print_the_context already registered for DAG: example_python_operator
[2023-05-31T09:51:36.243+0000] {logging_mixin.py:149} INFO - [2023-05-31T09:51:36.242+0000] {taskmixin.py:211} WARNING - Dependency <Task(_PythonDecoratedOperator): print_the_context>, log_sql_query already registered for DAG: example_python_operator
[2023-05-31T09:51:36.243+0000] {logging_mixin.py:149} INFO - [2023-05-31T09:51:36.243+0000] {taskmixin.py:211} WARNING - Dependency <Task(_PythonDecoratedOperator): log_sql_query>, print_the_context already registered for DAG: example_python_operator
[2023-05-31T09:51:36.244+0000] {logging_mixin.py:149} INFO - [2023-05-31T09:51:36.244+0000] {taskmixin.py:211} WARNING - Dependency <Task(_PythonDecoratedOperator): print_the_context>, log_sql_query already registered for DAG: example_python_operator
[2023-05-31T09:51:36.244+0000] {logging_mixin.py:149} INFO - [2023-05-31T09:51:36.244+0000] {taskmixin.py:211} WARNING - Dependency <Task(_PythonDecoratedOperator): log_sql_query>, print_the_context already registered for DAG: example_python_operator
[2023-05-31T09:51:36.245+0000] {logging_mixin.py:149} INFO - [2023-05-31T09:51:36.245+0000] {taskmixin.py:211} WARNING - Dependency <Task(_PythonDecoratedOperator): print_the_context>, log_sql_query already registered for DAG: example_python_operator
[2023-05-31T09:51:36.245+0000] {logging_mixin.py:149} INFO - [2023-05-31T09:51:36.245+0000] {taskmixin.py:211} WARNING - Dependency <Task(_PythonDecoratedOperator): log_sql_query>, print_the_context already registered for DAG: example_python_operator
[2023-05-31T09:51:36.248+0000] {processor.py:809} INFO - DAG(s) dict_keys(['example_python_operator']) retrieved from /home/airflow/.local/lib/python3.7/site-packages/airflow/example_dags/example_python_operator.py
[2023-05-31T09:51:36.284+0000] {logging_mixin.py:149} INFO - [2023-05-31T09:51:36.283+0000] {dag.py:2726} INFO - Sync 1 DAGs
[2023-05-31T09:51:36.317+0000] {logging_mixin.py:149} INFO - [2023-05-31T09:51:36.316+0000] {dag.py:3490} INFO - Setting next_dagrun for example_python_operator to None, run_after=None
[2023-05-31T09:51:36.339+0000] {processor.py:178} INFO - Processing /home/airflow/.local/lib/python3.7/site-packages/airflow/example_dags/example_python_operator.py took 0.112 seconds
[2023-05-31T09:52:06.794+0000] {processor.py:156} INFO - Started process (PID=668) to work on /home/airflow/.local/lib/python3.7/site-packages/airflow/example_dags/example_python_operator.py
[2023-05-31T09:52:06.796+0000] {processor.py:799} INFO - Processing file /home/airflow/.local/lib/python3.7/site-packages/airflow/example_dags/example_python_operator.py for tasks to queue
[2023-05-31T09:52:06.797+0000] {logging_mixin.py:149} INFO - [2023-05-31T09:52:06.797+0000] {dagbag.py:541} INFO - Filling up the DagBag from /home/airflow/.local/lib/python3.7/site-packages/airflow/example_dags/example_python_operator.py
[2023-05-31T09:52:06.805+0000] {logging_mixin.py:149} INFO - [2023-05-31T09:52:06.805+0000] {taskmixin.py:211} WARNING - Dependency <Task(_PythonDecoratedOperator): print_the_context>, log_sql_query already registered for DAG: example_python_operator
[2023-05-31T09:52:06.805+0000] {logging_mixin.py:149} INFO - [2023-05-31T09:52:06.805+0000] {taskmixin.py:211} WARNING - Dependency <Task(_PythonDecoratedOperator): log_sql_query>, print_the_context already registered for DAG: example_python_operator
[2023-05-31T09:52:06.806+0000] {logging_mixin.py:149} INFO - [2023-05-31T09:52:06.806+0000] {taskmixin.py:211} WARNING - Dependency <Task(_PythonDecoratedOperator): print_the_context>, log_sql_query already registered for DAG: example_python_operator
[2023-05-31T09:52:06.806+0000] {logging_mixin.py:149} INFO - [2023-05-31T09:52:06.806+0000] {taskmixin.py:211} WARNING - Dependency <Task(_PythonDecoratedOperator): log_sql_query>, print_the_context already registered for DAG: example_python_operator
[2023-05-31T09:52:06.807+0000] {logging_mixin.py:149} INFO - [2023-05-31T09:52:06.807+0000] {taskmixin.py:211} WARNING - Dependency <Task(_PythonDecoratedOperator): print_the_context>, log_sql_query already registered for DAG: example_python_operator
[2023-05-31T09:52:06.808+0000] {logging_mixin.py:149} INFO - [2023-05-31T09:52:06.807+0000] {taskmixin.py:211} WARNING - Dependency <Task(_PythonDecoratedOperator): log_sql_query>, print_the_context already registered for DAG: example_python_operator
[2023-05-31T09:52:06.808+0000] {logging_mixin.py:149} INFO - [2023-05-31T09:52:06.808+0000] {taskmixin.py:211} WARNING - Dependency <Task(_PythonDecoratedOperator): print_the_context>, log_sql_query already registered for DAG: example_python_operator
[2023-05-31T09:52:06.809+0000] {logging_mixin.py:149} INFO - [2023-05-31T09:52:06.809+0000] {taskmixin.py:211} WARNING - Dependency <Task(_PythonDecoratedOperator): log_sql_query>, print_the_context already registered for DAG: example_python_operator
[2023-05-31T09:52:06.812+0000] {processor.py:809} INFO - DAG(s) dict_keys(['example_python_operator']) retrieved from /home/airflow/.local/lib/python3.7/site-packages/airflow/example_dags/example_python_operator.py
[2023-05-31T09:52:06.852+0000] {logging_mixin.py:149} INFO - [2023-05-31T09:52:06.852+0000] {dag.py:2726} INFO - Sync 1 DAGs
[2023-05-31T09:52:06.893+0000] {logging_mixin.py:149} INFO - [2023-05-31T09:52:06.893+0000] {dag.py:3490} INFO - Setting next_dagrun for example_python_operator to None, run_after=None
[2023-05-31T09:52:06.915+0000] {processor.py:178} INFO - Processing /home/airflow/.local/lib/python3.7/site-packages/airflow/example_dags/example_python_operator.py took 0.124 seconds
