[2023-05-31T09:46:31.983+0000] {processor.py:156} INFO - Started process (PID=54) to work on /home/airflow/.local/lib/python3.7/site-packages/airflow/example_dags/example_complex.py
[2023-05-31T09:46:31.984+0000] {processor.py:799} INFO - Processing file /home/airflow/.local/lib/python3.7/site-packages/airflow/example_dags/example_complex.py for tasks to queue
[2023-05-31T09:46:31.988+0000] {logging_mixin.py:149} INFO - [2023-05-31T09:46:31.988+0000] {dagbag.py:541} INFO - Filling up the DagBag from /home/airflow/.local/lib/python3.7/site-packages/airflow/example_dags/example_complex.py
[2023-05-31T09:46:32.026+0000] {logging_mixin.py:149} INFO - [2023-05-31T09:46:32.026+0000] {taskmixin.py:211} WARNING - Dependency <Task(BashOperator): create_entry_group>, delete_entry_group already registered for DAG: example_complex
[2023-05-31T09:46:32.027+0000] {logging_mixin.py:149} INFO - [2023-05-31T09:46:32.026+0000] {taskmixin.py:211} WARNING - Dependency <Task(BashOperator): delete_entry_group>, create_entry_group already registered for DAG: example_complex
[2023-05-31T09:46:32.027+0000] {logging_mixin.py:149} INFO - [2023-05-31T09:46:32.027+0000] {taskmixin.py:211} WARNING - Dependency <Task(BashOperator): create_entry_gcs>, delete_entry already registered for DAG: example_complex
[2023-05-31T09:46:32.027+0000] {logging_mixin.py:149} INFO - [2023-05-31T09:46:32.027+0000] {taskmixin.py:211} WARNING - Dependency <Task(BashOperator): delete_entry>, create_entry_gcs already registered for DAG: example_complex
[2023-05-31T09:46:32.028+0000] {logging_mixin.py:149} INFO - [2023-05-31T09:46:32.027+0000] {taskmixin.py:211} WARNING - Dependency <Task(BashOperator): create_tag>, delete_tag already registered for DAG: example_complex
[2023-05-31T09:46:32.028+0000] {logging_mixin.py:149} INFO - [2023-05-31T09:46:32.028+0000] {taskmixin.py:211} WARNING - Dependency <Task(BashOperator): delete_tag>, create_tag already registered for DAG: example_complex
[2023-05-31T09:46:32.030+0000] {processor.py:809} INFO - DAG(s) dict_keys(['example_complex']) retrieved from /home/airflow/.local/lib/python3.7/site-packages/airflow/example_dags/example_complex.py
[2023-05-31T09:46:32.152+0000] {logging_mixin.py:149} INFO - [2023-05-31T09:46:32.151+0000] {dag.py:2726} INFO - Sync 1 DAGs
[2023-05-31T09:46:32.229+0000] {logging_mixin.py:149} INFO - [2023-05-31T09:46:32.229+0000] {dag.py:3490} INFO - Setting next_dagrun for example_complex to None, run_after=None
[2023-05-31T09:46:32.279+0000] {processor.py:178} INFO - Processing /home/airflow/.local/lib/python3.7/site-packages/airflow/example_dags/example_complex.py took 0.316 seconds
[2023-05-31T09:47:03.119+0000] {processor.py:156} INFO - Started process (PID=111) to work on /home/airflow/.local/lib/python3.7/site-packages/airflow/example_dags/example_complex.py
[2023-05-31T09:47:03.121+0000] {processor.py:799} INFO - Processing file /home/airflow/.local/lib/python3.7/site-packages/airflow/example_dags/example_complex.py for tasks to queue
[2023-05-31T09:47:03.122+0000] {logging_mixin.py:149} INFO - [2023-05-31T09:47:03.122+0000] {dagbag.py:541} INFO - Filling up the DagBag from /home/airflow/.local/lib/python3.7/site-packages/airflow/example_dags/example_complex.py
[2023-05-31T09:47:03.136+0000] {logging_mixin.py:149} INFO - [2023-05-31T09:47:03.136+0000] {taskmixin.py:211} WARNING - Dependency <Task(BashOperator): create_entry_group>, delete_entry_group already registered for DAG: example_complex
[2023-05-31T09:47:03.136+0000] {logging_mixin.py:149} INFO - [2023-05-31T09:47:03.136+0000] {taskmixin.py:211} WARNING - Dependency <Task(BashOperator): delete_entry_group>, create_entry_group already registered for DAG: example_complex
[2023-05-31T09:47:03.137+0000] {logging_mixin.py:149} INFO - [2023-05-31T09:47:03.136+0000] {taskmixin.py:211} WARNING - Dependency <Task(BashOperator): create_entry_gcs>, delete_entry already registered for DAG: example_complex
[2023-05-31T09:47:03.137+0000] {logging_mixin.py:149} INFO - [2023-05-31T09:47:03.137+0000] {taskmixin.py:211} WARNING - Dependency <Task(BashOperator): delete_entry>, create_entry_gcs already registered for DAG: example_complex
[2023-05-31T09:47:03.137+0000] {logging_mixin.py:149} INFO - [2023-05-31T09:47:03.137+0000] {taskmixin.py:211} WARNING - Dependency <Task(BashOperator): create_tag>, delete_tag already registered for DAG: example_complex
[2023-05-31T09:47:03.138+0000] {logging_mixin.py:149} INFO - [2023-05-31T09:47:03.138+0000] {taskmixin.py:211} WARNING - Dependency <Task(BashOperator): delete_tag>, create_tag already registered for DAG: example_complex
[2023-05-31T09:47:03.140+0000] {processor.py:809} INFO - DAG(s) dict_keys(['example_complex']) retrieved from /home/airflow/.local/lib/python3.7/site-packages/airflow/example_dags/example_complex.py
[2023-05-31T09:47:03.192+0000] {logging_mixin.py:149} INFO - [2023-05-31T09:47:03.191+0000] {dag.py:2726} INFO - Sync 1 DAGs
[2023-05-31T09:47:03.229+0000] {logging_mixin.py:149} INFO - [2023-05-31T09:47:03.229+0000] {dag.py:3490} INFO - Setting next_dagrun for example_complex to None, run_after=None
[2023-05-31T09:47:03.258+0000] {processor.py:178} INFO - Processing /home/airflow/.local/lib/python3.7/site-packages/airflow/example_dags/example_complex.py took 0.143 seconds
[2023-05-31T09:47:33.304+0000] {processor.py:156} INFO - Started process (PID=167) to work on /home/airflow/.local/lib/python3.7/site-packages/airflow/example_dags/example_complex.py
[2023-05-31T09:47:33.306+0000] {processor.py:799} INFO - Processing file /home/airflow/.local/lib/python3.7/site-packages/airflow/example_dags/example_complex.py for tasks to queue
[2023-05-31T09:47:33.306+0000] {logging_mixin.py:149} INFO - [2023-05-31T09:47:33.306+0000] {dagbag.py:541} INFO - Filling up the DagBag from /home/airflow/.local/lib/python3.7/site-packages/airflow/example_dags/example_complex.py
[2023-05-31T09:47:33.320+0000] {logging_mixin.py:149} INFO - [2023-05-31T09:47:33.320+0000] {taskmixin.py:211} WARNING - Dependency <Task(BashOperator): create_entry_group>, delete_entry_group already registered for DAG: example_complex
[2023-05-31T09:47:33.321+0000] {logging_mixin.py:149} INFO - [2023-05-31T09:47:33.320+0000] {taskmixin.py:211} WARNING - Dependency <Task(BashOperator): delete_entry_group>, create_entry_group already registered for DAG: example_complex
[2023-05-31T09:47:33.321+0000] {logging_mixin.py:149} INFO - [2023-05-31T09:47:33.321+0000] {taskmixin.py:211} WARNING - Dependency <Task(BashOperator): create_entry_gcs>, delete_entry already registered for DAG: example_complex
[2023-05-31T09:47:33.321+0000] {logging_mixin.py:149} INFO - [2023-05-31T09:47:33.321+0000] {taskmixin.py:211} WARNING - Dependency <Task(BashOperator): delete_entry>, create_entry_gcs already registered for DAG: example_complex
[2023-05-31T09:47:33.322+0000] {logging_mixin.py:149} INFO - [2023-05-31T09:47:33.321+0000] {taskmixin.py:211} WARNING - Dependency <Task(BashOperator): create_tag>, delete_tag already registered for DAG: example_complex
[2023-05-31T09:47:33.322+0000] {logging_mixin.py:149} INFO - [2023-05-31T09:47:33.322+0000] {taskmixin.py:211} WARNING - Dependency <Task(BashOperator): delete_tag>, create_tag already registered for DAG: example_complex
[2023-05-31T09:47:33.324+0000] {processor.py:809} INFO - DAG(s) dict_keys(['example_complex']) retrieved from /home/airflow/.local/lib/python3.7/site-packages/airflow/example_dags/example_complex.py
[2023-05-31T09:47:33.382+0000] {logging_mixin.py:149} INFO - [2023-05-31T09:47:33.381+0000] {dag.py:2726} INFO - Sync 1 DAGs
[2023-05-31T09:47:33.422+0000] {logging_mixin.py:149} INFO - [2023-05-31T09:47:33.421+0000] {dag.py:3490} INFO - Setting next_dagrun for example_complex to None, run_after=None
[2023-05-31T09:47:33.445+0000] {processor.py:178} INFO - Processing /home/airflow/.local/lib/python3.7/site-packages/airflow/example_dags/example_complex.py took 0.145 seconds
[2023-05-31T09:48:03.774+0000] {processor.py:156} INFO - Started process (PID=224) to work on /home/airflow/.local/lib/python3.7/site-packages/airflow/example_dags/example_complex.py
[2023-05-31T09:48:03.775+0000] {processor.py:799} INFO - Processing file /home/airflow/.local/lib/python3.7/site-packages/airflow/example_dags/example_complex.py for tasks to queue
[2023-05-31T09:48:03.775+0000] {logging_mixin.py:149} INFO - [2023-05-31T09:48:03.775+0000] {dagbag.py:541} INFO - Filling up the DagBag from /home/airflow/.local/lib/python3.7/site-packages/airflow/example_dags/example_complex.py
[2023-05-31T09:48:03.789+0000] {logging_mixin.py:149} INFO - [2023-05-31T09:48:03.789+0000] {taskmixin.py:211} WARNING - Dependency <Task(BashOperator): create_entry_group>, delete_entry_group already registered for DAG: example_complex
[2023-05-31T09:48:03.789+0000] {logging_mixin.py:149} INFO - [2023-05-31T09:48:03.789+0000] {taskmixin.py:211} WARNING - Dependency <Task(BashOperator): delete_entry_group>, create_entry_group already registered for DAG: example_complex
[2023-05-31T09:48:03.790+0000] {logging_mixin.py:149} INFO - [2023-05-31T09:48:03.790+0000] {taskmixin.py:211} WARNING - Dependency <Task(BashOperator): create_entry_gcs>, delete_entry already registered for DAG: example_complex
[2023-05-31T09:48:03.790+0000] {logging_mixin.py:149} INFO - [2023-05-31T09:48:03.790+0000] {taskmixin.py:211} WARNING - Dependency <Task(BashOperator): delete_entry>, create_entry_gcs already registered for DAG: example_complex
[2023-05-31T09:48:03.790+0000] {logging_mixin.py:149} INFO - [2023-05-31T09:48:03.790+0000] {taskmixin.py:211} WARNING - Dependency <Task(BashOperator): create_tag>, delete_tag already registered for DAG: example_complex
[2023-05-31T09:48:03.791+0000] {logging_mixin.py:149} INFO - [2023-05-31T09:48:03.791+0000] {taskmixin.py:211} WARNING - Dependency <Task(BashOperator): delete_tag>, create_tag already registered for DAG: example_complex
[2023-05-31T09:48:03.793+0000] {processor.py:809} INFO - DAG(s) dict_keys(['example_complex']) retrieved from /home/airflow/.local/lib/python3.7/site-packages/airflow/example_dags/example_complex.py
[2023-05-31T09:48:03.841+0000] {logging_mixin.py:149} INFO - [2023-05-31T09:48:03.841+0000] {dag.py:2726} INFO - Sync 1 DAGs
[2023-05-31T09:48:03.877+0000] {logging_mixin.py:149} INFO - [2023-05-31T09:48:03.877+0000] {dag.py:3490} INFO - Setting next_dagrun for example_complex to None, run_after=None
[2023-05-31T09:48:03.903+0000] {processor.py:178} INFO - Processing /home/airflow/.local/lib/python3.7/site-packages/airflow/example_dags/example_complex.py took 0.134 seconds
[2023-05-31T09:48:34.461+0000] {processor.py:156} INFO - Started process (PID=281) to work on /home/airflow/.local/lib/python3.7/site-packages/airflow/example_dags/example_complex.py
[2023-05-31T09:48:34.462+0000] {processor.py:799} INFO - Processing file /home/airflow/.local/lib/python3.7/site-packages/airflow/example_dags/example_complex.py for tasks to queue
[2023-05-31T09:48:34.463+0000] {logging_mixin.py:149} INFO - [2023-05-31T09:48:34.462+0000] {dagbag.py:541} INFO - Filling up the DagBag from /home/airflow/.local/lib/python3.7/site-packages/airflow/example_dags/example_complex.py
[2023-05-31T09:48:34.477+0000] {logging_mixin.py:149} INFO - [2023-05-31T09:48:34.477+0000] {taskmixin.py:211} WARNING - Dependency <Task(BashOperator): create_entry_group>, delete_entry_group already registered for DAG: example_complex
[2023-05-31T09:48:34.477+0000] {logging_mixin.py:149} INFO - [2023-05-31T09:48:34.477+0000] {taskmixin.py:211} WARNING - Dependency <Task(BashOperator): delete_entry_group>, create_entry_group already registered for DAG: example_complex
[2023-05-31T09:48:34.478+0000] {logging_mixin.py:149} INFO - [2023-05-31T09:48:34.478+0000] {taskmixin.py:211} WARNING - Dependency <Task(BashOperator): create_entry_gcs>, delete_entry already registered for DAG: example_complex
[2023-05-31T09:48:34.478+0000] {logging_mixin.py:149} INFO - [2023-05-31T09:48:34.478+0000] {taskmixin.py:211} WARNING - Dependency <Task(BashOperator): delete_entry>, create_entry_gcs already registered for DAG: example_complex
[2023-05-31T09:48:34.478+0000] {logging_mixin.py:149} INFO - [2023-05-31T09:48:34.478+0000] {taskmixin.py:211} WARNING - Dependency <Task(BashOperator): create_tag>, delete_tag already registered for DAG: example_complex
[2023-05-31T09:48:34.479+0000] {logging_mixin.py:149} INFO - [2023-05-31T09:48:34.479+0000] {taskmixin.py:211} WARNING - Dependency <Task(BashOperator): delete_tag>, create_tag already registered for DAG: example_complex
[2023-05-31T09:48:34.481+0000] {processor.py:809} INFO - DAG(s) dict_keys(['example_complex']) retrieved from /home/airflow/.local/lib/python3.7/site-packages/airflow/example_dags/example_complex.py
[2023-05-31T09:48:34.530+0000] {logging_mixin.py:149} INFO - [2023-05-31T09:48:34.530+0000] {dag.py:2726} INFO - Sync 1 DAGs
[2023-05-31T09:48:34.566+0000] {logging_mixin.py:149} INFO - [2023-05-31T09:48:34.566+0000] {dag.py:3490} INFO - Setting next_dagrun for example_complex to None, run_after=None
[2023-05-31T09:48:34.591+0000] {processor.py:178} INFO - Processing /home/airflow/.local/lib/python3.7/site-packages/airflow/example_dags/example_complex.py took 0.135 seconds
[2023-05-31T09:49:04.835+0000] {processor.py:156} INFO - Started process (PID=338) to work on /home/airflow/.local/lib/python3.7/site-packages/airflow/example_dags/example_complex.py
[2023-05-31T09:49:04.836+0000] {processor.py:799} INFO - Processing file /home/airflow/.local/lib/python3.7/site-packages/airflow/example_dags/example_complex.py for tasks to queue
[2023-05-31T09:49:04.837+0000] {logging_mixin.py:149} INFO - [2023-05-31T09:49:04.837+0000] {dagbag.py:541} INFO - Filling up the DagBag from /home/airflow/.local/lib/python3.7/site-packages/airflow/example_dags/example_complex.py
[2023-05-31T09:49:04.851+0000] {logging_mixin.py:149} INFO - [2023-05-31T09:49:04.851+0000] {taskmixin.py:211} WARNING - Dependency <Task(BashOperator): create_entry_group>, delete_entry_group already registered for DAG: example_complex
[2023-05-31T09:49:04.851+0000] {logging_mixin.py:149} INFO - [2023-05-31T09:49:04.851+0000] {taskmixin.py:211} WARNING - Dependency <Task(BashOperator): delete_entry_group>, create_entry_group already registered for DAG: example_complex
[2023-05-31T09:49:04.852+0000] {logging_mixin.py:149} INFO - [2023-05-31T09:49:04.852+0000] {taskmixin.py:211} WARNING - Dependency <Task(BashOperator): create_entry_gcs>, delete_entry already registered for DAG: example_complex
[2023-05-31T09:49:04.852+0000] {logging_mixin.py:149} INFO - [2023-05-31T09:49:04.852+0000] {taskmixin.py:211} WARNING - Dependency <Task(BashOperator): delete_entry>, create_entry_gcs already registered for DAG: example_complex
[2023-05-31T09:49:04.852+0000] {logging_mixin.py:149} INFO - [2023-05-31T09:49:04.852+0000] {taskmixin.py:211} WARNING - Dependency <Task(BashOperator): create_tag>, delete_tag already registered for DAG: example_complex
[2023-05-31T09:49:04.853+0000] {logging_mixin.py:149} INFO - [2023-05-31T09:49:04.853+0000] {taskmixin.py:211} WARNING - Dependency <Task(BashOperator): delete_tag>, create_tag already registered for DAG: example_complex
[2023-05-31T09:49:04.855+0000] {processor.py:809} INFO - DAG(s) dict_keys(['example_complex']) retrieved from /home/airflow/.local/lib/python3.7/site-packages/airflow/example_dags/example_complex.py
[2023-05-31T09:49:04.905+0000] {logging_mixin.py:149} INFO - [2023-05-31T09:49:04.905+0000] {dag.py:2726} INFO - Sync 1 DAGs
[2023-05-31T09:49:04.937+0000] {logging_mixin.py:149} INFO - [2023-05-31T09:49:04.937+0000] {dag.py:3490} INFO - Setting next_dagrun for example_complex to None, run_after=None
[2023-05-31T09:49:04.961+0000] {processor.py:178} INFO - Processing /home/airflow/.local/lib/python3.7/site-packages/airflow/example_dags/example_complex.py took 0.130 seconds
[2023-05-31T09:49:35.683+0000] {processor.py:156} INFO - Started process (PID=396) to work on /home/airflow/.local/lib/python3.7/site-packages/airflow/example_dags/example_complex.py
[2023-05-31T09:49:35.685+0000] {processor.py:799} INFO - Processing file /home/airflow/.local/lib/python3.7/site-packages/airflow/example_dags/example_complex.py for tasks to queue
[2023-05-31T09:49:35.685+0000] {logging_mixin.py:149} INFO - [2023-05-31T09:49:35.685+0000] {dagbag.py:541} INFO - Filling up the DagBag from /home/airflow/.local/lib/python3.7/site-packages/airflow/example_dags/example_complex.py
[2023-05-31T09:49:35.699+0000] {logging_mixin.py:149} INFO - [2023-05-31T09:49:35.698+0000] {taskmixin.py:211} WARNING - Dependency <Task(BashOperator): create_entry_group>, delete_entry_group already registered for DAG: example_complex
[2023-05-31T09:49:35.699+0000] {logging_mixin.py:149} INFO - [2023-05-31T09:49:35.699+0000] {taskmixin.py:211} WARNING - Dependency <Task(BashOperator): delete_entry_group>, create_entry_group already registered for DAG: example_complex
[2023-05-31T09:49:35.699+0000] {logging_mixin.py:149} INFO - [2023-05-31T09:49:35.699+0000] {taskmixin.py:211} WARNING - Dependency <Task(BashOperator): create_entry_gcs>, delete_entry already registered for DAG: example_complex
[2023-05-31T09:49:35.699+0000] {logging_mixin.py:149} INFO - [2023-05-31T09:49:35.699+0000] {taskmixin.py:211} WARNING - Dependency <Task(BashOperator): delete_entry>, create_entry_gcs already registered for DAG: example_complex
[2023-05-31T09:49:35.700+0000] {logging_mixin.py:149} INFO - [2023-05-31T09:49:35.700+0000] {taskmixin.py:211} WARNING - Dependency <Task(BashOperator): create_tag>, delete_tag already registered for DAG: example_complex
[2023-05-31T09:49:35.700+0000] {logging_mixin.py:149} INFO - [2023-05-31T09:49:35.700+0000] {taskmixin.py:211} WARNING - Dependency <Task(BashOperator): delete_tag>, create_tag already registered for DAG: example_complex
[2023-05-31T09:49:35.702+0000] {processor.py:809} INFO - DAG(s) dict_keys(['example_complex']) retrieved from /home/airflow/.local/lib/python3.7/site-packages/airflow/example_dags/example_complex.py
[2023-05-31T09:49:35.745+0000] {logging_mixin.py:149} INFO - [2023-05-31T09:49:35.745+0000] {dag.py:2726} INFO - Sync 1 DAGs
[2023-05-31T09:49:35.777+0000] {logging_mixin.py:149} INFO - [2023-05-31T09:49:35.777+0000] {dag.py:3490} INFO - Setting next_dagrun for example_complex to None, run_after=None
[2023-05-31T09:49:35.798+0000] {processor.py:178} INFO - Processing /home/airflow/.local/lib/python3.7/site-packages/airflow/example_dags/example_complex.py took 0.119 seconds
[2023-05-31T09:50:05.986+0000] {processor.py:156} INFO - Started process (PID=453) to work on /home/airflow/.local/lib/python3.7/site-packages/airflow/example_dags/example_complex.py
[2023-05-31T09:50:05.987+0000] {processor.py:799} INFO - Processing file /home/airflow/.local/lib/python3.7/site-packages/airflow/example_dags/example_complex.py for tasks to queue
[2023-05-31T09:50:05.988+0000] {logging_mixin.py:149} INFO - [2023-05-31T09:50:05.988+0000] {dagbag.py:541} INFO - Filling up the DagBag from /home/airflow/.local/lib/python3.7/site-packages/airflow/example_dags/example_complex.py
[2023-05-31T09:50:06.001+0000] {logging_mixin.py:149} INFO - [2023-05-31T09:50:06.001+0000] {taskmixin.py:211} WARNING - Dependency <Task(BashOperator): create_entry_group>, delete_entry_group already registered for DAG: example_complex
[2023-05-31T09:50:06.002+0000] {logging_mixin.py:149} INFO - [2023-05-31T09:50:06.002+0000] {taskmixin.py:211} WARNING - Dependency <Task(BashOperator): delete_entry_group>, create_entry_group already registered for DAG: example_complex
[2023-05-31T09:50:06.002+0000] {logging_mixin.py:149} INFO - [2023-05-31T09:50:06.002+0000] {taskmixin.py:211} WARNING - Dependency <Task(BashOperator): create_entry_gcs>, delete_entry already registered for DAG: example_complex
[2023-05-31T09:50:06.002+0000] {logging_mixin.py:149} INFO - [2023-05-31T09:50:06.002+0000] {taskmixin.py:211} WARNING - Dependency <Task(BashOperator): delete_entry>, create_entry_gcs already registered for DAG: example_complex
[2023-05-31T09:50:06.003+0000] {logging_mixin.py:149} INFO - [2023-05-31T09:50:06.003+0000] {taskmixin.py:211} WARNING - Dependency <Task(BashOperator): create_tag>, delete_tag already registered for DAG: example_complex
[2023-05-31T09:50:06.003+0000] {logging_mixin.py:149} INFO - [2023-05-31T09:50:06.003+0000] {taskmixin.py:211} WARNING - Dependency <Task(BashOperator): delete_tag>, create_tag already registered for DAG: example_complex
[2023-05-31T09:50:06.005+0000] {processor.py:809} INFO - DAG(s) dict_keys(['example_complex']) retrieved from /home/airflow/.local/lib/python3.7/site-packages/airflow/example_dags/example_complex.py
[2023-05-31T09:50:06.051+0000] {logging_mixin.py:149} INFO - [2023-05-31T09:50:06.051+0000] {dag.py:2726} INFO - Sync 1 DAGs
[2023-05-31T09:50:06.084+0000] {logging_mixin.py:149} INFO - [2023-05-31T09:50:06.084+0000] {dag.py:3490} INFO - Setting next_dagrun for example_complex to None, run_after=None
[2023-05-31T09:50:06.106+0000] {processor.py:178} INFO - Processing /home/airflow/.local/lib/python3.7/site-packages/airflow/example_dags/example_complex.py took 0.124 seconds
[2023-05-31T09:50:36.815+0000] {processor.py:156} INFO - Started process (PID=510) to work on /home/airflow/.local/lib/python3.7/site-packages/airflow/example_dags/example_complex.py
[2023-05-31T09:50:36.819+0000] {processor.py:799} INFO - Processing file /home/airflow/.local/lib/python3.7/site-packages/airflow/example_dags/example_complex.py for tasks to queue
[2023-05-31T09:50:36.820+0000] {logging_mixin.py:149} INFO - [2023-05-31T09:50:36.820+0000] {dagbag.py:541} INFO - Filling up the DagBag from /home/airflow/.local/lib/python3.7/site-packages/airflow/example_dags/example_complex.py
[2023-05-31T09:50:36.835+0000] {logging_mixin.py:149} INFO - [2023-05-31T09:50:36.835+0000] {taskmixin.py:211} WARNING - Dependency <Task(BashOperator): create_entry_group>, delete_entry_group already registered for DAG: example_complex
[2023-05-31T09:50:36.836+0000] {logging_mixin.py:149} INFO - [2023-05-31T09:50:36.835+0000] {taskmixin.py:211} WARNING - Dependency <Task(BashOperator): delete_entry_group>, create_entry_group already registered for DAG: example_complex
[2023-05-31T09:50:36.836+0000] {logging_mixin.py:149} INFO - [2023-05-31T09:50:36.836+0000] {taskmixin.py:211} WARNING - Dependency <Task(BashOperator): create_entry_gcs>, delete_entry already registered for DAG: example_complex
[2023-05-31T09:50:36.836+0000] {logging_mixin.py:149} INFO - [2023-05-31T09:50:36.836+0000] {taskmixin.py:211} WARNING - Dependency <Task(BashOperator): delete_entry>, create_entry_gcs already registered for DAG: example_complex
[2023-05-31T09:50:36.837+0000] {logging_mixin.py:149} INFO - [2023-05-31T09:50:36.836+0000] {taskmixin.py:211} WARNING - Dependency <Task(BashOperator): create_tag>, delete_tag already registered for DAG: example_complex
[2023-05-31T09:50:36.837+0000] {logging_mixin.py:149} INFO - [2023-05-31T09:50:36.837+0000] {taskmixin.py:211} WARNING - Dependency <Task(BashOperator): delete_tag>, create_tag already registered for DAG: example_complex
[2023-05-31T09:50:36.839+0000] {processor.py:809} INFO - DAG(s) dict_keys(['example_complex']) retrieved from /home/airflow/.local/lib/python3.7/site-packages/airflow/example_dags/example_complex.py
[2023-05-31T09:50:36.890+0000] {logging_mixin.py:149} INFO - [2023-05-31T09:50:36.890+0000] {dag.py:2726} INFO - Sync 1 DAGs
[2023-05-31T09:50:36.922+0000] {logging_mixin.py:149} INFO - [2023-05-31T09:50:36.922+0000] {dag.py:3490} INFO - Setting next_dagrun for example_complex to None, run_after=None
[2023-05-31T09:50:36.948+0000] {processor.py:178} INFO - Processing /home/airflow/.local/lib/python3.7/site-packages/airflow/example_dags/example_complex.py took 0.137 seconds
[2023-05-31T09:51:07.183+0000] {processor.py:156} INFO - Started process (PID=567) to work on /home/airflow/.local/lib/python3.7/site-packages/airflow/example_dags/example_complex.py
[2023-05-31T09:51:07.184+0000] {processor.py:799} INFO - Processing file /home/airflow/.local/lib/python3.7/site-packages/airflow/example_dags/example_complex.py for tasks to queue
[2023-05-31T09:51:07.185+0000] {logging_mixin.py:149} INFO - [2023-05-31T09:51:07.185+0000] {dagbag.py:541} INFO - Filling up the DagBag from /home/airflow/.local/lib/python3.7/site-packages/airflow/example_dags/example_complex.py
[2023-05-31T09:51:07.199+0000] {logging_mixin.py:149} INFO - [2023-05-31T09:51:07.198+0000] {taskmixin.py:211} WARNING - Dependency <Task(BashOperator): create_entry_group>, delete_entry_group already registered for DAG: example_complex
[2023-05-31T09:51:07.199+0000] {logging_mixin.py:149} INFO - [2023-05-31T09:51:07.199+0000] {taskmixin.py:211} WARNING - Dependency <Task(BashOperator): delete_entry_group>, create_entry_group already registered for DAG: example_complex
[2023-05-31T09:51:07.199+0000] {logging_mixin.py:149} INFO - [2023-05-31T09:51:07.199+0000] {taskmixin.py:211} WARNING - Dependency <Task(BashOperator): create_entry_gcs>, delete_entry already registered for DAG: example_complex
[2023-05-31T09:51:07.199+0000] {logging_mixin.py:149} INFO - [2023-05-31T09:51:07.199+0000] {taskmixin.py:211} WARNING - Dependency <Task(BashOperator): delete_entry>, create_entry_gcs already registered for DAG: example_complex
[2023-05-31T09:51:07.200+0000] {logging_mixin.py:149} INFO - [2023-05-31T09:51:07.200+0000] {taskmixin.py:211} WARNING - Dependency <Task(BashOperator): create_tag>, delete_tag already registered for DAG: example_complex
[2023-05-31T09:51:07.200+0000] {logging_mixin.py:149} INFO - [2023-05-31T09:51:07.200+0000] {taskmixin.py:211} WARNING - Dependency <Task(BashOperator): delete_tag>, create_tag already registered for DAG: example_complex
[2023-05-31T09:51:07.202+0000] {processor.py:809} INFO - DAG(s) dict_keys(['example_complex']) retrieved from /home/airflow/.local/lib/python3.7/site-packages/airflow/example_dags/example_complex.py
[2023-05-31T09:51:07.250+0000] {logging_mixin.py:149} INFO - [2023-05-31T09:51:07.249+0000] {dag.py:2726} INFO - Sync 1 DAGs
[2023-05-31T09:51:07.281+0000] {logging_mixin.py:149} INFO - [2023-05-31T09:51:07.281+0000] {dag.py:3490} INFO - Setting next_dagrun for example_complex to None, run_after=None
[2023-05-31T09:51:07.304+0000] {processor.py:178} INFO - Processing /home/airflow/.local/lib/python3.7/site-packages/airflow/example_dags/example_complex.py took 0.125 seconds
[2023-05-31T09:51:37.444+0000] {processor.py:156} INFO - Started process (PID=624) to work on /home/airflow/.local/lib/python3.7/site-packages/airflow/example_dags/example_complex.py
[2023-05-31T09:51:37.449+0000] {processor.py:799} INFO - Processing file /home/airflow/.local/lib/python3.7/site-packages/airflow/example_dags/example_complex.py for tasks to queue
[2023-05-31T09:51:37.449+0000] {logging_mixin.py:149} INFO - [2023-05-31T09:51:37.449+0000] {dagbag.py:541} INFO - Filling up the DagBag from /home/airflow/.local/lib/python3.7/site-packages/airflow/example_dags/example_complex.py
[2023-05-31T09:51:37.471+0000] {logging_mixin.py:149} INFO - [2023-05-31T09:51:37.471+0000] {taskmixin.py:211} WARNING - Dependency <Task(BashOperator): create_entry_group>, delete_entry_group already registered for DAG: example_complex
[2023-05-31T09:51:37.471+0000] {logging_mixin.py:149} INFO - [2023-05-31T09:51:37.471+0000] {taskmixin.py:211} WARNING - Dependency <Task(BashOperator): delete_entry_group>, create_entry_group already registered for DAG: example_complex
[2023-05-31T09:51:37.472+0000] {logging_mixin.py:149} INFO - [2023-05-31T09:51:37.471+0000] {taskmixin.py:211} WARNING - Dependency <Task(BashOperator): create_entry_gcs>, delete_entry already registered for DAG: example_complex
[2023-05-31T09:51:37.472+0000] {logging_mixin.py:149} INFO - [2023-05-31T09:51:37.472+0000] {taskmixin.py:211} WARNING - Dependency <Task(BashOperator): delete_entry>, create_entry_gcs already registered for DAG: example_complex
[2023-05-31T09:51:37.472+0000] {logging_mixin.py:149} INFO - [2023-05-31T09:51:37.472+0000] {taskmixin.py:211} WARNING - Dependency <Task(BashOperator): create_tag>, delete_tag already registered for DAG: example_complex
[2023-05-31T09:51:37.472+0000] {logging_mixin.py:149} INFO - [2023-05-31T09:51:37.472+0000] {taskmixin.py:211} WARNING - Dependency <Task(BashOperator): delete_tag>, create_tag already registered for DAG: example_complex
[2023-05-31T09:51:37.477+0000] {processor.py:809} INFO - DAG(s) dict_keys(['example_complex']) retrieved from /home/airflow/.local/lib/python3.7/site-packages/airflow/example_dags/example_complex.py
[2023-05-31T09:51:37.589+0000] {logging_mixin.py:149} INFO - [2023-05-31T09:51:37.589+0000] {dag.py:2726} INFO - Sync 1 DAGs
[2023-05-31T09:51:37.644+0000] {logging_mixin.py:149} INFO - [2023-05-31T09:51:37.644+0000] {dag.py:3490} INFO - Setting next_dagrun for example_complex to None, run_after=None
[2023-05-31T09:51:37.690+0000] {processor.py:178} INFO - Processing /home/airflow/.local/lib/python3.7/site-packages/airflow/example_dags/example_complex.py took 0.249 seconds
[2023-05-31T09:52:07.888+0000] {processor.py:156} INFO - Started process (PID=682) to work on /home/airflow/.local/lib/python3.7/site-packages/airflow/example_dags/example_complex.py
[2023-05-31T09:52:07.889+0000] {processor.py:799} INFO - Processing file /home/airflow/.local/lib/python3.7/site-packages/airflow/example_dags/example_complex.py for tasks to queue
[2023-05-31T09:52:07.890+0000] {logging_mixin.py:149} INFO - [2023-05-31T09:52:07.890+0000] {dagbag.py:541} INFO - Filling up the DagBag from /home/airflow/.local/lib/python3.7/site-packages/airflow/example_dags/example_complex.py
[2023-05-31T09:52:07.903+0000] {logging_mixin.py:149} INFO - [2023-05-31T09:52:07.902+0000] {taskmixin.py:211} WARNING - Dependency <Task(BashOperator): create_entry_group>, delete_entry_group already registered for DAG: example_complex
[2023-05-31T09:52:07.903+0000] {logging_mixin.py:149} INFO - [2023-05-31T09:52:07.903+0000] {taskmixin.py:211} WARNING - Dependency <Task(BashOperator): delete_entry_group>, create_entry_group already registered for DAG: example_complex
[2023-05-31T09:52:07.903+0000] {logging_mixin.py:149} INFO - [2023-05-31T09:52:07.903+0000] {taskmixin.py:211} WARNING - Dependency <Task(BashOperator): create_entry_gcs>, delete_entry already registered for DAG: example_complex
[2023-05-31T09:52:07.903+0000] {logging_mixin.py:149} INFO - [2023-05-31T09:52:07.903+0000] {taskmixin.py:211} WARNING - Dependency <Task(BashOperator): delete_entry>, create_entry_gcs already registered for DAG: example_complex
[2023-05-31T09:52:07.904+0000] {logging_mixin.py:149} INFO - [2023-05-31T09:52:07.904+0000] {taskmixin.py:211} WARNING - Dependency <Task(BashOperator): create_tag>, delete_tag already registered for DAG: example_complex
[2023-05-31T09:52:07.904+0000] {logging_mixin.py:149} INFO - [2023-05-31T09:52:07.904+0000] {taskmixin.py:211} WARNING - Dependency <Task(BashOperator): delete_tag>, create_tag already registered for DAG: example_complex
[2023-05-31T09:52:07.906+0000] {processor.py:809} INFO - DAG(s) dict_keys(['example_complex']) retrieved from /home/airflow/.local/lib/python3.7/site-packages/airflow/example_dags/example_complex.py
[2023-05-31T09:52:07.950+0000] {logging_mixin.py:149} INFO - [2023-05-31T09:52:07.950+0000] {dag.py:2726} INFO - Sync 1 DAGs
[2023-05-31T09:52:07.981+0000] {logging_mixin.py:149} INFO - [2023-05-31T09:52:07.980+0000] {dag.py:3490} INFO - Setting next_dagrun for example_complex to None, run_after=None
[2023-05-31T09:52:08.002+0000] {processor.py:178} INFO - Processing /home/airflow/.local/lib/python3.7/site-packages/airflow/example_dags/example_complex.py took 0.118 seconds
