[2023-05-31T09:46:32.555+0000] {processor.py:156} INFO - Started process (PID=58) to work on /home/airflow/.local/lib/python3.7/site-packages/airflow/example_dags/example_latest_only.py
[2023-05-31T09:46:32.556+0000] {processor.py:799} INFO - Processing file /home/airflow/.local/lib/python3.7/site-packages/airflow/example_dags/example_latest_only.py for tasks to queue
[2023-05-31T09:46:32.557+0000] {logging_mixin.py:149} INFO - [2023-05-31T09:46:32.557+0000] {dagbag.py:541} INFO - Filling up the DagBag from /home/airflow/.local/lib/python3.7/site-packages/airflow/example_dags/example_latest_only.py
[2023-05-31T09:46:32.566+0000] {processor.py:809} INFO - DAG(s) dict_keys(['latest_only']) retrieved from /home/airflow/.local/lib/python3.7/site-packages/airflow/example_dags/example_latest_only.py
[2023-05-31T09:46:32.645+0000] {logging_mixin.py:149} INFO - [2023-05-31T09:46:32.645+0000] {dag.py:2726} INFO - Sync 1 DAGs
[2023-05-31T09:46:32.712+0000] {logging_mixin.py:149} INFO - [2023-05-31T09:46:32.712+0000] {dag.py:3490} INFO - Setting next_dagrun for latest_only to 2023-05-31T05:46:32.711936+00:00, run_after=2023-05-31T09:46:32.711936+00:00
[2023-05-31T09:46:32.782+0000] {processor.py:178} INFO - Processing /home/airflow/.local/lib/python3.7/site-packages/airflow/example_dags/example_latest_only.py took 0.230 seconds
[2023-05-31T09:47:03.433+0000] {processor.py:156} INFO - Started process (PID=115) to work on /home/airflow/.local/lib/python3.7/site-packages/airflow/example_dags/example_latest_only.py
[2023-05-31T09:47:03.434+0000] {processor.py:799} INFO - Processing file /home/airflow/.local/lib/python3.7/site-packages/airflow/example_dags/example_latest_only.py for tasks to queue
[2023-05-31T09:47:03.435+0000] {logging_mixin.py:149} INFO - [2023-05-31T09:47:03.435+0000] {dagbag.py:541} INFO - Filling up the DagBag from /home/airflow/.local/lib/python3.7/site-packages/airflow/example_dags/example_latest_only.py
[2023-05-31T09:47:03.451+0000] {processor.py:809} INFO - DAG(s) dict_keys(['latest_only']) retrieved from /home/airflow/.local/lib/python3.7/site-packages/airflow/example_dags/example_latest_only.py
[2023-05-31T09:47:03.508+0000] {logging_mixin.py:149} INFO - [2023-05-31T09:47:03.508+0000] {dag.py:2726} INFO - Sync 1 DAGs
[2023-05-31T09:47:03.544+0000] {logging_mixin.py:149} INFO - [2023-05-31T09:47:03.544+0000] {dag.py:3490} INFO - Setting next_dagrun for latest_only to 2023-05-31T05:47:03.543832+00:00, run_after=2023-05-31T09:47:03.543832+00:00
[2023-05-31T09:47:03.573+0000] {processor.py:178} INFO - Processing /home/airflow/.local/lib/python3.7/site-packages/airflow/example_dags/example_latest_only.py took 0.144 seconds
[2023-05-31T09:47:33.605+0000] {processor.py:156} INFO - Started process (PID=171) to work on /home/airflow/.local/lib/python3.7/site-packages/airflow/example_dags/example_latest_only.py
[2023-05-31T09:47:33.607+0000] {processor.py:799} INFO - Processing file /home/airflow/.local/lib/python3.7/site-packages/airflow/example_dags/example_latest_only.py for tasks to queue
[2023-05-31T09:47:33.608+0000] {logging_mixin.py:149} INFO - [2023-05-31T09:47:33.607+0000] {dagbag.py:541} INFO - Filling up the DagBag from /home/airflow/.local/lib/python3.7/site-packages/airflow/example_dags/example_latest_only.py
[2023-05-31T09:47:33.615+0000] {processor.py:809} INFO - DAG(s) dict_keys(['latest_only']) retrieved from /home/airflow/.local/lib/python3.7/site-packages/airflow/example_dags/example_latest_only.py
[2023-05-31T09:47:33.646+0000] {logging_mixin.py:149} INFO - [2023-05-31T09:47:33.646+0000] {dag.py:2726} INFO - Sync 1 DAGs
[2023-05-31T09:47:33.683+0000] {logging_mixin.py:149} INFO - [2023-05-31T09:47:33.683+0000] {dag.py:3490} INFO - Setting next_dagrun for latest_only to 2023-05-31T05:47:33.682836+00:00, run_after=2023-05-31T09:47:33.682836+00:00
[2023-05-31T09:47:33.709+0000] {processor.py:178} INFO - Processing /home/airflow/.local/lib/python3.7/site-packages/airflow/example_dags/example_latest_only.py took 0.108 seconds
[2023-05-31T09:48:04.082+0000] {processor.py:156} INFO - Started process (PID=228) to work on /home/airflow/.local/lib/python3.7/site-packages/airflow/example_dags/example_latest_only.py
[2023-05-31T09:48:04.092+0000] {processor.py:799} INFO - Processing file /home/airflow/.local/lib/python3.7/site-packages/airflow/example_dags/example_latest_only.py for tasks to queue
[2023-05-31T09:48:04.093+0000] {logging_mixin.py:149} INFO - [2023-05-31T09:48:04.093+0000] {dagbag.py:541} INFO - Filling up the DagBag from /home/airflow/.local/lib/python3.7/site-packages/airflow/example_dags/example_latest_only.py
[2023-05-31T09:48:04.100+0000] {processor.py:809} INFO - DAG(s) dict_keys(['latest_only']) retrieved from /home/airflow/.local/lib/python3.7/site-packages/airflow/example_dags/example_latest_only.py
[2023-05-31T09:48:04.139+0000] {logging_mixin.py:149} INFO - [2023-05-31T09:48:04.139+0000] {dag.py:2726} INFO - Sync 1 DAGs
[2023-05-31T09:48:04.174+0000] {logging_mixin.py:149} INFO - [2023-05-31T09:48:04.174+0000] {dag.py:3490} INFO - Setting next_dagrun for latest_only to 2023-05-31T05:48:04.173991+00:00, run_after=2023-05-31T09:48:04.173991+00:00
[2023-05-31T09:48:04.200+0000] {processor.py:178} INFO - Processing /home/airflow/.local/lib/python3.7/site-packages/airflow/example_dags/example_latest_only.py took 0.124 seconds
[2023-05-31T09:48:34.760+0000] {processor.py:156} INFO - Started process (PID=285) to work on /home/airflow/.local/lib/python3.7/site-packages/airflow/example_dags/example_latest_only.py
[2023-05-31T09:48:34.761+0000] {processor.py:799} INFO - Processing file /home/airflow/.local/lib/python3.7/site-packages/airflow/example_dags/example_latest_only.py for tasks to queue
[2023-05-31T09:48:34.762+0000] {logging_mixin.py:149} INFO - [2023-05-31T09:48:34.762+0000] {dagbag.py:541} INFO - Filling up the DagBag from /home/airflow/.local/lib/python3.7/site-packages/airflow/example_dags/example_latest_only.py
[2023-05-31T09:48:34.769+0000] {processor.py:809} INFO - DAG(s) dict_keys(['latest_only']) retrieved from /home/airflow/.local/lib/python3.7/site-packages/airflow/example_dags/example_latest_only.py
[2023-05-31T09:48:34.800+0000] {logging_mixin.py:149} INFO - [2023-05-31T09:48:34.800+0000] {dag.py:2726} INFO - Sync 1 DAGs
[2023-05-31T09:48:34.834+0000] {logging_mixin.py:149} INFO - [2023-05-31T09:48:34.834+0000] {dag.py:3490} INFO - Setting next_dagrun for latest_only to 2023-05-31T05:48:34.834212+00:00, run_after=2023-05-31T09:48:34.834212+00:00
[2023-05-31T09:48:34.858+0000] {processor.py:178} INFO - Processing /home/airflow/.local/lib/python3.7/site-packages/airflow/example_dags/example_latest_only.py took 0.102 seconds
[2023-05-31T09:49:05.118+0000] {processor.py:156} INFO - Started process (PID=342) to work on /home/airflow/.local/lib/python3.7/site-packages/airflow/example_dags/example_latest_only.py
[2023-05-31T09:49:05.119+0000] {processor.py:799} INFO - Processing file /home/airflow/.local/lib/python3.7/site-packages/airflow/example_dags/example_latest_only.py for tasks to queue
[2023-05-31T09:49:05.120+0000] {logging_mixin.py:149} INFO - [2023-05-31T09:49:05.120+0000] {dagbag.py:541} INFO - Filling up the DagBag from /home/airflow/.local/lib/python3.7/site-packages/airflow/example_dags/example_latest_only.py
[2023-05-31T09:49:05.127+0000] {processor.py:809} INFO - DAG(s) dict_keys(['latest_only']) retrieved from /home/airflow/.local/lib/python3.7/site-packages/airflow/example_dags/example_latest_only.py
[2023-05-31T09:49:05.158+0000] {logging_mixin.py:149} INFO - [2023-05-31T09:49:05.158+0000] {dag.py:2726} INFO - Sync 1 DAGs
[2023-05-31T09:49:05.191+0000] {logging_mixin.py:149} INFO - [2023-05-31T09:49:05.191+0000] {dag.py:3490} INFO - Setting next_dagrun for latest_only to 2023-05-31T05:49:05.190894+00:00, run_after=2023-05-31T09:49:05.190894+00:00
[2023-05-31T09:49:05.214+0000] {processor.py:178} INFO - Processing /home/airflow/.local/lib/python3.7/site-packages/airflow/example_dags/example_latest_only.py took 0.099 seconds
[2023-05-31T09:49:35.947+0000] {processor.py:156} INFO - Started process (PID=400) to work on /home/airflow/.local/lib/python3.7/site-packages/airflow/example_dags/example_latest_only.py
[2023-05-31T09:49:35.948+0000] {processor.py:799} INFO - Processing file /home/airflow/.local/lib/python3.7/site-packages/airflow/example_dags/example_latest_only.py for tasks to queue
[2023-05-31T09:49:35.949+0000] {logging_mixin.py:149} INFO - [2023-05-31T09:49:35.949+0000] {dagbag.py:541} INFO - Filling up the DagBag from /home/airflow/.local/lib/python3.7/site-packages/airflow/example_dags/example_latest_only.py
[2023-05-31T09:49:35.955+0000] {processor.py:809} INFO - DAG(s) dict_keys(['latest_only']) retrieved from /home/airflow/.local/lib/python3.7/site-packages/airflow/example_dags/example_latest_only.py
[2023-05-31T09:49:35.988+0000] {logging_mixin.py:149} INFO - [2023-05-31T09:49:35.988+0000] {dag.py:2726} INFO - Sync 1 DAGs
[2023-05-31T09:49:36.020+0000] {logging_mixin.py:149} INFO - [2023-05-31T09:49:36.020+0000] {dag.py:3490} INFO - Setting next_dagrun for latest_only to 2023-05-31T05:49:36.020094+00:00, run_after=2023-05-31T09:49:36.020094+00:00
[2023-05-31T09:49:36.066+0000] {processor.py:178} INFO - Processing /home/airflow/.local/lib/python3.7/site-packages/airflow/example_dags/example_latest_only.py took 0.123 seconds
[2023-05-31T09:50:06.264+0000] {processor.py:156} INFO - Started process (PID=457) to work on /home/airflow/.local/lib/python3.7/site-packages/airflow/example_dags/example_latest_only.py
[2023-05-31T09:50:06.265+0000] {processor.py:799} INFO - Processing file /home/airflow/.local/lib/python3.7/site-packages/airflow/example_dags/example_latest_only.py for tasks to queue
[2023-05-31T09:50:06.266+0000] {logging_mixin.py:149} INFO - [2023-05-31T09:50:06.265+0000] {dagbag.py:541} INFO - Filling up the DagBag from /home/airflow/.local/lib/python3.7/site-packages/airflow/example_dags/example_latest_only.py
[2023-05-31T09:50:06.272+0000] {processor.py:809} INFO - DAG(s) dict_keys(['latest_only']) retrieved from /home/airflow/.local/lib/python3.7/site-packages/airflow/example_dags/example_latest_only.py
[2023-05-31T09:50:06.326+0000] {logging_mixin.py:149} INFO - [2023-05-31T09:50:06.326+0000] {dag.py:2726} INFO - Sync 1 DAGs
[2023-05-31T09:50:06.359+0000] {logging_mixin.py:149} INFO - [2023-05-31T09:50:06.359+0000] {dag.py:3490} INFO - Setting next_dagrun for latest_only to 2023-05-31T05:50:06.359118+00:00, run_after=2023-05-31T09:50:06.359118+00:00
[2023-05-31T09:50:06.381+0000] {processor.py:178} INFO - Processing /home/airflow/.local/lib/python3.7/site-packages/airflow/example_dags/example_latest_only.py took 0.121 seconds
[2023-05-31T09:50:37.102+0000] {processor.py:156} INFO - Started process (PID=514) to work on /home/airflow/.local/lib/python3.7/site-packages/airflow/example_dags/example_latest_only.py
[2023-05-31T09:50:37.104+0000] {processor.py:799} INFO - Processing file /home/airflow/.local/lib/python3.7/site-packages/airflow/example_dags/example_latest_only.py for tasks to queue
[2023-05-31T09:50:37.104+0000] {logging_mixin.py:149} INFO - [2023-05-31T09:50:37.104+0000] {dagbag.py:541} INFO - Filling up the DagBag from /home/airflow/.local/lib/python3.7/site-packages/airflow/example_dags/example_latest_only.py
[2023-05-31T09:50:37.111+0000] {processor.py:809} INFO - DAG(s) dict_keys(['latest_only']) retrieved from /home/airflow/.local/lib/python3.7/site-packages/airflow/example_dags/example_latest_only.py
[2023-05-31T09:50:37.142+0000] {logging_mixin.py:149} INFO - [2023-05-31T09:50:37.141+0000] {dag.py:2726} INFO - Sync 1 DAGs
[2023-05-31T09:50:37.174+0000] {logging_mixin.py:149} INFO - [2023-05-31T09:50:37.174+0000] {dag.py:3490} INFO - Setting next_dagrun for latest_only to 2023-05-31T05:50:37.173834+00:00, run_after=2023-05-31T09:50:37.173834+00:00
[2023-05-31T09:50:37.198+0000] {processor.py:178} INFO - Processing /home/airflow/.local/lib/python3.7/site-packages/airflow/example_dags/example_latest_only.py took 0.099 seconds
[2023-05-31T09:51:07.500+0000] {processor.py:156} INFO - Started process (PID=571) to work on /home/airflow/.local/lib/python3.7/site-packages/airflow/example_dags/example_latest_only.py
[2023-05-31T09:51:07.514+0000] {processor.py:799} INFO - Processing file /home/airflow/.local/lib/python3.7/site-packages/airflow/example_dags/example_latest_only.py for tasks to queue
[2023-05-31T09:51:07.515+0000] {logging_mixin.py:149} INFO - [2023-05-31T09:51:07.515+0000] {dagbag.py:541} INFO - Filling up the DagBag from /home/airflow/.local/lib/python3.7/site-packages/airflow/example_dags/example_latest_only.py
[2023-05-31T09:51:07.522+0000] {processor.py:809} INFO - DAG(s) dict_keys(['latest_only']) retrieved from /home/airflow/.local/lib/python3.7/site-packages/airflow/example_dags/example_latest_only.py
[2023-05-31T09:51:07.553+0000] {logging_mixin.py:149} INFO - [2023-05-31T09:51:07.553+0000] {dag.py:2726} INFO - Sync 1 DAGs
[2023-05-31T09:51:07.588+0000] {logging_mixin.py:149} INFO - [2023-05-31T09:51:07.588+0000] {dag.py:3490} INFO - Setting next_dagrun for latest_only to 2023-05-31T05:51:07.588380+00:00, run_after=2023-05-31T09:51:07.588380+00:00
[2023-05-31T09:51:07.612+0000] {processor.py:178} INFO - Processing /home/airflow/.local/lib/python3.7/site-packages/airflow/example_dags/example_latest_only.py took 0.116 seconds
[2023-05-31T09:51:37.918+0000] {processor.py:156} INFO - Started process (PID=628) to work on /home/airflow/.local/lib/python3.7/site-packages/airflow/example_dags/example_latest_only.py
[2023-05-31T09:51:37.924+0000] {processor.py:799} INFO - Processing file /home/airflow/.local/lib/python3.7/site-packages/airflow/example_dags/example_latest_only.py for tasks to queue
[2023-05-31T09:51:37.924+0000] {logging_mixin.py:149} INFO - [2023-05-31T09:51:37.924+0000] {dagbag.py:541} INFO - Filling up the DagBag from /home/airflow/.local/lib/python3.7/site-packages/airflow/example_dags/example_latest_only.py
[2023-05-31T09:51:37.935+0000] {processor.py:809} INFO - DAG(s) dict_keys(['latest_only']) retrieved from /home/airflow/.local/lib/python3.7/site-packages/airflow/example_dags/example_latest_only.py
[2023-05-31T09:51:37.995+0000] {logging_mixin.py:149} INFO - [2023-05-31T09:51:37.995+0000] {dag.py:2726} INFO - Sync 1 DAGs
[2023-05-31T09:51:38.055+0000] {logging_mixin.py:149} INFO - [2023-05-31T09:51:38.054+0000] {dag.py:3490} INFO - Setting next_dagrun for latest_only to 2023-05-31T05:51:38.054505+00:00, run_after=2023-05-31T09:51:38.054505+00:00
[2023-05-31T09:51:38.089+0000] {processor.py:178} INFO - Processing /home/airflow/.local/lib/python3.7/site-packages/airflow/example_dags/example_latest_only.py took 0.175 seconds
[2023-05-31T09:52:08.271+0000] {processor.py:156} INFO - Started process (PID=686) to work on /home/airflow/.local/lib/python3.7/site-packages/airflow/example_dags/example_latest_only.py
[2023-05-31T09:52:08.272+0000] {processor.py:799} INFO - Processing file /home/airflow/.local/lib/python3.7/site-packages/airflow/example_dags/example_latest_only.py for tasks to queue
[2023-05-31T09:52:08.277+0000] {logging_mixin.py:149} INFO - [2023-05-31T09:52:08.276+0000] {dagbag.py:541} INFO - Filling up the DagBag from /home/airflow/.local/lib/python3.7/site-packages/airflow/example_dags/example_latest_only.py
[2023-05-31T09:52:08.285+0000] {processor.py:809} INFO - DAG(s) dict_keys(['latest_only']) retrieved from /home/airflow/.local/lib/python3.7/site-packages/airflow/example_dags/example_latest_only.py
[2023-05-31T09:52:08.312+0000] {logging_mixin.py:149} INFO - [2023-05-31T09:52:08.312+0000] {dag.py:2726} INFO - Sync 1 DAGs
[2023-05-31T09:52:08.344+0000] {logging_mixin.py:149} INFO - [2023-05-31T09:52:08.344+0000] {dag.py:3490} INFO - Setting next_dagrun for latest_only to 2023-05-31T05:52:08.344029+00:00, run_after=2023-05-31T09:52:08.344029+00:00
[2023-05-31T09:52:08.366+0000] {processor.py:178} INFO - Processing /home/airflow/.local/lib/python3.7/site-packages/airflow/example_dags/example_latest_only.py took 0.100 seconds
