[2023-05-31T09:46:33.004+0000] {processor.py:156} INFO - Started process (PID=61) to work on /home/airflow/.local/lib/python3.7/site-packages/airflow/example_dags/example_nested_branch_dag.py
[2023-05-31T09:46:33.005+0000] {processor.py:799} INFO - Processing file /home/airflow/.local/lib/python3.7/site-packages/airflow/example_dags/example_nested_branch_dag.py for tasks to queue
[2023-05-31T09:46:33.006+0000] {logging_mixin.py:149} INFO - [2023-05-31T09:46:33.005+0000] {dagbag.py:541} INFO - Filling up the DagBag from /home/airflow/.local/lib/python3.7/site-packages/airflow/example_dags/example_nested_branch_dag.py
[2023-05-31T09:46:33.058+0000] {processor.py:809} INFO - DAG(s) dict_keys(['example_nested_branch_dag']) retrieved from /home/airflow/.local/lib/python3.7/site-packages/airflow/example_dags/example_nested_branch_dag.py
[2023-05-31T09:46:33.139+0000] {logging_mixin.py:149} INFO - [2023-05-31T09:46:33.139+0000] {dag.py:2726} INFO - Sync 1 DAGs
[2023-05-31T09:46:33.253+0000] {logging_mixin.py:149} INFO - [2023-05-31T09:46:33.248+0000] {dag.py:3490} INFO - Setting next_dagrun for example_nested_branch_dag to 2023-05-30T00:00:00+00:00, run_after=2023-05-31T00:00:00+00:00
[2023-05-31T09:46:33.320+0000] {processor.py:178} INFO - Processing /home/airflow/.local/lib/python3.7/site-packages/airflow/example_dags/example_nested_branch_dag.py took 0.333 seconds
[2023-05-31T09:47:03.782+0000] {processor.py:156} INFO - Started process (PID=118) to work on /home/airflow/.local/lib/python3.7/site-packages/airflow/example_dags/example_nested_branch_dag.py
[2023-05-31T09:47:03.787+0000] {processor.py:799} INFO - Processing file /home/airflow/.local/lib/python3.7/site-packages/airflow/example_dags/example_nested_branch_dag.py for tasks to queue
[2023-05-31T09:47:03.788+0000] {logging_mixin.py:149} INFO - [2023-05-31T09:47:03.787+0000] {dagbag.py:541} INFO - Filling up the DagBag from /home/airflow/.local/lib/python3.7/site-packages/airflow/example_dags/example_nested_branch_dag.py
[2023-05-31T09:47:03.817+0000] {processor.py:809} INFO - DAG(s) dict_keys(['example_nested_branch_dag']) retrieved from /home/airflow/.local/lib/python3.7/site-packages/airflow/example_dags/example_nested_branch_dag.py
[2023-05-31T09:47:03.876+0000] {logging_mixin.py:149} INFO - [2023-05-31T09:47:03.876+0000] {dag.py:2726} INFO - Sync 1 DAGs
[2023-05-31T09:47:03.921+0000] {logging_mixin.py:149} INFO - [2023-05-31T09:47:03.921+0000] {dag.py:3490} INFO - Setting next_dagrun for example_nested_branch_dag to 2023-05-30T00:00:00+00:00, run_after=2023-05-31T00:00:00+00:00
[2023-05-31T09:47:03.947+0000] {processor.py:178} INFO - Processing /home/airflow/.local/lib/python3.7/site-packages/airflow/example_dags/example_nested_branch_dag.py took 0.169 seconds
[2023-05-31T09:47:34.896+0000] {processor.py:156} INFO - Started process (PID=174) to work on /home/airflow/.local/lib/python3.7/site-packages/airflow/example_dags/example_nested_branch_dag.py
[2023-05-31T09:47:34.897+0000] {processor.py:799} INFO - Processing file /home/airflow/.local/lib/python3.7/site-packages/airflow/example_dags/example_nested_branch_dag.py for tasks to queue
[2023-05-31T09:47:34.898+0000] {logging_mixin.py:149} INFO - [2023-05-31T09:47:34.898+0000] {dagbag.py:541} INFO - Filling up the DagBag from /home/airflow/.local/lib/python3.7/site-packages/airflow/example_dags/example_nested_branch_dag.py
[2023-05-31T09:47:34.911+0000] {processor.py:809} INFO - DAG(s) dict_keys(['example_nested_branch_dag']) retrieved from /home/airflow/.local/lib/python3.7/site-packages/airflow/example_dags/example_nested_branch_dag.py
[2023-05-31T09:47:34.946+0000] {logging_mixin.py:149} INFO - [2023-05-31T09:47:34.946+0000] {dag.py:2726} INFO - Sync 1 DAGs
[2023-05-31T09:47:34.983+0000] {logging_mixin.py:149} INFO - [2023-05-31T09:47:34.983+0000] {dag.py:3490} INFO - Setting next_dagrun for example_nested_branch_dag to 2023-05-30T00:00:00+00:00, run_after=2023-05-31T00:00:00+00:00
[2023-05-31T09:47:35.008+0000] {processor.py:178} INFO - Processing /home/airflow/.local/lib/python3.7/site-packages/airflow/example_dags/example_nested_branch_dag.py took 0.116 seconds
[2023-05-31T09:48:05.260+0000] {processor.py:156} INFO - Started process (PID=231) to work on /home/airflow/.local/lib/python3.7/site-packages/airflow/example_dags/example_nested_branch_dag.py
[2023-05-31T09:48:05.261+0000] {processor.py:799} INFO - Processing file /home/airflow/.local/lib/python3.7/site-packages/airflow/example_dags/example_nested_branch_dag.py for tasks to queue
[2023-05-31T09:48:05.261+0000] {logging_mixin.py:149} INFO - [2023-05-31T09:48:05.261+0000] {dagbag.py:541} INFO - Filling up the DagBag from /home/airflow/.local/lib/python3.7/site-packages/airflow/example_dags/example_nested_branch_dag.py
[2023-05-31T09:48:05.274+0000] {processor.py:809} INFO - DAG(s) dict_keys(['example_nested_branch_dag']) retrieved from /home/airflow/.local/lib/python3.7/site-packages/airflow/example_dags/example_nested_branch_dag.py
[2023-05-31T09:48:05.313+0000] {logging_mixin.py:149} INFO - [2023-05-31T09:48:05.313+0000] {dag.py:2726} INFO - Sync 1 DAGs
[2023-05-31T09:48:05.354+0000] {logging_mixin.py:149} INFO - [2023-05-31T09:48:05.354+0000] {dag.py:3490} INFO - Setting next_dagrun for example_nested_branch_dag to 2023-05-30T00:00:00+00:00, run_after=2023-05-31T00:00:00+00:00
[2023-05-31T09:48:05.386+0000] {processor.py:178} INFO - Processing /home/airflow/.local/lib/python3.7/site-packages/airflow/example_dags/example_nested_branch_dag.py took 0.131 seconds
[2023-05-31T09:48:36.017+0000] {processor.py:156} INFO - Started process (PID=288) to work on /home/airflow/.local/lib/python3.7/site-packages/airflow/example_dags/example_nested_branch_dag.py
[2023-05-31T09:48:36.018+0000] {processor.py:799} INFO - Processing file /home/airflow/.local/lib/python3.7/site-packages/airflow/example_dags/example_nested_branch_dag.py for tasks to queue
[2023-05-31T09:48:36.019+0000] {logging_mixin.py:149} INFO - [2023-05-31T09:48:36.019+0000] {dagbag.py:541} INFO - Filling up the DagBag from /home/airflow/.local/lib/python3.7/site-packages/airflow/example_dags/example_nested_branch_dag.py
[2023-05-31T09:48:36.031+0000] {processor.py:809} INFO - DAG(s) dict_keys(['example_nested_branch_dag']) retrieved from /home/airflow/.local/lib/python3.7/site-packages/airflow/example_dags/example_nested_branch_dag.py
[2023-05-31T09:48:36.066+0000] {logging_mixin.py:149} INFO - [2023-05-31T09:48:36.065+0000] {dag.py:2726} INFO - Sync 1 DAGs
[2023-05-31T09:48:36.113+0000] {logging_mixin.py:149} INFO - [2023-05-31T09:48:36.113+0000] {dag.py:3490} INFO - Setting next_dagrun for example_nested_branch_dag to 2023-05-30T00:00:00+00:00, run_after=2023-05-31T00:00:00+00:00
[2023-05-31T09:48:36.135+0000] {processor.py:178} INFO - Processing /home/airflow/.local/lib/python3.7/site-packages/airflow/example_dags/example_nested_branch_dag.py took 0.125 seconds
[2023-05-31T09:49:06.369+0000] {processor.py:156} INFO - Started process (PID=345) to work on /home/airflow/.local/lib/python3.7/site-packages/airflow/example_dags/example_nested_branch_dag.py
[2023-05-31T09:49:06.370+0000] {processor.py:799} INFO - Processing file /home/airflow/.local/lib/python3.7/site-packages/airflow/example_dags/example_nested_branch_dag.py for tasks to queue
[2023-05-31T09:49:06.371+0000] {logging_mixin.py:149} INFO - [2023-05-31T09:49:06.371+0000] {dagbag.py:541} INFO - Filling up the DagBag from /home/airflow/.local/lib/python3.7/site-packages/airflow/example_dags/example_nested_branch_dag.py
[2023-05-31T09:49:06.383+0000] {processor.py:809} INFO - DAG(s) dict_keys(['example_nested_branch_dag']) retrieved from /home/airflow/.local/lib/python3.7/site-packages/airflow/example_dags/example_nested_branch_dag.py
[2023-05-31T09:49:06.418+0000] {logging_mixin.py:149} INFO - [2023-05-31T09:49:06.418+0000] {dag.py:2726} INFO - Sync 1 DAGs
[2023-05-31T09:49:06.452+0000] {logging_mixin.py:149} INFO - [2023-05-31T09:49:06.452+0000] {dag.py:3490} INFO - Setting next_dagrun for example_nested_branch_dag to 2023-05-30T00:00:00+00:00, run_after=2023-05-31T00:00:00+00:00
[2023-05-31T09:49:06.475+0000] {processor.py:178} INFO - Processing /home/airflow/.local/lib/python3.7/site-packages/airflow/example_dags/example_nested_branch_dag.py took 0.110 seconds
[2023-05-31T09:49:37.218+0000] {processor.py:156} INFO - Started process (PID=403) to work on /home/airflow/.local/lib/python3.7/site-packages/airflow/example_dags/example_nested_branch_dag.py
[2023-05-31T09:49:37.219+0000] {processor.py:799} INFO - Processing file /home/airflow/.local/lib/python3.7/site-packages/airflow/example_dags/example_nested_branch_dag.py for tasks to queue
[2023-05-31T09:49:37.220+0000] {logging_mixin.py:149} INFO - [2023-05-31T09:49:37.220+0000] {dagbag.py:541} INFO - Filling up the DagBag from /home/airflow/.local/lib/python3.7/site-packages/airflow/example_dags/example_nested_branch_dag.py
[2023-05-31T09:49:37.232+0000] {processor.py:809} INFO - DAG(s) dict_keys(['example_nested_branch_dag']) retrieved from /home/airflow/.local/lib/python3.7/site-packages/airflow/example_dags/example_nested_branch_dag.py
[2023-05-31T09:49:37.264+0000] {logging_mixin.py:149} INFO - [2023-05-31T09:49:37.264+0000] {dag.py:2726} INFO - Sync 1 DAGs
[2023-05-31T09:49:37.297+0000] {logging_mixin.py:149} INFO - [2023-05-31T09:49:37.297+0000] {dag.py:3490} INFO - Setting next_dagrun for example_nested_branch_dag to 2023-05-30T00:00:00+00:00, run_after=2023-05-31T00:00:00+00:00
[2023-05-31T09:49:37.319+0000] {processor.py:178} INFO - Processing /home/airflow/.local/lib/python3.7/site-packages/airflow/example_dags/example_nested_branch_dag.py took 0.105 seconds
[2023-05-31T09:50:07.395+0000] {processor.py:156} INFO - Started process (PID=460) to work on /home/airflow/.local/lib/python3.7/site-packages/airflow/example_dags/example_nested_branch_dag.py
[2023-05-31T09:50:07.396+0000] {processor.py:799} INFO - Processing file /home/airflow/.local/lib/python3.7/site-packages/airflow/example_dags/example_nested_branch_dag.py for tasks to queue
[2023-05-31T09:50:07.396+0000] {logging_mixin.py:149} INFO - [2023-05-31T09:50:07.396+0000] {dagbag.py:541} INFO - Filling up the DagBag from /home/airflow/.local/lib/python3.7/site-packages/airflow/example_dags/example_nested_branch_dag.py
[2023-05-31T09:50:07.409+0000] {processor.py:809} INFO - DAG(s) dict_keys(['example_nested_branch_dag']) retrieved from /home/airflow/.local/lib/python3.7/site-packages/airflow/example_dags/example_nested_branch_dag.py
[2023-05-31T09:50:07.442+0000] {logging_mixin.py:149} INFO - [2023-05-31T09:50:07.442+0000] {dag.py:2726} INFO - Sync 1 DAGs
[2023-05-31T09:50:07.478+0000] {logging_mixin.py:149} INFO - [2023-05-31T09:50:07.478+0000] {dag.py:3490} INFO - Setting next_dagrun for example_nested_branch_dag to 2023-05-30T00:00:00+00:00, run_after=2023-05-31T00:00:00+00:00
[2023-05-31T09:50:07.500+0000] {processor.py:178} INFO - Processing /home/airflow/.local/lib/python3.7/site-packages/airflow/example_dags/example_nested_branch_dag.py took 0.110 seconds
[2023-05-31T09:50:38.260+0000] {processor.py:156} INFO - Started process (PID=517) to work on /home/airflow/.local/lib/python3.7/site-packages/airflow/example_dags/example_nested_branch_dag.py
[2023-05-31T09:50:38.261+0000] {processor.py:799} INFO - Processing file /home/airflow/.local/lib/python3.7/site-packages/airflow/example_dags/example_nested_branch_dag.py for tasks to queue
[2023-05-31T09:50:38.262+0000] {logging_mixin.py:149} INFO - [2023-05-31T09:50:38.262+0000] {dagbag.py:541} INFO - Filling up the DagBag from /home/airflow/.local/lib/python3.7/site-packages/airflow/example_dags/example_nested_branch_dag.py
[2023-05-31T09:50:38.274+0000] {processor.py:809} INFO - DAG(s) dict_keys(['example_nested_branch_dag']) retrieved from /home/airflow/.local/lib/python3.7/site-packages/airflow/example_dags/example_nested_branch_dag.py
[2023-05-31T09:50:38.306+0000] {logging_mixin.py:149} INFO - [2023-05-31T09:50:38.306+0000] {dag.py:2726} INFO - Sync 1 DAGs
[2023-05-31T09:50:38.339+0000] {logging_mixin.py:149} INFO - [2023-05-31T09:50:38.338+0000] {dag.py:3490} INFO - Setting next_dagrun for example_nested_branch_dag to 2023-05-30T00:00:00+00:00, run_after=2023-05-31T00:00:00+00:00
[2023-05-31T09:50:38.361+0000] {processor.py:178} INFO - Processing /home/airflow/.local/lib/python3.7/site-packages/airflow/example_dags/example_nested_branch_dag.py took 0.105 seconds
[2023-05-31T09:51:08.656+0000] {processor.py:156} INFO - Started process (PID=574) to work on /home/airflow/.local/lib/python3.7/site-packages/airflow/example_dags/example_nested_branch_dag.py
[2023-05-31T09:51:08.657+0000] {processor.py:799} INFO - Processing file /home/airflow/.local/lib/python3.7/site-packages/airflow/example_dags/example_nested_branch_dag.py for tasks to queue
[2023-05-31T09:51:08.658+0000] {logging_mixin.py:149} INFO - [2023-05-31T09:51:08.658+0000] {dagbag.py:541} INFO - Filling up the DagBag from /home/airflow/.local/lib/python3.7/site-packages/airflow/example_dags/example_nested_branch_dag.py
[2023-05-31T09:51:08.670+0000] {processor.py:809} INFO - DAG(s) dict_keys(['example_nested_branch_dag']) retrieved from /home/airflow/.local/lib/python3.7/site-packages/airflow/example_dags/example_nested_branch_dag.py
[2023-05-31T09:51:08.704+0000] {logging_mixin.py:149} INFO - [2023-05-31T09:51:08.704+0000] {dag.py:2726} INFO - Sync 1 DAGs
[2023-05-31T09:51:08.740+0000] {logging_mixin.py:149} INFO - [2023-05-31T09:51:08.739+0000] {dag.py:3490} INFO - Setting next_dagrun for example_nested_branch_dag to 2023-05-30T00:00:00+00:00, run_after=2023-05-31T00:00:00+00:00
[2023-05-31T09:51:08.761+0000] {processor.py:178} INFO - Processing /home/airflow/.local/lib/python3.7/site-packages/airflow/example_dags/example_nested_branch_dag.py took 0.109 seconds
[2023-05-31T09:51:39.314+0000] {processor.py:156} INFO - Started process (PID=631) to work on /home/airflow/.local/lib/python3.7/site-packages/airflow/example_dags/example_nested_branch_dag.py
[2023-05-31T09:51:39.316+0000] {processor.py:799} INFO - Processing file /home/airflow/.local/lib/python3.7/site-packages/airflow/example_dags/example_nested_branch_dag.py for tasks to queue
[2023-05-31T09:51:39.317+0000] {logging_mixin.py:149} INFO - [2023-05-31T09:51:39.317+0000] {dagbag.py:541} INFO - Filling up the DagBag from /home/airflow/.local/lib/python3.7/site-packages/airflow/example_dags/example_nested_branch_dag.py
[2023-05-31T09:51:39.337+0000] {processor.py:809} INFO - DAG(s) dict_keys(['example_nested_branch_dag']) retrieved from /home/airflow/.local/lib/python3.7/site-packages/airflow/example_dags/example_nested_branch_dag.py
[2023-05-31T09:51:39.370+0000] {logging_mixin.py:149} INFO - [2023-05-31T09:51:39.370+0000] {dag.py:2726} INFO - Sync 1 DAGs
[2023-05-31T09:51:39.405+0000] {logging_mixin.py:149} INFO - [2023-05-31T09:51:39.405+0000] {dag.py:3490} INFO - Setting next_dagrun for example_nested_branch_dag to 2023-05-30T00:00:00+00:00, run_after=2023-05-31T00:00:00+00:00
[2023-05-31T09:51:39.429+0000] {processor.py:178} INFO - Processing /home/airflow/.local/lib/python3.7/site-packages/airflow/example_dags/example_nested_branch_dag.py took 0.119 seconds
[2023-05-31T09:52:09.519+0000] {processor.py:156} INFO - Started process (PID=689) to work on /home/airflow/.local/lib/python3.7/site-packages/airflow/example_dags/example_nested_branch_dag.py
[2023-05-31T09:52:09.520+0000] {processor.py:799} INFO - Processing file /home/airflow/.local/lib/python3.7/site-packages/airflow/example_dags/example_nested_branch_dag.py for tasks to queue
[2023-05-31T09:52:09.520+0000] {logging_mixin.py:149} INFO - [2023-05-31T09:52:09.520+0000] {dagbag.py:541} INFO - Filling up the DagBag from /home/airflow/.local/lib/python3.7/site-packages/airflow/example_dags/example_nested_branch_dag.py
[2023-05-31T09:52:09.532+0000] {processor.py:809} INFO - DAG(s) dict_keys(['example_nested_branch_dag']) retrieved from /home/airflow/.local/lib/python3.7/site-packages/airflow/example_dags/example_nested_branch_dag.py
[2023-05-31T09:52:09.564+0000] {logging_mixin.py:149} INFO - [2023-05-31T09:52:09.564+0000] {dag.py:2726} INFO - Sync 1 DAGs
[2023-05-31T09:52:09.597+0000] {logging_mixin.py:149} INFO - [2023-05-31T09:52:09.597+0000] {dag.py:3490} INFO - Setting next_dagrun for example_nested_branch_dag to 2023-05-30T00:00:00+00:00, run_after=2023-05-31T00:00:00+00:00
[2023-05-31T09:52:09.620+0000] {processor.py:178} INFO - Processing /home/airflow/.local/lib/python3.7/site-packages/airflow/example_dags/example_nested_branch_dag.py took 0.105 seconds
