[2023-05-31T09:46:32.984+0000] {processor.py:156} INFO - Started process (PID=60) to work on /home/airflow/.local/lib/python3.7/site-packages/airflow/example_dags/tutorial.py
[2023-05-31T09:46:32.986+0000] {processor.py:799} INFO - Processing file /home/airflow/.local/lib/python3.7/site-packages/airflow/example_dags/tutorial.py for tasks to queue
[2023-05-31T09:46:32.990+0000] {logging_mixin.py:149} INFO - [2023-05-31T09:46:32.990+0000] {dagbag.py:541} INFO - Filling up the DagBag from /home/airflow/.local/lib/python3.7/site-packages/airflow/example_dags/tutorial.py
[2023-05-31T09:46:33.009+0000] {processor.py:809} INFO - DAG(s) dict_keys(['tutorial']) retrieved from /home/airflow/.local/lib/python3.7/site-packages/airflow/example_dags/tutorial.py
[2023-05-31T09:46:33.106+0000] {logging_mixin.py:149} INFO - [2023-05-31T09:46:33.105+0000] {dag.py:2726} INFO - Sync 1 DAGs
[2023-05-31T09:46:33.256+0000] {logging_mixin.py:149} INFO - [2023-05-31T09:46:33.255+0000] {dag.py:3490} INFO - Setting next_dagrun for tutorial to 2023-05-30T09:46:33.255621+00:00, run_after=2023-05-31T09:46:33.255621+00:00
[2023-05-31T09:46:33.303+0000] {processor.py:178} INFO - Processing /home/airflow/.local/lib/python3.7/site-packages/airflow/example_dags/tutorial.py took 0.328 seconds
[2023-05-31T09:47:03.618+0000] {processor.py:156} INFO - Started process (PID=117) to work on /home/airflow/.local/lib/python3.7/site-packages/airflow/example_dags/tutorial.py
[2023-05-31T09:47:03.620+0000] {processor.py:799} INFO - Processing file /home/airflow/.local/lib/python3.7/site-packages/airflow/example_dags/tutorial.py for tasks to queue
[2023-05-31T09:47:03.621+0000] {logging_mixin.py:149} INFO - [2023-05-31T09:47:03.620+0000] {dagbag.py:541} INFO - Filling up the DagBag from /home/airflow/.local/lib/python3.7/site-packages/airflow/example_dags/tutorial.py
[2023-05-31T09:47:03.629+0000] {processor.py:809} INFO - DAG(s) dict_keys(['tutorial']) retrieved from /home/airflow/.local/lib/python3.7/site-packages/airflow/example_dags/tutorial.py
[2023-05-31T09:47:03.666+0000] {logging_mixin.py:149} INFO - [2023-05-31T09:47:03.665+0000] {dag.py:2726} INFO - Sync 1 DAGs
[2023-05-31T09:47:03.732+0000] {logging_mixin.py:149} INFO - [2023-05-31T09:47:03.731+0000] {dag.py:3490} INFO - Setting next_dagrun for tutorial to 2023-05-30T09:47:03.731566+00:00, run_after=2023-05-31T09:47:03.731566+00:00
[2023-05-31T09:47:03.821+0000] {processor.py:178} INFO - Processing /home/airflow/.local/lib/python3.7/site-packages/airflow/example_dags/tutorial.py took 0.208 seconds
[2023-05-31T09:47:34.758+0000] {processor.py:156} INFO - Started process (PID=173) to work on /home/airflow/.local/lib/python3.7/site-packages/airflow/example_dags/tutorial.py
[2023-05-31T09:47:34.761+0000] {processor.py:799} INFO - Processing file /home/airflow/.local/lib/python3.7/site-packages/airflow/example_dags/tutorial.py for tasks to queue
[2023-05-31T09:47:34.762+0000] {logging_mixin.py:149} INFO - [2023-05-31T09:47:34.761+0000] {dagbag.py:541} INFO - Filling up the DagBag from /home/airflow/.local/lib/python3.7/site-packages/airflow/example_dags/tutorial.py
[2023-05-31T09:47:34.770+0000] {processor.py:809} INFO - DAG(s) dict_keys(['tutorial']) retrieved from /home/airflow/.local/lib/python3.7/site-packages/airflow/example_dags/tutorial.py
[2023-05-31T09:47:34.802+0000] {logging_mixin.py:149} INFO - [2023-05-31T09:47:34.801+0000] {dag.py:2726} INFO - Sync 1 DAGs
[2023-05-31T09:47:34.837+0000] {logging_mixin.py:149} INFO - [2023-05-31T09:47:34.837+0000] {dag.py:3490} INFO - Setting next_dagrun for tutorial to 2023-05-30T09:47:34.837412+00:00, run_after=2023-05-31T09:47:34.837412+00:00
[2023-05-31T09:47:34.865+0000] {processor.py:178} INFO - Processing /home/airflow/.local/lib/python3.7/site-packages/airflow/example_dags/tutorial.py took 0.112 seconds
[2023-05-31T09:48:05.162+0000] {processor.py:156} INFO - Started process (PID=230) to work on /home/airflow/.local/lib/python3.7/site-packages/airflow/example_dags/tutorial.py
[2023-05-31T09:48:05.163+0000] {processor.py:799} INFO - Processing file /home/airflow/.local/lib/python3.7/site-packages/airflow/example_dags/tutorial.py for tasks to queue
[2023-05-31T09:48:05.171+0000] {logging_mixin.py:149} INFO - [2023-05-31T09:48:05.171+0000] {dagbag.py:541} INFO - Filling up the DagBag from /home/airflow/.local/lib/python3.7/site-packages/airflow/example_dags/tutorial.py
[2023-05-31T09:48:05.182+0000] {processor.py:809} INFO - DAG(s) dict_keys(['tutorial']) retrieved from /home/airflow/.local/lib/python3.7/site-packages/airflow/example_dags/tutorial.py
[2023-05-31T09:48:05.219+0000] {logging_mixin.py:149} INFO - [2023-05-31T09:48:05.219+0000] {dag.py:2726} INFO - Sync 1 DAGs
[2023-05-31T09:48:05.263+0000] {logging_mixin.py:149} INFO - [2023-05-31T09:48:05.263+0000] {dag.py:3490} INFO - Setting next_dagrun for tutorial to 2023-05-30T09:48:05.262696+00:00, run_after=2023-05-31T09:48:05.262696+00:00
[2023-05-31T09:48:05.289+0000] {processor.py:178} INFO - Processing /home/airflow/.local/lib/python3.7/site-packages/airflow/example_dags/tutorial.py took 0.140 seconds
[2023-05-31T09:48:35.907+0000] {processor.py:156} INFO - Started process (PID=287) to work on /home/airflow/.local/lib/python3.7/site-packages/airflow/example_dags/tutorial.py
[2023-05-31T09:48:35.908+0000] {processor.py:799} INFO - Processing file /home/airflow/.local/lib/python3.7/site-packages/airflow/example_dags/tutorial.py for tasks to queue
[2023-05-31T09:48:35.909+0000] {logging_mixin.py:149} INFO - [2023-05-31T09:48:35.909+0000] {dagbag.py:541} INFO - Filling up the DagBag from /home/airflow/.local/lib/python3.7/site-packages/airflow/example_dags/tutorial.py
[2023-05-31T09:48:35.917+0000] {processor.py:809} INFO - DAG(s) dict_keys(['tutorial']) retrieved from /home/airflow/.local/lib/python3.7/site-packages/airflow/example_dags/tutorial.py
[2023-05-31T09:48:35.947+0000] {logging_mixin.py:149} INFO - [2023-05-31T09:48:35.947+0000] {dag.py:2726} INFO - Sync 1 DAGs
[2023-05-31T09:48:35.980+0000] {logging_mixin.py:149} INFO - [2023-05-31T09:48:35.979+0000] {dag.py:3490} INFO - Setting next_dagrun for tutorial to 2023-05-30T09:48:35.979492+00:00, run_after=2023-05-31T09:48:35.979492+00:00
[2023-05-31T09:48:36.003+0000] {processor.py:178} INFO - Processing /home/airflow/.local/lib/python3.7/site-packages/airflow/example_dags/tutorial.py took 0.101 seconds
[2023-05-31T09:49:06.260+0000] {processor.py:156} INFO - Started process (PID=344) to work on /home/airflow/.local/lib/python3.7/site-packages/airflow/example_dags/tutorial.py
[2023-05-31T09:49:06.262+0000] {processor.py:799} INFO - Processing file /home/airflow/.local/lib/python3.7/site-packages/airflow/example_dags/tutorial.py for tasks to queue
[2023-05-31T09:49:06.263+0000] {logging_mixin.py:149} INFO - [2023-05-31T09:49:06.263+0000] {dagbag.py:541} INFO - Filling up the DagBag from /home/airflow/.local/lib/python3.7/site-packages/airflow/example_dags/tutorial.py
[2023-05-31T09:49:06.271+0000] {processor.py:809} INFO - DAG(s) dict_keys(['tutorial']) retrieved from /home/airflow/.local/lib/python3.7/site-packages/airflow/example_dags/tutorial.py
[2023-05-31T09:49:06.300+0000] {logging_mixin.py:149} INFO - [2023-05-31T09:49:06.300+0000] {dag.py:2726} INFO - Sync 1 DAGs
[2023-05-31T09:49:06.332+0000] {logging_mixin.py:149} INFO - [2023-05-31T09:49:06.331+0000] {dag.py:3490} INFO - Setting next_dagrun for tutorial to 2023-05-30T09:49:06.331539+00:00, run_after=2023-05-31T09:49:06.331539+00:00
[2023-05-31T09:49:06.353+0000] {processor.py:178} INFO - Processing /home/airflow/.local/lib/python3.7/site-packages/airflow/example_dags/tutorial.py took 0.097 seconds
[2023-05-31T09:49:37.111+0000] {processor.py:156} INFO - Started process (PID=402) to work on /home/airflow/.local/lib/python3.7/site-packages/airflow/example_dags/tutorial.py
[2023-05-31T09:49:37.113+0000] {processor.py:799} INFO - Processing file /home/airflow/.local/lib/python3.7/site-packages/airflow/example_dags/tutorial.py for tasks to queue
[2023-05-31T09:49:37.115+0000] {logging_mixin.py:149} INFO - [2023-05-31T09:49:37.115+0000] {dagbag.py:541} INFO - Filling up the DagBag from /home/airflow/.local/lib/python3.7/site-packages/airflow/example_dags/tutorial.py
[2023-05-31T09:49:37.123+0000] {processor.py:809} INFO - DAG(s) dict_keys(['tutorial']) retrieved from /home/airflow/.local/lib/python3.7/site-packages/airflow/example_dags/tutorial.py
[2023-05-31T09:49:37.150+0000] {logging_mixin.py:149} INFO - [2023-05-31T09:49:37.150+0000] {dag.py:2726} INFO - Sync 1 DAGs
[2023-05-31T09:49:37.181+0000] {logging_mixin.py:149} INFO - [2023-05-31T09:49:37.180+0000] {dag.py:3490} INFO - Setting next_dagrun for tutorial to 2023-05-30T09:49:37.180662+00:00, run_after=2023-05-31T09:49:37.180662+00:00
[2023-05-31T09:49:37.202+0000] {processor.py:178} INFO - Processing /home/airflow/.local/lib/python3.7/site-packages/airflow/example_dags/tutorial.py took 0.094 seconds
[2023-05-31T09:50:07.282+0000] {processor.py:156} INFO - Started process (PID=459) to work on /home/airflow/.local/lib/python3.7/site-packages/airflow/example_dags/tutorial.py
[2023-05-31T09:50:07.283+0000] {processor.py:799} INFO - Processing file /home/airflow/.local/lib/python3.7/site-packages/airflow/example_dags/tutorial.py for tasks to queue
[2023-05-31T09:50:07.284+0000] {logging_mixin.py:149} INFO - [2023-05-31T09:50:07.284+0000] {dagbag.py:541} INFO - Filling up the DagBag from /home/airflow/.local/lib/python3.7/site-packages/airflow/example_dags/tutorial.py
[2023-05-31T09:50:07.292+0000] {processor.py:809} INFO - DAG(s) dict_keys(['tutorial']) retrieved from /home/airflow/.local/lib/python3.7/site-packages/airflow/example_dags/tutorial.py
[2023-05-31T09:50:07.321+0000] {logging_mixin.py:149} INFO - [2023-05-31T09:50:07.321+0000] {dag.py:2726} INFO - Sync 1 DAGs
[2023-05-31T09:50:07.353+0000] {logging_mixin.py:149} INFO - [2023-05-31T09:50:07.353+0000] {dag.py:3490} INFO - Setting next_dagrun for tutorial to 2023-05-30T09:50:07.352825+00:00, run_after=2023-05-31T09:50:07.352825+00:00
[2023-05-31T09:50:07.374+0000] {processor.py:178} INFO - Processing /home/airflow/.local/lib/python3.7/site-packages/airflow/example_dags/tutorial.py took 0.096 seconds
[2023-05-31T09:50:38.150+0000] {processor.py:156} INFO - Started process (PID=516) to work on /home/airflow/.local/lib/python3.7/site-packages/airflow/example_dags/tutorial.py
[2023-05-31T09:50:38.151+0000] {processor.py:799} INFO - Processing file /home/airflow/.local/lib/python3.7/site-packages/airflow/example_dags/tutorial.py for tasks to queue
[2023-05-31T09:50:38.152+0000] {logging_mixin.py:149} INFO - [2023-05-31T09:50:38.152+0000] {dagbag.py:541} INFO - Filling up the DagBag from /home/airflow/.local/lib/python3.7/site-packages/airflow/example_dags/tutorial.py
[2023-05-31T09:50:38.162+0000] {processor.py:809} INFO - DAG(s) dict_keys(['tutorial']) retrieved from /home/airflow/.local/lib/python3.7/site-packages/airflow/example_dags/tutorial.py
[2023-05-31T09:50:38.190+0000] {logging_mixin.py:149} INFO - [2023-05-31T09:50:38.189+0000] {dag.py:2726} INFO - Sync 1 DAGs
[2023-05-31T09:50:38.221+0000] {logging_mixin.py:149} INFO - [2023-05-31T09:50:38.220+0000] {dag.py:3490} INFO - Setting next_dagrun for tutorial to 2023-05-30T09:50:38.220520+00:00, run_after=2023-05-31T09:50:38.220520+00:00
[2023-05-31T09:50:38.243+0000] {processor.py:178} INFO - Processing /home/airflow/.local/lib/python3.7/site-packages/airflow/example_dags/tutorial.py took 0.097 seconds
[2023-05-31T09:51:08.546+0000] {processor.py:156} INFO - Started process (PID=573) to work on /home/airflow/.local/lib/python3.7/site-packages/airflow/example_dags/tutorial.py
[2023-05-31T09:51:08.547+0000] {processor.py:799} INFO - Processing file /home/airflow/.local/lib/python3.7/site-packages/airflow/example_dags/tutorial.py for tasks to queue
[2023-05-31T09:51:08.548+0000] {logging_mixin.py:149} INFO - [2023-05-31T09:51:08.548+0000] {dagbag.py:541} INFO - Filling up the DagBag from /home/airflow/.local/lib/python3.7/site-packages/airflow/example_dags/tutorial.py
[2023-05-31T09:51:08.557+0000] {processor.py:809} INFO - DAG(s) dict_keys(['tutorial']) retrieved from /home/airflow/.local/lib/python3.7/site-packages/airflow/example_dags/tutorial.py
[2023-05-31T09:51:08.587+0000] {logging_mixin.py:149} INFO - [2023-05-31T09:51:08.587+0000] {dag.py:2726} INFO - Sync 1 DAGs
[2023-05-31T09:51:08.618+0000] {logging_mixin.py:149} INFO - [2023-05-31T09:51:08.618+0000] {dag.py:3490} INFO - Setting next_dagrun for tutorial to 2023-05-30T09:51:08.618096+00:00, run_after=2023-05-31T09:51:08.618096+00:00
[2023-05-31T09:51:08.639+0000] {processor.py:178} INFO - Processing /home/airflow/.local/lib/python3.7/site-packages/airflow/example_dags/tutorial.py took 0.097 seconds
[2023-05-31T09:51:39.125+0000] {processor.py:156} INFO - Started process (PID=630) to work on /home/airflow/.local/lib/python3.7/site-packages/airflow/example_dags/tutorial.py
[2023-05-31T09:51:39.127+0000] {processor.py:799} INFO - Processing file /home/airflow/.local/lib/python3.7/site-packages/airflow/example_dags/tutorial.py for tasks to queue
[2023-05-31T09:51:39.127+0000] {logging_mixin.py:149} INFO - [2023-05-31T09:51:39.127+0000] {dagbag.py:541} INFO - Filling up the DagBag from /home/airflow/.local/lib/python3.7/site-packages/airflow/example_dags/tutorial.py
[2023-05-31T09:51:39.136+0000] {processor.py:809} INFO - DAG(s) dict_keys(['tutorial']) retrieved from /home/airflow/.local/lib/python3.7/site-packages/airflow/example_dags/tutorial.py
[2023-05-31T09:51:39.189+0000] {logging_mixin.py:149} INFO - [2023-05-31T09:51:39.189+0000] {dag.py:2726} INFO - Sync 1 DAGs
[2023-05-31T09:51:39.247+0000] {logging_mixin.py:149} INFO - [2023-05-31T09:51:39.246+0000] {dag.py:3490} INFO - Setting next_dagrun for tutorial to 2023-05-30T09:51:39.246511+00:00, run_after=2023-05-31T09:51:39.246511+00:00
[2023-05-31T09:51:39.287+0000] {processor.py:178} INFO - Processing /home/airflow/.local/lib/python3.7/site-packages/airflow/example_dags/tutorial.py took 0.177 seconds
[2023-05-31T09:52:09.401+0000] {processor.py:156} INFO - Started process (PID=688) to work on /home/airflow/.local/lib/python3.7/site-packages/airflow/example_dags/tutorial.py
[2023-05-31T09:52:09.402+0000] {processor.py:799} INFO - Processing file /home/airflow/.local/lib/python3.7/site-packages/airflow/example_dags/tutorial.py for tasks to queue
[2023-05-31T09:52:09.403+0000] {logging_mixin.py:149} INFO - [2023-05-31T09:52:09.402+0000] {dagbag.py:541} INFO - Filling up the DagBag from /home/airflow/.local/lib/python3.7/site-packages/airflow/example_dags/tutorial.py
[2023-05-31T09:52:09.412+0000] {processor.py:809} INFO - DAG(s) dict_keys(['tutorial']) retrieved from /home/airflow/.local/lib/python3.7/site-packages/airflow/example_dags/tutorial.py
[2023-05-31T09:52:09.439+0000] {logging_mixin.py:149} INFO - [2023-05-31T09:52:09.439+0000] {dag.py:2726} INFO - Sync 1 DAGs
[2023-05-31T09:52:09.469+0000] {logging_mixin.py:149} INFO - [2023-05-31T09:52:09.469+0000] {dag.py:3490} INFO - Setting next_dagrun for tutorial to 2023-05-30T09:52:09.469295+00:00, run_after=2023-05-31T09:52:09.469295+00:00
[2023-05-31T09:52:09.492+0000] {processor.py:178} INFO - Processing /home/airflow/.local/lib/python3.7/site-packages/airflow/example_dags/tutorial.py took 0.095 seconds
