[2023-05-31T09:46:30.669+0000] {processor.py:156} INFO - Started process (PID=46) to work on /home/airflow/.local/lib/python3.7/site-packages/airflow/example_dags/tutorial_taskflow_api_virtualenv.py
[2023-05-31T09:46:30.670+0000] {processor.py:799} INFO - Processing file /home/airflow/.local/lib/python3.7/site-packages/airflow/example_dags/tutorial_taskflow_api_virtualenv.py for tasks to queue
[2023-05-31T09:46:30.671+0000] {logging_mixin.py:149} INFO - [2023-05-31T09:46:30.670+0000] {dagbag.py:541} INFO - Filling up the DagBag from /home/airflow/.local/lib/python3.7/site-packages/airflow/example_dags/tutorial_taskflow_api_virtualenv.py
[2023-05-31T09:46:30.699+0000] {processor.py:809} INFO - DAG(s) dict_keys(['tutorial_taskflow_api_virtualenv']) retrieved from /home/airflow/.local/lib/python3.7/site-packages/airflow/example_dags/tutorial_taskflow_api_virtualenv.py
[2023-05-31T09:46:30.769+0000] {logging_mixin.py:149} INFO - [2023-05-31T09:46:30.769+0000] {dag.py:2726} INFO - Sync 1 DAGs
[2023-05-31T09:46:30.846+0000] {logging_mixin.py:149} INFO - [2023-05-31T09:46:30.845+0000] {dag.py:3490} INFO - Setting next_dagrun for tutorial_taskflow_api_virtualenv to None, run_after=None
[2023-05-31T09:46:30.892+0000] {processor.py:178} INFO - Processing /home/airflow/.local/lib/python3.7/site-packages/airflow/example_dags/tutorial_taskflow_api_virtualenv.py took 0.231 seconds
[2023-05-31T09:47:01.116+0000] {processor.py:156} INFO - Started process (PID=103) to work on /home/airflow/.local/lib/python3.7/site-packages/airflow/example_dags/tutorial_taskflow_api_virtualenv.py
[2023-05-31T09:47:01.118+0000] {processor.py:799} INFO - Processing file /home/airflow/.local/lib/python3.7/site-packages/airflow/example_dags/tutorial_taskflow_api_virtualenv.py for tasks to queue
[2023-05-31T09:47:01.119+0000] {logging_mixin.py:149} INFO - [2023-05-31T09:47:01.119+0000] {dagbag.py:541} INFO - Filling up the DagBag from /home/airflow/.local/lib/python3.7/site-packages/airflow/example_dags/tutorial_taskflow_api_virtualenv.py
[2023-05-31T09:47:01.128+0000] {processor.py:809} INFO - DAG(s) dict_keys(['tutorial_taskflow_api_virtualenv']) retrieved from /home/airflow/.local/lib/python3.7/site-packages/airflow/example_dags/tutorial_taskflow_api_virtualenv.py
[2023-05-31T09:47:01.168+0000] {logging_mixin.py:149} INFO - [2023-05-31T09:47:01.168+0000] {dag.py:2726} INFO - Sync 1 DAGs
[2023-05-31T09:47:01.204+0000] {logging_mixin.py:149} INFO - [2023-05-31T09:47:01.204+0000] {dag.py:3490} INFO - Setting next_dagrun for tutorial_taskflow_api_virtualenv to None, run_after=None
[2023-05-31T09:47:01.258+0000] {processor.py:178} INFO - Processing /home/airflow/.local/lib/python3.7/site-packages/airflow/example_dags/tutorial_taskflow_api_virtualenv.py took 0.147 seconds
[2023-05-31T09:47:31.606+0000] {processor.py:156} INFO - Started process (PID=159) to work on /home/airflow/.local/lib/python3.7/site-packages/airflow/example_dags/tutorial_taskflow_api_virtualenv.py
[2023-05-31T09:47:31.608+0000] {processor.py:799} INFO - Processing file /home/airflow/.local/lib/python3.7/site-packages/airflow/example_dags/tutorial_taskflow_api_virtualenv.py for tasks to queue
[2023-05-31T09:47:31.609+0000] {logging_mixin.py:149} INFO - [2023-05-31T09:47:31.609+0000] {dagbag.py:541} INFO - Filling up the DagBag from /home/airflow/.local/lib/python3.7/site-packages/airflow/example_dags/tutorial_taskflow_api_virtualenv.py
[2023-05-31T09:47:31.618+0000] {processor.py:809} INFO - DAG(s) dict_keys(['tutorial_taskflow_api_virtualenv']) retrieved from /home/airflow/.local/lib/python3.7/site-packages/airflow/example_dags/tutorial_taskflow_api_virtualenv.py
[2023-05-31T09:47:31.653+0000] {logging_mixin.py:149} INFO - [2023-05-31T09:47:31.653+0000] {dag.py:2726} INFO - Sync 1 DAGs
[2023-05-31T09:47:31.701+0000] {logging_mixin.py:149} INFO - [2023-05-31T09:47:31.701+0000] {dag.py:3490} INFO - Setting next_dagrun for tutorial_taskflow_api_virtualenv to None, run_after=None
[2023-05-31T09:47:31.733+0000] {processor.py:178} INFO - Processing /home/airflow/.local/lib/python3.7/site-packages/airflow/example_dags/tutorial_taskflow_api_virtualenv.py took 0.131 seconds
[2023-05-31T09:48:02.179+0000] {processor.py:156} INFO - Started process (PID=216) to work on /home/airflow/.local/lib/python3.7/site-packages/airflow/example_dags/tutorial_taskflow_api_virtualenv.py
[2023-05-31T09:48:02.181+0000] {processor.py:799} INFO - Processing file /home/airflow/.local/lib/python3.7/site-packages/airflow/example_dags/tutorial_taskflow_api_virtualenv.py for tasks to queue
[2023-05-31T09:48:02.181+0000] {logging_mixin.py:149} INFO - [2023-05-31T09:48:02.181+0000] {dagbag.py:541} INFO - Filling up the DagBag from /home/airflow/.local/lib/python3.7/site-packages/airflow/example_dags/tutorial_taskflow_api_virtualenv.py
[2023-05-31T09:48:02.190+0000] {processor.py:809} INFO - DAG(s) dict_keys(['tutorial_taskflow_api_virtualenv']) retrieved from /home/airflow/.local/lib/python3.7/site-packages/airflow/example_dags/tutorial_taskflow_api_virtualenv.py
[2023-05-31T09:48:02.224+0000] {logging_mixin.py:149} INFO - [2023-05-31T09:48:02.224+0000] {dag.py:2726} INFO - Sync 1 DAGs
[2023-05-31T09:48:02.260+0000] {logging_mixin.py:149} INFO - [2023-05-31T09:48:02.260+0000] {dag.py:3490} INFO - Setting next_dagrun for tutorial_taskflow_api_virtualenv to None, run_after=None
[2023-05-31T09:48:02.284+0000] {processor.py:178} INFO - Processing /home/airflow/.local/lib/python3.7/site-packages/airflow/example_dags/tutorial_taskflow_api_virtualenv.py took 0.109 seconds
[2023-05-31T09:48:32.770+0000] {processor.py:156} INFO - Started process (PID=273) to work on /home/airflow/.local/lib/python3.7/site-packages/airflow/example_dags/tutorial_taskflow_api_virtualenv.py
[2023-05-31T09:48:32.772+0000] {processor.py:799} INFO - Processing file /home/airflow/.local/lib/python3.7/site-packages/airflow/example_dags/tutorial_taskflow_api_virtualenv.py for tasks to queue
[2023-05-31T09:48:32.773+0000] {logging_mixin.py:149} INFO - [2023-05-31T09:48:32.772+0000] {dagbag.py:541} INFO - Filling up the DagBag from /home/airflow/.local/lib/python3.7/site-packages/airflow/example_dags/tutorial_taskflow_api_virtualenv.py
[2023-05-31T09:48:32.781+0000] {processor.py:809} INFO - DAG(s) dict_keys(['tutorial_taskflow_api_virtualenv']) retrieved from /home/airflow/.local/lib/python3.7/site-packages/airflow/example_dags/tutorial_taskflow_api_virtualenv.py
[2023-05-31T09:48:32.819+0000] {logging_mixin.py:149} INFO - [2023-05-31T09:48:32.819+0000] {dag.py:2726} INFO - Sync 1 DAGs
[2023-05-31T09:48:32.856+0000] {logging_mixin.py:149} INFO - [2023-05-31T09:48:32.856+0000] {dag.py:3490} INFO - Setting next_dagrun for tutorial_taskflow_api_virtualenv to None, run_after=None
[2023-05-31T09:48:32.882+0000] {processor.py:178} INFO - Processing /home/airflow/.local/lib/python3.7/site-packages/airflow/example_dags/tutorial_taskflow_api_virtualenv.py took 0.116 seconds
[2023-05-31T09:49:03.241+0000] {processor.py:156} INFO - Started process (PID=330) to work on /home/airflow/.local/lib/python3.7/site-packages/airflow/example_dags/tutorial_taskflow_api_virtualenv.py
[2023-05-31T09:49:03.242+0000] {processor.py:799} INFO - Processing file /home/airflow/.local/lib/python3.7/site-packages/airflow/example_dags/tutorial_taskflow_api_virtualenv.py for tasks to queue
[2023-05-31T09:49:03.243+0000] {logging_mixin.py:149} INFO - [2023-05-31T09:49:03.243+0000] {dagbag.py:541} INFO - Filling up the DagBag from /home/airflow/.local/lib/python3.7/site-packages/airflow/example_dags/tutorial_taskflow_api_virtualenv.py
[2023-05-31T09:49:03.251+0000] {processor.py:809} INFO - DAG(s) dict_keys(['tutorial_taskflow_api_virtualenv']) retrieved from /home/airflow/.local/lib/python3.7/site-packages/airflow/example_dags/tutorial_taskflow_api_virtualenv.py
[2023-05-31T09:49:03.284+0000] {logging_mixin.py:149} INFO - [2023-05-31T09:49:03.284+0000] {dag.py:2726} INFO - Sync 1 DAGs
[2023-05-31T09:49:03.317+0000] {logging_mixin.py:149} INFO - [2023-05-31T09:49:03.317+0000] {dag.py:3490} INFO - Setting next_dagrun for tutorial_taskflow_api_virtualenv to None, run_after=None
[2023-05-31T09:49:03.339+0000] {processor.py:178} INFO - Processing /home/airflow/.local/lib/python3.7/site-packages/airflow/example_dags/tutorial_taskflow_api_virtualenv.py took 0.102 seconds
[2023-05-31T09:49:34.162+0000] {processor.py:156} INFO - Started process (PID=388) to work on /home/airflow/.local/lib/python3.7/site-packages/airflow/example_dags/tutorial_taskflow_api_virtualenv.py
[2023-05-31T09:49:34.163+0000] {processor.py:799} INFO - Processing file /home/airflow/.local/lib/python3.7/site-packages/airflow/example_dags/tutorial_taskflow_api_virtualenv.py for tasks to queue
[2023-05-31T09:49:34.164+0000] {logging_mixin.py:149} INFO - [2023-05-31T09:49:34.163+0000] {dagbag.py:541} INFO - Filling up the DagBag from /home/airflow/.local/lib/python3.7/site-packages/airflow/example_dags/tutorial_taskflow_api_virtualenv.py
[2023-05-31T09:49:34.172+0000] {processor.py:809} INFO - DAG(s) dict_keys(['tutorial_taskflow_api_virtualenv']) retrieved from /home/airflow/.local/lib/python3.7/site-packages/airflow/example_dags/tutorial_taskflow_api_virtualenv.py
[2023-05-31T09:49:34.202+0000] {logging_mixin.py:149} INFO - [2023-05-31T09:49:34.202+0000] {dag.py:2726} INFO - Sync 1 DAGs
[2023-05-31T09:49:34.234+0000] {logging_mixin.py:149} INFO - [2023-05-31T09:49:34.234+0000] {dag.py:3490} INFO - Setting next_dagrun for tutorial_taskflow_api_virtualenv to None, run_after=None
[2023-05-31T09:49:34.256+0000] {processor.py:178} INFO - Processing /home/airflow/.local/lib/python3.7/site-packages/airflow/example_dags/tutorial_taskflow_api_virtualenv.py took 0.099 seconds
[2023-05-31T09:50:04.441+0000] {processor.py:156} INFO - Started process (PID=445) to work on /home/airflow/.local/lib/python3.7/site-packages/airflow/example_dags/tutorial_taskflow_api_virtualenv.py
[2023-05-31T09:50:04.441+0000] {processor.py:799} INFO - Processing file /home/airflow/.local/lib/python3.7/site-packages/airflow/example_dags/tutorial_taskflow_api_virtualenv.py for tasks to queue
[2023-05-31T09:50:04.442+0000] {logging_mixin.py:149} INFO - [2023-05-31T09:50:04.442+0000] {dagbag.py:541} INFO - Filling up the DagBag from /home/airflow/.local/lib/python3.7/site-packages/airflow/example_dags/tutorial_taskflow_api_virtualenv.py
[2023-05-31T09:50:04.451+0000] {processor.py:809} INFO - DAG(s) dict_keys(['tutorial_taskflow_api_virtualenv']) retrieved from /home/airflow/.local/lib/python3.7/site-packages/airflow/example_dags/tutorial_taskflow_api_virtualenv.py
[2023-05-31T09:50:04.485+0000] {logging_mixin.py:149} INFO - [2023-05-31T09:50:04.484+0000] {dag.py:2726} INFO - Sync 1 DAGs
[2023-05-31T09:50:04.517+0000] {logging_mixin.py:149} INFO - [2023-05-31T09:50:04.517+0000] {dag.py:3490} INFO - Setting next_dagrun for tutorial_taskflow_api_virtualenv to None, run_after=None
[2023-05-31T09:50:04.540+0000] {processor.py:178} INFO - Processing /home/airflow/.local/lib/python3.7/site-packages/airflow/example_dags/tutorial_taskflow_api_virtualenv.py took 0.104 seconds
[2023-05-31T09:50:35.306+0000] {processor.py:156} INFO - Started process (PID=502) to work on /home/airflow/.local/lib/python3.7/site-packages/airflow/example_dags/tutorial_taskflow_api_virtualenv.py
[2023-05-31T09:50:35.307+0000] {processor.py:799} INFO - Processing file /home/airflow/.local/lib/python3.7/site-packages/airflow/example_dags/tutorial_taskflow_api_virtualenv.py for tasks to queue
[2023-05-31T09:50:35.308+0000] {logging_mixin.py:149} INFO - [2023-05-31T09:50:35.308+0000] {dagbag.py:541} INFO - Filling up the DagBag from /home/airflow/.local/lib/python3.7/site-packages/airflow/example_dags/tutorial_taskflow_api_virtualenv.py
[2023-05-31T09:50:35.316+0000] {processor.py:809} INFO - DAG(s) dict_keys(['tutorial_taskflow_api_virtualenv']) retrieved from /home/airflow/.local/lib/python3.7/site-packages/airflow/example_dags/tutorial_taskflow_api_virtualenv.py
[2023-05-31T09:50:35.344+0000] {logging_mixin.py:149} INFO - [2023-05-31T09:50:35.344+0000] {dag.py:2726} INFO - Sync 1 DAGs
[2023-05-31T09:50:35.375+0000] {logging_mixin.py:149} INFO - [2023-05-31T09:50:35.375+0000] {dag.py:3490} INFO - Setting next_dagrun for tutorial_taskflow_api_virtualenv to None, run_after=None
[2023-05-31T09:50:35.396+0000] {processor.py:178} INFO - Processing /home/airflow/.local/lib/python3.7/site-packages/airflow/example_dags/tutorial_taskflow_api_virtualenv.py took 0.094 seconds
[2023-05-31T09:51:06.080+0000] {processor.py:156} INFO - Started process (PID=559) to work on /home/airflow/.local/lib/python3.7/site-packages/airflow/example_dags/tutorial_taskflow_api_virtualenv.py
[2023-05-31T09:51:06.081+0000] {processor.py:799} INFO - Processing file /home/airflow/.local/lib/python3.7/site-packages/airflow/example_dags/tutorial_taskflow_api_virtualenv.py for tasks to queue
[2023-05-31T09:51:06.082+0000] {logging_mixin.py:149} INFO - [2023-05-31T09:51:06.082+0000] {dagbag.py:541} INFO - Filling up the DagBag from /home/airflow/.local/lib/python3.7/site-packages/airflow/example_dags/tutorial_taskflow_api_virtualenv.py
[2023-05-31T09:51:06.090+0000] {processor.py:809} INFO - DAG(s) dict_keys(['tutorial_taskflow_api_virtualenv']) retrieved from /home/airflow/.local/lib/python3.7/site-packages/airflow/example_dags/tutorial_taskflow_api_virtualenv.py
[2023-05-31T09:51:06.139+0000] {logging_mixin.py:149} INFO - [2023-05-31T09:51:06.138+0000] {dag.py:2726} INFO - Sync 1 DAGs
[2023-05-31T09:51:06.181+0000] {logging_mixin.py:149} INFO - [2023-05-31T09:51:06.181+0000] {dag.py:3490} INFO - Setting next_dagrun for tutorial_taskflow_api_virtualenv to None, run_after=None
[2023-05-31T09:51:06.229+0000] {processor.py:178} INFO - Processing /home/airflow/.local/lib/python3.7/site-packages/airflow/example_dags/tutorial_taskflow_api_virtualenv.py took 0.154 seconds
[2023-05-31T09:51:36.698+0000] {processor.py:156} INFO - Started process (PID=616) to work on /home/airflow/.local/lib/python3.7/site-packages/airflow/example_dags/tutorial_taskflow_api_virtualenv.py
[2023-05-31T09:51:36.700+0000] {processor.py:799} INFO - Processing file /home/airflow/.local/lib/python3.7/site-packages/airflow/example_dags/tutorial_taskflow_api_virtualenv.py for tasks to queue
[2023-05-31T09:51:36.700+0000] {logging_mixin.py:149} INFO - [2023-05-31T09:51:36.700+0000] {dagbag.py:541} INFO - Filling up the DagBag from /home/airflow/.local/lib/python3.7/site-packages/airflow/example_dags/tutorial_taskflow_api_virtualenv.py
[2023-05-31T09:51:36.708+0000] {processor.py:809} INFO - DAG(s) dict_keys(['tutorial_taskflow_api_virtualenv']) retrieved from /home/airflow/.local/lib/python3.7/site-packages/airflow/example_dags/tutorial_taskflow_api_virtualenv.py
[2023-05-31T09:51:36.745+0000] {logging_mixin.py:149} INFO - [2023-05-31T09:51:36.744+0000] {dag.py:2726} INFO - Sync 1 DAGs
[2023-05-31T09:51:36.784+0000] {logging_mixin.py:149} INFO - [2023-05-31T09:51:36.784+0000] {dag.py:3490} INFO - Setting next_dagrun for tutorial_taskflow_api_virtualenv to None, run_after=None
[2023-05-31T09:51:36.805+0000] {processor.py:178} INFO - Processing /home/airflow/.local/lib/python3.7/site-packages/airflow/example_dags/tutorial_taskflow_api_virtualenv.py took 0.112 seconds
[2023-05-31T09:52:07.279+0000] {processor.py:156} INFO - Started process (PID=674) to work on /home/airflow/.local/lib/python3.7/site-packages/airflow/example_dags/tutorial_taskflow_api_virtualenv.py
[2023-05-31T09:52:07.281+0000] {processor.py:799} INFO - Processing file /home/airflow/.local/lib/python3.7/site-packages/airflow/example_dags/tutorial_taskflow_api_virtualenv.py for tasks to queue
[2023-05-31T09:52:07.281+0000] {logging_mixin.py:149} INFO - [2023-05-31T09:52:07.281+0000] {dagbag.py:541} INFO - Filling up the DagBag from /home/airflow/.local/lib/python3.7/site-packages/airflow/example_dags/tutorial_taskflow_api_virtualenv.py
[2023-05-31T09:52:07.289+0000] {processor.py:809} INFO - DAG(s) dict_keys(['tutorial_taskflow_api_virtualenv']) retrieved from /home/airflow/.local/lib/python3.7/site-packages/airflow/example_dags/tutorial_taskflow_api_virtualenv.py
[2023-05-31T09:52:07.320+0000] {logging_mixin.py:149} INFO - [2023-05-31T09:52:07.320+0000] {dag.py:2726} INFO - Sync 1 DAGs
[2023-05-31T09:52:07.351+0000] {logging_mixin.py:149} INFO - [2023-05-31T09:52:07.351+0000] {dag.py:3490} INFO - Setting next_dagrun for tutorial_taskflow_api_virtualenv to None, run_after=None
[2023-05-31T09:52:07.372+0000] {processor.py:178} INFO - Processing /home/airflow/.local/lib/python3.7/site-packages/airflow/example_dags/tutorial_taskflow_api_virtualenv.py took 0.096 seconds
