[2023-05-31T09:46:30.068+0000] {processor.py:156} INFO - Started process (PID=43) to work on /home/airflow/.local/lib/python3.7/site-packages/airflow/example_dags/tutorial_dag.py
[2023-05-31T09:46:30.074+0000] {processor.py:799} INFO - Processing file /home/airflow/.local/lib/python3.7/site-packages/airflow/example_dags/tutorial_dag.py for tasks to queue
[2023-05-31T09:46:30.075+0000] {logging_mixin.py:149} INFO - [2023-05-31T09:46:30.075+0000] {dagbag.py:541} INFO - Filling up the DagBag from /home/airflow/.local/lib/python3.7/site-packages/airflow/example_dags/tutorial_dag.py
[2023-05-31T09:46:30.097+0000] {processor.py:809} INFO - DAG(s) dict_keys(['tutorial_dag']) retrieved from /home/airflow/.local/lib/python3.7/site-packages/airflow/example_dags/tutorial_dag.py
[2023-05-31T09:46:30.166+0000] {logging_mixin.py:149} INFO - [2023-05-31T09:46:30.165+0000] {dag.py:2726} INFO - Sync 1 DAGs
[2023-05-31T09:46:30.250+0000] {logging_mixin.py:149} INFO - [2023-05-31T09:46:30.249+0000] {dag.py:3490} INFO - Setting next_dagrun for tutorial_dag to None, run_after=None
[2023-05-31T09:46:30.298+0000] {processor.py:178} INFO - Processing /home/airflow/.local/lib/python3.7/site-packages/airflow/example_dags/tutorial_dag.py took 0.242 seconds
[2023-05-31T09:47:00.604+0000] {processor.py:156} INFO - Started process (PID=100) to work on /home/airflow/.local/lib/python3.7/site-packages/airflow/example_dags/tutorial_dag.py
[2023-05-31T09:47:00.606+0000] {processor.py:799} INFO - Processing file /home/airflow/.local/lib/python3.7/site-packages/airflow/example_dags/tutorial_dag.py for tasks to queue
[2023-05-31T09:47:00.607+0000] {logging_mixin.py:149} INFO - [2023-05-31T09:47:00.606+0000] {dagbag.py:541} INFO - Filling up the DagBag from /home/airflow/.local/lib/python3.7/site-packages/airflow/example_dags/tutorial_dag.py
[2023-05-31T09:47:00.613+0000] {processor.py:809} INFO - DAG(s) dict_keys(['tutorial_dag']) retrieved from /home/airflow/.local/lib/python3.7/site-packages/airflow/example_dags/tutorial_dag.py
[2023-05-31T09:47:00.646+0000] {logging_mixin.py:149} INFO - [2023-05-31T09:47:00.646+0000] {dag.py:2726} INFO - Sync 1 DAGs
[2023-05-31T09:47:00.680+0000] {logging_mixin.py:149} INFO - [2023-05-31T09:47:00.680+0000] {dag.py:3490} INFO - Setting next_dagrun for tutorial_dag to None, run_after=None
[2023-05-31T09:47:00.764+0000] {processor.py:178} INFO - Processing /home/airflow/.local/lib/python3.7/site-packages/airflow/example_dags/tutorial_dag.py took 0.164 seconds
[2023-05-31T09:47:31.346+0000] {processor.py:156} INFO - Started process (PID=156) to work on /home/airflow/.local/lib/python3.7/site-packages/airflow/example_dags/tutorial_dag.py
[2023-05-31T09:47:31.348+0000] {processor.py:799} INFO - Processing file /home/airflow/.local/lib/python3.7/site-packages/airflow/example_dags/tutorial_dag.py for tasks to queue
[2023-05-31T09:47:31.348+0000] {logging_mixin.py:149} INFO - [2023-05-31T09:47:31.348+0000] {dagbag.py:541} INFO - Filling up the DagBag from /home/airflow/.local/lib/python3.7/site-packages/airflow/example_dags/tutorial_dag.py
[2023-05-31T09:47:31.355+0000] {processor.py:809} INFO - DAG(s) dict_keys(['tutorial_dag']) retrieved from /home/airflow/.local/lib/python3.7/site-packages/airflow/example_dags/tutorial_dag.py
[2023-05-31T09:47:31.387+0000] {logging_mixin.py:149} INFO - [2023-05-31T09:47:31.387+0000] {dag.py:2726} INFO - Sync 1 DAGs
[2023-05-31T09:47:31.421+0000] {logging_mixin.py:149} INFO - [2023-05-31T09:47:31.421+0000] {dag.py:3490} INFO - Setting next_dagrun for tutorial_dag to None, run_after=None
[2023-05-31T09:47:31.448+0000] {processor.py:178} INFO - Processing /home/airflow/.local/lib/python3.7/site-packages/airflow/example_dags/tutorial_dag.py took 0.107 seconds
[2023-05-31T09:48:01.883+0000] {processor.py:156} INFO - Started process (PID=213) to work on /home/airflow/.local/lib/python3.7/site-packages/airflow/example_dags/tutorial_dag.py
[2023-05-31T09:48:01.884+0000] {processor.py:799} INFO - Processing file /home/airflow/.local/lib/python3.7/site-packages/airflow/example_dags/tutorial_dag.py for tasks to queue
[2023-05-31T09:48:01.885+0000] {logging_mixin.py:149} INFO - [2023-05-31T09:48:01.885+0000] {dagbag.py:541} INFO - Filling up the DagBag from /home/airflow/.local/lib/python3.7/site-packages/airflow/example_dags/tutorial_dag.py
[2023-05-31T09:48:01.891+0000] {processor.py:809} INFO - DAG(s) dict_keys(['tutorial_dag']) retrieved from /home/airflow/.local/lib/python3.7/site-packages/airflow/example_dags/tutorial_dag.py
[2023-05-31T09:48:01.925+0000] {logging_mixin.py:149} INFO - [2023-05-31T09:48:01.924+0000] {dag.py:2726} INFO - Sync 1 DAGs
[2023-05-31T09:48:01.959+0000] {logging_mixin.py:149} INFO - [2023-05-31T09:48:01.959+0000] {dag.py:3490} INFO - Setting next_dagrun for tutorial_dag to None, run_after=None
[2023-05-31T09:48:01.989+0000] {processor.py:178} INFO - Processing /home/airflow/.local/lib/python3.7/site-packages/airflow/example_dags/tutorial_dag.py took 0.110 seconds
[2023-05-31T09:48:32.491+0000] {processor.py:156} INFO - Started process (PID=270) to work on /home/airflow/.local/lib/python3.7/site-packages/airflow/example_dags/tutorial_dag.py
[2023-05-31T09:48:32.493+0000] {processor.py:799} INFO - Processing file /home/airflow/.local/lib/python3.7/site-packages/airflow/example_dags/tutorial_dag.py for tasks to queue
[2023-05-31T09:48:32.494+0000] {logging_mixin.py:149} INFO - [2023-05-31T09:48:32.493+0000] {dagbag.py:541} INFO - Filling up the DagBag from /home/airflow/.local/lib/python3.7/site-packages/airflow/example_dags/tutorial_dag.py
[2023-05-31T09:48:32.501+0000] {processor.py:809} INFO - DAG(s) dict_keys(['tutorial_dag']) retrieved from /home/airflow/.local/lib/python3.7/site-packages/airflow/example_dags/tutorial_dag.py
[2023-05-31T09:48:32.535+0000] {logging_mixin.py:149} INFO - [2023-05-31T09:48:32.535+0000] {dag.py:2726} INFO - Sync 1 DAGs
[2023-05-31T09:48:32.570+0000] {logging_mixin.py:149} INFO - [2023-05-31T09:48:32.570+0000] {dag.py:3490} INFO - Setting next_dagrun for tutorial_dag to None, run_after=None
[2023-05-31T09:48:32.594+0000] {processor.py:178} INFO - Processing /home/airflow/.local/lib/python3.7/site-packages/airflow/example_dags/tutorial_dag.py took 0.109 seconds
[2023-05-31T09:49:02.972+0000] {processor.py:156} INFO - Started process (PID=327) to work on /home/airflow/.local/lib/python3.7/site-packages/airflow/example_dags/tutorial_dag.py
[2023-05-31T09:49:02.973+0000] {processor.py:799} INFO - Processing file /home/airflow/.local/lib/python3.7/site-packages/airflow/example_dags/tutorial_dag.py for tasks to queue
[2023-05-31T09:49:02.974+0000] {logging_mixin.py:149} INFO - [2023-05-31T09:49:02.973+0000] {dagbag.py:541} INFO - Filling up the DagBag from /home/airflow/.local/lib/python3.7/site-packages/airflow/example_dags/tutorial_dag.py
[2023-05-31T09:49:02.982+0000] {processor.py:809} INFO - DAG(s) dict_keys(['tutorial_dag']) retrieved from /home/airflow/.local/lib/python3.7/site-packages/airflow/example_dags/tutorial_dag.py
[2023-05-31T09:49:03.015+0000] {logging_mixin.py:149} INFO - [2023-05-31T09:49:03.015+0000] {dag.py:2726} INFO - Sync 1 DAGs
[2023-05-31T09:49:03.053+0000] {logging_mixin.py:149} INFO - [2023-05-31T09:49:03.052+0000] {dag.py:3490} INFO - Setting next_dagrun for tutorial_dag to None, run_after=None
[2023-05-31T09:49:03.076+0000] {processor.py:178} INFO - Processing /home/airflow/.local/lib/python3.7/site-packages/airflow/example_dags/tutorial_dag.py took 0.109 seconds
[2023-05-31T09:49:33.859+0000] {processor.py:156} INFO - Started process (PID=385) to work on /home/airflow/.local/lib/python3.7/site-packages/airflow/example_dags/tutorial_dag.py
[2023-05-31T09:49:33.861+0000] {processor.py:799} INFO - Processing file /home/airflow/.local/lib/python3.7/site-packages/airflow/example_dags/tutorial_dag.py for tasks to queue
[2023-05-31T09:49:33.861+0000] {logging_mixin.py:149} INFO - [2023-05-31T09:49:33.861+0000] {dagbag.py:541} INFO - Filling up the DagBag from /home/airflow/.local/lib/python3.7/site-packages/airflow/example_dags/tutorial_dag.py
[2023-05-31T09:49:33.868+0000] {processor.py:809} INFO - DAG(s) dict_keys(['tutorial_dag']) retrieved from /home/airflow/.local/lib/python3.7/site-packages/airflow/example_dags/tutorial_dag.py
[2023-05-31T09:49:33.900+0000] {logging_mixin.py:149} INFO - [2023-05-31T09:49:33.900+0000] {dag.py:2726} INFO - Sync 1 DAGs
[2023-05-31T09:49:33.945+0000] {logging_mixin.py:149} INFO - [2023-05-31T09:49:33.945+0000] {dag.py:3490} INFO - Setting next_dagrun for tutorial_dag to None, run_after=None
[2023-05-31T09:49:33.982+0000] {processor.py:178} INFO - Processing /home/airflow/.local/lib/python3.7/site-packages/airflow/example_dags/tutorial_dag.py took 0.127 seconds
[2023-05-31T09:50:04.181+0000] {processor.py:156} INFO - Started process (PID=442) to work on /home/airflow/.local/lib/python3.7/site-packages/airflow/example_dags/tutorial_dag.py
[2023-05-31T09:50:04.182+0000] {processor.py:799} INFO - Processing file /home/airflow/.local/lib/python3.7/site-packages/airflow/example_dags/tutorial_dag.py for tasks to queue
[2023-05-31T09:50:04.182+0000] {logging_mixin.py:149} INFO - [2023-05-31T09:50:04.182+0000] {dagbag.py:541} INFO - Filling up the DagBag from /home/airflow/.local/lib/python3.7/site-packages/airflow/example_dags/tutorial_dag.py
[2023-05-31T09:50:04.189+0000] {processor.py:809} INFO - DAG(s) dict_keys(['tutorial_dag']) retrieved from /home/airflow/.local/lib/python3.7/site-packages/airflow/example_dags/tutorial_dag.py
[2023-05-31T09:50:04.220+0000] {logging_mixin.py:149} INFO - [2023-05-31T09:50:04.220+0000] {dag.py:2726} INFO - Sync 1 DAGs
[2023-05-31T09:50:04.252+0000] {logging_mixin.py:149} INFO - [2023-05-31T09:50:04.252+0000] {dag.py:3490} INFO - Setting next_dagrun for tutorial_dag to None, run_after=None
[2023-05-31T09:50:04.274+0000] {processor.py:178} INFO - Processing /home/airflow/.local/lib/python3.7/site-packages/airflow/example_dags/tutorial_dag.py took 0.098 seconds
[2023-05-31T09:50:35.064+0000] {processor.py:156} INFO - Started process (PID=499) to work on /home/airflow/.local/lib/python3.7/site-packages/airflow/example_dags/tutorial_dag.py
[2023-05-31T09:50:35.065+0000] {processor.py:799} INFO - Processing file /home/airflow/.local/lib/python3.7/site-packages/airflow/example_dags/tutorial_dag.py for tasks to queue
[2023-05-31T09:50:35.066+0000] {logging_mixin.py:149} INFO - [2023-05-31T09:50:35.066+0000] {dagbag.py:541} INFO - Filling up the DagBag from /home/airflow/.local/lib/python3.7/site-packages/airflow/example_dags/tutorial_dag.py
[2023-05-31T09:50:35.072+0000] {processor.py:809} INFO - DAG(s) dict_keys(['tutorial_dag']) retrieved from /home/airflow/.local/lib/python3.7/site-packages/airflow/example_dags/tutorial_dag.py
[2023-05-31T09:50:35.101+0000] {logging_mixin.py:149} INFO - [2023-05-31T09:50:35.101+0000] {dag.py:2726} INFO - Sync 1 DAGs
[2023-05-31T09:50:35.132+0000] {logging_mixin.py:149} INFO - [2023-05-31T09:50:35.131+0000] {dag.py:3490} INFO - Setting next_dagrun for tutorial_dag to None, run_after=None
[2023-05-31T09:50:35.153+0000] {processor.py:178} INFO - Processing /home/airflow/.local/lib/python3.7/site-packages/airflow/example_dags/tutorial_dag.py took 0.092 seconds
[2023-05-31T09:51:05.613+0000] {processor.py:156} INFO - Started process (PID=556) to work on /home/airflow/.local/lib/python3.7/site-packages/airflow/example_dags/tutorial_dag.py
[2023-05-31T09:51:05.614+0000] {processor.py:799} INFO - Processing file /home/airflow/.local/lib/python3.7/site-packages/airflow/example_dags/tutorial_dag.py for tasks to queue
[2023-05-31T09:51:05.615+0000] {logging_mixin.py:149} INFO - [2023-05-31T09:51:05.615+0000] {dagbag.py:541} INFO - Filling up the DagBag from /home/airflow/.local/lib/python3.7/site-packages/airflow/example_dags/tutorial_dag.py
[2023-05-31T09:51:05.628+0000] {processor.py:809} INFO - DAG(s) dict_keys(['tutorial_dag']) retrieved from /home/airflow/.local/lib/python3.7/site-packages/airflow/example_dags/tutorial_dag.py
[2023-05-31T09:51:05.694+0000] {logging_mixin.py:149} INFO - [2023-05-31T09:51:05.694+0000] {dag.py:2726} INFO - Sync 1 DAGs
[2023-05-31T09:51:05.753+0000] {logging_mixin.py:149} INFO - [2023-05-31T09:51:05.753+0000] {dag.py:3490} INFO - Setting next_dagrun for tutorial_dag to None, run_after=None
[2023-05-31T09:51:05.801+0000] {processor.py:178} INFO - Processing /home/airflow/.local/lib/python3.7/site-packages/airflow/example_dags/tutorial_dag.py took 0.194 seconds
[2023-05-31T09:51:36.444+0000] {processor.py:156} INFO - Started process (PID=613) to work on /home/airflow/.local/lib/python3.7/site-packages/airflow/example_dags/tutorial_dag.py
[2023-05-31T09:51:36.445+0000] {processor.py:799} INFO - Processing file /home/airflow/.local/lib/python3.7/site-packages/airflow/example_dags/tutorial_dag.py for tasks to queue
[2023-05-31T09:51:36.446+0000] {logging_mixin.py:149} INFO - [2023-05-31T09:51:36.446+0000] {dagbag.py:541} INFO - Filling up the DagBag from /home/airflow/.local/lib/python3.7/site-packages/airflow/example_dags/tutorial_dag.py
[2023-05-31T09:51:36.453+0000] {processor.py:809} INFO - DAG(s) dict_keys(['tutorial_dag']) retrieved from /home/airflow/.local/lib/python3.7/site-packages/airflow/example_dags/tutorial_dag.py
[2023-05-31T09:51:36.485+0000] {logging_mixin.py:149} INFO - [2023-05-31T09:51:36.485+0000] {dag.py:2726} INFO - Sync 1 DAGs
[2023-05-31T09:51:36.517+0000] {logging_mixin.py:149} INFO - [2023-05-31T09:51:36.517+0000] {dag.py:3490} INFO - Setting next_dagrun for tutorial_dag to None, run_after=None
[2023-05-31T09:51:36.538+0000] {processor.py:178} INFO - Processing /home/airflow/.local/lib/python3.7/site-packages/airflow/example_dags/tutorial_dag.py took 0.097 seconds
[2023-05-31T09:52:07.028+0000] {processor.py:156} INFO - Started process (PID=671) to work on /home/airflow/.local/lib/python3.7/site-packages/airflow/example_dags/tutorial_dag.py
[2023-05-31T09:52:07.030+0000] {processor.py:799} INFO - Processing file /home/airflow/.local/lib/python3.7/site-packages/airflow/example_dags/tutorial_dag.py for tasks to queue
[2023-05-31T09:52:07.030+0000] {logging_mixin.py:149} INFO - [2023-05-31T09:52:07.030+0000] {dagbag.py:541} INFO - Filling up the DagBag from /home/airflow/.local/lib/python3.7/site-packages/airflow/example_dags/tutorial_dag.py
[2023-05-31T09:52:07.037+0000] {processor.py:809} INFO - DAG(s) dict_keys(['tutorial_dag']) retrieved from /home/airflow/.local/lib/python3.7/site-packages/airflow/example_dags/tutorial_dag.py
[2023-05-31T09:52:07.066+0000] {logging_mixin.py:149} INFO - [2023-05-31T09:52:07.066+0000] {dag.py:2726} INFO - Sync 1 DAGs
[2023-05-31T09:52:07.098+0000] {logging_mixin.py:149} INFO - [2023-05-31T09:52:07.098+0000] {dag.py:3490} INFO - Setting next_dagrun for tutorial_dag to None, run_after=None
[2023-05-31T09:52:07.125+0000] {processor.py:178} INFO - Processing /home/airflow/.local/lib/python3.7/site-packages/airflow/example_dags/tutorial_dag.py took 0.101 seconds
