[2023-06-29T23:47:01.688+0000] {processor.py:156} INFO - Started process (PID=35) to work on /home/airflow/.local/lib/python3.7/site-packages/airflow/example_dags/example_trigger_controller_dag.py
[2023-06-29T23:47:01.689+0000] {processor.py:799} INFO - Processing file /home/airflow/.local/lib/python3.7/site-packages/airflow/example_dags/example_trigger_controller_dag.py for tasks to queue
[2023-06-29T23:47:01.690+0000] {logging_mixin.py:149} INFO - [2023-06-29T23:47:01.689+0000] {dagbag.py:541} INFO - Filling up the DagBag from /home/airflow/.local/lib/python3.7/site-packages/airflow/example_dags/example_trigger_controller_dag.py
[2023-06-29T23:47:01.722+0000] {processor.py:809} INFO - DAG(s) dict_keys(['example_trigger_controller_dag']) retrieved from /home/airflow/.local/lib/python3.7/site-packages/airflow/example_dags/example_trigger_controller_dag.py
[2023-06-29T23:47:01.877+0000] {logging_mixin.py:149} INFO - [2023-06-29T23:47:01.877+0000] {dag.py:2726} INFO - Sync 1 DAGs
[2023-06-29T23:47:02.030+0000] {logging_mixin.py:149} INFO - [2023-06-29T23:47:02.029+0000] {dag.py:3490} INFO - Setting next_dagrun for example_trigger_controller_dag to 2021-01-01T00:00:00+00:00, run_after=2021-01-01T00:00:00+00:00
[2023-06-29T23:47:02.095+0000] {processor.py:178} INFO - Processing /home/airflow/.local/lib/python3.7/site-packages/airflow/example_dags/example_trigger_controller_dag.py took 0.427 seconds
[2023-06-29T23:47:32.650+0000] {processor.py:156} INFO - Started process (PID=92) to work on /home/airflow/.local/lib/python3.7/site-packages/airflow/example_dags/example_trigger_controller_dag.py
[2023-06-29T23:47:32.651+0000] {processor.py:799} INFO - Processing file /home/airflow/.local/lib/python3.7/site-packages/airflow/example_dags/example_trigger_controller_dag.py for tasks to queue
[2023-06-29T23:47:32.652+0000] {logging_mixin.py:149} INFO - [2023-06-29T23:47:32.652+0000] {dagbag.py:541} INFO - Filling up the DagBag from /home/airflow/.local/lib/python3.7/site-packages/airflow/example_dags/example_trigger_controller_dag.py
[2023-06-29T23:47:32.659+0000] {processor.py:809} INFO - DAG(s) dict_keys(['example_trigger_controller_dag']) retrieved from /home/airflow/.local/lib/python3.7/site-packages/airflow/example_dags/example_trigger_controller_dag.py
[2023-06-29T23:47:32.692+0000] {logging_mixin.py:149} INFO - [2023-06-29T23:47:32.692+0000] {dag.py:2726} INFO - Sync 1 DAGs
[2023-06-29T23:47:32.752+0000] {logging_mixin.py:149} INFO - [2023-06-29T23:47:32.752+0000] {dag.py:3490} INFO - Setting next_dagrun for example_trigger_controller_dag to 2021-01-01T00:00:00+00:00, run_after=2021-01-01T00:00:00+00:00
[2023-06-29T23:47:32.783+0000] {processor.py:178} INFO - Processing /home/airflow/.local/lib/python3.7/site-packages/airflow/example_dags/example_trigger_controller_dag.py took 0.138 seconds
[2023-06-29T23:48:02.999+0000] {processor.py:156} INFO - Started process (PID=149) to work on /home/airflow/.local/lib/python3.7/site-packages/airflow/example_dags/example_trigger_controller_dag.py
[2023-06-29T23:48:03.001+0000] {processor.py:799} INFO - Processing file /home/airflow/.local/lib/python3.7/site-packages/airflow/example_dags/example_trigger_controller_dag.py for tasks to queue
[2023-06-29T23:48:03.001+0000] {logging_mixin.py:149} INFO - [2023-06-29T23:48:03.001+0000] {dagbag.py:541} INFO - Filling up the DagBag from /home/airflow/.local/lib/python3.7/site-packages/airflow/example_dags/example_trigger_controller_dag.py
[2023-06-29T23:48:03.007+0000] {processor.py:809} INFO - DAG(s) dict_keys(['example_trigger_controller_dag']) retrieved from /home/airflow/.local/lib/python3.7/site-packages/airflow/example_dags/example_trigger_controller_dag.py
[2023-06-29T23:48:03.042+0000] {logging_mixin.py:149} INFO - [2023-06-29T23:48:03.041+0000] {dag.py:2726} INFO - Sync 1 DAGs
[2023-06-29T23:48:03.095+0000] {logging_mixin.py:149} INFO - [2023-06-29T23:48:03.095+0000] {dag.py:3490} INFO - Setting next_dagrun for example_trigger_controller_dag to 2021-01-01T00:00:00+00:00, run_after=2021-01-01T00:00:00+00:00
[2023-06-29T23:48:03.120+0000] {processor.py:178} INFO - Processing /home/airflow/.local/lib/python3.7/site-packages/airflow/example_dags/example_trigger_controller_dag.py took 0.125 seconds
[2023-06-29T23:48:33.428+0000] {processor.py:156} INFO - Started process (PID=206) to work on /home/airflow/.local/lib/python3.7/site-packages/airflow/example_dags/example_trigger_controller_dag.py
[2023-06-29T23:48:33.429+0000] {processor.py:799} INFO - Processing file /home/airflow/.local/lib/python3.7/site-packages/airflow/example_dags/example_trigger_controller_dag.py for tasks to queue
[2023-06-29T23:48:33.429+0000] {logging_mixin.py:149} INFO - [2023-06-29T23:48:33.429+0000] {dagbag.py:541} INFO - Filling up the DagBag from /home/airflow/.local/lib/python3.7/site-packages/airflow/example_dags/example_trigger_controller_dag.py
[2023-06-29T23:48:33.434+0000] {processor.py:809} INFO - DAG(s) dict_keys(['example_trigger_controller_dag']) retrieved from /home/airflow/.local/lib/python3.7/site-packages/airflow/example_dags/example_trigger_controller_dag.py
[2023-06-29T23:48:33.466+0000] {logging_mixin.py:149} INFO - [2023-06-29T23:48:33.466+0000] {dag.py:2726} INFO - Sync 1 DAGs
[2023-06-29T23:48:33.502+0000] {logging_mixin.py:149} INFO - [2023-06-29T23:48:33.502+0000] {dag.py:3490} INFO - Setting next_dagrun for example_trigger_controller_dag to 2021-01-01T00:00:00+00:00, run_after=2021-01-01T00:00:00+00:00
[2023-06-29T23:48:33.524+0000] {processor.py:178} INFO - Processing /home/airflow/.local/lib/python3.7/site-packages/airflow/example_dags/example_trigger_controller_dag.py took 0.100 seconds
[2023-06-29T23:49:03.692+0000] {processor.py:156} INFO - Started process (PID=263) to work on /home/airflow/.local/lib/python3.7/site-packages/airflow/example_dags/example_trigger_controller_dag.py
[2023-06-29T23:49:03.696+0000] {processor.py:799} INFO - Processing file /home/airflow/.local/lib/python3.7/site-packages/airflow/example_dags/example_trigger_controller_dag.py for tasks to queue
[2023-06-29T23:49:03.697+0000] {logging_mixin.py:149} INFO - [2023-06-29T23:49:03.696+0000] {dagbag.py:541} INFO - Filling up the DagBag from /home/airflow/.local/lib/python3.7/site-packages/airflow/example_dags/example_trigger_controller_dag.py
[2023-06-29T23:49:03.702+0000] {processor.py:809} INFO - DAG(s) dict_keys(['example_trigger_controller_dag']) retrieved from /home/airflow/.local/lib/python3.7/site-packages/airflow/example_dags/example_trigger_controller_dag.py
[2023-06-29T23:49:03.734+0000] {logging_mixin.py:149} INFO - [2023-06-29T23:49:03.734+0000] {dag.py:2726} INFO - Sync 1 DAGs
[2023-06-29T23:49:03.766+0000] {logging_mixin.py:149} INFO - [2023-06-29T23:49:03.765+0000] {dag.py:3490} INFO - Setting next_dagrun for example_trigger_controller_dag to 2021-01-01T00:00:00+00:00, run_after=2021-01-01T00:00:00+00:00
[2023-06-29T23:49:03.788+0000] {processor.py:178} INFO - Processing /home/airflow/.local/lib/python3.7/site-packages/airflow/example_dags/example_trigger_controller_dag.py took 0.099 seconds
[2023-06-29T23:49:34.160+0000] {processor.py:156} INFO - Started process (PID=321) to work on /home/airflow/.local/lib/python3.7/site-packages/airflow/example_dags/example_trigger_controller_dag.py
[2023-06-29T23:49:34.162+0000] {processor.py:799} INFO - Processing file /home/airflow/.local/lib/python3.7/site-packages/airflow/example_dags/example_trigger_controller_dag.py for tasks to queue
[2023-06-29T23:49:34.163+0000] {logging_mixin.py:149} INFO - [2023-06-29T23:49:34.163+0000] {dagbag.py:541} INFO - Filling up the DagBag from /home/airflow/.local/lib/python3.7/site-packages/airflow/example_dags/example_trigger_controller_dag.py
[2023-06-29T23:49:34.169+0000] {processor.py:809} INFO - DAG(s) dict_keys(['example_trigger_controller_dag']) retrieved from /home/airflow/.local/lib/python3.7/site-packages/airflow/example_dags/example_trigger_controller_dag.py
[2023-06-29T23:49:34.204+0000] {logging_mixin.py:149} INFO - [2023-06-29T23:49:34.203+0000] {dag.py:2726} INFO - Sync 1 DAGs
[2023-06-29T23:49:34.237+0000] {logging_mixin.py:149} INFO - [2023-06-29T23:49:34.237+0000] {dag.py:3490} INFO - Setting next_dagrun for example_trigger_controller_dag to 2021-01-01T00:00:00+00:00, run_after=2021-01-01T00:00:00+00:00
[2023-06-29T23:49:34.260+0000] {processor.py:178} INFO - Processing /home/airflow/.local/lib/python3.7/site-packages/airflow/example_dags/example_trigger_controller_dag.py took 0.104 seconds
[2023-06-29T23:50:04.864+0000] {processor.py:156} INFO - Started process (PID=377) to work on /home/airflow/.local/lib/python3.7/site-packages/airflow/example_dags/example_trigger_controller_dag.py
[2023-06-29T23:50:04.866+0000] {processor.py:799} INFO - Processing file /home/airflow/.local/lib/python3.7/site-packages/airflow/example_dags/example_trigger_controller_dag.py for tasks to queue
[2023-06-29T23:50:04.867+0000] {logging_mixin.py:149} INFO - [2023-06-29T23:50:04.866+0000] {dagbag.py:541} INFO - Filling up the DagBag from /home/airflow/.local/lib/python3.7/site-packages/airflow/example_dags/example_trigger_controller_dag.py
[2023-06-29T23:50:04.872+0000] {processor.py:809} INFO - DAG(s) dict_keys(['example_trigger_controller_dag']) retrieved from /home/airflow/.local/lib/python3.7/site-packages/airflow/example_dags/example_trigger_controller_dag.py
[2023-06-29T23:50:04.906+0000] {logging_mixin.py:149} INFO - [2023-06-29T23:50:04.906+0000] {dag.py:2726} INFO - Sync 1 DAGs
[2023-06-29T23:50:04.942+0000] {logging_mixin.py:149} INFO - [2023-06-29T23:50:04.941+0000] {dag.py:3490} INFO - Setting next_dagrun for example_trigger_controller_dag to 2021-01-01T00:00:00+00:00, run_after=2021-01-01T00:00:00+00:00
[2023-06-29T23:50:04.967+0000] {processor.py:178} INFO - Processing /home/airflow/.local/lib/python3.7/site-packages/airflow/example_dags/example_trigger_controller_dag.py took 0.107 seconds
[2023-06-29T23:50:35.254+0000] {processor.py:156} INFO - Started process (PID=434) to work on /home/airflow/.local/lib/python3.7/site-packages/airflow/example_dags/example_trigger_controller_dag.py
[2023-06-29T23:50:35.260+0000] {processor.py:799} INFO - Processing file /home/airflow/.local/lib/python3.7/site-packages/airflow/example_dags/example_trigger_controller_dag.py for tasks to queue
[2023-06-29T23:50:35.263+0000] {logging_mixin.py:149} INFO - [2023-06-29T23:50:35.263+0000] {dagbag.py:541} INFO - Filling up the DagBag from /home/airflow/.local/lib/python3.7/site-packages/airflow/example_dags/example_trigger_controller_dag.py
[2023-06-29T23:50:35.273+0000] {processor.py:809} INFO - DAG(s) dict_keys(['example_trigger_controller_dag']) retrieved from /home/airflow/.local/lib/python3.7/site-packages/airflow/example_dags/example_trigger_controller_dag.py
[2023-06-29T23:50:35.367+0000] {logging_mixin.py:149} INFO - [2023-06-29T23:50:35.366+0000] {dag.py:2726} INFO - Sync 1 DAGs
[2023-06-29T23:50:35.459+0000] {logging_mixin.py:149} INFO - [2023-06-29T23:50:35.459+0000] {dag.py:3490} INFO - Setting next_dagrun for example_trigger_controller_dag to 2021-01-01T00:00:00+00:00, run_after=2021-01-01T00:00:00+00:00
[2023-06-29T23:50:35.498+0000] {processor.py:178} INFO - Processing /home/airflow/.local/lib/python3.7/site-packages/airflow/example_dags/example_trigger_controller_dag.py took 0.260 seconds
[2023-06-29T23:51:05.825+0000] {processor.py:156} INFO - Started process (PID=491) to work on /home/airflow/.local/lib/python3.7/site-packages/airflow/example_dags/example_trigger_controller_dag.py
[2023-06-29T23:51:05.827+0000] {processor.py:799} INFO - Processing file /home/airflow/.local/lib/python3.7/site-packages/airflow/example_dags/example_trigger_controller_dag.py for tasks to queue
[2023-06-29T23:51:05.828+0000] {logging_mixin.py:149} INFO - [2023-06-29T23:51:05.827+0000] {dagbag.py:541} INFO - Filling up the DagBag from /home/airflow/.local/lib/python3.7/site-packages/airflow/example_dags/example_trigger_controller_dag.py
[2023-06-29T23:51:05.833+0000] {processor.py:809} INFO - DAG(s) dict_keys(['example_trigger_controller_dag']) retrieved from /home/airflow/.local/lib/python3.7/site-packages/airflow/example_dags/example_trigger_controller_dag.py
[2023-06-29T23:51:05.865+0000] {logging_mixin.py:149} INFO - [2023-06-29T23:51:05.865+0000] {dag.py:2726} INFO - Sync 1 DAGs
[2023-06-29T23:51:05.899+0000] {logging_mixin.py:149} INFO - [2023-06-29T23:51:05.899+0000] {dag.py:3490} INFO - Setting next_dagrun for example_trigger_controller_dag to 2021-01-01T00:00:00+00:00, run_after=2021-01-01T00:00:00+00:00
[2023-06-29T23:51:05.923+0000] {processor.py:178} INFO - Processing /home/airflow/.local/lib/python3.7/site-packages/airflow/example_dags/example_trigger_controller_dag.py took 0.102 seconds
[2023-06-29T23:51:35.966+0000] {processor.py:156} INFO - Started process (PID=548) to work on /home/airflow/.local/lib/python3.7/site-packages/airflow/example_dags/example_trigger_controller_dag.py
[2023-06-29T23:51:35.967+0000] {processor.py:799} INFO - Processing file /home/airflow/.local/lib/python3.7/site-packages/airflow/example_dags/example_trigger_controller_dag.py for tasks to queue
[2023-06-29T23:51:35.968+0000] {logging_mixin.py:149} INFO - [2023-06-29T23:51:35.968+0000] {dagbag.py:541} INFO - Filling up the DagBag from /home/airflow/.local/lib/python3.7/site-packages/airflow/example_dags/example_trigger_controller_dag.py
[2023-06-29T23:51:35.974+0000] {processor.py:809} INFO - DAG(s) dict_keys(['example_trigger_controller_dag']) retrieved from /home/airflow/.local/lib/python3.7/site-packages/airflow/example_dags/example_trigger_controller_dag.py
[2023-06-29T23:51:36.008+0000] {logging_mixin.py:149} INFO - [2023-06-29T23:51:36.007+0000] {dag.py:2726} INFO - Sync 1 DAGs
[2023-06-29T23:51:36.044+0000] {logging_mixin.py:149} INFO - [2023-06-29T23:51:36.043+0000] {dag.py:3490} INFO - Setting next_dagrun for example_trigger_controller_dag to 2021-01-01T00:00:00+00:00, run_after=2021-01-01T00:00:00+00:00
[2023-06-29T23:51:36.067+0000] {processor.py:178} INFO - Processing /home/airflow/.local/lib/python3.7/site-packages/airflow/example_dags/example_trigger_controller_dag.py took 0.105 seconds
[2023-06-29T23:52:06.984+0000] {processor.py:156} INFO - Started process (PID=605) to work on /home/airflow/.local/lib/python3.7/site-packages/airflow/example_dags/example_trigger_controller_dag.py
[2023-06-29T23:52:06.987+0000] {processor.py:799} INFO - Processing file /home/airflow/.local/lib/python3.7/site-packages/airflow/example_dags/example_trigger_controller_dag.py for tasks to queue
[2023-06-29T23:52:06.988+0000] {logging_mixin.py:149} INFO - [2023-06-29T23:52:06.988+0000] {dagbag.py:541} INFO - Filling up the DagBag from /home/airflow/.local/lib/python3.7/site-packages/airflow/example_dags/example_trigger_controller_dag.py
[2023-06-29T23:52:06.994+0000] {processor.py:809} INFO - DAG(s) dict_keys(['example_trigger_controller_dag']) retrieved from /home/airflow/.local/lib/python3.7/site-packages/airflow/example_dags/example_trigger_controller_dag.py
[2023-06-29T23:52:07.042+0000] {logging_mixin.py:149} INFO - [2023-06-29T23:52:07.041+0000] {dag.py:2726} INFO - Sync 1 DAGs
[2023-06-29T23:52:07.076+0000] {logging_mixin.py:149} INFO - [2023-06-29T23:52:07.075+0000] {dag.py:3490} INFO - Setting next_dagrun for example_trigger_controller_dag to 2021-01-01T00:00:00+00:00, run_after=2021-01-01T00:00:00+00:00
[2023-06-29T23:52:07.100+0000] {processor.py:178} INFO - Processing /home/airflow/.local/lib/python3.7/site-packages/airflow/example_dags/example_trigger_controller_dag.py took 0.120 seconds
[2023-06-29T23:52:37.635+0000] {processor.py:156} INFO - Started process (PID=662) to work on /home/airflow/.local/lib/python3.7/site-packages/airflow/example_dags/example_trigger_controller_dag.py
[2023-06-29T23:52:37.637+0000] {processor.py:799} INFO - Processing file /home/airflow/.local/lib/python3.7/site-packages/airflow/example_dags/example_trigger_controller_dag.py for tasks to queue
[2023-06-29T23:52:37.638+0000] {logging_mixin.py:149} INFO - [2023-06-29T23:52:37.638+0000] {dagbag.py:541} INFO - Filling up the DagBag from /home/airflow/.local/lib/python3.7/site-packages/airflow/example_dags/example_trigger_controller_dag.py
[2023-06-29T23:52:37.651+0000] {processor.py:809} INFO - DAG(s) dict_keys(['example_trigger_controller_dag']) retrieved from /home/airflow/.local/lib/python3.7/site-packages/airflow/example_dags/example_trigger_controller_dag.py
[2023-06-29T23:52:37.690+0000] {logging_mixin.py:149} INFO - [2023-06-29T23:52:37.689+0000] {dag.py:2726} INFO - Sync 1 DAGs
[2023-06-29T23:52:37.741+0000] {logging_mixin.py:149} INFO - [2023-06-29T23:52:37.741+0000] {dag.py:3490} INFO - Setting next_dagrun for example_trigger_controller_dag to 2021-01-01T00:00:00+00:00, run_after=2021-01-01T00:00:00+00:00
[2023-06-29T23:52:37.781+0000] {processor.py:178} INFO - Processing /home/airflow/.local/lib/python3.7/site-packages/airflow/example_dags/example_trigger_controller_dag.py took 0.157 seconds
[2023-06-29T23:53:08.619+0000] {processor.py:156} INFO - Started process (PID=719) to work on /home/airflow/.local/lib/python3.7/site-packages/airflow/example_dags/example_trigger_controller_dag.py
[2023-06-29T23:53:08.620+0000] {processor.py:799} INFO - Processing file /home/airflow/.local/lib/python3.7/site-packages/airflow/example_dags/example_trigger_controller_dag.py for tasks to queue
[2023-06-29T23:53:08.621+0000] {logging_mixin.py:149} INFO - [2023-06-29T23:53:08.621+0000] {dagbag.py:541} INFO - Filling up the DagBag from /home/airflow/.local/lib/python3.7/site-packages/airflow/example_dags/example_trigger_controller_dag.py
[2023-06-29T23:53:08.626+0000] {processor.py:809} INFO - DAG(s) dict_keys(['example_trigger_controller_dag']) retrieved from /home/airflow/.local/lib/python3.7/site-packages/airflow/example_dags/example_trigger_controller_dag.py
[2023-06-29T23:53:08.659+0000] {logging_mixin.py:149} INFO - [2023-06-29T23:53:08.659+0000] {dag.py:2726} INFO - Sync 1 DAGs
[2023-06-29T23:53:08.695+0000] {logging_mixin.py:149} INFO - [2023-06-29T23:53:08.695+0000] {dag.py:3490} INFO - Setting next_dagrun for example_trigger_controller_dag to 2021-01-01T00:00:00+00:00, run_after=2021-01-01T00:00:00+00:00
[2023-06-29T23:53:08.719+0000] {processor.py:178} INFO - Processing /home/airflow/.local/lib/python3.7/site-packages/airflow/example_dags/example_trigger_controller_dag.py took 0.104 seconds
[2023-06-29T23:53:39.203+0000] {processor.py:156} INFO - Started process (PID=776) to work on /home/airflow/.local/lib/python3.7/site-packages/airflow/example_dags/example_trigger_controller_dag.py
[2023-06-29T23:53:39.204+0000] {processor.py:799} INFO - Processing file /home/airflow/.local/lib/python3.7/site-packages/airflow/example_dags/example_trigger_controller_dag.py for tasks to queue
[2023-06-29T23:53:39.205+0000] {logging_mixin.py:149} INFO - [2023-06-29T23:53:39.205+0000] {dagbag.py:541} INFO - Filling up the DagBag from /home/airflow/.local/lib/python3.7/site-packages/airflow/example_dags/example_trigger_controller_dag.py
[2023-06-29T23:53:39.211+0000] {processor.py:809} INFO - DAG(s) dict_keys(['example_trigger_controller_dag']) retrieved from /home/airflow/.local/lib/python3.7/site-packages/airflow/example_dags/example_trigger_controller_dag.py
[2023-06-29T23:53:39.246+0000] {logging_mixin.py:149} INFO - [2023-06-29T23:53:39.246+0000] {dag.py:2726} INFO - Sync 1 DAGs
[2023-06-29T23:53:39.282+0000] {logging_mixin.py:149} INFO - [2023-06-29T23:53:39.282+0000] {dag.py:3490} INFO - Setting next_dagrun for example_trigger_controller_dag to 2021-01-01T00:00:00+00:00, run_after=2021-01-01T00:00:00+00:00
[2023-06-29T23:53:39.306+0000] {processor.py:178} INFO - Processing /home/airflow/.local/lib/python3.7/site-packages/airflow/example_dags/example_trigger_controller_dag.py took 0.108 seconds
[2023-06-29T23:54:09.539+0000] {processor.py:156} INFO - Started process (PID=834) to work on /home/airflow/.local/lib/python3.7/site-packages/airflow/example_dags/example_trigger_controller_dag.py
[2023-06-29T23:54:09.540+0000] {processor.py:799} INFO - Processing file /home/airflow/.local/lib/python3.7/site-packages/airflow/example_dags/example_trigger_controller_dag.py for tasks to queue
[2023-06-29T23:54:09.541+0000] {logging_mixin.py:149} INFO - [2023-06-29T23:54:09.541+0000] {dagbag.py:541} INFO - Filling up the DagBag from /home/airflow/.local/lib/python3.7/site-packages/airflow/example_dags/example_trigger_controller_dag.py
[2023-06-29T23:54:09.546+0000] {processor.py:809} INFO - DAG(s) dict_keys(['example_trigger_controller_dag']) retrieved from /home/airflow/.local/lib/python3.7/site-packages/airflow/example_dags/example_trigger_controller_dag.py
[2023-06-29T23:54:09.583+0000] {logging_mixin.py:149} INFO - [2023-06-29T23:54:09.582+0000] {dag.py:2726} INFO - Sync 1 DAGs
[2023-06-29T23:54:09.616+0000] {logging_mixin.py:149} INFO - [2023-06-29T23:54:09.616+0000] {dag.py:3490} INFO - Setting next_dagrun for example_trigger_controller_dag to 2021-01-01T00:00:00+00:00, run_after=2021-01-01T00:00:00+00:00
[2023-06-29T23:54:09.640+0000] {processor.py:178} INFO - Processing /home/airflow/.local/lib/python3.7/site-packages/airflow/example_dags/example_trigger_controller_dag.py took 0.106 seconds
[2023-06-29T23:54:39.840+0000] {processor.py:156} INFO - Started process (PID=891) to work on /home/airflow/.local/lib/python3.7/site-packages/airflow/example_dags/example_trigger_controller_dag.py
[2023-06-29T23:54:39.842+0000] {processor.py:799} INFO - Processing file /home/airflow/.local/lib/python3.7/site-packages/airflow/example_dags/example_trigger_controller_dag.py for tasks to queue
[2023-06-29T23:54:39.843+0000] {logging_mixin.py:149} INFO - [2023-06-29T23:54:39.842+0000] {dagbag.py:541} INFO - Filling up the DagBag from /home/airflow/.local/lib/python3.7/site-packages/airflow/example_dags/example_trigger_controller_dag.py
[2023-06-29T23:54:39.848+0000] {processor.py:809} INFO - DAG(s) dict_keys(['example_trigger_controller_dag']) retrieved from /home/airflow/.local/lib/python3.7/site-packages/airflow/example_dags/example_trigger_controller_dag.py
[2023-06-29T23:54:39.883+0000] {logging_mixin.py:149} INFO - [2023-06-29T23:54:39.883+0000] {dag.py:2726} INFO - Sync 1 DAGs
[2023-06-29T23:54:39.917+0000] {logging_mixin.py:149} INFO - [2023-06-29T23:54:39.917+0000] {dag.py:3490} INFO - Setting next_dagrun for example_trigger_controller_dag to 2021-01-01T00:00:00+00:00, run_after=2021-01-01T00:00:00+00:00
[2023-06-29T23:54:39.939+0000] {processor.py:178} INFO - Processing /home/airflow/.local/lib/python3.7/site-packages/airflow/example_dags/example_trigger_controller_dag.py took 0.103 seconds
[2023-06-29T23:55:10.096+0000] {processor.py:156} INFO - Started process (PID=947) to work on /home/airflow/.local/lib/python3.7/site-packages/airflow/example_dags/example_trigger_controller_dag.py
[2023-06-29T23:55:10.097+0000] {processor.py:799} INFO - Processing file /home/airflow/.local/lib/python3.7/site-packages/airflow/example_dags/example_trigger_controller_dag.py for tasks to queue
[2023-06-29T23:55:10.098+0000] {logging_mixin.py:149} INFO - [2023-06-29T23:55:10.098+0000] {dagbag.py:541} INFO - Filling up the DagBag from /home/airflow/.local/lib/python3.7/site-packages/airflow/example_dags/example_trigger_controller_dag.py
[2023-06-29T23:55:10.105+0000] {processor.py:809} INFO - DAG(s) dict_keys(['example_trigger_controller_dag']) retrieved from /home/airflow/.local/lib/python3.7/site-packages/airflow/example_dags/example_trigger_controller_dag.py
[2023-06-29T23:55:10.144+0000] {logging_mixin.py:149} INFO - [2023-06-29T23:55:10.144+0000] {dag.py:2726} INFO - Sync 1 DAGs
[2023-06-29T23:55:10.178+0000] {logging_mixin.py:149} INFO - [2023-06-29T23:55:10.178+0000] {dag.py:3490} INFO - Setting next_dagrun for example_trigger_controller_dag to 2021-01-01T00:00:00+00:00, run_after=2021-01-01T00:00:00+00:00
[2023-06-29T23:55:10.202+0000] {processor.py:178} INFO - Processing /home/airflow/.local/lib/python3.7/site-packages/airflow/example_dags/example_trigger_controller_dag.py took 0.111 seconds
[2023-06-29T23:55:40.646+0000] {processor.py:156} INFO - Started process (PID=1003) to work on /home/airflow/.local/lib/python3.7/site-packages/airflow/example_dags/example_trigger_controller_dag.py
[2023-06-29T23:55:40.660+0000] {processor.py:799} INFO - Processing file /home/airflow/.local/lib/python3.7/site-packages/airflow/example_dags/example_trigger_controller_dag.py for tasks to queue
[2023-06-29T23:55:40.661+0000] {logging_mixin.py:149} INFO - [2023-06-29T23:55:40.660+0000] {dagbag.py:541} INFO - Filling up the DagBag from /home/airflow/.local/lib/python3.7/site-packages/airflow/example_dags/example_trigger_controller_dag.py
[2023-06-29T23:55:40.667+0000] {processor.py:809} INFO - DAG(s) dict_keys(['example_trigger_controller_dag']) retrieved from /home/airflow/.local/lib/python3.7/site-packages/airflow/example_dags/example_trigger_controller_dag.py
[2023-06-29T23:55:40.702+0000] {logging_mixin.py:149} INFO - [2023-06-29T23:55:40.702+0000] {dag.py:2726} INFO - Sync 1 DAGs
[2023-06-29T23:55:40.740+0000] {logging_mixin.py:149} INFO - [2023-06-29T23:55:40.740+0000] {dag.py:3490} INFO - Setting next_dagrun for example_trigger_controller_dag to 2021-01-01T00:00:00+00:00, run_after=2021-01-01T00:00:00+00:00
[2023-06-29T23:55:40.763+0000] {processor.py:178} INFO - Processing /home/airflow/.local/lib/python3.7/site-packages/airflow/example_dags/example_trigger_controller_dag.py took 0.120 seconds
[2023-06-29T23:56:11.395+0000] {processor.py:156} INFO - Started process (PID=1059) to work on /home/airflow/.local/lib/python3.7/site-packages/airflow/example_dags/example_trigger_controller_dag.py
[2023-06-29T23:56:11.408+0000] {processor.py:799} INFO - Processing file /home/airflow/.local/lib/python3.7/site-packages/airflow/example_dags/example_trigger_controller_dag.py for tasks to queue
[2023-06-29T23:56:11.409+0000] {logging_mixin.py:149} INFO - [2023-06-29T23:56:11.409+0000] {dagbag.py:541} INFO - Filling up the DagBag from /home/airflow/.local/lib/python3.7/site-packages/airflow/example_dags/example_trigger_controller_dag.py
[2023-06-29T23:56:11.416+0000] {processor.py:809} INFO - DAG(s) dict_keys(['example_trigger_controller_dag']) retrieved from /home/airflow/.local/lib/python3.7/site-packages/airflow/example_dags/example_trigger_controller_dag.py
[2023-06-29T23:56:11.455+0000] {logging_mixin.py:149} INFO - [2023-06-29T23:56:11.455+0000] {dag.py:2726} INFO - Sync 1 DAGs
[2023-06-29T23:56:11.494+0000] {logging_mixin.py:149} INFO - [2023-06-29T23:56:11.494+0000] {dag.py:3490} INFO - Setting next_dagrun for example_trigger_controller_dag to 2021-01-01T00:00:00+00:00, run_after=2021-01-01T00:00:00+00:00
[2023-06-29T23:56:11.537+0000] {processor.py:178} INFO - Processing /home/airflow/.local/lib/python3.7/site-packages/airflow/example_dags/example_trigger_controller_dag.py took 0.147 seconds
[2023-06-29T23:56:42.466+0000] {processor.py:156} INFO - Started process (PID=1116) to work on /home/airflow/.local/lib/python3.7/site-packages/airflow/example_dags/example_trigger_controller_dag.py
[2023-06-29T23:56:42.502+0000] {processor.py:799} INFO - Processing file /home/airflow/.local/lib/python3.7/site-packages/airflow/example_dags/example_trigger_controller_dag.py for tasks to queue
[2023-06-29T23:56:42.503+0000] {logging_mixin.py:149} INFO - [2023-06-29T23:56:42.503+0000] {dagbag.py:541} INFO - Filling up the DagBag from /home/airflow/.local/lib/python3.7/site-packages/airflow/example_dags/example_trigger_controller_dag.py
[2023-06-29T23:56:42.522+0000] {processor.py:809} INFO - DAG(s) dict_keys(['example_trigger_controller_dag']) retrieved from /home/airflow/.local/lib/python3.7/site-packages/airflow/example_dags/example_trigger_controller_dag.py
[2023-06-29T23:56:42.656+0000] {logging_mixin.py:149} INFO - [2023-06-29T23:56:42.655+0000] {dag.py:2726} INFO - Sync 1 DAGs
[2023-06-29T23:56:42.714+0000] {logging_mixin.py:149} INFO - [2023-06-29T23:56:42.714+0000] {dag.py:3490} INFO - Setting next_dagrun for example_trigger_controller_dag to 2021-01-01T00:00:00+00:00, run_after=2021-01-01T00:00:00+00:00
[2023-06-29T23:56:42.782+0000] {processor.py:178} INFO - Processing /home/airflow/.local/lib/python3.7/site-packages/airflow/example_dags/example_trigger_controller_dag.py took 0.321 seconds
[2023-06-29T23:57:13.153+0000] {processor.py:156} INFO - Started process (PID=1173) to work on /home/airflow/.local/lib/python3.7/site-packages/airflow/example_dags/example_trigger_controller_dag.py
[2023-06-29T23:57:13.154+0000] {processor.py:799} INFO - Processing file /home/airflow/.local/lib/python3.7/site-packages/airflow/example_dags/example_trigger_controller_dag.py for tasks to queue
[2023-06-29T23:57:13.155+0000] {logging_mixin.py:149} INFO - [2023-06-29T23:57:13.155+0000] {dagbag.py:541} INFO - Filling up the DagBag from /home/airflow/.local/lib/python3.7/site-packages/airflow/example_dags/example_trigger_controller_dag.py
[2023-06-29T23:57:13.161+0000] {processor.py:809} INFO - DAG(s) dict_keys(['example_trigger_controller_dag']) retrieved from /home/airflow/.local/lib/python3.7/site-packages/airflow/example_dags/example_trigger_controller_dag.py
[2023-06-29T23:57:13.202+0000] {logging_mixin.py:149} INFO - [2023-06-29T23:57:13.202+0000] {dag.py:2726} INFO - Sync 1 DAGs
[2023-06-29T23:57:13.239+0000] {logging_mixin.py:149} INFO - [2023-06-29T23:57:13.239+0000] {dag.py:3490} INFO - Setting next_dagrun for example_trigger_controller_dag to 2021-01-01T00:00:00+00:00, run_after=2021-01-01T00:00:00+00:00
[2023-06-29T23:57:13.263+0000] {processor.py:178} INFO - Processing /home/airflow/.local/lib/python3.7/site-packages/airflow/example_dags/example_trigger_controller_dag.py took 0.115 seconds
[2023-06-29T23:57:43.481+0000] {processor.py:156} INFO - Started process (PID=1230) to work on /home/airflow/.local/lib/python3.7/site-packages/airflow/example_dags/example_trigger_controller_dag.py
[2023-06-29T23:57:43.482+0000] {processor.py:799} INFO - Processing file /home/airflow/.local/lib/python3.7/site-packages/airflow/example_dags/example_trigger_controller_dag.py for tasks to queue
[2023-06-29T23:57:43.483+0000] {logging_mixin.py:149} INFO - [2023-06-29T23:57:43.483+0000] {dagbag.py:541} INFO - Filling up the DagBag from /home/airflow/.local/lib/python3.7/site-packages/airflow/example_dags/example_trigger_controller_dag.py
[2023-06-29T23:57:43.489+0000] {processor.py:809} INFO - DAG(s) dict_keys(['example_trigger_controller_dag']) retrieved from /home/airflow/.local/lib/python3.7/site-packages/airflow/example_dags/example_trigger_controller_dag.py
[2023-06-29T23:57:43.524+0000] {logging_mixin.py:149} INFO - [2023-06-29T23:57:43.524+0000] {dag.py:2726} INFO - Sync 1 DAGs
[2023-06-29T23:57:43.560+0000] {logging_mixin.py:149} INFO - [2023-06-29T23:57:43.560+0000] {dag.py:3490} INFO - Setting next_dagrun for example_trigger_controller_dag to 2021-01-01T00:00:00+00:00, run_after=2021-01-01T00:00:00+00:00
[2023-06-29T23:57:43.584+0000] {processor.py:178} INFO - Processing /home/airflow/.local/lib/python3.7/site-packages/airflow/example_dags/example_trigger_controller_dag.py took 0.110 seconds
[2023-06-29T23:58:13.815+0000] {processor.py:156} INFO - Started process (PID=1287) to work on /home/airflow/.local/lib/python3.7/site-packages/airflow/example_dags/example_trigger_controller_dag.py
[2023-06-29T23:58:13.816+0000] {processor.py:799} INFO - Processing file /home/airflow/.local/lib/python3.7/site-packages/airflow/example_dags/example_trigger_controller_dag.py for tasks to queue
[2023-06-29T23:58:13.817+0000] {logging_mixin.py:149} INFO - [2023-06-29T23:58:13.817+0000] {dagbag.py:541} INFO - Filling up the DagBag from /home/airflow/.local/lib/python3.7/site-packages/airflow/example_dags/example_trigger_controller_dag.py
[2023-06-29T23:58:13.824+0000] {processor.py:809} INFO - DAG(s) dict_keys(['example_trigger_controller_dag']) retrieved from /home/airflow/.local/lib/python3.7/site-packages/airflow/example_dags/example_trigger_controller_dag.py
[2023-06-29T23:58:13.860+0000] {logging_mixin.py:149} INFO - [2023-06-29T23:58:13.859+0000] {dag.py:2726} INFO - Sync 1 DAGs
[2023-06-29T23:58:13.896+0000] {logging_mixin.py:149} INFO - [2023-06-29T23:58:13.896+0000] {dag.py:3490} INFO - Setting next_dagrun for example_trigger_controller_dag to 2021-01-01T00:00:00+00:00, run_after=2021-01-01T00:00:00+00:00
[2023-06-29T23:58:13.921+0000] {processor.py:178} INFO - Processing /home/airflow/.local/lib/python3.7/site-packages/airflow/example_dags/example_trigger_controller_dag.py took 0.111 seconds
[2023-06-29T23:58:44.485+0000] {processor.py:156} INFO - Started process (PID=1344) to work on /home/airflow/.local/lib/python3.7/site-packages/airflow/example_dags/example_trigger_controller_dag.py
[2023-06-29T23:58:44.487+0000] {processor.py:799} INFO - Processing file /home/airflow/.local/lib/python3.7/site-packages/airflow/example_dags/example_trigger_controller_dag.py for tasks to queue
[2023-06-29T23:58:44.488+0000] {logging_mixin.py:149} INFO - [2023-06-29T23:58:44.487+0000] {dagbag.py:541} INFO - Filling up the DagBag from /home/airflow/.local/lib/python3.7/site-packages/airflow/example_dags/example_trigger_controller_dag.py
[2023-06-29T23:58:44.493+0000] {processor.py:809} INFO - DAG(s) dict_keys(['example_trigger_controller_dag']) retrieved from /home/airflow/.local/lib/python3.7/site-packages/airflow/example_dags/example_trigger_controller_dag.py
[2023-06-29T23:58:44.530+0000] {logging_mixin.py:149} INFO - [2023-06-29T23:58:44.529+0000] {dag.py:2726} INFO - Sync 1 DAGs
[2023-06-29T23:58:44.565+0000] {logging_mixin.py:149} INFO - [2023-06-29T23:58:44.565+0000] {dag.py:3490} INFO - Setting next_dagrun for example_trigger_controller_dag to 2021-01-01T00:00:00+00:00, run_after=2021-01-01T00:00:00+00:00
[2023-06-29T23:58:44.589+0000] {processor.py:178} INFO - Processing /home/airflow/.local/lib/python3.7/site-packages/airflow/example_dags/example_trigger_controller_dag.py took 0.109 seconds
[2023-06-29T23:59:14.760+0000] {processor.py:156} INFO - Started process (PID=1402) to work on /home/airflow/.local/lib/python3.7/site-packages/airflow/example_dags/example_trigger_controller_dag.py
[2023-06-29T23:59:14.762+0000] {processor.py:799} INFO - Processing file /home/airflow/.local/lib/python3.7/site-packages/airflow/example_dags/example_trigger_controller_dag.py for tasks to queue
[2023-06-29T23:59:14.763+0000] {logging_mixin.py:149} INFO - [2023-06-29T23:59:14.763+0000] {dagbag.py:541} INFO - Filling up the DagBag from /home/airflow/.local/lib/python3.7/site-packages/airflow/example_dags/example_trigger_controller_dag.py
[2023-06-29T23:59:14.769+0000] {processor.py:809} INFO - DAG(s) dict_keys(['example_trigger_controller_dag']) retrieved from /home/airflow/.local/lib/python3.7/site-packages/airflow/example_dags/example_trigger_controller_dag.py
[2023-06-29T23:59:14.811+0000] {logging_mixin.py:149} INFO - [2023-06-29T23:59:14.810+0000] {dag.py:2726} INFO - Sync 1 DAGs
[2023-06-29T23:59:14.846+0000] {logging_mixin.py:149} INFO - [2023-06-29T23:59:14.846+0000] {dag.py:3490} INFO - Setting next_dagrun for example_trigger_controller_dag to 2021-01-01T00:00:00+00:00, run_after=2021-01-01T00:00:00+00:00
[2023-06-29T23:59:14.870+0000] {processor.py:178} INFO - Processing /home/airflow/.local/lib/python3.7/site-packages/airflow/example_dags/example_trigger_controller_dag.py took 0.114 seconds
[2023-06-29T23:59:45.106+0000] {processor.py:156} INFO - Started process (PID=1460) to work on /home/airflow/.local/lib/python3.7/site-packages/airflow/example_dags/example_trigger_controller_dag.py
[2023-06-29T23:59:45.107+0000] {processor.py:799} INFO - Processing file /home/airflow/.local/lib/python3.7/site-packages/airflow/example_dags/example_trigger_controller_dag.py for tasks to queue
[2023-06-29T23:59:45.108+0000] {logging_mixin.py:149} INFO - [2023-06-29T23:59:45.108+0000] {dagbag.py:541} INFO - Filling up the DagBag from /home/airflow/.local/lib/python3.7/site-packages/airflow/example_dags/example_trigger_controller_dag.py
[2023-06-29T23:59:45.115+0000] {processor.py:809} INFO - DAG(s) dict_keys(['example_trigger_controller_dag']) retrieved from /home/airflow/.local/lib/python3.7/site-packages/airflow/example_dags/example_trigger_controller_dag.py
[2023-06-29T23:59:45.152+0000] {logging_mixin.py:149} INFO - [2023-06-29T23:59:45.152+0000] {dag.py:2726} INFO - Sync 1 DAGs
[2023-06-29T23:59:45.187+0000] {logging_mixin.py:149} INFO - [2023-06-29T23:59:45.187+0000] {dag.py:3490} INFO - Setting next_dagrun for example_trigger_controller_dag to 2021-01-01T00:00:00+00:00, run_after=2021-01-01T00:00:00+00:00
[2023-06-29T23:59:45.211+0000] {processor.py:178} INFO - Processing /home/airflow/.local/lib/python3.7/site-packages/airflow/example_dags/example_trigger_controller_dag.py took 0.110 seconds
