[2023-06-29T23:47:04.076+0000] {processor.py:156} INFO - Started process (PID=42) to work on /home/airflow/.local/lib/python3.7/site-packages/airflow/example_dags/example_task_group_decorator.py
[2023-06-29T23:47:04.077+0000] {processor.py:799} INFO - Processing file /home/airflow/.local/lib/python3.7/site-packages/airflow/example_dags/example_task_group_decorator.py for tasks to queue
[2023-06-29T23:47:04.078+0000] {logging_mixin.py:149} INFO - [2023-06-29T23:47:04.077+0000] {dagbag.py:541} INFO - Filling up the DagBag from /home/airflow/.local/lib/python3.7/site-packages/airflow/example_dags/example_task_group_decorator.py
[2023-06-29T23:47:04.150+0000] {processor.py:809} INFO - DAG(s) dict_keys(['example_task_group_decorator']) retrieved from /home/airflow/.local/lib/python3.7/site-packages/airflow/example_dags/example_task_group_decorator.py
[2023-06-29T23:47:04.290+0000] {logging_mixin.py:149} INFO - [2023-06-29T23:47:04.290+0000] {dag.py:2726} INFO - Sync 1 DAGs
[2023-06-29T23:47:04.420+0000] {logging_mixin.py:149} INFO - [2023-06-29T23:47:04.420+0000] {dag.py:3490} INFO - Setting next_dagrun for example_task_group_decorator to 2023-06-28T23:47:04.420289+00:00, run_after=2023-06-29T23:47:04.420289+00:00
[2023-06-29T23:47:04.457+0000] {processor.py:178} INFO - Processing /home/airflow/.local/lib/python3.7/site-packages/airflow/example_dags/example_task_group_decorator.py took 0.394 seconds
[2023-06-29T23:47:35.158+0000] {processor.py:156} INFO - Started process (PID=99) to work on /home/airflow/.local/lib/python3.7/site-packages/airflow/example_dags/example_task_group_decorator.py
[2023-06-29T23:47:35.160+0000] {processor.py:799} INFO - Processing file /home/airflow/.local/lib/python3.7/site-packages/airflow/example_dags/example_task_group_decorator.py for tasks to queue
[2023-06-29T23:47:35.160+0000] {logging_mixin.py:149} INFO - [2023-06-29T23:47:35.160+0000] {dagbag.py:541} INFO - Filling up the DagBag from /home/airflow/.local/lib/python3.7/site-packages/airflow/example_dags/example_task_group_decorator.py
[2023-06-29T23:47:35.182+0000] {processor.py:809} INFO - DAG(s) dict_keys(['example_task_group_decorator']) retrieved from /home/airflow/.local/lib/python3.7/site-packages/airflow/example_dags/example_task_group_decorator.py
[2023-06-29T23:47:35.216+0000] {logging_mixin.py:149} INFO - [2023-06-29T23:47:35.216+0000] {dag.py:2726} INFO - Sync 1 DAGs
[2023-06-29T23:47:35.247+0000] {logging_mixin.py:149} INFO - [2023-06-29T23:47:35.247+0000] {dag.py:3490} INFO - Setting next_dagrun for example_task_group_decorator to 2023-06-28T23:47:35.247012+00:00, run_after=2023-06-29T23:47:35.247012+00:00
[2023-06-29T23:47:35.288+0000] {processor.py:178} INFO - Processing /home/airflow/.local/lib/python3.7/site-packages/airflow/example_dags/example_task_group_decorator.py took 0.134 seconds
[2023-06-29T23:48:05.515+0000] {processor.py:156} INFO - Started process (PID=156) to work on /home/airflow/.local/lib/python3.7/site-packages/airflow/example_dags/example_task_group_decorator.py
[2023-06-29T23:48:05.519+0000] {processor.py:799} INFO - Processing file /home/airflow/.local/lib/python3.7/site-packages/airflow/example_dags/example_task_group_decorator.py for tasks to queue
[2023-06-29T23:48:05.520+0000] {logging_mixin.py:149} INFO - [2023-06-29T23:48:05.519+0000] {dagbag.py:541} INFO - Filling up the DagBag from /home/airflow/.local/lib/python3.7/site-packages/airflow/example_dags/example_task_group_decorator.py
[2023-06-29T23:48:05.543+0000] {processor.py:809} INFO - DAG(s) dict_keys(['example_task_group_decorator']) retrieved from /home/airflow/.local/lib/python3.7/site-packages/airflow/example_dags/example_task_group_decorator.py
[2023-06-29T23:48:05.584+0000] {logging_mixin.py:149} INFO - [2023-06-29T23:48:05.583+0000] {dag.py:2726} INFO - Sync 1 DAGs
[2023-06-29T23:48:05.622+0000] {logging_mixin.py:149} INFO - [2023-06-29T23:48:05.621+0000] {dag.py:3490} INFO - Setting next_dagrun for example_task_group_decorator to 2023-06-28T23:48:05.621663+00:00, run_after=2023-06-29T23:48:05.621663+00:00
[2023-06-29T23:48:05.649+0000] {processor.py:178} INFO - Processing /home/airflow/.local/lib/python3.7/site-packages/airflow/example_dags/example_task_group_decorator.py took 0.138 seconds
[2023-06-29T23:48:35.903+0000] {processor.py:156} INFO - Started process (PID=213) to work on /home/airflow/.local/lib/python3.7/site-packages/airflow/example_dags/example_task_group_decorator.py
[2023-06-29T23:48:35.904+0000] {processor.py:799} INFO - Processing file /home/airflow/.local/lib/python3.7/site-packages/airflow/example_dags/example_task_group_decorator.py for tasks to queue
[2023-06-29T23:48:35.905+0000] {logging_mixin.py:149} INFO - [2023-06-29T23:48:35.904+0000] {dagbag.py:541} INFO - Filling up the DagBag from /home/airflow/.local/lib/python3.7/site-packages/airflow/example_dags/example_task_group_decorator.py
[2023-06-29T23:48:35.924+0000] {processor.py:809} INFO - DAG(s) dict_keys(['example_task_group_decorator']) retrieved from /home/airflow/.local/lib/python3.7/site-packages/airflow/example_dags/example_task_group_decorator.py
[2023-06-29T23:48:35.958+0000] {logging_mixin.py:149} INFO - [2023-06-29T23:48:35.957+0000] {dag.py:2726} INFO - Sync 1 DAGs
[2023-06-29T23:48:35.989+0000] {logging_mixin.py:149} INFO - [2023-06-29T23:48:35.989+0000] {dag.py:3490} INFO - Setting next_dagrun for example_task_group_decorator to 2023-06-28T23:48:35.988713+00:00, run_after=2023-06-29T23:48:35.988713+00:00
[2023-06-29T23:48:36.011+0000] {processor.py:178} INFO - Processing /home/airflow/.local/lib/python3.7/site-packages/airflow/example_dags/example_task_group_decorator.py took 0.113 seconds
[2023-06-29T23:49:06.147+0000] {processor.py:156} INFO - Started process (PID=270) to work on /home/airflow/.local/lib/python3.7/site-packages/airflow/example_dags/example_task_group_decorator.py
[2023-06-29T23:49:06.148+0000] {processor.py:799} INFO - Processing file /home/airflow/.local/lib/python3.7/site-packages/airflow/example_dags/example_task_group_decorator.py for tasks to queue
[2023-06-29T23:49:06.149+0000] {logging_mixin.py:149} INFO - [2023-06-29T23:49:06.149+0000] {dagbag.py:541} INFO - Filling up the DagBag from /home/airflow/.local/lib/python3.7/site-packages/airflow/example_dags/example_task_group_decorator.py
[2023-06-29T23:49:06.171+0000] {processor.py:809} INFO - DAG(s) dict_keys(['example_task_group_decorator']) retrieved from /home/airflow/.local/lib/python3.7/site-packages/airflow/example_dags/example_task_group_decorator.py
[2023-06-29T23:49:06.214+0000] {logging_mixin.py:149} INFO - [2023-06-29T23:49:06.214+0000] {dag.py:2726} INFO - Sync 1 DAGs
[2023-06-29T23:49:06.246+0000] {logging_mixin.py:149} INFO - [2023-06-29T23:49:06.246+0000] {dag.py:3490} INFO - Setting next_dagrun for example_task_group_decorator to 2023-06-28T23:49:06.246237+00:00, run_after=2023-06-29T23:49:06.246237+00:00
[2023-06-29T23:49:06.269+0000] {processor.py:178} INFO - Processing /home/airflow/.local/lib/python3.7/site-packages/airflow/example_dags/example_task_group_decorator.py took 0.127 seconds
[2023-06-29T23:49:36.617+0000] {processor.py:156} INFO - Started process (PID=328) to work on /home/airflow/.local/lib/python3.7/site-packages/airflow/example_dags/example_task_group_decorator.py
[2023-06-29T23:49:36.619+0000] {processor.py:799} INFO - Processing file /home/airflow/.local/lib/python3.7/site-packages/airflow/example_dags/example_task_group_decorator.py for tasks to queue
[2023-06-29T23:49:36.619+0000] {logging_mixin.py:149} INFO - [2023-06-29T23:49:36.619+0000] {dagbag.py:541} INFO - Filling up the DagBag from /home/airflow/.local/lib/python3.7/site-packages/airflow/example_dags/example_task_group_decorator.py
[2023-06-29T23:49:36.638+0000] {processor.py:809} INFO - DAG(s) dict_keys(['example_task_group_decorator']) retrieved from /home/airflow/.local/lib/python3.7/site-packages/airflow/example_dags/example_task_group_decorator.py
[2023-06-29T23:49:36.676+0000] {logging_mixin.py:149} INFO - [2023-06-29T23:49:36.676+0000] {dag.py:2726} INFO - Sync 1 DAGs
[2023-06-29T23:49:36.707+0000] {logging_mixin.py:149} INFO - [2023-06-29T23:49:36.707+0000] {dag.py:3490} INFO - Setting next_dagrun for example_task_group_decorator to 2023-06-28T23:49:36.707439+00:00, run_after=2023-06-29T23:49:36.707439+00:00
[2023-06-29T23:49:36.730+0000] {processor.py:178} INFO - Processing /home/airflow/.local/lib/python3.7/site-packages/airflow/example_dags/example_task_group_decorator.py took 0.116 seconds
[2023-06-29T23:50:07.373+0000] {processor.py:156} INFO - Started process (PID=384) to work on /home/airflow/.local/lib/python3.7/site-packages/airflow/example_dags/example_task_group_decorator.py
[2023-06-29T23:50:07.374+0000] {processor.py:799} INFO - Processing file /home/airflow/.local/lib/python3.7/site-packages/airflow/example_dags/example_task_group_decorator.py for tasks to queue
[2023-06-29T23:50:07.375+0000] {logging_mixin.py:149} INFO - [2023-06-29T23:50:07.375+0000] {dagbag.py:541} INFO - Filling up the DagBag from /home/airflow/.local/lib/python3.7/site-packages/airflow/example_dags/example_task_group_decorator.py
[2023-06-29T23:50:07.392+0000] {processor.py:809} INFO - DAG(s) dict_keys(['example_task_group_decorator']) retrieved from /home/airflow/.local/lib/python3.7/site-packages/airflow/example_dags/example_task_group_decorator.py
[2023-06-29T23:50:07.431+0000] {logging_mixin.py:149} INFO - [2023-06-29T23:50:07.431+0000] {dag.py:2726} INFO - Sync 1 DAGs
[2023-06-29T23:50:07.465+0000] {logging_mixin.py:149} INFO - [2023-06-29T23:50:07.465+0000] {dag.py:3490} INFO - Setting next_dagrun for example_task_group_decorator to 2023-06-28T23:50:07.465011+00:00, run_after=2023-06-29T23:50:07.465011+00:00
[2023-06-29T23:50:07.502+0000] {processor.py:178} INFO - Processing /home/airflow/.local/lib/python3.7/site-packages/airflow/example_dags/example_task_group_decorator.py took 0.133 seconds
[2023-06-29T23:50:37.802+0000] {processor.py:156} INFO - Started process (PID=441) to work on /home/airflow/.local/lib/python3.7/site-packages/airflow/example_dags/example_task_group_decorator.py
[2023-06-29T23:50:37.802+0000] {processor.py:799} INFO - Processing file /home/airflow/.local/lib/python3.7/site-packages/airflow/example_dags/example_task_group_decorator.py for tasks to queue
[2023-06-29T23:50:37.803+0000] {logging_mixin.py:149} INFO - [2023-06-29T23:50:37.803+0000] {dagbag.py:541} INFO - Filling up the DagBag from /home/airflow/.local/lib/python3.7/site-packages/airflow/example_dags/example_task_group_decorator.py
[2023-06-29T23:50:37.822+0000] {processor.py:809} INFO - DAG(s) dict_keys(['example_task_group_decorator']) retrieved from /home/airflow/.local/lib/python3.7/site-packages/airflow/example_dags/example_task_group_decorator.py
[2023-06-29T23:50:37.860+0000] {logging_mixin.py:149} INFO - [2023-06-29T23:50:37.860+0000] {dag.py:2726} INFO - Sync 1 DAGs
[2023-06-29T23:50:37.911+0000] {logging_mixin.py:149} INFO - [2023-06-29T23:50:37.911+0000] {dag.py:3490} INFO - Setting next_dagrun for example_task_group_decorator to 2023-06-28T23:50:37.911199+00:00, run_after=2023-06-29T23:50:37.911199+00:00
[2023-06-29T23:50:37.938+0000] {processor.py:178} INFO - Processing /home/airflow/.local/lib/python3.7/site-packages/airflow/example_dags/example_task_group_decorator.py took 0.141 seconds
[2023-06-29T23:51:08.555+0000] {processor.py:156} INFO - Started process (PID=498) to work on /home/airflow/.local/lib/python3.7/site-packages/airflow/example_dags/example_task_group_decorator.py
[2023-06-29T23:51:08.557+0000] {processor.py:799} INFO - Processing file /home/airflow/.local/lib/python3.7/site-packages/airflow/example_dags/example_task_group_decorator.py for tasks to queue
[2023-06-29T23:51:08.557+0000] {logging_mixin.py:149} INFO - [2023-06-29T23:51:08.557+0000] {dagbag.py:541} INFO - Filling up the DagBag from /home/airflow/.local/lib/python3.7/site-packages/airflow/example_dags/example_task_group_decorator.py
[2023-06-29T23:51:08.601+0000] {processor.py:809} INFO - DAG(s) dict_keys(['example_task_group_decorator']) retrieved from /home/airflow/.local/lib/python3.7/site-packages/airflow/example_dags/example_task_group_decorator.py
[2023-06-29T23:51:08.674+0000] {logging_mixin.py:149} INFO - [2023-06-29T23:51:08.674+0000] {dag.py:2726} INFO - Sync 1 DAGs
[2023-06-29T23:51:08.709+0000] {logging_mixin.py:149} INFO - [2023-06-29T23:51:08.709+0000] {dag.py:3490} INFO - Setting next_dagrun for example_task_group_decorator to 2023-06-28T23:51:08.709362+00:00, run_after=2023-06-29T23:51:08.709362+00:00
[2023-06-29T23:51:08.758+0000] {processor.py:178} INFO - Processing /home/airflow/.local/lib/python3.7/site-packages/airflow/example_dags/example_task_group_decorator.py took 0.220 seconds
[2023-06-29T23:51:39.454+0000] {processor.py:156} INFO - Started process (PID=555) to work on /home/airflow/.local/lib/python3.7/site-packages/airflow/example_dags/example_task_group_decorator.py
[2023-06-29T23:51:39.475+0000] {processor.py:799} INFO - Processing file /home/airflow/.local/lib/python3.7/site-packages/airflow/example_dags/example_task_group_decorator.py for tasks to queue
[2023-06-29T23:51:39.476+0000] {logging_mixin.py:149} INFO - [2023-06-29T23:51:39.476+0000] {dagbag.py:541} INFO - Filling up the DagBag from /home/airflow/.local/lib/python3.7/site-packages/airflow/example_dags/example_task_group_decorator.py
[2023-06-29T23:51:39.514+0000] {processor.py:809} INFO - DAG(s) dict_keys(['example_task_group_decorator']) retrieved from /home/airflow/.local/lib/python3.7/site-packages/airflow/example_dags/example_task_group_decorator.py
[2023-06-29T23:51:39.591+0000] {logging_mixin.py:149} INFO - [2023-06-29T23:51:39.591+0000] {dag.py:2726} INFO - Sync 1 DAGs
[2023-06-29T23:51:39.660+0000] {logging_mixin.py:149} INFO - [2023-06-29T23:51:39.660+0000] {dag.py:3490} INFO - Setting next_dagrun for example_task_group_decorator to 2023-06-28T23:51:39.658807+00:00, run_after=2023-06-29T23:51:39.658807+00:00
[2023-06-29T23:51:39.716+0000] {processor.py:178} INFO - Processing /home/airflow/.local/lib/python3.7/site-packages/airflow/example_dags/example_task_group_decorator.py took 0.265 seconds
[2023-06-29T23:52:10.632+0000] {processor.py:156} INFO - Started process (PID=612) to work on /home/airflow/.local/lib/python3.7/site-packages/airflow/example_dags/example_task_group_decorator.py
[2023-06-29T23:52:10.634+0000] {processor.py:799} INFO - Processing file /home/airflow/.local/lib/python3.7/site-packages/airflow/example_dags/example_task_group_decorator.py for tasks to queue
[2023-06-29T23:52:10.635+0000] {logging_mixin.py:149} INFO - [2023-06-29T23:52:10.635+0000] {dagbag.py:541} INFO - Filling up the DagBag from /home/airflow/.local/lib/python3.7/site-packages/airflow/example_dags/example_task_group_decorator.py
[2023-06-29T23:52:10.680+0000] {processor.py:809} INFO - DAG(s) dict_keys(['example_task_group_decorator']) retrieved from /home/airflow/.local/lib/python3.7/site-packages/airflow/example_dags/example_task_group_decorator.py
[2023-06-29T23:52:10.744+0000] {logging_mixin.py:149} INFO - [2023-06-29T23:52:10.743+0000] {dag.py:2726} INFO - Sync 1 DAGs
[2023-06-29T23:52:10.788+0000] {logging_mixin.py:149} INFO - [2023-06-29T23:52:10.788+0000] {dag.py:3490} INFO - Setting next_dagrun for example_task_group_decorator to 2023-06-28T23:52:10.787858+00:00, run_after=2023-06-29T23:52:10.787858+00:00
[2023-06-29T23:52:10.824+0000] {processor.py:178} INFO - Processing /home/airflow/.local/lib/python3.7/site-packages/airflow/example_dags/example_task_group_decorator.py took 0.197 seconds
[2023-06-29T23:52:41.506+0000] {processor.py:156} INFO - Started process (PID=669) to work on /home/airflow/.local/lib/python3.7/site-packages/airflow/example_dags/example_task_group_decorator.py
[2023-06-29T23:52:41.512+0000] {processor.py:799} INFO - Processing file /home/airflow/.local/lib/python3.7/site-packages/airflow/example_dags/example_task_group_decorator.py for tasks to queue
[2023-06-29T23:52:41.513+0000] {logging_mixin.py:149} INFO - [2023-06-29T23:52:41.513+0000] {dagbag.py:541} INFO - Filling up the DagBag from /home/airflow/.local/lib/python3.7/site-packages/airflow/example_dags/example_task_group_decorator.py
[2023-06-29T23:52:41.558+0000] {processor.py:809} INFO - DAG(s) dict_keys(['example_task_group_decorator']) retrieved from /home/airflow/.local/lib/python3.7/site-packages/airflow/example_dags/example_task_group_decorator.py
[2023-06-29T23:52:41.629+0000] {logging_mixin.py:149} INFO - [2023-06-29T23:52:41.629+0000] {dag.py:2726} INFO - Sync 1 DAGs
[2023-06-29T23:52:41.693+0000] {logging_mixin.py:149} INFO - [2023-06-29T23:52:41.693+0000] {dag.py:3490} INFO - Setting next_dagrun for example_task_group_decorator to 2023-06-28T23:52:41.693281+00:00, run_after=2023-06-29T23:52:41.693281+00:00
[2023-06-29T23:52:41.740+0000] {processor.py:178} INFO - Processing /home/airflow/.local/lib/python3.7/site-packages/airflow/example_dags/example_task_group_decorator.py took 0.238 seconds
[2023-06-29T23:53:12.341+0000] {processor.py:156} INFO - Started process (PID=726) to work on /home/airflow/.local/lib/python3.7/site-packages/airflow/example_dags/example_task_group_decorator.py
[2023-06-29T23:53:12.342+0000] {processor.py:799} INFO - Processing file /home/airflow/.local/lib/python3.7/site-packages/airflow/example_dags/example_task_group_decorator.py for tasks to queue
[2023-06-29T23:53:12.342+0000] {logging_mixin.py:149} INFO - [2023-06-29T23:53:12.342+0000] {dagbag.py:541} INFO - Filling up the DagBag from /home/airflow/.local/lib/python3.7/site-packages/airflow/example_dags/example_task_group_decorator.py
[2023-06-29T23:53:12.362+0000] {processor.py:809} INFO - DAG(s) dict_keys(['example_task_group_decorator']) retrieved from /home/airflow/.local/lib/python3.7/site-packages/airflow/example_dags/example_task_group_decorator.py
[2023-06-29T23:53:12.397+0000] {logging_mixin.py:149} INFO - [2023-06-29T23:53:12.397+0000] {dag.py:2726} INFO - Sync 1 DAGs
[2023-06-29T23:53:12.439+0000] {logging_mixin.py:149} INFO - [2023-06-29T23:53:12.438+0000] {dag.py:3490} INFO - Setting next_dagrun for example_task_group_decorator to 2023-06-28T23:53:12.438490+00:00, run_after=2023-06-29T23:53:12.438490+00:00
[2023-06-29T23:53:12.467+0000] {processor.py:178} INFO - Processing /home/airflow/.local/lib/python3.7/site-packages/airflow/example_dags/example_task_group_decorator.py took 0.130 seconds
[2023-06-29T23:53:42.866+0000] {processor.py:156} INFO - Started process (PID=783) to work on /home/airflow/.local/lib/python3.7/site-packages/airflow/example_dags/example_task_group_decorator.py
[2023-06-29T23:53:42.874+0000] {processor.py:799} INFO - Processing file /home/airflow/.local/lib/python3.7/site-packages/airflow/example_dags/example_task_group_decorator.py for tasks to queue
[2023-06-29T23:53:42.875+0000] {logging_mixin.py:149} INFO - [2023-06-29T23:53:42.875+0000] {dagbag.py:541} INFO - Filling up the DagBag from /home/airflow/.local/lib/python3.7/site-packages/airflow/example_dags/example_task_group_decorator.py
[2023-06-29T23:53:42.913+0000] {processor.py:809} INFO - DAG(s) dict_keys(['example_task_group_decorator']) retrieved from /home/airflow/.local/lib/python3.7/site-packages/airflow/example_dags/example_task_group_decorator.py
[2023-06-29T23:53:43.007+0000] {logging_mixin.py:149} INFO - [2023-06-29T23:53:43.007+0000] {dag.py:2726} INFO - Sync 1 DAGs
[2023-06-29T23:53:43.080+0000] {logging_mixin.py:149} INFO - [2023-06-29T23:53:43.079+0000] {dag.py:3490} INFO - Setting next_dagrun for example_task_group_decorator to 2023-06-28T23:53:43.078999+00:00, run_after=2023-06-29T23:53:43.078999+00:00
[2023-06-29T23:53:43.139+0000] {processor.py:178} INFO - Processing /home/airflow/.local/lib/python3.7/site-packages/airflow/example_dags/example_task_group_decorator.py took 0.286 seconds
[2023-06-29T23:54:13.185+0000] {processor.py:156} INFO - Started process (PID=841) to work on /home/airflow/.local/lib/python3.7/site-packages/airflow/example_dags/example_task_group_decorator.py
[2023-06-29T23:54:13.187+0000] {processor.py:799} INFO - Processing file /home/airflow/.local/lib/python3.7/site-packages/airflow/example_dags/example_task_group_decorator.py for tasks to queue
[2023-06-29T23:54:13.188+0000] {logging_mixin.py:149} INFO - [2023-06-29T23:54:13.188+0000] {dagbag.py:541} INFO - Filling up the DagBag from /home/airflow/.local/lib/python3.7/site-packages/airflow/example_dags/example_task_group_decorator.py
[2023-06-29T23:54:13.209+0000] {processor.py:809} INFO - DAG(s) dict_keys(['example_task_group_decorator']) retrieved from /home/airflow/.local/lib/python3.7/site-packages/airflow/example_dags/example_task_group_decorator.py
[2023-06-29T23:54:13.246+0000] {logging_mixin.py:149} INFO - [2023-06-29T23:54:13.246+0000] {dag.py:2726} INFO - Sync 1 DAGs
[2023-06-29T23:54:13.283+0000] {logging_mixin.py:149} INFO - [2023-06-29T23:54:13.283+0000] {dag.py:3490} INFO - Setting next_dagrun for example_task_group_decorator to 2023-06-28T23:54:13.283259+00:00, run_after=2023-06-29T23:54:13.283259+00:00
[2023-06-29T23:54:13.306+0000] {processor.py:178} INFO - Processing /home/airflow/.local/lib/python3.7/site-packages/airflow/example_dags/example_task_group_decorator.py took 0.125 seconds
[2023-06-29T23:54:43.451+0000] {processor.py:156} INFO - Started process (PID=898) to work on /home/airflow/.local/lib/python3.7/site-packages/airflow/example_dags/example_task_group_decorator.py
[2023-06-29T23:54:43.452+0000] {processor.py:799} INFO - Processing file /home/airflow/.local/lib/python3.7/site-packages/airflow/example_dags/example_task_group_decorator.py for tasks to queue
[2023-06-29T23:54:43.453+0000] {logging_mixin.py:149} INFO - [2023-06-29T23:54:43.453+0000] {dagbag.py:541} INFO - Filling up the DagBag from /home/airflow/.local/lib/python3.7/site-packages/airflow/example_dags/example_task_group_decorator.py
[2023-06-29T23:54:43.473+0000] {processor.py:809} INFO - DAG(s) dict_keys(['example_task_group_decorator']) retrieved from /home/airflow/.local/lib/python3.7/site-packages/airflow/example_dags/example_task_group_decorator.py
[2023-06-29T23:54:43.510+0000] {logging_mixin.py:149} INFO - [2023-06-29T23:54:43.509+0000] {dag.py:2726} INFO - Sync 1 DAGs
[2023-06-29T23:54:43.543+0000] {logging_mixin.py:149} INFO - [2023-06-29T23:54:43.543+0000] {dag.py:3490} INFO - Setting next_dagrun for example_task_group_decorator to 2023-06-28T23:54:43.543103+00:00, run_after=2023-06-29T23:54:43.543103+00:00
[2023-06-29T23:54:43.568+0000] {processor.py:178} INFO - Processing /home/airflow/.local/lib/python3.7/site-packages/airflow/example_dags/example_task_group_decorator.py took 0.121 seconds
[2023-06-29T23:55:13.751+0000] {processor.py:156} INFO - Started process (PID=954) to work on /home/airflow/.local/lib/python3.7/site-packages/airflow/example_dags/example_task_group_decorator.py
[2023-06-29T23:55:13.752+0000] {processor.py:799} INFO - Processing file /home/airflow/.local/lib/python3.7/site-packages/airflow/example_dags/example_task_group_decorator.py for tasks to queue
[2023-06-29T23:55:13.753+0000] {logging_mixin.py:149} INFO - [2023-06-29T23:55:13.753+0000] {dagbag.py:541} INFO - Filling up the DagBag from /home/airflow/.local/lib/python3.7/site-packages/airflow/example_dags/example_task_group_decorator.py
[2023-06-29T23:55:13.781+0000] {processor.py:809} INFO - DAG(s) dict_keys(['example_task_group_decorator']) retrieved from /home/airflow/.local/lib/python3.7/site-packages/airflow/example_dags/example_task_group_decorator.py
[2023-06-29T23:55:13.825+0000] {logging_mixin.py:149} INFO - [2023-06-29T23:55:13.825+0000] {dag.py:2726} INFO - Sync 1 DAGs
[2023-06-29T23:55:13.878+0000] {logging_mixin.py:149} INFO - [2023-06-29T23:55:13.877+0000] {dag.py:3490} INFO - Setting next_dagrun for example_task_group_decorator to 2023-06-28T23:55:13.877679+00:00, run_after=2023-06-29T23:55:13.877679+00:00
[2023-06-29T23:55:13.922+0000] {processor.py:178} INFO - Processing /home/airflow/.local/lib/python3.7/site-packages/airflow/example_dags/example_task_group_decorator.py took 0.175 seconds
[2023-06-29T23:55:44.310+0000] {processor.py:156} INFO - Started process (PID=1010) to work on /home/airflow/.local/lib/python3.7/site-packages/airflow/example_dags/example_task_group_decorator.py
[2023-06-29T23:55:44.322+0000] {processor.py:799} INFO - Processing file /home/airflow/.local/lib/python3.7/site-packages/airflow/example_dags/example_task_group_decorator.py for tasks to queue
[2023-06-29T23:55:44.323+0000] {logging_mixin.py:149} INFO - [2023-06-29T23:55:44.323+0000] {dagbag.py:541} INFO - Filling up the DagBag from /home/airflow/.local/lib/python3.7/site-packages/airflow/example_dags/example_task_group_decorator.py
[2023-06-29T23:55:44.347+0000] {processor.py:809} INFO - DAG(s) dict_keys(['example_task_group_decorator']) retrieved from /home/airflow/.local/lib/python3.7/site-packages/airflow/example_dags/example_task_group_decorator.py
[2023-06-29T23:55:44.392+0000] {logging_mixin.py:149} INFO - [2023-06-29T23:55:44.392+0000] {dag.py:2726} INFO - Sync 1 DAGs
[2023-06-29T23:55:44.445+0000] {logging_mixin.py:149} INFO - [2023-06-29T23:55:44.445+0000] {dag.py:3490} INFO - Setting next_dagrun for example_task_group_decorator to 2023-06-28T23:55:44.445194+00:00, run_after=2023-06-29T23:55:44.445194+00:00
[2023-06-29T23:55:44.472+0000] {processor.py:178} INFO - Processing /home/airflow/.local/lib/python3.7/site-packages/airflow/example_dags/example_task_group_decorator.py took 0.166 seconds
[2023-06-29T23:56:15.084+0000] {processor.py:156} INFO - Started process (PID=1066) to work on /home/airflow/.local/lib/python3.7/site-packages/airflow/example_dags/example_task_group_decorator.py
[2023-06-29T23:56:15.097+0000] {processor.py:799} INFO - Processing file /home/airflow/.local/lib/python3.7/site-packages/airflow/example_dags/example_task_group_decorator.py for tasks to queue
[2023-06-29T23:56:15.098+0000] {logging_mixin.py:149} INFO - [2023-06-29T23:56:15.098+0000] {dagbag.py:541} INFO - Filling up the DagBag from /home/airflow/.local/lib/python3.7/site-packages/airflow/example_dags/example_task_group_decorator.py
[2023-06-29T23:56:15.131+0000] {processor.py:809} INFO - DAG(s) dict_keys(['example_task_group_decorator']) retrieved from /home/airflow/.local/lib/python3.7/site-packages/airflow/example_dags/example_task_group_decorator.py
[2023-06-29T23:56:15.173+0000] {logging_mixin.py:149} INFO - [2023-06-29T23:56:15.173+0000] {dag.py:2726} INFO - Sync 1 DAGs
[2023-06-29T23:56:15.212+0000] {logging_mixin.py:149} INFO - [2023-06-29T23:56:15.212+0000] {dag.py:3490} INFO - Setting next_dagrun for example_task_group_decorator to 2023-06-28T23:56:15.211744+00:00, run_after=2023-06-29T23:56:15.211744+00:00
[2023-06-29T23:56:15.235+0000] {processor.py:178} INFO - Processing /home/airflow/.local/lib/python3.7/site-packages/airflow/example_dags/example_task_group_decorator.py took 0.156 seconds
[2023-06-29T23:56:45.645+0000] {processor.py:156} INFO - Started process (PID=1123) to work on /home/airflow/.local/lib/python3.7/site-packages/airflow/example_dags/example_task_group_decorator.py
[2023-06-29T23:56:45.646+0000] {processor.py:799} INFO - Processing file /home/airflow/.local/lib/python3.7/site-packages/airflow/example_dags/example_task_group_decorator.py for tasks to queue
[2023-06-29T23:56:45.647+0000] {logging_mixin.py:149} INFO - [2023-06-29T23:56:45.647+0000] {dagbag.py:541} INFO - Filling up the DagBag from /home/airflow/.local/lib/python3.7/site-packages/airflow/example_dags/example_task_group_decorator.py
[2023-06-29T23:56:45.666+0000] {processor.py:809} INFO - DAG(s) dict_keys(['example_task_group_decorator']) retrieved from /home/airflow/.local/lib/python3.7/site-packages/airflow/example_dags/example_task_group_decorator.py
[2023-06-29T23:56:45.714+0000] {logging_mixin.py:149} INFO - [2023-06-29T23:56:45.714+0000] {dag.py:2726} INFO - Sync 1 DAGs
[2023-06-29T23:56:45.760+0000] {logging_mixin.py:149} INFO - [2023-06-29T23:56:45.760+0000] {dag.py:3490} INFO - Setting next_dagrun for example_task_group_decorator to 2023-06-28T23:56:45.760194+00:00, run_after=2023-06-29T23:56:45.760194+00:00
[2023-06-29T23:56:45.813+0000] {processor.py:178} INFO - Processing /home/airflow/.local/lib/python3.7/site-packages/airflow/example_dags/example_task_group_decorator.py took 0.173 seconds
[2023-06-29T23:57:16.749+0000] {processor.py:156} INFO - Started process (PID=1180) to work on /home/airflow/.local/lib/python3.7/site-packages/airflow/example_dags/example_task_group_decorator.py
[2023-06-29T23:57:16.763+0000] {processor.py:799} INFO - Processing file /home/airflow/.local/lib/python3.7/site-packages/airflow/example_dags/example_task_group_decorator.py for tasks to queue
[2023-06-29T23:57:16.764+0000] {logging_mixin.py:149} INFO - [2023-06-29T23:57:16.764+0000] {dagbag.py:541} INFO - Filling up the DagBag from /home/airflow/.local/lib/python3.7/site-packages/airflow/example_dags/example_task_group_decorator.py
[2023-06-29T23:57:16.834+0000] {processor.py:809} INFO - DAG(s) dict_keys(['example_task_group_decorator']) retrieved from /home/airflow/.local/lib/python3.7/site-packages/airflow/example_dags/example_task_group_decorator.py
[2023-06-29T23:57:16.929+0000] {logging_mixin.py:149} INFO - [2023-06-29T23:57:16.929+0000] {dag.py:2726} INFO - Sync 1 DAGs
[2023-06-29T23:57:17.001+0000] {logging_mixin.py:149} INFO - [2023-06-29T23:57:17.001+0000] {dag.py:3490} INFO - Setting next_dagrun for example_task_group_decorator to 2023-06-28T23:57:17.001112+00:00, run_after=2023-06-29T23:57:17.001112+00:00
[2023-06-29T23:57:17.067+0000] {processor.py:178} INFO - Processing /home/airflow/.local/lib/python3.7/site-packages/airflow/example_dags/example_task_group_decorator.py took 0.323 seconds
[2023-06-29T23:57:47.924+0000] {processor.py:156} INFO - Started process (PID=1244) to work on /home/airflow/.local/lib/python3.7/site-packages/airflow/example_dags/example_task_group_decorator.py
[2023-06-29T23:57:47.925+0000] {processor.py:799} INFO - Processing file /home/airflow/.local/lib/python3.7/site-packages/airflow/example_dags/example_task_group_decorator.py for tasks to queue
[2023-06-29T23:57:47.926+0000] {logging_mixin.py:149} INFO - [2023-06-29T23:57:47.926+0000] {dagbag.py:541} INFO - Filling up the DagBag from /home/airflow/.local/lib/python3.7/site-packages/airflow/example_dags/example_task_group_decorator.py
[2023-06-29T23:57:47.947+0000] {processor.py:809} INFO - DAG(s) dict_keys(['example_task_group_decorator']) retrieved from /home/airflow/.local/lib/python3.7/site-packages/airflow/example_dags/example_task_group_decorator.py
[2023-06-29T23:57:47.987+0000] {logging_mixin.py:149} INFO - [2023-06-29T23:57:47.986+0000] {dag.py:2726} INFO - Sync 1 DAGs
[2023-06-29T23:57:48.021+0000] {logging_mixin.py:149} INFO - [2023-06-29T23:57:48.021+0000] {dag.py:3490} INFO - Setting next_dagrun for example_task_group_decorator to 2023-06-28T23:57:48.021153+00:00, run_after=2023-06-29T23:57:48.021153+00:00
[2023-06-29T23:57:48.045+0000] {processor.py:178} INFO - Processing /home/airflow/.local/lib/python3.7/site-packages/airflow/example_dags/example_task_group_decorator.py took 0.125 seconds
[2023-06-29T23:58:18.335+0000] {processor.py:156} INFO - Started process (PID=1301) to work on /home/airflow/.local/lib/python3.7/site-packages/airflow/example_dags/example_task_group_decorator.py
[2023-06-29T23:58:18.340+0000] {processor.py:799} INFO - Processing file /home/airflow/.local/lib/python3.7/site-packages/airflow/example_dags/example_task_group_decorator.py for tasks to queue
[2023-06-29T23:58:18.341+0000] {logging_mixin.py:149} INFO - [2023-06-29T23:58:18.340+0000] {dagbag.py:541} INFO - Filling up the DagBag from /home/airflow/.local/lib/python3.7/site-packages/airflow/example_dags/example_task_group_decorator.py
[2023-06-29T23:58:18.376+0000] {processor.py:809} INFO - DAG(s) dict_keys(['example_task_group_decorator']) retrieved from /home/airflow/.local/lib/python3.7/site-packages/airflow/example_dags/example_task_group_decorator.py
[2023-06-29T23:58:18.502+0000] {logging_mixin.py:149} INFO - [2023-06-29T23:58:18.502+0000] {dag.py:2726} INFO - Sync 1 DAGs
[2023-06-29T23:58:18.586+0000] {logging_mixin.py:149} INFO - [2023-06-29T23:58:18.586+0000] {dag.py:3490} INFO - Setting next_dagrun for example_task_group_decorator to 2023-06-28T23:58:18.586043+00:00, run_after=2023-06-29T23:58:18.586043+00:00
[2023-06-29T23:58:18.663+0000] {processor.py:178} INFO - Processing /home/airflow/.local/lib/python3.7/site-packages/airflow/example_dags/example_task_group_decorator.py took 0.347 seconds
[2023-06-29T23:58:48.968+0000] {processor.py:156} INFO - Started process (PID=1359) to work on /home/airflow/.local/lib/python3.7/site-packages/airflow/example_dags/example_task_group_decorator.py
[2023-06-29T23:58:48.969+0000] {processor.py:799} INFO - Processing file /home/airflow/.local/lib/python3.7/site-packages/airflow/example_dags/example_task_group_decorator.py for tasks to queue
[2023-06-29T23:58:48.971+0000] {logging_mixin.py:149} INFO - [2023-06-29T23:58:48.970+0000] {dagbag.py:541} INFO - Filling up the DagBag from /home/airflow/.local/lib/python3.7/site-packages/airflow/example_dags/example_task_group_decorator.py
[2023-06-29T23:58:48.995+0000] {processor.py:809} INFO - DAG(s) dict_keys(['example_task_group_decorator']) retrieved from /home/airflow/.local/lib/python3.7/site-packages/airflow/example_dags/example_task_group_decorator.py
[2023-06-29T23:58:49.032+0000] {logging_mixin.py:149} INFO - [2023-06-29T23:58:49.032+0000] {dag.py:2726} INFO - Sync 1 DAGs
[2023-06-29T23:58:49.066+0000] {logging_mixin.py:149} INFO - [2023-06-29T23:58:49.065+0000] {dag.py:3490} INFO - Setting next_dagrun for example_task_group_decorator to 2023-06-28T23:58:49.065618+00:00, run_after=2023-06-29T23:58:49.065618+00:00
[2023-06-29T23:58:49.090+0000] {processor.py:178} INFO - Processing /home/airflow/.local/lib/python3.7/site-packages/airflow/example_dags/example_task_group_decorator.py took 0.126 seconds
[2023-06-29T23:59:19.223+0000] {processor.py:156} INFO - Started process (PID=1417) to work on /home/airflow/.local/lib/python3.7/site-packages/airflow/example_dags/example_task_group_decorator.py
[2023-06-29T23:59:19.225+0000] {processor.py:799} INFO - Processing file /home/airflow/.local/lib/python3.7/site-packages/airflow/example_dags/example_task_group_decorator.py for tasks to queue
[2023-06-29T23:59:19.226+0000] {logging_mixin.py:149} INFO - [2023-06-29T23:59:19.225+0000] {dagbag.py:541} INFO - Filling up the DagBag from /home/airflow/.local/lib/python3.7/site-packages/airflow/example_dags/example_task_group_decorator.py
[2023-06-29T23:59:19.248+0000] {processor.py:809} INFO - DAG(s) dict_keys(['example_task_group_decorator']) retrieved from /home/airflow/.local/lib/python3.7/site-packages/airflow/example_dags/example_task_group_decorator.py
[2023-06-29T23:59:19.314+0000] {logging_mixin.py:149} INFO - [2023-06-29T23:59:19.314+0000] {dag.py:2726} INFO - Sync 1 DAGs
[2023-06-29T23:59:19.349+0000] {logging_mixin.py:149} INFO - [2023-06-29T23:59:19.349+0000] {dag.py:3490} INFO - Setting next_dagrun for example_task_group_decorator to 2023-06-28T23:59:19.348690+00:00, run_after=2023-06-29T23:59:19.348690+00:00
[2023-06-29T23:59:19.372+0000] {processor.py:178} INFO - Processing /home/airflow/.local/lib/python3.7/site-packages/airflow/example_dags/example_task_group_decorator.py took 0.153 seconds
[2023-06-29T23:59:49.574+0000] {processor.py:156} INFO - Started process (PID=1473) to work on /home/airflow/.local/lib/python3.7/site-packages/airflow/example_dags/example_task_group_decorator.py
[2023-06-29T23:59:49.575+0000] {processor.py:799} INFO - Processing file /home/airflow/.local/lib/python3.7/site-packages/airflow/example_dags/example_task_group_decorator.py for tasks to queue
[2023-06-29T23:59:49.576+0000] {logging_mixin.py:149} INFO - [2023-06-29T23:59:49.576+0000] {dagbag.py:541} INFO - Filling up the DagBag from /home/airflow/.local/lib/python3.7/site-packages/airflow/example_dags/example_task_group_decorator.py
[2023-06-29T23:59:49.604+0000] {processor.py:809} INFO - DAG(s) dict_keys(['example_task_group_decorator']) retrieved from /home/airflow/.local/lib/python3.7/site-packages/airflow/example_dags/example_task_group_decorator.py
[2023-06-29T23:59:49.643+0000] {logging_mixin.py:149} INFO - [2023-06-29T23:59:49.643+0000] {dag.py:2726} INFO - Sync 1 DAGs
[2023-06-29T23:59:49.677+0000] {logging_mixin.py:149} INFO - [2023-06-29T23:59:49.677+0000] {dag.py:3490} INFO - Setting next_dagrun for example_task_group_decorator to 2023-06-28T23:59:49.677253+00:00, run_after=2023-06-29T23:59:49.677253+00:00
[2023-06-29T23:59:49.701+0000] {processor.py:178} INFO - Processing /home/airflow/.local/lib/python3.7/site-packages/airflow/example_dags/example_task_group_decorator.py took 0.130 seconds
