[2023-06-29T23:47:03.194+0000] {processor.py:156} INFO - Started process (PID=39) to work on /home/airflow/.local/lib/python3.7/site-packages/airflow/example_dags/example_datasets.py
[2023-06-29T23:47:03.204+0000] {processor.py:799} INFO - Processing file /home/airflow/.local/lib/python3.7/site-packages/airflow/example_dags/example_datasets.py for tasks to queue
[2023-06-29T23:47:03.205+0000] {logging_mixin.py:149} INFO - [2023-06-29T23:47:03.204+0000] {dagbag.py:541} INFO - Filling up the DagBag from /home/airflow/.local/lib/python3.7/site-packages/airflow/example_dags/example_datasets.py
[2023-06-29T23:47:03.217+0000] {processor.py:809} INFO - DAG(s) dict_keys(['dataset_produces_1', 'dataset_consumes_1', 'dataset_consumes_1_never_scheduled', 'dataset_consumes_1_and_2', 'dataset_consumes_unknown_never_scheduled', 'dataset_produces_2']) retrieved from /home/airflow/.local/lib/python3.7/site-packages/airflow/example_dags/example_datasets.py
[2023-06-29T23:47:03.459+0000] {logging_mixin.py:149} INFO - [2023-06-29T23:47:03.459+0000] {dag.py:2726} INFO - Sync 6 DAGs
[2023-06-29T23:47:03.528+0000] {logging_mixin.py:149} INFO - [2023-06-29T23:47:03.527+0000] {dag.py:3490} INFO - Setting next_dagrun for dataset_consumes_1 to None, run_after=None
[2023-06-29T23:47:03.533+0000] {logging_mixin.py:149} INFO - [2023-06-29T23:47:03.533+0000] {dag.py:3490} INFO - Setting next_dagrun for dataset_consumes_1_and_2 to None, run_after=None
[2023-06-29T23:47:03.538+0000] {logging_mixin.py:149} INFO - [2023-06-29T23:47:03.538+0000] {dag.py:3490} INFO - Setting next_dagrun for dataset_consumes_1_never_scheduled to None, run_after=None
[2023-06-29T23:47:03.545+0000] {logging_mixin.py:149} INFO - [2023-06-29T23:47:03.545+0000] {dag.py:3490} INFO - Setting next_dagrun for dataset_consumes_unknown_never_scheduled to None, run_after=None
[2023-06-29T23:47:03.551+0000] {logging_mixin.py:149} INFO - [2023-06-29T23:47:03.551+0000] {dag.py:3490} INFO - Setting next_dagrun for dataset_produces_1 to 2023-06-28T00:00:00+00:00, run_after=2023-06-29T00:00:00+00:00
[2023-06-29T23:47:03.555+0000] {logging_mixin.py:149} INFO - [2023-06-29T23:47:03.555+0000] {dag.py:3490} INFO - Setting next_dagrun for dataset_produces_2 to None, run_after=None
[2023-06-29T23:47:03.635+0000] {processor.py:178} INFO - Processing /home/airflow/.local/lib/python3.7/site-packages/airflow/example_dags/example_datasets.py took 0.451 seconds
[2023-06-29T23:47:33.958+0000] {processor.py:156} INFO - Started process (PID=96) to work on /home/airflow/.local/lib/python3.7/site-packages/airflow/example_dags/example_datasets.py
[2023-06-29T23:47:33.960+0000] {processor.py:799} INFO - Processing file /home/airflow/.local/lib/python3.7/site-packages/airflow/example_dags/example_datasets.py for tasks to queue
[2023-06-29T23:47:33.961+0000] {logging_mixin.py:149} INFO - [2023-06-29T23:47:33.961+0000] {dagbag.py:541} INFO - Filling up the DagBag from /home/airflow/.local/lib/python3.7/site-packages/airflow/example_dags/example_datasets.py
[2023-06-29T23:47:33.972+0000] {processor.py:809} INFO - DAG(s) dict_keys(['dataset_consumes_1_and_2', 'dataset_produces_1', 'dataset_produces_2', 'dataset_consumes_1_never_scheduled', 'dataset_consumes_unknown_never_scheduled', 'dataset_consumes_1']) retrieved from /home/airflow/.local/lib/python3.7/site-packages/airflow/example_dags/example_datasets.py
[2023-06-29T23:47:34.021+0000] {logging_mixin.py:149} INFO - [2023-06-29T23:47:34.021+0000] {dag.py:2726} INFO - Sync 6 DAGs
[2023-06-29T23:47:34.065+0000] {logging_mixin.py:149} INFO - [2023-06-29T23:47:34.065+0000] {dag.py:3490} INFO - Setting next_dagrun for dataset_consumes_1 to None, run_after=None
[2023-06-29T23:47:34.069+0000] {logging_mixin.py:149} INFO - [2023-06-29T23:47:34.069+0000] {dag.py:3490} INFO - Setting next_dagrun for dataset_consumes_1_and_2 to None, run_after=None
[2023-06-29T23:47:34.070+0000] {logging_mixin.py:149} INFO - [2023-06-29T23:47:34.070+0000] {dag.py:3490} INFO - Setting next_dagrun for dataset_consumes_1_never_scheduled to None, run_after=None
[2023-06-29T23:47:34.072+0000] {logging_mixin.py:149} INFO - [2023-06-29T23:47:34.072+0000] {dag.py:3490} INFO - Setting next_dagrun for dataset_consumes_unknown_never_scheduled to None, run_after=None
[2023-06-29T23:47:34.075+0000] {logging_mixin.py:149} INFO - [2023-06-29T23:47:34.075+0000] {dag.py:3490} INFO - Setting next_dagrun for dataset_produces_1 to 2023-06-28T00:00:00+00:00, run_after=2023-06-29T00:00:00+00:00
[2023-06-29T23:47:34.078+0000] {logging_mixin.py:149} INFO - [2023-06-29T23:47:34.078+0000] {dag.py:3490} INFO - Setting next_dagrun for dataset_produces_2 to None, run_after=None
[2023-06-29T23:47:34.118+0000] {processor.py:178} INFO - Processing /home/airflow/.local/lib/python3.7/site-packages/airflow/example_dags/example_datasets.py took 0.164 seconds
[2023-06-29T23:48:04.300+0000] {processor.py:156} INFO - Started process (PID=153) to work on /home/airflow/.local/lib/python3.7/site-packages/airflow/example_dags/example_datasets.py
[2023-06-29T23:48:04.302+0000] {processor.py:799} INFO - Processing file /home/airflow/.local/lib/python3.7/site-packages/airflow/example_dags/example_datasets.py for tasks to queue
[2023-06-29T23:48:04.302+0000] {logging_mixin.py:149} INFO - [2023-06-29T23:48:04.302+0000] {dagbag.py:541} INFO - Filling up the DagBag from /home/airflow/.local/lib/python3.7/site-packages/airflow/example_dags/example_datasets.py
[2023-06-29T23:48:04.314+0000] {processor.py:809} INFO - DAG(s) dict_keys(['dataset_consumes_1_and_2', 'dataset_consumes_1', 'dataset_consumes_unknown_never_scheduled', 'dataset_produces_1', 'dataset_produces_2', 'dataset_consumes_1_never_scheduled']) retrieved from /home/airflow/.local/lib/python3.7/site-packages/airflow/example_dags/example_datasets.py
[2023-06-29T23:48:04.367+0000] {logging_mixin.py:149} INFO - [2023-06-29T23:48:04.366+0000] {dag.py:2726} INFO - Sync 6 DAGs
[2023-06-29T23:48:04.409+0000] {logging_mixin.py:149} INFO - [2023-06-29T23:48:04.408+0000] {dag.py:3490} INFO - Setting next_dagrun for dataset_consumes_1 to None, run_after=None
[2023-06-29T23:48:04.413+0000] {logging_mixin.py:149} INFO - [2023-06-29T23:48:04.413+0000] {dag.py:3490} INFO - Setting next_dagrun for dataset_consumes_1_and_2 to None, run_after=None
[2023-06-29T23:48:04.414+0000] {logging_mixin.py:149} INFO - [2023-06-29T23:48:04.414+0000] {dag.py:3490} INFO - Setting next_dagrun for dataset_consumes_1_never_scheduled to None, run_after=None
[2023-06-29T23:48:04.416+0000] {logging_mixin.py:149} INFO - [2023-06-29T23:48:04.416+0000] {dag.py:3490} INFO - Setting next_dagrun for dataset_consumes_unknown_never_scheduled to None, run_after=None
[2023-06-29T23:48:04.419+0000] {logging_mixin.py:149} INFO - [2023-06-29T23:48:04.419+0000] {dag.py:3490} INFO - Setting next_dagrun for dataset_produces_1 to 2023-06-28T00:00:00+00:00, run_after=2023-06-29T00:00:00+00:00
[2023-06-29T23:48:04.421+0000] {logging_mixin.py:149} INFO - [2023-06-29T23:48:04.420+0000] {dag.py:3490} INFO - Setting next_dagrun for dataset_produces_2 to None, run_after=None
[2023-06-29T23:48:04.463+0000] {processor.py:178} INFO - Processing /home/airflow/.local/lib/python3.7/site-packages/airflow/example_dags/example_datasets.py took 0.167 seconds
[2023-06-29T23:48:34.701+0000] {processor.py:156} INFO - Started process (PID=210) to work on /home/airflow/.local/lib/python3.7/site-packages/airflow/example_dags/example_datasets.py
[2023-06-29T23:48:34.702+0000] {processor.py:799} INFO - Processing file /home/airflow/.local/lib/python3.7/site-packages/airflow/example_dags/example_datasets.py for tasks to queue
[2023-06-29T23:48:34.703+0000] {logging_mixin.py:149} INFO - [2023-06-29T23:48:34.703+0000] {dagbag.py:541} INFO - Filling up the DagBag from /home/airflow/.local/lib/python3.7/site-packages/airflow/example_dags/example_datasets.py
[2023-06-29T23:48:34.714+0000] {processor.py:809} INFO - DAG(s) dict_keys(['dataset_produces_1', 'dataset_consumes_1_and_2', 'dataset_produces_2', 'dataset_consumes_1_never_scheduled', 'dataset_consumes_1', 'dataset_consumes_unknown_never_scheduled']) retrieved from /home/airflow/.local/lib/python3.7/site-packages/airflow/example_dags/example_datasets.py
[2023-06-29T23:48:34.769+0000] {logging_mixin.py:149} INFO - [2023-06-29T23:48:34.769+0000] {dag.py:2726} INFO - Sync 6 DAGs
[2023-06-29T23:48:34.806+0000] {logging_mixin.py:149} INFO - [2023-06-29T23:48:34.806+0000] {dag.py:3490} INFO - Setting next_dagrun for dataset_consumes_1 to None, run_after=None
[2023-06-29T23:48:34.810+0000] {logging_mixin.py:149} INFO - [2023-06-29T23:48:34.810+0000] {dag.py:3490} INFO - Setting next_dagrun for dataset_consumes_1_and_2 to None, run_after=None
[2023-06-29T23:48:34.812+0000] {logging_mixin.py:149} INFO - [2023-06-29T23:48:34.811+0000] {dag.py:3490} INFO - Setting next_dagrun for dataset_consumes_1_never_scheduled to None, run_after=None
[2023-06-29T23:48:34.813+0000] {logging_mixin.py:149} INFO - [2023-06-29T23:48:34.813+0000] {dag.py:3490} INFO - Setting next_dagrun for dataset_consumes_unknown_never_scheduled to None, run_after=None
[2023-06-29T23:48:34.816+0000] {logging_mixin.py:149} INFO - [2023-06-29T23:48:34.816+0000] {dag.py:3490} INFO - Setting next_dagrun for dataset_produces_1 to 2023-06-28T00:00:00+00:00, run_after=2023-06-29T00:00:00+00:00
[2023-06-29T23:48:34.818+0000] {logging_mixin.py:149} INFO - [2023-06-29T23:48:34.817+0000] {dag.py:3490} INFO - Setting next_dagrun for dataset_produces_2 to None, run_after=None
[2023-06-29T23:48:34.858+0000] {processor.py:178} INFO - Processing /home/airflow/.local/lib/python3.7/site-packages/airflow/example_dags/example_datasets.py took 0.161 seconds
[2023-06-29T23:49:04.958+0000] {processor.py:156} INFO - Started process (PID=267) to work on /home/airflow/.local/lib/python3.7/site-packages/airflow/example_dags/example_datasets.py
[2023-06-29T23:49:04.960+0000] {processor.py:799} INFO - Processing file /home/airflow/.local/lib/python3.7/site-packages/airflow/example_dags/example_datasets.py for tasks to queue
[2023-06-29T23:49:04.961+0000] {logging_mixin.py:149} INFO - [2023-06-29T23:49:04.960+0000] {dagbag.py:541} INFO - Filling up the DagBag from /home/airflow/.local/lib/python3.7/site-packages/airflow/example_dags/example_datasets.py
[2023-06-29T23:49:04.972+0000] {processor.py:809} INFO - DAG(s) dict_keys(['dataset_produces_2', 'dataset_consumes_1_and_2', 'dataset_produces_1', 'dataset_consumes_1', 'dataset_consumes_unknown_never_scheduled', 'dataset_consumes_1_never_scheduled']) retrieved from /home/airflow/.local/lib/python3.7/site-packages/airflow/example_dags/example_datasets.py
[2023-06-29T23:49:05.020+0000] {logging_mixin.py:149} INFO - [2023-06-29T23:49:05.019+0000] {dag.py:2726} INFO - Sync 6 DAGs
[2023-06-29T23:49:05.056+0000] {logging_mixin.py:149} INFO - [2023-06-29T23:49:05.056+0000] {dag.py:3490} INFO - Setting next_dagrun for dataset_consumes_1 to None, run_after=None
[2023-06-29T23:49:05.060+0000] {logging_mixin.py:149} INFO - [2023-06-29T23:49:05.060+0000] {dag.py:3490} INFO - Setting next_dagrun for dataset_consumes_1_and_2 to None, run_after=None
[2023-06-29T23:49:05.062+0000] {logging_mixin.py:149} INFO - [2023-06-29T23:49:05.062+0000] {dag.py:3490} INFO - Setting next_dagrun for dataset_consumes_1_never_scheduled to None, run_after=None
[2023-06-29T23:49:05.063+0000] {logging_mixin.py:149} INFO - [2023-06-29T23:49:05.063+0000] {dag.py:3490} INFO - Setting next_dagrun for dataset_consumes_unknown_never_scheduled to None, run_after=None
[2023-06-29T23:49:05.066+0000] {logging_mixin.py:149} INFO - [2023-06-29T23:49:05.066+0000] {dag.py:3490} INFO - Setting next_dagrun for dataset_produces_1 to 2023-06-28T00:00:00+00:00, run_after=2023-06-29T00:00:00+00:00
[2023-06-29T23:49:05.068+0000] {logging_mixin.py:149} INFO - [2023-06-29T23:49:05.068+0000] {dag.py:3490} INFO - Setting next_dagrun for dataset_produces_2 to None, run_after=None
[2023-06-29T23:49:05.107+0000] {processor.py:178} INFO - Processing /home/airflow/.local/lib/python3.7/site-packages/airflow/example_dags/example_datasets.py took 0.153 seconds
[2023-06-29T23:49:35.426+0000] {processor.py:156} INFO - Started process (PID=325) to work on /home/airflow/.local/lib/python3.7/site-packages/airflow/example_dags/example_datasets.py
[2023-06-29T23:49:35.427+0000] {processor.py:799} INFO - Processing file /home/airflow/.local/lib/python3.7/site-packages/airflow/example_dags/example_datasets.py for tasks to queue
[2023-06-29T23:49:35.428+0000] {logging_mixin.py:149} INFO - [2023-06-29T23:49:35.428+0000] {dagbag.py:541} INFO - Filling up the DagBag from /home/airflow/.local/lib/python3.7/site-packages/airflow/example_dags/example_datasets.py
[2023-06-29T23:49:35.439+0000] {processor.py:809} INFO - DAG(s) dict_keys(['dataset_consumes_unknown_never_scheduled', 'dataset_produces_2', 'dataset_consumes_1_and_2', 'dataset_consumes_1_never_scheduled', 'dataset_consumes_1', 'dataset_produces_1']) retrieved from /home/airflow/.local/lib/python3.7/site-packages/airflow/example_dags/example_datasets.py
[2023-06-29T23:49:35.489+0000] {logging_mixin.py:149} INFO - [2023-06-29T23:49:35.488+0000] {dag.py:2726} INFO - Sync 6 DAGs
[2023-06-29T23:49:35.524+0000] {logging_mixin.py:149} INFO - [2023-06-29T23:49:35.524+0000] {dag.py:3490} INFO - Setting next_dagrun for dataset_consumes_1 to None, run_after=None
[2023-06-29T23:49:35.529+0000] {logging_mixin.py:149} INFO - [2023-06-29T23:49:35.529+0000] {dag.py:3490} INFO - Setting next_dagrun for dataset_consumes_1_and_2 to None, run_after=None
[2023-06-29T23:49:35.530+0000] {logging_mixin.py:149} INFO - [2023-06-29T23:49:35.530+0000] {dag.py:3490} INFO - Setting next_dagrun for dataset_consumes_1_never_scheduled to None, run_after=None
[2023-06-29T23:49:35.531+0000] {logging_mixin.py:149} INFO - [2023-06-29T23:49:35.531+0000] {dag.py:3490} INFO - Setting next_dagrun for dataset_consumes_unknown_never_scheduled to None, run_after=None
[2023-06-29T23:49:35.535+0000] {logging_mixin.py:149} INFO - [2023-06-29T23:49:35.535+0000] {dag.py:3490} INFO - Setting next_dagrun for dataset_produces_1 to 2023-06-28T00:00:00+00:00, run_after=2023-06-29T00:00:00+00:00
[2023-06-29T23:49:35.536+0000] {logging_mixin.py:149} INFO - [2023-06-29T23:49:35.536+0000] {dag.py:3490} INFO - Setting next_dagrun for dataset_produces_2 to None, run_after=None
[2023-06-29T23:49:35.578+0000] {processor.py:178} INFO - Processing /home/airflow/.local/lib/python3.7/site-packages/airflow/example_dags/example_datasets.py took 0.156 seconds
[2023-06-29T23:50:06.172+0000] {processor.py:156} INFO - Started process (PID=381) to work on /home/airflow/.local/lib/python3.7/site-packages/airflow/example_dags/example_datasets.py
[2023-06-29T23:50:06.174+0000] {processor.py:799} INFO - Processing file /home/airflow/.local/lib/python3.7/site-packages/airflow/example_dags/example_datasets.py for tasks to queue
[2023-06-29T23:50:06.174+0000] {logging_mixin.py:149} INFO - [2023-06-29T23:50:06.174+0000] {dagbag.py:541} INFO - Filling up the DagBag from /home/airflow/.local/lib/python3.7/site-packages/airflow/example_dags/example_datasets.py
[2023-06-29T23:50:06.186+0000] {processor.py:809} INFO - DAG(s) dict_keys(['dataset_produces_1', 'dataset_consumes_1_and_2', 'dataset_produces_2', 'dataset_consumes_1', 'dataset_consumes_1_never_scheduled', 'dataset_consumes_unknown_never_scheduled']) retrieved from /home/airflow/.local/lib/python3.7/site-packages/airflow/example_dags/example_datasets.py
[2023-06-29T23:50:06.240+0000] {logging_mixin.py:149} INFO - [2023-06-29T23:50:06.240+0000] {dag.py:2726} INFO - Sync 6 DAGs
[2023-06-29T23:50:06.281+0000] {logging_mixin.py:149} INFO - [2023-06-29T23:50:06.281+0000] {dag.py:3490} INFO - Setting next_dagrun for dataset_consumes_1 to None, run_after=None
[2023-06-29T23:50:06.285+0000] {logging_mixin.py:149} INFO - [2023-06-29T23:50:06.285+0000] {dag.py:3490} INFO - Setting next_dagrun for dataset_consumes_1_and_2 to None, run_after=None
[2023-06-29T23:50:06.286+0000] {logging_mixin.py:149} INFO - [2023-06-29T23:50:06.286+0000] {dag.py:3490} INFO - Setting next_dagrun for dataset_consumes_1_never_scheduled to None, run_after=None
[2023-06-29T23:50:06.288+0000] {logging_mixin.py:149} INFO - [2023-06-29T23:50:06.288+0000] {dag.py:3490} INFO - Setting next_dagrun for dataset_consumes_unknown_never_scheduled to None, run_after=None
[2023-06-29T23:50:06.291+0000] {logging_mixin.py:149} INFO - [2023-06-29T23:50:06.291+0000] {dag.py:3490} INFO - Setting next_dagrun for dataset_produces_1 to 2023-06-28T00:00:00+00:00, run_after=2023-06-29T00:00:00+00:00
[2023-06-29T23:50:06.293+0000] {logging_mixin.py:149} INFO - [2023-06-29T23:50:06.293+0000] {dag.py:3490} INFO - Setting next_dagrun for dataset_produces_2 to None, run_after=None
[2023-06-29T23:50:06.335+0000] {processor.py:178} INFO - Processing /home/airflow/.local/lib/python3.7/site-packages/airflow/example_dags/example_datasets.py took 0.167 seconds
[2023-06-29T23:50:36.704+0000] {processor.py:156} INFO - Started process (PID=438) to work on /home/airflow/.local/lib/python3.7/site-packages/airflow/example_dags/example_datasets.py
[2023-06-29T23:50:36.705+0000] {processor.py:799} INFO - Processing file /home/airflow/.local/lib/python3.7/site-packages/airflow/example_dags/example_datasets.py for tasks to queue
[2023-06-29T23:50:36.706+0000] {logging_mixin.py:149} INFO - [2023-06-29T23:50:36.705+0000] {dagbag.py:541} INFO - Filling up the DagBag from /home/airflow/.local/lib/python3.7/site-packages/airflow/example_dags/example_datasets.py
[2023-06-29T23:50:36.718+0000] {processor.py:809} INFO - DAG(s) dict_keys(['dataset_consumes_unknown_never_scheduled', 'dataset_produces_2', 'dataset_consumes_1_never_scheduled', 'dataset_consumes_1_and_2', 'dataset_produces_1', 'dataset_consumes_1']) retrieved from /home/airflow/.local/lib/python3.7/site-packages/airflow/example_dags/example_datasets.py
[2023-06-29T23:50:36.772+0000] {logging_mixin.py:149} INFO - [2023-06-29T23:50:36.772+0000] {dag.py:2726} INFO - Sync 6 DAGs
[2023-06-29T23:50:36.825+0000] {logging_mixin.py:149} INFO - [2023-06-29T23:50:36.825+0000] {dag.py:3490} INFO - Setting next_dagrun for dataset_consumes_1 to None, run_after=None
[2023-06-29T23:50:36.829+0000] {logging_mixin.py:149} INFO - [2023-06-29T23:50:36.829+0000] {dag.py:3490} INFO - Setting next_dagrun for dataset_consumes_1_and_2 to None, run_after=None
[2023-06-29T23:50:36.831+0000] {logging_mixin.py:149} INFO - [2023-06-29T23:50:36.831+0000] {dag.py:3490} INFO - Setting next_dagrun for dataset_consumes_1_never_scheduled to None, run_after=None
[2023-06-29T23:50:36.832+0000] {logging_mixin.py:149} INFO - [2023-06-29T23:50:36.832+0000] {dag.py:3490} INFO - Setting next_dagrun for dataset_consumes_unknown_never_scheduled to None, run_after=None
[2023-06-29T23:50:36.836+0000] {logging_mixin.py:149} INFO - [2023-06-29T23:50:36.835+0000] {dag.py:3490} INFO - Setting next_dagrun for dataset_produces_1 to 2023-06-28T00:00:00+00:00, run_after=2023-06-29T00:00:00+00:00
[2023-06-29T23:50:36.837+0000] {logging_mixin.py:149} INFO - [2023-06-29T23:50:36.837+0000] {dag.py:3490} INFO - Setting next_dagrun for dataset_produces_2 to None, run_after=None
[2023-06-29T23:50:36.888+0000] {processor.py:178} INFO - Processing /home/airflow/.local/lib/python3.7/site-packages/airflow/example_dags/example_datasets.py took 0.189 seconds
[2023-06-29T23:51:07.219+0000] {processor.py:156} INFO - Started process (PID=495) to work on /home/airflow/.local/lib/python3.7/site-packages/airflow/example_dags/example_datasets.py
[2023-06-29T23:51:07.227+0000] {processor.py:799} INFO - Processing file /home/airflow/.local/lib/python3.7/site-packages/airflow/example_dags/example_datasets.py for tasks to queue
[2023-06-29T23:51:07.228+0000] {logging_mixin.py:149} INFO - [2023-06-29T23:51:07.228+0000] {dagbag.py:541} INFO - Filling up the DagBag from /home/airflow/.local/lib/python3.7/site-packages/airflow/example_dags/example_datasets.py
[2023-06-29T23:51:07.246+0000] {processor.py:809} INFO - DAG(s) dict_keys(['dataset_produces_2', 'dataset_consumes_1_and_2', 'dataset_consumes_unknown_never_scheduled', 'dataset_consumes_1_never_scheduled', 'dataset_produces_1', 'dataset_consumes_1']) retrieved from /home/airflow/.local/lib/python3.7/site-packages/airflow/example_dags/example_datasets.py
[2023-06-29T23:51:07.327+0000] {logging_mixin.py:149} INFO - [2023-06-29T23:51:07.326+0000] {dag.py:2726} INFO - Sync 6 DAGs
[2023-06-29T23:51:07.384+0000] {logging_mixin.py:149} INFO - [2023-06-29T23:51:07.384+0000] {dag.py:3490} INFO - Setting next_dagrun for dataset_consumes_1 to None, run_after=None
[2023-06-29T23:51:07.395+0000] {logging_mixin.py:149} INFO - [2023-06-29T23:51:07.395+0000] {dag.py:3490} INFO - Setting next_dagrun for dataset_consumes_1_and_2 to None, run_after=None
[2023-06-29T23:51:07.400+0000] {logging_mixin.py:149} INFO - [2023-06-29T23:51:07.400+0000] {dag.py:3490} INFO - Setting next_dagrun for dataset_consumes_1_never_scheduled to None, run_after=None
[2023-06-29T23:51:07.403+0000] {logging_mixin.py:149} INFO - [2023-06-29T23:51:07.403+0000] {dag.py:3490} INFO - Setting next_dagrun for dataset_consumes_unknown_never_scheduled to None, run_after=None
[2023-06-29T23:51:07.409+0000] {logging_mixin.py:149} INFO - [2023-06-29T23:51:07.409+0000] {dag.py:3490} INFO - Setting next_dagrun for dataset_produces_1 to 2023-06-28T00:00:00+00:00, run_after=2023-06-29T00:00:00+00:00
[2023-06-29T23:51:07.417+0000] {logging_mixin.py:149} INFO - [2023-06-29T23:51:07.417+0000] {dag.py:3490} INFO - Setting next_dagrun for dataset_produces_2 to None, run_after=None
[2023-06-29T23:51:07.478+0000] {processor.py:178} INFO - Processing /home/airflow/.local/lib/python3.7/site-packages/airflow/example_dags/example_datasets.py took 0.270 seconds
[2023-06-29T23:51:38.250+0000] {processor.py:156} INFO - Started process (PID=552) to work on /home/airflow/.local/lib/python3.7/site-packages/airflow/example_dags/example_datasets.py
[2023-06-29T23:51:38.251+0000] {processor.py:799} INFO - Processing file /home/airflow/.local/lib/python3.7/site-packages/airflow/example_dags/example_datasets.py for tasks to queue
[2023-06-29T23:51:38.252+0000] {logging_mixin.py:149} INFO - [2023-06-29T23:51:38.252+0000] {dagbag.py:541} INFO - Filling up the DagBag from /home/airflow/.local/lib/python3.7/site-packages/airflow/example_dags/example_datasets.py
[2023-06-29T23:51:38.267+0000] {processor.py:809} INFO - DAG(s) dict_keys(['dataset_produces_1', 'dataset_consumes_1', 'dataset_consumes_1_never_scheduled', 'dataset_consumes_unknown_never_scheduled', 'dataset_produces_2', 'dataset_consumes_1_and_2']) retrieved from /home/airflow/.local/lib/python3.7/site-packages/airflow/example_dags/example_datasets.py
[2023-06-29T23:51:38.317+0000] {logging_mixin.py:149} INFO - [2023-06-29T23:51:38.317+0000] {dag.py:2726} INFO - Sync 6 DAGs
[2023-06-29T23:51:38.357+0000] {logging_mixin.py:149} INFO - [2023-06-29T23:51:38.357+0000] {dag.py:3490} INFO - Setting next_dagrun for dataset_consumes_1 to None, run_after=None
[2023-06-29T23:51:38.361+0000] {logging_mixin.py:149} INFO - [2023-06-29T23:51:38.361+0000] {dag.py:3490} INFO - Setting next_dagrun for dataset_consumes_1_and_2 to None, run_after=None
[2023-06-29T23:51:38.362+0000] {logging_mixin.py:149} INFO - [2023-06-29T23:51:38.362+0000] {dag.py:3490} INFO - Setting next_dagrun for dataset_consumes_1_never_scheduled to None, run_after=None
[2023-06-29T23:51:38.364+0000] {logging_mixin.py:149} INFO - [2023-06-29T23:51:38.364+0000] {dag.py:3490} INFO - Setting next_dagrun for dataset_consumes_unknown_never_scheduled to None, run_after=None
[2023-06-29T23:51:38.367+0000] {logging_mixin.py:149} INFO - [2023-06-29T23:51:38.367+0000] {dag.py:3490} INFO - Setting next_dagrun for dataset_produces_1 to 2023-06-28T00:00:00+00:00, run_after=2023-06-29T00:00:00+00:00
[2023-06-29T23:51:38.369+0000] {logging_mixin.py:149} INFO - [2023-06-29T23:51:38.369+0000] {dag.py:3490} INFO - Setting next_dagrun for dataset_produces_2 to None, run_after=None
[2023-06-29T23:51:38.410+0000] {processor.py:178} INFO - Processing /home/airflow/.local/lib/python3.7/site-packages/airflow/example_dags/example_datasets.py took 0.166 seconds
[2023-06-29T23:52:09.380+0000] {processor.py:156} INFO - Started process (PID=609) to work on /home/airflow/.local/lib/python3.7/site-packages/airflow/example_dags/example_datasets.py
[2023-06-29T23:52:09.382+0000] {processor.py:799} INFO - Processing file /home/airflow/.local/lib/python3.7/site-packages/airflow/example_dags/example_datasets.py for tasks to queue
[2023-06-29T23:52:09.383+0000] {logging_mixin.py:149} INFO - [2023-06-29T23:52:09.382+0000] {dagbag.py:541} INFO - Filling up the DagBag from /home/airflow/.local/lib/python3.7/site-packages/airflow/example_dags/example_datasets.py
[2023-06-29T23:52:09.398+0000] {processor.py:809} INFO - DAG(s) dict_keys(['dataset_consumes_1_and_2', 'dataset_produces_1', 'dataset_produces_2', 'dataset_consumes_1', 'dataset_consumes_1_never_scheduled', 'dataset_consumes_unknown_never_scheduled']) retrieved from /home/airflow/.local/lib/python3.7/site-packages/airflow/example_dags/example_datasets.py
[2023-06-29T23:52:09.469+0000] {logging_mixin.py:149} INFO - [2023-06-29T23:52:09.469+0000] {dag.py:2726} INFO - Sync 6 DAGs
[2023-06-29T23:52:09.525+0000] {logging_mixin.py:149} INFO - [2023-06-29T23:52:09.525+0000] {dag.py:3490} INFO - Setting next_dagrun for dataset_consumes_1 to None, run_after=None
[2023-06-29T23:52:09.530+0000] {logging_mixin.py:149} INFO - [2023-06-29T23:52:09.530+0000] {dag.py:3490} INFO - Setting next_dagrun for dataset_consumes_1_and_2 to None, run_after=None
[2023-06-29T23:52:09.532+0000] {logging_mixin.py:149} INFO - [2023-06-29T23:52:09.532+0000] {dag.py:3490} INFO - Setting next_dagrun for dataset_consumes_1_never_scheduled to None, run_after=None
[2023-06-29T23:52:09.533+0000] {logging_mixin.py:149} INFO - [2023-06-29T23:52:09.533+0000] {dag.py:3490} INFO - Setting next_dagrun for dataset_consumes_unknown_never_scheduled to None, run_after=None
[2023-06-29T23:52:09.537+0000] {logging_mixin.py:149} INFO - [2023-06-29T23:52:09.537+0000] {dag.py:3490} INFO - Setting next_dagrun for dataset_produces_1 to 2023-06-28T00:00:00+00:00, run_after=2023-06-29T00:00:00+00:00
[2023-06-29T23:52:09.539+0000] {logging_mixin.py:149} INFO - [2023-06-29T23:52:09.538+0000] {dag.py:3490} INFO - Setting next_dagrun for dataset_produces_2 to None, run_after=None
[2023-06-29T23:52:09.612+0000] {processor.py:178} INFO - Processing /home/airflow/.local/lib/python3.7/site-packages/airflow/example_dags/example_datasets.py took 0.237 seconds
[2023-06-29T23:52:40.111+0000] {processor.py:156} INFO - Started process (PID=666) to work on /home/airflow/.local/lib/python3.7/site-packages/airflow/example_dags/example_datasets.py
[2023-06-29T23:52:40.113+0000] {processor.py:799} INFO - Processing file /home/airflow/.local/lib/python3.7/site-packages/airflow/example_dags/example_datasets.py for tasks to queue
[2023-06-29T23:52:40.114+0000] {logging_mixin.py:149} INFO - [2023-06-29T23:52:40.114+0000] {dagbag.py:541} INFO - Filling up the DagBag from /home/airflow/.local/lib/python3.7/site-packages/airflow/example_dags/example_datasets.py
[2023-06-29T23:52:40.126+0000] {processor.py:809} INFO - DAG(s) dict_keys(['dataset_produces_2', 'dataset_produces_1', 'dataset_consumes_1_never_scheduled', 'dataset_consumes_1', 'dataset_consumes_1_and_2', 'dataset_consumes_unknown_never_scheduled']) retrieved from /home/airflow/.local/lib/python3.7/site-packages/airflow/example_dags/example_datasets.py
[2023-06-29T23:52:40.244+0000] {logging_mixin.py:149} INFO - [2023-06-29T23:52:40.236+0000] {dag.py:2726} INFO - Sync 6 DAGs
[2023-06-29T23:52:40.335+0000] {logging_mixin.py:149} INFO - [2023-06-29T23:52:40.335+0000] {dag.py:3490} INFO - Setting next_dagrun for dataset_consumes_1 to None, run_after=None
[2023-06-29T23:52:40.348+0000] {logging_mixin.py:149} INFO - [2023-06-29T23:52:40.348+0000] {dag.py:3490} INFO - Setting next_dagrun for dataset_consumes_1_and_2 to None, run_after=None
[2023-06-29T23:52:40.350+0000] {logging_mixin.py:149} INFO - [2023-06-29T23:52:40.350+0000] {dag.py:3490} INFO - Setting next_dagrun for dataset_consumes_1_never_scheduled to None, run_after=None
[2023-06-29T23:52:40.351+0000] {logging_mixin.py:149} INFO - [2023-06-29T23:52:40.351+0000] {dag.py:3490} INFO - Setting next_dagrun for dataset_consumes_unknown_never_scheduled to None, run_after=None
[2023-06-29T23:52:40.357+0000] {logging_mixin.py:149} INFO - [2023-06-29T23:52:40.356+0000] {dag.py:3490} INFO - Setting next_dagrun for dataset_produces_1 to 2023-06-28T00:00:00+00:00, run_after=2023-06-29T00:00:00+00:00
[2023-06-29T23:52:40.358+0000] {logging_mixin.py:149} INFO - [2023-06-29T23:52:40.358+0000] {dag.py:3490} INFO - Setting next_dagrun for dataset_produces_2 to None, run_after=None
[2023-06-29T23:52:40.446+0000] {processor.py:178} INFO - Processing /home/airflow/.local/lib/python3.7/site-packages/airflow/example_dags/example_datasets.py took 0.347 seconds
[2023-06-29T23:53:11.048+0000] {processor.py:156} INFO - Started process (PID=723) to work on /home/airflow/.local/lib/python3.7/site-packages/airflow/example_dags/example_datasets.py
[2023-06-29T23:53:11.049+0000] {processor.py:799} INFO - Processing file /home/airflow/.local/lib/python3.7/site-packages/airflow/example_dags/example_datasets.py for tasks to queue
[2023-06-29T23:53:11.049+0000] {logging_mixin.py:149} INFO - [2023-06-29T23:53:11.049+0000] {dagbag.py:541} INFO - Filling up the DagBag from /home/airflow/.local/lib/python3.7/site-packages/airflow/example_dags/example_datasets.py
[2023-06-29T23:53:11.070+0000] {processor.py:809} INFO - DAG(s) dict_keys(['dataset_consumes_1', 'dataset_produces_2', 'dataset_produces_1', 'dataset_consumes_1_and_2', 'dataset_consumes_1_never_scheduled', 'dataset_consumes_unknown_never_scheduled']) retrieved from /home/airflow/.local/lib/python3.7/site-packages/airflow/example_dags/example_datasets.py
[2023-06-29T23:53:11.191+0000] {logging_mixin.py:149} INFO - [2023-06-29T23:53:11.191+0000] {dag.py:2726} INFO - Sync 6 DAGs
[2023-06-29T23:53:11.292+0000] {logging_mixin.py:149} INFO - [2023-06-29T23:53:11.292+0000] {dag.py:3490} INFO - Setting next_dagrun for dataset_consumes_1 to None, run_after=None
[2023-06-29T23:53:11.303+0000] {logging_mixin.py:149} INFO - [2023-06-29T23:53:11.303+0000] {dag.py:3490} INFO - Setting next_dagrun for dataset_consumes_1_and_2 to None, run_after=None
[2023-06-29T23:53:11.315+0000] {logging_mixin.py:149} INFO - [2023-06-29T23:53:11.315+0000] {dag.py:3490} INFO - Setting next_dagrun for dataset_consumes_1_never_scheduled to None, run_after=None
[2023-06-29T23:53:11.316+0000] {logging_mixin.py:149} INFO - [2023-06-29T23:53:11.316+0000] {dag.py:3490} INFO - Setting next_dagrun for dataset_consumes_unknown_never_scheduled to None, run_after=None
[2023-06-29T23:53:11.320+0000] {logging_mixin.py:149} INFO - [2023-06-29T23:53:11.320+0000] {dag.py:3490} INFO - Setting next_dagrun for dataset_produces_1 to 2023-06-28T00:00:00+00:00, run_after=2023-06-29T00:00:00+00:00
[2023-06-29T23:53:11.321+0000] {logging_mixin.py:149} INFO - [2023-06-29T23:53:11.321+0000] {dag.py:3490} INFO - Setting next_dagrun for dataset_produces_2 to None, run_after=None
[2023-06-29T23:53:11.365+0000] {processor.py:178} INFO - Processing /home/airflow/.local/lib/python3.7/site-packages/airflow/example_dags/example_datasets.py took 0.334 seconds
[2023-06-29T23:53:41.749+0000] {processor.py:156} INFO - Started process (PID=781) to work on /home/airflow/.local/lib/python3.7/site-packages/airflow/example_dags/example_datasets.py
[2023-06-29T23:53:41.755+0000] {processor.py:799} INFO - Processing file /home/airflow/.local/lib/python3.7/site-packages/airflow/example_dags/example_datasets.py for tasks to queue
[2023-06-29T23:53:41.756+0000] {logging_mixin.py:149} INFO - [2023-06-29T23:53:41.756+0000] {dagbag.py:541} INFO - Filling up the DagBag from /home/airflow/.local/lib/python3.7/site-packages/airflow/example_dags/example_datasets.py
[2023-06-29T23:53:41.779+0000] {processor.py:809} INFO - DAG(s) dict_keys(['dataset_consumes_unknown_never_scheduled', 'dataset_consumes_1', 'dataset_produces_2', 'dataset_consumes_1_and_2', 'dataset_consumes_1_never_scheduled', 'dataset_produces_1']) retrieved from /home/airflow/.local/lib/python3.7/site-packages/airflow/example_dags/example_datasets.py
[2023-06-29T23:53:41.850+0000] {logging_mixin.py:149} INFO - [2023-06-29T23:53:41.850+0000] {dag.py:2726} INFO - Sync 6 DAGs
[2023-06-29T23:53:41.886+0000] {logging_mixin.py:149} INFO - [2023-06-29T23:53:41.886+0000] {dag.py:3490} INFO - Setting next_dagrun for dataset_consumes_1 to None, run_after=None
[2023-06-29T23:53:41.890+0000] {logging_mixin.py:149} INFO - [2023-06-29T23:53:41.890+0000] {dag.py:3490} INFO - Setting next_dagrun for dataset_consumes_1_and_2 to None, run_after=None
[2023-06-29T23:53:41.892+0000] {logging_mixin.py:149} INFO - [2023-06-29T23:53:41.891+0000] {dag.py:3490} INFO - Setting next_dagrun for dataset_consumes_1_never_scheduled to None, run_after=None
[2023-06-29T23:53:41.893+0000] {logging_mixin.py:149} INFO - [2023-06-29T23:53:41.893+0000] {dag.py:3490} INFO - Setting next_dagrun for dataset_consumes_unknown_never_scheduled to None, run_after=None
[2023-06-29T23:53:41.896+0000] {logging_mixin.py:149} INFO - [2023-06-29T23:53:41.896+0000] {dag.py:3490} INFO - Setting next_dagrun for dataset_produces_1 to 2023-06-28T00:00:00+00:00, run_after=2023-06-29T00:00:00+00:00
[2023-06-29T23:53:41.898+0000] {logging_mixin.py:149} INFO - [2023-06-29T23:53:41.897+0000] {dag.py:3490} INFO - Setting next_dagrun for dataset_produces_2 to None, run_after=None
[2023-06-29T23:53:41.938+0000] {processor.py:178} INFO - Processing /home/airflow/.local/lib/python3.7/site-packages/airflow/example_dags/example_datasets.py took 0.215 seconds
[2023-06-29T23:54:11.989+0000] {processor.py:156} INFO - Started process (PID=838) to work on /home/airflow/.local/lib/python3.7/site-packages/airflow/example_dags/example_datasets.py
[2023-06-29T23:54:11.990+0000] {processor.py:799} INFO - Processing file /home/airflow/.local/lib/python3.7/site-packages/airflow/example_dags/example_datasets.py for tasks to queue
[2023-06-29T23:54:11.991+0000] {logging_mixin.py:149} INFO - [2023-06-29T23:54:11.990+0000] {dagbag.py:541} INFO - Filling up the DagBag from /home/airflow/.local/lib/python3.7/site-packages/airflow/example_dags/example_datasets.py
[2023-06-29T23:54:12.003+0000] {processor.py:809} INFO - DAG(s) dict_keys(['dataset_consumes_1_never_scheduled', 'dataset_consumes_1', 'dataset_consumes_unknown_never_scheduled', 'dataset_produces_2', 'dataset_consumes_1_and_2', 'dataset_produces_1']) retrieved from /home/airflow/.local/lib/python3.7/site-packages/airflow/example_dags/example_datasets.py
[2023-06-29T23:54:12.055+0000] {logging_mixin.py:149} INFO - [2023-06-29T23:54:12.054+0000] {dag.py:2726} INFO - Sync 6 DAGs
[2023-06-29T23:54:12.090+0000] {logging_mixin.py:149} INFO - [2023-06-29T23:54:12.090+0000] {dag.py:3490} INFO - Setting next_dagrun for dataset_consumes_1 to None, run_after=None
[2023-06-29T23:54:12.095+0000] {logging_mixin.py:149} INFO - [2023-06-29T23:54:12.094+0000] {dag.py:3490} INFO - Setting next_dagrun for dataset_consumes_1_and_2 to None, run_after=None
[2023-06-29T23:54:12.096+0000] {logging_mixin.py:149} INFO - [2023-06-29T23:54:12.096+0000] {dag.py:3490} INFO - Setting next_dagrun for dataset_consumes_1_never_scheduled to None, run_after=None
[2023-06-29T23:54:12.098+0000] {logging_mixin.py:149} INFO - [2023-06-29T23:54:12.097+0000] {dag.py:3490} INFO - Setting next_dagrun for dataset_consumes_unknown_never_scheduled to None, run_after=None
[2023-06-29T23:54:12.101+0000] {logging_mixin.py:149} INFO - [2023-06-29T23:54:12.101+0000] {dag.py:3490} INFO - Setting next_dagrun for dataset_produces_1 to 2023-06-28T00:00:00+00:00, run_after=2023-06-29T00:00:00+00:00
[2023-06-29T23:54:12.103+0000] {logging_mixin.py:149} INFO - [2023-06-29T23:54:12.103+0000] {dag.py:3490} INFO - Setting next_dagrun for dataset_produces_2 to None, run_after=None
[2023-06-29T23:54:12.147+0000] {processor.py:178} INFO - Processing /home/airflow/.local/lib/python3.7/site-packages/airflow/example_dags/example_datasets.py took 0.162 seconds
[2023-06-29T23:54:42.298+0000] {processor.py:156} INFO - Started process (PID=895) to work on /home/airflow/.local/lib/python3.7/site-packages/airflow/example_dags/example_datasets.py
[2023-06-29T23:54:42.300+0000] {processor.py:799} INFO - Processing file /home/airflow/.local/lib/python3.7/site-packages/airflow/example_dags/example_datasets.py for tasks to queue
[2023-06-29T23:54:42.301+0000] {logging_mixin.py:149} INFO - [2023-06-29T23:54:42.301+0000] {dagbag.py:541} INFO - Filling up the DagBag from /home/airflow/.local/lib/python3.7/site-packages/airflow/example_dags/example_datasets.py
[2023-06-29T23:54:42.314+0000] {processor.py:809} INFO - DAG(s) dict_keys(['dataset_consumes_1_never_scheduled', 'dataset_consumes_unknown_never_scheduled', 'dataset_produces_2', 'dataset_consumes_1_and_2', 'dataset_consumes_1', 'dataset_produces_1']) retrieved from /home/airflow/.local/lib/python3.7/site-packages/airflow/example_dags/example_datasets.py
[2023-06-29T23:54:42.372+0000] {logging_mixin.py:149} INFO - [2023-06-29T23:54:42.372+0000] {dag.py:2726} INFO - Sync 6 DAGs
[2023-06-29T23:54:42.422+0000] {logging_mixin.py:149} INFO - [2023-06-29T23:54:42.422+0000] {dag.py:3490} INFO - Setting next_dagrun for dataset_consumes_1 to None, run_after=None
[2023-06-29T23:54:42.426+0000] {logging_mixin.py:149} INFO - [2023-06-29T23:54:42.426+0000] {dag.py:3490} INFO - Setting next_dagrun for dataset_consumes_1_and_2 to None, run_after=None
[2023-06-29T23:54:42.428+0000] {logging_mixin.py:149} INFO - [2023-06-29T23:54:42.428+0000] {dag.py:3490} INFO - Setting next_dagrun for dataset_consumes_1_never_scheduled to None, run_after=None
[2023-06-29T23:54:42.429+0000] {logging_mixin.py:149} INFO - [2023-06-29T23:54:42.429+0000] {dag.py:3490} INFO - Setting next_dagrun for dataset_consumes_unknown_never_scheduled to None, run_after=None
[2023-06-29T23:54:42.432+0000] {logging_mixin.py:149} INFO - [2023-06-29T23:54:42.432+0000] {dag.py:3490} INFO - Setting next_dagrun for dataset_produces_1 to 2023-06-28T00:00:00+00:00, run_after=2023-06-29T00:00:00+00:00
[2023-06-29T23:54:42.434+0000] {logging_mixin.py:149} INFO - [2023-06-29T23:54:42.434+0000] {dag.py:3490} INFO - Setting next_dagrun for dataset_produces_2 to None, run_after=None
[2023-06-29T23:54:42.477+0000] {processor.py:178} INFO - Processing /home/airflow/.local/lib/python3.7/site-packages/airflow/example_dags/example_datasets.py took 0.183 seconds
[2023-06-29T23:55:12.576+0000] {processor.py:156} INFO - Started process (PID=951) to work on /home/airflow/.local/lib/python3.7/site-packages/airflow/example_dags/example_datasets.py
[2023-06-29T23:55:12.577+0000] {processor.py:799} INFO - Processing file /home/airflow/.local/lib/python3.7/site-packages/airflow/example_dags/example_datasets.py for tasks to queue
[2023-06-29T23:55:12.578+0000] {logging_mixin.py:149} INFO - [2023-06-29T23:55:12.578+0000] {dagbag.py:541} INFO - Filling up the DagBag from /home/airflow/.local/lib/python3.7/site-packages/airflow/example_dags/example_datasets.py
[2023-06-29T23:55:12.590+0000] {processor.py:809} INFO - DAG(s) dict_keys(['dataset_consumes_1', 'dataset_produces_2', 'dataset_consumes_1_and_2', 'dataset_consumes_unknown_never_scheduled', 'dataset_produces_1', 'dataset_consumes_1_never_scheduled']) retrieved from /home/airflow/.local/lib/python3.7/site-packages/airflow/example_dags/example_datasets.py
[2023-06-29T23:55:12.644+0000] {logging_mixin.py:149} INFO - [2023-06-29T23:55:12.644+0000] {dag.py:2726} INFO - Sync 6 DAGs
[2023-06-29T23:55:12.679+0000] {logging_mixin.py:149} INFO - [2023-06-29T23:55:12.678+0000] {dag.py:3490} INFO - Setting next_dagrun for dataset_consumes_1 to None, run_after=None
[2023-06-29T23:55:12.683+0000] {logging_mixin.py:149} INFO - [2023-06-29T23:55:12.683+0000] {dag.py:3490} INFO - Setting next_dagrun for dataset_consumes_1_and_2 to None, run_after=None
[2023-06-29T23:55:12.684+0000] {logging_mixin.py:149} INFO - [2023-06-29T23:55:12.684+0000] {dag.py:3490} INFO - Setting next_dagrun for dataset_consumes_1_never_scheduled to None, run_after=None
[2023-06-29T23:55:12.686+0000] {logging_mixin.py:149} INFO - [2023-06-29T23:55:12.686+0000] {dag.py:3490} INFO - Setting next_dagrun for dataset_consumes_unknown_never_scheduled to None, run_after=None
[2023-06-29T23:55:12.689+0000] {logging_mixin.py:149} INFO - [2023-06-29T23:55:12.689+0000] {dag.py:3490} INFO - Setting next_dagrun for dataset_produces_1 to 2023-06-28T00:00:00+00:00, run_after=2023-06-29T00:00:00+00:00
[2023-06-29T23:55:12.691+0000] {logging_mixin.py:149} INFO - [2023-06-29T23:55:12.691+0000] {dag.py:3490} INFO - Setting next_dagrun for dataset_produces_2 to None, run_after=None
[2023-06-29T23:55:12.738+0000] {processor.py:178} INFO - Processing /home/airflow/.local/lib/python3.7/site-packages/airflow/example_dags/example_datasets.py took 0.167 seconds
[2023-06-29T23:55:43.052+0000] {processor.py:156} INFO - Started process (PID=1007) to work on /home/airflow/.local/lib/python3.7/site-packages/airflow/example_dags/example_datasets.py
[2023-06-29T23:55:43.065+0000] {processor.py:799} INFO - Processing file /home/airflow/.local/lib/python3.7/site-packages/airflow/example_dags/example_datasets.py for tasks to queue
[2023-06-29T23:55:43.066+0000] {logging_mixin.py:149} INFO - [2023-06-29T23:55:43.066+0000] {dagbag.py:541} INFO - Filling up the DagBag from /home/airflow/.local/lib/python3.7/site-packages/airflow/example_dags/example_datasets.py
[2023-06-29T23:55:43.084+0000] {processor.py:809} INFO - DAG(s) dict_keys(['dataset_produces_1', 'dataset_consumes_1', 'dataset_consumes_1_and_2', 'dataset_consumes_1_never_scheduled', 'dataset_consumes_unknown_never_scheduled', 'dataset_produces_2']) retrieved from /home/airflow/.local/lib/python3.7/site-packages/airflow/example_dags/example_datasets.py
[2023-06-29T23:55:43.145+0000] {logging_mixin.py:149} INFO - [2023-06-29T23:55:43.145+0000] {dag.py:2726} INFO - Sync 6 DAGs
[2023-06-29T23:55:43.190+0000] {logging_mixin.py:149} INFO - [2023-06-29T23:55:43.190+0000] {dag.py:3490} INFO - Setting next_dagrun for dataset_consumes_1 to None, run_after=None
[2023-06-29T23:55:43.195+0000] {logging_mixin.py:149} INFO - [2023-06-29T23:55:43.195+0000] {dag.py:3490} INFO - Setting next_dagrun for dataset_consumes_1_and_2 to None, run_after=None
[2023-06-29T23:55:43.197+0000] {logging_mixin.py:149} INFO - [2023-06-29T23:55:43.197+0000] {dag.py:3490} INFO - Setting next_dagrun for dataset_consumes_1_never_scheduled to None, run_after=None
[2023-06-29T23:55:43.199+0000] {logging_mixin.py:149} INFO - [2023-06-29T23:55:43.199+0000] {dag.py:3490} INFO - Setting next_dagrun for dataset_consumes_unknown_never_scheduled to None, run_after=None
[2023-06-29T23:55:43.203+0000] {logging_mixin.py:149} INFO - [2023-06-29T23:55:43.203+0000] {dag.py:3490} INFO - Setting next_dagrun for dataset_produces_1 to 2023-06-28T00:00:00+00:00, run_after=2023-06-29T00:00:00+00:00
[2023-06-29T23:55:43.204+0000] {logging_mixin.py:149} INFO - [2023-06-29T23:55:43.204+0000] {dag.py:3490} INFO - Setting next_dagrun for dataset_produces_2 to None, run_after=None
[2023-06-29T23:55:43.281+0000] {processor.py:178} INFO - Processing /home/airflow/.local/lib/python3.7/site-packages/airflow/example_dags/example_datasets.py took 0.234 seconds
[2023-06-29T23:56:13.813+0000] {processor.py:156} INFO - Started process (PID=1063) to work on /home/airflow/.local/lib/python3.7/site-packages/airflow/example_dags/example_datasets.py
[2023-06-29T23:56:13.825+0000] {processor.py:799} INFO - Processing file /home/airflow/.local/lib/python3.7/site-packages/airflow/example_dags/example_datasets.py for tasks to queue
[2023-06-29T23:56:13.826+0000] {logging_mixin.py:149} INFO - [2023-06-29T23:56:13.826+0000] {dagbag.py:541} INFO - Filling up the DagBag from /home/airflow/.local/lib/python3.7/site-packages/airflow/example_dags/example_datasets.py
[2023-06-29T23:56:13.839+0000] {processor.py:809} INFO - DAG(s) dict_keys(['dataset_consumes_1_never_scheduled', 'dataset_produces_2', 'dataset_consumes_1_and_2', 'dataset_consumes_1', 'dataset_produces_1', 'dataset_consumes_unknown_never_scheduled']) retrieved from /home/airflow/.local/lib/python3.7/site-packages/airflow/example_dags/example_datasets.py
[2023-06-29T23:56:13.892+0000] {logging_mixin.py:149} INFO - [2023-06-29T23:56:13.892+0000] {dag.py:2726} INFO - Sync 6 DAGs
[2023-06-29T23:56:13.930+0000] {logging_mixin.py:149} INFO - [2023-06-29T23:56:13.930+0000] {dag.py:3490} INFO - Setting next_dagrun for dataset_consumes_1 to None, run_after=None
[2023-06-29T23:56:13.936+0000] {logging_mixin.py:149} INFO - [2023-06-29T23:56:13.936+0000] {dag.py:3490} INFO - Setting next_dagrun for dataset_consumes_1_and_2 to None, run_after=None
[2023-06-29T23:56:13.938+0000] {logging_mixin.py:149} INFO - [2023-06-29T23:56:13.938+0000] {dag.py:3490} INFO - Setting next_dagrun for dataset_consumes_1_never_scheduled to None, run_after=None
[2023-06-29T23:56:13.939+0000] {logging_mixin.py:149} INFO - [2023-06-29T23:56:13.939+0000] {dag.py:3490} INFO - Setting next_dagrun for dataset_consumes_unknown_never_scheduled to None, run_after=None
[2023-06-29T23:56:13.943+0000] {logging_mixin.py:149} INFO - [2023-06-29T23:56:13.943+0000] {dag.py:3490} INFO - Setting next_dagrun for dataset_produces_1 to 2023-06-28T00:00:00+00:00, run_after=2023-06-29T00:00:00+00:00
[2023-06-29T23:56:13.956+0000] {logging_mixin.py:149} INFO - [2023-06-29T23:56:13.956+0000] {dag.py:3490} INFO - Setting next_dagrun for dataset_produces_2 to None, run_after=None
[2023-06-29T23:56:14.037+0000] {processor.py:178} INFO - Processing /home/airflow/.local/lib/python3.7/site-packages/airflow/example_dags/example_datasets.py took 0.228 seconds
[2023-06-29T23:56:44.303+0000] {processor.py:156} INFO - Started process (PID=1120) to work on /home/airflow/.local/lib/python3.7/site-packages/airflow/example_dags/example_datasets.py
[2023-06-29T23:56:44.304+0000] {processor.py:799} INFO - Processing file /home/airflow/.local/lib/python3.7/site-packages/airflow/example_dags/example_datasets.py for tasks to queue
[2023-06-29T23:56:44.305+0000] {logging_mixin.py:149} INFO - [2023-06-29T23:56:44.305+0000] {dagbag.py:541} INFO - Filling up the DagBag from /home/airflow/.local/lib/python3.7/site-packages/airflow/example_dags/example_datasets.py
[2023-06-29T23:56:44.320+0000] {processor.py:809} INFO - DAG(s) dict_keys(['dataset_consumes_1_never_scheduled', 'dataset_consumes_unknown_never_scheduled', 'dataset_produces_2', 'dataset_produces_1', 'dataset_consumes_1', 'dataset_consumes_1_and_2']) retrieved from /home/airflow/.local/lib/python3.7/site-packages/airflow/example_dags/example_datasets.py
[2023-06-29T23:56:44.457+0000] {logging_mixin.py:149} INFO - [2023-06-29T23:56:44.457+0000] {dag.py:2726} INFO - Sync 6 DAGs
[2023-06-29T23:56:44.547+0000] {logging_mixin.py:149} INFO - [2023-06-29T23:56:44.546+0000] {dag.py:3490} INFO - Setting next_dagrun for dataset_consumes_1 to None, run_after=None
[2023-06-29T23:56:44.556+0000] {logging_mixin.py:149} INFO - [2023-06-29T23:56:44.556+0000] {dag.py:3490} INFO - Setting next_dagrun for dataset_consumes_1_and_2 to None, run_after=None
[2023-06-29T23:56:44.561+0000] {logging_mixin.py:149} INFO - [2023-06-29T23:56:44.561+0000] {dag.py:3490} INFO - Setting next_dagrun for dataset_consumes_1_never_scheduled to None, run_after=None
[2023-06-29T23:56:44.572+0000] {logging_mixin.py:149} INFO - [2023-06-29T23:56:44.562+0000] {dag.py:3490} INFO - Setting next_dagrun for dataset_consumes_unknown_never_scheduled to None, run_after=None
[2023-06-29T23:56:44.581+0000] {logging_mixin.py:149} INFO - [2023-06-29T23:56:44.580+0000] {dag.py:3490} INFO - Setting next_dagrun for dataset_produces_1 to 2023-06-28T00:00:00+00:00, run_after=2023-06-29T00:00:00+00:00
[2023-06-29T23:56:44.586+0000] {logging_mixin.py:149} INFO - [2023-06-29T23:56:44.586+0000] {dag.py:3490} INFO - Setting next_dagrun for dataset_produces_2 to None, run_after=None
[2023-06-29T23:56:44.654+0000] {processor.py:178} INFO - Processing /home/airflow/.local/lib/python3.7/site-packages/airflow/example_dags/example_datasets.py took 0.359 seconds
[2023-06-29T23:57:15.464+0000] {processor.py:156} INFO - Started process (PID=1177) to work on /home/airflow/.local/lib/python3.7/site-packages/airflow/example_dags/example_datasets.py
[2023-06-29T23:57:15.475+0000] {processor.py:799} INFO - Processing file /home/airflow/.local/lib/python3.7/site-packages/airflow/example_dags/example_datasets.py for tasks to queue
[2023-06-29T23:57:15.476+0000] {logging_mixin.py:149} INFO - [2023-06-29T23:57:15.476+0000] {dagbag.py:541} INFO - Filling up the DagBag from /home/airflow/.local/lib/python3.7/site-packages/airflow/example_dags/example_datasets.py
[2023-06-29T23:57:15.497+0000] {processor.py:809} INFO - DAG(s) dict_keys(['dataset_consumes_1_and_2', 'dataset_produces_1', 'dataset_produces_2', 'dataset_consumes_1', 'dataset_consumes_1_never_scheduled', 'dataset_consumes_unknown_never_scheduled']) retrieved from /home/airflow/.local/lib/python3.7/site-packages/airflow/example_dags/example_datasets.py
[2023-06-29T23:57:15.615+0000] {logging_mixin.py:149} INFO - [2023-06-29T23:57:15.615+0000] {dag.py:2726} INFO - Sync 6 DAGs
[2023-06-29T23:57:15.694+0000] {logging_mixin.py:149} INFO - [2023-06-29T23:57:15.694+0000] {dag.py:3490} INFO - Setting next_dagrun for dataset_consumes_1 to None, run_after=None
[2023-06-29T23:57:15.703+0000] {logging_mixin.py:149} INFO - [2023-06-29T23:57:15.703+0000] {dag.py:3490} INFO - Setting next_dagrun for dataset_consumes_1_and_2 to None, run_after=None
[2023-06-29T23:57:15.711+0000] {logging_mixin.py:149} INFO - [2023-06-29T23:57:15.711+0000] {dag.py:3490} INFO - Setting next_dagrun for dataset_consumes_1_never_scheduled to None, run_after=None
[2023-06-29T23:57:15.713+0000] {logging_mixin.py:149} INFO - [2023-06-29T23:57:15.712+0000] {dag.py:3490} INFO - Setting next_dagrun for dataset_consumes_unknown_never_scheduled to None, run_after=None
[2023-06-29T23:57:15.718+0000] {logging_mixin.py:149} INFO - [2023-06-29T23:57:15.718+0000] {dag.py:3490} INFO - Setting next_dagrun for dataset_produces_1 to 2023-06-28T00:00:00+00:00, run_after=2023-06-29T00:00:00+00:00
[2023-06-29T23:57:15.720+0000] {logging_mixin.py:149} INFO - [2023-06-29T23:57:15.720+0000] {dag.py:3490} INFO - Setting next_dagrun for dataset_produces_2 to None, run_after=None
[2023-06-29T23:57:15.771+0000] {processor.py:178} INFO - Processing /home/airflow/.local/lib/python3.7/site-packages/airflow/example_dags/example_datasets.py took 0.313 seconds
[2023-06-29T23:57:45.865+0000] {processor.py:156} INFO - Started process (PID=1235) to work on /home/airflow/.local/lib/python3.7/site-packages/airflow/example_dags/example_datasets.py
[2023-06-29T23:57:45.866+0000] {processor.py:799} INFO - Processing file /home/airflow/.local/lib/python3.7/site-packages/airflow/example_dags/example_datasets.py for tasks to queue
[2023-06-29T23:57:45.867+0000] {logging_mixin.py:149} INFO - [2023-06-29T23:57:45.867+0000] {dagbag.py:541} INFO - Filling up the DagBag from /home/airflow/.local/lib/python3.7/site-packages/airflow/example_dags/example_datasets.py
[2023-06-29T23:57:45.879+0000] {processor.py:809} INFO - DAG(s) dict_keys(['dataset_consumes_unknown_never_scheduled', 'dataset_produces_2', 'dataset_consumes_1_and_2', 'dataset_consumes_1_never_scheduled', 'dataset_consumes_1', 'dataset_produces_1']) retrieved from /home/airflow/.local/lib/python3.7/site-packages/airflow/example_dags/example_datasets.py
[2023-06-29T23:57:45.934+0000] {logging_mixin.py:149} INFO - [2023-06-29T23:57:45.933+0000] {dag.py:2726} INFO - Sync 6 DAGs
[2023-06-29T23:57:45.971+0000] {logging_mixin.py:149} INFO - [2023-06-29T23:57:45.971+0000] {dag.py:3490} INFO - Setting next_dagrun for dataset_consumes_1 to None, run_after=None
[2023-06-29T23:57:45.975+0000] {logging_mixin.py:149} INFO - [2023-06-29T23:57:45.975+0000] {dag.py:3490} INFO - Setting next_dagrun for dataset_consumes_1_and_2 to None, run_after=None
[2023-06-29T23:57:45.976+0000] {logging_mixin.py:149} INFO - [2023-06-29T23:57:45.976+0000] {dag.py:3490} INFO - Setting next_dagrun for dataset_consumes_1_never_scheduled to None, run_after=None
[2023-06-29T23:57:45.978+0000] {logging_mixin.py:149} INFO - [2023-06-29T23:57:45.978+0000] {dag.py:3490} INFO - Setting next_dagrun for dataset_consumes_unknown_never_scheduled to None, run_after=None
[2023-06-29T23:57:45.981+0000] {logging_mixin.py:149} INFO - [2023-06-29T23:57:45.981+0000] {dag.py:3490} INFO - Setting next_dagrun for dataset_produces_1 to 2023-06-28T00:00:00+00:00, run_after=2023-06-29T00:00:00+00:00
[2023-06-29T23:57:45.983+0000] {logging_mixin.py:149} INFO - [2023-06-29T23:57:45.983+0000] {dag.py:3490} INFO - Setting next_dagrun for dataset_produces_2 to None, run_after=None
[2023-06-29T23:57:46.024+0000] {processor.py:178} INFO - Processing /home/airflow/.local/lib/python3.7/site-packages/airflow/example_dags/example_datasets.py took 0.164 seconds
[2023-06-29T23:58:16.133+0000] {processor.py:156} INFO - Started process (PID=1291) to work on /home/airflow/.local/lib/python3.7/site-packages/airflow/example_dags/example_datasets.py
[2023-06-29T23:58:16.134+0000] {processor.py:799} INFO - Processing file /home/airflow/.local/lib/python3.7/site-packages/airflow/example_dags/example_datasets.py for tasks to queue
[2023-06-29T23:58:16.135+0000] {logging_mixin.py:149} INFO - [2023-06-29T23:58:16.135+0000] {dagbag.py:541} INFO - Filling up the DagBag from /home/airflow/.local/lib/python3.7/site-packages/airflow/example_dags/example_datasets.py
[2023-06-29T23:58:16.148+0000] {processor.py:809} INFO - DAG(s) dict_keys(['dataset_consumes_1_and_2', 'dataset_produces_2', 'dataset_produces_1', 'dataset_consumes_1', 'dataset_consumes_1_never_scheduled', 'dataset_consumes_unknown_never_scheduled']) retrieved from /home/airflow/.local/lib/python3.7/site-packages/airflow/example_dags/example_datasets.py
[2023-06-29T23:58:16.222+0000] {logging_mixin.py:149} INFO - [2023-06-29T23:58:16.222+0000] {dag.py:2726} INFO - Sync 6 DAGs
[2023-06-29T23:58:16.258+0000] {logging_mixin.py:149} INFO - [2023-06-29T23:58:16.258+0000] {dag.py:3490} INFO - Setting next_dagrun for dataset_consumes_1 to None, run_after=None
[2023-06-29T23:58:16.262+0000] {logging_mixin.py:149} INFO - [2023-06-29T23:58:16.262+0000] {dag.py:3490} INFO - Setting next_dagrun for dataset_consumes_1_and_2 to None, run_after=None
[2023-06-29T23:58:16.263+0000] {logging_mixin.py:149} INFO - [2023-06-29T23:58:16.263+0000] {dag.py:3490} INFO - Setting next_dagrun for dataset_consumes_1_never_scheduled to None, run_after=None
[2023-06-29T23:58:16.265+0000] {logging_mixin.py:149} INFO - [2023-06-29T23:58:16.264+0000] {dag.py:3490} INFO - Setting next_dagrun for dataset_consumes_unknown_never_scheduled to None, run_after=None
[2023-06-29T23:58:16.268+0000] {logging_mixin.py:149} INFO - [2023-06-29T23:58:16.268+0000] {dag.py:3490} INFO - Setting next_dagrun for dataset_produces_1 to 2023-06-28T00:00:00+00:00, run_after=2023-06-29T00:00:00+00:00
[2023-06-29T23:58:16.270+0000] {logging_mixin.py:149} INFO - [2023-06-29T23:58:16.270+0000] {dag.py:3490} INFO - Setting next_dagrun for dataset_produces_2 to None, run_after=None
[2023-06-29T23:58:16.311+0000] {processor.py:178} INFO - Processing /home/airflow/.local/lib/python3.7/site-packages/airflow/example_dags/example_datasets.py took 0.183 seconds
[2023-06-29T23:58:46.801+0000] {processor.py:156} INFO - Started process (PID=1348) to work on /home/airflow/.local/lib/python3.7/site-packages/airflow/example_dags/example_datasets.py
[2023-06-29T23:58:46.802+0000] {processor.py:799} INFO - Processing file /home/airflow/.local/lib/python3.7/site-packages/airflow/example_dags/example_datasets.py for tasks to queue
[2023-06-29T23:58:46.803+0000] {logging_mixin.py:149} INFO - [2023-06-29T23:58:46.803+0000] {dagbag.py:541} INFO - Filling up the DagBag from /home/airflow/.local/lib/python3.7/site-packages/airflow/example_dags/example_datasets.py
[2023-06-29T23:58:46.816+0000] {processor.py:809} INFO - DAG(s) dict_keys(['dataset_consumes_1', 'dataset_consumes_1_never_scheduled', 'dataset_produces_2', 'dataset_consumes_1_and_2', 'dataset_produces_1', 'dataset_consumes_unknown_never_scheduled']) retrieved from /home/airflow/.local/lib/python3.7/site-packages/airflow/example_dags/example_datasets.py
[2023-06-29T23:58:46.869+0000] {logging_mixin.py:149} INFO - [2023-06-29T23:58:46.869+0000] {dag.py:2726} INFO - Sync 6 DAGs
[2023-06-29T23:58:46.906+0000] {logging_mixin.py:149} INFO - [2023-06-29T23:58:46.906+0000] {dag.py:3490} INFO - Setting next_dagrun for dataset_consumes_1 to None, run_after=None
[2023-06-29T23:58:46.911+0000] {logging_mixin.py:149} INFO - [2023-06-29T23:58:46.911+0000] {dag.py:3490} INFO - Setting next_dagrun for dataset_consumes_1_and_2 to None, run_after=None
[2023-06-29T23:58:46.912+0000] {logging_mixin.py:149} INFO - [2023-06-29T23:58:46.912+0000] {dag.py:3490} INFO - Setting next_dagrun for dataset_consumes_1_never_scheduled to None, run_after=None
[2023-06-29T23:58:46.914+0000] {logging_mixin.py:149} INFO - [2023-06-29T23:58:46.914+0000] {dag.py:3490} INFO - Setting next_dagrun for dataset_consumes_unknown_never_scheduled to None, run_after=None
[2023-06-29T23:58:46.918+0000] {logging_mixin.py:149} INFO - [2023-06-29T23:58:46.918+0000] {dag.py:3490} INFO - Setting next_dagrun for dataset_produces_1 to 2023-06-28T00:00:00+00:00, run_after=2023-06-29T00:00:00+00:00
[2023-06-29T23:58:46.919+0000] {logging_mixin.py:149} INFO - [2023-06-29T23:58:46.919+0000] {dag.py:3490} INFO - Setting next_dagrun for dataset_produces_2 to None, run_after=None
[2023-06-29T23:58:46.964+0000] {processor.py:178} INFO - Processing /home/airflow/.local/lib/python3.7/site-packages/airflow/example_dags/example_datasets.py took 0.167 seconds
[2023-06-29T23:59:17.061+0000] {processor.py:156} INFO - Started process (PID=1406) to work on /home/airflow/.local/lib/python3.7/site-packages/airflow/example_dags/example_datasets.py
[2023-06-29T23:59:17.062+0000] {processor.py:799} INFO - Processing file /home/airflow/.local/lib/python3.7/site-packages/airflow/example_dags/example_datasets.py for tasks to queue
[2023-06-29T23:59:17.063+0000] {logging_mixin.py:149} INFO - [2023-06-29T23:59:17.063+0000] {dagbag.py:541} INFO - Filling up the DagBag from /home/airflow/.local/lib/python3.7/site-packages/airflow/example_dags/example_datasets.py
[2023-06-29T23:59:17.077+0000] {processor.py:809} INFO - DAG(s) dict_keys(['dataset_consumes_1_and_2', 'dataset_consumes_1', 'dataset_produces_1', 'dataset_produces_2', 'dataset_consumes_1_never_scheduled', 'dataset_consumes_unknown_never_scheduled']) retrieved from /home/airflow/.local/lib/python3.7/site-packages/airflow/example_dags/example_datasets.py
[2023-06-29T23:59:17.131+0000] {logging_mixin.py:149} INFO - [2023-06-29T23:59:17.131+0000] {dag.py:2726} INFO - Sync 6 DAGs
[2023-06-29T23:59:17.168+0000] {logging_mixin.py:149} INFO - [2023-06-29T23:59:17.168+0000] {dag.py:3490} INFO - Setting next_dagrun for dataset_consumes_1 to None, run_after=None
[2023-06-29T23:59:17.172+0000] {logging_mixin.py:149} INFO - [2023-06-29T23:59:17.172+0000] {dag.py:3490} INFO - Setting next_dagrun for dataset_consumes_1_and_2 to None, run_after=None
[2023-06-29T23:59:17.175+0000] {logging_mixin.py:149} INFO - [2023-06-29T23:59:17.174+0000] {dag.py:3490} INFO - Setting next_dagrun for dataset_consumes_1_never_scheduled to None, run_after=None
[2023-06-29T23:59:17.177+0000] {logging_mixin.py:149} INFO - [2023-06-29T23:59:17.177+0000] {dag.py:3490} INFO - Setting next_dagrun for dataset_consumes_unknown_never_scheduled to None, run_after=None
[2023-06-29T23:59:17.180+0000] {logging_mixin.py:149} INFO - [2023-06-29T23:59:17.180+0000] {dag.py:3490} INFO - Setting next_dagrun for dataset_produces_1 to 2023-06-28T00:00:00+00:00, run_after=2023-06-29T00:00:00+00:00
[2023-06-29T23:59:17.182+0000] {logging_mixin.py:149} INFO - [2023-06-29T23:59:17.182+0000] {dag.py:3490} INFO - Setting next_dagrun for dataset_produces_2 to None, run_after=None
[2023-06-29T23:59:17.225+0000] {processor.py:178} INFO - Processing /home/airflow/.local/lib/python3.7/site-packages/airflow/example_dags/example_datasets.py took 0.169 seconds
[2023-06-29T23:59:47.392+0000] {processor.py:156} INFO - Started process (PID=1464) to work on /home/airflow/.local/lib/python3.7/site-packages/airflow/example_dags/example_datasets.py
[2023-06-29T23:59:47.394+0000] {processor.py:799} INFO - Processing file /home/airflow/.local/lib/python3.7/site-packages/airflow/example_dags/example_datasets.py for tasks to queue
[2023-06-29T23:59:47.395+0000] {logging_mixin.py:149} INFO - [2023-06-29T23:59:47.394+0000] {dagbag.py:541} INFO - Filling up the DagBag from /home/airflow/.local/lib/python3.7/site-packages/airflow/example_dags/example_datasets.py
[2023-06-29T23:59:47.407+0000] {processor.py:809} INFO - DAG(s) dict_keys(['dataset_produces_2', 'dataset_consumes_1_and_2', 'dataset_consumes_1', 'dataset_consumes_unknown_never_scheduled', 'dataset_produces_1', 'dataset_consumes_1_never_scheduled']) retrieved from /home/airflow/.local/lib/python3.7/site-packages/airflow/example_dags/example_datasets.py
[2023-06-29T23:59:47.472+0000] {logging_mixin.py:149} INFO - [2023-06-29T23:59:47.472+0000] {dag.py:2726} INFO - Sync 6 DAGs
[2023-06-29T23:59:47.512+0000] {logging_mixin.py:149} INFO - [2023-06-29T23:59:47.512+0000] {dag.py:3490} INFO - Setting next_dagrun for dataset_consumes_1 to None, run_after=None
[2023-06-29T23:59:47.518+0000] {logging_mixin.py:149} INFO - [2023-06-29T23:59:47.518+0000] {dag.py:3490} INFO - Setting next_dagrun for dataset_consumes_1_and_2 to None, run_after=None
[2023-06-29T23:59:47.522+0000] {logging_mixin.py:149} INFO - [2023-06-29T23:59:47.521+0000] {dag.py:3490} INFO - Setting next_dagrun for dataset_consumes_1_never_scheduled to None, run_after=None
[2023-06-29T23:59:47.523+0000] {logging_mixin.py:149} INFO - [2023-06-29T23:59:47.523+0000] {dag.py:3490} INFO - Setting next_dagrun for dataset_consumes_unknown_never_scheduled to None, run_after=None
[2023-06-29T23:59:47.527+0000] {logging_mixin.py:149} INFO - [2023-06-29T23:59:47.526+0000] {dag.py:3490} INFO - Setting next_dagrun for dataset_produces_1 to 2023-06-28T00:00:00+00:00, run_after=2023-06-29T00:00:00+00:00
[2023-06-29T23:59:47.528+0000] {logging_mixin.py:149} INFO - [2023-06-29T23:59:47.528+0000] {dag.py:3490} INFO - Setting next_dagrun for dataset_produces_2 to None, run_after=None
[2023-06-29T23:59:47.570+0000] {processor.py:178} INFO - Processing /home/airflow/.local/lib/python3.7/site-packages/airflow/example_dags/example_datasets.py took 0.182 seconds
