[2023-06-29T23:47:01.295+0000] {processor.py:156} INFO - Started process (PID=34) to work on /home/airflow/.local/lib/python3.7/site-packages/airflow/example_dags/example_bash_operator.py
[2023-06-29T23:47:01.296+0000] {processor.py:799} INFO - Processing file /home/airflow/.local/lib/python3.7/site-packages/airflow/example_dags/example_bash_operator.py for tasks to queue
[2023-06-29T23:47:01.297+0000] {logging_mixin.py:149} INFO - [2023-06-29T23:47:01.297+0000] {dagbag.py:541} INFO - Filling up the DagBag from /home/airflow/.local/lib/python3.7/site-packages/airflow/example_dags/example_bash_operator.py
[2023-06-29T23:47:01.390+0000] {processor.py:809} INFO - DAG(s) dict_keys(['example_bash_operator']) retrieved from /home/airflow/.local/lib/python3.7/site-packages/airflow/example_dags/example_bash_operator.py
[2023-06-29T23:47:01.691+0000] {logging_mixin.py:149} INFO - [2023-06-29T23:47:01.691+0000] {dag.py:2726} INFO - Sync 1 DAGs
[2023-06-29T23:47:01.847+0000] {logging_mixin.py:149} INFO - [2023-06-29T23:47:01.847+0000] {dag.py:3490} INFO - Setting next_dagrun for example_bash_operator to 2023-06-28T00:00:00+00:00, run_after=2023-06-29T00:00:00+00:00
[2023-06-29T23:47:01.957+0000] {processor.py:178} INFO - Processing /home/airflow/.local/lib/python3.7/site-packages/airflow/example_dags/example_bash_operator.py took 0.678 seconds
[2023-06-29T23:47:32.533+0000] {processor.py:156} INFO - Started process (PID=91) to work on /home/airflow/.local/lib/python3.7/site-packages/airflow/example_dags/example_bash_operator.py
[2023-06-29T23:47:32.535+0000] {processor.py:799} INFO - Processing file /home/airflow/.local/lib/python3.7/site-packages/airflow/example_dags/example_bash_operator.py for tasks to queue
[2023-06-29T23:47:32.535+0000] {logging_mixin.py:149} INFO - [2023-06-29T23:47:32.535+0000] {dagbag.py:541} INFO - Filling up the DagBag from /home/airflow/.local/lib/python3.7/site-packages/airflow/example_dags/example_bash_operator.py
[2023-06-29T23:47:32.553+0000] {processor.py:809} INFO - DAG(s) dict_keys(['example_bash_operator']) retrieved from /home/airflow/.local/lib/python3.7/site-packages/airflow/example_dags/example_bash_operator.py
[2023-06-29T23:47:32.600+0000] {logging_mixin.py:149} INFO - [2023-06-29T23:47:32.600+0000] {dag.py:2726} INFO - Sync 1 DAGs
[2023-06-29T23:47:32.637+0000] {logging_mixin.py:149} INFO - [2023-06-29T23:47:32.637+0000] {dag.py:3490} INFO - Setting next_dagrun for example_bash_operator to 2023-06-28T00:00:00+00:00, run_after=2023-06-29T00:00:00+00:00
[2023-06-29T23:47:32.661+0000] {processor.py:178} INFO - Processing /home/airflow/.local/lib/python3.7/site-packages/airflow/example_dags/example_bash_operator.py took 0.134 seconds
[2023-06-29T23:48:02.877+0000] {processor.py:156} INFO - Started process (PID=148) to work on /home/airflow/.local/lib/python3.7/site-packages/airflow/example_dags/example_bash_operator.py
[2023-06-29T23:48:02.879+0000] {processor.py:799} INFO - Processing file /home/airflow/.local/lib/python3.7/site-packages/airflow/example_dags/example_bash_operator.py for tasks to queue
[2023-06-29T23:48:02.879+0000] {logging_mixin.py:149} INFO - [2023-06-29T23:48:02.879+0000] {dagbag.py:541} INFO - Filling up the DagBag from /home/airflow/.local/lib/python3.7/site-packages/airflow/example_dags/example_bash_operator.py
[2023-06-29T23:48:02.900+0000] {processor.py:809} INFO - DAG(s) dict_keys(['example_bash_operator']) retrieved from /home/airflow/.local/lib/python3.7/site-packages/airflow/example_dags/example_bash_operator.py
[2023-06-29T23:48:02.948+0000] {logging_mixin.py:149} INFO - [2023-06-29T23:48:02.948+0000] {dag.py:2726} INFO - Sync 1 DAGs
[2023-06-29T23:48:02.985+0000] {logging_mixin.py:149} INFO - [2023-06-29T23:48:02.984+0000] {dag.py:3490} INFO - Setting next_dagrun for example_bash_operator to 2023-06-28T00:00:00+00:00, run_after=2023-06-29T00:00:00+00:00
[2023-06-29T23:48:03.008+0000] {processor.py:178} INFO - Processing /home/airflow/.local/lib/python3.7/site-packages/airflow/example_dags/example_bash_operator.py took 0.135 seconds
[2023-06-29T23:48:33.319+0000] {processor.py:156} INFO - Started process (PID=205) to work on /home/airflow/.local/lib/python3.7/site-packages/airflow/example_dags/example_bash_operator.py
[2023-06-29T23:48:33.319+0000] {processor.py:799} INFO - Processing file /home/airflow/.local/lib/python3.7/site-packages/airflow/example_dags/example_bash_operator.py for tasks to queue
[2023-06-29T23:48:33.320+0000] {logging_mixin.py:149} INFO - [2023-06-29T23:48:33.320+0000] {dagbag.py:541} INFO - Filling up the DagBag from /home/airflow/.local/lib/python3.7/site-packages/airflow/example_dags/example_bash_operator.py
[2023-06-29T23:48:33.368+0000] {processor.py:809} INFO - DAG(s) dict_keys(['example_bash_operator']) retrieved from /home/airflow/.local/lib/python3.7/site-packages/airflow/example_dags/example_bash_operator.py
[2023-06-29T23:48:33.419+0000] {logging_mixin.py:149} INFO - [2023-06-29T23:48:33.418+0000] {dag.py:2726} INFO - Sync 1 DAGs
[2023-06-29T23:48:33.454+0000] {logging_mixin.py:149} INFO - [2023-06-29T23:48:33.453+0000] {dag.py:3490} INFO - Setting next_dagrun for example_bash_operator to 2023-06-28T00:00:00+00:00, run_after=2023-06-29T00:00:00+00:00
[2023-06-29T23:48:33.475+0000] {processor.py:178} INFO - Processing /home/airflow/.local/lib/python3.7/site-packages/airflow/example_dags/example_bash_operator.py took 0.162 seconds
[2023-06-29T23:49:03.542+0000] {processor.py:156} INFO - Started process (PID=262) to work on /home/airflow/.local/lib/python3.7/site-packages/airflow/example_dags/example_bash_operator.py
[2023-06-29T23:49:03.544+0000] {processor.py:799} INFO - Processing file /home/airflow/.local/lib/python3.7/site-packages/airflow/example_dags/example_bash_operator.py for tasks to queue
[2023-06-29T23:49:03.545+0000] {logging_mixin.py:149} INFO - [2023-06-29T23:49:03.545+0000] {dagbag.py:541} INFO - Filling up the DagBag from /home/airflow/.local/lib/python3.7/site-packages/airflow/example_dags/example_bash_operator.py
[2023-06-29T23:49:03.563+0000] {processor.py:809} INFO - DAG(s) dict_keys(['example_bash_operator']) retrieved from /home/airflow/.local/lib/python3.7/site-packages/airflow/example_dags/example_bash_operator.py
[2023-06-29T23:49:03.612+0000] {logging_mixin.py:149} INFO - [2023-06-29T23:49:03.612+0000] {dag.py:2726} INFO - Sync 1 DAGs
[2023-06-29T23:49:03.646+0000] {logging_mixin.py:149} INFO - [2023-06-29T23:49:03.646+0000] {dag.py:3490} INFO - Setting next_dagrun for example_bash_operator to 2023-06-28T00:00:00+00:00, run_after=2023-06-29T00:00:00+00:00
[2023-06-29T23:49:03.668+0000] {processor.py:178} INFO - Processing /home/airflow/.local/lib/python3.7/site-packages/airflow/example_dags/example_bash_operator.py took 0.129 seconds
[2023-06-29T23:49:34.047+0000] {processor.py:156} INFO - Started process (PID=320) to work on /home/airflow/.local/lib/python3.7/site-packages/airflow/example_dags/example_bash_operator.py
[2023-06-29T23:49:34.048+0000] {processor.py:799} INFO - Processing file /home/airflow/.local/lib/python3.7/site-packages/airflow/example_dags/example_bash_operator.py for tasks to queue
[2023-06-29T23:49:34.049+0000] {logging_mixin.py:149} INFO - [2023-06-29T23:49:34.049+0000] {dagbag.py:541} INFO - Filling up the DagBag from /home/airflow/.local/lib/python3.7/site-packages/airflow/example_dags/example_bash_operator.py
[2023-06-29T23:49:34.067+0000] {processor.py:809} INFO - DAG(s) dict_keys(['example_bash_operator']) retrieved from /home/airflow/.local/lib/python3.7/site-packages/airflow/example_dags/example_bash_operator.py
[2023-06-29T23:49:34.114+0000] {logging_mixin.py:149} INFO - [2023-06-29T23:49:34.114+0000] {dag.py:2726} INFO - Sync 1 DAGs
[2023-06-29T23:49:34.152+0000] {logging_mixin.py:149} INFO - [2023-06-29T23:49:34.152+0000] {dag.py:3490} INFO - Setting next_dagrun for example_bash_operator to 2023-06-28T00:00:00+00:00, run_after=2023-06-29T00:00:00+00:00
[2023-06-29T23:49:34.176+0000] {processor.py:178} INFO - Processing /home/airflow/.local/lib/python3.7/site-packages/airflow/example_dags/example_bash_operator.py took 0.133 seconds
[2023-06-29T23:50:04.749+0000] {processor.py:156} INFO - Started process (PID=376) to work on /home/airflow/.local/lib/python3.7/site-packages/airflow/example_dags/example_bash_operator.py
[2023-06-29T23:50:04.750+0000] {processor.py:799} INFO - Processing file /home/airflow/.local/lib/python3.7/site-packages/airflow/example_dags/example_bash_operator.py for tasks to queue
[2023-06-29T23:50:04.751+0000] {logging_mixin.py:149} INFO - [2023-06-29T23:50:04.751+0000] {dagbag.py:541} INFO - Filling up the DagBag from /home/airflow/.local/lib/python3.7/site-packages/airflow/example_dags/example_bash_operator.py
[2023-06-29T23:50:04.770+0000] {processor.py:809} INFO - DAG(s) dict_keys(['example_bash_operator']) retrieved from /home/airflow/.local/lib/python3.7/site-packages/airflow/example_dags/example_bash_operator.py
[2023-06-29T23:50:04.818+0000] {logging_mixin.py:149} INFO - [2023-06-29T23:50:04.818+0000] {dag.py:2726} INFO - Sync 1 DAGs
[2023-06-29T23:50:04.857+0000] {logging_mixin.py:149} INFO - [2023-06-29T23:50:04.857+0000] {dag.py:3490} INFO - Setting next_dagrun for example_bash_operator to 2023-06-28T00:00:00+00:00, run_after=2023-06-29T00:00:00+00:00
[2023-06-29T23:50:04.881+0000] {processor.py:178} INFO - Processing /home/airflow/.local/lib/python3.7/site-packages/airflow/example_dags/example_bash_operator.py took 0.135 seconds
[2023-06-29T23:50:35.028+0000] {processor.py:156} INFO - Started process (PID=433) to work on /home/airflow/.local/lib/python3.7/site-packages/airflow/example_dags/example_bash_operator.py
[2023-06-29T23:50:35.029+0000] {processor.py:799} INFO - Processing file /home/airflow/.local/lib/python3.7/site-packages/airflow/example_dags/example_bash_operator.py for tasks to queue
[2023-06-29T23:50:35.030+0000] {logging_mixin.py:149} INFO - [2023-06-29T23:50:35.029+0000] {dagbag.py:541} INFO - Filling up the DagBag from /home/airflow/.local/lib/python3.7/site-packages/airflow/example_dags/example_bash_operator.py
[2023-06-29T23:50:35.071+0000] {processor.py:809} INFO - DAG(s) dict_keys(['example_bash_operator']) retrieved from /home/airflow/.local/lib/python3.7/site-packages/airflow/example_dags/example_bash_operator.py
[2023-06-29T23:50:35.182+0000] {logging_mixin.py:149} INFO - [2023-06-29T23:50:35.181+0000] {dag.py:2726} INFO - Sync 1 DAGs
[2023-06-29T23:50:35.247+0000] {logging_mixin.py:149} INFO - [2023-06-29T23:50:35.247+0000] {dag.py:3490} INFO - Setting next_dagrun for example_bash_operator to 2023-06-28T00:00:00+00:00, run_after=2023-06-29T00:00:00+00:00
[2023-06-29T23:50:35.283+0000] {processor.py:178} INFO - Processing /home/airflow/.local/lib/python3.7/site-packages/airflow/example_dags/example_bash_operator.py took 0.259 seconds
[2023-06-29T23:51:05.643+0000] {processor.py:156} INFO - Started process (PID=490) to work on /home/airflow/.local/lib/python3.7/site-packages/airflow/example_dags/example_bash_operator.py
[2023-06-29T23:51:05.645+0000] {processor.py:799} INFO - Processing file /home/airflow/.local/lib/python3.7/site-packages/airflow/example_dags/example_bash_operator.py for tasks to queue
[2023-06-29T23:51:05.645+0000] {logging_mixin.py:149} INFO - [2023-06-29T23:51:05.645+0000] {dagbag.py:541} INFO - Filling up the DagBag from /home/airflow/.local/lib/python3.7/site-packages/airflow/example_dags/example_bash_operator.py
[2023-06-29T23:51:05.665+0000] {processor.py:809} INFO - DAG(s) dict_keys(['example_bash_operator']) retrieved from /home/airflow/.local/lib/python3.7/site-packages/airflow/example_dags/example_bash_operator.py
[2023-06-29T23:51:05.721+0000] {logging_mixin.py:149} INFO - [2023-06-29T23:51:05.721+0000] {dag.py:2726} INFO - Sync 1 DAGs
[2023-06-29T23:51:05.778+0000] {logging_mixin.py:149} INFO - [2023-06-29T23:51:05.778+0000] {dag.py:3490} INFO - Setting next_dagrun for example_bash_operator to 2023-06-28T00:00:00+00:00, run_after=2023-06-29T00:00:00+00:00
[2023-06-29T23:51:05.804+0000] {processor.py:178} INFO - Processing /home/airflow/.local/lib/python3.7/site-packages/airflow/example_dags/example_bash_operator.py took 0.164 seconds
[2023-06-29T23:51:35.839+0000] {processor.py:156} INFO - Started process (PID=547) to work on /home/airflow/.local/lib/python3.7/site-packages/airflow/example_dags/example_bash_operator.py
[2023-06-29T23:51:35.840+0000] {processor.py:799} INFO - Processing file /home/airflow/.local/lib/python3.7/site-packages/airflow/example_dags/example_bash_operator.py for tasks to queue
[2023-06-29T23:51:35.841+0000] {logging_mixin.py:149} INFO - [2023-06-29T23:51:35.841+0000] {dagbag.py:541} INFO - Filling up the DagBag from /home/airflow/.local/lib/python3.7/site-packages/airflow/example_dags/example_bash_operator.py
[2023-06-29T23:51:35.860+0000] {processor.py:809} INFO - DAG(s) dict_keys(['example_bash_operator']) retrieved from /home/airflow/.local/lib/python3.7/site-packages/airflow/example_dags/example_bash_operator.py
[2023-06-29T23:51:35.912+0000] {logging_mixin.py:149} INFO - [2023-06-29T23:51:35.911+0000] {dag.py:2726} INFO - Sync 1 DAGs
[2023-06-29T23:51:35.963+0000] {logging_mixin.py:149} INFO - [2023-06-29T23:51:35.963+0000] {dag.py:3490} INFO - Setting next_dagrun for example_bash_operator to 2023-06-28T00:00:00+00:00, run_after=2023-06-29T00:00:00+00:00
[2023-06-29T23:51:35.987+0000] {processor.py:178} INFO - Processing /home/airflow/.local/lib/python3.7/site-packages/airflow/example_dags/example_bash_operator.py took 0.152 seconds
[2023-06-29T23:52:06.732+0000] {processor.py:156} INFO - Started process (PID=604) to work on /home/airflow/.local/lib/python3.7/site-packages/airflow/example_dags/example_bash_operator.py
[2023-06-29T23:52:06.739+0000] {processor.py:799} INFO - Processing file /home/airflow/.local/lib/python3.7/site-packages/airflow/example_dags/example_bash_operator.py for tasks to queue
[2023-06-29T23:52:06.740+0000] {logging_mixin.py:149} INFO - [2023-06-29T23:52:06.740+0000] {dagbag.py:541} INFO - Filling up the DagBag from /home/airflow/.local/lib/python3.7/site-packages/airflow/example_dags/example_bash_operator.py
[2023-06-29T23:52:06.795+0000] {processor.py:809} INFO - DAG(s) dict_keys(['example_bash_operator']) retrieved from /home/airflow/.local/lib/python3.7/site-packages/airflow/example_dags/example_bash_operator.py
[2023-06-29T23:52:06.905+0000] {logging_mixin.py:149} INFO - [2023-06-29T23:52:06.905+0000] {dag.py:2726} INFO - Sync 1 DAGs
[2023-06-29T23:52:06.947+0000] {logging_mixin.py:149} INFO - [2023-06-29T23:52:06.947+0000] {dag.py:3490} INFO - Setting next_dagrun for example_bash_operator to 2023-06-28T00:00:00+00:00, run_after=2023-06-29T00:00:00+00:00
[2023-06-29T23:52:07.000+0000] {processor.py:178} INFO - Processing /home/airflow/.local/lib/python3.7/site-packages/airflow/example_dags/example_bash_operator.py took 0.274 seconds
[2023-06-29T23:52:37.252+0000] {processor.py:156} INFO - Started process (PID=661) to work on /home/airflow/.local/lib/python3.7/site-packages/airflow/example_dags/example_bash_operator.py
[2023-06-29T23:52:37.257+0000] {processor.py:799} INFO - Processing file /home/airflow/.local/lib/python3.7/site-packages/airflow/example_dags/example_bash_operator.py for tasks to queue
[2023-06-29T23:52:37.258+0000] {logging_mixin.py:149} INFO - [2023-06-29T23:52:37.258+0000] {dagbag.py:541} INFO - Filling up the DagBag from /home/airflow/.local/lib/python3.7/site-packages/airflow/example_dags/example_bash_operator.py
[2023-06-29T23:52:37.313+0000] {processor.py:809} INFO - DAG(s) dict_keys(['example_bash_operator']) retrieved from /home/airflow/.local/lib/python3.7/site-packages/airflow/example_dags/example_bash_operator.py
[2023-06-29T23:52:37.478+0000] {logging_mixin.py:149} INFO - [2023-06-29T23:52:37.478+0000] {dag.py:2726} INFO - Sync 1 DAGs
[2023-06-29T23:52:37.582+0000] {logging_mixin.py:149} INFO - [2023-06-29T23:52:37.582+0000] {dag.py:3490} INFO - Setting next_dagrun for example_bash_operator to 2023-06-28T00:00:00+00:00, run_after=2023-06-29T00:00:00+00:00
[2023-06-29T23:52:37.639+0000] {processor.py:178} INFO - Processing /home/airflow/.local/lib/python3.7/site-packages/airflow/example_dags/example_bash_operator.py took 0.391 seconds
[2023-06-29T23:53:08.465+0000] {processor.py:156} INFO - Started process (PID=718) to work on /home/airflow/.local/lib/python3.7/site-packages/airflow/example_dags/example_bash_operator.py
[2023-06-29T23:53:08.466+0000] {processor.py:799} INFO - Processing file /home/airflow/.local/lib/python3.7/site-packages/airflow/example_dags/example_bash_operator.py for tasks to queue
[2023-06-29T23:53:08.467+0000] {logging_mixin.py:149} INFO - [2023-06-29T23:53:08.466+0000] {dagbag.py:541} INFO - Filling up the DagBag from /home/airflow/.local/lib/python3.7/site-packages/airflow/example_dags/example_bash_operator.py
[2023-06-29T23:53:08.486+0000] {processor.py:809} INFO - DAG(s) dict_keys(['example_bash_operator']) retrieved from /home/airflow/.local/lib/python3.7/site-packages/airflow/example_dags/example_bash_operator.py
[2023-06-29T23:53:08.538+0000] {logging_mixin.py:149} INFO - [2023-06-29T23:53:08.538+0000] {dag.py:2726} INFO - Sync 1 DAGs
[2023-06-29T23:53:08.574+0000] {logging_mixin.py:149} INFO - [2023-06-29T23:53:08.574+0000] {dag.py:3490} INFO - Setting next_dagrun for example_bash_operator to 2023-06-28T00:00:00+00:00, run_after=2023-06-29T00:00:00+00:00
[2023-06-29T23:53:08.605+0000] {processor.py:178} INFO - Processing /home/airflow/.local/lib/python3.7/site-packages/airflow/example_dags/example_bash_operator.py took 0.144 seconds
[2023-06-29T23:53:39.077+0000] {processor.py:156} INFO - Started process (PID=775) to work on /home/airflow/.local/lib/python3.7/site-packages/airflow/example_dags/example_bash_operator.py
[2023-06-29T23:53:39.078+0000] {processor.py:799} INFO - Processing file /home/airflow/.local/lib/python3.7/site-packages/airflow/example_dags/example_bash_operator.py for tasks to queue
[2023-06-29T23:53:39.080+0000] {logging_mixin.py:149} INFO - [2023-06-29T23:53:39.079+0000] {dagbag.py:541} INFO - Filling up the DagBag from /home/airflow/.local/lib/python3.7/site-packages/airflow/example_dags/example_bash_operator.py
[2023-06-29T23:53:39.100+0000] {processor.py:809} INFO - DAG(s) dict_keys(['example_bash_operator']) retrieved from /home/airflow/.local/lib/python3.7/site-packages/airflow/example_dags/example_bash_operator.py
[2023-06-29T23:53:39.151+0000] {logging_mixin.py:149} INFO - [2023-06-29T23:53:39.151+0000] {dag.py:2726} INFO - Sync 1 DAGs
[2023-06-29T23:53:39.187+0000] {logging_mixin.py:149} INFO - [2023-06-29T23:53:39.187+0000] {dag.py:3490} INFO - Setting next_dagrun for example_bash_operator to 2023-06-28T00:00:00+00:00, run_after=2023-06-29T00:00:00+00:00
[2023-06-29T23:53:39.210+0000] {processor.py:178} INFO - Processing /home/airflow/.local/lib/python3.7/site-packages/airflow/example_dags/example_bash_operator.py took 0.138 seconds
[2023-06-29T23:54:09.422+0000] {processor.py:156} INFO - Started process (PID=833) to work on /home/airflow/.local/lib/python3.7/site-packages/airflow/example_dags/example_bash_operator.py
[2023-06-29T23:54:09.423+0000] {processor.py:799} INFO - Processing file /home/airflow/.local/lib/python3.7/site-packages/airflow/example_dags/example_bash_operator.py for tasks to queue
[2023-06-29T23:54:09.425+0000] {logging_mixin.py:149} INFO - [2023-06-29T23:54:09.425+0000] {dagbag.py:541} INFO - Filling up the DagBag from /home/airflow/.local/lib/python3.7/site-packages/airflow/example_dags/example_bash_operator.py
[2023-06-29T23:54:09.445+0000] {processor.py:809} INFO - DAG(s) dict_keys(['example_bash_operator']) retrieved from /home/airflow/.local/lib/python3.7/site-packages/airflow/example_dags/example_bash_operator.py
[2023-06-29T23:54:09.493+0000] {logging_mixin.py:149} INFO - [2023-06-29T23:54:09.493+0000] {dag.py:2726} INFO - Sync 1 DAGs
[2023-06-29T23:54:09.531+0000] {logging_mixin.py:149} INFO - [2023-06-29T23:54:09.531+0000] {dag.py:3490} INFO - Setting next_dagrun for example_bash_operator to 2023-06-28T00:00:00+00:00, run_after=2023-06-29T00:00:00+00:00
[2023-06-29T23:54:09.554+0000] {processor.py:178} INFO - Processing /home/airflow/.local/lib/python3.7/site-packages/airflow/example_dags/example_bash_operator.py took 0.138 seconds
[2023-06-29T23:54:39.711+0000] {processor.py:156} INFO - Started process (PID=890) to work on /home/airflow/.local/lib/python3.7/site-packages/airflow/example_dags/example_bash_operator.py
[2023-06-29T23:54:39.714+0000] {processor.py:799} INFO - Processing file /home/airflow/.local/lib/python3.7/site-packages/airflow/example_dags/example_bash_operator.py for tasks to queue
[2023-06-29T23:54:39.715+0000] {logging_mixin.py:149} INFO - [2023-06-29T23:54:39.715+0000] {dagbag.py:541} INFO - Filling up the DagBag from /home/airflow/.local/lib/python3.7/site-packages/airflow/example_dags/example_bash_operator.py
[2023-06-29T23:54:39.736+0000] {processor.py:809} INFO - DAG(s) dict_keys(['example_bash_operator']) retrieved from /home/airflow/.local/lib/python3.7/site-packages/airflow/example_dags/example_bash_operator.py
[2023-06-29T23:54:39.790+0000] {logging_mixin.py:149} INFO - [2023-06-29T23:54:39.790+0000] {dag.py:2726} INFO - Sync 1 DAGs
[2023-06-29T23:54:39.825+0000] {logging_mixin.py:149} INFO - [2023-06-29T23:54:39.825+0000] {dag.py:3490} INFO - Setting next_dagrun for example_bash_operator to 2023-06-28T00:00:00+00:00, run_after=2023-06-29T00:00:00+00:00
[2023-06-29T23:54:39.848+0000] {processor.py:178} INFO - Processing /home/airflow/.local/lib/python3.7/site-packages/airflow/example_dags/example_bash_operator.py took 0.140 seconds
[2023-06-29T23:55:09.966+0000] {processor.py:156} INFO - Started process (PID=946) to work on /home/airflow/.local/lib/python3.7/site-packages/airflow/example_dags/example_bash_operator.py
[2023-06-29T23:55:09.967+0000] {processor.py:799} INFO - Processing file /home/airflow/.local/lib/python3.7/site-packages/airflow/example_dags/example_bash_operator.py for tasks to queue
[2023-06-29T23:55:09.968+0000] {logging_mixin.py:149} INFO - [2023-06-29T23:55:09.968+0000] {dagbag.py:541} INFO - Filling up the DagBag from /home/airflow/.local/lib/python3.7/site-packages/airflow/example_dags/example_bash_operator.py
[2023-06-29T23:55:09.988+0000] {processor.py:809} INFO - DAG(s) dict_keys(['example_bash_operator']) retrieved from /home/airflow/.local/lib/python3.7/site-packages/airflow/example_dags/example_bash_operator.py
[2023-06-29T23:55:10.038+0000] {logging_mixin.py:149} INFO - [2023-06-29T23:55:10.038+0000] {dag.py:2726} INFO - Sync 1 DAGs
[2023-06-29T23:55:10.078+0000] {logging_mixin.py:149} INFO - [2023-06-29T23:55:10.078+0000] {dag.py:3490} INFO - Setting next_dagrun for example_bash_operator to 2023-06-28T00:00:00+00:00, run_after=2023-06-29T00:00:00+00:00
[2023-06-29T23:55:10.105+0000] {processor.py:178} INFO - Processing /home/airflow/.local/lib/python3.7/site-packages/airflow/example_dags/example_bash_operator.py took 0.142 seconds
[2023-06-29T23:55:40.503+0000] {processor.py:156} INFO - Started process (PID=1002) to work on /home/airflow/.local/lib/python3.7/site-packages/airflow/example_dags/example_bash_operator.py
[2023-06-29T23:55:40.515+0000] {processor.py:799} INFO - Processing file /home/airflow/.local/lib/python3.7/site-packages/airflow/example_dags/example_bash_operator.py for tasks to queue
[2023-06-29T23:55:40.517+0000] {logging_mixin.py:149} INFO - [2023-06-29T23:55:40.516+0000] {dagbag.py:541} INFO - Filling up the DagBag from /home/airflow/.local/lib/python3.7/site-packages/airflow/example_dags/example_bash_operator.py
[2023-06-29T23:55:40.537+0000] {processor.py:809} INFO - DAG(s) dict_keys(['example_bash_operator']) retrieved from /home/airflow/.local/lib/python3.7/site-packages/airflow/example_dags/example_bash_operator.py
[2023-06-29T23:55:40.593+0000] {logging_mixin.py:149} INFO - [2023-06-29T23:55:40.592+0000] {dag.py:2726} INFO - Sync 1 DAGs
[2023-06-29T23:55:40.635+0000] {logging_mixin.py:149} INFO - [2023-06-29T23:55:40.634+0000] {dag.py:3490} INFO - Setting next_dagrun for example_bash_operator to 2023-06-28T00:00:00+00:00, run_after=2023-06-29T00:00:00+00:00
[2023-06-29T23:55:40.673+0000] {processor.py:178} INFO - Processing /home/airflow/.local/lib/python3.7/site-packages/airflow/example_dags/example_bash_operator.py took 0.174 seconds
[2023-06-29T23:56:11.155+0000] {processor.py:156} INFO - Started process (PID=1058) to work on /home/airflow/.local/lib/python3.7/site-packages/airflow/example_dags/example_bash_operator.py
[2023-06-29T23:56:11.168+0000] {processor.py:799} INFO - Processing file /home/airflow/.local/lib/python3.7/site-packages/airflow/example_dags/example_bash_operator.py for tasks to queue
[2023-06-29T23:56:11.172+0000] {logging_mixin.py:149} INFO - [2023-06-29T23:56:11.171+0000] {dagbag.py:541} INFO - Filling up the DagBag from /home/airflow/.local/lib/python3.7/site-packages/airflow/example_dags/example_bash_operator.py
[2023-06-29T23:56:11.221+0000] {processor.py:809} INFO - DAG(s) dict_keys(['example_bash_operator']) retrieved from /home/airflow/.local/lib/python3.7/site-packages/airflow/example_dags/example_bash_operator.py
[2023-06-29T23:56:11.286+0000] {logging_mixin.py:149} INFO - [2023-06-29T23:56:11.286+0000] {dag.py:2726} INFO - Sync 1 DAGs
[2023-06-29T23:56:11.329+0000] {logging_mixin.py:149} INFO - [2023-06-29T23:56:11.329+0000] {dag.py:3490} INFO - Setting next_dagrun for example_bash_operator to 2023-06-28T00:00:00+00:00, run_after=2023-06-29T00:00:00+00:00
[2023-06-29T23:56:11.362+0000] {processor.py:178} INFO - Processing /home/airflow/.local/lib/python3.7/site-packages/airflow/example_dags/example_bash_operator.py took 0.211 seconds
[2023-06-29T23:56:42.229+0000] {processor.py:156} INFO - Started process (PID=1115) to work on /home/airflow/.local/lib/python3.7/site-packages/airflow/example_dags/example_bash_operator.py
[2023-06-29T23:56:42.245+0000] {processor.py:799} INFO - Processing file /home/airflow/.local/lib/python3.7/site-packages/airflow/example_dags/example_bash_operator.py for tasks to queue
[2023-06-29T23:56:42.246+0000] {logging_mixin.py:149} INFO - [2023-06-29T23:56:42.246+0000] {dagbag.py:541} INFO - Filling up the DagBag from /home/airflow/.local/lib/python3.7/site-packages/airflow/example_dags/example_bash_operator.py
[2023-06-29T23:56:42.308+0000] {processor.py:809} INFO - DAG(s) dict_keys(['example_bash_operator']) retrieved from /home/airflow/.local/lib/python3.7/site-packages/airflow/example_dags/example_bash_operator.py
[2023-06-29T23:56:42.443+0000] {logging_mixin.py:149} INFO - [2023-06-29T23:56:42.438+0000] {dag.py:2726} INFO - Sync 1 DAGs
[2023-06-29T23:56:42.538+0000] {logging_mixin.py:149} INFO - [2023-06-29T23:56:42.538+0000] {dag.py:3490} INFO - Setting next_dagrun for example_bash_operator to 2023-06-28T00:00:00+00:00, run_after=2023-06-29T00:00:00+00:00
[2023-06-29T23:56:42.641+0000] {processor.py:178} INFO - Processing /home/airflow/.local/lib/python3.7/site-packages/airflow/example_dags/example_bash_operator.py took 0.436 seconds
[2023-06-29T23:57:13.030+0000] {processor.py:156} INFO - Started process (PID=1172) to work on /home/airflow/.local/lib/python3.7/site-packages/airflow/example_dags/example_bash_operator.py
[2023-06-29T23:57:13.031+0000] {processor.py:799} INFO - Processing file /home/airflow/.local/lib/python3.7/site-packages/airflow/example_dags/example_bash_operator.py for tasks to queue
[2023-06-29T23:57:13.032+0000] {logging_mixin.py:149} INFO - [2023-06-29T23:57:13.032+0000] {dagbag.py:541} INFO - Filling up the DagBag from /home/airflow/.local/lib/python3.7/site-packages/airflow/example_dags/example_bash_operator.py
[2023-06-29T23:57:13.053+0000] {processor.py:809} INFO - DAG(s) dict_keys(['example_bash_operator']) retrieved from /home/airflow/.local/lib/python3.7/site-packages/airflow/example_dags/example_bash_operator.py
[2023-06-29T23:57:13.108+0000] {logging_mixin.py:149} INFO - [2023-06-29T23:57:13.108+0000] {dag.py:2726} INFO - Sync 1 DAGs
[2023-06-29T23:57:13.144+0000] {logging_mixin.py:149} INFO - [2023-06-29T23:57:13.144+0000] {dag.py:3490} INFO - Setting next_dagrun for example_bash_operator to 2023-06-28T00:00:00+00:00, run_after=2023-06-29T00:00:00+00:00
[2023-06-29T23:57:13.167+0000] {processor.py:178} INFO - Processing /home/airflow/.local/lib/python3.7/site-packages/airflow/example_dags/example_bash_operator.py took 0.143 seconds
[2023-06-29T23:57:43.352+0000] {processor.py:156} INFO - Started process (PID=1229) to work on /home/airflow/.local/lib/python3.7/site-packages/airflow/example_dags/example_bash_operator.py
[2023-06-29T23:57:43.355+0000] {processor.py:799} INFO - Processing file /home/airflow/.local/lib/python3.7/site-packages/airflow/example_dags/example_bash_operator.py for tasks to queue
[2023-06-29T23:57:43.355+0000] {logging_mixin.py:149} INFO - [2023-06-29T23:57:43.355+0000] {dagbag.py:541} INFO - Filling up the DagBag from /home/airflow/.local/lib/python3.7/site-packages/airflow/example_dags/example_bash_operator.py
[2023-06-29T23:57:43.376+0000] {processor.py:809} INFO - DAG(s) dict_keys(['example_bash_operator']) retrieved from /home/airflow/.local/lib/python3.7/site-packages/airflow/example_dags/example_bash_operator.py
[2023-06-29T23:57:43.426+0000] {logging_mixin.py:149} INFO - [2023-06-29T23:57:43.426+0000] {dag.py:2726} INFO - Sync 1 DAGs
[2023-06-29T23:57:43.472+0000] {logging_mixin.py:149} INFO - [2023-06-29T23:57:43.472+0000] {dag.py:3490} INFO - Setting next_dagrun for example_bash_operator to 2023-06-28T00:00:00+00:00, run_after=2023-06-29T00:00:00+00:00
[2023-06-29T23:57:43.504+0000] {processor.py:178} INFO - Processing /home/airflow/.local/lib/python3.7/site-packages/airflow/example_dags/example_bash_operator.py took 0.156 seconds
[2023-06-29T23:58:13.685+0000] {processor.py:156} INFO - Started process (PID=1286) to work on /home/airflow/.local/lib/python3.7/site-packages/airflow/example_dags/example_bash_operator.py
[2023-06-29T23:58:13.686+0000] {processor.py:799} INFO - Processing file /home/airflow/.local/lib/python3.7/site-packages/airflow/example_dags/example_bash_operator.py for tasks to queue
[2023-06-29T23:58:13.687+0000] {logging_mixin.py:149} INFO - [2023-06-29T23:58:13.687+0000] {dagbag.py:541} INFO - Filling up the DagBag from /home/airflow/.local/lib/python3.7/site-packages/airflow/example_dags/example_bash_operator.py
[2023-06-29T23:58:13.707+0000] {processor.py:809} INFO - DAG(s) dict_keys(['example_bash_operator']) retrieved from /home/airflow/.local/lib/python3.7/site-packages/airflow/example_dags/example_bash_operator.py
[2023-06-29T23:58:13.760+0000] {logging_mixin.py:149} INFO - [2023-06-29T23:58:13.760+0000] {dag.py:2726} INFO - Sync 1 DAGs
[2023-06-29T23:58:13.801+0000] {logging_mixin.py:149} INFO - [2023-06-29T23:58:13.801+0000] {dag.py:3490} INFO - Setting next_dagrun for example_bash_operator to 2023-06-28T00:00:00+00:00, run_after=2023-06-29T00:00:00+00:00
[2023-06-29T23:58:13.827+0000] {processor.py:178} INFO - Processing /home/airflow/.local/lib/python3.7/site-packages/airflow/example_dags/example_bash_operator.py took 0.147 seconds
[2023-06-29T23:58:44.368+0000] {processor.py:156} INFO - Started process (PID=1343) to work on /home/airflow/.local/lib/python3.7/site-packages/airflow/example_dags/example_bash_operator.py
[2023-06-29T23:58:44.371+0000] {processor.py:799} INFO - Processing file /home/airflow/.local/lib/python3.7/site-packages/airflow/example_dags/example_bash_operator.py for tasks to queue
[2023-06-29T23:58:44.375+0000] {logging_mixin.py:149} INFO - [2023-06-29T23:58:44.375+0000] {dagbag.py:541} INFO - Filling up the DagBag from /home/airflow/.local/lib/python3.7/site-packages/airflow/example_dags/example_bash_operator.py
[2023-06-29T23:58:44.396+0000] {processor.py:809} INFO - DAG(s) dict_keys(['example_bash_operator']) retrieved from /home/airflow/.local/lib/python3.7/site-packages/airflow/example_dags/example_bash_operator.py
[2023-06-29T23:58:44.451+0000] {logging_mixin.py:149} INFO - [2023-06-29T23:58:44.451+0000] {dag.py:2726} INFO - Sync 1 DAGs
[2023-06-29T23:58:44.489+0000] {logging_mixin.py:149} INFO - [2023-06-29T23:58:44.488+0000] {dag.py:3490} INFO - Setting next_dagrun for example_bash_operator to 2023-06-28T00:00:00+00:00, run_after=2023-06-29T00:00:00+00:00
[2023-06-29T23:58:44.513+0000] {processor.py:178} INFO - Processing /home/airflow/.local/lib/python3.7/site-packages/airflow/example_dags/example_bash_operator.py took 0.149 seconds
[2023-06-29T23:59:14.626+0000] {processor.py:156} INFO - Started process (PID=1401) to work on /home/airflow/.local/lib/python3.7/site-packages/airflow/example_dags/example_bash_operator.py
[2023-06-29T23:59:14.628+0000] {processor.py:799} INFO - Processing file /home/airflow/.local/lib/python3.7/site-packages/airflow/example_dags/example_bash_operator.py for tasks to queue
[2023-06-29T23:59:14.629+0000] {logging_mixin.py:149} INFO - [2023-06-29T23:59:14.628+0000] {dagbag.py:541} INFO - Filling up the DagBag from /home/airflow/.local/lib/python3.7/site-packages/airflow/example_dags/example_bash_operator.py
[2023-06-29T23:59:14.650+0000] {processor.py:809} INFO - DAG(s) dict_keys(['example_bash_operator']) retrieved from /home/airflow/.local/lib/python3.7/site-packages/airflow/example_dags/example_bash_operator.py
[2023-06-29T23:59:14.702+0000] {logging_mixin.py:149} INFO - [2023-06-29T23:59:14.701+0000] {dag.py:2726} INFO - Sync 1 DAGs
[2023-06-29T23:59:14.739+0000] {logging_mixin.py:149} INFO - [2023-06-29T23:59:14.738+0000] {dag.py:3490} INFO - Setting next_dagrun for example_bash_operator to 2023-06-28T00:00:00+00:00, run_after=2023-06-29T00:00:00+00:00
[2023-06-29T23:59:14.762+0000] {processor.py:178} INFO - Processing /home/airflow/.local/lib/python3.7/site-packages/airflow/example_dags/example_bash_operator.py took 0.140 seconds
[2023-06-29T23:59:44.981+0000] {processor.py:156} INFO - Started process (PID=1459) to work on /home/airflow/.local/lib/python3.7/site-packages/airflow/example_dags/example_bash_operator.py
[2023-06-29T23:59:44.982+0000] {processor.py:799} INFO - Processing file /home/airflow/.local/lib/python3.7/site-packages/airflow/example_dags/example_bash_operator.py for tasks to queue
[2023-06-29T23:59:44.983+0000] {logging_mixin.py:149} INFO - [2023-06-29T23:59:44.983+0000] {dagbag.py:541} INFO - Filling up the DagBag from /home/airflow/.local/lib/python3.7/site-packages/airflow/example_dags/example_bash_operator.py
[2023-06-29T23:59:45.001+0000] {processor.py:809} INFO - DAG(s) dict_keys(['example_bash_operator']) retrieved from /home/airflow/.local/lib/python3.7/site-packages/airflow/example_dags/example_bash_operator.py
[2023-06-29T23:59:45.052+0000] {logging_mixin.py:149} INFO - [2023-06-29T23:59:45.051+0000] {dag.py:2726} INFO - Sync 1 DAGs
[2023-06-29T23:59:45.091+0000] {logging_mixin.py:149} INFO - [2023-06-29T23:59:45.090+0000] {dag.py:3490} INFO - Setting next_dagrun for example_bash_operator to 2023-06-28T00:00:00+00:00, run_after=2023-06-29T00:00:00+00:00
[2023-06-29T23:59:45.115+0000] {processor.py:178} INFO - Processing /home/airflow/.local/lib/python3.7/site-packages/airflow/example_dags/example_bash_operator.py took 0.138 seconds
