[2023-06-29T23:47:06.164+0000] {processor.py:156} INFO - Started process (PID=54) to work on /home/airflow/.local/lib/python3.7/site-packages/airflow/example_dags/example_branch_labels.py
[2023-06-29T23:47:06.166+0000] {processor.py:799} INFO - Processing file /home/airflow/.local/lib/python3.7/site-packages/airflow/example_dags/example_branch_labels.py for tasks to queue
[2023-06-29T23:47:06.167+0000] {logging_mixin.py:149} INFO - [2023-06-29T23:47:06.167+0000] {dagbag.py:541} INFO - Filling up the DagBag from /home/airflow/.local/lib/python3.7/site-packages/airflow/example_dags/example_branch_labels.py
[2023-06-29T23:47:06.187+0000] {processor.py:809} INFO - DAG(s) dict_keys(['example_branch_labels']) retrieved from /home/airflow/.local/lib/python3.7/site-packages/airflow/example_dags/example_branch_labels.py
[2023-06-29T23:47:06.282+0000] {logging_mixin.py:149} INFO - [2023-06-29T23:47:06.281+0000] {dag.py:2726} INFO - Sync 1 DAGs
[2023-06-29T23:47:06.380+0000] {logging_mixin.py:149} INFO - [2023-06-29T23:47:06.380+0000] {dag.py:3490} INFO - Setting next_dagrun for example_branch_labels to 2023-06-28T00:00:00+00:00, run_after=2023-06-29T00:00:00+00:00
[2023-06-29T23:47:06.416+0000] {processor.py:178} INFO - Processing /home/airflow/.local/lib/python3.7/site-packages/airflow/example_dags/example_branch_labels.py took 0.267 seconds
[2023-06-29T23:47:37.233+0000] {processor.py:156} INFO - Started process (PID=111) to work on /home/airflow/.local/lib/python3.7/site-packages/airflow/example_dags/example_branch_labels.py
[2023-06-29T23:47:37.237+0000] {processor.py:799} INFO - Processing file /home/airflow/.local/lib/python3.7/site-packages/airflow/example_dags/example_branch_labels.py for tasks to queue
[2023-06-29T23:47:37.238+0000] {logging_mixin.py:149} INFO - [2023-06-29T23:47:37.238+0000] {dagbag.py:541} INFO - Filling up the DagBag from /home/airflow/.local/lib/python3.7/site-packages/airflow/example_dags/example_branch_labels.py
[2023-06-29T23:47:37.248+0000] {processor.py:809} INFO - DAG(s) dict_keys(['example_branch_labels']) retrieved from /home/airflow/.local/lib/python3.7/site-packages/airflow/example_dags/example_branch_labels.py
[2023-06-29T23:47:37.280+0000] {logging_mixin.py:149} INFO - [2023-06-29T23:47:37.280+0000] {dag.py:2726} INFO - Sync 1 DAGs
[2023-06-29T23:47:37.314+0000] {logging_mixin.py:149} INFO - [2023-06-29T23:47:37.314+0000] {dag.py:3490} INFO - Setting next_dagrun for example_branch_labels to 2023-06-28T00:00:00+00:00, run_after=2023-06-29T00:00:00+00:00
[2023-06-29T23:47:37.335+0000] {processor.py:178} INFO - Processing /home/airflow/.local/lib/python3.7/site-packages/airflow/example_dags/example_branch_labels.py took 0.105 seconds
[2023-06-29T23:48:07.739+0000] {processor.py:156} INFO - Started process (PID=168) to work on /home/airflow/.local/lib/python3.7/site-packages/airflow/example_dags/example_branch_labels.py
[2023-06-29T23:48:07.739+0000] {processor.py:799} INFO - Processing file /home/airflow/.local/lib/python3.7/site-packages/airflow/example_dags/example_branch_labels.py for tasks to queue
[2023-06-29T23:48:07.740+0000] {logging_mixin.py:149} INFO - [2023-06-29T23:48:07.740+0000] {dagbag.py:541} INFO - Filling up the DagBag from /home/airflow/.local/lib/python3.7/site-packages/airflow/example_dags/example_branch_labels.py
[2023-06-29T23:48:07.751+0000] {processor.py:809} INFO - DAG(s) dict_keys(['example_branch_labels']) retrieved from /home/airflow/.local/lib/python3.7/site-packages/airflow/example_dags/example_branch_labels.py
[2023-06-29T23:48:07.781+0000] {logging_mixin.py:149} INFO - [2023-06-29T23:48:07.781+0000] {dag.py:2726} INFO - Sync 1 DAGs
[2023-06-29T23:48:07.815+0000] {logging_mixin.py:149} INFO - [2023-06-29T23:48:07.815+0000] {dag.py:3490} INFO - Setting next_dagrun for example_branch_labels to 2023-06-28T00:00:00+00:00, run_after=2023-06-29T00:00:00+00:00
[2023-06-29T23:48:07.836+0000] {processor.py:178} INFO - Processing /home/airflow/.local/lib/python3.7/site-packages/airflow/example_dags/example_branch_labels.py took 0.103 seconds
[2023-06-29T23:48:37.952+0000] {processor.py:156} INFO - Started process (PID=225) to work on /home/airflow/.local/lib/python3.7/site-packages/airflow/example_dags/example_branch_labels.py
[2023-06-29T23:48:37.953+0000] {processor.py:799} INFO - Processing file /home/airflow/.local/lib/python3.7/site-packages/airflow/example_dags/example_branch_labels.py for tasks to queue
[2023-06-29T23:48:37.954+0000] {logging_mixin.py:149} INFO - [2023-06-29T23:48:37.954+0000] {dagbag.py:541} INFO - Filling up the DagBag from /home/airflow/.local/lib/python3.7/site-packages/airflow/example_dags/example_branch_labels.py
[2023-06-29T23:48:37.966+0000] {processor.py:809} INFO - DAG(s) dict_keys(['example_branch_labels']) retrieved from /home/airflow/.local/lib/python3.7/site-packages/airflow/example_dags/example_branch_labels.py
[2023-06-29T23:48:37.999+0000] {logging_mixin.py:149} INFO - [2023-06-29T23:48:37.999+0000] {dag.py:2726} INFO - Sync 1 DAGs
[2023-06-29T23:48:38.034+0000] {logging_mixin.py:149} INFO - [2023-06-29T23:48:38.034+0000] {dag.py:3490} INFO - Setting next_dagrun for example_branch_labels to 2023-06-28T00:00:00+00:00, run_after=2023-06-29T00:00:00+00:00
[2023-06-29T23:48:38.069+0000] {processor.py:178} INFO - Processing /home/airflow/.local/lib/python3.7/site-packages/airflow/example_dags/example_branch_labels.py took 0.122 seconds
[2023-06-29T23:49:08.201+0000] {processor.py:156} INFO - Started process (PID=282) to work on /home/airflow/.local/lib/python3.7/site-packages/airflow/example_dags/example_branch_labels.py
[2023-06-29T23:49:08.202+0000] {processor.py:799} INFO - Processing file /home/airflow/.local/lib/python3.7/site-packages/airflow/example_dags/example_branch_labels.py for tasks to queue
[2023-06-29T23:49:08.203+0000] {logging_mixin.py:149} INFO - [2023-06-29T23:49:08.203+0000] {dagbag.py:541} INFO - Filling up the DagBag from /home/airflow/.local/lib/python3.7/site-packages/airflow/example_dags/example_branch_labels.py
[2023-06-29T23:49:08.212+0000] {processor.py:809} INFO - DAG(s) dict_keys(['example_branch_labels']) retrieved from /home/airflow/.local/lib/python3.7/site-packages/airflow/example_dags/example_branch_labels.py
[2023-06-29T23:49:08.246+0000] {logging_mixin.py:149} INFO - [2023-06-29T23:49:08.246+0000] {dag.py:2726} INFO - Sync 1 DAGs
[2023-06-29T23:49:08.281+0000] {logging_mixin.py:149} INFO - [2023-06-29T23:49:08.280+0000] {dag.py:3490} INFO - Setting next_dagrun for example_branch_labels to 2023-06-28T00:00:00+00:00, run_after=2023-06-29T00:00:00+00:00
[2023-06-29T23:49:08.303+0000] {processor.py:178} INFO - Processing /home/airflow/.local/lib/python3.7/site-packages/airflow/example_dags/example_branch_labels.py took 0.105 seconds
[2023-06-29T23:49:38.638+0000] {processor.py:156} INFO - Started process (PID=340) to work on /home/airflow/.local/lib/python3.7/site-packages/airflow/example_dags/example_branch_labels.py
[2023-06-29T23:49:38.639+0000] {processor.py:799} INFO - Processing file /home/airflow/.local/lib/python3.7/site-packages/airflow/example_dags/example_branch_labels.py for tasks to queue
[2023-06-29T23:49:38.640+0000] {logging_mixin.py:149} INFO - [2023-06-29T23:49:38.640+0000] {dagbag.py:541} INFO - Filling up the DagBag from /home/airflow/.local/lib/python3.7/site-packages/airflow/example_dags/example_branch_labels.py
[2023-06-29T23:49:38.650+0000] {processor.py:809} INFO - DAG(s) dict_keys(['example_branch_labels']) retrieved from /home/airflow/.local/lib/python3.7/site-packages/airflow/example_dags/example_branch_labels.py
[2023-06-29T23:49:38.683+0000] {logging_mixin.py:149} INFO - [2023-06-29T23:49:38.683+0000] {dag.py:2726} INFO - Sync 1 DAGs
[2023-06-29T23:49:38.718+0000] {logging_mixin.py:149} INFO - [2023-06-29T23:49:38.718+0000] {dag.py:3490} INFO - Setting next_dagrun for example_branch_labels to 2023-06-28T00:00:00+00:00, run_after=2023-06-29T00:00:00+00:00
[2023-06-29T23:49:38.741+0000] {processor.py:178} INFO - Processing /home/airflow/.local/lib/python3.7/site-packages/airflow/example_dags/example_branch_labels.py took 0.107 seconds
[2023-06-29T23:50:09.406+0000] {processor.py:156} INFO - Started process (PID=396) to work on /home/airflow/.local/lib/python3.7/site-packages/airflow/example_dags/example_branch_labels.py
[2023-06-29T23:50:09.407+0000] {processor.py:799} INFO - Processing file /home/airflow/.local/lib/python3.7/site-packages/airflow/example_dags/example_branch_labels.py for tasks to queue
[2023-06-29T23:50:09.408+0000] {logging_mixin.py:149} INFO - [2023-06-29T23:50:09.407+0000] {dagbag.py:541} INFO - Filling up the DagBag from /home/airflow/.local/lib/python3.7/site-packages/airflow/example_dags/example_branch_labels.py
[2023-06-29T23:50:09.417+0000] {processor.py:809} INFO - DAG(s) dict_keys(['example_branch_labels']) retrieved from /home/airflow/.local/lib/python3.7/site-packages/airflow/example_dags/example_branch_labels.py
[2023-06-29T23:50:09.450+0000] {logging_mixin.py:149} INFO - [2023-06-29T23:50:09.450+0000] {dag.py:2726} INFO - Sync 1 DAGs
[2023-06-29T23:50:09.486+0000] {logging_mixin.py:149} INFO - [2023-06-29T23:50:09.486+0000] {dag.py:3490} INFO - Setting next_dagrun for example_branch_labels to 2023-06-28T00:00:00+00:00, run_after=2023-06-29T00:00:00+00:00
[2023-06-29T23:50:09.507+0000] {processor.py:178} INFO - Processing /home/airflow/.local/lib/python3.7/site-packages/airflow/example_dags/example_branch_labels.py took 0.105 seconds
[2023-06-29T23:50:39.986+0000] {processor.py:156} INFO - Started process (PID=453) to work on /home/airflow/.local/lib/python3.7/site-packages/airflow/example_dags/example_branch_labels.py
[2023-06-29T23:50:39.987+0000] {processor.py:799} INFO - Processing file /home/airflow/.local/lib/python3.7/site-packages/airflow/example_dags/example_branch_labels.py for tasks to queue
[2023-06-29T23:50:39.988+0000] {logging_mixin.py:149} INFO - [2023-06-29T23:50:39.988+0000] {dagbag.py:541} INFO - Filling up the DagBag from /home/airflow/.local/lib/python3.7/site-packages/airflow/example_dags/example_branch_labels.py
[2023-06-29T23:50:39.997+0000] {processor.py:809} INFO - DAG(s) dict_keys(['example_branch_labels']) retrieved from /home/airflow/.local/lib/python3.7/site-packages/airflow/example_dags/example_branch_labels.py
[2023-06-29T23:50:40.052+0000] {logging_mixin.py:149} INFO - [2023-06-29T23:50:40.052+0000] {dag.py:2726} INFO - Sync 1 DAGs
[2023-06-29T23:50:40.087+0000] {logging_mixin.py:149} INFO - [2023-06-29T23:50:40.087+0000] {dag.py:3490} INFO - Setting next_dagrun for example_branch_labels to 2023-06-28T00:00:00+00:00, run_after=2023-06-29T00:00:00+00:00
[2023-06-29T23:50:40.110+0000] {processor.py:178} INFO - Processing /home/airflow/.local/lib/python3.7/site-packages/airflow/example_dags/example_branch_labels.py took 0.128 seconds
[2023-06-29T23:51:10.732+0000] {processor.py:156} INFO - Started process (PID=510) to work on /home/airflow/.local/lib/python3.7/site-packages/airflow/example_dags/example_branch_labels.py
[2023-06-29T23:51:10.733+0000] {processor.py:799} INFO - Processing file /home/airflow/.local/lib/python3.7/site-packages/airflow/example_dags/example_branch_labels.py for tasks to queue
[2023-06-29T23:51:10.734+0000] {logging_mixin.py:149} INFO - [2023-06-29T23:51:10.734+0000] {dagbag.py:541} INFO - Filling up the DagBag from /home/airflow/.local/lib/python3.7/site-packages/airflow/example_dags/example_branch_labels.py
[2023-06-29T23:51:10.752+0000] {processor.py:809} INFO - DAG(s) dict_keys(['example_branch_labels']) retrieved from /home/airflow/.local/lib/python3.7/site-packages/airflow/example_dags/example_branch_labels.py
[2023-06-29T23:51:10.812+0000] {logging_mixin.py:149} INFO - [2023-06-29T23:51:10.812+0000] {dag.py:2726} INFO - Sync 1 DAGs
[2023-06-29T23:51:10.849+0000] {logging_mixin.py:149} INFO - [2023-06-29T23:51:10.849+0000] {dag.py:3490} INFO - Setting next_dagrun for example_branch_labels to 2023-06-28T00:00:00+00:00, run_after=2023-06-29T00:00:00+00:00
[2023-06-29T23:51:10.870+0000] {processor.py:178} INFO - Processing /home/airflow/.local/lib/python3.7/site-packages/airflow/example_dags/example_branch_labels.py took 0.144 seconds
[2023-06-29T23:51:41.998+0000] {processor.py:156} INFO - Started process (PID=567) to work on /home/airflow/.local/lib/python3.7/site-packages/airflow/example_dags/example_branch_labels.py
[2023-06-29T23:51:42.006+0000] {processor.py:799} INFO - Processing file /home/airflow/.local/lib/python3.7/site-packages/airflow/example_dags/example_branch_labels.py for tasks to queue
[2023-06-29T23:51:42.007+0000] {logging_mixin.py:149} INFO - [2023-06-29T23:51:42.007+0000] {dagbag.py:541} INFO - Filling up the DagBag from /home/airflow/.local/lib/python3.7/site-packages/airflow/example_dags/example_branch_labels.py
[2023-06-29T23:51:42.017+0000] {processor.py:809} INFO - DAG(s) dict_keys(['example_branch_labels']) retrieved from /home/airflow/.local/lib/python3.7/site-packages/airflow/example_dags/example_branch_labels.py
[2023-06-29T23:51:42.108+0000] {logging_mixin.py:149} INFO - [2023-06-29T23:51:42.108+0000] {dag.py:2726} INFO - Sync 1 DAGs
[2023-06-29T23:51:42.184+0000] {logging_mixin.py:149} INFO - [2023-06-29T23:51:42.184+0000] {dag.py:3490} INFO - Setting next_dagrun for example_branch_labels to 2023-06-28T00:00:00+00:00, run_after=2023-06-29T00:00:00+00:00
[2023-06-29T23:51:42.261+0000] {processor.py:178} INFO - Processing /home/airflow/.local/lib/python3.7/site-packages/airflow/example_dags/example_branch_labels.py took 0.267 seconds
[2023-06-29T23:52:13.595+0000] {processor.py:156} INFO - Started process (PID=624) to work on /home/airflow/.local/lib/python3.7/site-packages/airflow/example_dags/example_branch_labels.py
[2023-06-29T23:52:13.600+0000] {processor.py:799} INFO - Processing file /home/airflow/.local/lib/python3.7/site-packages/airflow/example_dags/example_branch_labels.py for tasks to queue
[2023-06-29T23:52:13.601+0000] {logging_mixin.py:149} INFO - [2023-06-29T23:52:13.601+0000] {dagbag.py:541} INFO - Filling up the DagBag from /home/airflow/.local/lib/python3.7/site-packages/airflow/example_dags/example_branch_labels.py
[2023-06-29T23:52:13.621+0000] {processor.py:809} INFO - DAG(s) dict_keys(['example_branch_labels']) retrieved from /home/airflow/.local/lib/python3.7/site-packages/airflow/example_dags/example_branch_labels.py
[2023-06-29T23:52:13.702+0000] {logging_mixin.py:149} INFO - [2023-06-29T23:52:13.695+0000] {dag.py:2726} INFO - Sync 1 DAGs
[2023-06-29T23:52:13.801+0000] {logging_mixin.py:149} INFO - [2023-06-29T23:52:13.801+0000] {dag.py:3490} INFO - Setting next_dagrun for example_branch_labels to 2023-06-28T00:00:00+00:00, run_after=2023-06-29T00:00:00+00:00
[2023-06-29T23:52:13.939+0000] {processor.py:178} INFO - Processing /home/airflow/.local/lib/python3.7/site-packages/airflow/example_dags/example_branch_labels.py took 0.358 seconds
[2023-06-29T23:52:44.063+0000] {processor.py:156} INFO - Started process (PID=681) to work on /home/airflow/.local/lib/python3.7/site-packages/airflow/example_dags/example_branch_labels.py
[2023-06-29T23:52:44.065+0000] {processor.py:799} INFO - Processing file /home/airflow/.local/lib/python3.7/site-packages/airflow/example_dags/example_branch_labels.py for tasks to queue
[2023-06-29T23:52:44.066+0000] {logging_mixin.py:149} INFO - [2023-06-29T23:52:44.066+0000] {dagbag.py:541} INFO - Filling up the DagBag from /home/airflow/.local/lib/python3.7/site-packages/airflow/example_dags/example_branch_labels.py
[2023-06-29T23:52:44.077+0000] {processor.py:809} INFO - DAG(s) dict_keys(['example_branch_labels']) retrieved from /home/airflow/.local/lib/python3.7/site-packages/airflow/example_dags/example_branch_labels.py
[2023-06-29T23:52:44.112+0000] {logging_mixin.py:149} INFO - [2023-06-29T23:52:44.112+0000] {dag.py:2726} INFO - Sync 1 DAGs
[2023-06-29T23:52:44.149+0000] {logging_mixin.py:149} INFO - [2023-06-29T23:52:44.149+0000] {dag.py:3490} INFO - Setting next_dagrun for example_branch_labels to 2023-06-28T00:00:00+00:00, run_after=2023-06-29T00:00:00+00:00
[2023-06-29T23:52:44.174+0000] {processor.py:178} INFO - Processing /home/airflow/.local/lib/python3.7/site-packages/airflow/example_dags/example_branch_labels.py took 0.115 seconds
[2023-06-29T23:53:14.292+0000] {processor.py:156} INFO - Started process (PID=738) to work on /home/airflow/.local/lib/python3.7/site-packages/airflow/example_dags/example_branch_labels.py
[2023-06-29T23:53:14.293+0000] {processor.py:799} INFO - Processing file /home/airflow/.local/lib/python3.7/site-packages/airflow/example_dags/example_branch_labels.py for tasks to queue
[2023-06-29T23:53:14.294+0000] {logging_mixin.py:149} INFO - [2023-06-29T23:53:14.294+0000] {dagbag.py:541} INFO - Filling up the DagBag from /home/airflow/.local/lib/python3.7/site-packages/airflow/example_dags/example_branch_labels.py
[2023-06-29T23:53:14.303+0000] {processor.py:809} INFO - DAG(s) dict_keys(['example_branch_labels']) retrieved from /home/airflow/.local/lib/python3.7/site-packages/airflow/example_dags/example_branch_labels.py
[2023-06-29T23:53:14.335+0000] {logging_mixin.py:149} INFO - [2023-06-29T23:53:14.334+0000] {dag.py:2726} INFO - Sync 1 DAGs
[2023-06-29T23:53:14.370+0000] {logging_mixin.py:149} INFO - [2023-06-29T23:53:14.370+0000] {dag.py:3490} INFO - Setting next_dagrun for example_branch_labels to 2023-06-28T00:00:00+00:00, run_after=2023-06-29T00:00:00+00:00
[2023-06-29T23:53:14.392+0000] {processor.py:178} INFO - Processing /home/airflow/.local/lib/python3.7/site-packages/airflow/example_dags/example_branch_labels.py took 0.103 seconds
[2023-06-29T23:53:45.145+0000] {processor.py:156} INFO - Started process (PID=795) to work on /home/airflow/.local/lib/python3.7/site-packages/airflow/example_dags/example_branch_labels.py
[2023-06-29T23:53:45.146+0000] {processor.py:799} INFO - Processing file /home/airflow/.local/lib/python3.7/site-packages/airflow/example_dags/example_branch_labels.py for tasks to queue
[2023-06-29T23:53:45.148+0000] {logging_mixin.py:149} INFO - [2023-06-29T23:53:45.147+0000] {dagbag.py:541} INFO - Filling up the DagBag from /home/airflow/.local/lib/python3.7/site-packages/airflow/example_dags/example_branch_labels.py
[2023-06-29T23:53:45.158+0000] {processor.py:809} INFO - DAG(s) dict_keys(['example_branch_labels']) retrieved from /home/airflow/.local/lib/python3.7/site-packages/airflow/example_dags/example_branch_labels.py
[2023-06-29T23:53:45.193+0000] {logging_mixin.py:149} INFO - [2023-06-29T23:53:45.193+0000] {dag.py:2726} INFO - Sync 1 DAGs
[2023-06-29T23:53:45.229+0000] {logging_mixin.py:149} INFO - [2023-06-29T23:53:45.229+0000] {dag.py:3490} INFO - Setting next_dagrun for example_branch_labels to 2023-06-28T00:00:00+00:00, run_after=2023-06-29T00:00:00+00:00
[2023-06-29T23:53:45.252+0000] {processor.py:178} INFO - Processing /home/airflow/.local/lib/python3.7/site-packages/airflow/example_dags/example_branch_labels.py took 0.112 seconds
[2023-06-29T23:54:16.343+0000] {processor.py:156} INFO - Started process (PID=853) to work on /home/airflow/.local/lib/python3.7/site-packages/airflow/example_dags/example_branch_labels.py
[2023-06-29T23:54:16.344+0000] {processor.py:799} INFO - Processing file /home/airflow/.local/lib/python3.7/site-packages/airflow/example_dags/example_branch_labels.py for tasks to queue
[2023-06-29T23:54:16.345+0000] {logging_mixin.py:149} INFO - [2023-06-29T23:54:16.345+0000] {dagbag.py:541} INFO - Filling up the DagBag from /home/airflow/.local/lib/python3.7/site-packages/airflow/example_dags/example_branch_labels.py
[2023-06-29T23:54:16.355+0000] {processor.py:809} INFO - DAG(s) dict_keys(['example_branch_labels']) retrieved from /home/airflow/.local/lib/python3.7/site-packages/airflow/example_dags/example_branch_labels.py
[2023-06-29T23:54:16.394+0000] {logging_mixin.py:149} INFO - [2023-06-29T23:54:16.394+0000] {dag.py:2726} INFO - Sync 1 DAGs
[2023-06-29T23:54:16.443+0000] {logging_mixin.py:149} INFO - [2023-06-29T23:54:16.442+0000] {dag.py:3490} INFO - Setting next_dagrun for example_branch_labels to 2023-06-28T00:00:00+00:00, run_after=2023-06-29T00:00:00+00:00
[2023-06-29T23:54:16.486+0000] {processor.py:178} INFO - Processing /home/airflow/.local/lib/python3.7/site-packages/airflow/example_dags/example_branch_labels.py took 0.148 seconds
[2023-06-29T23:54:47.645+0000] {processor.py:156} INFO - Started process (PID=916) to work on /home/airflow/.local/lib/python3.7/site-packages/airflow/example_dags/example_branch_labels.py
[2023-06-29T23:54:47.655+0000] {processor.py:799} INFO - Processing file /home/airflow/.local/lib/python3.7/site-packages/airflow/example_dags/example_branch_labels.py for tasks to queue
[2023-06-29T23:54:47.656+0000] {logging_mixin.py:149} INFO - [2023-06-29T23:54:47.656+0000] {dagbag.py:541} INFO - Filling up the DagBag from /home/airflow/.local/lib/python3.7/site-packages/airflow/example_dags/example_branch_labels.py
[2023-06-29T23:54:47.691+0000] {processor.py:809} INFO - DAG(s) dict_keys(['example_branch_labels']) retrieved from /home/airflow/.local/lib/python3.7/site-packages/airflow/example_dags/example_branch_labels.py
[2023-06-29T23:54:47.767+0000] {logging_mixin.py:149} INFO - [2023-06-29T23:54:47.767+0000] {dag.py:2726} INFO - Sync 1 DAGs
[2023-06-29T23:54:47.847+0000] {logging_mixin.py:149} INFO - [2023-06-29T23:54:47.847+0000] {dag.py:3490} INFO - Setting next_dagrun for example_branch_labels to 2023-06-28T00:00:00+00:00, run_after=2023-06-29T00:00:00+00:00
[2023-06-29T23:54:47.897+0000] {processor.py:178} INFO - Processing /home/airflow/.local/lib/python3.7/site-packages/airflow/example_dags/example_branch_labels.py took 0.268 seconds
[2023-06-29T23:55:18.009+0000] {processor.py:156} INFO - Started process (PID=972) to work on /home/airflow/.local/lib/python3.7/site-packages/airflow/example_dags/example_branch_labels.py
[2023-06-29T23:55:18.010+0000] {processor.py:799} INFO - Processing file /home/airflow/.local/lib/python3.7/site-packages/airflow/example_dags/example_branch_labels.py for tasks to queue
[2023-06-29T23:55:18.011+0000] {logging_mixin.py:149} INFO - [2023-06-29T23:55:18.011+0000] {dagbag.py:541} INFO - Filling up the DagBag from /home/airflow/.local/lib/python3.7/site-packages/airflow/example_dags/example_branch_labels.py
[2023-06-29T23:55:18.021+0000] {processor.py:809} INFO - DAG(s) dict_keys(['example_branch_labels']) retrieved from /home/airflow/.local/lib/python3.7/site-packages/airflow/example_dags/example_branch_labels.py
[2023-06-29T23:55:18.118+0000] {logging_mixin.py:149} INFO - [2023-06-29T23:55:18.117+0000] {dag.py:2726} INFO - Sync 1 DAGs
[2023-06-29T23:55:18.188+0000] {logging_mixin.py:149} INFO - [2023-06-29T23:55:18.188+0000] {dag.py:3490} INFO - Setting next_dagrun for example_branch_labels to 2023-06-28T00:00:00+00:00, run_after=2023-06-29T00:00:00+00:00
[2023-06-29T23:55:18.241+0000] {processor.py:178} INFO - Processing /home/airflow/.local/lib/python3.7/site-packages/airflow/example_dags/example_branch_labels.py took 0.236 seconds
[2023-06-29T23:55:48.564+0000] {processor.py:156} INFO - Started process (PID=1028) to work on /home/airflow/.local/lib/python3.7/site-packages/airflow/example_dags/example_branch_labels.py
[2023-06-29T23:55:48.566+0000] {processor.py:799} INFO - Processing file /home/airflow/.local/lib/python3.7/site-packages/airflow/example_dags/example_branch_labels.py for tasks to queue
[2023-06-29T23:55:48.567+0000] {logging_mixin.py:149} INFO - [2023-06-29T23:55:48.567+0000] {dagbag.py:541} INFO - Filling up the DagBag from /home/airflow/.local/lib/python3.7/site-packages/airflow/example_dags/example_branch_labels.py
[2023-06-29T23:55:48.578+0000] {processor.py:809} INFO - DAG(s) dict_keys(['example_branch_labels']) retrieved from /home/airflow/.local/lib/python3.7/site-packages/airflow/example_dags/example_branch_labels.py
[2023-06-29T23:55:48.612+0000] {logging_mixin.py:149} INFO - [2023-06-29T23:55:48.612+0000] {dag.py:2726} INFO - Sync 1 DAGs
[2023-06-29T23:55:48.653+0000] {logging_mixin.py:149} INFO - [2023-06-29T23:55:48.653+0000] {dag.py:3490} INFO - Setting next_dagrun for example_branch_labels to 2023-06-28T00:00:00+00:00, run_after=2023-06-29T00:00:00+00:00
[2023-06-29T23:55:48.695+0000] {processor.py:178} INFO - Processing /home/airflow/.local/lib/python3.7/site-packages/airflow/example_dags/example_branch_labels.py took 0.135 seconds
[2023-06-29T23:56:19.349+0000] {processor.py:156} INFO - Started process (PID=1085) to work on /home/airflow/.local/lib/python3.7/site-packages/airflow/example_dags/example_branch_labels.py
[2023-06-29T23:56:19.354+0000] {processor.py:799} INFO - Processing file /home/airflow/.local/lib/python3.7/site-packages/airflow/example_dags/example_branch_labels.py for tasks to queue
[2023-06-29T23:56:19.355+0000] {logging_mixin.py:149} INFO - [2023-06-29T23:56:19.355+0000] {dagbag.py:541} INFO - Filling up the DagBag from /home/airflow/.local/lib/python3.7/site-packages/airflow/example_dags/example_branch_labels.py
[2023-06-29T23:56:19.368+0000] {processor.py:809} INFO - DAG(s) dict_keys(['example_branch_labels']) retrieved from /home/airflow/.local/lib/python3.7/site-packages/airflow/example_dags/example_branch_labels.py
[2023-06-29T23:56:19.417+0000] {logging_mixin.py:149} INFO - [2023-06-29T23:56:19.417+0000] {dag.py:2726} INFO - Sync 1 DAGs
[2023-06-29T23:56:19.463+0000] {logging_mixin.py:149} INFO - [2023-06-29T23:56:19.463+0000] {dag.py:3490} INFO - Setting next_dagrun for example_branch_labels to 2023-06-28T00:00:00+00:00, run_after=2023-06-29T00:00:00+00:00
[2023-06-29T23:56:19.502+0000] {processor.py:178} INFO - Processing /home/airflow/.local/lib/python3.7/site-packages/airflow/example_dags/example_branch_labels.py took 0.159 seconds
[2023-06-29T23:56:49.806+0000] {processor.py:156} INFO - Started process (PID=1142) to work on /home/airflow/.local/lib/python3.7/site-packages/airflow/example_dags/example_branch_labels.py
[2023-06-29T23:56:49.807+0000] {processor.py:799} INFO - Processing file /home/airflow/.local/lib/python3.7/site-packages/airflow/example_dags/example_branch_labels.py for tasks to queue
[2023-06-29T23:56:49.808+0000] {logging_mixin.py:149} INFO - [2023-06-29T23:56:49.808+0000] {dagbag.py:541} INFO - Filling up the DagBag from /home/airflow/.local/lib/python3.7/site-packages/airflow/example_dags/example_branch_labels.py
[2023-06-29T23:56:49.818+0000] {processor.py:809} INFO - DAG(s) dict_keys(['example_branch_labels']) retrieved from /home/airflow/.local/lib/python3.7/site-packages/airflow/example_dags/example_branch_labels.py
[2023-06-29T23:56:49.857+0000] {logging_mixin.py:149} INFO - [2023-06-29T23:56:49.857+0000] {dag.py:2726} INFO - Sync 1 DAGs
[2023-06-29T23:56:49.896+0000] {logging_mixin.py:149} INFO - [2023-06-29T23:56:49.895+0000] {dag.py:3490} INFO - Setting next_dagrun for example_branch_labels to 2023-06-28T00:00:00+00:00, run_after=2023-06-29T00:00:00+00:00
[2023-06-29T23:56:49.919+0000] {processor.py:178} INFO - Processing /home/airflow/.local/lib/python3.7/site-packages/airflow/example_dags/example_branch_labels.py took 0.117 seconds
[2023-06-29T23:57:20.158+0000] {processor.py:156} INFO - Started process (PID=1199) to work on /home/airflow/.local/lib/python3.7/site-packages/airflow/example_dags/example_branch_labels.py
[2023-06-29T23:57:20.161+0000] {processor.py:799} INFO - Processing file /home/airflow/.local/lib/python3.7/site-packages/airflow/example_dags/example_branch_labels.py for tasks to queue
[2023-06-29T23:57:20.162+0000] {logging_mixin.py:149} INFO - [2023-06-29T23:57:20.162+0000] {dagbag.py:541} INFO - Filling up the DagBag from /home/airflow/.local/lib/python3.7/site-packages/airflow/example_dags/example_branch_labels.py
[2023-06-29T23:57:20.172+0000] {processor.py:809} INFO - DAG(s) dict_keys(['example_branch_labels']) retrieved from /home/airflow/.local/lib/python3.7/site-packages/airflow/example_dags/example_branch_labels.py
[2023-06-29T23:57:20.209+0000] {logging_mixin.py:149} INFO - [2023-06-29T23:57:20.209+0000] {dag.py:2726} INFO - Sync 1 DAGs
[2023-06-29T23:57:20.247+0000] {logging_mixin.py:149} INFO - [2023-06-29T23:57:20.247+0000] {dag.py:3490} INFO - Setting next_dagrun for example_branch_labels to 2023-06-28T00:00:00+00:00, run_after=2023-06-29T00:00:00+00:00
[2023-06-29T23:57:20.270+0000] {processor.py:178} INFO - Processing /home/airflow/.local/lib/python3.7/site-packages/airflow/example_dags/example_branch_labels.py took 0.120 seconds
[2023-06-29T23:57:51.269+0000] {processor.py:156} INFO - Started process (PID=1256) to work on /home/airflow/.local/lib/python3.7/site-packages/airflow/example_dags/example_branch_labels.py
[2023-06-29T23:57:51.271+0000] {processor.py:799} INFO - Processing file /home/airflow/.local/lib/python3.7/site-packages/airflow/example_dags/example_branch_labels.py for tasks to queue
[2023-06-29T23:57:51.272+0000] {logging_mixin.py:149} INFO - [2023-06-29T23:57:51.271+0000] {dagbag.py:541} INFO - Filling up the DagBag from /home/airflow/.local/lib/python3.7/site-packages/airflow/example_dags/example_branch_labels.py
[2023-06-29T23:57:51.283+0000] {processor.py:809} INFO - DAG(s) dict_keys(['example_branch_labels']) retrieved from /home/airflow/.local/lib/python3.7/site-packages/airflow/example_dags/example_branch_labels.py
[2023-06-29T23:57:51.318+0000] {logging_mixin.py:149} INFO - [2023-06-29T23:57:51.318+0000] {dag.py:2726} INFO - Sync 1 DAGs
[2023-06-29T23:57:51.398+0000] {logging_mixin.py:149} INFO - [2023-06-29T23:57:51.386+0000] {dag.py:3490} INFO - Setting next_dagrun for example_branch_labels to 2023-06-28T00:00:00+00:00, run_after=2023-06-29T00:00:00+00:00
[2023-06-29T23:57:51.456+0000] {processor.py:178} INFO - Processing /home/airflow/.local/lib/python3.7/site-packages/airflow/example_dags/example_branch_labels.py took 0.192 seconds
[2023-06-29T23:58:22.481+0000] {processor.py:156} INFO - Started process (PID=1313) to work on /home/airflow/.local/lib/python3.7/site-packages/airflow/example_dags/example_branch_labels.py
[2023-06-29T23:58:22.482+0000] {processor.py:799} INFO - Processing file /home/airflow/.local/lib/python3.7/site-packages/airflow/example_dags/example_branch_labels.py for tasks to queue
[2023-06-29T23:58:22.483+0000] {logging_mixin.py:149} INFO - [2023-06-29T23:58:22.483+0000] {dagbag.py:541} INFO - Filling up the DagBag from /home/airflow/.local/lib/python3.7/site-packages/airflow/example_dags/example_branch_labels.py
[2023-06-29T23:58:22.494+0000] {processor.py:809} INFO - DAG(s) dict_keys(['example_branch_labels']) retrieved from /home/airflow/.local/lib/python3.7/site-packages/airflow/example_dags/example_branch_labels.py
[2023-06-29T23:58:22.565+0000] {logging_mixin.py:149} INFO - [2023-06-29T23:58:22.565+0000] {dag.py:2726} INFO - Sync 1 DAGs
[2023-06-29T23:58:22.638+0000] {logging_mixin.py:149} INFO - [2023-06-29T23:58:22.638+0000] {dag.py:3490} INFO - Setting next_dagrun for example_branch_labels to 2023-06-28T00:00:00+00:00, run_after=2023-06-29T00:00:00+00:00
[2023-06-29T23:58:22.700+0000] {processor.py:178} INFO - Processing /home/airflow/.local/lib/python3.7/site-packages/airflow/example_dags/example_branch_labels.py took 0.242 seconds
[2023-06-29T23:58:52.842+0000] {processor.py:156} INFO - Started process (PID=1371) to work on /home/airflow/.local/lib/python3.7/site-packages/airflow/example_dags/example_branch_labels.py
[2023-06-29T23:58:52.843+0000] {processor.py:799} INFO - Processing file /home/airflow/.local/lib/python3.7/site-packages/airflow/example_dags/example_branch_labels.py for tasks to queue
[2023-06-29T23:58:52.844+0000] {logging_mixin.py:149} INFO - [2023-06-29T23:58:52.844+0000] {dagbag.py:541} INFO - Filling up the DagBag from /home/airflow/.local/lib/python3.7/site-packages/airflow/example_dags/example_branch_labels.py
[2023-06-29T23:58:52.854+0000] {processor.py:809} INFO - DAG(s) dict_keys(['example_branch_labels']) retrieved from /home/airflow/.local/lib/python3.7/site-packages/airflow/example_dags/example_branch_labels.py
[2023-06-29T23:58:52.885+0000] {logging_mixin.py:149} INFO - [2023-06-29T23:58:52.885+0000] {dag.py:2726} INFO - Sync 1 DAGs
[2023-06-29T23:58:52.928+0000] {logging_mixin.py:149} INFO - [2023-06-29T23:58:52.928+0000] {dag.py:3490} INFO - Setting next_dagrun for example_branch_labels to 2023-06-28T00:00:00+00:00, run_after=2023-06-29T00:00:00+00:00
[2023-06-29T23:58:52.954+0000] {processor.py:178} INFO - Processing /home/airflow/.local/lib/python3.7/site-packages/airflow/example_dags/example_branch_labels.py took 0.117 seconds
[2023-06-29T23:59:23.124+0000] {processor.py:156} INFO - Started process (PID=1429) to work on /home/airflow/.local/lib/python3.7/site-packages/airflow/example_dags/example_branch_labels.py
[2023-06-29T23:59:23.125+0000] {processor.py:799} INFO - Processing file /home/airflow/.local/lib/python3.7/site-packages/airflow/example_dags/example_branch_labels.py for tasks to queue
[2023-06-29T23:59:23.126+0000] {logging_mixin.py:149} INFO - [2023-06-29T23:59:23.126+0000] {dagbag.py:541} INFO - Filling up the DagBag from /home/airflow/.local/lib/python3.7/site-packages/airflow/example_dags/example_branch_labels.py
[2023-06-29T23:59:23.136+0000] {processor.py:809} INFO - DAG(s) dict_keys(['example_branch_labels']) retrieved from /home/airflow/.local/lib/python3.7/site-packages/airflow/example_dags/example_branch_labels.py
[2023-06-29T23:59:23.171+0000] {logging_mixin.py:149} INFO - [2023-06-29T23:59:23.171+0000] {dag.py:2726} INFO - Sync 1 DAGs
[2023-06-29T23:59:23.212+0000] {logging_mixin.py:149} INFO - [2023-06-29T23:59:23.212+0000] {dag.py:3490} INFO - Setting next_dagrun for example_branch_labels to 2023-06-28T00:00:00+00:00, run_after=2023-06-29T00:00:00+00:00
[2023-06-29T23:59:23.234+0000] {processor.py:178} INFO - Processing /home/airflow/.local/lib/python3.7/site-packages/airflow/example_dags/example_branch_labels.py took 0.114 seconds
[2023-06-29T23:59:53.529+0000] {processor.py:156} INFO - Started process (PID=1485) to work on /home/airflow/.local/lib/python3.7/site-packages/airflow/example_dags/example_branch_labels.py
[2023-06-29T23:59:53.530+0000] {processor.py:799} INFO - Processing file /home/airflow/.local/lib/python3.7/site-packages/airflow/example_dags/example_branch_labels.py for tasks to queue
[2023-06-29T23:59:53.531+0000] {logging_mixin.py:149} INFO - [2023-06-29T23:59:53.531+0000] {dagbag.py:541} INFO - Filling up the DagBag from /home/airflow/.local/lib/python3.7/site-packages/airflow/example_dags/example_branch_labels.py
[2023-06-29T23:59:53.543+0000] {processor.py:809} INFO - DAG(s) dict_keys(['example_branch_labels']) retrieved from /home/airflow/.local/lib/python3.7/site-packages/airflow/example_dags/example_branch_labels.py
[2023-06-29T23:59:53.602+0000] {logging_mixin.py:149} INFO - [2023-06-29T23:59:53.602+0000] {dag.py:2726} INFO - Sync 1 DAGs
[2023-06-29T23:59:53.642+0000] {logging_mixin.py:149} INFO - [2023-06-29T23:59:53.641+0000] {dag.py:3490} INFO - Setting next_dagrun for example_branch_labels to 2023-06-28T00:00:00+00:00, run_after=2023-06-29T00:00:00+00:00
[2023-06-29T23:59:53.665+0000] {processor.py:178} INFO - Processing /home/airflow/.local/lib/python3.7/site-packages/airflow/example_dags/example_branch_labels.py took 0.141 seconds
