[2023-06-29T23:47:04.756+0000] {processor.py:156} INFO - Started process (PID=45) to work on /home/airflow/.local/lib/python3.7/site-packages/airflow/example_dags/example_params_trigger_ui.py
[2023-06-29T23:47:04.757+0000] {processor.py:799} INFO - Processing file /home/airflow/.local/lib/python3.7/site-packages/airflow/example_dags/example_params_trigger_ui.py for tasks to queue
[2023-06-29T23:47:04.758+0000] {logging_mixin.py:149} INFO - [2023-06-29T23:47:04.758+0000] {dagbag.py:541} INFO - Filling up the DagBag from /home/airflow/.local/lib/python3.7/site-packages/airflow/example_dags/example_params_trigger_ui.py
[2023-06-29T23:47:04.790+0000] {processor.py:809} INFO - DAG(s) dict_keys(['example_params_trigger_ui']) retrieved from /home/airflow/.local/lib/python3.7/site-packages/airflow/example_dags/example_params_trigger_ui.py
[2023-06-29T23:47:05.033+0000] {logging_mixin.py:149} INFO - [2023-06-29T23:47:05.033+0000] {dag.py:2726} INFO - Sync 1 DAGs
[2023-06-29T23:47:05.205+0000] {logging_mixin.py:149} INFO - [2023-06-29T23:47:05.205+0000] {dag.py:3490} INFO - Setting next_dagrun for example_params_trigger_ui to None, run_after=None
[2023-06-29T23:47:05.336+0000] {processor.py:178} INFO - Processing /home/airflow/.local/lib/python3.7/site-packages/airflow/example_dags/example_params_trigger_ui.py took 0.585 seconds
[2023-06-29T23:47:35.575+0000] {processor.py:156} INFO - Started process (PID=102) to work on /home/airflow/.local/lib/python3.7/site-packages/airflow/example_dags/example_params_trigger_ui.py
[2023-06-29T23:47:35.579+0000] {processor.py:799} INFO - Processing file /home/airflow/.local/lib/python3.7/site-packages/airflow/example_dags/example_params_trigger_ui.py for tasks to queue
[2023-06-29T23:47:35.579+0000] {logging_mixin.py:149} INFO - [2023-06-29T23:47:35.579+0000] {dagbag.py:541} INFO - Filling up the DagBag from /home/airflow/.local/lib/python3.7/site-packages/airflow/example_dags/example_params_trigger_ui.py
[2023-06-29T23:47:35.607+0000] {processor.py:809} INFO - DAG(s) dict_keys(['example_params_trigger_ui']) retrieved from /home/airflow/.local/lib/python3.7/site-packages/airflow/example_dags/example_params_trigger_ui.py
[2023-06-29T23:47:35.739+0000] {logging_mixin.py:149} INFO - [2023-06-29T23:47:35.739+0000] {dag.py:2726} INFO - Sync 1 DAGs
[2023-06-29T23:47:35.772+0000] {logging_mixin.py:149} INFO - [2023-06-29T23:47:35.772+0000] {dag.py:3490} INFO - Setting next_dagrun for example_params_trigger_ui to None, run_after=None
[2023-06-29T23:47:35.796+0000] {processor.py:178} INFO - Processing /home/airflow/.local/lib/python3.7/site-packages/airflow/example_dags/example_params_trigger_ui.py took 0.226 seconds
[2023-06-29T23:48:05.934+0000] {processor.py:156} INFO - Started process (PID=160) to work on /home/airflow/.local/lib/python3.7/site-packages/airflow/example_dags/example_params_trigger_ui.py
[2023-06-29T23:48:05.936+0000] {processor.py:799} INFO - Processing file /home/airflow/.local/lib/python3.7/site-packages/airflow/example_dags/example_params_trigger_ui.py for tasks to queue
[2023-06-29T23:48:05.936+0000] {logging_mixin.py:149} INFO - [2023-06-29T23:48:05.936+0000] {dagbag.py:541} INFO - Filling up the DagBag from /home/airflow/.local/lib/python3.7/site-packages/airflow/example_dags/example_params_trigger_ui.py
[2023-06-29T23:48:05.964+0000] {processor.py:809} INFO - DAG(s) dict_keys(['example_params_trigger_ui']) retrieved from /home/airflow/.local/lib/python3.7/site-packages/airflow/example_dags/example_params_trigger_ui.py
[2023-06-29T23:48:06.077+0000] {logging_mixin.py:149} INFO - [2023-06-29T23:48:06.077+0000] {dag.py:2726} INFO - Sync 1 DAGs
[2023-06-29T23:48:06.113+0000] {logging_mixin.py:149} INFO - [2023-06-29T23:48:06.112+0000] {dag.py:3490} INFO - Setting next_dagrun for example_params_trigger_ui to None, run_after=None
[2023-06-29T23:48:06.146+0000] {processor.py:178} INFO - Processing /home/airflow/.local/lib/python3.7/site-packages/airflow/example_dags/example_params_trigger_ui.py took 0.216 seconds
[2023-06-29T23:48:36.261+0000] {processor.py:156} INFO - Started process (PID=216) to work on /home/airflow/.local/lib/python3.7/site-packages/airflow/example_dags/example_params_trigger_ui.py
[2023-06-29T23:48:36.262+0000] {processor.py:799} INFO - Processing file /home/airflow/.local/lib/python3.7/site-packages/airflow/example_dags/example_params_trigger_ui.py for tasks to queue
[2023-06-29T23:48:36.263+0000] {logging_mixin.py:149} INFO - [2023-06-29T23:48:36.263+0000] {dagbag.py:541} INFO - Filling up the DagBag from /home/airflow/.local/lib/python3.7/site-packages/airflow/example_dags/example_params_trigger_ui.py
[2023-06-29T23:48:36.317+0000] {processor.py:809} INFO - DAG(s) dict_keys(['example_params_trigger_ui']) retrieved from /home/airflow/.local/lib/python3.7/site-packages/airflow/example_dags/example_params_trigger_ui.py
[2023-06-29T23:48:36.432+0000] {logging_mixin.py:149} INFO - [2023-06-29T23:48:36.431+0000] {dag.py:2726} INFO - Sync 1 DAGs
[2023-06-29T23:48:36.486+0000] {logging_mixin.py:149} INFO - [2023-06-29T23:48:36.486+0000] {dag.py:3490} INFO - Setting next_dagrun for example_params_trigger_ui to None, run_after=None
[2023-06-29T23:48:36.515+0000] {processor.py:178} INFO - Processing /home/airflow/.local/lib/python3.7/site-packages/airflow/example_dags/example_params_trigger_ui.py took 0.258 seconds
[2023-06-29T23:49:07.436+0000] {processor.py:156} INFO - Started process (PID=274) to work on /home/airflow/.local/lib/python3.7/site-packages/airflow/example_dags/example_params_trigger_ui.py
[2023-06-29T23:49:07.437+0000] {processor.py:799} INFO - Processing file /home/airflow/.local/lib/python3.7/site-packages/airflow/example_dags/example_params_trigger_ui.py for tasks to queue
[2023-06-29T23:49:07.438+0000] {logging_mixin.py:149} INFO - [2023-06-29T23:49:07.438+0000] {dagbag.py:541} INFO - Filling up the DagBag from /home/airflow/.local/lib/python3.7/site-packages/airflow/example_dags/example_params_trigger_ui.py
[2023-06-29T23:49:07.468+0000] {processor.py:809} INFO - DAG(s) dict_keys(['example_params_trigger_ui']) retrieved from /home/airflow/.local/lib/python3.7/site-packages/airflow/example_dags/example_params_trigger_ui.py
[2023-06-29T23:49:07.583+0000] {logging_mixin.py:149} INFO - [2023-06-29T23:49:07.583+0000] {dag.py:2726} INFO - Sync 1 DAGs
[2023-06-29T23:49:07.623+0000] {logging_mixin.py:149} INFO - [2023-06-29T23:49:07.622+0000] {dag.py:3490} INFO - Setting next_dagrun for example_params_trigger_ui to None, run_after=None
[2023-06-29T23:49:07.666+0000] {processor.py:178} INFO - Processing /home/airflow/.local/lib/python3.7/site-packages/airflow/example_dags/example_params_trigger_ui.py took 0.235 seconds
[2023-06-29T23:49:38.004+0000] {processor.py:156} INFO - Started process (PID=332) to work on /home/airflow/.local/lib/python3.7/site-packages/airflow/example_dags/example_params_trigger_ui.py
[2023-06-29T23:49:38.005+0000] {processor.py:799} INFO - Processing file /home/airflow/.local/lib/python3.7/site-packages/airflow/example_dags/example_params_trigger_ui.py for tasks to queue
[2023-06-29T23:49:38.006+0000] {logging_mixin.py:149} INFO - [2023-06-29T23:49:38.006+0000] {dagbag.py:541} INFO - Filling up the DagBag from /home/airflow/.local/lib/python3.7/site-packages/airflow/example_dags/example_params_trigger_ui.py
[2023-06-29T23:49:38.038+0000] {processor.py:809} INFO - DAG(s) dict_keys(['example_params_trigger_ui']) retrieved from /home/airflow/.local/lib/python3.7/site-packages/airflow/example_dags/example_params_trigger_ui.py
[2023-06-29T23:49:38.152+0000] {logging_mixin.py:149} INFO - [2023-06-29T23:49:38.152+0000] {dag.py:2726} INFO - Sync 1 DAGs
[2023-06-29T23:49:38.185+0000] {logging_mixin.py:149} INFO - [2023-06-29T23:49:38.185+0000] {dag.py:3490} INFO - Setting next_dagrun for example_params_trigger_ui to None, run_after=None
[2023-06-29T23:49:38.210+0000] {processor.py:178} INFO - Processing /home/airflow/.local/lib/python3.7/site-packages/airflow/example_dags/example_params_trigger_ui.py took 0.210 seconds
[2023-06-29T23:50:08.724+0000] {processor.py:156} INFO - Started process (PID=388) to work on /home/airflow/.local/lib/python3.7/site-packages/airflow/example_dags/example_params_trigger_ui.py
[2023-06-29T23:50:08.726+0000] {processor.py:799} INFO - Processing file /home/airflow/.local/lib/python3.7/site-packages/airflow/example_dags/example_params_trigger_ui.py for tasks to queue
[2023-06-29T23:50:08.727+0000] {logging_mixin.py:149} INFO - [2023-06-29T23:50:08.726+0000] {dagbag.py:541} INFO - Filling up the DagBag from /home/airflow/.local/lib/python3.7/site-packages/airflow/example_dags/example_params_trigger_ui.py
[2023-06-29T23:50:08.755+0000] {processor.py:809} INFO - DAG(s) dict_keys(['example_params_trigger_ui']) retrieved from /home/airflow/.local/lib/python3.7/site-packages/airflow/example_dags/example_params_trigger_ui.py
[2023-06-29T23:50:08.883+0000] {logging_mixin.py:149} INFO - [2023-06-29T23:50:08.883+0000] {dag.py:2726} INFO - Sync 1 DAGs
[2023-06-29T23:50:08.916+0000] {logging_mixin.py:149} INFO - [2023-06-29T23:50:08.916+0000] {dag.py:3490} INFO - Setting next_dagrun for example_params_trigger_ui to None, run_after=None
[2023-06-29T23:50:08.938+0000] {processor.py:178} INFO - Processing /home/airflow/.local/lib/python3.7/site-packages/airflow/example_dags/example_params_trigger_ui.py took 0.217 seconds
[2023-06-29T23:50:39.231+0000] {processor.py:156} INFO - Started process (PID=445) to work on /home/airflow/.local/lib/python3.7/site-packages/airflow/example_dags/example_params_trigger_ui.py
[2023-06-29T23:50:39.232+0000] {processor.py:799} INFO - Processing file /home/airflow/.local/lib/python3.7/site-packages/airflow/example_dags/example_params_trigger_ui.py for tasks to queue
[2023-06-29T23:50:39.233+0000] {logging_mixin.py:149} INFO - [2023-06-29T23:50:39.233+0000] {dagbag.py:541} INFO - Filling up the DagBag from /home/airflow/.local/lib/python3.7/site-packages/airflow/example_dags/example_params_trigger_ui.py
[2023-06-29T23:50:39.262+0000] {processor.py:809} INFO - DAG(s) dict_keys(['example_params_trigger_ui']) retrieved from /home/airflow/.local/lib/python3.7/site-packages/airflow/example_dags/example_params_trigger_ui.py
[2023-06-29T23:50:39.384+0000] {logging_mixin.py:149} INFO - [2023-06-29T23:50:39.384+0000] {dag.py:2726} INFO - Sync 1 DAGs
[2023-06-29T23:50:39.418+0000] {logging_mixin.py:149} INFO - [2023-06-29T23:50:39.417+0000] {dag.py:3490} INFO - Setting next_dagrun for example_params_trigger_ui to None, run_after=None
[2023-06-29T23:50:39.440+0000] {processor.py:178} INFO - Processing /home/airflow/.local/lib/python3.7/site-packages/airflow/example_dags/example_params_trigger_ui.py took 0.213 seconds
[2023-06-29T23:51:10.119+0000] {processor.py:156} INFO - Started process (PID=502) to work on /home/airflow/.local/lib/python3.7/site-packages/airflow/example_dags/example_params_trigger_ui.py
[2023-06-29T23:51:10.121+0000] {processor.py:799} INFO - Processing file /home/airflow/.local/lib/python3.7/site-packages/airflow/example_dags/example_params_trigger_ui.py for tasks to queue
[2023-06-29T23:51:10.122+0000] {logging_mixin.py:149} INFO - [2023-06-29T23:51:10.122+0000] {dagbag.py:541} INFO - Filling up the DagBag from /home/airflow/.local/lib/python3.7/site-packages/airflow/example_dags/example_params_trigger_ui.py
[2023-06-29T23:51:10.149+0000] {processor.py:809} INFO - DAG(s) dict_keys(['example_params_trigger_ui']) retrieved from /home/airflow/.local/lib/python3.7/site-packages/airflow/example_dags/example_params_trigger_ui.py
[2023-06-29T23:51:10.279+0000] {logging_mixin.py:149} INFO - [2023-06-29T23:51:10.278+0000] {dag.py:2726} INFO - Sync 1 DAGs
[2023-06-29T23:51:10.314+0000] {logging_mixin.py:149} INFO - [2023-06-29T23:51:10.314+0000] {dag.py:3490} INFO - Setting next_dagrun for example_params_trigger_ui to None, run_after=None
[2023-06-29T23:51:10.338+0000] {processor.py:178} INFO - Processing /home/airflow/.local/lib/python3.7/site-packages/airflow/example_dags/example_params_trigger_ui.py took 0.223 seconds
[2023-06-29T23:51:41.006+0000] {processor.py:156} INFO - Started process (PID=559) to work on /home/airflow/.local/lib/python3.7/site-packages/airflow/example_dags/example_params_trigger_ui.py
[2023-06-29T23:51:41.008+0000] {processor.py:799} INFO - Processing file /home/airflow/.local/lib/python3.7/site-packages/airflow/example_dags/example_params_trigger_ui.py for tasks to queue
[2023-06-29T23:51:41.012+0000] {logging_mixin.py:149} INFO - [2023-06-29T23:51:41.012+0000] {dagbag.py:541} INFO - Filling up the DagBag from /home/airflow/.local/lib/python3.7/site-packages/airflow/example_dags/example_params_trigger_ui.py
[2023-06-29T23:51:41.065+0000] {processor.py:809} INFO - DAG(s) dict_keys(['example_params_trigger_ui']) retrieved from /home/airflow/.local/lib/python3.7/site-packages/airflow/example_dags/example_params_trigger_ui.py
[2023-06-29T23:51:41.311+0000] {logging_mixin.py:149} INFO - [2023-06-29T23:51:41.311+0000] {dag.py:2726} INFO - Sync 1 DAGs
[2023-06-29T23:51:41.375+0000] {logging_mixin.py:149} INFO - [2023-06-29T23:51:41.375+0000] {dag.py:3490} INFO - Setting next_dagrun for example_params_trigger_ui to None, run_after=None
[2023-06-29T23:51:41.422+0000] {processor.py:178} INFO - Processing /home/airflow/.local/lib/python3.7/site-packages/airflow/example_dags/example_params_trigger_ui.py took 0.424 seconds
[2023-06-29T23:52:12.280+0000] {processor.py:156} INFO - Started process (PID=617) to work on /home/airflow/.local/lib/python3.7/site-packages/airflow/example_dags/example_params_trigger_ui.py
[2023-06-29T23:52:12.283+0000] {processor.py:799} INFO - Processing file /home/airflow/.local/lib/python3.7/site-packages/airflow/example_dags/example_params_trigger_ui.py for tasks to queue
[2023-06-29T23:52:12.284+0000] {logging_mixin.py:149} INFO - [2023-06-29T23:52:12.284+0000] {dagbag.py:541} INFO - Filling up the DagBag from /home/airflow/.local/lib/python3.7/site-packages/airflow/example_dags/example_params_trigger_ui.py
[2023-06-29T23:52:12.350+0000] {processor.py:809} INFO - DAG(s) dict_keys(['example_params_trigger_ui']) retrieved from /home/airflow/.local/lib/python3.7/site-packages/airflow/example_dags/example_params_trigger_ui.py
[2023-06-29T23:52:12.719+0000] {logging_mixin.py:149} INFO - [2023-06-29T23:52:12.719+0000] {dag.py:2726} INFO - Sync 1 DAGs
[2023-06-29T23:52:12.867+0000] {logging_mixin.py:149} INFO - [2023-06-29T23:52:12.867+0000] {dag.py:3490} INFO - Setting next_dagrun for example_params_trigger_ui to None, run_after=None
[2023-06-29T23:52:12.946+0000] {processor.py:178} INFO - Processing /home/airflow/.local/lib/python3.7/site-packages/airflow/example_dags/example_params_trigger_ui.py took 0.670 seconds
[2023-06-29T23:52:43.122+0000] {processor.py:156} INFO - Started process (PID=674) to work on /home/airflow/.local/lib/python3.7/site-packages/airflow/example_dags/example_params_trigger_ui.py
[2023-06-29T23:52:43.124+0000] {processor.py:799} INFO - Processing file /home/airflow/.local/lib/python3.7/site-packages/airflow/example_dags/example_params_trigger_ui.py for tasks to queue
[2023-06-29T23:52:43.125+0000] {logging_mixin.py:149} INFO - [2023-06-29T23:52:43.125+0000] {dagbag.py:541} INFO - Filling up the DagBag from /home/airflow/.local/lib/python3.7/site-packages/airflow/example_dags/example_params_trigger_ui.py
[2023-06-29T23:52:43.182+0000] {processor.py:809} INFO - DAG(s) dict_keys(['example_params_trigger_ui']) retrieved from /home/airflow/.local/lib/python3.7/site-packages/airflow/example_dags/example_params_trigger_ui.py
[2023-06-29T23:52:43.439+0000] {logging_mixin.py:149} INFO - [2023-06-29T23:52:43.439+0000] {dag.py:2726} INFO - Sync 1 DAGs
[2023-06-29T23:52:43.486+0000] {logging_mixin.py:149} INFO - [2023-06-29T23:52:43.486+0000] {dag.py:3490} INFO - Setting next_dagrun for example_params_trigger_ui to None, run_after=None
[2023-06-29T23:52:43.561+0000] {processor.py:178} INFO - Processing /home/airflow/.local/lib/python3.7/site-packages/airflow/example_dags/example_params_trigger_ui.py took 0.450 seconds
[2023-06-29T23:53:13.765+0000] {processor.py:156} INFO - Started process (PID=731) to work on /home/airflow/.local/lib/python3.7/site-packages/airflow/example_dags/example_params_trigger_ui.py
[2023-06-29T23:53:13.766+0000] {processor.py:799} INFO - Processing file /home/airflow/.local/lib/python3.7/site-packages/airflow/example_dags/example_params_trigger_ui.py for tasks to queue
[2023-06-29T23:53:13.767+0000] {logging_mixin.py:149} INFO - [2023-06-29T23:53:13.766+0000] {dagbag.py:541} INFO - Filling up the DagBag from /home/airflow/.local/lib/python3.7/site-packages/airflow/example_dags/example_params_trigger_ui.py
[2023-06-29T23:53:13.797+0000] {processor.py:809} INFO - DAG(s) dict_keys(['example_params_trigger_ui']) retrieved from /home/airflow/.local/lib/python3.7/site-packages/airflow/example_dags/example_params_trigger_ui.py
[2023-06-29T23:53:13.911+0000] {logging_mixin.py:149} INFO - [2023-06-29T23:53:13.911+0000] {dag.py:2726} INFO - Sync 1 DAGs
[2023-06-29T23:53:13.945+0000] {logging_mixin.py:149} INFO - [2023-06-29T23:53:13.945+0000] {dag.py:3490} INFO - Setting next_dagrun for example_params_trigger_ui to None, run_after=None
[2023-06-29T23:53:13.968+0000] {processor.py:178} INFO - Processing /home/airflow/.local/lib/python3.7/site-packages/airflow/example_dags/example_params_trigger_ui.py took 0.207 seconds
[2023-06-29T23:53:44.610+0000] {processor.py:156} INFO - Started process (PID=788) to work on /home/airflow/.local/lib/python3.7/site-packages/airflow/example_dags/example_params_trigger_ui.py
[2023-06-29T23:53:44.611+0000] {processor.py:799} INFO - Processing file /home/airflow/.local/lib/python3.7/site-packages/airflow/example_dags/example_params_trigger_ui.py for tasks to queue
[2023-06-29T23:53:44.612+0000] {logging_mixin.py:149} INFO - [2023-06-29T23:53:44.612+0000] {dagbag.py:541} INFO - Filling up the DagBag from /home/airflow/.local/lib/python3.7/site-packages/airflow/example_dags/example_params_trigger_ui.py
[2023-06-29T23:53:44.645+0000] {processor.py:809} INFO - DAG(s) dict_keys(['example_params_trigger_ui']) retrieved from /home/airflow/.local/lib/python3.7/site-packages/airflow/example_dags/example_params_trigger_ui.py
[2023-06-29T23:53:44.759+0000] {logging_mixin.py:149} INFO - [2023-06-29T23:53:44.759+0000] {dag.py:2726} INFO - Sync 1 DAGs
[2023-06-29T23:53:44.813+0000] {logging_mixin.py:149} INFO - [2023-06-29T23:53:44.813+0000] {dag.py:3490} INFO - Setting next_dagrun for example_params_trigger_ui to None, run_after=None
[2023-06-29T23:53:44.837+0000] {processor.py:178} INFO - Processing /home/airflow/.local/lib/python3.7/site-packages/airflow/example_dags/example_params_trigger_ui.py took 0.231 seconds
[2023-06-29T23:54:15.657+0000] {processor.py:156} INFO - Started process (PID=846) to work on /home/airflow/.local/lib/python3.7/site-packages/airflow/example_dags/example_params_trigger_ui.py
[2023-06-29T23:54:15.664+0000] {processor.py:799} INFO - Processing file /home/airflow/.local/lib/python3.7/site-packages/airflow/example_dags/example_params_trigger_ui.py for tasks to queue
[2023-06-29T23:54:15.667+0000] {logging_mixin.py:149} INFO - [2023-06-29T23:54:15.667+0000] {dagbag.py:541} INFO - Filling up the DagBag from /home/airflow/.local/lib/python3.7/site-packages/airflow/example_dags/example_params_trigger_ui.py
[2023-06-29T23:54:15.717+0000] {processor.py:809} INFO - DAG(s) dict_keys(['example_params_trigger_ui']) retrieved from /home/airflow/.local/lib/python3.7/site-packages/airflow/example_dags/example_params_trigger_ui.py
[2023-06-29T23:54:15.951+0000] {logging_mixin.py:149} INFO - [2023-06-29T23:54:15.951+0000] {dag.py:2726} INFO - Sync 1 DAGs
[2023-06-29T23:54:15.991+0000] {logging_mixin.py:149} INFO - [2023-06-29T23:54:15.990+0000] {dag.py:3490} INFO - Setting next_dagrun for example_params_trigger_ui to None, run_after=None
[2023-06-29T23:54:16.015+0000] {processor.py:178} INFO - Processing /home/airflow/.local/lib/python3.7/site-packages/airflow/example_dags/example_params_trigger_ui.py took 0.364 seconds
[2023-06-29T23:54:46.713+0000] {processor.py:156} INFO - Started process (PID=909) to work on /home/airflow/.local/lib/python3.7/site-packages/airflow/example_dags/example_params_trigger_ui.py
[2023-06-29T23:54:46.717+0000] {processor.py:799} INFO - Processing file /home/airflow/.local/lib/python3.7/site-packages/airflow/example_dags/example_params_trigger_ui.py for tasks to queue
[2023-06-29T23:54:46.719+0000] {logging_mixin.py:149} INFO - [2023-06-29T23:54:46.719+0000] {dagbag.py:541} INFO - Filling up the DagBag from /home/airflow/.local/lib/python3.7/site-packages/airflow/example_dags/example_params_trigger_ui.py
[2023-06-29T23:54:46.773+0000] {processor.py:809} INFO - DAG(s) dict_keys(['example_params_trigger_ui']) retrieved from /home/airflow/.local/lib/python3.7/site-packages/airflow/example_dags/example_params_trigger_ui.py
[2023-06-29T23:54:47.011+0000] {logging_mixin.py:149} INFO - [2023-06-29T23:54:47.011+0000] {dag.py:2726} INFO - Sync 1 DAGs
[2023-06-29T23:54:47.086+0000] {logging_mixin.py:149} INFO - [2023-06-29T23:54:47.086+0000] {dag.py:3490} INFO - Setting next_dagrun for example_params_trigger_ui to None, run_after=None
[2023-06-29T23:54:47.123+0000] {processor.py:178} INFO - Processing /home/airflow/.local/lib/python3.7/site-packages/airflow/example_dags/example_params_trigger_ui.py took 0.416 seconds
[2023-06-29T23:55:17.311+0000] {processor.py:156} INFO - Started process (PID=965) to work on /home/airflow/.local/lib/python3.7/site-packages/airflow/example_dags/example_params_trigger_ui.py
[2023-06-29T23:55:17.312+0000] {processor.py:799} INFO - Processing file /home/airflow/.local/lib/python3.7/site-packages/airflow/example_dags/example_params_trigger_ui.py for tasks to queue
[2023-06-29T23:55:17.313+0000] {logging_mixin.py:149} INFO - [2023-06-29T23:55:17.313+0000] {dagbag.py:541} INFO - Filling up the DagBag from /home/airflow/.local/lib/python3.7/site-packages/airflow/example_dags/example_params_trigger_ui.py
[2023-06-29T23:55:17.357+0000] {processor.py:809} INFO - DAG(s) dict_keys(['example_params_trigger_ui']) retrieved from /home/airflow/.local/lib/python3.7/site-packages/airflow/example_dags/example_params_trigger_ui.py
[2023-06-29T23:55:17.555+0000] {logging_mixin.py:149} INFO - [2023-06-29T23:55:17.555+0000] {dag.py:2726} INFO - Sync 1 DAGs
[2023-06-29T23:55:17.605+0000] {logging_mixin.py:149} INFO - [2023-06-29T23:55:17.605+0000] {dag.py:3490} INFO - Setting next_dagrun for example_params_trigger_ui to None, run_after=None
[2023-06-29T23:55:17.629+0000] {processor.py:178} INFO - Processing /home/airflow/.local/lib/python3.7/site-packages/airflow/example_dags/example_params_trigger_ui.py took 0.322 seconds
[2023-06-29T23:55:47.857+0000] {processor.py:156} INFO - Started process (PID=1021) to work on /home/airflow/.local/lib/python3.7/site-packages/airflow/example_dags/example_params_trigger_ui.py
[2023-06-29T23:55:47.870+0000] {processor.py:799} INFO - Processing file /home/airflow/.local/lib/python3.7/site-packages/airflow/example_dags/example_params_trigger_ui.py for tasks to queue
[2023-06-29T23:55:47.871+0000] {logging_mixin.py:149} INFO - [2023-06-29T23:55:47.871+0000] {dagbag.py:541} INFO - Filling up the DagBag from /home/airflow/.local/lib/python3.7/site-packages/airflow/example_dags/example_params_trigger_ui.py
[2023-06-29T23:55:47.923+0000] {processor.py:809} INFO - DAG(s) dict_keys(['example_params_trigger_ui']) retrieved from /home/airflow/.local/lib/python3.7/site-packages/airflow/example_dags/example_params_trigger_ui.py
[2023-06-29T23:55:48.071+0000] {logging_mixin.py:149} INFO - [2023-06-29T23:55:48.071+0000] {dag.py:2726} INFO - Sync 1 DAGs
[2023-06-29T23:55:48.134+0000] {logging_mixin.py:149} INFO - [2023-06-29T23:55:48.134+0000] {dag.py:3490} INFO - Setting next_dagrun for example_params_trigger_ui to None, run_after=None
[2023-06-29T23:55:48.167+0000] {processor.py:178} INFO - Processing /home/airflow/.local/lib/python3.7/site-packages/airflow/example_dags/example_params_trigger_ui.py took 0.315 seconds
[2023-06-29T23:56:18.632+0000] {processor.py:156} INFO - Started process (PID=1078) to work on /home/airflow/.local/lib/python3.7/site-packages/airflow/example_dags/example_params_trigger_ui.py
[2023-06-29T23:56:18.633+0000] {processor.py:799} INFO - Processing file /home/airflow/.local/lib/python3.7/site-packages/airflow/example_dags/example_params_trigger_ui.py for tasks to queue
[2023-06-29T23:56:18.634+0000] {logging_mixin.py:149} INFO - [2023-06-29T23:56:18.634+0000] {dagbag.py:541} INFO - Filling up the DagBag from /home/airflow/.local/lib/python3.7/site-packages/airflow/example_dags/example_params_trigger_ui.py
[2023-06-29T23:56:18.676+0000] {processor.py:809} INFO - DAG(s) dict_keys(['example_params_trigger_ui']) retrieved from /home/airflow/.local/lib/python3.7/site-packages/airflow/example_dags/example_params_trigger_ui.py
[2023-06-29T23:56:18.810+0000] {logging_mixin.py:149} INFO - [2023-06-29T23:56:18.810+0000] {dag.py:2726} INFO - Sync 1 DAGs
[2023-06-29T23:56:18.857+0000] {logging_mixin.py:149} INFO - [2023-06-29T23:56:18.857+0000] {dag.py:3490} INFO - Setting next_dagrun for example_params_trigger_ui to None, run_after=None
[2023-06-29T23:56:18.904+0000] {processor.py:178} INFO - Processing /home/airflow/.local/lib/python3.7/site-packages/airflow/example_dags/example_params_trigger_ui.py took 0.277 seconds
[2023-06-29T23:56:49.223+0000] {processor.py:156} INFO - Started process (PID=1135) to work on /home/airflow/.local/lib/python3.7/site-packages/airflow/example_dags/example_params_trigger_ui.py
[2023-06-29T23:56:49.224+0000] {processor.py:799} INFO - Processing file /home/airflow/.local/lib/python3.7/site-packages/airflow/example_dags/example_params_trigger_ui.py for tasks to queue
[2023-06-29T23:56:49.230+0000] {logging_mixin.py:149} INFO - [2023-06-29T23:56:49.229+0000] {dagbag.py:541} INFO - Filling up the DagBag from /home/airflow/.local/lib/python3.7/site-packages/airflow/example_dags/example_params_trigger_ui.py
[2023-06-29T23:56:49.259+0000] {processor.py:809} INFO - DAG(s) dict_keys(['example_params_trigger_ui']) retrieved from /home/airflow/.local/lib/python3.7/site-packages/airflow/example_dags/example_params_trigger_ui.py
[2023-06-29T23:56:49.378+0000] {logging_mixin.py:149} INFO - [2023-06-29T23:56:49.377+0000] {dag.py:2726} INFO - Sync 1 DAGs
[2023-06-29T23:56:49.414+0000] {logging_mixin.py:149} INFO - [2023-06-29T23:56:49.414+0000] {dag.py:3490} INFO - Setting next_dagrun for example_params_trigger_ui to None, run_after=None
[2023-06-29T23:56:49.438+0000] {processor.py:178} INFO - Processing /home/airflow/.local/lib/python3.7/site-packages/airflow/example_dags/example_params_trigger_ui.py took 0.223 seconds
[2023-06-29T23:57:19.583+0000] {processor.py:156} INFO - Started process (PID=1192) to work on /home/airflow/.local/lib/python3.7/site-packages/airflow/example_dags/example_params_trigger_ui.py
[2023-06-29T23:57:19.585+0000] {processor.py:799} INFO - Processing file /home/airflow/.local/lib/python3.7/site-packages/airflow/example_dags/example_params_trigger_ui.py for tasks to queue
[2023-06-29T23:57:19.586+0000] {logging_mixin.py:149} INFO - [2023-06-29T23:57:19.586+0000] {dagbag.py:541} INFO - Filling up the DagBag from /home/airflow/.local/lib/python3.7/site-packages/airflow/example_dags/example_params_trigger_ui.py
[2023-06-29T23:57:19.617+0000] {processor.py:809} INFO - DAG(s) dict_keys(['example_params_trigger_ui']) retrieved from /home/airflow/.local/lib/python3.7/site-packages/airflow/example_dags/example_params_trigger_ui.py
[2023-06-29T23:57:19.747+0000] {logging_mixin.py:149} INFO - [2023-06-29T23:57:19.747+0000] {dag.py:2726} INFO - Sync 1 DAGs
[2023-06-29T23:57:19.785+0000] {logging_mixin.py:149} INFO - [2023-06-29T23:57:19.785+0000] {dag.py:3490} INFO - Setting next_dagrun for example_params_trigger_ui to None, run_after=None
[2023-06-29T23:57:19.808+0000] {processor.py:178} INFO - Processing /home/airflow/.local/lib/python3.7/site-packages/airflow/example_dags/example_params_trigger_ui.py took 0.230 seconds
[2023-06-29T23:57:50.389+0000] {processor.py:156} INFO - Started process (PID=1249) to work on /home/airflow/.local/lib/python3.7/site-packages/airflow/example_dags/example_params_trigger_ui.py
[2023-06-29T23:57:50.390+0000] {processor.py:799} INFO - Processing file /home/airflow/.local/lib/python3.7/site-packages/airflow/example_dags/example_params_trigger_ui.py for tasks to queue
[2023-06-29T23:57:50.391+0000] {logging_mixin.py:149} INFO - [2023-06-29T23:57:50.391+0000] {dagbag.py:541} INFO - Filling up the DagBag from /home/airflow/.local/lib/python3.7/site-packages/airflow/example_dags/example_params_trigger_ui.py
[2023-06-29T23:57:50.451+0000] {processor.py:809} INFO - DAG(s) dict_keys(['example_params_trigger_ui']) retrieved from /home/airflow/.local/lib/python3.7/site-packages/airflow/example_dags/example_params_trigger_ui.py
[2023-06-29T23:57:50.674+0000] {logging_mixin.py:149} INFO - [2023-06-29T23:57:50.674+0000] {dag.py:2726} INFO - Sync 1 DAGs
[2023-06-29T23:57:50.770+0000] {logging_mixin.py:149} INFO - [2023-06-29T23:57:50.770+0000] {dag.py:3490} INFO - Setting next_dagrun for example_params_trigger_ui to None, run_after=None
[2023-06-29T23:57:50.824+0000] {processor.py:178} INFO - Processing /home/airflow/.local/lib/python3.7/site-packages/airflow/example_dags/example_params_trigger_ui.py took 0.449 seconds
[2023-06-29T23:58:20.939+0000] {processor.py:156} INFO - Started process (PID=1306) to work on /home/airflow/.local/lib/python3.7/site-packages/airflow/example_dags/example_params_trigger_ui.py
[2023-06-29T23:58:20.941+0000] {processor.py:799} INFO - Processing file /home/airflow/.local/lib/python3.7/site-packages/airflow/example_dags/example_params_trigger_ui.py for tasks to queue
[2023-06-29T23:58:20.942+0000] {logging_mixin.py:149} INFO - [2023-06-29T23:58:20.942+0000] {dagbag.py:541} INFO - Filling up the DagBag from /home/airflow/.local/lib/python3.7/site-packages/airflow/example_dags/example_params_trigger_ui.py
[2023-06-29T23:58:20.986+0000] {processor.py:809} INFO - DAG(s) dict_keys(['example_params_trigger_ui']) retrieved from /home/airflow/.local/lib/python3.7/site-packages/airflow/example_dags/example_params_trigger_ui.py
[2023-06-29T23:58:21.120+0000] {logging_mixin.py:149} INFO - [2023-06-29T23:58:21.120+0000] {dag.py:2726} INFO - Sync 1 DAGs
[2023-06-29T23:58:21.156+0000] {logging_mixin.py:149} INFO - [2023-06-29T23:58:21.156+0000] {dag.py:3490} INFO - Setting next_dagrun for example_params_trigger_ui to None, run_after=None
[2023-06-29T23:58:21.181+0000] {processor.py:178} INFO - Processing /home/airflow/.local/lib/python3.7/site-packages/airflow/example_dags/example_params_trigger_ui.py took 0.246 seconds
[2023-06-29T23:58:51.392+0000] {processor.py:156} INFO - Started process (PID=1364) to work on /home/airflow/.local/lib/python3.7/site-packages/airflow/example_dags/example_params_trigger_ui.py
[2023-06-29T23:58:51.393+0000] {processor.py:799} INFO - Processing file /home/airflow/.local/lib/python3.7/site-packages/airflow/example_dags/example_params_trigger_ui.py for tasks to queue
[2023-06-29T23:58:51.394+0000] {logging_mixin.py:149} INFO - [2023-06-29T23:58:51.394+0000] {dagbag.py:541} INFO - Filling up the DagBag from /home/airflow/.local/lib/python3.7/site-packages/airflow/example_dags/example_params_trigger_ui.py
[2023-06-29T23:58:51.424+0000] {processor.py:809} INFO - DAG(s) dict_keys(['example_params_trigger_ui']) retrieved from /home/airflow/.local/lib/python3.7/site-packages/airflow/example_dags/example_params_trigger_ui.py
[2023-06-29T23:58:51.540+0000] {logging_mixin.py:149} INFO - [2023-06-29T23:58:51.539+0000] {dag.py:2726} INFO - Sync 1 DAGs
[2023-06-29T23:58:51.575+0000] {logging_mixin.py:149} INFO - [2023-06-29T23:58:51.575+0000] {dag.py:3490} INFO - Setting next_dagrun for example_params_trigger_ui to None, run_after=None
[2023-06-29T23:58:51.599+0000] {processor.py:178} INFO - Processing /home/airflow/.local/lib/python3.7/site-packages/airflow/example_dags/example_params_trigger_ui.py took 0.211 seconds
[2023-06-29T23:59:21.672+0000] {processor.py:156} INFO - Started process (PID=1422) to work on /home/airflow/.local/lib/python3.7/site-packages/airflow/example_dags/example_params_trigger_ui.py
[2023-06-29T23:59:21.673+0000] {processor.py:799} INFO - Processing file /home/airflow/.local/lib/python3.7/site-packages/airflow/example_dags/example_params_trigger_ui.py for tasks to queue
[2023-06-29T23:59:21.674+0000] {logging_mixin.py:149} INFO - [2023-06-29T23:59:21.674+0000] {dagbag.py:541} INFO - Filling up the DagBag from /home/airflow/.local/lib/python3.7/site-packages/airflow/example_dags/example_params_trigger_ui.py
[2023-06-29T23:59:21.708+0000] {processor.py:809} INFO - DAG(s) dict_keys(['example_params_trigger_ui']) retrieved from /home/airflow/.local/lib/python3.7/site-packages/airflow/example_dags/example_params_trigger_ui.py
[2023-06-29T23:59:21.837+0000] {logging_mixin.py:149} INFO - [2023-06-29T23:59:21.837+0000] {dag.py:2726} INFO - Sync 1 DAGs
[2023-06-29T23:59:21.875+0000] {logging_mixin.py:149} INFO - [2023-06-29T23:59:21.874+0000] {dag.py:3490} INFO - Setting next_dagrun for example_params_trigger_ui to None, run_after=None
[2023-06-29T23:59:21.901+0000] {processor.py:178} INFO - Processing /home/airflow/.local/lib/python3.7/site-packages/airflow/example_dags/example_params_trigger_ui.py took 0.234 seconds
[2023-06-29T23:59:52.008+0000] {processor.py:156} INFO - Started process (PID=1479) to work on /home/airflow/.local/lib/python3.7/site-packages/airflow/example_dags/example_params_trigger_ui.py
[2023-06-29T23:59:52.009+0000] {processor.py:799} INFO - Processing file /home/airflow/.local/lib/python3.7/site-packages/airflow/example_dags/example_params_trigger_ui.py for tasks to queue
[2023-06-29T23:59:52.010+0000] {logging_mixin.py:149} INFO - [2023-06-29T23:59:52.010+0000] {dagbag.py:541} INFO - Filling up the DagBag from /home/airflow/.local/lib/python3.7/site-packages/airflow/example_dags/example_params_trigger_ui.py
[2023-06-29T23:59:52.039+0000] {processor.py:809} INFO - DAG(s) dict_keys(['example_params_trigger_ui']) retrieved from /home/airflow/.local/lib/python3.7/site-packages/airflow/example_dags/example_params_trigger_ui.py
[2023-06-29T23:59:52.152+0000] {logging_mixin.py:149} INFO - [2023-06-29T23:59:52.151+0000] {dag.py:2726} INFO - Sync 1 DAGs
[2023-06-29T23:59:52.185+0000] {logging_mixin.py:149} INFO - [2023-06-29T23:59:52.185+0000] {dag.py:3490} INFO - Setting next_dagrun for example_params_trigger_ui to None, run_after=None
[2023-06-29T23:59:52.208+0000] {processor.py:178} INFO - Processing /home/airflow/.local/lib/python3.7/site-packages/airflow/example_dags/example_params_trigger_ui.py took 0.204 seconds
