[2023-06-29T23:47:08.617+0000] {processor.py:156} INFO - Started process (PID=69) to work on /home/airflow/.local/lib/python3.7/site-packages/airflow/example_dags/example_short_circuit_operator.py
[2023-06-29T23:47:08.618+0000] {processor.py:799} INFO - Processing file /home/airflow/.local/lib/python3.7/site-packages/airflow/example_dags/example_short_circuit_operator.py for tasks to queue
[2023-06-29T23:47:08.619+0000] {logging_mixin.py:149} INFO - [2023-06-29T23:47:08.619+0000] {dagbag.py:541} INFO - Filling up the DagBag from /home/airflow/.local/lib/python3.7/site-packages/airflow/example_dags/example_short_circuit_operator.py
[2023-06-29T23:47:08.629+0000] {processor.py:809} INFO - DAG(s) dict_keys(['example_short_circuit_operator']) retrieved from /home/airflow/.local/lib/python3.7/site-packages/airflow/example_dags/example_short_circuit_operator.py
[2023-06-29T23:47:08.667+0000] {logging_mixin.py:149} INFO - [2023-06-29T23:47:08.667+0000] {dag.py:2726} INFO - Sync 1 DAGs
[2023-06-29T23:47:08.700+0000] {logging_mixin.py:149} INFO - [2023-06-29T23:47:08.700+0000] {dag.py:3490} INFO - Setting next_dagrun for example_short_circuit_operator to 2023-06-28T23:47:08.699824+00:00, run_after=2023-06-29T23:47:08.699824+00:00
[2023-06-29T23:47:08.731+0000] {processor.py:178} INFO - Processing /home/airflow/.local/lib/python3.7/site-packages/airflow/example_dags/example_short_circuit_operator.py took 0.118 seconds
[2023-06-29T23:47:39.439+0000] {processor.py:156} INFO - Started process (PID=125) to work on /home/airflow/.local/lib/python3.7/site-packages/airflow/example_dags/example_short_circuit_operator.py
[2023-06-29T23:47:39.440+0000] {processor.py:799} INFO - Processing file /home/airflow/.local/lib/python3.7/site-packages/airflow/example_dags/example_short_circuit_operator.py for tasks to queue
[2023-06-29T23:47:39.441+0000] {logging_mixin.py:149} INFO - [2023-06-29T23:47:39.441+0000] {dagbag.py:541} INFO - Filling up the DagBag from /home/airflow/.local/lib/python3.7/site-packages/airflow/example_dags/example_short_circuit_operator.py
[2023-06-29T23:47:39.455+0000] {processor.py:809} INFO - DAG(s) dict_keys(['example_short_circuit_operator']) retrieved from /home/airflow/.local/lib/python3.7/site-packages/airflow/example_dags/example_short_circuit_operator.py
[2023-06-29T23:47:39.491+0000] {logging_mixin.py:149} INFO - [2023-06-29T23:47:39.490+0000] {dag.py:2726} INFO - Sync 1 DAGs
[2023-06-29T23:47:39.529+0000] {logging_mixin.py:149} INFO - [2023-06-29T23:47:39.529+0000] {dag.py:3490} INFO - Setting next_dagrun for example_short_circuit_operator to 2023-06-28T23:47:39.528646+00:00, run_after=2023-06-29T23:47:39.528646+00:00
[2023-06-29T23:47:39.557+0000] {processor.py:178} INFO - Processing /home/airflow/.local/lib/python3.7/site-packages/airflow/example_dags/example_short_circuit_operator.py took 0.123 seconds
[2023-06-29T23:48:09.803+0000] {processor.py:156} INFO - Started process (PID=182) to work on /home/airflow/.local/lib/python3.7/site-packages/airflow/example_dags/example_short_circuit_operator.py
[2023-06-29T23:48:09.804+0000] {processor.py:799} INFO - Processing file /home/airflow/.local/lib/python3.7/site-packages/airflow/example_dags/example_short_circuit_operator.py for tasks to queue
[2023-06-29T23:48:09.804+0000] {logging_mixin.py:149} INFO - [2023-06-29T23:48:09.804+0000] {dagbag.py:541} INFO - Filling up the DagBag from /home/airflow/.local/lib/python3.7/site-packages/airflow/example_dags/example_short_circuit_operator.py
[2023-06-29T23:48:09.816+0000] {processor.py:809} INFO - DAG(s) dict_keys(['example_short_circuit_operator']) retrieved from /home/airflow/.local/lib/python3.7/site-packages/airflow/example_dags/example_short_circuit_operator.py
[2023-06-29T23:48:09.850+0000] {logging_mixin.py:149} INFO - [2023-06-29T23:48:09.850+0000] {dag.py:2726} INFO - Sync 1 DAGs
[2023-06-29T23:48:09.885+0000] {logging_mixin.py:149} INFO - [2023-06-29T23:48:09.885+0000] {dag.py:3490} INFO - Setting next_dagrun for example_short_circuit_operator to 2023-06-28T23:48:09.884893+00:00, run_after=2023-06-29T23:48:09.884893+00:00
[2023-06-29T23:48:09.907+0000] {processor.py:178} INFO - Processing /home/airflow/.local/lib/python3.7/site-packages/airflow/example_dags/example_short_circuit_operator.py took 0.109 seconds
[2023-06-29T23:48:40.050+0000] {processor.py:156} INFO - Started process (PID=239) to work on /home/airflow/.local/lib/python3.7/site-packages/airflow/example_dags/example_short_circuit_operator.py
[2023-06-29T23:48:40.051+0000] {processor.py:799} INFO - Processing file /home/airflow/.local/lib/python3.7/site-packages/airflow/example_dags/example_short_circuit_operator.py for tasks to queue
[2023-06-29T23:48:40.052+0000] {logging_mixin.py:149} INFO - [2023-06-29T23:48:40.052+0000] {dagbag.py:541} INFO - Filling up the DagBag from /home/airflow/.local/lib/python3.7/site-packages/airflow/example_dags/example_short_circuit_operator.py
[2023-06-29T23:48:40.062+0000] {processor.py:809} INFO - DAG(s) dict_keys(['example_short_circuit_operator']) retrieved from /home/airflow/.local/lib/python3.7/site-packages/airflow/example_dags/example_short_circuit_operator.py
[2023-06-29T23:48:40.099+0000] {logging_mixin.py:149} INFO - [2023-06-29T23:48:40.099+0000] {dag.py:2726} INFO - Sync 1 DAGs
[2023-06-29T23:48:40.133+0000] {logging_mixin.py:149} INFO - [2023-06-29T23:48:40.133+0000] {dag.py:3490} INFO - Setting next_dagrun for example_short_circuit_operator to 2023-06-28T23:48:40.133320+00:00, run_after=2023-06-29T23:48:40.133320+00:00
[2023-06-29T23:48:40.156+0000] {processor.py:178} INFO - Processing /home/airflow/.local/lib/python3.7/site-packages/airflow/example_dags/example_short_circuit_operator.py took 0.111 seconds
[2023-06-29T23:49:10.424+0000] {processor.py:156} INFO - Started process (PID=296) to work on /home/airflow/.local/lib/python3.7/site-packages/airflow/example_dags/example_short_circuit_operator.py
[2023-06-29T23:49:10.425+0000] {processor.py:799} INFO - Processing file /home/airflow/.local/lib/python3.7/site-packages/airflow/example_dags/example_short_circuit_operator.py for tasks to queue
[2023-06-29T23:49:10.425+0000] {logging_mixin.py:149} INFO - [2023-06-29T23:49:10.425+0000] {dagbag.py:541} INFO - Filling up the DagBag from /home/airflow/.local/lib/python3.7/site-packages/airflow/example_dags/example_short_circuit_operator.py
[2023-06-29T23:49:10.439+0000] {processor.py:809} INFO - DAG(s) dict_keys(['example_short_circuit_operator']) retrieved from /home/airflow/.local/lib/python3.7/site-packages/airflow/example_dags/example_short_circuit_operator.py
[2023-06-29T23:49:10.475+0000] {logging_mixin.py:149} INFO - [2023-06-29T23:49:10.475+0000] {dag.py:2726} INFO - Sync 1 DAGs
[2023-06-29T23:49:10.507+0000] {logging_mixin.py:149} INFO - [2023-06-29T23:49:10.507+0000] {dag.py:3490} INFO - Setting next_dagrun for example_short_circuit_operator to 2023-06-28T23:49:10.507346+00:00, run_after=2023-06-29T23:49:10.507346+00:00
[2023-06-29T23:49:10.529+0000] {processor.py:178} INFO - Processing /home/airflow/.local/lib/python3.7/site-packages/airflow/example_dags/example_short_circuit_operator.py took 0.109 seconds
[2023-06-29T23:49:40.644+0000] {processor.py:156} INFO - Started process (PID=354) to work on /home/airflow/.local/lib/python3.7/site-packages/airflow/example_dags/example_short_circuit_operator.py
[2023-06-29T23:49:40.647+0000] {processor.py:799} INFO - Processing file /home/airflow/.local/lib/python3.7/site-packages/airflow/example_dags/example_short_circuit_operator.py for tasks to queue
[2023-06-29T23:49:40.648+0000] {logging_mixin.py:149} INFO - [2023-06-29T23:49:40.647+0000] {dagbag.py:541} INFO - Filling up the DagBag from /home/airflow/.local/lib/python3.7/site-packages/airflow/example_dags/example_short_circuit_operator.py
[2023-06-29T23:49:40.659+0000] {processor.py:809} INFO - DAG(s) dict_keys(['example_short_circuit_operator']) retrieved from /home/airflow/.local/lib/python3.7/site-packages/airflow/example_dags/example_short_circuit_operator.py
[2023-06-29T23:49:40.696+0000] {logging_mixin.py:149} INFO - [2023-06-29T23:49:40.695+0000] {dag.py:2726} INFO - Sync 1 DAGs
[2023-06-29T23:49:40.728+0000] {logging_mixin.py:149} INFO - [2023-06-29T23:49:40.728+0000] {dag.py:3490} INFO - Setting next_dagrun for example_short_circuit_operator to 2023-06-28T23:49:40.727818+00:00, run_after=2023-06-29T23:49:40.727818+00:00
[2023-06-29T23:49:40.751+0000] {processor.py:178} INFO - Processing /home/airflow/.local/lib/python3.7/site-packages/airflow/example_dags/example_short_circuit_operator.py took 0.111 seconds
[2023-06-29T23:50:11.314+0000] {processor.py:156} INFO - Started process (PID=410) to work on /home/airflow/.local/lib/python3.7/site-packages/airflow/example_dags/example_short_circuit_operator.py
[2023-06-29T23:50:11.315+0000] {processor.py:799} INFO - Processing file /home/airflow/.local/lib/python3.7/site-packages/airflow/example_dags/example_short_circuit_operator.py for tasks to queue
[2023-06-29T23:50:11.316+0000] {logging_mixin.py:149} INFO - [2023-06-29T23:50:11.316+0000] {dagbag.py:541} INFO - Filling up the DagBag from /home/airflow/.local/lib/python3.7/site-packages/airflow/example_dags/example_short_circuit_operator.py
[2023-06-29T23:50:11.327+0000] {processor.py:809} INFO - DAG(s) dict_keys(['example_short_circuit_operator']) retrieved from /home/airflow/.local/lib/python3.7/site-packages/airflow/example_dags/example_short_circuit_operator.py
[2023-06-29T23:50:11.362+0000] {logging_mixin.py:149} INFO - [2023-06-29T23:50:11.362+0000] {dag.py:2726} INFO - Sync 1 DAGs
[2023-06-29T23:50:11.397+0000] {logging_mixin.py:149} INFO - [2023-06-29T23:50:11.397+0000] {dag.py:3490} INFO - Setting next_dagrun for example_short_circuit_operator to 2023-06-28T23:50:11.396927+00:00, run_after=2023-06-29T23:50:11.396927+00:00
[2023-06-29T23:50:11.421+0000] {processor.py:178} INFO - Processing /home/airflow/.local/lib/python3.7/site-packages/airflow/example_dags/example_short_circuit_operator.py took 0.110 seconds
[2023-06-29T23:50:42.332+0000] {processor.py:156} INFO - Started process (PID=467) to work on /home/airflow/.local/lib/python3.7/site-packages/airflow/example_dags/example_short_circuit_operator.py
[2023-06-29T23:50:42.340+0000] {processor.py:799} INFO - Processing file /home/airflow/.local/lib/python3.7/site-packages/airflow/example_dags/example_short_circuit_operator.py for tasks to queue
[2023-06-29T23:50:42.341+0000] {logging_mixin.py:149} INFO - [2023-06-29T23:50:42.341+0000] {dagbag.py:541} INFO - Filling up the DagBag from /home/airflow/.local/lib/python3.7/site-packages/airflow/example_dags/example_short_circuit_operator.py
[2023-06-29T23:50:42.357+0000] {processor.py:809} INFO - DAG(s) dict_keys(['example_short_circuit_operator']) retrieved from /home/airflow/.local/lib/python3.7/site-packages/airflow/example_dags/example_short_circuit_operator.py
[2023-06-29T23:50:42.436+0000] {logging_mixin.py:149} INFO - [2023-06-29T23:50:42.436+0000] {dag.py:2726} INFO - Sync 1 DAGs
[2023-06-29T23:50:42.504+0000] {logging_mixin.py:149} INFO - [2023-06-29T23:50:42.504+0000] {dag.py:3490} INFO - Setting next_dagrun for example_short_circuit_operator to 2023-06-28T23:50:42.503827+00:00, run_after=2023-06-29T23:50:42.503827+00:00
[2023-06-29T23:50:42.549+0000] {processor.py:178} INFO - Processing /home/airflow/.local/lib/python3.7/site-packages/airflow/example_dags/example_short_circuit_operator.py took 0.228 seconds
[2023-06-29T23:51:12.706+0000] {processor.py:156} INFO - Started process (PID=524) to work on /home/airflow/.local/lib/python3.7/site-packages/airflow/example_dags/example_short_circuit_operator.py
[2023-06-29T23:51:12.712+0000] {processor.py:799} INFO - Processing file /home/airflow/.local/lib/python3.7/site-packages/airflow/example_dags/example_short_circuit_operator.py for tasks to queue
[2023-06-29T23:51:12.713+0000] {logging_mixin.py:149} INFO - [2023-06-29T23:51:12.712+0000] {dagbag.py:541} INFO - Filling up the DagBag from /home/airflow/.local/lib/python3.7/site-packages/airflow/example_dags/example_short_circuit_operator.py
[2023-06-29T23:51:12.723+0000] {processor.py:809} INFO - DAG(s) dict_keys(['example_short_circuit_operator']) retrieved from /home/airflow/.local/lib/python3.7/site-packages/airflow/example_dags/example_short_circuit_operator.py
[2023-06-29T23:51:12.771+0000] {logging_mixin.py:149} INFO - [2023-06-29T23:51:12.771+0000] {dag.py:2726} INFO - Sync 1 DAGs
[2023-06-29T23:51:12.807+0000] {logging_mixin.py:149} INFO - [2023-06-29T23:51:12.806+0000] {dag.py:3490} INFO - Setting next_dagrun for example_short_circuit_operator to 2023-06-28T23:51:12.806379+00:00, run_after=2023-06-29T23:51:12.806379+00:00
[2023-06-29T23:51:12.841+0000] {processor.py:178} INFO - Processing /home/airflow/.local/lib/python3.7/site-packages/airflow/example_dags/example_short_circuit_operator.py took 0.140 seconds
[2023-06-29T23:51:43.166+0000] {processor.py:156} INFO - Started process (PID=581) to work on /home/airflow/.local/lib/python3.7/site-packages/airflow/example_dags/example_short_circuit_operator.py
[2023-06-29T23:51:43.167+0000] {processor.py:799} INFO - Processing file /home/airflow/.local/lib/python3.7/site-packages/airflow/example_dags/example_short_circuit_operator.py for tasks to queue
[2023-06-29T23:51:43.168+0000] {logging_mixin.py:149} INFO - [2023-06-29T23:51:43.168+0000] {dagbag.py:541} INFO - Filling up the DagBag from /home/airflow/.local/lib/python3.7/site-packages/airflow/example_dags/example_short_circuit_operator.py
[2023-06-29T23:51:43.179+0000] {processor.py:809} INFO - DAG(s) dict_keys(['example_short_circuit_operator']) retrieved from /home/airflow/.local/lib/python3.7/site-packages/airflow/example_dags/example_short_circuit_operator.py
[2023-06-29T23:51:43.214+0000] {logging_mixin.py:149} INFO - [2023-06-29T23:51:43.214+0000] {dag.py:2726} INFO - Sync 1 DAGs
[2023-06-29T23:51:43.248+0000] {logging_mixin.py:149} INFO - [2023-06-29T23:51:43.248+0000] {dag.py:3490} INFO - Setting next_dagrun for example_short_circuit_operator to 2023-06-28T23:51:43.247970+00:00, run_after=2023-06-29T23:51:43.247970+00:00
[2023-06-29T23:51:43.271+0000] {processor.py:178} INFO - Processing /home/airflow/.local/lib/python3.7/site-packages/airflow/example_dags/example_short_circuit_operator.py took 0.110 seconds
[2023-06-29T23:52:16.731+0000] {processor.py:156} INFO - Started process (PID=645) to work on /home/airflow/.local/lib/python3.7/site-packages/airflow/example_dags/example_short_circuit_operator.py
[2023-06-29T23:52:16.735+0000] {processor.py:799} INFO - Processing file /home/airflow/.local/lib/python3.7/site-packages/airflow/example_dags/example_short_circuit_operator.py for tasks to queue
[2023-06-29T23:52:16.736+0000] {logging_mixin.py:149} INFO - [2023-06-29T23:52:16.736+0000] {dagbag.py:541} INFO - Filling up the DagBag from /home/airflow/.local/lib/python3.7/site-packages/airflow/example_dags/example_short_circuit_operator.py
[2023-06-29T23:52:16.755+0000] {processor.py:809} INFO - DAG(s) dict_keys(['example_short_circuit_operator']) retrieved from /home/airflow/.local/lib/python3.7/site-packages/airflow/example_dags/example_short_circuit_operator.py
[2023-06-29T23:52:16.882+0000] {logging_mixin.py:149} INFO - [2023-06-29T23:52:16.881+0000] {dag.py:2726} INFO - Sync 1 DAGs
[2023-06-29T23:52:16.959+0000] {logging_mixin.py:149} INFO - [2023-06-29T23:52:16.959+0000] {dag.py:3490} INFO - Setting next_dagrun for example_short_circuit_operator to 2023-06-28T23:52:16.957465+00:00, run_after=2023-06-29T23:52:16.957465+00:00
[2023-06-29T23:52:17.059+0000] {processor.py:178} INFO - Processing /home/airflow/.local/lib/python3.7/site-packages/airflow/example_dags/example_short_circuit_operator.py took 0.352 seconds
[2023-06-29T23:52:47.949+0000] {processor.py:156} INFO - Started process (PID=702) to work on /home/airflow/.local/lib/python3.7/site-packages/airflow/example_dags/example_short_circuit_operator.py
[2023-06-29T23:52:47.966+0000] {processor.py:799} INFO - Processing file /home/airflow/.local/lib/python3.7/site-packages/airflow/example_dags/example_short_circuit_operator.py for tasks to queue
[2023-06-29T23:52:47.967+0000] {logging_mixin.py:149} INFO - [2023-06-29T23:52:47.967+0000] {dagbag.py:541} INFO - Filling up the DagBag from /home/airflow/.local/lib/python3.7/site-packages/airflow/example_dags/example_short_circuit_operator.py
[2023-06-29T23:52:47.982+0000] {processor.py:809} INFO - DAG(s) dict_keys(['example_short_circuit_operator']) retrieved from /home/airflow/.local/lib/python3.7/site-packages/airflow/example_dags/example_short_circuit_operator.py
[2023-06-29T23:52:48.071+0000] {logging_mixin.py:149} INFO - [2023-06-29T23:52:48.070+0000] {dag.py:2726} INFO - Sync 1 DAGs
[2023-06-29T23:52:48.119+0000] {logging_mixin.py:149} INFO - [2023-06-29T23:52:48.118+0000] {dag.py:3490} INFO - Setting next_dagrun for example_short_circuit_operator to 2023-06-28T23:52:48.118527+00:00, run_after=2023-06-29T23:52:48.118527+00:00
[2023-06-29T23:52:48.192+0000] {processor.py:178} INFO - Processing /home/airflow/.local/lib/python3.7/site-packages/airflow/example_dags/example_short_circuit_operator.py took 0.249 seconds
[2023-06-29T23:53:18.249+0000] {processor.py:156} INFO - Started process (PID=759) to work on /home/airflow/.local/lib/python3.7/site-packages/airflow/example_dags/example_short_circuit_operator.py
[2023-06-29T23:53:18.256+0000] {processor.py:799} INFO - Processing file /home/airflow/.local/lib/python3.7/site-packages/airflow/example_dags/example_short_circuit_operator.py for tasks to queue
[2023-06-29T23:53:18.257+0000] {logging_mixin.py:149} INFO - [2023-06-29T23:53:18.256+0000] {dagbag.py:541} INFO - Filling up the DagBag from /home/airflow/.local/lib/python3.7/site-packages/airflow/example_dags/example_short_circuit_operator.py
[2023-06-29T23:53:18.269+0000] {processor.py:809} INFO - DAG(s) dict_keys(['example_short_circuit_operator']) retrieved from /home/airflow/.local/lib/python3.7/site-packages/airflow/example_dags/example_short_circuit_operator.py
[2023-06-29T23:53:18.319+0000] {logging_mixin.py:149} INFO - [2023-06-29T23:53:18.319+0000] {dag.py:2726} INFO - Sync 1 DAGs
[2023-06-29T23:53:18.358+0000] {logging_mixin.py:149} INFO - [2023-06-29T23:53:18.357+0000] {dag.py:3490} INFO - Setting next_dagrun for example_short_circuit_operator to 2023-06-28T23:53:18.357660+00:00, run_after=2023-06-29T23:53:18.357660+00:00
[2023-06-29T23:53:18.386+0000] {processor.py:178} INFO - Processing /home/airflow/.local/lib/python3.7/site-packages/airflow/example_dags/example_short_circuit_operator.py took 0.141 seconds
[2023-06-29T23:53:49.128+0000] {processor.py:156} INFO - Started process (PID=817) to work on /home/airflow/.local/lib/python3.7/site-packages/airflow/example_dags/example_short_circuit_operator.py
[2023-06-29T23:53:49.130+0000] {processor.py:799} INFO - Processing file /home/airflow/.local/lib/python3.7/site-packages/airflow/example_dags/example_short_circuit_operator.py for tasks to queue
[2023-06-29T23:53:49.131+0000] {logging_mixin.py:149} INFO - [2023-06-29T23:53:49.130+0000] {dagbag.py:541} INFO - Filling up the DagBag from /home/airflow/.local/lib/python3.7/site-packages/airflow/example_dags/example_short_circuit_operator.py
[2023-06-29T23:53:49.143+0000] {processor.py:809} INFO - DAG(s) dict_keys(['example_short_circuit_operator']) retrieved from /home/airflow/.local/lib/python3.7/site-packages/airflow/example_dags/example_short_circuit_operator.py
[2023-06-29T23:53:49.180+0000] {logging_mixin.py:149} INFO - [2023-06-29T23:53:49.180+0000] {dag.py:2726} INFO - Sync 1 DAGs
[2023-06-29T23:53:49.214+0000] {logging_mixin.py:149} INFO - [2023-06-29T23:53:49.214+0000] {dag.py:3490} INFO - Setting next_dagrun for example_short_circuit_operator to 2023-06-28T23:53:49.214296+00:00, run_after=2023-06-29T23:53:49.214296+00:00
[2023-06-29T23:53:49.238+0000] {processor.py:178} INFO - Processing /home/airflow/.local/lib/python3.7/site-packages/airflow/example_dags/example_short_circuit_operator.py took 0.114 seconds
[2023-06-29T23:54:19.579+0000] {processor.py:156} INFO - Started process (PID=874) to work on /home/airflow/.local/lib/python3.7/site-packages/airflow/example_dags/example_short_circuit_operator.py
[2023-06-29T23:54:19.580+0000] {processor.py:799} INFO - Processing file /home/airflow/.local/lib/python3.7/site-packages/airflow/example_dags/example_short_circuit_operator.py for tasks to queue
[2023-06-29T23:54:19.581+0000] {logging_mixin.py:149} INFO - [2023-06-29T23:54:19.581+0000] {dagbag.py:541} INFO - Filling up the DagBag from /home/airflow/.local/lib/python3.7/site-packages/airflow/example_dags/example_short_circuit_operator.py
[2023-06-29T23:54:19.593+0000] {processor.py:809} INFO - DAG(s) dict_keys(['example_short_circuit_operator']) retrieved from /home/airflow/.local/lib/python3.7/site-packages/airflow/example_dags/example_short_circuit_operator.py
[2023-06-29T23:54:19.630+0000] {logging_mixin.py:149} INFO - [2023-06-29T23:54:19.630+0000] {dag.py:2726} INFO - Sync 1 DAGs
[2023-06-29T23:54:19.668+0000] {logging_mixin.py:149} INFO - [2023-06-29T23:54:19.668+0000] {dag.py:3490} INFO - Setting next_dagrun for example_short_circuit_operator to 2023-06-28T23:54:19.667689+00:00, run_after=2023-06-29T23:54:19.667689+00:00
[2023-06-29T23:54:19.693+0000] {processor.py:178} INFO - Processing /home/airflow/.local/lib/python3.7/site-packages/airflow/example_dags/example_short_circuit_operator.py took 0.118 seconds
[2023-06-29T23:54:50.130+0000] {processor.py:156} INFO - Started process (PID=930) to work on /home/airflow/.local/lib/python3.7/site-packages/airflow/example_dags/example_short_circuit_operator.py
[2023-06-29T23:54:50.132+0000] {processor.py:799} INFO - Processing file /home/airflow/.local/lib/python3.7/site-packages/airflow/example_dags/example_short_circuit_operator.py for tasks to queue
[2023-06-29T23:54:50.133+0000] {logging_mixin.py:149} INFO - [2023-06-29T23:54:50.132+0000] {dagbag.py:541} INFO - Filling up the DagBag from /home/airflow/.local/lib/python3.7/site-packages/airflow/example_dags/example_short_circuit_operator.py
[2023-06-29T23:54:50.147+0000] {processor.py:809} INFO - DAG(s) dict_keys(['example_short_circuit_operator']) retrieved from /home/airflow/.local/lib/python3.7/site-packages/airflow/example_dags/example_short_circuit_operator.py
[2023-06-29T23:54:50.187+0000] {logging_mixin.py:149} INFO - [2023-06-29T23:54:50.186+0000] {dag.py:2726} INFO - Sync 1 DAGs
[2023-06-29T23:54:50.223+0000] {logging_mixin.py:149} INFO - [2023-06-29T23:54:50.223+0000] {dag.py:3490} INFO - Setting next_dagrun for example_short_circuit_operator to 2023-06-28T23:54:50.222795+00:00, run_after=2023-06-29T23:54:50.222795+00:00
[2023-06-29T23:54:50.284+0000] {processor.py:178} INFO - Processing /home/airflow/.local/lib/python3.7/site-packages/airflow/example_dags/example_short_circuit_operator.py took 0.158 seconds
[2023-06-29T23:55:20.948+0000] {processor.py:156} INFO - Started process (PID=986) to work on /home/airflow/.local/lib/python3.7/site-packages/airflow/example_dags/example_short_circuit_operator.py
[2023-06-29T23:55:20.951+0000] {processor.py:799} INFO - Processing file /home/airflow/.local/lib/python3.7/site-packages/airflow/example_dags/example_short_circuit_operator.py for tasks to queue
[2023-06-29T23:55:20.952+0000] {logging_mixin.py:149} INFO - [2023-06-29T23:55:20.952+0000] {dagbag.py:541} INFO - Filling up the DagBag from /home/airflow/.local/lib/python3.7/site-packages/airflow/example_dags/example_short_circuit_operator.py
[2023-06-29T23:55:20.975+0000] {processor.py:809} INFO - DAG(s) dict_keys(['example_short_circuit_operator']) retrieved from /home/airflow/.local/lib/python3.7/site-packages/airflow/example_dags/example_short_circuit_operator.py
[2023-06-29T23:55:21.026+0000] {logging_mixin.py:149} INFO - [2023-06-29T23:55:21.025+0000] {dag.py:2726} INFO - Sync 1 DAGs
[2023-06-29T23:55:21.093+0000] {logging_mixin.py:149} INFO - [2023-06-29T23:55:21.093+0000] {dag.py:3490} INFO - Setting next_dagrun for example_short_circuit_operator to 2023-06-28T23:55:21.093125+00:00, run_after=2023-06-29T23:55:21.093125+00:00
[2023-06-29T23:55:21.148+0000] {processor.py:178} INFO - Processing /home/airflow/.local/lib/python3.7/site-packages/airflow/example_dags/example_short_circuit_operator.py took 0.214 seconds
[2023-06-29T23:55:51.929+0000] {processor.py:156} INFO - Started process (PID=1042) to work on /home/airflow/.local/lib/python3.7/site-packages/airflow/example_dags/example_short_circuit_operator.py
[2023-06-29T23:55:51.955+0000] {processor.py:799} INFO - Processing file /home/airflow/.local/lib/python3.7/site-packages/airflow/example_dags/example_short_circuit_operator.py for tasks to queue
[2023-06-29T23:55:51.956+0000] {logging_mixin.py:149} INFO - [2023-06-29T23:55:51.956+0000] {dagbag.py:541} INFO - Filling up the DagBag from /home/airflow/.local/lib/python3.7/site-packages/airflow/example_dags/example_short_circuit_operator.py
[2023-06-29T23:55:51.981+0000] {processor.py:809} INFO - DAG(s) dict_keys(['example_short_circuit_operator']) retrieved from /home/airflow/.local/lib/python3.7/site-packages/airflow/example_dags/example_short_circuit_operator.py
[2023-06-29T23:55:52.052+0000] {logging_mixin.py:149} INFO - [2023-06-29T23:55:52.051+0000] {dag.py:2726} INFO - Sync 1 DAGs
[2023-06-29T23:55:52.092+0000] {logging_mixin.py:149} INFO - [2023-06-29T23:55:52.091+0000] {dag.py:3490} INFO - Setting next_dagrun for example_short_circuit_operator to 2023-06-28T23:55:52.091351+00:00, run_after=2023-06-29T23:55:52.091351+00:00
[2023-06-29T23:55:52.159+0000] {processor.py:178} INFO - Processing /home/airflow/.local/lib/python3.7/site-packages/airflow/example_dags/example_short_circuit_operator.py took 0.235 seconds
[2023-06-29T23:56:22.713+0000] {processor.py:156} INFO - Started process (PID=1099) to work on /home/airflow/.local/lib/python3.7/site-packages/airflow/example_dags/example_short_circuit_operator.py
[2023-06-29T23:56:22.727+0000] {processor.py:799} INFO - Processing file /home/airflow/.local/lib/python3.7/site-packages/airflow/example_dags/example_short_circuit_operator.py for tasks to queue
[2023-06-29T23:56:22.728+0000] {logging_mixin.py:149} INFO - [2023-06-29T23:56:22.728+0000] {dagbag.py:541} INFO - Filling up the DagBag from /home/airflow/.local/lib/python3.7/site-packages/airflow/example_dags/example_short_circuit_operator.py
[2023-06-29T23:56:22.743+0000] {processor.py:809} INFO - DAG(s) dict_keys(['example_short_circuit_operator']) retrieved from /home/airflow/.local/lib/python3.7/site-packages/airflow/example_dags/example_short_circuit_operator.py
[2023-06-29T23:56:22.813+0000] {logging_mixin.py:149} INFO - [2023-06-29T23:56:22.812+0000] {dag.py:2726} INFO - Sync 1 DAGs
[2023-06-29T23:56:22.856+0000] {logging_mixin.py:149} INFO - [2023-06-29T23:56:22.856+0000] {dag.py:3490} INFO - Setting next_dagrun for example_short_circuit_operator to 2023-06-28T23:56:22.855783+00:00, run_after=2023-06-29T23:56:22.855783+00:00
[2023-06-29T23:56:22.896+0000] {processor.py:178} INFO - Processing /home/airflow/.local/lib/python3.7/site-packages/airflow/example_dags/example_short_circuit_operator.py took 0.188 seconds
[2023-06-29T23:56:52.945+0000] {processor.py:156} INFO - Started process (PID=1156) to work on /home/airflow/.local/lib/python3.7/site-packages/airflow/example_dags/example_short_circuit_operator.py
[2023-06-29T23:56:52.945+0000] {processor.py:799} INFO - Processing file /home/airflow/.local/lib/python3.7/site-packages/airflow/example_dags/example_short_circuit_operator.py for tasks to queue
[2023-06-29T23:56:52.946+0000] {logging_mixin.py:149} INFO - [2023-06-29T23:56:52.946+0000] {dagbag.py:541} INFO - Filling up the DagBag from /home/airflow/.local/lib/python3.7/site-packages/airflow/example_dags/example_short_circuit_operator.py
[2023-06-29T23:56:52.957+0000] {processor.py:809} INFO - DAG(s) dict_keys(['example_short_circuit_operator']) retrieved from /home/airflow/.local/lib/python3.7/site-packages/airflow/example_dags/example_short_circuit_operator.py
[2023-06-29T23:56:52.992+0000] {logging_mixin.py:149} INFO - [2023-06-29T23:56:52.991+0000] {dag.py:2726} INFO - Sync 1 DAGs
[2023-06-29T23:56:53.027+0000] {logging_mixin.py:149} INFO - [2023-06-29T23:56:53.027+0000] {dag.py:3490} INFO - Setting next_dagrun for example_short_circuit_operator to 2023-06-28T23:56:53.025501+00:00, run_after=2023-06-29T23:56:53.025501+00:00
[2023-06-29T23:56:53.052+0000] {processor.py:178} INFO - Processing /home/airflow/.local/lib/python3.7/site-packages/airflow/example_dags/example_short_circuit_operator.py took 0.111 seconds
[2023-06-29T23:57:23.155+0000] {processor.py:156} INFO - Started process (PID=1213) to work on /home/airflow/.local/lib/python3.7/site-packages/airflow/example_dags/example_short_circuit_operator.py
[2023-06-29T23:57:23.158+0000] {processor.py:799} INFO - Processing file /home/airflow/.local/lib/python3.7/site-packages/airflow/example_dags/example_short_circuit_operator.py for tasks to queue
[2023-06-29T23:57:23.159+0000] {logging_mixin.py:149} INFO - [2023-06-29T23:57:23.158+0000] {dagbag.py:541} INFO - Filling up the DagBag from /home/airflow/.local/lib/python3.7/site-packages/airflow/example_dags/example_short_circuit_operator.py
[2023-06-29T23:57:23.170+0000] {processor.py:809} INFO - DAG(s) dict_keys(['example_short_circuit_operator']) retrieved from /home/airflow/.local/lib/python3.7/site-packages/airflow/example_dags/example_short_circuit_operator.py
[2023-06-29T23:57:23.209+0000] {logging_mixin.py:149} INFO - [2023-06-29T23:57:23.208+0000] {dag.py:2726} INFO - Sync 1 DAGs
[2023-06-29T23:57:23.245+0000] {logging_mixin.py:149} INFO - [2023-06-29T23:57:23.244+0000] {dag.py:3490} INFO - Setting next_dagrun for example_short_circuit_operator to 2023-06-28T23:57:23.244321+00:00, run_after=2023-06-29T23:57:23.244321+00:00
[2023-06-29T23:57:23.270+0000] {processor.py:178} INFO - Processing /home/airflow/.local/lib/python3.7/site-packages/airflow/example_dags/example_short_circuit_operator.py took 0.124 seconds
[2023-06-29T23:57:53.759+0000] {processor.py:156} INFO - Started process (PID=1270) to work on /home/airflow/.local/lib/python3.7/site-packages/airflow/example_dags/example_short_circuit_operator.py
[2023-06-29T23:57:53.760+0000] {processor.py:799} INFO - Processing file /home/airflow/.local/lib/python3.7/site-packages/airflow/example_dags/example_short_circuit_operator.py for tasks to queue
[2023-06-29T23:57:53.761+0000] {logging_mixin.py:149} INFO - [2023-06-29T23:57:53.761+0000] {dagbag.py:541} INFO - Filling up the DagBag from /home/airflow/.local/lib/python3.7/site-packages/airflow/example_dags/example_short_circuit_operator.py
[2023-06-29T23:57:53.773+0000] {processor.py:809} INFO - DAG(s) dict_keys(['example_short_circuit_operator']) retrieved from /home/airflow/.local/lib/python3.7/site-packages/airflow/example_dags/example_short_circuit_operator.py
[2023-06-29T23:57:53.823+0000] {logging_mixin.py:149} INFO - [2023-06-29T23:57:53.822+0000] {dag.py:2726} INFO - Sync 1 DAGs
[2023-06-29T23:57:53.859+0000] {logging_mixin.py:149} INFO - [2023-06-29T23:57:53.859+0000] {dag.py:3490} INFO - Setting next_dagrun for example_short_circuit_operator to 2023-06-28T23:57:53.859016+00:00, run_after=2023-06-29T23:57:53.859016+00:00
[2023-06-29T23:57:53.883+0000] {processor.py:178} INFO - Processing /home/airflow/.local/lib/python3.7/site-packages/airflow/example_dags/example_short_circuit_operator.py took 0.129 seconds
[2023-06-29T23:58:24.547+0000] {processor.py:156} INFO - Started process (PID=1327) to work on /home/airflow/.local/lib/python3.7/site-packages/airflow/example_dags/example_short_circuit_operator.py
[2023-06-29T23:58:24.550+0000] {processor.py:799} INFO - Processing file /home/airflow/.local/lib/python3.7/site-packages/airflow/example_dags/example_short_circuit_operator.py for tasks to queue
[2023-06-29T23:58:24.551+0000] {logging_mixin.py:149} INFO - [2023-06-29T23:58:24.551+0000] {dagbag.py:541} INFO - Filling up the DagBag from /home/airflow/.local/lib/python3.7/site-packages/airflow/example_dags/example_short_circuit_operator.py
[2023-06-29T23:58:24.572+0000] {processor.py:809} INFO - DAG(s) dict_keys(['example_short_circuit_operator']) retrieved from /home/airflow/.local/lib/python3.7/site-packages/airflow/example_dags/example_short_circuit_operator.py
[2023-06-29T23:58:24.657+0000] {logging_mixin.py:149} INFO - [2023-06-29T23:58:24.657+0000] {dag.py:2726} INFO - Sync 1 DAGs
[2023-06-29T23:58:24.732+0000] {logging_mixin.py:149} INFO - [2023-06-29T23:58:24.731+0000] {dag.py:3490} INFO - Setting next_dagrun for example_short_circuit_operator to 2023-06-28T23:58:24.731451+00:00, run_after=2023-06-29T23:58:24.731451+00:00
[2023-06-29T23:58:24.798+0000] {processor.py:178} INFO - Processing /home/airflow/.local/lib/python3.7/site-packages/airflow/example_dags/example_short_circuit_operator.py took 0.267 seconds
[2023-06-29T23:58:55.072+0000] {processor.py:156} INFO - Started process (PID=1385) to work on /home/airflow/.local/lib/python3.7/site-packages/airflow/example_dags/example_short_circuit_operator.py
[2023-06-29T23:58:55.074+0000] {processor.py:799} INFO - Processing file /home/airflow/.local/lib/python3.7/site-packages/airflow/example_dags/example_short_circuit_operator.py for tasks to queue
[2023-06-29T23:58:55.074+0000] {logging_mixin.py:149} INFO - [2023-06-29T23:58:55.074+0000] {dagbag.py:541} INFO - Filling up the DagBag from /home/airflow/.local/lib/python3.7/site-packages/airflow/example_dags/example_short_circuit_operator.py
[2023-06-29T23:58:55.086+0000] {processor.py:809} INFO - DAG(s) dict_keys(['example_short_circuit_operator']) retrieved from /home/airflow/.local/lib/python3.7/site-packages/airflow/example_dags/example_short_circuit_operator.py
[2023-06-29T23:58:55.124+0000] {logging_mixin.py:149} INFO - [2023-06-29T23:58:55.123+0000] {dag.py:2726} INFO - Sync 1 DAGs
[2023-06-29T23:58:55.160+0000] {logging_mixin.py:149} INFO - [2023-06-29T23:58:55.160+0000] {dag.py:3490} INFO - Setting next_dagrun for example_short_circuit_operator to 2023-06-28T23:58:55.160376+00:00, run_after=2023-06-29T23:58:55.160376+00:00
[2023-06-29T23:58:55.186+0000] {processor.py:178} INFO - Processing /home/airflow/.local/lib/python3.7/site-packages/airflow/example_dags/example_short_circuit_operator.py took 0.118 seconds
[2023-06-29T23:59:25.289+0000] {processor.py:156} INFO - Started process (PID=1443) to work on /home/airflow/.local/lib/python3.7/site-packages/airflow/example_dags/example_short_circuit_operator.py
[2023-06-29T23:59:25.291+0000] {processor.py:799} INFO - Processing file /home/airflow/.local/lib/python3.7/site-packages/airflow/example_dags/example_short_circuit_operator.py for tasks to queue
[2023-06-29T23:59:25.291+0000] {logging_mixin.py:149} INFO - [2023-06-29T23:59:25.291+0000] {dagbag.py:541} INFO - Filling up the DagBag from /home/airflow/.local/lib/python3.7/site-packages/airflow/example_dags/example_short_circuit_operator.py
[2023-06-29T23:59:25.302+0000] {processor.py:809} INFO - DAG(s) dict_keys(['example_short_circuit_operator']) retrieved from /home/airflow/.local/lib/python3.7/site-packages/airflow/example_dags/example_short_circuit_operator.py
[2023-06-29T23:59:25.340+0000] {logging_mixin.py:149} INFO - [2023-06-29T23:59:25.339+0000] {dag.py:2726} INFO - Sync 1 DAGs
[2023-06-29T23:59:25.372+0000] {logging_mixin.py:149} INFO - [2023-06-29T23:59:25.372+0000] {dag.py:3490} INFO - Setting next_dagrun for example_short_circuit_operator to 2023-06-28T23:59:25.372075+00:00, run_after=2023-06-29T23:59:25.372075+00:00
[2023-06-29T23:59:25.396+0000] {processor.py:178} INFO - Processing /home/airflow/.local/lib/python3.7/site-packages/airflow/example_dags/example_short_circuit_operator.py took 0.111 seconds
[2023-06-29T23:59:55.750+0000] {processor.py:156} INFO - Started process (PID=1499) to work on /home/airflow/.local/lib/python3.7/site-packages/airflow/example_dags/example_short_circuit_operator.py
[2023-06-29T23:59:55.752+0000] {processor.py:799} INFO - Processing file /home/airflow/.local/lib/python3.7/site-packages/airflow/example_dags/example_short_circuit_operator.py for tasks to queue
[2023-06-29T23:59:55.753+0000] {logging_mixin.py:149} INFO - [2023-06-29T23:59:55.753+0000] {dagbag.py:541} INFO - Filling up the DagBag from /home/airflow/.local/lib/python3.7/site-packages/airflow/example_dags/example_short_circuit_operator.py
[2023-06-29T23:59:55.764+0000] {processor.py:809} INFO - DAG(s) dict_keys(['example_short_circuit_operator']) retrieved from /home/airflow/.local/lib/python3.7/site-packages/airflow/example_dags/example_short_circuit_operator.py
[2023-06-29T23:59:55.806+0000] {logging_mixin.py:149} INFO - [2023-06-29T23:59:55.806+0000] {dag.py:2726} INFO - Sync 1 DAGs
[2023-06-29T23:59:55.844+0000] {logging_mixin.py:149} INFO - [2023-06-29T23:59:55.844+0000] {dag.py:3490} INFO - Setting next_dagrun for example_short_circuit_operator to 2023-06-28T23:59:55.844254+00:00, run_after=2023-06-29T23:59:55.844254+00:00
[2023-06-29T23:59:55.867+0000] {processor.py:178} INFO - Processing /home/airflow/.local/lib/python3.7/site-packages/airflow/example_dags/example_short_circuit_operator.py took 0.121 seconds
