[2023-06-29T23:47:07.720+0000] {processor.py:156} INFO - Started process (PID=64) to work on /home/airflow/.local/lib/python3.7/site-packages/airflow/example_dags/example_kubernetes_executor.py
[2023-06-29T23:47:07.721+0000] {processor.py:799} INFO - Processing file /home/airflow/.local/lib/python3.7/site-packages/airflow/example_dags/example_kubernetes_executor.py for tasks to queue
[2023-06-29T23:47:07.724+0000] {logging_mixin.py:149} INFO - [2023-06-29T23:47:07.723+0000] {dagbag.py:541} INFO - Filling up the DagBag from /home/airflow/.local/lib/python3.7/site-packages/airflow/example_dags/example_kubernetes_executor.py
[2023-06-29T23:47:09.467+0000] {processor.py:809} INFO - DAG(s) dict_keys(['example_kubernetes_executor']) retrieved from /home/airflow/.local/lib/python3.7/site-packages/airflow/example_dags/example_kubernetes_executor.py
[2023-06-29T23:47:09.542+0000] {logging_mixin.py:149} INFO - [2023-06-29T23:47:09.542+0000] {dag.py:2726} INFO - Sync 1 DAGs
[2023-06-29T23:47:09.591+0000] {logging_mixin.py:149} INFO - [2023-06-29T23:47:09.591+0000] {dag.py:3490} INFO - Setting next_dagrun for example_kubernetes_executor to None, run_after=None
[2023-06-29T23:47:09.620+0000] {processor.py:178} INFO - Processing /home/airflow/.local/lib/python3.7/site-packages/airflow/example_dags/example_kubernetes_executor.py took 1.906 seconds
[2023-06-29T23:47:39.787+0000] {processor.py:156} INFO - Started process (PID=128) to work on /home/airflow/.local/lib/python3.7/site-packages/airflow/example_dags/example_kubernetes_executor.py
[2023-06-29T23:47:39.789+0000] {processor.py:799} INFO - Processing file /home/airflow/.local/lib/python3.7/site-packages/airflow/example_dags/example_kubernetes_executor.py for tasks to queue
[2023-06-29T23:47:39.790+0000] {logging_mixin.py:149} INFO - [2023-06-29T23:47:39.790+0000] {dagbag.py:541} INFO - Filling up the DagBag from /home/airflow/.local/lib/python3.7/site-packages/airflow/example_dags/example_kubernetes_executor.py
[2023-06-29T23:47:40.068+0000] {processor.py:809} INFO - DAG(s) dict_keys(['example_kubernetes_executor']) retrieved from /home/airflow/.local/lib/python3.7/site-packages/airflow/example_dags/example_kubernetes_executor.py
[2023-06-29T23:47:40.107+0000] {logging_mixin.py:149} INFO - [2023-06-29T23:47:40.107+0000] {dag.py:2726} INFO - Sync 1 DAGs
[2023-06-29T23:47:40.141+0000] {logging_mixin.py:149} INFO - [2023-06-29T23:47:40.140+0000] {dag.py:3490} INFO - Setting next_dagrun for example_kubernetes_executor to None, run_after=None
[2023-06-29T23:47:40.165+0000] {processor.py:178} INFO - Processing /home/airflow/.local/lib/python3.7/site-packages/airflow/example_dags/example_kubernetes_executor.py took 0.381 seconds
[2023-06-29T23:48:10.987+0000] {processor.py:156} INFO - Started process (PID=185) to work on /home/airflow/.local/lib/python3.7/site-packages/airflow/example_dags/example_kubernetes_executor.py
[2023-06-29T23:48:10.988+0000] {processor.py:799} INFO - Processing file /home/airflow/.local/lib/python3.7/site-packages/airflow/example_dags/example_kubernetes_executor.py for tasks to queue
[2023-06-29T23:48:10.988+0000] {logging_mixin.py:149} INFO - [2023-06-29T23:48:10.988+0000] {dagbag.py:541} INFO - Filling up the DagBag from /home/airflow/.local/lib/python3.7/site-packages/airflow/example_dags/example_kubernetes_executor.py
[2023-06-29T23:48:11.311+0000] {processor.py:809} INFO - DAG(s) dict_keys(['example_kubernetes_executor']) retrieved from /home/airflow/.local/lib/python3.7/site-packages/airflow/example_dags/example_kubernetes_executor.py
[2023-06-29T23:48:11.347+0000] {logging_mixin.py:149} INFO - [2023-06-29T23:48:11.347+0000] {dag.py:2726} INFO - Sync 1 DAGs
[2023-06-29T23:48:11.382+0000] {logging_mixin.py:149} INFO - [2023-06-29T23:48:11.382+0000] {dag.py:3490} INFO - Setting next_dagrun for example_kubernetes_executor to None, run_after=None
[2023-06-29T23:48:11.415+0000] {processor.py:178} INFO - Processing /home/airflow/.local/lib/python3.7/site-packages/airflow/example_dags/example_kubernetes_executor.py took 0.432 seconds
[2023-06-29T23:48:42.217+0000] {processor.py:156} INFO - Started process (PID=242) to work on /home/airflow/.local/lib/python3.7/site-packages/airflow/example_dags/example_kubernetes_executor.py
[2023-06-29T23:48:42.220+0000] {processor.py:799} INFO - Processing file /home/airflow/.local/lib/python3.7/site-packages/airflow/example_dags/example_kubernetes_executor.py for tasks to queue
[2023-06-29T23:48:42.221+0000] {logging_mixin.py:149} INFO - [2023-06-29T23:48:42.221+0000] {dagbag.py:541} INFO - Filling up the DagBag from /home/airflow/.local/lib/python3.7/site-packages/airflow/example_dags/example_kubernetes_executor.py
[2023-06-29T23:48:42.551+0000] {processor.py:809} INFO - DAG(s) dict_keys(['example_kubernetes_executor']) retrieved from /home/airflow/.local/lib/python3.7/site-packages/airflow/example_dags/example_kubernetes_executor.py
[2023-06-29T23:48:42.594+0000] {logging_mixin.py:149} INFO - [2023-06-29T23:48:42.594+0000] {dag.py:2726} INFO - Sync 1 DAGs
[2023-06-29T23:48:42.629+0000] {logging_mixin.py:149} INFO - [2023-06-29T23:48:42.629+0000] {dag.py:3490} INFO - Setting next_dagrun for example_kubernetes_executor to None, run_after=None
[2023-06-29T23:48:42.652+0000] {processor.py:178} INFO - Processing /home/airflow/.local/lib/python3.7/site-packages/airflow/example_dags/example_kubernetes_executor.py took 0.438 seconds
[2023-06-29T23:49:12.752+0000] {processor.py:156} INFO - Started process (PID=299) to work on /home/airflow/.local/lib/python3.7/site-packages/airflow/example_dags/example_kubernetes_executor.py
[2023-06-29T23:49:12.753+0000] {processor.py:799} INFO - Processing file /home/airflow/.local/lib/python3.7/site-packages/airflow/example_dags/example_kubernetes_executor.py for tasks to queue
[2023-06-29T23:49:12.754+0000] {logging_mixin.py:149} INFO - [2023-06-29T23:49:12.754+0000] {dagbag.py:541} INFO - Filling up the DagBag from /home/airflow/.local/lib/python3.7/site-packages/airflow/example_dags/example_kubernetes_executor.py
[2023-06-29T23:49:13.060+0000] {processor.py:809} INFO - DAG(s) dict_keys(['example_kubernetes_executor']) retrieved from /home/airflow/.local/lib/python3.7/site-packages/airflow/example_dags/example_kubernetes_executor.py
[2023-06-29T23:49:13.110+0000] {logging_mixin.py:149} INFO - [2023-06-29T23:49:13.110+0000] {dag.py:2726} INFO - Sync 1 DAGs
[2023-06-29T23:49:13.145+0000] {logging_mixin.py:149} INFO - [2023-06-29T23:49:13.144+0000] {dag.py:3490} INFO - Setting next_dagrun for example_kubernetes_executor to None, run_after=None
[2023-06-29T23:49:13.168+0000] {processor.py:178} INFO - Processing /home/airflow/.local/lib/python3.7/site-packages/airflow/example_dags/example_kubernetes_executor.py took 0.420 seconds
[2023-06-29T23:49:43.822+0000] {processor.py:156} INFO - Started process (PID=357) to work on /home/airflow/.local/lib/python3.7/site-packages/airflow/example_dags/example_kubernetes_executor.py
[2023-06-29T23:49:43.824+0000] {processor.py:799} INFO - Processing file /home/airflow/.local/lib/python3.7/site-packages/airflow/example_dags/example_kubernetes_executor.py for tasks to queue
[2023-06-29T23:49:43.825+0000] {logging_mixin.py:149} INFO - [2023-06-29T23:49:43.825+0000] {dagbag.py:541} INFO - Filling up the DagBag from /home/airflow/.local/lib/python3.7/site-packages/airflow/example_dags/example_kubernetes_executor.py
[2023-06-29T23:49:44.154+0000] {processor.py:809} INFO - DAG(s) dict_keys(['example_kubernetes_executor']) retrieved from /home/airflow/.local/lib/python3.7/site-packages/airflow/example_dags/example_kubernetes_executor.py
[2023-06-29T23:49:44.195+0000] {logging_mixin.py:149} INFO - [2023-06-29T23:49:44.194+0000] {dag.py:2726} INFO - Sync 1 DAGs
[2023-06-29T23:49:44.231+0000] {logging_mixin.py:149} INFO - [2023-06-29T23:49:44.230+0000] {dag.py:3490} INFO - Setting next_dagrun for example_kubernetes_executor to None, run_after=None
[2023-06-29T23:49:44.254+0000] {processor.py:178} INFO - Processing /home/airflow/.local/lib/python3.7/site-packages/airflow/example_dags/example_kubernetes_executor.py took 0.435 seconds
[2023-06-29T23:50:14.594+0000] {processor.py:156} INFO - Started process (PID=413) to work on /home/airflow/.local/lib/python3.7/site-packages/airflow/example_dags/example_kubernetes_executor.py
[2023-06-29T23:50:14.595+0000] {processor.py:799} INFO - Processing file /home/airflow/.local/lib/python3.7/site-packages/airflow/example_dags/example_kubernetes_executor.py for tasks to queue
[2023-06-29T23:50:14.596+0000] {logging_mixin.py:149} INFO - [2023-06-29T23:50:14.596+0000] {dagbag.py:541} INFO - Filling up the DagBag from /home/airflow/.local/lib/python3.7/site-packages/airflow/example_dags/example_kubernetes_executor.py
[2023-06-29T23:50:14.885+0000] {processor.py:809} INFO - DAG(s) dict_keys(['example_kubernetes_executor']) retrieved from /home/airflow/.local/lib/python3.7/site-packages/airflow/example_dags/example_kubernetes_executor.py
[2023-06-29T23:50:14.923+0000] {logging_mixin.py:149} INFO - [2023-06-29T23:50:14.923+0000] {dag.py:2726} INFO - Sync 1 DAGs
[2023-06-29T23:50:14.958+0000] {logging_mixin.py:149} INFO - [2023-06-29T23:50:14.957+0000] {dag.py:3490} INFO - Setting next_dagrun for example_kubernetes_executor to None, run_after=None
[2023-06-29T23:50:14.981+0000] {processor.py:178} INFO - Processing /home/airflow/.local/lib/python3.7/site-packages/airflow/example_dags/example_kubernetes_executor.py took 0.391 seconds
[2023-06-29T23:50:45.638+0000] {processor.py:156} INFO - Started process (PID=477) to work on /home/airflow/.local/lib/python3.7/site-packages/airflow/example_dags/example_kubernetes_executor.py
[2023-06-29T23:50:45.640+0000] {processor.py:799} INFO - Processing file /home/airflow/.local/lib/python3.7/site-packages/airflow/example_dags/example_kubernetes_executor.py for tasks to queue
[2023-06-29T23:50:45.640+0000] {logging_mixin.py:149} INFO - [2023-06-29T23:50:45.640+0000] {dagbag.py:541} INFO - Filling up the DagBag from /home/airflow/.local/lib/python3.7/site-packages/airflow/example_dags/example_kubernetes_executor.py
[2023-06-29T23:50:45.939+0000] {processor.py:809} INFO - DAG(s) dict_keys(['example_kubernetes_executor']) retrieved from /home/airflow/.local/lib/python3.7/site-packages/airflow/example_dags/example_kubernetes_executor.py
[2023-06-29T23:50:46.000+0000] {logging_mixin.py:149} INFO - [2023-06-29T23:50:45.999+0000] {dag.py:2726} INFO - Sync 1 DAGs
[2023-06-29T23:50:46.034+0000] {logging_mixin.py:149} INFO - [2023-06-29T23:50:46.034+0000] {dag.py:3490} INFO - Setting next_dagrun for example_kubernetes_executor to None, run_after=None
[2023-06-29T23:50:46.065+0000] {processor.py:178} INFO - Processing /home/airflow/.local/lib/python3.7/site-packages/airflow/example_dags/example_kubernetes_executor.py took 0.433 seconds
[2023-06-29T23:51:16.092+0000] {processor.py:156} INFO - Started process (PID=534) to work on /home/airflow/.local/lib/python3.7/site-packages/airflow/example_dags/example_kubernetes_executor.py
[2023-06-29T23:51:16.093+0000] {processor.py:799} INFO - Processing file /home/airflow/.local/lib/python3.7/site-packages/airflow/example_dags/example_kubernetes_executor.py for tasks to queue
[2023-06-29T23:51:16.094+0000] {logging_mixin.py:149} INFO - [2023-06-29T23:51:16.094+0000] {dagbag.py:541} INFO - Filling up the DagBag from /home/airflow/.local/lib/python3.7/site-packages/airflow/example_dags/example_kubernetes_executor.py
[2023-06-29T23:51:16.385+0000] {processor.py:809} INFO - DAG(s) dict_keys(['example_kubernetes_executor']) retrieved from /home/airflow/.local/lib/python3.7/site-packages/airflow/example_dags/example_kubernetes_executor.py
[2023-06-29T23:51:16.424+0000] {logging_mixin.py:149} INFO - [2023-06-29T23:51:16.423+0000] {dag.py:2726} INFO - Sync 1 DAGs
[2023-06-29T23:51:16.458+0000] {logging_mixin.py:149} INFO - [2023-06-29T23:51:16.457+0000] {dag.py:3490} INFO - Setting next_dagrun for example_kubernetes_executor to None, run_after=None
[2023-06-29T23:51:16.483+0000] {processor.py:178} INFO - Processing /home/airflow/.local/lib/python3.7/site-packages/airflow/example_dags/example_kubernetes_executor.py took 0.395 seconds
[2023-06-29T23:51:46.637+0000] {processor.py:156} INFO - Started process (PID=591) to work on /home/airflow/.local/lib/python3.7/site-packages/airflow/example_dags/example_kubernetes_executor.py
[2023-06-29T23:51:46.643+0000] {processor.py:799} INFO - Processing file /home/airflow/.local/lib/python3.7/site-packages/airflow/example_dags/example_kubernetes_executor.py for tasks to queue
[2023-06-29T23:51:46.644+0000] {logging_mixin.py:149} INFO - [2023-06-29T23:51:46.644+0000] {dagbag.py:541} INFO - Filling up the DagBag from /home/airflow/.local/lib/python3.7/site-packages/airflow/example_dags/example_kubernetes_executor.py
[2023-06-29T23:51:47.007+0000] {processor.py:809} INFO - DAG(s) dict_keys(['example_kubernetes_executor']) retrieved from /home/airflow/.local/lib/python3.7/site-packages/airflow/example_dags/example_kubernetes_executor.py
[2023-06-29T23:51:47.056+0000] {logging_mixin.py:149} INFO - [2023-06-29T23:51:47.056+0000] {dag.py:2726} INFO - Sync 1 DAGs
[2023-06-29T23:51:47.092+0000] {logging_mixin.py:149} INFO - [2023-06-29T23:51:47.091+0000] {dag.py:3490} INFO - Setting next_dagrun for example_kubernetes_executor to None, run_after=None
[2023-06-29T23:51:47.134+0000] {processor.py:178} INFO - Processing /home/airflow/.local/lib/python3.7/site-packages/airflow/example_dags/example_kubernetes_executor.py took 0.502 seconds
[2023-06-29T23:52:17.363+0000] {processor.py:156} INFO - Started process (PID=648) to work on /home/airflow/.local/lib/python3.7/site-packages/airflow/example_dags/example_kubernetes_executor.py
[2023-06-29T23:52:17.366+0000] {processor.py:799} INFO - Processing file /home/airflow/.local/lib/python3.7/site-packages/airflow/example_dags/example_kubernetes_executor.py for tasks to queue
[2023-06-29T23:52:17.369+0000] {logging_mixin.py:149} INFO - [2023-06-29T23:52:17.368+0000] {dagbag.py:541} INFO - Filling up the DagBag from /home/airflow/.local/lib/python3.7/site-packages/airflow/example_dags/example_kubernetes_executor.py
[2023-06-29T23:52:18.273+0000] {processor.py:809} INFO - DAG(s) dict_keys(['example_kubernetes_executor']) retrieved from /home/airflow/.local/lib/python3.7/site-packages/airflow/example_dags/example_kubernetes_executor.py
[2023-06-29T23:52:18.309+0000] {logging_mixin.py:149} INFO - [2023-06-29T23:52:18.309+0000] {dag.py:2726} INFO - Sync 1 DAGs
[2023-06-29T23:52:18.342+0000] {logging_mixin.py:149} INFO - [2023-06-29T23:52:18.342+0000] {dag.py:3490} INFO - Setting next_dagrun for example_kubernetes_executor to None, run_after=None
[2023-06-29T23:52:18.375+0000] {processor.py:178} INFO - Processing /home/airflow/.local/lib/python3.7/site-packages/airflow/example_dags/example_kubernetes_executor.py took 1.026 seconds
[2023-06-29T23:52:48.470+0000] {processor.py:156} INFO - Started process (PID=705) to work on /home/airflow/.local/lib/python3.7/site-packages/airflow/example_dags/example_kubernetes_executor.py
[2023-06-29T23:52:48.479+0000] {processor.py:799} INFO - Processing file /home/airflow/.local/lib/python3.7/site-packages/airflow/example_dags/example_kubernetes_executor.py for tasks to queue
[2023-06-29T23:52:48.480+0000] {logging_mixin.py:149} INFO - [2023-06-29T23:52:48.480+0000] {dagbag.py:541} INFO - Filling up the DagBag from /home/airflow/.local/lib/python3.7/site-packages/airflow/example_dags/example_kubernetes_executor.py
[2023-06-29T23:52:49.056+0000] {processor.py:809} INFO - DAG(s) dict_keys(['example_kubernetes_executor']) retrieved from /home/airflow/.local/lib/python3.7/site-packages/airflow/example_dags/example_kubernetes_executor.py
[2023-06-29T23:52:49.130+0000] {logging_mixin.py:149} INFO - [2023-06-29T23:52:49.130+0000] {dag.py:2726} INFO - Sync 1 DAGs
[2023-06-29T23:52:49.195+0000] {logging_mixin.py:149} INFO - [2023-06-29T23:52:49.195+0000] {dag.py:3490} INFO - Setting next_dagrun for example_kubernetes_executor to None, run_after=None
[2023-06-29T23:52:49.229+0000] {processor.py:178} INFO - Processing /home/airflow/.local/lib/python3.7/site-packages/airflow/example_dags/example_kubernetes_executor.py took 0.763 seconds
[2023-06-29T23:53:19.403+0000] {processor.py:156} INFO - Started process (PID=761) to work on /home/airflow/.local/lib/python3.7/site-packages/airflow/example_dags/example_kubernetes_executor.py
[2023-06-29T23:53:19.405+0000] {processor.py:799} INFO - Processing file /home/airflow/.local/lib/python3.7/site-packages/airflow/example_dags/example_kubernetes_executor.py for tasks to queue
[2023-06-29T23:53:19.406+0000] {logging_mixin.py:149} INFO - [2023-06-29T23:53:19.405+0000] {dagbag.py:541} INFO - Filling up the DagBag from /home/airflow/.local/lib/python3.7/site-packages/airflow/example_dags/example_kubernetes_executor.py
[2023-06-29T23:53:19.696+0000] {processor.py:809} INFO - DAG(s) dict_keys(['example_kubernetes_executor']) retrieved from /home/airflow/.local/lib/python3.7/site-packages/airflow/example_dags/example_kubernetes_executor.py
[2023-06-29T23:53:19.735+0000] {logging_mixin.py:149} INFO - [2023-06-29T23:53:19.735+0000] {dag.py:2726} INFO - Sync 1 DAGs
[2023-06-29T23:53:19.770+0000] {logging_mixin.py:149} INFO - [2023-06-29T23:53:19.770+0000] {dag.py:3490} INFO - Setting next_dagrun for example_kubernetes_executor to None, run_after=None
[2023-06-29T23:53:19.793+0000] {processor.py:178} INFO - Processing /home/airflow/.local/lib/python3.7/site-packages/airflow/example_dags/example_kubernetes_executor.py took 0.394 seconds
[2023-06-29T23:53:50.277+0000] {processor.py:156} INFO - Started process (PID=819) to work on /home/airflow/.local/lib/python3.7/site-packages/airflow/example_dags/example_kubernetes_executor.py
[2023-06-29T23:53:50.287+0000] {processor.py:799} INFO - Processing file /home/airflow/.local/lib/python3.7/site-packages/airflow/example_dags/example_kubernetes_executor.py for tasks to queue
[2023-06-29T23:53:50.288+0000] {logging_mixin.py:149} INFO - [2023-06-29T23:53:50.288+0000] {dagbag.py:541} INFO - Filling up the DagBag from /home/airflow/.local/lib/python3.7/site-packages/airflow/example_dags/example_kubernetes_executor.py
[2023-06-29T23:53:50.616+0000] {processor.py:809} INFO - DAG(s) dict_keys(['example_kubernetes_executor']) retrieved from /home/airflow/.local/lib/python3.7/site-packages/airflow/example_dags/example_kubernetes_executor.py
[2023-06-29T23:53:50.662+0000] {logging_mixin.py:149} INFO - [2023-06-29T23:53:50.661+0000] {dag.py:2726} INFO - Sync 1 DAGs
[2023-06-29T23:53:50.700+0000] {logging_mixin.py:149} INFO - [2023-06-29T23:53:50.699+0000] {dag.py:3490} INFO - Setting next_dagrun for example_kubernetes_executor to None, run_after=None
[2023-06-29T23:53:50.723+0000] {processor.py:178} INFO - Processing /home/airflow/.local/lib/python3.7/site-packages/airflow/example_dags/example_kubernetes_executor.py took 0.454 seconds
[2023-06-29T23:54:20.918+0000] {processor.py:156} INFO - Started process (PID=879) to work on /home/airflow/.local/lib/python3.7/site-packages/airflow/example_dags/example_kubernetes_executor.py
[2023-06-29T23:54:20.919+0000] {processor.py:799} INFO - Processing file /home/airflow/.local/lib/python3.7/site-packages/airflow/example_dags/example_kubernetes_executor.py for tasks to queue
[2023-06-29T23:54:20.920+0000] {logging_mixin.py:149} INFO - [2023-06-29T23:54:20.920+0000] {dagbag.py:541} INFO - Filling up the DagBag from /home/airflow/.local/lib/python3.7/site-packages/airflow/example_dags/example_kubernetes_executor.py
[2023-06-29T23:54:21.207+0000] {processor.py:809} INFO - DAG(s) dict_keys(['example_kubernetes_executor']) retrieved from /home/airflow/.local/lib/python3.7/site-packages/airflow/example_dags/example_kubernetes_executor.py
[2023-06-29T23:54:21.245+0000] {logging_mixin.py:149} INFO - [2023-06-29T23:54:21.244+0000] {dag.py:2726} INFO - Sync 1 DAGs
[2023-06-29T23:54:21.279+0000] {logging_mixin.py:149} INFO - [2023-06-29T23:54:21.278+0000] {dag.py:3490} INFO - Setting next_dagrun for example_kubernetes_executor to None, run_after=None
[2023-06-29T23:54:21.301+0000] {processor.py:178} INFO - Processing /home/airflow/.local/lib/python3.7/site-packages/airflow/example_dags/example_kubernetes_executor.py took 0.392 seconds
[2023-06-29T23:54:51.423+0000] {processor.py:156} INFO - Started process (PID=936) to work on /home/airflow/.local/lib/python3.7/site-packages/airflow/example_dags/example_kubernetes_executor.py
[2023-06-29T23:54:51.424+0000] {processor.py:799} INFO - Processing file /home/airflow/.local/lib/python3.7/site-packages/airflow/example_dags/example_kubernetes_executor.py for tasks to queue
[2023-06-29T23:54:51.425+0000] {logging_mixin.py:149} INFO - [2023-06-29T23:54:51.425+0000] {dagbag.py:541} INFO - Filling up the DagBag from /home/airflow/.local/lib/python3.7/site-packages/airflow/example_dags/example_kubernetes_executor.py
[2023-06-29T23:54:51.714+0000] {processor.py:809} INFO - DAG(s) dict_keys(['example_kubernetes_executor']) retrieved from /home/airflow/.local/lib/python3.7/site-packages/airflow/example_dags/example_kubernetes_executor.py
[2023-06-29T23:54:51.754+0000] {logging_mixin.py:149} INFO - [2023-06-29T23:54:51.754+0000] {dag.py:2726} INFO - Sync 1 DAGs
[2023-06-29T23:54:51.787+0000] {logging_mixin.py:149} INFO - [2023-06-29T23:54:51.787+0000] {dag.py:3490} INFO - Setting next_dagrun for example_kubernetes_executor to None, run_after=None
[2023-06-29T23:54:51.812+0000] {processor.py:178} INFO - Processing /home/airflow/.local/lib/python3.7/site-packages/airflow/example_dags/example_kubernetes_executor.py took 0.392 seconds
[2023-06-29T23:55:22.195+0000] {processor.py:156} INFO - Started process (PID=988) to work on /home/airflow/.local/lib/python3.7/site-packages/airflow/example_dags/example_kubernetes_executor.py
[2023-06-29T23:55:22.196+0000] {processor.py:799} INFO - Processing file /home/airflow/.local/lib/python3.7/site-packages/airflow/example_dags/example_kubernetes_executor.py for tasks to queue
[2023-06-29T23:55:22.196+0000] {logging_mixin.py:149} INFO - [2023-06-29T23:55:22.196+0000] {dagbag.py:541} INFO - Filling up the DagBag from /home/airflow/.local/lib/python3.7/site-packages/airflow/example_dags/example_kubernetes_executor.py
[2023-06-29T23:55:22.550+0000] {processor.py:809} INFO - DAG(s) dict_keys(['example_kubernetes_executor']) retrieved from /home/airflow/.local/lib/python3.7/site-packages/airflow/example_dags/example_kubernetes_executor.py
[2023-06-29T23:55:22.607+0000] {logging_mixin.py:149} INFO - [2023-06-29T23:55:22.606+0000] {dag.py:2726} INFO - Sync 1 DAGs
[2023-06-29T23:55:22.644+0000] {logging_mixin.py:149} INFO - [2023-06-29T23:55:22.644+0000] {dag.py:3490} INFO - Setting next_dagrun for example_kubernetes_executor to None, run_after=None
[2023-06-29T23:55:22.700+0000] {processor.py:178} INFO - Processing /home/airflow/.local/lib/python3.7/site-packages/airflow/example_dags/example_kubernetes_executor.py took 0.510 seconds
[2023-06-29T23:55:53.219+0000] {processor.py:156} INFO - Started process (PID=1044) to work on /home/airflow/.local/lib/python3.7/site-packages/airflow/example_dags/example_kubernetes_executor.py
[2023-06-29T23:55:53.227+0000] {processor.py:799} INFO - Processing file /home/airflow/.local/lib/python3.7/site-packages/airflow/example_dags/example_kubernetes_executor.py for tasks to queue
[2023-06-29T23:55:53.228+0000] {logging_mixin.py:149} INFO - [2023-06-29T23:55:53.228+0000] {dagbag.py:541} INFO - Filling up the DagBag from /home/airflow/.local/lib/python3.7/site-packages/airflow/example_dags/example_kubernetes_executor.py
[2023-06-29T23:55:54.075+0000] {processor.py:809} INFO - DAG(s) dict_keys(['example_kubernetes_executor']) retrieved from /home/airflow/.local/lib/python3.7/site-packages/airflow/example_dags/example_kubernetes_executor.py
[2023-06-29T23:55:54.189+0000] {logging_mixin.py:149} INFO - [2023-06-29T23:55:54.188+0000] {dag.py:2726} INFO - Sync 1 DAGs
[2023-06-29T23:55:54.282+0000] {logging_mixin.py:149} INFO - [2023-06-29T23:55:54.282+0000] {dag.py:3490} INFO - Setting next_dagrun for example_kubernetes_executor to None, run_after=None
[2023-06-29T23:55:54.352+0000] {processor.py:178} INFO - Processing /home/airflow/.local/lib/python3.7/site-packages/airflow/example_dags/example_kubernetes_executor.py took 1.151 seconds
[2023-06-29T23:56:25.093+0000] {processor.py:156} INFO - Started process (PID=1102) to work on /home/airflow/.local/lib/python3.7/site-packages/airflow/example_dags/example_kubernetes_executor.py
[2023-06-29T23:56:25.108+0000] {processor.py:799} INFO - Processing file /home/airflow/.local/lib/python3.7/site-packages/airflow/example_dags/example_kubernetes_executor.py for tasks to queue
[2023-06-29T23:56:25.109+0000] {logging_mixin.py:149} INFO - [2023-06-29T23:56:25.109+0000] {dagbag.py:541} INFO - Filling up the DagBag from /home/airflow/.local/lib/python3.7/site-packages/airflow/example_dags/example_kubernetes_executor.py
[2023-06-29T23:56:25.414+0000] {processor.py:809} INFO - DAG(s) dict_keys(['example_kubernetes_executor']) retrieved from /home/airflow/.local/lib/python3.7/site-packages/airflow/example_dags/example_kubernetes_executor.py
[2023-06-29T23:56:25.548+0000] {logging_mixin.py:149} INFO - [2023-06-29T23:56:25.547+0000] {dag.py:2726} INFO - Sync 1 DAGs
[2023-06-29T23:56:25.604+0000] {logging_mixin.py:149} INFO - [2023-06-29T23:56:25.603+0000] {dag.py:3490} INFO - Setting next_dagrun for example_kubernetes_executor to None, run_after=None
[2023-06-29T23:56:25.653+0000] {processor.py:178} INFO - Processing /home/airflow/.local/lib/python3.7/site-packages/airflow/example_dags/example_kubernetes_executor.py took 0.565 seconds
[2023-06-29T23:56:56.230+0000] {processor.py:156} INFO - Started process (PID=1159) to work on /home/airflow/.local/lib/python3.7/site-packages/airflow/example_dags/example_kubernetes_executor.py
[2023-06-29T23:56:56.231+0000] {processor.py:799} INFO - Processing file /home/airflow/.local/lib/python3.7/site-packages/airflow/example_dags/example_kubernetes_executor.py for tasks to queue
[2023-06-29T23:56:56.231+0000] {logging_mixin.py:149} INFO - [2023-06-29T23:56:56.231+0000] {dagbag.py:541} INFO - Filling up the DagBag from /home/airflow/.local/lib/python3.7/site-packages/airflow/example_dags/example_kubernetes_executor.py
[2023-06-29T23:56:56.528+0000] {processor.py:809} INFO - DAG(s) dict_keys(['example_kubernetes_executor']) retrieved from /home/airflow/.local/lib/python3.7/site-packages/airflow/example_dags/example_kubernetes_executor.py
[2023-06-29T23:56:56.570+0000] {logging_mixin.py:149} INFO - [2023-06-29T23:56:56.569+0000] {dag.py:2726} INFO - Sync 1 DAGs
[2023-06-29T23:56:56.609+0000] {logging_mixin.py:149} INFO - [2023-06-29T23:56:56.608+0000] {dag.py:3490} INFO - Setting next_dagrun for example_kubernetes_executor to None, run_after=None
[2023-06-29T23:56:56.635+0000] {processor.py:178} INFO - Processing /home/airflow/.local/lib/python3.7/site-packages/airflow/example_dags/example_kubernetes_executor.py took 0.410 seconds
[2023-06-29T23:57:27.635+0000] {processor.py:156} INFO - Started process (PID=1221) to work on /home/airflow/.local/lib/python3.7/site-packages/airflow/example_dags/example_kubernetes_executor.py
[2023-06-29T23:57:27.637+0000] {processor.py:799} INFO - Processing file /home/airflow/.local/lib/python3.7/site-packages/airflow/example_dags/example_kubernetes_executor.py for tasks to queue
[2023-06-29T23:57:27.638+0000] {logging_mixin.py:149} INFO - [2023-06-29T23:57:27.638+0000] {dagbag.py:541} INFO - Filling up the DagBag from /home/airflow/.local/lib/python3.7/site-packages/airflow/example_dags/example_kubernetes_executor.py
[2023-06-29T23:57:27.916+0000] {processor.py:809} INFO - DAG(s) dict_keys(['example_kubernetes_executor']) retrieved from /home/airflow/.local/lib/python3.7/site-packages/airflow/example_dags/example_kubernetes_executor.py
[2023-06-29T23:57:27.955+0000] {logging_mixin.py:149} INFO - [2023-06-29T23:57:27.955+0000] {dag.py:2726} INFO - Sync 1 DAGs
[2023-06-29T23:57:27.990+0000] {logging_mixin.py:149} INFO - [2023-06-29T23:57:27.990+0000] {dag.py:3490} INFO - Setting next_dagrun for example_kubernetes_executor to None, run_after=None
[2023-06-29T23:57:28.020+0000] {processor.py:178} INFO - Processing /home/airflow/.local/lib/python3.7/site-packages/airflow/example_dags/example_kubernetes_executor.py took 0.390 seconds
[2023-06-29T23:57:58.136+0000] {processor.py:156} INFO - Started process (PID=1278) to work on /home/airflow/.local/lib/python3.7/site-packages/airflow/example_dags/example_kubernetes_executor.py
[2023-06-29T23:57:58.137+0000] {processor.py:799} INFO - Processing file /home/airflow/.local/lib/python3.7/site-packages/airflow/example_dags/example_kubernetes_executor.py for tasks to queue
[2023-06-29T23:57:58.138+0000] {logging_mixin.py:149} INFO - [2023-06-29T23:57:58.138+0000] {dagbag.py:541} INFO - Filling up the DagBag from /home/airflow/.local/lib/python3.7/site-packages/airflow/example_dags/example_kubernetes_executor.py
[2023-06-29T23:57:58.422+0000] {processor.py:809} INFO - DAG(s) dict_keys(['example_kubernetes_executor']) retrieved from /home/airflow/.local/lib/python3.7/site-packages/airflow/example_dags/example_kubernetes_executor.py
[2023-06-29T23:57:58.463+0000] {logging_mixin.py:149} INFO - [2023-06-29T23:57:58.463+0000] {dag.py:2726} INFO - Sync 1 DAGs
[2023-06-29T23:57:58.498+0000] {logging_mixin.py:149} INFO - [2023-06-29T23:57:58.497+0000] {dag.py:3490} INFO - Setting next_dagrun for example_kubernetes_executor to None, run_after=None
[2023-06-29T23:57:58.520+0000] {processor.py:178} INFO - Processing /home/airflow/.local/lib/python3.7/site-packages/airflow/example_dags/example_kubernetes_executor.py took 0.389 seconds
[2023-06-29T23:58:29.317+0000] {processor.py:156} INFO - Started process (PID=1335) to work on /home/airflow/.local/lib/python3.7/site-packages/airflow/example_dags/example_kubernetes_executor.py
[2023-06-29T23:58:29.319+0000] {processor.py:799} INFO - Processing file /home/airflow/.local/lib/python3.7/site-packages/airflow/example_dags/example_kubernetes_executor.py for tasks to queue
[2023-06-29T23:58:29.319+0000] {logging_mixin.py:149} INFO - [2023-06-29T23:58:29.319+0000] {dagbag.py:541} INFO - Filling up the DagBag from /home/airflow/.local/lib/python3.7/site-packages/airflow/example_dags/example_kubernetes_executor.py
[2023-06-29T23:58:29.600+0000] {processor.py:809} INFO - DAG(s) dict_keys(['example_kubernetes_executor']) retrieved from /home/airflow/.local/lib/python3.7/site-packages/airflow/example_dags/example_kubernetes_executor.py
[2023-06-29T23:58:29.639+0000] {logging_mixin.py:149} INFO - [2023-06-29T23:58:29.638+0000] {dag.py:2726} INFO - Sync 1 DAGs
[2023-06-29T23:58:29.674+0000] {logging_mixin.py:149} INFO - [2023-06-29T23:58:29.674+0000] {dag.py:3490} INFO - Setting next_dagrun for example_kubernetes_executor to None, run_after=None
[2023-06-29T23:58:29.698+0000] {processor.py:178} INFO - Processing /home/airflow/.local/lib/python3.7/site-packages/airflow/example_dags/example_kubernetes_executor.py took 0.385 seconds
[2023-06-29T23:59:00.593+0000] {processor.py:156} INFO - Started process (PID=1393) to work on /home/airflow/.local/lib/python3.7/site-packages/airflow/example_dags/example_kubernetes_executor.py
[2023-06-29T23:59:00.595+0000] {processor.py:799} INFO - Processing file /home/airflow/.local/lib/python3.7/site-packages/airflow/example_dags/example_kubernetes_executor.py for tasks to queue
[2023-06-29T23:59:00.596+0000] {logging_mixin.py:149} INFO - [2023-06-29T23:59:00.596+0000] {dagbag.py:541} INFO - Filling up the DagBag from /home/airflow/.local/lib/python3.7/site-packages/airflow/example_dags/example_kubernetes_executor.py
[2023-06-29T23:59:00.896+0000] {processor.py:809} INFO - DAG(s) dict_keys(['example_kubernetes_executor']) retrieved from /home/airflow/.local/lib/python3.7/site-packages/airflow/example_dags/example_kubernetes_executor.py
[2023-06-29T23:59:00.948+0000] {logging_mixin.py:149} INFO - [2023-06-29T23:59:00.948+0000] {dag.py:2726} INFO - Sync 1 DAGs
[2023-06-29T23:59:00.984+0000] {logging_mixin.py:149} INFO - [2023-06-29T23:59:00.983+0000] {dag.py:3490} INFO - Setting next_dagrun for example_kubernetes_executor to None, run_after=None
[2023-06-29T23:59:01.008+0000] {processor.py:178} INFO - Processing /home/airflow/.local/lib/python3.7/site-packages/airflow/example_dags/example_kubernetes_executor.py took 0.419 seconds
[2023-06-29T23:59:31.802+0000] {processor.py:156} INFO - Started process (PID=1451) to work on /home/airflow/.local/lib/python3.7/site-packages/airflow/example_dags/example_kubernetes_executor.py
[2023-06-29T23:59:31.814+0000] {processor.py:799} INFO - Processing file /home/airflow/.local/lib/python3.7/site-packages/airflow/example_dags/example_kubernetes_executor.py for tasks to queue
[2023-06-29T23:59:31.815+0000] {logging_mixin.py:149} INFO - [2023-06-29T23:59:31.814+0000] {dagbag.py:541} INFO - Filling up the DagBag from /home/airflow/.local/lib/python3.7/site-packages/airflow/example_dags/example_kubernetes_executor.py
[2023-06-29T23:59:32.248+0000] {processor.py:809} INFO - DAG(s) dict_keys(['example_kubernetes_executor']) retrieved from /home/airflow/.local/lib/python3.7/site-packages/airflow/example_dags/example_kubernetes_executor.py
[2023-06-29T23:59:32.288+0000] {logging_mixin.py:149} INFO - [2023-06-29T23:59:32.287+0000] {dag.py:2726} INFO - Sync 1 DAGs
[2023-06-29T23:59:32.320+0000] {logging_mixin.py:149} INFO - [2023-06-29T23:59:32.320+0000] {dag.py:3490} INFO - Setting next_dagrun for example_kubernetes_executor to None, run_after=None
[2023-06-29T23:59:32.372+0000] {processor.py:178} INFO - Processing /home/airflow/.local/lib/python3.7/site-packages/airflow/example_dags/example_kubernetes_executor.py took 0.582 seconds
