[2023-06-29T23:47:07.771+0000] {processor.py:156} INFO - Started process (PID=65) to work on /home/airflow/.local/lib/python3.7/site-packages/airflow/example_dags/example_sla_dag.py
[2023-06-29T23:47:07.772+0000] {processor.py:799} INFO - Processing file /home/airflow/.local/lib/python3.7/site-packages/airflow/example_dags/example_sla_dag.py for tasks to queue
[2023-06-29T23:47:07.774+0000] {logging_mixin.py:149} INFO - [2023-06-29T23:47:07.774+0000] {dagbag.py:541} INFO - Filling up the DagBag from /home/airflow/.local/lib/python3.7/site-packages/airflow/example_dags/example_sla_dag.py
[2023-06-29T23:47:07.796+0000] {processor.py:809} INFO - DAG(s) dict_keys(['example_sla_dag']) retrieved from /home/airflow/.local/lib/python3.7/site-packages/airflow/example_dags/example_sla_dag.py
[2023-06-29T23:47:07.862+0000] {logging_mixin.py:149} INFO - [2023-06-29T23:47:07.861+0000] {dag.py:2726} INFO - Sync 1 DAGs
[2023-06-29T23:47:07.977+0000] {logging_mixin.py:149} INFO - [2023-06-29T23:47:07.976+0000] {dag.py:3490} INFO - Setting next_dagrun for example_sla_dag to 2023-06-29T23:44:00+00:00, run_after=2023-06-29T23:46:00+00:00
[2023-06-29T23:47:08.056+0000] {processor.py:178} INFO - Processing /home/airflow/.local/lib/python3.7/site-packages/airflow/example_dags/example_sla_dag.py took 0.290 seconds
[2023-06-29T23:47:38.172+0000] {processor.py:156} INFO - Started process (PID=121) to work on /home/airflow/.local/lib/python3.7/site-packages/airflow/example_dags/example_sla_dag.py
[2023-06-29T23:47:38.173+0000] {processor.py:799} INFO - Processing file /home/airflow/.local/lib/python3.7/site-packages/airflow/example_dags/example_sla_dag.py for tasks to queue
[2023-06-29T23:47:38.174+0000] {logging_mixin.py:149} INFO - [2023-06-29T23:47:38.174+0000] {dagbag.py:541} INFO - Filling up the DagBag from /home/airflow/.local/lib/python3.7/site-packages/airflow/example_dags/example_sla_dag.py
[2023-06-29T23:47:38.184+0000] {processor.py:809} INFO - DAG(s) dict_keys(['example_sla_dag']) retrieved from /home/airflow/.local/lib/python3.7/site-packages/airflow/example_dags/example_sla_dag.py
[2023-06-29T23:47:38.217+0000] {logging_mixin.py:149} INFO - [2023-06-29T23:47:38.217+0000] {dag.py:2726} INFO - Sync 1 DAGs
[2023-06-29T23:47:38.255+0000] {logging_mixin.py:149} INFO - [2023-06-29T23:47:38.254+0000] {dag.py:3490} INFO - Setting next_dagrun for example_sla_dag to 2023-06-29T23:44:00+00:00, run_after=2023-06-29T23:46:00+00:00
[2023-06-29T23:47:38.278+0000] {processor.py:178} INFO - Processing /home/airflow/.local/lib/python3.7/site-packages/airflow/example_dags/example_sla_dag.py took 0.110 seconds
[2023-06-29T23:48:08.544+0000] {processor.py:156} INFO - Started process (PID=178) to work on /home/airflow/.local/lib/python3.7/site-packages/airflow/example_dags/example_sla_dag.py
[2023-06-29T23:48:08.544+0000] {processor.py:799} INFO - Processing file /home/airflow/.local/lib/python3.7/site-packages/airflow/example_dags/example_sla_dag.py for tasks to queue
[2023-06-29T23:48:08.545+0000] {logging_mixin.py:149} INFO - [2023-06-29T23:48:08.545+0000] {dagbag.py:541} INFO - Filling up the DagBag from /home/airflow/.local/lib/python3.7/site-packages/airflow/example_dags/example_sla_dag.py
[2023-06-29T23:48:08.555+0000] {processor.py:809} INFO - DAG(s) dict_keys(['example_sla_dag']) retrieved from /home/airflow/.local/lib/python3.7/site-packages/airflow/example_dags/example_sla_dag.py
[2023-06-29T23:48:08.584+0000] {logging_mixin.py:149} INFO - [2023-06-29T23:48:08.584+0000] {dag.py:2726} INFO - Sync 1 DAGs
[2023-06-29T23:48:08.622+0000] {logging_mixin.py:149} INFO - [2023-06-29T23:48:08.622+0000] {dag.py:3490} INFO - Setting next_dagrun for example_sla_dag to 2023-06-29T23:46:00+00:00, run_after=2023-06-29T23:48:00+00:00
[2023-06-29T23:48:08.645+0000] {processor.py:178} INFO - Processing /home/airflow/.local/lib/python3.7/site-packages/airflow/example_dags/example_sla_dag.py took 0.106 seconds
[2023-06-29T23:48:38.819+0000] {processor.py:156} INFO - Started process (PID=235) to work on /home/airflow/.local/lib/python3.7/site-packages/airflow/example_dags/example_sla_dag.py
[2023-06-29T23:48:38.821+0000] {processor.py:799} INFO - Processing file /home/airflow/.local/lib/python3.7/site-packages/airflow/example_dags/example_sla_dag.py for tasks to queue
[2023-06-29T23:48:38.823+0000] {logging_mixin.py:149} INFO - [2023-06-29T23:48:38.823+0000] {dagbag.py:541} INFO - Filling up the DagBag from /home/airflow/.local/lib/python3.7/site-packages/airflow/example_dags/example_sla_dag.py
[2023-06-29T23:48:38.834+0000] {processor.py:809} INFO - DAG(s) dict_keys(['example_sla_dag']) retrieved from /home/airflow/.local/lib/python3.7/site-packages/airflow/example_dags/example_sla_dag.py
[2023-06-29T23:48:38.868+0000] {logging_mixin.py:149} INFO - [2023-06-29T23:48:38.868+0000] {dag.py:2726} INFO - Sync 1 DAGs
[2023-06-29T23:48:38.914+0000] {logging_mixin.py:149} INFO - [2023-06-29T23:48:38.914+0000] {dag.py:3490} INFO - Setting next_dagrun for example_sla_dag to 2023-06-29T23:46:00+00:00, run_after=2023-06-29T23:48:00+00:00
[2023-06-29T23:48:38.939+0000] {processor.py:178} INFO - Processing /home/airflow/.local/lib/python3.7/site-packages/airflow/example_dags/example_sla_dag.py took 0.126 seconds
[2023-06-29T23:49:09.229+0000] {processor.py:156} INFO - Started process (PID=292) to work on /home/airflow/.local/lib/python3.7/site-packages/airflow/example_dags/example_sla_dag.py
[2023-06-29T23:49:09.230+0000] {processor.py:799} INFO - Processing file /home/airflow/.local/lib/python3.7/site-packages/airflow/example_dags/example_sla_dag.py for tasks to queue
[2023-06-29T23:49:09.231+0000] {logging_mixin.py:149} INFO - [2023-06-29T23:49:09.231+0000] {dagbag.py:541} INFO - Filling up the DagBag from /home/airflow/.local/lib/python3.7/site-packages/airflow/example_dags/example_sla_dag.py
[2023-06-29T23:49:09.241+0000] {processor.py:809} INFO - DAG(s) dict_keys(['example_sla_dag']) retrieved from /home/airflow/.local/lib/python3.7/site-packages/airflow/example_dags/example_sla_dag.py
[2023-06-29T23:49:09.271+0000] {logging_mixin.py:149} INFO - [2023-06-29T23:49:09.271+0000] {dag.py:2726} INFO - Sync 1 DAGs
[2023-06-29T23:49:09.308+0000] {logging_mixin.py:149} INFO - [2023-06-29T23:49:09.308+0000] {dag.py:3490} INFO - Setting next_dagrun for example_sla_dag to 2023-06-29T23:46:00+00:00, run_after=2023-06-29T23:48:00+00:00
[2023-06-29T23:49:09.330+0000] {processor.py:178} INFO - Processing /home/airflow/.local/lib/python3.7/site-packages/airflow/example_dags/example_sla_dag.py took 0.104 seconds
[2023-06-29T23:49:39.487+0000] {processor.py:156} INFO - Started process (PID=351) to work on /home/airflow/.local/lib/python3.7/site-packages/airflow/example_dags/example_sla_dag.py
[2023-06-29T23:49:39.491+0000] {processor.py:799} INFO - Processing file /home/airflow/.local/lib/python3.7/site-packages/airflow/example_dags/example_sla_dag.py for tasks to queue
[2023-06-29T23:49:39.492+0000] {logging_mixin.py:149} INFO - [2023-06-29T23:49:39.491+0000] {dagbag.py:541} INFO - Filling up the DagBag from /home/airflow/.local/lib/python3.7/site-packages/airflow/example_dags/example_sla_dag.py
[2023-06-29T23:49:39.502+0000] {processor.py:809} INFO - DAG(s) dict_keys(['example_sla_dag']) retrieved from /home/airflow/.local/lib/python3.7/site-packages/airflow/example_dags/example_sla_dag.py
[2023-06-29T23:49:39.532+0000] {logging_mixin.py:149} INFO - [2023-06-29T23:49:39.532+0000] {dag.py:2726} INFO - Sync 1 DAGs
[2023-06-29T23:49:39.570+0000] {logging_mixin.py:149} INFO - [2023-06-29T23:49:39.570+0000] {dag.py:3490} INFO - Setting next_dagrun for example_sla_dag to 2023-06-29T23:46:00+00:00, run_after=2023-06-29T23:48:00+00:00
[2023-06-29T23:49:39.593+0000] {processor.py:178} INFO - Processing /home/airflow/.local/lib/python3.7/site-packages/airflow/example_dags/example_sla_dag.py took 0.111 seconds
[2023-06-29T23:50:10.094+0000] {processor.py:156} INFO - Started process (PID=406) to work on /home/airflow/.local/lib/python3.7/site-packages/airflow/example_dags/example_sla_dag.py
[2023-06-29T23:50:10.095+0000] {processor.py:799} INFO - Processing file /home/airflow/.local/lib/python3.7/site-packages/airflow/example_dags/example_sla_dag.py for tasks to queue
[2023-06-29T23:50:10.095+0000] {logging_mixin.py:149} INFO - [2023-06-29T23:50:10.095+0000] {dagbag.py:541} INFO - Filling up the DagBag from /home/airflow/.local/lib/python3.7/site-packages/airflow/example_dags/example_sla_dag.py
[2023-06-29T23:50:10.105+0000] {processor.py:809} INFO - DAG(s) dict_keys(['example_sla_dag']) retrieved from /home/airflow/.local/lib/python3.7/site-packages/airflow/example_dags/example_sla_dag.py
[2023-06-29T23:50:10.135+0000] {logging_mixin.py:149} INFO - [2023-06-29T23:50:10.135+0000] {dag.py:2726} INFO - Sync 1 DAGs
[2023-06-29T23:50:10.174+0000] {logging_mixin.py:149} INFO - [2023-06-29T23:50:10.174+0000] {dag.py:3490} INFO - Setting next_dagrun for example_sla_dag to 2023-06-29T23:48:00+00:00, run_after=2023-06-29T23:50:00+00:00
[2023-06-29T23:50:10.198+0000] {processor.py:178} INFO - Processing /home/airflow/.local/lib/python3.7/site-packages/airflow/example_dags/example_sla_dag.py took 0.108 seconds
[2023-06-29T23:50:40.918+0000] {processor.py:156} INFO - Started process (PID=463) to work on /home/airflow/.local/lib/python3.7/site-packages/airflow/example_dags/example_sla_dag.py
[2023-06-29T23:50:40.921+0000] {processor.py:799} INFO - Processing file /home/airflow/.local/lib/python3.7/site-packages/airflow/example_dags/example_sla_dag.py for tasks to queue
[2023-06-29T23:50:40.922+0000] {logging_mixin.py:149} INFO - [2023-06-29T23:50:40.922+0000] {dagbag.py:541} INFO - Filling up the DagBag from /home/airflow/.local/lib/python3.7/site-packages/airflow/example_dags/example_sla_dag.py
[2023-06-29T23:50:40.933+0000] {processor.py:809} INFO - DAG(s) dict_keys(['example_sla_dag']) retrieved from /home/airflow/.local/lib/python3.7/site-packages/airflow/example_dags/example_sla_dag.py
[2023-06-29T23:50:40.986+0000] {logging_mixin.py:149} INFO - [2023-06-29T23:50:40.986+0000] {dag.py:2726} INFO - Sync 1 DAGs
[2023-06-29T23:50:41.054+0000] {logging_mixin.py:149} INFO - [2023-06-29T23:50:41.054+0000] {dag.py:3490} INFO - Setting next_dagrun for example_sla_dag to 2023-06-29T23:48:00+00:00, run_after=2023-06-29T23:50:00+00:00
[2023-06-29T23:50:41.097+0000] {processor.py:178} INFO - Processing /home/airflow/.local/lib/python3.7/site-packages/airflow/example_dags/example_sla_dag.py took 0.184 seconds
[2023-06-29T23:51:11.471+0000] {processor.py:156} INFO - Started process (PID=520) to work on /home/airflow/.local/lib/python3.7/site-packages/airflow/example_dags/example_sla_dag.py
[2023-06-29T23:51:11.472+0000] {processor.py:799} INFO - Processing file /home/airflow/.local/lib/python3.7/site-packages/airflow/example_dags/example_sla_dag.py for tasks to queue
[2023-06-29T23:51:11.473+0000] {logging_mixin.py:149} INFO - [2023-06-29T23:51:11.473+0000] {dagbag.py:541} INFO - Filling up the DagBag from /home/airflow/.local/lib/python3.7/site-packages/airflow/example_dags/example_sla_dag.py
[2023-06-29T23:51:11.498+0000] {processor.py:809} INFO - DAG(s) dict_keys(['example_sla_dag']) retrieved from /home/airflow/.local/lib/python3.7/site-packages/airflow/example_dags/example_sla_dag.py
[2023-06-29T23:51:11.535+0000] {logging_mixin.py:149} INFO - [2023-06-29T23:51:11.535+0000] {dag.py:2726} INFO - Sync 1 DAGs
[2023-06-29T23:51:11.577+0000] {logging_mixin.py:149} INFO - [2023-06-29T23:51:11.577+0000] {dag.py:3490} INFO - Setting next_dagrun for example_sla_dag to 2023-06-29T23:48:00+00:00, run_after=2023-06-29T23:50:00+00:00
[2023-06-29T23:51:11.599+0000] {processor.py:178} INFO - Processing /home/airflow/.local/lib/python3.7/site-packages/airflow/example_dags/example_sla_dag.py took 0.132 seconds
[2023-06-29T23:51:42.874+0000] {processor.py:156} INFO - Started process (PID=577) to work on /home/airflow/.local/lib/python3.7/site-packages/airflow/example_dags/example_sla_dag.py
[2023-06-29T23:51:42.876+0000] {processor.py:799} INFO - Processing file /home/airflow/.local/lib/python3.7/site-packages/airflow/example_dags/example_sla_dag.py for tasks to queue
[2023-06-29T23:51:42.877+0000] {logging_mixin.py:149} INFO - [2023-06-29T23:51:42.876+0000] {dagbag.py:541} INFO - Filling up the DagBag from /home/airflow/.local/lib/python3.7/site-packages/airflow/example_dags/example_sla_dag.py
[2023-06-29T23:51:42.887+0000] {processor.py:809} INFO - DAG(s) dict_keys(['example_sla_dag']) retrieved from /home/airflow/.local/lib/python3.7/site-packages/airflow/example_dags/example_sla_dag.py
[2023-06-29T23:51:42.918+0000] {logging_mixin.py:149} INFO - [2023-06-29T23:51:42.918+0000] {dag.py:2726} INFO - Sync 1 DAGs
[2023-06-29T23:51:42.956+0000] {logging_mixin.py:149} INFO - [2023-06-29T23:51:42.956+0000] {dag.py:3490} INFO - Setting next_dagrun for example_sla_dag to 2023-06-29T23:48:00+00:00, run_after=2023-06-29T23:50:00+00:00
[2023-06-29T23:51:42.979+0000] {processor.py:178} INFO - Processing /home/airflow/.local/lib/python3.7/site-packages/airflow/example_dags/example_sla_dag.py took 0.110 seconds
[2023-06-29T23:52:16.029+0000] {processor.py:156} INFO - Started process (PID=640) to work on /home/airflow/.local/lib/python3.7/site-packages/airflow/example_dags/example_sla_dag.py
[2023-06-29T23:52:16.033+0000] {processor.py:799} INFO - Processing file /home/airflow/.local/lib/python3.7/site-packages/airflow/example_dags/example_sla_dag.py for tasks to queue
[2023-06-29T23:52:16.066+0000] {logging_mixin.py:149} INFO - [2023-06-29T23:52:16.065+0000] {dagbag.py:541} INFO - Filling up the DagBag from /home/airflow/.local/lib/python3.7/site-packages/airflow/example_dags/example_sla_dag.py
[2023-06-29T23:52:16.107+0000] {processor.py:809} INFO - DAG(s) dict_keys(['example_sla_dag']) retrieved from /home/airflow/.local/lib/python3.7/site-packages/airflow/example_dags/example_sla_dag.py
[2023-06-29T23:52:16.224+0000] {logging_mixin.py:149} INFO - [2023-06-29T23:52:16.224+0000] {dag.py:2726} INFO - Sync 1 DAGs
[2023-06-29T23:52:16.361+0000] {logging_mixin.py:149} INFO - [2023-06-29T23:52:16.360+0000] {dag.py:3490} INFO - Setting next_dagrun for example_sla_dag to 2023-06-29T23:50:00+00:00, run_after=2023-06-29T23:52:00+00:00
[2023-06-29T23:52:16.440+0000] {processor.py:178} INFO - Processing /home/airflow/.local/lib/python3.7/site-packages/airflow/example_dags/example_sla_dag.py took 0.415 seconds
[2023-06-29T23:52:46.583+0000] {processor.py:156} INFO - Started process (PID=699) to work on /home/airflow/.local/lib/python3.7/site-packages/airflow/example_dags/example_sla_dag.py
[2023-06-29T23:52:46.585+0000] {processor.py:799} INFO - Processing file /home/airflow/.local/lib/python3.7/site-packages/airflow/example_dags/example_sla_dag.py for tasks to queue
[2023-06-29T23:52:46.586+0000] {logging_mixin.py:149} INFO - [2023-06-29T23:52:46.585+0000] {dagbag.py:541} INFO - Filling up the DagBag from /home/airflow/.local/lib/python3.7/site-packages/airflow/example_dags/example_sla_dag.py
[2023-06-29T23:52:46.607+0000] {processor.py:809} INFO - DAG(s) dict_keys(['example_sla_dag']) retrieved from /home/airflow/.local/lib/python3.7/site-packages/airflow/example_dags/example_sla_dag.py
[2023-06-29T23:52:46.667+0000] {logging_mixin.py:149} INFO - [2023-06-29T23:52:46.667+0000] {dag.py:2726} INFO - Sync 1 DAGs
[2023-06-29T23:52:46.707+0000] {logging_mixin.py:149} INFO - [2023-06-29T23:52:46.706+0000] {dag.py:3490} INFO - Setting next_dagrun for example_sla_dag to 2023-06-29T23:50:00+00:00, run_after=2023-06-29T23:52:00+00:00
[2023-06-29T23:52:46.728+0000] {processor.py:178} INFO - Processing /home/airflow/.local/lib/python3.7/site-packages/airflow/example_dags/example_sla_dag.py took 0.149 seconds
[2023-06-29T23:53:17.024+0000] {processor.py:156} INFO - Started process (PID=755) to work on /home/airflow/.local/lib/python3.7/site-packages/airflow/example_dags/example_sla_dag.py
[2023-06-29T23:53:17.025+0000] {processor.py:799} INFO - Processing file /home/airflow/.local/lib/python3.7/site-packages/airflow/example_dags/example_sla_dag.py for tasks to queue
[2023-06-29T23:53:17.026+0000] {logging_mixin.py:149} INFO - [2023-06-29T23:53:17.026+0000] {dagbag.py:541} INFO - Filling up the DagBag from /home/airflow/.local/lib/python3.7/site-packages/airflow/example_dags/example_sla_dag.py
[2023-06-29T23:53:17.038+0000] {processor.py:809} INFO - DAG(s) dict_keys(['example_sla_dag']) retrieved from /home/airflow/.local/lib/python3.7/site-packages/airflow/example_dags/example_sla_dag.py
[2023-06-29T23:53:17.071+0000] {logging_mixin.py:149} INFO - [2023-06-29T23:53:17.071+0000] {dag.py:2726} INFO - Sync 1 DAGs
[2023-06-29T23:53:17.110+0000] {logging_mixin.py:149} INFO - [2023-06-29T23:53:17.110+0000] {dag.py:3490} INFO - Setting next_dagrun for example_sla_dag to 2023-06-29T23:50:00+00:00, run_after=2023-06-29T23:52:00+00:00
[2023-06-29T23:53:17.135+0000] {processor.py:178} INFO - Processing /home/airflow/.local/lib/python3.7/site-packages/airflow/example_dags/example_sla_dag.py took 0.114 seconds
[2023-06-29T23:53:47.861+0000] {processor.py:156} INFO - Started process (PID=813) to work on /home/airflow/.local/lib/python3.7/site-packages/airflow/example_dags/example_sla_dag.py
[2023-06-29T23:53:47.863+0000] {processor.py:799} INFO - Processing file /home/airflow/.local/lib/python3.7/site-packages/airflow/example_dags/example_sla_dag.py for tasks to queue
[2023-06-29T23:53:47.864+0000] {logging_mixin.py:149} INFO - [2023-06-29T23:53:47.864+0000] {dagbag.py:541} INFO - Filling up the DagBag from /home/airflow/.local/lib/python3.7/site-packages/airflow/example_dags/example_sla_dag.py
[2023-06-29T23:53:47.875+0000] {processor.py:809} INFO - DAG(s) dict_keys(['example_sla_dag']) retrieved from /home/airflow/.local/lib/python3.7/site-packages/airflow/example_dags/example_sla_dag.py
[2023-06-29T23:53:47.908+0000] {logging_mixin.py:149} INFO - [2023-06-29T23:53:47.908+0000] {dag.py:2726} INFO - Sync 1 DAGs
[2023-06-29T23:53:47.946+0000] {logging_mixin.py:149} INFO - [2023-06-29T23:53:47.946+0000] {dag.py:3490} INFO - Setting next_dagrun for example_sla_dag to 2023-06-29T23:50:00+00:00, run_after=2023-06-29T23:52:00+00:00
[2023-06-29T23:53:47.969+0000] {processor.py:178} INFO - Processing /home/airflow/.local/lib/python3.7/site-packages/airflow/example_dags/example_sla_dag.py took 0.111 seconds
[2023-06-29T23:54:18.389+0000] {processor.py:156} INFO - Started process (PID=870) to work on /home/airflow/.local/lib/python3.7/site-packages/airflow/example_dags/example_sla_dag.py
[2023-06-29T23:54:18.390+0000] {processor.py:799} INFO - Processing file /home/airflow/.local/lib/python3.7/site-packages/airflow/example_dags/example_sla_dag.py for tasks to queue
[2023-06-29T23:54:18.390+0000] {logging_mixin.py:149} INFO - [2023-06-29T23:54:18.390+0000] {dagbag.py:541} INFO - Filling up the DagBag from /home/airflow/.local/lib/python3.7/site-packages/airflow/example_dags/example_sla_dag.py
[2023-06-29T23:54:18.402+0000] {processor.py:809} INFO - DAG(s) dict_keys(['example_sla_dag']) retrieved from /home/airflow/.local/lib/python3.7/site-packages/airflow/example_dags/example_sla_dag.py
[2023-06-29T23:54:18.434+0000] {logging_mixin.py:149} INFO - [2023-06-29T23:54:18.433+0000] {dag.py:2726} INFO - Sync 1 DAGs
[2023-06-29T23:54:18.475+0000] {logging_mixin.py:149} INFO - [2023-06-29T23:54:18.475+0000] {dag.py:3490} INFO - Setting next_dagrun for example_sla_dag to 2023-06-29T23:52:00+00:00, run_after=2023-06-29T23:54:00+00:00
[2023-06-29T23:54:18.498+0000] {processor.py:178} INFO - Processing /home/airflow/.local/lib/python3.7/site-packages/airflow/example_dags/example_sla_dag.py took 0.113 seconds
[2023-06-29T23:54:48.802+0000] {processor.py:156} INFO - Started process (PID=927) to work on /home/airflow/.local/lib/python3.7/site-packages/airflow/example_dags/example_sla_dag.py
[2023-06-29T23:54:48.803+0000] {processor.py:799} INFO - Processing file /home/airflow/.local/lib/python3.7/site-packages/airflow/example_dags/example_sla_dag.py for tasks to queue
[2023-06-29T23:54:48.804+0000] {logging_mixin.py:149} INFO - [2023-06-29T23:54:48.804+0000] {dagbag.py:541} INFO - Filling up the DagBag from /home/airflow/.local/lib/python3.7/site-packages/airflow/example_dags/example_sla_dag.py
[2023-06-29T23:54:48.815+0000] {processor.py:809} INFO - DAG(s) dict_keys(['example_sla_dag']) retrieved from /home/airflow/.local/lib/python3.7/site-packages/airflow/example_dags/example_sla_dag.py
[2023-06-29T23:54:48.848+0000] {logging_mixin.py:149} INFO - [2023-06-29T23:54:48.847+0000] {dag.py:2726} INFO - Sync 1 DAGs
[2023-06-29T23:54:48.899+0000] {logging_mixin.py:149} INFO - [2023-06-29T23:54:48.899+0000] {dag.py:3490} INFO - Setting next_dagrun for example_sla_dag to 2023-06-29T23:52:00+00:00, run_after=2023-06-29T23:54:00+00:00
[2023-06-29T23:54:48.927+0000] {processor.py:178} INFO - Processing /home/airflow/.local/lib/python3.7/site-packages/airflow/example_dags/example_sla_dag.py took 0.130 seconds
[2023-06-29T23:55:19.947+0000] {processor.py:156} INFO - Started process (PID=982) to work on /home/airflow/.local/lib/python3.7/site-packages/airflow/example_dags/example_sla_dag.py
[2023-06-29T23:55:19.950+0000] {processor.py:799} INFO - Processing file /home/airflow/.local/lib/python3.7/site-packages/airflow/example_dags/example_sla_dag.py for tasks to queue
[2023-06-29T23:55:19.952+0000] {logging_mixin.py:149} INFO - [2023-06-29T23:55:19.952+0000] {dagbag.py:541} INFO - Filling up the DagBag from /home/airflow/.local/lib/python3.7/site-packages/airflow/example_dags/example_sla_dag.py
[2023-06-29T23:55:20.002+0000] {processor.py:809} INFO - DAG(s) dict_keys(['example_sla_dag']) retrieved from /home/airflow/.local/lib/python3.7/site-packages/airflow/example_dags/example_sla_dag.py
[2023-06-29T23:55:20.144+0000] {logging_mixin.py:149} INFO - [2023-06-29T23:55:20.141+0000] {dag.py:2726} INFO - Sync 1 DAGs
[2023-06-29T23:55:20.329+0000] {logging_mixin.py:149} INFO - [2023-06-29T23:55:20.329+0000] {dag.py:3490} INFO - Setting next_dagrun for example_sla_dag to 2023-06-29T23:52:00+00:00, run_after=2023-06-29T23:54:00+00:00
[2023-06-29T23:55:20.443+0000] {processor.py:178} INFO - Processing /home/airflow/.local/lib/python3.7/site-packages/airflow/example_dags/example_sla_dag.py took 0.511 seconds
[2023-06-29T23:55:50.495+0000] {processor.py:156} INFO - Started process (PID=1038) to work on /home/airflow/.local/lib/python3.7/site-packages/airflow/example_dags/example_sla_dag.py
[2023-06-29T23:55:50.507+0000] {processor.py:799} INFO - Processing file /home/airflow/.local/lib/python3.7/site-packages/airflow/example_dags/example_sla_dag.py for tasks to queue
[2023-06-29T23:55:50.508+0000] {logging_mixin.py:149} INFO - [2023-06-29T23:55:50.508+0000] {dagbag.py:541} INFO - Filling up the DagBag from /home/airflow/.local/lib/python3.7/site-packages/airflow/example_dags/example_sla_dag.py
[2023-06-29T23:55:50.520+0000] {processor.py:809} INFO - DAG(s) dict_keys(['example_sla_dag']) retrieved from /home/airflow/.local/lib/python3.7/site-packages/airflow/example_dags/example_sla_dag.py
[2023-06-29T23:55:50.584+0000] {logging_mixin.py:149} INFO - [2023-06-29T23:55:50.584+0000] {dag.py:2726} INFO - Sync 1 DAGs
[2023-06-29T23:55:50.648+0000] {logging_mixin.py:149} INFO - [2023-06-29T23:55:50.648+0000] {dag.py:3490} INFO - Setting next_dagrun for example_sla_dag to 2023-06-29T23:52:00+00:00, run_after=2023-06-29T23:54:00+00:00
[2023-06-29T23:55:50.697+0000] {processor.py:178} INFO - Processing /home/airflow/.local/lib/python3.7/site-packages/airflow/example_dags/example_sla_dag.py took 0.207 seconds
[2023-06-29T23:56:21.438+0000] {processor.py:156} INFO - Started process (PID=1095) to work on /home/airflow/.local/lib/python3.7/site-packages/airflow/example_dags/example_sla_dag.py
[2023-06-29T23:56:21.444+0000] {processor.py:799} INFO - Processing file /home/airflow/.local/lib/python3.7/site-packages/airflow/example_dags/example_sla_dag.py for tasks to queue
[2023-06-29T23:56:21.445+0000] {logging_mixin.py:149} INFO - [2023-06-29T23:56:21.445+0000] {dagbag.py:541} INFO - Filling up the DagBag from /home/airflow/.local/lib/python3.7/site-packages/airflow/example_dags/example_sla_dag.py
[2023-06-29T23:56:21.461+0000] {processor.py:809} INFO - DAG(s) dict_keys(['example_sla_dag']) retrieved from /home/airflow/.local/lib/python3.7/site-packages/airflow/example_dags/example_sla_dag.py
[2023-06-29T23:56:21.493+0000] {logging_mixin.py:149} INFO - [2023-06-29T23:56:21.493+0000] {dag.py:2726} INFO - Sync 1 DAGs
[2023-06-29T23:56:21.534+0000] {logging_mixin.py:149} INFO - [2023-06-29T23:56:21.534+0000] {dag.py:3490} INFO - Setting next_dagrun for example_sla_dag to 2023-06-29T23:54:00+00:00, run_after=2023-06-29T23:56:00+00:00
[2023-06-29T23:56:21.578+0000] {processor.py:178} INFO - Processing /home/airflow/.local/lib/python3.7/site-packages/airflow/example_dags/example_sla_dag.py took 0.143 seconds
[2023-06-29T23:56:51.669+0000] {processor.py:156} INFO - Started process (PID=1153) to work on /home/airflow/.local/lib/python3.7/site-packages/airflow/example_dags/example_sla_dag.py
[2023-06-29T23:56:51.670+0000] {processor.py:799} INFO - Processing file /home/airflow/.local/lib/python3.7/site-packages/airflow/example_dags/example_sla_dag.py for tasks to queue
[2023-06-29T23:56:51.671+0000] {logging_mixin.py:149} INFO - [2023-06-29T23:56:51.671+0000] {dagbag.py:541} INFO - Filling up the DagBag from /home/airflow/.local/lib/python3.7/site-packages/airflow/example_dags/example_sla_dag.py
[2023-06-29T23:56:51.682+0000] {processor.py:809} INFO - DAG(s) dict_keys(['example_sla_dag']) retrieved from /home/airflow/.local/lib/python3.7/site-packages/airflow/example_dags/example_sla_dag.py
[2023-06-29T23:56:51.714+0000] {logging_mixin.py:149} INFO - [2023-06-29T23:56:51.714+0000] {dag.py:2726} INFO - Sync 1 DAGs
[2023-06-29T23:56:51.756+0000] {logging_mixin.py:149} INFO - [2023-06-29T23:56:51.756+0000] {dag.py:3490} INFO - Setting next_dagrun for example_sla_dag to 2023-06-29T23:54:00+00:00, run_after=2023-06-29T23:56:00+00:00
[2023-06-29T23:56:51.781+0000] {processor.py:178} INFO - Processing /home/airflow/.local/lib/python3.7/site-packages/airflow/example_dags/example_sla_dag.py took 0.117 seconds
[2023-06-29T23:57:21.960+0000] {processor.py:156} INFO - Started process (PID=1210) to work on /home/airflow/.local/lib/python3.7/site-packages/airflow/example_dags/example_sla_dag.py
[2023-06-29T23:57:21.962+0000] {processor.py:799} INFO - Processing file /home/airflow/.local/lib/python3.7/site-packages/airflow/example_dags/example_sla_dag.py for tasks to queue
[2023-06-29T23:57:21.963+0000] {logging_mixin.py:149} INFO - [2023-06-29T23:57:21.963+0000] {dagbag.py:541} INFO - Filling up the DagBag from /home/airflow/.local/lib/python3.7/site-packages/airflow/example_dags/example_sla_dag.py
[2023-06-29T23:57:21.974+0000] {processor.py:809} INFO - DAG(s) dict_keys(['example_sla_dag']) retrieved from /home/airflow/.local/lib/python3.7/site-packages/airflow/example_dags/example_sla_dag.py
[2023-06-29T23:57:22.006+0000] {logging_mixin.py:149} INFO - [2023-06-29T23:57:22.006+0000] {dag.py:2726} INFO - Sync 1 DAGs
[2023-06-29T23:57:22.046+0000] {logging_mixin.py:149} INFO - [2023-06-29T23:57:22.046+0000] {dag.py:3490} INFO - Setting next_dagrun for example_sla_dag to 2023-06-29T23:54:00+00:00, run_after=2023-06-29T23:56:00+00:00
[2023-06-29T23:57:22.070+0000] {processor.py:178} INFO - Processing /home/airflow/.local/lib/python3.7/site-packages/airflow/example_dags/example_sla_dag.py took 0.116 seconds
[2023-06-29T23:57:52.510+0000] {processor.py:156} INFO - Started process (PID=1266) to work on /home/airflow/.local/lib/python3.7/site-packages/airflow/example_dags/example_sla_dag.py
[2023-06-29T23:57:52.512+0000] {processor.py:799} INFO - Processing file /home/airflow/.local/lib/python3.7/site-packages/airflow/example_dags/example_sla_dag.py for tasks to queue
[2023-06-29T23:57:52.513+0000] {logging_mixin.py:149} INFO - [2023-06-29T23:57:52.513+0000] {dagbag.py:541} INFO - Filling up the DagBag from /home/airflow/.local/lib/python3.7/site-packages/airflow/example_dags/example_sla_dag.py
[2023-06-29T23:57:52.527+0000] {processor.py:809} INFO - DAG(s) dict_keys(['example_sla_dag']) retrieved from /home/airflow/.local/lib/python3.7/site-packages/airflow/example_dags/example_sla_dag.py
[2023-06-29T23:57:52.564+0000] {logging_mixin.py:149} INFO - [2023-06-29T23:57:52.563+0000] {dag.py:2726} INFO - Sync 1 DAGs
[2023-06-29T23:57:52.603+0000] {logging_mixin.py:149} INFO - [2023-06-29T23:57:52.602+0000] {dag.py:3490} INFO - Setting next_dagrun for example_sla_dag to 2023-06-29T23:54:00+00:00, run_after=2023-06-29T23:56:00+00:00
[2023-06-29T23:57:52.627+0000] {processor.py:178} INFO - Processing /home/airflow/.local/lib/python3.7/site-packages/airflow/example_dags/example_sla_dag.py took 0.121 seconds
[2023-06-29T23:58:23.982+0000] {processor.py:156} INFO - Started process (PID=1323) to work on /home/airflow/.local/lib/python3.7/site-packages/airflow/example_dags/example_sla_dag.py
[2023-06-29T23:58:23.990+0000] {processor.py:799} INFO - Processing file /home/airflow/.local/lib/python3.7/site-packages/airflow/example_dags/example_sla_dag.py for tasks to queue
[2023-06-29T23:58:23.999+0000] {logging_mixin.py:149} INFO - [2023-06-29T23:58:23.999+0000] {dagbag.py:541} INFO - Filling up the DagBag from /home/airflow/.local/lib/python3.7/site-packages/airflow/example_dags/example_sla_dag.py
[2023-06-29T23:58:24.019+0000] {processor.py:809} INFO - DAG(s) dict_keys(['example_sla_dag']) retrieved from /home/airflow/.local/lib/python3.7/site-packages/airflow/example_dags/example_sla_dag.py
[2023-06-29T23:58:24.065+0000] {logging_mixin.py:149} INFO - [2023-06-29T23:58:24.064+0000] {dag.py:2726} INFO - Sync 1 DAGs
[2023-06-29T23:58:24.109+0000] {logging_mixin.py:149} INFO - [2023-06-29T23:58:24.109+0000] {dag.py:3490} INFO - Setting next_dagrun for example_sla_dag to 2023-06-29T23:56:00+00:00, run_after=2023-06-29T23:58:00+00:00
[2023-06-29T23:58:24.156+0000] {processor.py:178} INFO - Processing /home/airflow/.local/lib/python3.7/site-packages/airflow/example_dags/example_sla_dag.py took 0.190 seconds
[2023-06-29T23:58:54.708+0000] {processor.py:156} INFO - Started process (PID=1381) to work on /home/airflow/.local/lib/python3.7/site-packages/airflow/example_dags/example_sla_dag.py
[2023-06-29T23:58:54.709+0000] {processor.py:799} INFO - Processing file /home/airflow/.local/lib/python3.7/site-packages/airflow/example_dags/example_sla_dag.py for tasks to queue
[2023-06-29T23:58:54.710+0000] {logging_mixin.py:149} INFO - [2023-06-29T23:58:54.710+0000] {dagbag.py:541} INFO - Filling up the DagBag from /home/airflow/.local/lib/python3.7/site-packages/airflow/example_dags/example_sla_dag.py
[2023-06-29T23:58:54.723+0000] {processor.py:809} INFO - DAG(s) dict_keys(['example_sla_dag']) retrieved from /home/airflow/.local/lib/python3.7/site-packages/airflow/example_dags/example_sla_dag.py
[2023-06-29T23:58:54.761+0000] {logging_mixin.py:149} INFO - [2023-06-29T23:58:54.761+0000] {dag.py:2726} INFO - Sync 1 DAGs
[2023-06-29T23:58:54.844+0000] {logging_mixin.py:149} INFO - [2023-06-29T23:58:54.843+0000] {dag.py:3490} INFO - Setting next_dagrun for example_sla_dag to 2023-06-29T23:56:00+00:00, run_after=2023-06-29T23:58:00+00:00
[2023-06-29T23:58:54.893+0000] {processor.py:178} INFO - Processing /home/airflow/.local/lib/python3.7/site-packages/airflow/example_dags/example_sla_dag.py took 0.190 seconds
[2023-06-29T23:59:24.964+0000] {processor.py:156} INFO - Started process (PID=1439) to work on /home/airflow/.local/lib/python3.7/site-packages/airflow/example_dags/example_sla_dag.py
[2023-06-29T23:59:24.965+0000] {processor.py:799} INFO - Processing file /home/airflow/.local/lib/python3.7/site-packages/airflow/example_dags/example_sla_dag.py for tasks to queue
[2023-06-29T23:59:24.966+0000] {logging_mixin.py:149} INFO - [2023-06-29T23:59:24.966+0000] {dagbag.py:541} INFO - Filling up the DagBag from /home/airflow/.local/lib/python3.7/site-packages/airflow/example_dags/example_sla_dag.py
[2023-06-29T23:59:24.977+0000] {processor.py:809} INFO - DAG(s) dict_keys(['example_sla_dag']) retrieved from /home/airflow/.local/lib/python3.7/site-packages/airflow/example_dags/example_sla_dag.py
[2023-06-29T23:59:25.010+0000] {logging_mixin.py:149} INFO - [2023-06-29T23:59:25.010+0000] {dag.py:2726} INFO - Sync 1 DAGs
[2023-06-29T23:59:25.047+0000] {logging_mixin.py:149} INFO - [2023-06-29T23:59:25.047+0000] {dag.py:3490} INFO - Setting next_dagrun for example_sla_dag to 2023-06-29T23:56:00+00:00, run_after=2023-06-29T23:58:00+00:00
[2023-06-29T23:59:25.068+0000] {processor.py:178} INFO - Processing /home/airflow/.local/lib/python3.7/site-packages/airflow/example_dags/example_sla_dag.py took 0.108 seconds
[2023-06-29T23:59:55.397+0000] {processor.py:156} INFO - Started process (PID=1495) to work on /home/airflow/.local/lib/python3.7/site-packages/airflow/example_dags/example_sla_dag.py
[2023-06-29T23:59:55.399+0000] {processor.py:799} INFO - Processing file /home/airflow/.local/lib/python3.7/site-packages/airflow/example_dags/example_sla_dag.py for tasks to queue
[2023-06-29T23:59:55.400+0000] {logging_mixin.py:149} INFO - [2023-06-29T23:59:55.399+0000] {dagbag.py:541} INFO - Filling up the DagBag from /home/airflow/.local/lib/python3.7/site-packages/airflow/example_dags/example_sla_dag.py
[2023-06-29T23:59:55.411+0000] {processor.py:809} INFO - DAG(s) dict_keys(['example_sla_dag']) retrieved from /home/airflow/.local/lib/python3.7/site-packages/airflow/example_dags/example_sla_dag.py
[2023-06-29T23:59:55.444+0000] {logging_mixin.py:149} INFO - [2023-06-29T23:59:55.443+0000] {dag.py:2726} INFO - Sync 1 DAGs
[2023-06-29T23:59:55.485+0000] {logging_mixin.py:149} INFO - [2023-06-29T23:59:55.484+0000] {dag.py:3490} INFO - Setting next_dagrun for example_sla_dag to 2023-06-29T23:56:00+00:00, run_after=2023-06-29T23:58:00+00:00
[2023-06-29T23:59:55.510+0000] {processor.py:178} INFO - Processing /home/airflow/.local/lib/python3.7/site-packages/airflow/example_dags/example_sla_dag.py took 0.118 seconds
