[2023-06-29T23:47:05.685+0000] {processor.py:156} INFO - Started process (PID=50) to work on /home/airflow/.local/lib/python3.7/site-packages/airflow/example_dags/example_latest_only_with_trigger.py
[2023-06-29T23:47:05.686+0000] {processor.py:799} INFO - Processing file /home/airflow/.local/lib/python3.7/site-packages/airflow/example_dags/example_latest_only_with_trigger.py for tasks to queue
[2023-06-29T23:47:05.687+0000] {logging_mixin.py:149} INFO - [2023-06-29T23:47:05.687+0000] {dagbag.py:541} INFO - Filling up the DagBag from /home/airflow/.local/lib/python3.7/site-packages/airflow/example_dags/example_latest_only_with_trigger.py
[2023-06-29T23:47:05.695+0000] {processor.py:809} INFO - DAG(s) dict_keys(['latest_only_with_trigger']) retrieved from /home/airflow/.local/lib/python3.7/site-packages/airflow/example_dags/example_latest_only_with_trigger.py
[2023-06-29T23:47:05.733+0000] {logging_mixin.py:149} INFO - [2023-06-29T23:47:05.733+0000] {dag.py:2726} INFO - Sync 1 DAGs
[2023-06-29T23:47:05.767+0000] {logging_mixin.py:149} INFO - [2023-06-29T23:47:05.767+0000] {dag.py:3490} INFO - Setting next_dagrun for latest_only_with_trigger to 2023-06-29T19:47:05.767141+00:00, run_after=2023-06-29T23:47:05.767141+00:00
[2023-06-29T23:47:05.802+0000] {processor.py:178} INFO - Processing /home/airflow/.local/lib/python3.7/site-packages/airflow/example_dags/example_latest_only_with_trigger.py took 0.122 seconds
[2023-06-29T23:47:35.956+0000] {processor.py:156} INFO - Started process (PID=106) to work on /home/airflow/.local/lib/python3.7/site-packages/airflow/example_dags/example_latest_only_with_trigger.py
[2023-06-29T23:47:35.960+0000] {processor.py:799} INFO - Processing file /home/airflow/.local/lib/python3.7/site-packages/airflow/example_dags/example_latest_only_with_trigger.py for tasks to queue
[2023-06-29T23:47:35.960+0000] {logging_mixin.py:149} INFO - [2023-06-29T23:47:35.960+0000] {dagbag.py:541} INFO - Filling up the DagBag from /home/airflow/.local/lib/python3.7/site-packages/airflow/example_dags/example_latest_only_with_trigger.py
[2023-06-29T23:47:35.971+0000] {processor.py:809} INFO - DAG(s) dict_keys(['latest_only_with_trigger']) retrieved from /home/airflow/.local/lib/python3.7/site-packages/airflow/example_dags/example_latest_only_with_trigger.py
[2023-06-29T23:47:36.004+0000] {logging_mixin.py:149} INFO - [2023-06-29T23:47:36.004+0000] {dag.py:2726} INFO - Sync 1 DAGs
[2023-06-29T23:47:36.037+0000] {logging_mixin.py:149} INFO - [2023-06-29T23:47:36.037+0000] {dag.py:3490} INFO - Setting next_dagrun for latest_only_with_trigger to 2023-06-29T19:47:36.037207+00:00, run_after=2023-06-29T23:47:36.037207+00:00
[2023-06-29T23:47:36.060+0000] {processor.py:178} INFO - Processing /home/airflow/.local/lib/python3.7/site-packages/airflow/example_dags/example_latest_only_with_trigger.py took 0.110 seconds
[2023-06-29T23:48:06.461+0000] {processor.py:156} INFO - Started process (PID=164) to work on /home/airflow/.local/lib/python3.7/site-packages/airflow/example_dags/example_latest_only_with_trigger.py
[2023-06-29T23:48:06.466+0000] {processor.py:799} INFO - Processing file /home/airflow/.local/lib/python3.7/site-packages/airflow/example_dags/example_latest_only_with_trigger.py for tasks to queue
[2023-06-29T23:48:06.467+0000] {logging_mixin.py:149} INFO - [2023-06-29T23:48:06.467+0000] {dagbag.py:541} INFO - Filling up the DagBag from /home/airflow/.local/lib/python3.7/site-packages/airflow/example_dags/example_latest_only_with_trigger.py
[2023-06-29T23:48:06.475+0000] {processor.py:809} INFO - DAG(s) dict_keys(['latest_only_with_trigger']) retrieved from /home/airflow/.local/lib/python3.7/site-packages/airflow/example_dags/example_latest_only_with_trigger.py
[2023-06-29T23:48:06.507+0000] {logging_mixin.py:149} INFO - [2023-06-29T23:48:06.506+0000] {dag.py:2726} INFO - Sync 1 DAGs
[2023-06-29T23:48:06.541+0000] {logging_mixin.py:149} INFO - [2023-06-29T23:48:06.541+0000] {dag.py:3490} INFO - Setting next_dagrun for latest_only_with_trigger to 2023-06-29T19:48:06.541076+00:00, run_after=2023-06-29T23:48:06.541076+00:00
[2023-06-29T23:48:06.565+0000] {processor.py:178} INFO - Processing /home/airflow/.local/lib/python3.7/site-packages/airflow/example_dags/example_latest_only_with_trigger.py took 0.108 seconds
[2023-06-29T23:48:36.677+0000] {processor.py:156} INFO - Started process (PID=221) to work on /home/airflow/.local/lib/python3.7/site-packages/airflow/example_dags/example_latest_only_with_trigger.py
[2023-06-29T23:48:36.677+0000] {processor.py:799} INFO - Processing file /home/airflow/.local/lib/python3.7/site-packages/airflow/example_dags/example_latest_only_with_trigger.py for tasks to queue
[2023-06-29T23:48:36.678+0000] {logging_mixin.py:149} INFO - [2023-06-29T23:48:36.678+0000] {dagbag.py:541} INFO - Filling up the DagBag from /home/airflow/.local/lib/python3.7/site-packages/airflow/example_dags/example_latest_only_with_trigger.py
[2023-06-29T23:48:36.685+0000] {processor.py:809} INFO - DAG(s) dict_keys(['latest_only_with_trigger']) retrieved from /home/airflow/.local/lib/python3.7/site-packages/airflow/example_dags/example_latest_only_with_trigger.py
[2023-06-29T23:48:36.727+0000] {logging_mixin.py:149} INFO - [2023-06-29T23:48:36.727+0000] {dag.py:2726} INFO - Sync 1 DAGs
[2023-06-29T23:48:36.759+0000] {logging_mixin.py:149} INFO - [2023-06-29T23:48:36.759+0000] {dag.py:3490} INFO - Setting next_dagrun for latest_only_with_trigger to 2023-06-29T19:48:36.759437+00:00, run_after=2023-06-29T23:48:36.759437+00:00
[2023-06-29T23:48:36.785+0000] {processor.py:178} INFO - Processing /home/airflow/.local/lib/python3.7/site-packages/airflow/example_dags/example_latest_only_with_trigger.py took 0.112 seconds
[2023-06-29T23:49:07.824+0000] {processor.py:156} INFO - Started process (PID=278) to work on /home/airflow/.local/lib/python3.7/site-packages/airflow/example_dags/example_latest_only_with_trigger.py
[2023-06-29T23:49:07.826+0000] {processor.py:799} INFO - Processing file /home/airflow/.local/lib/python3.7/site-packages/airflow/example_dags/example_latest_only_with_trigger.py for tasks to queue
[2023-06-29T23:49:07.827+0000] {logging_mixin.py:149} INFO - [2023-06-29T23:49:07.826+0000] {dagbag.py:541} INFO - Filling up the DagBag from /home/airflow/.local/lib/python3.7/site-packages/airflow/example_dags/example_latest_only_with_trigger.py
[2023-06-29T23:49:07.834+0000] {processor.py:809} INFO - DAG(s) dict_keys(['latest_only_with_trigger']) retrieved from /home/airflow/.local/lib/python3.7/site-packages/airflow/example_dags/example_latest_only_with_trigger.py
[2023-06-29T23:49:07.868+0000] {logging_mixin.py:149} INFO - [2023-06-29T23:49:07.868+0000] {dag.py:2726} INFO - Sync 1 DAGs
[2023-06-29T23:49:07.900+0000] {logging_mixin.py:149} INFO - [2023-06-29T23:49:07.900+0000] {dag.py:3490} INFO - Setting next_dagrun for latest_only_with_trigger to 2023-06-29T19:49:07.900174+00:00, run_after=2023-06-29T23:49:07.900174+00:00
[2023-06-29T23:49:07.923+0000] {processor.py:178} INFO - Processing /home/airflow/.local/lib/python3.7/site-packages/airflow/example_dags/example_latest_only_with_trigger.py took 0.103 seconds
[2023-06-29T23:49:38.269+0000] {processor.py:156} INFO - Started process (PID=336) to work on /home/airflow/.local/lib/python3.7/site-packages/airflow/example_dags/example_latest_only_with_trigger.py
[2023-06-29T23:49:38.270+0000] {processor.py:799} INFO - Processing file /home/airflow/.local/lib/python3.7/site-packages/airflow/example_dags/example_latest_only_with_trigger.py for tasks to queue
[2023-06-29T23:49:38.271+0000] {logging_mixin.py:149} INFO - [2023-06-29T23:49:38.271+0000] {dagbag.py:541} INFO - Filling up the DagBag from /home/airflow/.local/lib/python3.7/site-packages/airflow/example_dags/example_latest_only_with_trigger.py
[2023-06-29T23:49:38.278+0000] {processor.py:809} INFO - DAG(s) dict_keys(['latest_only_with_trigger']) retrieved from /home/airflow/.local/lib/python3.7/site-packages/airflow/example_dags/example_latest_only_with_trigger.py
[2023-06-29T23:49:38.309+0000] {logging_mixin.py:149} INFO - [2023-06-29T23:49:38.309+0000] {dag.py:2726} INFO - Sync 1 DAGs
[2023-06-29T23:49:38.341+0000] {logging_mixin.py:149} INFO - [2023-06-29T23:49:38.341+0000] {dag.py:3490} INFO - Setting next_dagrun for latest_only_with_trigger to 2023-06-29T19:49:38.341092+00:00, run_after=2023-06-29T23:49:38.341092+00:00
[2023-06-29T23:49:38.364+0000] {processor.py:178} INFO - Processing /home/airflow/.local/lib/python3.7/site-packages/airflow/example_dags/example_latest_only_with_trigger.py took 0.099 seconds
[2023-06-29T23:50:08.990+0000] {processor.py:156} INFO - Started process (PID=392) to work on /home/airflow/.local/lib/python3.7/site-packages/airflow/example_dags/example_latest_only_with_trigger.py
[2023-06-29T23:50:08.992+0000] {processor.py:799} INFO - Processing file /home/airflow/.local/lib/python3.7/site-packages/airflow/example_dags/example_latest_only_with_trigger.py for tasks to queue
[2023-06-29T23:50:08.992+0000] {logging_mixin.py:149} INFO - [2023-06-29T23:50:08.992+0000] {dagbag.py:541} INFO - Filling up the DagBag from /home/airflow/.local/lib/python3.7/site-packages/airflow/example_dags/example_latest_only_with_trigger.py
[2023-06-29T23:50:09.000+0000] {processor.py:809} INFO - DAG(s) dict_keys(['latest_only_with_trigger']) retrieved from /home/airflow/.local/lib/python3.7/site-packages/airflow/example_dags/example_latest_only_with_trigger.py
[2023-06-29T23:50:09.033+0000] {logging_mixin.py:149} INFO - [2023-06-29T23:50:09.032+0000] {dag.py:2726} INFO - Sync 1 DAGs
[2023-06-29T23:50:09.067+0000] {logging_mixin.py:149} INFO - [2023-06-29T23:50:09.066+0000] {dag.py:3490} INFO - Setting next_dagrun for latest_only_with_trigger to 2023-06-29T19:50:09.066550+00:00, run_after=2023-06-29T23:50:09.066550+00:00
[2023-06-29T23:50:09.089+0000] {processor.py:178} INFO - Processing /home/airflow/.local/lib/python3.7/site-packages/airflow/example_dags/example_latest_only_with_trigger.py took 0.104 seconds
[2023-06-29T23:50:39.507+0000] {processor.py:156} INFO - Started process (PID=449) to work on /home/airflow/.local/lib/python3.7/site-packages/airflow/example_dags/example_latest_only_with_trigger.py
[2023-06-29T23:50:39.508+0000] {processor.py:799} INFO - Processing file /home/airflow/.local/lib/python3.7/site-packages/airflow/example_dags/example_latest_only_with_trigger.py for tasks to queue
[2023-06-29T23:50:39.509+0000] {logging_mixin.py:149} INFO - [2023-06-29T23:50:39.509+0000] {dagbag.py:541} INFO - Filling up the DagBag from /home/airflow/.local/lib/python3.7/site-packages/airflow/example_dags/example_latest_only_with_trigger.py
[2023-06-29T23:50:39.516+0000] {processor.py:809} INFO - DAG(s) dict_keys(['latest_only_with_trigger']) retrieved from /home/airflow/.local/lib/python3.7/site-packages/airflow/example_dags/example_latest_only_with_trigger.py
[2023-06-29T23:50:39.549+0000] {logging_mixin.py:149} INFO - [2023-06-29T23:50:39.549+0000] {dag.py:2726} INFO - Sync 1 DAGs
[2023-06-29T23:50:39.585+0000] {logging_mixin.py:149} INFO - [2023-06-29T23:50:39.585+0000] {dag.py:3490} INFO - Setting next_dagrun for latest_only_with_trigger to 2023-06-29T19:50:39.584870+00:00, run_after=2023-06-29T23:50:39.584870+00:00
[2023-06-29T23:50:39.613+0000] {processor.py:178} INFO - Processing /home/airflow/.local/lib/python3.7/site-packages/airflow/example_dags/example_latest_only_with_trigger.py took 0.114 seconds
[2023-06-29T23:51:10.421+0000] {processor.py:156} INFO - Started process (PID=506) to work on /home/airflow/.local/lib/python3.7/site-packages/airflow/example_dags/example_latest_only_with_trigger.py
[2023-06-29T23:51:10.423+0000] {processor.py:799} INFO - Processing file /home/airflow/.local/lib/python3.7/site-packages/airflow/example_dags/example_latest_only_with_trigger.py for tasks to queue
[2023-06-29T23:51:10.424+0000] {logging_mixin.py:149} INFO - [2023-06-29T23:51:10.424+0000] {dagbag.py:541} INFO - Filling up the DagBag from /home/airflow/.local/lib/python3.7/site-packages/airflow/example_dags/example_latest_only_with_trigger.py
[2023-06-29T23:51:10.432+0000] {processor.py:809} INFO - DAG(s) dict_keys(['latest_only_with_trigger']) retrieved from /home/airflow/.local/lib/python3.7/site-packages/airflow/example_dags/example_latest_only_with_trigger.py
[2023-06-29T23:51:10.484+0000] {logging_mixin.py:149} INFO - [2023-06-29T23:51:10.484+0000] {dag.py:2726} INFO - Sync 1 DAGs
[2023-06-29T23:51:10.520+0000] {logging_mixin.py:149} INFO - [2023-06-29T23:51:10.519+0000] {dag.py:3490} INFO - Setting next_dagrun for latest_only_with_trigger to 2023-06-29T19:51:10.519015+00:00, run_after=2023-06-29T23:51:10.519015+00:00
[2023-06-29T23:51:10.545+0000] {processor.py:178} INFO - Processing /home/airflow/.local/lib/python3.7/site-packages/airflow/example_dags/example_latest_only_with_trigger.py took 0.128 seconds
[2023-06-29T23:51:41.606+0000] {processor.py:156} INFO - Started process (PID=563) to work on /home/airflow/.local/lib/python3.7/site-packages/airflow/example_dags/example_latest_only_with_trigger.py
[2023-06-29T23:51:41.610+0000] {processor.py:799} INFO - Processing file /home/airflow/.local/lib/python3.7/site-packages/airflow/example_dags/example_latest_only_with_trigger.py for tasks to queue
[2023-06-29T23:51:41.611+0000] {logging_mixin.py:149} INFO - [2023-06-29T23:51:41.611+0000] {dagbag.py:541} INFO - Filling up the DagBag from /home/airflow/.local/lib/python3.7/site-packages/airflow/example_dags/example_latest_only_with_trigger.py
[2023-06-29T23:51:41.620+0000] {processor.py:809} INFO - DAG(s) dict_keys(['latest_only_with_trigger']) retrieved from /home/airflow/.local/lib/python3.7/site-packages/airflow/example_dags/example_latest_only_with_trigger.py
[2023-06-29T23:51:41.689+0000] {logging_mixin.py:149} INFO - [2023-06-29T23:51:41.689+0000] {dag.py:2726} INFO - Sync 1 DAGs
[2023-06-29T23:51:41.756+0000] {logging_mixin.py:149} INFO - [2023-06-29T23:51:41.756+0000] {dag.py:3490} INFO - Setting next_dagrun for latest_only_with_trigger to 2023-06-29T19:51:41.756190+00:00, run_after=2023-06-29T23:51:41.756190+00:00
[2023-06-29T23:51:41.799+0000] {processor.py:178} INFO - Processing /home/airflow/.local/lib/python3.7/site-packages/airflow/example_dags/example_latest_only_with_trigger.py took 0.202 seconds
[2023-06-29T23:52:13.060+0000] {processor.py:156} INFO - Started process (PID=620) to work on /home/airflow/.local/lib/python3.7/site-packages/airflow/example_dags/example_latest_only_with_trigger.py
[2023-06-29T23:52:13.064+0000] {processor.py:799} INFO - Processing file /home/airflow/.local/lib/python3.7/site-packages/airflow/example_dags/example_latest_only_with_trigger.py for tasks to queue
[2023-06-29T23:52:13.065+0000] {logging_mixin.py:149} INFO - [2023-06-29T23:52:13.065+0000] {dagbag.py:541} INFO - Filling up the DagBag from /home/airflow/.local/lib/python3.7/site-packages/airflow/example_dags/example_latest_only_with_trigger.py
[2023-06-29T23:52:13.087+0000] {processor.py:809} INFO - DAG(s) dict_keys(['latest_only_with_trigger']) retrieved from /home/airflow/.local/lib/python3.7/site-packages/airflow/example_dags/example_latest_only_with_trigger.py
[2023-06-29T23:52:13.125+0000] {logging_mixin.py:149} INFO - [2023-06-29T23:52:13.125+0000] {dag.py:2726} INFO - Sync 1 DAGs
[2023-06-29T23:52:13.168+0000] {logging_mixin.py:149} INFO - [2023-06-29T23:52:13.168+0000] {dag.py:3490} INFO - Setting next_dagrun for latest_only_with_trigger to 2023-06-29T19:52:13.168188+00:00, run_after=2023-06-29T23:52:13.168188+00:00
[2023-06-29T23:52:13.227+0000] {processor.py:178} INFO - Processing /home/airflow/.local/lib/python3.7/site-packages/airflow/example_dags/example_latest_only_with_trigger.py took 0.213 seconds
[2023-06-29T23:52:43.608+0000] {processor.py:156} INFO - Started process (PID=677) to work on /home/airflow/.local/lib/python3.7/site-packages/airflow/example_dags/example_latest_only_with_trigger.py
[2023-06-29T23:52:43.613+0000] {processor.py:799} INFO - Processing file /home/airflow/.local/lib/python3.7/site-packages/airflow/example_dags/example_latest_only_with_trigger.py for tasks to queue
[2023-06-29T23:52:43.613+0000] {logging_mixin.py:149} INFO - [2023-06-29T23:52:43.613+0000] {dagbag.py:541} INFO - Filling up the DagBag from /home/airflow/.local/lib/python3.7/site-packages/airflow/example_dags/example_latest_only_with_trigger.py
[2023-06-29T23:52:43.631+0000] {processor.py:809} INFO - DAG(s) dict_keys(['latest_only_with_trigger']) retrieved from /home/airflow/.local/lib/python3.7/site-packages/airflow/example_dags/example_latest_only_with_trigger.py
[2023-06-29T23:52:43.723+0000] {logging_mixin.py:149} INFO - [2023-06-29T23:52:43.723+0000] {dag.py:2726} INFO - Sync 1 DAGs
[2023-06-29T23:52:43.779+0000] {logging_mixin.py:149} INFO - [2023-06-29T23:52:43.779+0000] {dag.py:3490} INFO - Setting next_dagrun for latest_only_with_trigger to 2023-06-29T19:52:43.779071+00:00, run_after=2023-06-29T23:52:43.779071+00:00
[2023-06-29T23:52:43.822+0000] {processor.py:178} INFO - Processing /home/airflow/.local/lib/python3.7/site-packages/airflow/example_dags/example_latest_only_with_trigger.py took 0.229 seconds
[2023-06-29T23:53:13.997+0000] {processor.py:156} INFO - Started process (PID=734) to work on /home/airflow/.local/lib/python3.7/site-packages/airflow/example_dags/example_latest_only_with_trigger.py
[2023-06-29T23:53:13.998+0000] {processor.py:799} INFO - Processing file /home/airflow/.local/lib/python3.7/site-packages/airflow/example_dags/example_latest_only_with_trigger.py for tasks to queue
[2023-06-29T23:53:13.999+0000] {logging_mixin.py:149} INFO - [2023-06-29T23:53:13.999+0000] {dagbag.py:541} INFO - Filling up the DagBag from /home/airflow/.local/lib/python3.7/site-packages/airflow/example_dags/example_latest_only_with_trigger.py
[2023-06-29T23:53:14.007+0000] {processor.py:809} INFO - DAG(s) dict_keys(['latest_only_with_trigger']) retrieved from /home/airflow/.local/lib/python3.7/site-packages/airflow/example_dags/example_latest_only_with_trigger.py
[2023-06-29T23:53:14.046+0000] {logging_mixin.py:149} INFO - [2023-06-29T23:53:14.045+0000] {dag.py:2726} INFO - Sync 1 DAGs
[2023-06-29T23:53:14.083+0000] {logging_mixin.py:149} INFO - [2023-06-29T23:53:14.083+0000] {dag.py:3490} INFO - Setting next_dagrun for latest_only_with_trigger to 2023-06-29T19:53:14.082789+00:00, run_after=2023-06-29T23:53:14.082789+00:00
[2023-06-29T23:53:14.105+0000] {processor.py:178} INFO - Processing /home/airflow/.local/lib/python3.7/site-packages/airflow/example_dags/example_latest_only_with_trigger.py took 0.111 seconds
[2023-06-29T23:53:44.863+0000] {processor.py:156} INFO - Started process (PID=791) to work on /home/airflow/.local/lib/python3.7/site-packages/airflow/example_dags/example_latest_only_with_trigger.py
[2023-06-29T23:53:44.865+0000] {processor.py:799} INFO - Processing file /home/airflow/.local/lib/python3.7/site-packages/airflow/example_dags/example_latest_only_with_trigger.py for tasks to queue
[2023-06-29T23:53:44.865+0000] {logging_mixin.py:149} INFO - [2023-06-29T23:53:44.865+0000] {dagbag.py:541} INFO - Filling up the DagBag from /home/airflow/.local/lib/python3.7/site-packages/airflow/example_dags/example_latest_only_with_trigger.py
[2023-06-29T23:53:44.874+0000] {processor.py:809} INFO - DAG(s) dict_keys(['latest_only_with_trigger']) retrieved from /home/airflow/.local/lib/python3.7/site-packages/airflow/example_dags/example_latest_only_with_trigger.py
[2023-06-29T23:53:44.908+0000] {logging_mixin.py:149} INFO - [2023-06-29T23:53:44.908+0000] {dag.py:2726} INFO - Sync 1 DAGs
[2023-06-29T23:53:44.945+0000] {logging_mixin.py:149} INFO - [2023-06-29T23:53:44.945+0000] {dag.py:3490} INFO - Setting next_dagrun for latest_only_with_trigger to 2023-06-29T19:53:44.944869+00:00, run_after=2023-06-29T23:53:44.944869+00:00
[2023-06-29T23:53:44.972+0000] {processor.py:178} INFO - Processing /home/airflow/.local/lib/python3.7/site-packages/airflow/example_dags/example_latest_only_with_trigger.py took 0.113 seconds
[2023-06-29T23:54:16.043+0000] {processor.py:156} INFO - Started process (PID=849) to work on /home/airflow/.local/lib/python3.7/site-packages/airflow/example_dags/example_latest_only_with_trigger.py
[2023-06-29T23:54:16.045+0000] {processor.py:799} INFO - Processing file /home/airflow/.local/lib/python3.7/site-packages/airflow/example_dags/example_latest_only_with_trigger.py for tasks to queue
[2023-06-29T23:54:16.046+0000] {logging_mixin.py:149} INFO - [2023-06-29T23:54:16.046+0000] {dagbag.py:541} INFO - Filling up the DagBag from /home/airflow/.local/lib/python3.7/site-packages/airflow/example_dags/example_latest_only_with_trigger.py
[2023-06-29T23:54:16.053+0000] {processor.py:809} INFO - DAG(s) dict_keys(['latest_only_with_trigger']) retrieved from /home/airflow/.local/lib/python3.7/site-packages/airflow/example_dags/example_latest_only_with_trigger.py
[2023-06-29T23:54:16.098+0000] {logging_mixin.py:149} INFO - [2023-06-29T23:54:16.098+0000] {dag.py:2726} INFO - Sync 1 DAGs
[2023-06-29T23:54:16.135+0000] {logging_mixin.py:149} INFO - [2023-06-29T23:54:16.135+0000] {dag.py:3490} INFO - Setting next_dagrun for latest_only_with_trigger to 2023-06-29T19:54:16.134689+00:00, run_after=2023-06-29T23:54:16.134689+00:00
[2023-06-29T23:54:16.158+0000] {processor.py:178} INFO - Processing /home/airflow/.local/lib/python3.7/site-packages/airflow/example_dags/example_latest_only_with_trigger.py took 0.120 seconds
[2023-06-29T23:54:47.175+0000] {processor.py:156} INFO - Started process (PID=912) to work on /home/airflow/.local/lib/python3.7/site-packages/airflow/example_dags/example_latest_only_with_trigger.py
[2023-06-29T23:54:47.178+0000] {processor.py:799} INFO - Processing file /home/airflow/.local/lib/python3.7/site-packages/airflow/example_dags/example_latest_only_with_trigger.py for tasks to queue
[2023-06-29T23:54:47.179+0000] {logging_mixin.py:149} INFO - [2023-06-29T23:54:47.179+0000] {dagbag.py:541} INFO - Filling up the DagBag from /home/airflow/.local/lib/python3.7/site-packages/airflow/example_dags/example_latest_only_with_trigger.py
[2023-06-29T23:54:47.195+0000] {processor.py:809} INFO - DAG(s) dict_keys(['latest_only_with_trigger']) retrieved from /home/airflow/.local/lib/python3.7/site-packages/airflow/example_dags/example_latest_only_with_trigger.py
[2023-06-29T23:54:47.271+0000] {logging_mixin.py:149} INFO - [2023-06-29T23:54:47.262+0000] {dag.py:2726} INFO - Sync 1 DAGs
[2023-06-29T23:54:47.319+0000] {logging_mixin.py:149} INFO - [2023-06-29T23:54:47.319+0000] {dag.py:3490} INFO - Setting next_dagrun for latest_only_with_trigger to 2023-06-29T19:54:47.319023+00:00, run_after=2023-06-29T23:54:47.319023+00:00
[2023-06-29T23:54:47.352+0000] {processor.py:178} INFO - Processing /home/airflow/.local/lib/python3.7/site-packages/airflow/example_dags/example_latest_only_with_trigger.py took 0.194 seconds
[2023-06-29T23:55:17.659+0000] {processor.py:156} INFO - Started process (PID=968) to work on /home/airflow/.local/lib/python3.7/site-packages/airflow/example_dags/example_latest_only_with_trigger.py
[2023-06-29T23:55:17.667+0000] {processor.py:799} INFO - Processing file /home/airflow/.local/lib/python3.7/site-packages/airflow/example_dags/example_latest_only_with_trigger.py for tasks to queue
[2023-06-29T23:55:17.669+0000] {logging_mixin.py:149} INFO - [2023-06-29T23:55:17.669+0000] {dagbag.py:541} INFO - Filling up the DagBag from /home/airflow/.local/lib/python3.7/site-packages/airflow/example_dags/example_latest_only_with_trigger.py
[2023-06-29T23:55:17.685+0000] {processor.py:809} INFO - DAG(s) dict_keys(['latest_only_with_trigger']) retrieved from /home/airflow/.local/lib/python3.7/site-packages/airflow/example_dags/example_latest_only_with_trigger.py
[2023-06-29T23:55:17.732+0000] {logging_mixin.py:149} INFO - [2023-06-29T23:55:17.731+0000] {dag.py:2726} INFO - Sync 1 DAGs
[2023-06-29T23:55:17.782+0000] {logging_mixin.py:149} INFO - [2023-06-29T23:55:17.782+0000] {dag.py:3490} INFO - Setting next_dagrun for latest_only_with_trigger to 2023-06-29T19:55:17.782037+00:00, run_after=2023-06-29T23:55:17.782037+00:00
[2023-06-29T23:55:17.831+0000] {processor.py:178} INFO - Processing /home/airflow/.local/lib/python3.7/site-packages/airflow/example_dags/example_latest_only_with_trigger.py took 0.177 seconds
[2023-06-29T23:55:48.199+0000] {processor.py:156} INFO - Started process (PID=1024) to work on /home/airflow/.local/lib/python3.7/site-packages/airflow/example_dags/example_latest_only_with_trigger.py
[2023-06-29T23:55:48.214+0000] {processor.py:799} INFO - Processing file /home/airflow/.local/lib/python3.7/site-packages/airflow/example_dags/example_latest_only_with_trigger.py for tasks to queue
[2023-06-29T23:55:48.216+0000] {logging_mixin.py:149} INFO - [2023-06-29T23:55:48.216+0000] {dagbag.py:541} INFO - Filling up the DagBag from /home/airflow/.local/lib/python3.7/site-packages/airflow/example_dags/example_latest_only_with_trigger.py
[2023-06-29T23:55:48.230+0000] {processor.py:809} INFO - DAG(s) dict_keys(['latest_only_with_trigger']) retrieved from /home/airflow/.local/lib/python3.7/site-packages/airflow/example_dags/example_latest_only_with_trigger.py
[2023-06-29T23:55:48.266+0000] {logging_mixin.py:149} INFO - [2023-06-29T23:55:48.266+0000] {dag.py:2726} INFO - Sync 1 DAGs
[2023-06-29T23:55:48.318+0000] {logging_mixin.py:149} INFO - [2023-06-29T23:55:48.318+0000] {dag.py:3490} INFO - Setting next_dagrun for latest_only_with_trigger to 2023-06-29T19:55:48.317703+00:00, run_after=2023-06-29T23:55:48.317703+00:00
[2023-06-29T23:55:48.357+0000] {processor.py:178} INFO - Processing /home/airflow/.local/lib/python3.7/site-packages/airflow/example_dags/example_latest_only_with_trigger.py took 0.163 seconds
[2023-06-29T23:56:18.954+0000] {processor.py:156} INFO - Started process (PID=1081) to work on /home/airflow/.local/lib/python3.7/site-packages/airflow/example_dags/example_latest_only_with_trigger.py
[2023-06-29T23:56:18.970+0000] {processor.py:799} INFO - Processing file /home/airflow/.local/lib/python3.7/site-packages/airflow/example_dags/example_latest_only_with_trigger.py for tasks to queue
[2023-06-29T23:56:18.971+0000] {logging_mixin.py:149} INFO - [2023-06-29T23:56:18.971+0000] {dagbag.py:541} INFO - Filling up the DagBag from /home/airflow/.local/lib/python3.7/site-packages/airflow/example_dags/example_latest_only_with_trigger.py
[2023-06-29T23:56:18.980+0000] {processor.py:809} INFO - DAG(s) dict_keys(['latest_only_with_trigger']) retrieved from /home/airflow/.local/lib/python3.7/site-packages/airflow/example_dags/example_latest_only_with_trigger.py
[2023-06-29T23:56:19.028+0000] {logging_mixin.py:149} INFO - [2023-06-29T23:56:19.028+0000] {dag.py:2726} INFO - Sync 1 DAGs
[2023-06-29T23:56:19.068+0000] {logging_mixin.py:149} INFO - [2023-06-29T23:56:19.068+0000] {dag.py:3490} INFO - Setting next_dagrun for latest_only_with_trigger to 2023-06-29T19:56:19.068062+00:00, run_after=2023-06-29T23:56:19.068062+00:00
[2023-06-29T23:56:19.101+0000] {processor.py:178} INFO - Processing /home/airflow/.local/lib/python3.7/site-packages/airflow/example_dags/example_latest_only_with_trigger.py took 0.151 seconds
[2023-06-29T23:56:49.468+0000] {processor.py:156} INFO - Started process (PID=1138) to work on /home/airflow/.local/lib/python3.7/site-packages/airflow/example_dags/example_latest_only_with_trigger.py
[2023-06-29T23:56:49.469+0000] {processor.py:799} INFO - Processing file /home/airflow/.local/lib/python3.7/site-packages/airflow/example_dags/example_latest_only_with_trigger.py for tasks to queue
[2023-06-29T23:56:49.470+0000] {logging_mixin.py:149} INFO - [2023-06-29T23:56:49.469+0000] {dagbag.py:541} INFO - Filling up the DagBag from /home/airflow/.local/lib/python3.7/site-packages/airflow/example_dags/example_latest_only_with_trigger.py
[2023-06-29T23:56:49.479+0000] {processor.py:809} INFO - DAG(s) dict_keys(['latest_only_with_trigger']) retrieved from /home/airflow/.local/lib/python3.7/site-packages/airflow/example_dags/example_latest_only_with_trigger.py
[2023-06-29T23:56:49.527+0000] {logging_mixin.py:149} INFO - [2023-06-29T23:56:49.527+0000] {dag.py:2726} INFO - Sync 1 DAGs
[2023-06-29T23:56:49.565+0000] {logging_mixin.py:149} INFO - [2023-06-29T23:56:49.565+0000] {dag.py:3490} INFO - Setting next_dagrun for latest_only_with_trigger to 2023-06-29T19:56:49.565257+00:00, run_after=2023-06-29T23:56:49.565257+00:00
[2023-06-29T23:56:49.623+0000] {processor.py:178} INFO - Processing /home/airflow/.local/lib/python3.7/site-packages/airflow/example_dags/example_latest_only_with_trigger.py took 0.160 seconds
[2023-06-29T23:57:19.839+0000] {processor.py:156} INFO - Started process (PID=1195) to work on /home/airflow/.local/lib/python3.7/site-packages/airflow/example_dags/example_latest_only_with_trigger.py
[2023-06-29T23:57:19.840+0000] {processor.py:799} INFO - Processing file /home/airflow/.local/lib/python3.7/site-packages/airflow/example_dags/example_latest_only_with_trigger.py for tasks to queue
[2023-06-29T23:57:19.841+0000] {logging_mixin.py:149} INFO - [2023-06-29T23:57:19.841+0000] {dagbag.py:541} INFO - Filling up the DagBag from /home/airflow/.local/lib/python3.7/site-packages/airflow/example_dags/example_latest_only_with_trigger.py
[2023-06-29T23:57:19.849+0000] {processor.py:809} INFO - DAG(s) dict_keys(['latest_only_with_trigger']) retrieved from /home/airflow/.local/lib/python3.7/site-packages/airflow/example_dags/example_latest_only_with_trigger.py
[2023-06-29T23:57:19.882+0000] {logging_mixin.py:149} INFO - [2023-06-29T23:57:19.882+0000] {dag.py:2726} INFO - Sync 1 DAGs
[2023-06-29T23:57:19.919+0000] {logging_mixin.py:149} INFO - [2023-06-29T23:57:19.919+0000] {dag.py:3490} INFO - Setting next_dagrun for latest_only_with_trigger to 2023-06-29T19:57:19.919138+00:00, run_after=2023-06-29T23:57:19.919138+00:00
[2023-06-29T23:57:19.943+0000] {processor.py:178} INFO - Processing /home/airflow/.local/lib/python3.7/site-packages/airflow/example_dags/example_latest_only_with_trigger.py took 0.109 seconds
[2023-06-29T23:57:50.860+0000] {processor.py:156} INFO - Started process (PID=1252) to work on /home/airflow/.local/lib/python3.7/site-packages/airflow/example_dags/example_latest_only_with_trigger.py
[2023-06-29T23:57:50.862+0000] {processor.py:799} INFO - Processing file /home/airflow/.local/lib/python3.7/site-packages/airflow/example_dags/example_latest_only_with_trigger.py for tasks to queue
[2023-06-29T23:57:50.862+0000] {logging_mixin.py:149} INFO - [2023-06-29T23:57:50.862+0000] {dagbag.py:541} INFO - Filling up the DagBag from /home/airflow/.local/lib/python3.7/site-packages/airflow/example_dags/example_latest_only_with_trigger.py
[2023-06-29T23:57:50.870+0000] {processor.py:809} INFO - DAG(s) dict_keys(['latest_only_with_trigger']) retrieved from /home/airflow/.local/lib/python3.7/site-packages/airflow/example_dags/example_latest_only_with_trigger.py
[2023-06-29T23:57:50.904+0000] {logging_mixin.py:149} INFO - [2023-06-29T23:57:50.904+0000] {dag.py:2726} INFO - Sync 1 DAGs
[2023-06-29T23:57:50.953+0000] {logging_mixin.py:149} INFO - [2023-06-29T23:57:50.952+0000] {dag.py:3490} INFO - Setting next_dagrun for latest_only_with_trigger to 2023-06-29T19:57:50.952512+00:00, run_after=2023-06-29T23:57:50.952512+00:00
[2023-06-29T23:57:50.990+0000] {processor.py:178} INFO - Processing /home/airflow/.local/lib/python3.7/site-packages/airflow/example_dags/example_latest_only_with_trigger.py took 0.134 seconds
[2023-06-29T23:58:21.215+0000] {processor.py:156} INFO - Started process (PID=1309) to work on /home/airflow/.local/lib/python3.7/site-packages/airflow/example_dags/example_latest_only_with_trigger.py
[2023-06-29T23:58:21.219+0000] {processor.py:799} INFO - Processing file /home/airflow/.local/lib/python3.7/site-packages/airflow/example_dags/example_latest_only_with_trigger.py for tasks to queue
[2023-06-29T23:58:21.219+0000] {logging_mixin.py:149} INFO - [2023-06-29T23:58:21.219+0000] {dagbag.py:541} INFO - Filling up the DagBag from /home/airflow/.local/lib/python3.7/site-packages/airflow/example_dags/example_latest_only_with_trigger.py
[2023-06-29T23:58:21.227+0000] {processor.py:809} INFO - DAG(s) dict_keys(['latest_only_with_trigger']) retrieved from /home/airflow/.local/lib/python3.7/site-packages/airflow/example_dags/example_latest_only_with_trigger.py
[2023-06-29T23:58:21.262+0000] {logging_mixin.py:149} INFO - [2023-06-29T23:58:21.261+0000] {dag.py:2726} INFO - Sync 1 DAGs
[2023-06-29T23:58:21.298+0000] {logging_mixin.py:149} INFO - [2023-06-29T23:58:21.298+0000] {dag.py:3490} INFO - Setting next_dagrun for latest_only_with_trigger to 2023-06-29T19:58:21.297797+00:00, run_after=2023-06-29T23:58:21.297797+00:00
[2023-06-29T23:58:21.323+0000] {processor.py:178} INFO - Processing /home/airflow/.local/lib/python3.7/site-packages/airflow/example_dags/example_latest_only_with_trigger.py took 0.112 seconds
[2023-06-29T23:58:51.630+0000] {processor.py:156} INFO - Started process (PID=1367) to work on /home/airflow/.local/lib/python3.7/site-packages/airflow/example_dags/example_latest_only_with_trigger.py
[2023-06-29T23:58:51.631+0000] {processor.py:799} INFO - Processing file /home/airflow/.local/lib/python3.7/site-packages/airflow/example_dags/example_latest_only_with_trigger.py for tasks to queue
[2023-06-29T23:58:51.632+0000] {logging_mixin.py:149} INFO - [2023-06-29T23:58:51.632+0000] {dagbag.py:541} INFO - Filling up the DagBag from /home/airflow/.local/lib/python3.7/site-packages/airflow/example_dags/example_latest_only_with_trigger.py
[2023-06-29T23:58:51.641+0000] {processor.py:809} INFO - DAG(s) dict_keys(['latest_only_with_trigger']) retrieved from /home/airflow/.local/lib/python3.7/site-packages/airflow/example_dags/example_latest_only_with_trigger.py
[2023-06-29T23:58:51.676+0000] {logging_mixin.py:149} INFO - [2023-06-29T23:58:51.676+0000] {dag.py:2726} INFO - Sync 1 DAGs
[2023-06-29T23:58:51.712+0000] {logging_mixin.py:149} INFO - [2023-06-29T23:58:51.712+0000] {dag.py:3490} INFO - Setting next_dagrun for latest_only_with_trigger to 2023-06-29T19:58:51.712052+00:00, run_after=2023-06-29T23:58:51.712052+00:00
[2023-06-29T23:58:51.738+0000] {processor.py:178} INFO - Processing /home/airflow/.local/lib/python3.7/site-packages/airflow/example_dags/example_latest_only_with_trigger.py took 0.113 seconds
[2023-06-29T23:59:21.931+0000] {processor.py:156} INFO - Started process (PID=1425) to work on /home/airflow/.local/lib/python3.7/site-packages/airflow/example_dags/example_latest_only_with_trigger.py
[2023-06-29T23:59:21.933+0000] {processor.py:799} INFO - Processing file /home/airflow/.local/lib/python3.7/site-packages/airflow/example_dags/example_latest_only_with_trigger.py for tasks to queue
[2023-06-29T23:59:21.933+0000] {logging_mixin.py:149} INFO - [2023-06-29T23:59:21.933+0000] {dagbag.py:541} INFO - Filling up the DagBag from /home/airflow/.local/lib/python3.7/site-packages/airflow/example_dags/example_latest_only_with_trigger.py
[2023-06-29T23:59:21.942+0000] {processor.py:809} INFO - DAG(s) dict_keys(['latest_only_with_trigger']) retrieved from /home/airflow/.local/lib/python3.7/site-packages/airflow/example_dags/example_latest_only_with_trigger.py
[2023-06-29T23:59:21.980+0000] {logging_mixin.py:149} INFO - [2023-06-29T23:59:21.979+0000] {dag.py:2726} INFO - Sync 1 DAGs
[2023-06-29T23:59:22.020+0000] {logging_mixin.py:149} INFO - [2023-06-29T23:59:22.020+0000] {dag.py:3490} INFO - Setting next_dagrun for latest_only_with_trigger to 2023-06-29T19:59:22.019672+00:00, run_after=2023-06-29T23:59:22.019672+00:00
[2023-06-29T23:59:22.046+0000] {processor.py:178} INFO - Processing /home/airflow/.local/lib/python3.7/site-packages/airflow/example_dags/example_latest_only_with_trigger.py took 0.119 seconds
[2023-06-29T23:59:52.376+0000] {processor.py:156} INFO - Started process (PID=1481) to work on /home/airflow/.local/lib/python3.7/site-packages/airflow/example_dags/example_latest_only_with_trigger.py
[2023-06-29T23:59:52.377+0000] {processor.py:799} INFO - Processing file /home/airflow/.local/lib/python3.7/site-packages/airflow/example_dags/example_latest_only_with_trigger.py for tasks to queue
[2023-06-29T23:59:52.377+0000] {logging_mixin.py:149} INFO - [2023-06-29T23:59:52.377+0000] {dagbag.py:541} INFO - Filling up the DagBag from /home/airflow/.local/lib/python3.7/site-packages/airflow/example_dags/example_latest_only_with_trigger.py
[2023-06-29T23:59:52.386+0000] {processor.py:809} INFO - DAG(s) dict_keys(['latest_only_with_trigger']) retrieved from /home/airflow/.local/lib/python3.7/site-packages/airflow/example_dags/example_latest_only_with_trigger.py
[2023-06-29T23:59:52.423+0000] {logging_mixin.py:149} INFO - [2023-06-29T23:59:52.423+0000] {dag.py:2726} INFO - Sync 1 DAGs
[2023-06-29T23:59:52.458+0000] {logging_mixin.py:149} INFO - [2023-06-29T23:59:52.458+0000] {dag.py:3490} INFO - Setting next_dagrun for latest_only_with_trigger to 2023-06-29T19:59:52.457679+00:00, run_after=2023-06-29T23:59:52.457679+00:00
[2023-06-29T23:59:52.481+0000] {processor.py:178} INFO - Processing /home/airflow/.local/lib/python3.7/site-packages/airflow/example_dags/example_latest_only_with_trigger.py took 0.110 seconds
