[2023-06-29T23:47:02.710+0000] {processor.py:156} INFO - Started process (PID=38) to work on /home/airflow/.local/lib/python3.7/site-packages/airflow/example_dags/example_branch_day_of_week_operator.py
[2023-06-29T23:47:02.711+0000] {processor.py:799} INFO - Processing file /home/airflow/.local/lib/python3.7/site-packages/airflow/example_dags/example_branch_day_of_week_operator.py for tasks to queue
[2023-06-29T23:47:02.714+0000] {logging_mixin.py:149} INFO - [2023-06-29T23:47:02.711+0000] {dagbag.py:541} INFO - Filling up the DagBag from /home/airflow/.local/lib/python3.7/site-packages/airflow/example_dags/example_branch_day_of_week_operator.py
[2023-06-29T23:47:02.752+0000] {processor.py:809} INFO - DAG(s) dict_keys(['example_weekday_branch_operator']) retrieved from /home/airflow/.local/lib/python3.7/site-packages/airflow/example_dags/example_branch_day_of_week_operator.py
[2023-06-29T23:47:02.867+0000] {logging_mixin.py:149} INFO - [2023-06-29T23:47:02.867+0000] {dag.py:2726} INFO - Sync 1 DAGs
[2023-06-29T23:47:02.994+0000] {logging_mixin.py:149} INFO - [2023-06-29T23:47:02.994+0000] {dag.py:3490} INFO - Setting next_dagrun for example_weekday_branch_operator to 2023-06-28T00:00:00+00:00, run_after=2023-06-29T00:00:00+00:00
[2023-06-29T23:47:03.123+0000] {processor.py:178} INFO - Processing /home/airflow/.local/lib/python3.7/site-packages/airflow/example_dags/example_branch_day_of_week_operator.py took 0.432 seconds
[2023-06-29T23:47:33.823+0000] {processor.py:156} INFO - Started process (PID=95) to work on /home/airflow/.local/lib/python3.7/site-packages/airflow/example_dags/example_branch_day_of_week_operator.py
[2023-06-29T23:47:33.824+0000] {processor.py:799} INFO - Processing file /home/airflow/.local/lib/python3.7/site-packages/airflow/example_dags/example_branch_day_of_week_operator.py for tasks to queue
[2023-06-29T23:47:33.828+0000] {logging_mixin.py:149} INFO - [2023-06-29T23:47:33.825+0000] {dagbag.py:541} INFO - Filling up the DagBag from /home/airflow/.local/lib/python3.7/site-packages/airflow/example_dags/example_branch_day_of_week_operator.py
[2023-06-29T23:47:33.839+0000] {processor.py:809} INFO - DAG(s) dict_keys(['example_weekday_branch_operator']) retrieved from /home/airflow/.local/lib/python3.7/site-packages/airflow/example_dags/example_branch_day_of_week_operator.py
[2023-06-29T23:47:33.875+0000] {logging_mixin.py:149} INFO - [2023-06-29T23:47:33.875+0000] {dag.py:2726} INFO - Sync 1 DAGs
[2023-06-29T23:47:33.912+0000] {logging_mixin.py:149} INFO - [2023-06-29T23:47:33.912+0000] {dag.py:3490} INFO - Setting next_dagrun for example_weekday_branch_operator to 2023-06-28T00:00:00+00:00, run_after=2023-06-29T00:00:00+00:00
[2023-06-29T23:47:33.935+0000] {processor.py:178} INFO - Processing /home/airflow/.local/lib/python3.7/site-packages/airflow/example_dags/example_branch_day_of_week_operator.py took 0.116 seconds
[2023-06-29T23:48:04.161+0000] {processor.py:156} INFO - Started process (PID=152) to work on /home/airflow/.local/lib/python3.7/site-packages/airflow/example_dags/example_branch_day_of_week_operator.py
[2023-06-29T23:48:04.163+0000] {processor.py:799} INFO - Processing file /home/airflow/.local/lib/python3.7/site-packages/airflow/example_dags/example_branch_day_of_week_operator.py for tasks to queue
[2023-06-29T23:48:04.163+0000] {logging_mixin.py:149} INFO - [2023-06-29T23:48:04.163+0000] {dagbag.py:541} INFO - Filling up the DagBag from /home/airflow/.local/lib/python3.7/site-packages/airflow/example_dags/example_branch_day_of_week_operator.py
[2023-06-29T23:48:04.172+0000] {processor.py:809} INFO - DAG(s) dict_keys(['example_weekday_branch_operator']) retrieved from /home/airflow/.local/lib/python3.7/site-packages/airflow/example_dags/example_branch_day_of_week_operator.py
[2023-06-29T23:48:04.206+0000] {logging_mixin.py:149} INFO - [2023-06-29T23:48:04.205+0000] {dag.py:2726} INFO - Sync 1 DAGs
[2023-06-29T23:48:04.250+0000] {logging_mixin.py:149} INFO - [2023-06-29T23:48:04.249+0000] {dag.py:3490} INFO - Setting next_dagrun for example_weekday_branch_operator to 2023-06-28T00:00:00+00:00, run_after=2023-06-29T00:00:00+00:00
[2023-06-29T23:48:04.274+0000] {processor.py:178} INFO - Processing /home/airflow/.local/lib/python3.7/site-packages/airflow/example_dags/example_branch_day_of_week_operator.py took 0.117 seconds
[2023-06-29T23:48:34.564+0000] {processor.py:156} INFO - Started process (PID=209) to work on /home/airflow/.local/lib/python3.7/site-packages/airflow/example_dags/example_branch_day_of_week_operator.py
[2023-06-29T23:48:34.565+0000] {processor.py:799} INFO - Processing file /home/airflow/.local/lib/python3.7/site-packages/airflow/example_dags/example_branch_day_of_week_operator.py for tasks to queue
[2023-06-29T23:48:34.566+0000] {logging_mixin.py:149} INFO - [2023-06-29T23:48:34.566+0000] {dagbag.py:541} INFO - Filling up the DagBag from /home/airflow/.local/lib/python3.7/site-packages/airflow/example_dags/example_branch_day_of_week_operator.py
[2023-06-29T23:48:34.575+0000] {processor.py:809} INFO - DAG(s) dict_keys(['example_weekday_branch_operator']) retrieved from /home/airflow/.local/lib/python3.7/site-packages/airflow/example_dags/example_branch_day_of_week_operator.py
[2023-06-29T23:48:34.607+0000] {logging_mixin.py:149} INFO - [2023-06-29T23:48:34.607+0000] {dag.py:2726} INFO - Sync 1 DAGs
[2023-06-29T23:48:34.643+0000] {logging_mixin.py:149} INFO - [2023-06-29T23:48:34.643+0000] {dag.py:3490} INFO - Setting next_dagrun for example_weekday_branch_operator to 2023-06-28T00:00:00+00:00, run_after=2023-06-29T00:00:00+00:00
[2023-06-29T23:48:34.677+0000] {processor.py:178} INFO - Processing /home/airflow/.local/lib/python3.7/site-packages/airflow/example_dags/example_branch_day_of_week_operator.py took 0.117 seconds
[2023-06-29T23:49:04.827+0000] {processor.py:156} INFO - Started process (PID=266) to work on /home/airflow/.local/lib/python3.7/site-packages/airflow/example_dags/example_branch_day_of_week_operator.py
[2023-06-29T23:49:04.828+0000] {processor.py:799} INFO - Processing file /home/airflow/.local/lib/python3.7/site-packages/airflow/example_dags/example_branch_day_of_week_operator.py for tasks to queue
[2023-06-29T23:49:04.829+0000] {logging_mixin.py:149} INFO - [2023-06-29T23:49:04.829+0000] {dagbag.py:541} INFO - Filling up the DagBag from /home/airflow/.local/lib/python3.7/site-packages/airflow/example_dags/example_branch_day_of_week_operator.py
[2023-06-29T23:49:04.844+0000] {processor.py:809} INFO - DAG(s) dict_keys(['example_weekday_branch_operator']) retrieved from /home/airflow/.local/lib/python3.7/site-packages/airflow/example_dags/example_branch_day_of_week_operator.py
[2023-06-29T23:49:04.876+0000] {logging_mixin.py:149} INFO - [2023-06-29T23:49:04.876+0000] {dag.py:2726} INFO - Sync 1 DAGs
[2023-06-29T23:49:04.912+0000] {logging_mixin.py:149} INFO - [2023-06-29T23:49:04.912+0000] {dag.py:3490} INFO - Setting next_dagrun for example_weekday_branch_operator to 2023-06-28T00:00:00+00:00, run_after=2023-06-29T00:00:00+00:00
[2023-06-29T23:49:04.933+0000] {processor.py:178} INFO - Processing /home/airflow/.local/lib/python3.7/site-packages/airflow/example_dags/example_branch_day_of_week_operator.py took 0.111 seconds
[2023-06-29T23:49:35.299+0000] {processor.py:156} INFO - Started process (PID=324) to work on /home/airflow/.local/lib/python3.7/site-packages/airflow/example_dags/example_branch_day_of_week_operator.py
[2023-06-29T23:49:35.300+0000] {processor.py:799} INFO - Processing file /home/airflow/.local/lib/python3.7/site-packages/airflow/example_dags/example_branch_day_of_week_operator.py for tasks to queue
[2023-06-29T23:49:35.300+0000] {logging_mixin.py:149} INFO - [2023-06-29T23:49:35.300+0000] {dagbag.py:541} INFO - Filling up the DagBag from /home/airflow/.local/lib/python3.7/site-packages/airflow/example_dags/example_branch_day_of_week_operator.py
[2023-06-29T23:49:35.309+0000] {processor.py:809} INFO - DAG(s) dict_keys(['example_weekday_branch_operator']) retrieved from /home/airflow/.local/lib/python3.7/site-packages/airflow/example_dags/example_branch_day_of_week_operator.py
[2023-06-29T23:49:35.345+0000] {logging_mixin.py:149} INFO - [2023-06-29T23:49:35.345+0000] {dag.py:2726} INFO - Sync 1 DAGs
[2023-06-29T23:49:35.380+0000] {logging_mixin.py:149} INFO - [2023-06-29T23:49:35.380+0000] {dag.py:3490} INFO - Setting next_dagrun for example_weekday_branch_operator to 2023-06-28T00:00:00+00:00, run_after=2023-06-29T00:00:00+00:00
[2023-06-29T23:49:35.403+0000] {processor.py:178} INFO - Processing /home/airflow/.local/lib/python3.7/site-packages/airflow/example_dags/example_branch_day_of_week_operator.py took 0.108 seconds
[2023-06-29T23:50:06.008+0000] {processor.py:156} INFO - Started process (PID=380) to work on /home/airflow/.local/lib/python3.7/site-packages/airflow/example_dags/example_branch_day_of_week_operator.py
[2023-06-29T23:50:06.009+0000] {processor.py:799} INFO - Processing file /home/airflow/.local/lib/python3.7/site-packages/airflow/example_dags/example_branch_day_of_week_operator.py for tasks to queue
[2023-06-29T23:50:06.010+0000] {logging_mixin.py:149} INFO - [2023-06-29T23:50:06.010+0000] {dagbag.py:541} INFO - Filling up the DagBag from /home/airflow/.local/lib/python3.7/site-packages/airflow/example_dags/example_branch_day_of_week_operator.py
[2023-06-29T23:50:06.019+0000] {processor.py:809} INFO - DAG(s) dict_keys(['example_weekday_branch_operator']) retrieved from /home/airflow/.local/lib/python3.7/site-packages/airflow/example_dags/example_branch_day_of_week_operator.py
[2023-06-29T23:50:06.053+0000] {logging_mixin.py:149} INFO - [2023-06-29T23:50:06.052+0000] {dag.py:2726} INFO - Sync 1 DAGs
[2023-06-29T23:50:06.088+0000] {logging_mixin.py:149} INFO - [2023-06-29T23:50:06.088+0000] {dag.py:3490} INFO - Setting next_dagrun for example_weekday_branch_operator to 2023-06-28T00:00:00+00:00, run_after=2023-06-29T00:00:00+00:00
[2023-06-29T23:50:06.139+0000] {processor.py:178} INFO - Processing /home/airflow/.local/lib/python3.7/site-packages/airflow/example_dags/example_branch_day_of_week_operator.py took 0.136 seconds
[2023-06-29T23:50:36.533+0000] {processor.py:156} INFO - Started process (PID=437) to work on /home/airflow/.local/lib/python3.7/site-packages/airflow/example_dags/example_branch_day_of_week_operator.py
[2023-06-29T23:50:36.534+0000] {processor.py:799} INFO - Processing file /home/airflow/.local/lib/python3.7/site-packages/airflow/example_dags/example_branch_day_of_week_operator.py for tasks to queue
[2023-06-29T23:50:36.536+0000] {logging_mixin.py:149} INFO - [2023-06-29T23:50:36.536+0000] {dagbag.py:541} INFO - Filling up the DagBag from /home/airflow/.local/lib/python3.7/site-packages/airflow/example_dags/example_branch_day_of_week_operator.py
[2023-06-29T23:50:36.545+0000] {processor.py:809} INFO - DAG(s) dict_keys(['example_weekday_branch_operator']) retrieved from /home/airflow/.local/lib/python3.7/site-packages/airflow/example_dags/example_branch_day_of_week_operator.py
[2023-06-29T23:50:36.579+0000] {logging_mixin.py:149} INFO - [2023-06-29T23:50:36.578+0000] {dag.py:2726} INFO - Sync 1 DAGs
[2023-06-29T23:50:36.621+0000] {logging_mixin.py:149} INFO - [2023-06-29T23:50:36.621+0000] {dag.py:3490} INFO - Setting next_dagrun for example_weekday_branch_operator to 2023-06-28T00:00:00+00:00, run_after=2023-06-29T00:00:00+00:00
[2023-06-29T23:50:36.668+0000] {processor.py:178} INFO - Processing /home/airflow/.local/lib/python3.7/site-packages/airflow/example_dags/example_branch_day_of_week_operator.py took 0.138 seconds
[2023-06-29T23:51:06.979+0000] {processor.py:156} INFO - Started process (PID=494) to work on /home/airflow/.local/lib/python3.7/site-packages/airflow/example_dags/example_branch_day_of_week_operator.py
[2023-06-29T23:51:06.988+0000] {processor.py:799} INFO - Processing file /home/airflow/.local/lib/python3.7/site-packages/airflow/example_dags/example_branch_day_of_week_operator.py for tasks to queue
[2023-06-29T23:51:06.989+0000] {logging_mixin.py:149} INFO - [2023-06-29T23:51:06.989+0000] {dagbag.py:541} INFO - Filling up the DagBag from /home/airflow/.local/lib/python3.7/site-packages/airflow/example_dags/example_branch_day_of_week_operator.py
[2023-06-29T23:51:07.006+0000] {processor.py:809} INFO - DAG(s) dict_keys(['example_weekday_branch_operator']) retrieved from /home/airflow/.local/lib/python3.7/site-packages/airflow/example_dags/example_branch_day_of_week_operator.py
[2023-06-29T23:51:07.074+0000] {logging_mixin.py:149} INFO - [2023-06-29T23:51:07.074+0000] {dag.py:2726} INFO - Sync 1 DAGs
[2023-06-29T23:51:07.128+0000] {logging_mixin.py:149} INFO - [2023-06-29T23:51:07.128+0000] {dag.py:3490} INFO - Setting next_dagrun for example_weekday_branch_operator to 2023-06-28T00:00:00+00:00, run_after=2023-06-29T00:00:00+00:00
[2023-06-29T23:51:07.179+0000] {processor.py:178} INFO - Processing /home/airflow/.local/lib/python3.7/site-packages/airflow/example_dags/example_branch_day_of_week_operator.py took 0.205 seconds
[2023-06-29T23:51:38.110+0000] {processor.py:156} INFO - Started process (PID=551) to work on /home/airflow/.local/lib/python3.7/site-packages/airflow/example_dags/example_branch_day_of_week_operator.py
[2023-06-29T23:51:38.111+0000] {processor.py:799} INFO - Processing file /home/airflow/.local/lib/python3.7/site-packages/airflow/example_dags/example_branch_day_of_week_operator.py for tasks to queue
[2023-06-29T23:51:38.112+0000] {logging_mixin.py:149} INFO - [2023-06-29T23:51:38.112+0000] {dagbag.py:541} INFO - Filling up the DagBag from /home/airflow/.local/lib/python3.7/site-packages/airflow/example_dags/example_branch_day_of_week_operator.py
[2023-06-29T23:51:38.121+0000] {processor.py:809} INFO - DAG(s) dict_keys(['example_weekday_branch_operator']) retrieved from /home/airflow/.local/lib/python3.7/site-packages/airflow/example_dags/example_branch_day_of_week_operator.py
[2023-06-29T23:51:38.155+0000] {logging_mixin.py:149} INFO - [2023-06-29T23:51:38.154+0000] {dag.py:2726} INFO - Sync 1 DAGs
[2023-06-29T23:51:38.196+0000] {logging_mixin.py:149} INFO - [2023-06-29T23:51:38.196+0000] {dag.py:3490} INFO - Setting next_dagrun for example_weekday_branch_operator to 2023-06-28T00:00:00+00:00, run_after=2023-06-29T00:00:00+00:00
[2023-06-29T23:51:38.220+0000] {processor.py:178} INFO - Processing /home/airflow/.local/lib/python3.7/site-packages/airflow/example_dags/example_branch_day_of_week_operator.py took 0.114 seconds
[2023-06-29T23:52:09.160+0000] {processor.py:156} INFO - Started process (PID=608) to work on /home/airflow/.local/lib/python3.7/site-packages/airflow/example_dags/example_branch_day_of_week_operator.py
[2023-06-29T23:52:09.162+0000] {processor.py:799} INFO - Processing file /home/airflow/.local/lib/python3.7/site-packages/airflow/example_dags/example_branch_day_of_week_operator.py for tasks to queue
[2023-06-29T23:52:09.163+0000] {logging_mixin.py:149} INFO - [2023-06-29T23:52:09.163+0000] {dagbag.py:541} INFO - Filling up the DagBag from /home/airflow/.local/lib/python3.7/site-packages/airflow/example_dags/example_branch_day_of_week_operator.py
[2023-06-29T23:52:09.183+0000] {processor.py:809} INFO - DAG(s) dict_keys(['example_weekday_branch_operator']) retrieved from /home/airflow/.local/lib/python3.7/site-packages/airflow/example_dags/example_branch_day_of_week_operator.py
[2023-06-29T23:52:09.248+0000] {logging_mixin.py:149} INFO - [2023-06-29T23:52:09.248+0000] {dag.py:2726} INFO - Sync 1 DAGs
[2023-06-29T23:52:09.318+0000] {logging_mixin.py:149} INFO - [2023-06-29T23:52:09.317+0000] {dag.py:3490} INFO - Setting next_dagrun for example_weekday_branch_operator to 2023-06-28T00:00:00+00:00, run_after=2023-06-29T00:00:00+00:00
[2023-06-29T23:52:09.353+0000] {processor.py:178} INFO - Processing /home/airflow/.local/lib/python3.7/site-packages/airflow/example_dags/example_branch_day_of_week_operator.py took 0.205 seconds
[2023-06-29T23:52:39.863+0000] {processor.py:156} INFO - Started process (PID=665) to work on /home/airflow/.local/lib/python3.7/site-packages/airflow/example_dags/example_branch_day_of_week_operator.py
[2023-06-29T23:52:39.875+0000] {processor.py:799} INFO - Processing file /home/airflow/.local/lib/python3.7/site-packages/airflow/example_dags/example_branch_day_of_week_operator.py for tasks to queue
[2023-06-29T23:52:39.876+0000] {logging_mixin.py:149} INFO - [2023-06-29T23:52:39.876+0000] {dagbag.py:541} INFO - Filling up the DagBag from /home/airflow/.local/lib/python3.7/site-packages/airflow/example_dags/example_branch_day_of_week_operator.py
[2023-06-29T23:52:39.893+0000] {processor.py:809} INFO - DAG(s) dict_keys(['example_weekday_branch_operator']) retrieved from /home/airflow/.local/lib/python3.7/site-packages/airflow/example_dags/example_branch_day_of_week_operator.py
[2023-06-29T23:52:39.959+0000] {logging_mixin.py:149} INFO - [2023-06-29T23:52:39.959+0000] {dag.py:2726} INFO - Sync 1 DAGs
[2023-06-29T23:52:40.015+0000] {logging_mixin.py:149} INFO - [2023-06-29T23:52:40.014+0000] {dag.py:3490} INFO - Setting next_dagrun for example_weekday_branch_operator to 2023-06-28T00:00:00+00:00, run_after=2023-06-29T00:00:00+00:00
[2023-06-29T23:52:40.049+0000] {processor.py:178} INFO - Processing /home/airflow/.local/lib/python3.7/site-packages/airflow/example_dags/example_branch_day_of_week_operator.py took 0.191 seconds
[2023-06-29T23:53:10.780+0000] {processor.py:156} INFO - Started process (PID=722) to work on /home/airflow/.local/lib/python3.7/site-packages/airflow/example_dags/example_branch_day_of_week_operator.py
[2023-06-29T23:53:10.787+0000] {processor.py:799} INFO - Processing file /home/airflow/.local/lib/python3.7/site-packages/airflow/example_dags/example_branch_day_of_week_operator.py for tasks to queue
[2023-06-29T23:53:10.788+0000] {logging_mixin.py:149} INFO - [2023-06-29T23:53:10.788+0000] {dagbag.py:541} INFO - Filling up the DagBag from /home/airflow/.local/lib/python3.7/site-packages/airflow/example_dags/example_branch_day_of_week_operator.py
[2023-06-29T23:53:10.813+0000] {processor.py:809} INFO - DAG(s) dict_keys(['example_weekday_branch_operator']) retrieved from /home/airflow/.local/lib/python3.7/site-packages/airflow/example_dags/example_branch_day_of_week_operator.py
[2023-06-29T23:53:10.875+0000] {logging_mixin.py:149} INFO - [2023-06-29T23:53:10.875+0000] {dag.py:2726} INFO - Sync 1 DAGs
[2023-06-29T23:53:10.947+0000] {logging_mixin.py:149} INFO - [2023-06-29T23:53:10.947+0000] {dag.py:3490} INFO - Setting next_dagrun for example_weekday_branch_operator to 2023-06-28T00:00:00+00:00, run_after=2023-06-29T00:00:00+00:00
[2023-06-29T23:53:10.997+0000] {processor.py:178} INFO - Processing /home/airflow/.local/lib/python3.7/site-packages/airflow/example_dags/example_branch_day_of_week_operator.py took 0.225 seconds
[2023-06-29T23:53:41.353+0000] {processor.py:156} INFO - Started process (PID=779) to work on /home/airflow/.local/lib/python3.7/site-packages/airflow/example_dags/example_branch_day_of_week_operator.py
[2023-06-29T23:53:41.355+0000] {processor.py:799} INFO - Processing file /home/airflow/.local/lib/python3.7/site-packages/airflow/example_dags/example_branch_day_of_week_operator.py for tasks to queue
[2023-06-29T23:53:41.355+0000] {logging_mixin.py:149} INFO - [2023-06-29T23:53:41.355+0000] {dagbag.py:541} INFO - Filling up the DagBag from /home/airflow/.local/lib/python3.7/site-packages/airflow/example_dags/example_branch_day_of_week_operator.py
[2023-06-29T23:53:41.364+0000] {processor.py:809} INFO - DAG(s) dict_keys(['example_weekday_branch_operator']) retrieved from /home/airflow/.local/lib/python3.7/site-packages/airflow/example_dags/example_branch_day_of_week_operator.py
[2023-06-29T23:53:41.403+0000] {logging_mixin.py:149} INFO - [2023-06-29T23:53:41.403+0000] {dag.py:2726} INFO - Sync 1 DAGs
[2023-06-29T23:53:41.484+0000] {logging_mixin.py:149} INFO - [2023-06-29T23:53:41.484+0000] {dag.py:3490} INFO - Setting next_dagrun for example_weekday_branch_operator to 2023-06-28T00:00:00+00:00, run_after=2023-06-29T00:00:00+00:00
[2023-06-29T23:53:41.556+0000] {processor.py:178} INFO - Processing /home/airflow/.local/lib/python3.7/site-packages/airflow/example_dags/example_branch_day_of_week_operator.py took 0.206 seconds
[2023-06-29T23:54:11.677+0000] {processor.py:156} INFO - Started process (PID=836) to work on /home/airflow/.local/lib/python3.7/site-packages/airflow/example_dags/example_branch_day_of_week_operator.py
[2023-06-29T23:54:11.678+0000] {processor.py:799} INFO - Processing file /home/airflow/.local/lib/python3.7/site-packages/airflow/example_dags/example_branch_day_of_week_operator.py for tasks to queue
[2023-06-29T23:54:11.678+0000] {logging_mixin.py:149} INFO - [2023-06-29T23:54:11.678+0000] {dagbag.py:541} INFO - Filling up the DagBag from /home/airflow/.local/lib/python3.7/site-packages/airflow/example_dags/example_branch_day_of_week_operator.py
[2023-06-29T23:54:11.688+0000] {processor.py:809} INFO - DAG(s) dict_keys(['example_weekday_branch_operator']) retrieved from /home/airflow/.local/lib/python3.7/site-packages/airflow/example_dags/example_branch_day_of_week_operator.py
[2023-06-29T23:54:11.724+0000] {logging_mixin.py:149} INFO - [2023-06-29T23:54:11.724+0000] {dag.py:2726} INFO - Sync 1 DAGs
[2023-06-29T23:54:11.761+0000] {logging_mixin.py:149} INFO - [2023-06-29T23:54:11.761+0000] {dag.py:3490} INFO - Setting next_dagrun for example_weekday_branch_operator to 2023-06-28T00:00:00+00:00, run_after=2023-06-29T00:00:00+00:00
[2023-06-29T23:54:11.786+0000] {processor.py:178} INFO - Processing /home/airflow/.local/lib/python3.7/site-packages/airflow/example_dags/example_branch_day_of_week_operator.py took 0.113 seconds
[2023-06-29T23:54:41.975+0000] {processor.py:156} INFO - Started process (PID=893) to work on /home/airflow/.local/lib/python3.7/site-packages/airflow/example_dags/example_branch_day_of_week_operator.py
[2023-06-29T23:54:41.977+0000] {processor.py:799} INFO - Processing file /home/airflow/.local/lib/python3.7/site-packages/airflow/example_dags/example_branch_day_of_week_operator.py for tasks to queue
[2023-06-29T23:54:41.977+0000] {logging_mixin.py:149} INFO - [2023-06-29T23:54:41.977+0000] {dagbag.py:541} INFO - Filling up the DagBag from /home/airflow/.local/lib/python3.7/site-packages/airflow/example_dags/example_branch_day_of_week_operator.py
[2023-06-29T23:54:41.987+0000] {processor.py:809} INFO - DAG(s) dict_keys(['example_weekday_branch_operator']) retrieved from /home/airflow/.local/lib/python3.7/site-packages/airflow/example_dags/example_branch_day_of_week_operator.py
[2023-06-29T23:54:42.020+0000] {logging_mixin.py:149} INFO - [2023-06-29T23:54:42.020+0000] {dag.py:2726} INFO - Sync 1 DAGs
[2023-06-29T23:54:42.056+0000] {logging_mixin.py:149} INFO - [2023-06-29T23:54:42.055+0000] {dag.py:3490} INFO - Setting next_dagrun for example_weekday_branch_operator to 2023-06-28T00:00:00+00:00, run_after=2023-06-29T00:00:00+00:00
[2023-06-29T23:54:42.081+0000] {processor.py:178} INFO - Processing /home/airflow/.local/lib/python3.7/site-packages/airflow/example_dags/example_branch_day_of_week_operator.py took 0.110 seconds
[2023-06-29T23:55:12.239+0000] {processor.py:156} INFO - Started process (PID=949) to work on /home/airflow/.local/lib/python3.7/site-packages/airflow/example_dags/example_branch_day_of_week_operator.py
[2023-06-29T23:55:12.240+0000] {processor.py:799} INFO - Processing file /home/airflow/.local/lib/python3.7/site-packages/airflow/example_dags/example_branch_day_of_week_operator.py for tasks to queue
[2023-06-29T23:55:12.241+0000] {logging_mixin.py:149} INFO - [2023-06-29T23:55:12.241+0000] {dagbag.py:541} INFO - Filling up the DagBag from /home/airflow/.local/lib/python3.7/site-packages/airflow/example_dags/example_branch_day_of_week_operator.py
[2023-06-29T23:55:12.251+0000] {processor.py:809} INFO - DAG(s) dict_keys(['example_weekday_branch_operator']) retrieved from /home/airflow/.local/lib/python3.7/site-packages/airflow/example_dags/example_branch_day_of_week_operator.py
[2023-06-29T23:55:12.286+0000] {logging_mixin.py:149} INFO - [2023-06-29T23:55:12.286+0000] {dag.py:2726} INFO - Sync 1 DAGs
[2023-06-29T23:55:12.324+0000] {logging_mixin.py:149} INFO - [2023-06-29T23:55:12.324+0000] {dag.py:3490} INFO - Setting next_dagrun for example_weekday_branch_operator to 2023-06-28T00:00:00+00:00, run_after=2023-06-29T00:00:00+00:00
[2023-06-29T23:55:12.356+0000] {processor.py:178} INFO - Processing /home/airflow/.local/lib/python3.7/site-packages/airflow/example_dags/example_branch_day_of_week_operator.py took 0.121 seconds
[2023-06-29T23:55:42.812+0000] {processor.py:156} INFO - Started process (PID=1006) to work on /home/airflow/.local/lib/python3.7/site-packages/airflow/example_dags/example_branch_day_of_week_operator.py
[2023-06-29T23:55:42.829+0000] {processor.py:799} INFO - Processing file /home/airflow/.local/lib/python3.7/site-packages/airflow/example_dags/example_branch_day_of_week_operator.py for tasks to queue
[2023-06-29T23:55:42.830+0000] {logging_mixin.py:149} INFO - [2023-06-29T23:55:42.830+0000] {dagbag.py:541} INFO - Filling up the DagBag from /home/airflow/.local/lib/python3.7/site-packages/airflow/example_dags/example_branch_day_of_week_operator.py
[2023-06-29T23:55:42.842+0000] {processor.py:809} INFO - DAG(s) dict_keys(['example_weekday_branch_operator']) retrieved from /home/airflow/.local/lib/python3.7/site-packages/airflow/example_dags/example_branch_day_of_week_operator.py
[2023-06-29T23:55:42.894+0000] {logging_mixin.py:149} INFO - [2023-06-29T23:55:42.894+0000] {dag.py:2726} INFO - Sync 1 DAGs
[2023-06-29T23:55:42.939+0000] {logging_mixin.py:149} INFO - [2023-06-29T23:55:42.939+0000] {dag.py:3490} INFO - Setting next_dagrun for example_weekday_branch_operator to 2023-06-28T00:00:00+00:00, run_after=2023-06-29T00:00:00+00:00
[2023-06-29T23:55:42.994+0000] {processor.py:178} INFO - Processing /home/airflow/.local/lib/python3.7/site-packages/airflow/example_dags/example_branch_day_of_week_operator.py took 0.186 seconds
[2023-06-29T23:56:13.600+0000] {processor.py:156} INFO - Started process (PID=1062) to work on /home/airflow/.local/lib/python3.7/site-packages/airflow/example_dags/example_branch_day_of_week_operator.py
[2023-06-29T23:56:13.614+0000] {processor.py:799} INFO - Processing file /home/airflow/.local/lib/python3.7/site-packages/airflow/example_dags/example_branch_day_of_week_operator.py for tasks to queue
[2023-06-29T23:56:13.615+0000] {logging_mixin.py:149} INFO - [2023-06-29T23:56:13.615+0000] {dagbag.py:541} INFO - Filling up the DagBag from /home/airflow/.local/lib/python3.7/site-packages/airflow/example_dags/example_branch_day_of_week_operator.py
[2023-06-29T23:56:13.625+0000] {processor.py:809} INFO - DAG(s) dict_keys(['example_weekday_branch_operator']) retrieved from /home/airflow/.local/lib/python3.7/site-packages/airflow/example_dags/example_branch_day_of_week_operator.py
[2023-06-29T23:56:13.660+0000] {logging_mixin.py:149} INFO - [2023-06-29T23:56:13.660+0000] {dag.py:2726} INFO - Sync 1 DAGs
[2023-06-29T23:56:13.747+0000] {logging_mixin.py:149} INFO - [2023-06-29T23:56:13.746+0000] {dag.py:3490} INFO - Setting next_dagrun for example_weekday_branch_operator to 2023-06-28T00:00:00+00:00, run_after=2023-06-29T00:00:00+00:00
[2023-06-29T23:56:13.785+0000] {processor.py:178} INFO - Processing /home/airflow/.local/lib/python3.7/site-packages/airflow/example_dags/example_branch_day_of_week_operator.py took 0.189 seconds
[2023-06-29T23:56:43.861+0000] {processor.py:156} INFO - Started process (PID=1118) to work on /home/airflow/.local/lib/python3.7/site-packages/airflow/example_dags/example_branch_day_of_week_operator.py
[2023-06-29T23:56:43.862+0000] {processor.py:799} INFO - Processing file /home/airflow/.local/lib/python3.7/site-packages/airflow/example_dags/example_branch_day_of_week_operator.py for tasks to queue
[2023-06-29T23:56:43.863+0000] {logging_mixin.py:149} INFO - [2023-06-29T23:56:43.863+0000] {dagbag.py:541} INFO - Filling up the DagBag from /home/airflow/.local/lib/python3.7/site-packages/airflow/example_dags/example_branch_day_of_week_operator.py
[2023-06-29T23:56:43.876+0000] {processor.py:809} INFO - DAG(s) dict_keys(['example_weekday_branch_operator']) retrieved from /home/airflow/.local/lib/python3.7/site-packages/airflow/example_dags/example_branch_day_of_week_operator.py
[2023-06-29T23:56:43.914+0000] {logging_mixin.py:149} INFO - [2023-06-29T23:56:43.914+0000] {dag.py:2726} INFO - Sync 1 DAGs
[2023-06-29T23:56:43.953+0000] {logging_mixin.py:149} INFO - [2023-06-29T23:56:43.952+0000] {dag.py:3490} INFO - Setting next_dagrun for example_weekday_branch_operator to 2023-06-28T00:00:00+00:00, run_after=2023-06-29T00:00:00+00:00
[2023-06-29T23:56:43.979+0000] {processor.py:178} INFO - Processing /home/airflow/.local/lib/python3.7/site-packages/airflow/example_dags/example_branch_day_of_week_operator.py took 0.125 seconds
[2023-06-29T23:57:14.307+0000] {processor.py:156} INFO - Started process (PID=1176) to work on /home/airflow/.local/lib/python3.7/site-packages/airflow/example_dags/example_branch_day_of_week_operator.py
[2023-06-29T23:57:14.309+0000] {processor.py:799} INFO - Processing file /home/airflow/.local/lib/python3.7/site-packages/airflow/example_dags/example_branch_day_of_week_operator.py for tasks to queue
[2023-06-29T23:57:14.310+0000] {logging_mixin.py:149} INFO - [2023-06-29T23:57:14.309+0000] {dagbag.py:541} INFO - Filling up the DagBag from /home/airflow/.local/lib/python3.7/site-packages/airflow/example_dags/example_branch_day_of_week_operator.py
[2023-06-29T23:57:14.319+0000] {processor.py:809} INFO - DAG(s) dict_keys(['example_weekday_branch_operator']) retrieved from /home/airflow/.local/lib/python3.7/site-packages/airflow/example_dags/example_branch_day_of_week_operator.py
[2023-06-29T23:57:14.360+0000] {logging_mixin.py:149} INFO - [2023-06-29T23:57:14.358+0000] {dag.py:2726} INFO - Sync 1 DAGs
[2023-06-29T23:57:14.401+0000] {logging_mixin.py:149} INFO - [2023-06-29T23:57:14.400+0000] {dag.py:3490} INFO - Setting next_dagrun for example_weekday_branch_operator to 2023-06-28T00:00:00+00:00, run_after=2023-06-29T00:00:00+00:00
[2023-06-29T23:57:14.425+0000] {processor.py:178} INFO - Processing /home/airflow/.local/lib/python3.7/site-packages/airflow/example_dags/example_branch_day_of_week_operator.py took 0.122 seconds
[2023-06-29T23:57:44.627+0000] {processor.py:156} INFO - Started process (PID=1233) to work on /home/airflow/.local/lib/python3.7/site-packages/airflow/example_dags/example_branch_day_of_week_operator.py
[2023-06-29T23:57:44.628+0000] {processor.py:799} INFO - Processing file /home/airflow/.local/lib/python3.7/site-packages/airflow/example_dags/example_branch_day_of_week_operator.py for tasks to queue
[2023-06-29T23:57:44.629+0000] {logging_mixin.py:149} INFO - [2023-06-29T23:57:44.629+0000] {dagbag.py:541} INFO - Filling up the DagBag from /home/airflow/.local/lib/python3.7/site-packages/airflow/example_dags/example_branch_day_of_week_operator.py
[2023-06-29T23:57:44.638+0000] {processor.py:809} INFO - DAG(s) dict_keys(['example_weekday_branch_operator']) retrieved from /home/airflow/.local/lib/python3.7/site-packages/airflow/example_dags/example_branch_day_of_week_operator.py
[2023-06-29T23:57:44.677+0000] {logging_mixin.py:149} INFO - [2023-06-29T23:57:44.676+0000] {dag.py:2726} INFO - Sync 1 DAGs
[2023-06-29T23:57:44.713+0000] {logging_mixin.py:149} INFO - [2023-06-29T23:57:44.713+0000] {dag.py:3490} INFO - Setting next_dagrun for example_weekday_branch_operator to 2023-06-28T00:00:00+00:00, run_after=2023-06-29T00:00:00+00:00
[2023-06-29T23:57:44.737+0000] {processor.py:178} INFO - Processing /home/airflow/.local/lib/python3.7/site-packages/airflow/example_dags/example_branch_day_of_week_operator.py took 0.114 seconds
[2023-06-29T23:58:14.967+0000] {processor.py:156} INFO - Started process (PID=1290) to work on /home/airflow/.local/lib/python3.7/site-packages/airflow/example_dags/example_branch_day_of_week_operator.py
[2023-06-29T23:58:14.968+0000] {processor.py:799} INFO - Processing file /home/airflow/.local/lib/python3.7/site-packages/airflow/example_dags/example_branch_day_of_week_operator.py for tasks to queue
[2023-06-29T23:58:14.969+0000] {logging_mixin.py:149} INFO - [2023-06-29T23:58:14.969+0000] {dagbag.py:541} INFO - Filling up the DagBag from /home/airflow/.local/lib/python3.7/site-packages/airflow/example_dags/example_branch_day_of_week_operator.py
[2023-06-29T23:58:14.978+0000] {processor.py:809} INFO - DAG(s) dict_keys(['example_weekday_branch_operator']) retrieved from /home/airflow/.local/lib/python3.7/site-packages/airflow/example_dags/example_branch_day_of_week_operator.py
[2023-06-29T23:58:15.017+0000] {logging_mixin.py:149} INFO - [2023-06-29T23:58:15.016+0000] {dag.py:2726} INFO - Sync 1 DAGs
[2023-06-29T23:58:15.054+0000] {logging_mixin.py:149} INFO - [2023-06-29T23:58:15.054+0000] {dag.py:3490} INFO - Setting next_dagrun for example_weekday_branch_operator to 2023-06-28T00:00:00+00:00, run_after=2023-06-29T00:00:00+00:00
[2023-06-29T23:58:15.100+0000] {processor.py:178} INFO - Processing /home/airflow/.local/lib/python3.7/site-packages/airflow/example_dags/example_branch_day_of_week_operator.py took 0.137 seconds
[2023-06-29T23:58:45.633+0000] {processor.py:156} INFO - Started process (PID=1347) to work on /home/airflow/.local/lib/python3.7/site-packages/airflow/example_dags/example_branch_day_of_week_operator.py
[2023-06-29T23:58:45.634+0000] {processor.py:799} INFO - Processing file /home/airflow/.local/lib/python3.7/site-packages/airflow/example_dags/example_branch_day_of_week_operator.py for tasks to queue
[2023-06-29T23:58:45.635+0000] {logging_mixin.py:149} INFO - [2023-06-29T23:58:45.635+0000] {dagbag.py:541} INFO - Filling up the DagBag from /home/airflow/.local/lib/python3.7/site-packages/airflow/example_dags/example_branch_day_of_week_operator.py
[2023-06-29T23:58:45.645+0000] {processor.py:809} INFO - DAG(s) dict_keys(['example_weekday_branch_operator']) retrieved from /home/airflow/.local/lib/python3.7/site-packages/airflow/example_dags/example_branch_day_of_week_operator.py
[2023-06-29T23:58:45.697+0000] {logging_mixin.py:149} INFO - [2023-06-29T23:58:45.697+0000] {dag.py:2726} INFO - Sync 1 DAGs
[2023-06-29T23:58:45.744+0000] {logging_mixin.py:149} INFO - [2023-06-29T23:58:45.744+0000] {dag.py:3490} INFO - Setting next_dagrun for example_weekday_branch_operator to 2023-06-28T00:00:00+00:00, run_after=2023-06-29T00:00:00+00:00
[2023-06-29T23:58:45.768+0000] {processor.py:178} INFO - Processing /home/airflow/.local/lib/python3.7/site-packages/airflow/example_dags/example_branch_day_of_week_operator.py took 0.139 seconds
[2023-06-29T23:59:15.915+0000] {processor.py:156} INFO - Started process (PID=1405) to work on /home/airflow/.local/lib/python3.7/site-packages/airflow/example_dags/example_branch_day_of_week_operator.py
[2023-06-29T23:59:15.917+0000] {processor.py:799} INFO - Processing file /home/airflow/.local/lib/python3.7/site-packages/airflow/example_dags/example_branch_day_of_week_operator.py for tasks to queue
[2023-06-29T23:59:15.918+0000] {logging_mixin.py:149} INFO - [2023-06-29T23:59:15.917+0000] {dagbag.py:541} INFO - Filling up the DagBag from /home/airflow/.local/lib/python3.7/site-packages/airflow/example_dags/example_branch_day_of_week_operator.py
[2023-06-29T23:59:15.928+0000] {processor.py:809} INFO - DAG(s) dict_keys(['example_weekday_branch_operator']) retrieved from /home/airflow/.local/lib/python3.7/site-packages/airflow/example_dags/example_branch_day_of_week_operator.py
[2023-06-29T23:59:15.967+0000] {logging_mixin.py:149} INFO - [2023-06-29T23:59:15.966+0000] {dag.py:2726} INFO - Sync 1 DAGs
[2023-06-29T23:59:16.006+0000] {logging_mixin.py:149} INFO - [2023-06-29T23:59:16.005+0000] {dag.py:3490} INFO - Setting next_dagrun for example_weekday_branch_operator to 2023-06-28T00:00:00+00:00, run_after=2023-06-29T00:00:00+00:00
[2023-06-29T23:59:16.029+0000] {processor.py:178} INFO - Processing /home/airflow/.local/lib/python3.7/site-packages/airflow/example_dags/example_branch_day_of_week_operator.py took 0.119 seconds
[2023-06-29T23:59:46.253+0000] {processor.py:156} INFO - Started process (PID=1463) to work on /home/airflow/.local/lib/python3.7/site-packages/airflow/example_dags/example_branch_day_of_week_operator.py
[2023-06-29T23:59:46.254+0000] {processor.py:799} INFO - Processing file /home/airflow/.local/lib/python3.7/site-packages/airflow/example_dags/example_branch_day_of_week_operator.py for tasks to queue
[2023-06-29T23:59:46.255+0000] {logging_mixin.py:149} INFO - [2023-06-29T23:59:46.255+0000] {dagbag.py:541} INFO - Filling up the DagBag from /home/airflow/.local/lib/python3.7/site-packages/airflow/example_dags/example_branch_day_of_week_operator.py
[2023-06-29T23:59:46.264+0000] {processor.py:809} INFO - DAG(s) dict_keys(['example_weekday_branch_operator']) retrieved from /home/airflow/.local/lib/python3.7/site-packages/airflow/example_dags/example_branch_day_of_week_operator.py
[2023-06-29T23:59:46.301+0000] {logging_mixin.py:149} INFO - [2023-06-29T23:59:46.301+0000] {dag.py:2726} INFO - Sync 1 DAGs
[2023-06-29T23:59:46.337+0000] {logging_mixin.py:149} INFO - [2023-06-29T23:59:46.336+0000] {dag.py:3490} INFO - Setting next_dagrun for example_weekday_branch_operator to 2023-06-28T00:00:00+00:00, run_after=2023-06-29T00:00:00+00:00
[2023-06-29T23:59:46.361+0000] {processor.py:178} INFO - Processing /home/airflow/.local/lib/python3.7/site-packages/airflow/example_dags/example_branch_day_of_week_operator.py took 0.111 seconds
