[2023-06-29T23:47:05.839+0000] {processor.py:156} INFO - Started process (PID=51) to work on /home/airflow/.local/lib/python3.7/site-packages/airflow/example_dags/example_skip_dag.py
[2023-06-29T23:47:05.840+0000] {processor.py:799} INFO - Processing file /home/airflow/.local/lib/python3.7/site-packages/airflow/example_dags/example_skip_dag.py for tasks to queue
[2023-06-29T23:47:05.842+0000] {logging_mixin.py:149} INFO - [2023-06-29T23:47:05.841+0000] {dagbag.py:541} INFO - Filling up the DagBag from /home/airflow/.local/lib/python3.7/site-packages/airflow/example_dags/example_skip_dag.py
[2023-06-29T23:47:05.853+0000] {processor.py:809} INFO - DAG(s) dict_keys(['example_skip_dag']) retrieved from /home/airflow/.local/lib/python3.7/site-packages/airflow/example_dags/example_skip_dag.py
[2023-06-29T23:47:05.931+0000] {logging_mixin.py:149} INFO - [2023-06-29T23:47:05.931+0000] {dag.py:2726} INFO - Sync 1 DAGs
[2023-06-29T23:47:05.981+0000] {logging_mixin.py:149} INFO - [2023-06-29T23:47:05.980+0000] {dag.py:3490} INFO - Setting next_dagrun for example_skip_dag to 2023-06-28T23:47:05.980138+00:00, run_after=2023-06-29T23:47:05.980138+00:00
[2023-06-29T23:47:06.008+0000] {processor.py:178} INFO - Processing /home/airflow/.local/lib/python3.7/site-packages/airflow/example_dags/example_skip_dag.py took 0.175 seconds
[2023-06-29T23:47:36.089+0000] {processor.py:156} INFO - Started process (PID=108) to work on /home/airflow/.local/lib/python3.7/site-packages/airflow/example_dags/example_skip_dag.py
[2023-06-29T23:47:36.091+0000] {processor.py:799} INFO - Processing file /home/airflow/.local/lib/python3.7/site-packages/airflow/example_dags/example_skip_dag.py for tasks to queue
[2023-06-29T23:47:36.091+0000] {logging_mixin.py:149} INFO - [2023-06-29T23:47:36.091+0000] {dagbag.py:541} INFO - Filling up the DagBag from /home/airflow/.local/lib/python3.7/site-packages/airflow/example_dags/example_skip_dag.py
[2023-06-29T23:47:36.100+0000] {processor.py:809} INFO - DAG(s) dict_keys(['example_skip_dag']) retrieved from /home/airflow/.local/lib/python3.7/site-packages/airflow/example_dags/example_skip_dag.py
[2023-06-29T23:47:36.135+0000] {logging_mixin.py:149} INFO - [2023-06-29T23:47:36.134+0000] {dag.py:2726} INFO - Sync 1 DAGs
[2023-06-29T23:47:36.168+0000] {logging_mixin.py:149} INFO - [2023-06-29T23:47:36.168+0000] {dag.py:3490} INFO - Setting next_dagrun for example_skip_dag to 2023-06-28T23:47:36.167839+00:00, run_after=2023-06-29T23:47:36.167839+00:00
[2023-06-29T23:47:36.192+0000] {processor.py:178} INFO - Processing /home/airflow/.local/lib/python3.7/site-packages/airflow/example_dags/example_skip_dag.py took 0.107 seconds
[2023-06-29T23:48:06.590+0000] {processor.py:156} INFO - Started process (PID=165) to work on /home/airflow/.local/lib/python3.7/site-packages/airflow/example_dags/example_skip_dag.py
[2023-06-29T23:48:06.593+0000] {processor.py:799} INFO - Processing file /home/airflow/.local/lib/python3.7/site-packages/airflow/example_dags/example_skip_dag.py for tasks to queue
[2023-06-29T23:48:06.594+0000] {logging_mixin.py:149} INFO - [2023-06-29T23:48:06.594+0000] {dagbag.py:541} INFO - Filling up the DagBag from /home/airflow/.local/lib/python3.7/site-packages/airflow/example_dags/example_skip_dag.py
[2023-06-29T23:48:06.603+0000] {processor.py:809} INFO - DAG(s) dict_keys(['example_skip_dag']) retrieved from /home/airflow/.local/lib/python3.7/site-packages/airflow/example_dags/example_skip_dag.py
[2023-06-29T23:48:06.637+0000] {logging_mixin.py:149} INFO - [2023-06-29T23:48:06.637+0000] {dag.py:2726} INFO - Sync 1 DAGs
[2023-06-29T23:48:06.672+0000] {logging_mixin.py:149} INFO - [2023-06-29T23:48:06.671+0000] {dag.py:3490} INFO - Setting next_dagrun for example_skip_dag to 2023-06-28T23:48:06.671381+00:00, run_after=2023-06-29T23:48:06.671381+00:00
[2023-06-29T23:48:06.694+0000] {processor.py:178} INFO - Processing /home/airflow/.local/lib/python3.7/site-packages/airflow/example_dags/example_skip_dag.py took 0.108 seconds
[2023-06-29T23:48:36.810+0000] {processor.py:156} INFO - Started process (PID=222) to work on /home/airflow/.local/lib/python3.7/site-packages/airflow/example_dags/example_skip_dag.py
[2023-06-29T23:48:36.811+0000] {processor.py:799} INFO - Processing file /home/airflow/.local/lib/python3.7/site-packages/airflow/example_dags/example_skip_dag.py for tasks to queue
[2023-06-29T23:48:36.812+0000] {logging_mixin.py:149} INFO - [2023-06-29T23:48:36.811+0000] {dagbag.py:541} INFO - Filling up the DagBag from /home/airflow/.local/lib/python3.7/site-packages/airflow/example_dags/example_skip_dag.py
[2023-06-29T23:48:36.820+0000] {processor.py:809} INFO - DAG(s) dict_keys(['example_skip_dag']) retrieved from /home/airflow/.local/lib/python3.7/site-packages/airflow/example_dags/example_skip_dag.py
[2023-06-29T23:48:36.852+0000] {logging_mixin.py:149} INFO - [2023-06-29T23:48:36.852+0000] {dag.py:2726} INFO - Sync 1 DAGs
[2023-06-29T23:48:36.884+0000] {logging_mixin.py:149} INFO - [2023-06-29T23:48:36.884+0000] {dag.py:3490} INFO - Setting next_dagrun for example_skip_dag to 2023-06-28T23:48:36.884196+00:00, run_after=2023-06-29T23:48:36.884196+00:00
[2023-06-29T23:48:36.908+0000] {processor.py:178} INFO - Processing /home/airflow/.local/lib/python3.7/site-packages/airflow/example_dags/example_skip_dag.py took 0.102 seconds
[2023-06-29T23:49:07.832+0000] {processor.py:156} INFO - Started process (PID=279) to work on /home/airflow/.local/lib/python3.7/site-packages/airflow/example_dags/example_skip_dag.py
[2023-06-29T23:49:07.833+0000] {processor.py:799} INFO - Processing file /home/airflow/.local/lib/python3.7/site-packages/airflow/example_dags/example_skip_dag.py for tasks to queue
[2023-06-29T23:49:07.834+0000] {logging_mixin.py:149} INFO - [2023-06-29T23:49:07.834+0000] {dagbag.py:541} INFO - Filling up the DagBag from /home/airflow/.local/lib/python3.7/site-packages/airflow/example_dags/example_skip_dag.py
[2023-06-29T23:49:07.844+0000] {processor.py:809} INFO - DAG(s) dict_keys(['example_skip_dag']) retrieved from /home/airflow/.local/lib/python3.7/site-packages/airflow/example_dags/example_skip_dag.py
[2023-06-29T23:49:07.873+0000] {logging_mixin.py:149} INFO - [2023-06-29T23:49:07.873+0000] {dag.py:2726} INFO - Sync 1 DAGs
[2023-06-29T23:49:07.905+0000] {logging_mixin.py:149} INFO - [2023-06-29T23:49:07.905+0000] {dag.py:3490} INFO - Setting next_dagrun for example_skip_dag to 2023-06-28T23:49:07.904903+00:00, run_after=2023-06-29T23:49:07.904903+00:00
[2023-06-29T23:49:07.927+0000] {processor.py:178} INFO - Processing /home/airflow/.local/lib/python3.7/site-packages/airflow/example_dags/example_skip_dag.py took 0.099 seconds
[2023-06-29T23:49:38.380+0000] {processor.py:156} INFO - Started process (PID=337) to work on /home/airflow/.local/lib/python3.7/site-packages/airflow/example_dags/example_skip_dag.py
[2023-06-29T23:49:38.382+0000] {processor.py:799} INFO - Processing file /home/airflow/.local/lib/python3.7/site-packages/airflow/example_dags/example_skip_dag.py for tasks to queue
[2023-06-29T23:49:38.383+0000] {logging_mixin.py:149} INFO - [2023-06-29T23:49:38.382+0000] {dagbag.py:541} INFO - Filling up the DagBag from /home/airflow/.local/lib/python3.7/site-packages/airflow/example_dags/example_skip_dag.py
[2023-06-29T23:49:38.391+0000] {processor.py:809} INFO - DAG(s) dict_keys(['example_skip_dag']) retrieved from /home/airflow/.local/lib/python3.7/site-packages/airflow/example_dags/example_skip_dag.py
[2023-06-29T23:49:38.424+0000] {logging_mixin.py:149} INFO - [2023-06-29T23:49:38.424+0000] {dag.py:2726} INFO - Sync 1 DAGs
[2023-06-29T23:49:38.457+0000] {logging_mixin.py:149} INFO - [2023-06-29T23:49:38.457+0000] {dag.py:3490} INFO - Setting next_dagrun for example_skip_dag to 2023-06-28T23:49:38.456842+00:00, run_after=2023-06-29T23:49:38.456842+00:00
[2023-06-29T23:49:38.480+0000] {processor.py:178} INFO - Processing /home/airflow/.local/lib/python3.7/site-packages/airflow/example_dags/example_skip_dag.py took 0.104 seconds
[2023-06-29T23:50:09.115+0000] {processor.py:156} INFO - Started process (PID=393) to work on /home/airflow/.local/lib/python3.7/site-packages/airflow/example_dags/example_skip_dag.py
[2023-06-29T23:50:09.117+0000] {processor.py:799} INFO - Processing file /home/airflow/.local/lib/python3.7/site-packages/airflow/example_dags/example_skip_dag.py for tasks to queue
[2023-06-29T23:50:09.118+0000] {logging_mixin.py:149} INFO - [2023-06-29T23:50:09.118+0000] {dagbag.py:541} INFO - Filling up the DagBag from /home/airflow/.local/lib/python3.7/site-packages/airflow/example_dags/example_skip_dag.py
[2023-06-29T23:50:09.127+0000] {processor.py:809} INFO - DAG(s) dict_keys(['example_skip_dag']) retrieved from /home/airflow/.local/lib/python3.7/site-packages/airflow/example_dags/example_skip_dag.py
[2023-06-29T23:50:09.161+0000] {logging_mixin.py:149} INFO - [2023-06-29T23:50:09.161+0000] {dag.py:2726} INFO - Sync 1 DAGs
[2023-06-29T23:50:09.197+0000] {logging_mixin.py:149} INFO - [2023-06-29T23:50:09.197+0000] {dag.py:3490} INFO - Setting next_dagrun for example_skip_dag to 2023-06-28T23:50:09.196851+00:00, run_after=2023-06-29T23:50:09.196851+00:00
[2023-06-29T23:50:09.223+0000] {processor.py:178} INFO - Processing /home/airflow/.local/lib/python3.7/site-packages/airflow/example_dags/example_skip_dag.py took 0.112 seconds
[2023-06-29T23:50:39.630+0000] {processor.py:156} INFO - Started process (PID=450) to work on /home/airflow/.local/lib/python3.7/site-packages/airflow/example_dags/example_skip_dag.py
[2023-06-29T23:50:39.632+0000] {processor.py:799} INFO - Processing file /home/airflow/.local/lib/python3.7/site-packages/airflow/example_dags/example_skip_dag.py for tasks to queue
[2023-06-29T23:50:39.633+0000] {logging_mixin.py:149} INFO - [2023-06-29T23:50:39.632+0000] {dagbag.py:541} INFO - Filling up the DagBag from /home/airflow/.local/lib/python3.7/site-packages/airflow/example_dags/example_skip_dag.py
[2023-06-29T23:50:39.643+0000] {processor.py:809} INFO - DAG(s) dict_keys(['example_skip_dag']) retrieved from /home/airflow/.local/lib/python3.7/site-packages/airflow/example_dags/example_skip_dag.py
[2023-06-29T23:50:39.702+0000] {logging_mixin.py:149} INFO - [2023-06-29T23:50:39.702+0000] {dag.py:2726} INFO - Sync 1 DAGs
[2023-06-29T23:50:39.779+0000] {logging_mixin.py:149} INFO - [2023-06-29T23:50:39.779+0000] {dag.py:3490} INFO - Setting next_dagrun for example_skip_dag to 2023-06-28T23:50:39.778739+00:00, run_after=2023-06-29T23:50:39.778739+00:00
[2023-06-29T23:50:39.820+0000] {processor.py:178} INFO - Processing /home/airflow/.local/lib/python3.7/site-packages/airflow/example_dags/example_skip_dag.py took 0.194 seconds
[2023-06-29T23:51:10.517+0000] {processor.py:156} INFO - Started process (PID=507) to work on /home/airflow/.local/lib/python3.7/site-packages/airflow/example_dags/example_skip_dag.py
[2023-06-29T23:51:10.519+0000] {processor.py:799} INFO - Processing file /home/airflow/.local/lib/python3.7/site-packages/airflow/example_dags/example_skip_dag.py for tasks to queue
[2023-06-29T23:51:10.520+0000] {logging_mixin.py:149} INFO - [2023-06-29T23:51:10.520+0000] {dagbag.py:541} INFO - Filling up the DagBag from /home/airflow/.local/lib/python3.7/site-packages/airflow/example_dags/example_skip_dag.py
[2023-06-29T23:51:10.529+0000] {processor.py:809} INFO - DAG(s) dict_keys(['example_skip_dag']) retrieved from /home/airflow/.local/lib/python3.7/site-packages/airflow/example_dags/example_skip_dag.py
[2023-06-29T23:51:10.564+0000] {logging_mixin.py:149} INFO - [2023-06-29T23:51:10.563+0000] {dag.py:2726} INFO - Sync 1 DAGs
[2023-06-29T23:51:10.600+0000] {logging_mixin.py:149} INFO - [2023-06-29T23:51:10.600+0000] {dag.py:3490} INFO - Setting next_dagrun for example_skip_dag to 2023-06-28T23:51:10.599989+00:00, run_after=2023-06-29T23:51:10.599989+00:00
[2023-06-29T23:51:10.624+0000] {processor.py:178} INFO - Processing /home/airflow/.local/lib/python3.7/site-packages/airflow/example_dags/example_skip_dag.py took 0.111 seconds
[2023-06-29T23:51:41.619+0000] {processor.py:156} INFO - Started process (PID=564) to work on /home/airflow/.local/lib/python3.7/site-packages/airflow/example_dags/example_skip_dag.py
[2023-06-29T23:51:41.621+0000] {processor.py:799} INFO - Processing file /home/airflow/.local/lib/python3.7/site-packages/airflow/example_dags/example_skip_dag.py for tasks to queue
[2023-06-29T23:51:41.622+0000] {logging_mixin.py:149} INFO - [2023-06-29T23:51:41.622+0000] {dagbag.py:541} INFO - Filling up the DagBag from /home/airflow/.local/lib/python3.7/site-packages/airflow/example_dags/example_skip_dag.py
[2023-06-29T23:51:41.638+0000] {processor.py:809} INFO - DAG(s) dict_keys(['example_skip_dag']) retrieved from /home/airflow/.local/lib/python3.7/site-packages/airflow/example_dags/example_skip_dag.py
[2023-06-29T23:51:41.699+0000] {logging_mixin.py:149} INFO - [2023-06-29T23:51:41.699+0000] {dag.py:2726} INFO - Sync 1 DAGs
[2023-06-29T23:51:41.755+0000] {logging_mixin.py:149} INFO - [2023-06-29T23:51:41.755+0000] {dag.py:3490} INFO - Setting next_dagrun for example_skip_dag to 2023-06-28T23:51:41.754681+00:00, run_after=2023-06-29T23:51:41.754681+00:00
[2023-06-29T23:51:41.799+0000] {processor.py:178} INFO - Processing /home/airflow/.local/lib/python3.7/site-packages/airflow/example_dags/example_skip_dag.py took 0.197 seconds
[2023-06-29T23:52:13.093+0000] {processor.py:156} INFO - Started process (PID=621) to work on /home/airflow/.local/lib/python3.7/site-packages/airflow/example_dags/example_skip_dag.py
[2023-06-29T23:52:13.113+0000] {processor.py:799} INFO - Processing file /home/airflow/.local/lib/python3.7/site-packages/airflow/example_dags/example_skip_dag.py for tasks to queue
[2023-06-29T23:52:13.118+0000] {logging_mixin.py:149} INFO - [2023-06-29T23:52:13.117+0000] {dagbag.py:541} INFO - Filling up the DagBag from /home/airflow/.local/lib/python3.7/site-packages/airflow/example_dags/example_skip_dag.py
[2023-06-29T23:52:13.149+0000] {processor.py:809} INFO - DAG(s) dict_keys(['example_skip_dag']) retrieved from /home/airflow/.local/lib/python3.7/site-packages/airflow/example_dags/example_skip_dag.py
[2023-06-29T23:52:13.235+0000] {logging_mixin.py:149} INFO - [2023-06-29T23:52:13.235+0000] {dag.py:2726} INFO - Sync 1 DAGs
[2023-06-29T23:52:13.363+0000] {logging_mixin.py:149} INFO - [2023-06-29T23:52:13.363+0000] {dag.py:3490} INFO - Setting next_dagrun for example_skip_dag to 2023-06-28T23:52:13.360136+00:00, run_after=2023-06-29T23:52:13.360136+00:00
[2023-06-29T23:52:13.467+0000] {processor.py:178} INFO - Processing /home/airflow/.local/lib/python3.7/site-packages/airflow/example_dags/example_skip_dag.py took 0.378 seconds
[2023-06-29T23:52:43.628+0000] {processor.py:156} INFO - Started process (PID=678) to work on /home/airflow/.local/lib/python3.7/site-packages/airflow/example_dags/example_skip_dag.py
[2023-06-29T23:52:43.632+0000] {processor.py:799} INFO - Processing file /home/airflow/.local/lib/python3.7/site-packages/airflow/example_dags/example_skip_dag.py for tasks to queue
[2023-06-29T23:52:43.633+0000] {logging_mixin.py:149} INFO - [2023-06-29T23:52:43.632+0000] {dagbag.py:541} INFO - Filling up the DagBag from /home/airflow/.local/lib/python3.7/site-packages/airflow/example_dags/example_skip_dag.py
[2023-06-29T23:52:43.647+0000] {processor.py:809} INFO - DAG(s) dict_keys(['example_skip_dag']) retrieved from /home/airflow/.local/lib/python3.7/site-packages/airflow/example_dags/example_skip_dag.py
[2023-06-29T23:52:43.683+0000] {logging_mixin.py:149} INFO - [2023-06-29T23:52:43.683+0000] {dag.py:2726} INFO - Sync 1 DAGs
[2023-06-29T23:52:43.721+0000] {logging_mixin.py:149} INFO - [2023-06-29T23:52:43.720+0000] {dag.py:3490} INFO - Setting next_dagrun for example_skip_dag to 2023-06-28T23:52:43.720650+00:00, run_after=2023-06-29T23:52:43.720650+00:00
[2023-06-29T23:52:43.768+0000] {processor.py:178} INFO - Processing /home/airflow/.local/lib/python3.7/site-packages/airflow/example_dags/example_skip_dag.py took 0.145 seconds
[2023-06-29T23:53:14.047+0000] {processor.py:156} INFO - Started process (PID=735) to work on /home/airflow/.local/lib/python3.7/site-packages/airflow/example_dags/example_skip_dag.py
[2023-06-29T23:53:14.048+0000] {processor.py:799} INFO - Processing file /home/airflow/.local/lib/python3.7/site-packages/airflow/example_dags/example_skip_dag.py for tasks to queue
[2023-06-29T23:53:14.049+0000] {logging_mixin.py:149} INFO - [2023-06-29T23:53:14.049+0000] {dagbag.py:541} INFO - Filling up the DagBag from /home/airflow/.local/lib/python3.7/site-packages/airflow/example_dags/example_skip_dag.py
[2023-06-29T23:53:14.057+0000] {processor.py:809} INFO - DAG(s) dict_keys(['example_skip_dag']) retrieved from /home/airflow/.local/lib/python3.7/site-packages/airflow/example_dags/example_skip_dag.py
[2023-06-29T23:53:14.090+0000] {logging_mixin.py:149} INFO - [2023-06-29T23:53:14.090+0000] {dag.py:2726} INFO - Sync 1 DAGs
[2023-06-29T23:53:14.125+0000] {logging_mixin.py:149} INFO - [2023-06-29T23:53:14.125+0000] {dag.py:3490} INFO - Setting next_dagrun for example_skip_dag to 2023-06-28T23:53:14.124776+00:00, run_after=2023-06-29T23:53:14.124776+00:00
[2023-06-29T23:53:14.148+0000] {processor.py:178} INFO - Processing /home/airflow/.local/lib/python3.7/site-packages/airflow/example_dags/example_skip_dag.py took 0.106 seconds
[2023-06-29T23:53:44.904+0000] {processor.py:156} INFO - Started process (PID=792) to work on /home/airflow/.local/lib/python3.7/site-packages/airflow/example_dags/example_skip_dag.py
[2023-06-29T23:53:44.906+0000] {processor.py:799} INFO - Processing file /home/airflow/.local/lib/python3.7/site-packages/airflow/example_dags/example_skip_dag.py for tasks to queue
[2023-06-29T23:53:44.907+0000] {logging_mixin.py:149} INFO - [2023-06-29T23:53:44.907+0000] {dagbag.py:541} INFO - Filling up the DagBag from /home/airflow/.local/lib/python3.7/site-packages/airflow/example_dags/example_skip_dag.py
[2023-06-29T23:53:44.926+0000] {processor.py:809} INFO - DAG(s) dict_keys(['example_skip_dag']) retrieved from /home/airflow/.local/lib/python3.7/site-packages/airflow/example_dags/example_skip_dag.py
[2023-06-29T23:53:44.976+0000] {logging_mixin.py:149} INFO - [2023-06-29T23:53:44.976+0000] {dag.py:2726} INFO - Sync 1 DAGs
[2023-06-29T23:53:45.012+0000] {logging_mixin.py:149} INFO - [2023-06-29T23:53:45.012+0000] {dag.py:3490} INFO - Setting next_dagrun for example_skip_dag to 2023-06-28T23:53:45.011965+00:00, run_after=2023-06-29T23:53:45.011965+00:00
[2023-06-29T23:53:45.039+0000] {processor.py:178} INFO - Processing /home/airflow/.local/lib/python3.7/site-packages/airflow/example_dags/example_skip_dag.py took 0.139 seconds
[2023-06-29T23:54:16.100+0000] {processor.py:156} INFO - Started process (PID=850) to work on /home/airflow/.local/lib/python3.7/site-packages/airflow/example_dags/example_skip_dag.py
[2023-06-29T23:54:16.102+0000] {processor.py:799} INFO - Processing file /home/airflow/.local/lib/python3.7/site-packages/airflow/example_dags/example_skip_dag.py for tasks to queue
[2023-06-29T23:54:16.102+0000] {logging_mixin.py:149} INFO - [2023-06-29T23:54:16.102+0000] {dagbag.py:541} INFO - Filling up the DagBag from /home/airflow/.local/lib/python3.7/site-packages/airflow/example_dags/example_skip_dag.py
[2023-06-29T23:54:16.111+0000] {processor.py:809} INFO - DAG(s) dict_keys(['example_skip_dag']) retrieved from /home/airflow/.local/lib/python3.7/site-packages/airflow/example_dags/example_skip_dag.py
[2023-06-29T23:54:16.143+0000] {logging_mixin.py:149} INFO - [2023-06-29T23:54:16.143+0000] {dag.py:2726} INFO - Sync 1 DAGs
[2023-06-29T23:54:16.185+0000] {logging_mixin.py:149} INFO - [2023-06-29T23:54:16.185+0000] {dag.py:3490} INFO - Setting next_dagrun for example_skip_dag to 2023-06-28T23:54:16.185231+00:00, run_after=2023-06-29T23:54:16.185231+00:00
[2023-06-29T23:54:16.211+0000] {processor.py:178} INFO - Processing /home/airflow/.local/lib/python3.7/site-packages/airflow/example_dags/example_skip_dag.py took 0.114 seconds
[2023-06-29T23:54:47.295+0000] {processor.py:156} INFO - Started process (PID=913) to work on /home/airflow/.local/lib/python3.7/site-packages/airflow/example_dags/example_skip_dag.py
[2023-06-29T23:54:47.302+0000] {processor.py:799} INFO - Processing file /home/airflow/.local/lib/python3.7/site-packages/airflow/example_dags/example_skip_dag.py for tasks to queue
[2023-06-29T23:54:47.303+0000] {logging_mixin.py:149} INFO - [2023-06-29T23:54:47.303+0000] {dagbag.py:541} INFO - Filling up the DagBag from /home/airflow/.local/lib/python3.7/site-packages/airflow/example_dags/example_skip_dag.py
[2023-06-29T23:54:47.317+0000] {processor.py:809} INFO - DAG(s) dict_keys(['example_skip_dag']) retrieved from /home/airflow/.local/lib/python3.7/site-packages/airflow/example_dags/example_skip_dag.py
[2023-06-29T23:54:47.411+0000] {logging_mixin.py:149} INFO - [2023-06-29T23:54:47.411+0000] {dag.py:2726} INFO - Sync 1 DAGs
[2023-06-29T23:54:47.475+0000] {logging_mixin.py:149} INFO - [2023-06-29T23:54:47.474+0000] {dag.py:3490} INFO - Setting next_dagrun for example_skip_dag to 2023-06-28T23:54:47.474444+00:00, run_after=2023-06-29T23:54:47.474444+00:00
[2023-06-29T23:54:47.523+0000] {processor.py:178} INFO - Processing /home/airflow/.local/lib/python3.7/site-packages/airflow/example_dags/example_skip_dag.py took 0.249 seconds
[2023-06-29T23:55:17.690+0000] {processor.py:156} INFO - Started process (PID=969) to work on /home/airflow/.local/lib/python3.7/site-packages/airflow/example_dags/example_skip_dag.py
[2023-06-29T23:55:17.691+0000] {processor.py:799} INFO - Processing file /home/airflow/.local/lib/python3.7/site-packages/airflow/example_dags/example_skip_dag.py for tasks to queue
[2023-06-29T23:55:17.692+0000] {logging_mixin.py:149} INFO - [2023-06-29T23:55:17.692+0000] {dagbag.py:541} INFO - Filling up the DagBag from /home/airflow/.local/lib/python3.7/site-packages/airflow/example_dags/example_skip_dag.py
[2023-06-29T23:55:17.708+0000] {processor.py:809} INFO - DAG(s) dict_keys(['example_skip_dag']) retrieved from /home/airflow/.local/lib/python3.7/site-packages/airflow/example_dags/example_skip_dag.py
[2023-06-29T23:55:17.757+0000] {logging_mixin.py:149} INFO - [2023-06-29T23:55:17.756+0000] {dag.py:2726} INFO - Sync 1 DAGs
[2023-06-29T23:55:17.809+0000] {logging_mixin.py:149} INFO - [2023-06-29T23:55:17.809+0000] {dag.py:3490} INFO - Setting next_dagrun for example_skip_dag to 2023-06-28T23:55:17.808615+00:00, run_after=2023-06-29T23:55:17.808615+00:00
[2023-06-29T23:55:17.835+0000] {processor.py:178} INFO - Processing /home/airflow/.local/lib/python3.7/site-packages/airflow/example_dags/example_skip_dag.py took 0.149 seconds
[2023-06-29T23:55:48.253+0000] {processor.py:156} INFO - Started process (PID=1025) to work on /home/airflow/.local/lib/python3.7/site-packages/airflow/example_dags/example_skip_dag.py
[2023-06-29T23:55:48.265+0000] {processor.py:799} INFO - Processing file /home/airflow/.local/lib/python3.7/site-packages/airflow/example_dags/example_skip_dag.py for tasks to queue
[2023-06-29T23:55:48.267+0000] {logging_mixin.py:149} INFO - [2023-06-29T23:55:48.266+0000] {dagbag.py:541} INFO - Filling up the DagBag from /home/airflow/.local/lib/python3.7/site-packages/airflow/example_dags/example_skip_dag.py
[2023-06-29T23:55:48.276+0000] {processor.py:809} INFO - DAG(s) dict_keys(['example_skip_dag']) retrieved from /home/airflow/.local/lib/python3.7/site-packages/airflow/example_dags/example_skip_dag.py
[2023-06-29T23:55:48.323+0000] {logging_mixin.py:149} INFO - [2023-06-29T23:55:48.323+0000] {dag.py:2726} INFO - Sync 1 DAGs
[2023-06-29T23:55:48.368+0000] {logging_mixin.py:149} INFO - [2023-06-29T23:55:48.367+0000] {dag.py:3490} INFO - Setting next_dagrun for example_skip_dag to 2023-06-28T23:55:48.367020+00:00, run_after=2023-06-29T23:55:48.367020+00:00
[2023-06-29T23:55:48.403+0000] {processor.py:178} INFO - Processing /home/airflow/.local/lib/python3.7/site-packages/airflow/example_dags/example_skip_dag.py took 0.155 seconds
[2023-06-29T23:56:19.052+0000] {processor.py:156} INFO - Started process (PID=1082) to work on /home/airflow/.local/lib/python3.7/site-packages/airflow/example_dags/example_skip_dag.py
[2023-06-29T23:56:19.079+0000] {processor.py:799} INFO - Processing file /home/airflow/.local/lib/python3.7/site-packages/airflow/example_dags/example_skip_dag.py for tasks to queue
[2023-06-29T23:56:19.080+0000] {logging_mixin.py:149} INFO - [2023-06-29T23:56:19.080+0000] {dagbag.py:541} INFO - Filling up the DagBag from /home/airflow/.local/lib/python3.7/site-packages/airflow/example_dags/example_skip_dag.py
[2023-06-29T23:56:19.089+0000] {processor.py:809} INFO - DAG(s) dict_keys(['example_skip_dag']) retrieved from /home/airflow/.local/lib/python3.7/site-packages/airflow/example_dags/example_skip_dag.py
[2023-06-29T23:56:19.128+0000] {logging_mixin.py:149} INFO - [2023-06-29T23:56:19.128+0000] {dag.py:2726} INFO - Sync 1 DAGs
[2023-06-29T23:56:19.168+0000] {logging_mixin.py:149} INFO - [2023-06-29T23:56:19.168+0000] {dag.py:3490} INFO - Setting next_dagrun for example_skip_dag to 2023-06-28T23:56:19.167286+00:00, run_after=2023-06-29T23:56:19.167286+00:00
[2023-06-29T23:56:19.207+0000] {processor.py:178} INFO - Processing /home/airflow/.local/lib/python3.7/site-packages/airflow/example_dags/example_skip_dag.py took 0.160 seconds
[2023-06-29T23:56:49.535+0000] {processor.py:156} INFO - Started process (PID=1139) to work on /home/airflow/.local/lib/python3.7/site-packages/airflow/example_dags/example_skip_dag.py
[2023-06-29T23:56:49.536+0000] {processor.py:799} INFO - Processing file /home/airflow/.local/lib/python3.7/site-packages/airflow/example_dags/example_skip_dag.py for tasks to queue
[2023-06-29T23:56:49.537+0000] {logging_mixin.py:149} INFO - [2023-06-29T23:56:49.537+0000] {dagbag.py:541} INFO - Filling up the DagBag from /home/airflow/.local/lib/python3.7/site-packages/airflow/example_dags/example_skip_dag.py
[2023-06-29T23:56:49.549+0000] {processor.py:809} INFO - DAG(s) dict_keys(['example_skip_dag']) retrieved from /home/airflow/.local/lib/python3.7/site-packages/airflow/example_dags/example_skip_dag.py
[2023-06-29T23:56:49.585+0000] {logging_mixin.py:149} INFO - [2023-06-29T23:56:49.584+0000] {dag.py:2726} INFO - Sync 1 DAGs
[2023-06-29T23:56:49.619+0000] {logging_mixin.py:149} INFO - [2023-06-29T23:56:49.619+0000] {dag.py:3490} INFO - Setting next_dagrun for example_skip_dag to 2023-06-28T23:56:49.618973+00:00, run_after=2023-06-29T23:56:49.618973+00:00
[2023-06-29T23:56:49.642+0000] {processor.py:178} INFO - Processing /home/airflow/.local/lib/python3.7/site-packages/airflow/example_dags/example_skip_dag.py took 0.112 seconds
[2023-06-29T23:57:19.884+0000] {processor.py:156} INFO - Started process (PID=1196) to work on /home/airflow/.local/lib/python3.7/site-packages/airflow/example_dags/example_skip_dag.py
[2023-06-29T23:57:19.886+0000] {processor.py:799} INFO - Processing file /home/airflow/.local/lib/python3.7/site-packages/airflow/example_dags/example_skip_dag.py for tasks to queue
[2023-06-29T23:57:19.887+0000] {logging_mixin.py:149} INFO - [2023-06-29T23:57:19.887+0000] {dagbag.py:541} INFO - Filling up the DagBag from /home/airflow/.local/lib/python3.7/site-packages/airflow/example_dags/example_skip_dag.py
[2023-06-29T23:57:19.897+0000] {processor.py:809} INFO - DAG(s) dict_keys(['example_skip_dag']) retrieved from /home/airflow/.local/lib/python3.7/site-packages/airflow/example_dags/example_skip_dag.py
[2023-06-29T23:57:19.931+0000] {logging_mixin.py:149} INFO - [2023-06-29T23:57:19.931+0000] {dag.py:2726} INFO - Sync 1 DAGs
[2023-06-29T23:57:19.972+0000] {logging_mixin.py:149} INFO - [2023-06-29T23:57:19.972+0000] {dag.py:3490} INFO - Setting next_dagrun for example_skip_dag to 2023-06-28T23:57:19.972004+00:00, run_after=2023-06-29T23:57:19.972004+00:00
[2023-06-29T23:57:20.006+0000] {processor.py:178} INFO - Processing /home/airflow/.local/lib/python3.7/site-packages/airflow/example_dags/example_skip_dag.py took 0.126 seconds
[2023-06-29T23:57:50.966+0000] {processor.py:156} INFO - Started process (PID=1253) to work on /home/airflow/.local/lib/python3.7/site-packages/airflow/example_dags/example_skip_dag.py
[2023-06-29T23:57:50.969+0000] {processor.py:799} INFO - Processing file /home/airflow/.local/lib/python3.7/site-packages/airflow/example_dags/example_skip_dag.py for tasks to queue
[2023-06-29T23:57:50.971+0000] {logging_mixin.py:149} INFO - [2023-06-29T23:57:50.971+0000] {dagbag.py:541} INFO - Filling up the DagBag from /home/airflow/.local/lib/python3.7/site-packages/airflow/example_dags/example_skip_dag.py
[2023-06-29T23:57:50.982+0000] {processor.py:809} INFO - DAG(s) dict_keys(['example_skip_dag']) retrieved from /home/airflow/.local/lib/python3.7/site-packages/airflow/example_dags/example_skip_dag.py
[2023-06-29T23:57:51.107+0000] {logging_mixin.py:149} INFO - [2023-06-29T23:57:51.107+0000] {dag.py:2726} INFO - Sync 1 DAGs
[2023-06-29T23:57:51.188+0000] {logging_mixin.py:149} INFO - [2023-06-29T23:57:51.187+0000] {dag.py:3490} INFO - Setting next_dagrun for example_skip_dag to 2023-06-28T23:57:51.187444+00:00, run_after=2023-06-29T23:57:51.187444+00:00
[2023-06-29T23:57:51.223+0000] {processor.py:178} INFO - Processing /home/airflow/.local/lib/python3.7/site-packages/airflow/example_dags/example_skip_dag.py took 0.280 seconds
[2023-06-29T23:58:21.353+0000] {processor.py:156} INFO - Started process (PID=1311) to work on /home/airflow/.local/lib/python3.7/site-packages/airflow/example_dags/example_skip_dag.py
[2023-06-29T23:58:21.354+0000] {processor.py:799} INFO - Processing file /home/airflow/.local/lib/python3.7/site-packages/airflow/example_dags/example_skip_dag.py for tasks to queue
[2023-06-29T23:58:21.355+0000] {logging_mixin.py:149} INFO - [2023-06-29T23:58:21.355+0000] {dagbag.py:541} INFO - Filling up the DagBag from /home/airflow/.local/lib/python3.7/site-packages/airflow/example_dags/example_skip_dag.py
[2023-06-29T23:58:21.364+0000] {processor.py:809} INFO - DAG(s) dict_keys(['example_skip_dag']) retrieved from /home/airflow/.local/lib/python3.7/site-packages/airflow/example_dags/example_skip_dag.py
[2023-06-29T23:58:21.399+0000] {logging_mixin.py:149} INFO - [2023-06-29T23:58:21.399+0000] {dag.py:2726} INFO - Sync 1 DAGs
[2023-06-29T23:58:21.434+0000] {logging_mixin.py:149} INFO - [2023-06-29T23:58:21.434+0000] {dag.py:3490} INFO - Setting next_dagrun for example_skip_dag to 2023-06-28T23:58:21.433922+00:00, run_after=2023-06-29T23:58:21.433922+00:00
[2023-06-29T23:58:21.458+0000] {processor.py:178} INFO - Processing /home/airflow/.local/lib/python3.7/site-packages/airflow/example_dags/example_skip_dag.py took 0.110 seconds
[2023-06-29T23:58:51.688+0000] {processor.py:156} INFO - Started process (PID=1368) to work on /home/airflow/.local/lib/python3.7/site-packages/airflow/example_dags/example_skip_dag.py
[2023-06-29T23:58:51.689+0000] {processor.py:799} INFO - Processing file /home/airflow/.local/lib/python3.7/site-packages/airflow/example_dags/example_skip_dag.py for tasks to queue
[2023-06-29T23:58:51.690+0000] {logging_mixin.py:149} INFO - [2023-06-29T23:58:51.690+0000] {dagbag.py:541} INFO - Filling up the DagBag from /home/airflow/.local/lib/python3.7/site-packages/airflow/example_dags/example_skip_dag.py
[2023-06-29T23:58:51.701+0000] {processor.py:809} INFO - DAG(s) dict_keys(['example_skip_dag']) retrieved from /home/airflow/.local/lib/python3.7/site-packages/airflow/example_dags/example_skip_dag.py
[2023-06-29T23:58:51.736+0000] {logging_mixin.py:149} INFO - [2023-06-29T23:58:51.736+0000] {dag.py:2726} INFO - Sync 1 DAGs
[2023-06-29T23:58:51.774+0000] {logging_mixin.py:149} INFO - [2023-06-29T23:58:51.773+0000] {dag.py:3490} INFO - Setting next_dagrun for example_skip_dag to 2023-06-28T23:58:51.773649+00:00, run_after=2023-06-29T23:58:51.773649+00:00
[2023-06-29T23:58:51.798+0000] {processor.py:178} INFO - Processing /home/airflow/.local/lib/python3.7/site-packages/airflow/example_dags/example_skip_dag.py took 0.115 seconds
[2023-06-29T23:59:21.975+0000] {processor.py:156} INFO - Started process (PID=1426) to work on /home/airflow/.local/lib/python3.7/site-packages/airflow/example_dags/example_skip_dag.py
[2023-06-29T23:59:21.977+0000] {processor.py:799} INFO - Processing file /home/airflow/.local/lib/python3.7/site-packages/airflow/example_dags/example_skip_dag.py for tasks to queue
[2023-06-29T23:59:21.977+0000] {logging_mixin.py:149} INFO - [2023-06-29T23:59:21.977+0000] {dagbag.py:541} INFO - Filling up the DagBag from /home/airflow/.local/lib/python3.7/site-packages/airflow/example_dags/example_skip_dag.py
[2023-06-29T23:59:21.987+0000] {processor.py:809} INFO - DAG(s) dict_keys(['example_skip_dag']) retrieved from /home/airflow/.local/lib/python3.7/site-packages/airflow/example_dags/example_skip_dag.py
[2023-06-29T23:59:22.021+0000] {logging_mixin.py:149} INFO - [2023-06-29T23:59:22.020+0000] {dag.py:2726} INFO - Sync 1 DAGs
[2023-06-29T23:59:22.056+0000] {logging_mixin.py:149} INFO - [2023-06-29T23:59:22.056+0000] {dag.py:3490} INFO - Setting next_dagrun for example_skip_dag to 2023-06-28T23:59:22.055999+00:00, run_after=2023-06-29T23:59:22.055999+00:00
[2023-06-29T23:59:22.080+0000] {processor.py:178} INFO - Processing /home/airflow/.local/lib/python3.7/site-packages/airflow/example_dags/example_skip_dag.py took 0.109 seconds
[2023-06-29T23:59:52.385+0000] {processor.py:156} INFO - Started process (PID=1482) to work on /home/airflow/.local/lib/python3.7/site-packages/airflow/example_dags/example_skip_dag.py
[2023-06-29T23:59:52.386+0000] {processor.py:799} INFO - Processing file /home/airflow/.local/lib/python3.7/site-packages/airflow/example_dags/example_skip_dag.py for tasks to queue
[2023-06-29T23:59:52.387+0000] {logging_mixin.py:149} INFO - [2023-06-29T23:59:52.387+0000] {dagbag.py:541} INFO - Filling up the DagBag from /home/airflow/.local/lib/python3.7/site-packages/airflow/example_dags/example_skip_dag.py
[2023-06-29T23:59:52.398+0000] {processor.py:809} INFO - DAG(s) dict_keys(['example_skip_dag']) retrieved from /home/airflow/.local/lib/python3.7/site-packages/airflow/example_dags/example_skip_dag.py
[2023-06-29T23:59:52.432+0000] {logging_mixin.py:149} INFO - [2023-06-29T23:59:52.432+0000] {dag.py:2726} INFO - Sync 1 DAGs
[2023-06-29T23:59:52.465+0000] {logging_mixin.py:149} INFO - [2023-06-29T23:59:52.465+0000] {dag.py:3490} INFO - Setting next_dagrun for example_skip_dag to 2023-06-28T23:59:52.465165+00:00, run_after=2023-06-29T23:59:52.465165+00:00
[2023-06-29T23:59:52.488+0000] {processor.py:178} INFO - Processing /home/airflow/.local/lib/python3.7/site-packages/airflow/example_dags/example_skip_dag.py took 0.108 seconds
