[2023-06-29T23:47:07.166+0000] {processor.py:156} INFO - Started process (PID=60) to work on /home/airflow/.local/lib/python3.7/site-packages/airflow/example_dags/example_time_delta_sensor_async.py
[2023-06-29T23:47:07.167+0000] {processor.py:799} INFO - Processing file /home/airflow/.local/lib/python3.7/site-packages/airflow/example_dags/example_time_delta_sensor_async.py for tasks to queue
[2023-06-29T23:47:07.168+0000] {logging_mixin.py:149} INFO - [2023-06-29T23:47:07.168+0000] {dagbag.py:541} INFO - Filling up the DagBag from /home/airflow/.local/lib/python3.7/site-packages/airflow/example_dags/example_time_delta_sensor_async.py
[2023-06-29T23:47:07.173+0000] {processor.py:809} INFO - DAG(s) dict_keys(['example_time_delta_sensor_async']) retrieved from /home/airflow/.local/lib/python3.7/site-packages/airflow/example_dags/example_time_delta_sensor_async.py
[2023-06-29T23:47:07.211+0000] {logging_mixin.py:149} INFO - [2023-06-29T23:47:07.211+0000] {dag.py:2726} INFO - Sync 1 DAGs
[2023-06-29T23:47:07.249+0000] {logging_mixin.py:149} INFO - [2023-06-29T23:47:07.249+0000] {dag.py:3490} INFO - Setting next_dagrun for example_time_delta_sensor_async to None, run_after=None
[2023-06-29T23:47:07.273+0000] {processor.py:178} INFO - Processing /home/airflow/.local/lib/python3.7/site-packages/airflow/example_dags/example_time_delta_sensor_async.py took 0.111 seconds
[2023-06-29T23:47:37.787+0000] {processor.py:156} INFO - Started process (PID=117) to work on /home/airflow/.local/lib/python3.7/site-packages/airflow/example_dags/example_time_delta_sensor_async.py
[2023-06-29T23:47:37.789+0000] {processor.py:799} INFO - Processing file /home/airflow/.local/lib/python3.7/site-packages/airflow/example_dags/example_time_delta_sensor_async.py for tasks to queue
[2023-06-29T23:47:37.789+0000] {logging_mixin.py:149} INFO - [2023-06-29T23:47:37.789+0000] {dagbag.py:541} INFO - Filling up the DagBag from /home/airflow/.local/lib/python3.7/site-packages/airflow/example_dags/example_time_delta_sensor_async.py
[2023-06-29T23:47:37.794+0000] {processor.py:809} INFO - DAG(s) dict_keys(['example_time_delta_sensor_async']) retrieved from /home/airflow/.local/lib/python3.7/site-packages/airflow/example_dags/example_time_delta_sensor_async.py
[2023-06-29T23:47:37.829+0000] {logging_mixin.py:149} INFO - [2023-06-29T23:47:37.829+0000] {dag.py:2726} INFO - Sync 1 DAGs
[2023-06-29T23:47:37.870+0000] {logging_mixin.py:149} INFO - [2023-06-29T23:47:37.870+0000] {dag.py:3490} INFO - Setting next_dagrun for example_time_delta_sensor_async to None, run_after=None
[2023-06-29T23:47:37.891+0000] {processor.py:178} INFO - Processing /home/airflow/.local/lib/python3.7/site-packages/airflow/example_dags/example_time_delta_sensor_async.py took 0.109 seconds
[2023-06-29T23:48:08.285+0000] {processor.py:156} INFO - Started process (PID=174) to work on /home/airflow/.local/lib/python3.7/site-packages/airflow/example_dags/example_time_delta_sensor_async.py
[2023-06-29T23:48:08.286+0000] {processor.py:799} INFO - Processing file /home/airflow/.local/lib/python3.7/site-packages/airflow/example_dags/example_time_delta_sensor_async.py for tasks to queue
[2023-06-29T23:48:08.287+0000] {logging_mixin.py:149} INFO - [2023-06-29T23:48:08.287+0000] {dagbag.py:541} INFO - Filling up the DagBag from /home/airflow/.local/lib/python3.7/site-packages/airflow/example_dags/example_time_delta_sensor_async.py
[2023-06-29T23:48:08.292+0000] {processor.py:809} INFO - DAG(s) dict_keys(['example_time_delta_sensor_async']) retrieved from /home/airflow/.local/lib/python3.7/site-packages/airflow/example_dags/example_time_delta_sensor_async.py
[2023-06-29T23:48:08.324+0000] {logging_mixin.py:149} INFO - [2023-06-29T23:48:08.323+0000] {dag.py:2726} INFO - Sync 1 DAGs
[2023-06-29T23:48:08.358+0000] {logging_mixin.py:149} INFO - [2023-06-29T23:48:08.357+0000] {dag.py:3490} INFO - Setting next_dagrun for example_time_delta_sensor_async to None, run_after=None
[2023-06-29T23:48:08.380+0000] {processor.py:178} INFO - Processing /home/airflow/.local/lib/python3.7/site-packages/airflow/example_dags/example_time_delta_sensor_async.py took 0.099 seconds
[2023-06-29T23:48:38.524+0000] {processor.py:156} INFO - Started process (PID=231) to work on /home/airflow/.local/lib/python3.7/site-packages/airflow/example_dags/example_time_delta_sensor_async.py
[2023-06-29T23:48:38.525+0000] {processor.py:799} INFO - Processing file /home/airflow/.local/lib/python3.7/site-packages/airflow/example_dags/example_time_delta_sensor_async.py for tasks to queue
[2023-06-29T23:48:38.526+0000] {logging_mixin.py:149} INFO - [2023-06-29T23:48:38.525+0000] {dagbag.py:541} INFO - Filling up the DagBag from /home/airflow/.local/lib/python3.7/site-packages/airflow/example_dags/example_time_delta_sensor_async.py
[2023-06-29T23:48:38.534+0000] {processor.py:809} INFO - DAG(s) dict_keys(['example_time_delta_sensor_async']) retrieved from /home/airflow/.local/lib/python3.7/site-packages/airflow/example_dags/example_time_delta_sensor_async.py
[2023-06-29T23:48:38.568+0000] {logging_mixin.py:149} INFO - [2023-06-29T23:48:38.568+0000] {dag.py:2726} INFO - Sync 1 DAGs
[2023-06-29T23:48:38.605+0000] {logging_mixin.py:149} INFO - [2023-06-29T23:48:38.604+0000] {dag.py:3490} INFO - Setting next_dagrun for example_time_delta_sensor_async to None, run_after=None
[2023-06-29T23:48:38.627+0000] {processor.py:178} INFO - Processing /home/airflow/.local/lib/python3.7/site-packages/airflow/example_dags/example_time_delta_sensor_async.py took 0.107 seconds
[2023-06-29T23:49:08.862+0000] {processor.py:156} INFO - Started process (PID=288) to work on /home/airflow/.local/lib/python3.7/site-packages/airflow/example_dags/example_time_delta_sensor_async.py
[2023-06-29T23:49:08.863+0000] {processor.py:799} INFO - Processing file /home/airflow/.local/lib/python3.7/site-packages/airflow/example_dags/example_time_delta_sensor_async.py for tasks to queue
[2023-06-29T23:49:08.864+0000] {logging_mixin.py:149} INFO - [2023-06-29T23:49:08.864+0000] {dagbag.py:541} INFO - Filling up the DagBag from /home/airflow/.local/lib/python3.7/site-packages/airflow/example_dags/example_time_delta_sensor_async.py
[2023-06-29T23:49:08.869+0000] {processor.py:809} INFO - DAG(s) dict_keys(['example_time_delta_sensor_async']) retrieved from /home/airflow/.local/lib/python3.7/site-packages/airflow/example_dags/example_time_delta_sensor_async.py
[2023-06-29T23:49:08.900+0000] {logging_mixin.py:149} INFO - [2023-06-29T23:49:08.900+0000] {dag.py:2726} INFO - Sync 1 DAGs
[2023-06-29T23:49:08.931+0000] {logging_mixin.py:149} INFO - [2023-06-29T23:49:08.931+0000] {dag.py:3490} INFO - Setting next_dagrun for example_time_delta_sensor_async to None, run_after=None
[2023-06-29T23:49:08.953+0000] {processor.py:178} INFO - Processing /home/airflow/.local/lib/python3.7/site-packages/airflow/example_dags/example_time_delta_sensor_async.py took 0.095 seconds
[2023-06-29T23:49:39.199+0000] {processor.py:156} INFO - Started process (PID=346) to work on /home/airflow/.local/lib/python3.7/site-packages/airflow/example_dags/example_time_delta_sensor_async.py
[2023-06-29T23:49:39.204+0000] {processor.py:799} INFO - Processing file /home/airflow/.local/lib/python3.7/site-packages/airflow/example_dags/example_time_delta_sensor_async.py for tasks to queue
[2023-06-29T23:49:39.205+0000] {logging_mixin.py:149} INFO - [2023-06-29T23:49:39.205+0000] {dagbag.py:541} INFO - Filling up the DagBag from /home/airflow/.local/lib/python3.7/site-packages/airflow/example_dags/example_time_delta_sensor_async.py
[2023-06-29T23:49:39.211+0000] {processor.py:809} INFO - DAG(s) dict_keys(['example_time_delta_sensor_async']) retrieved from /home/airflow/.local/lib/python3.7/site-packages/airflow/example_dags/example_time_delta_sensor_async.py
[2023-06-29T23:49:39.244+0000] {logging_mixin.py:149} INFO - [2023-06-29T23:49:39.244+0000] {dag.py:2726} INFO - Sync 1 DAGs
[2023-06-29T23:49:39.276+0000] {logging_mixin.py:149} INFO - [2023-06-29T23:49:39.276+0000] {dag.py:3490} INFO - Setting next_dagrun for example_time_delta_sensor_async to None, run_after=None
[2023-06-29T23:49:39.297+0000] {processor.py:178} INFO - Processing /home/airflow/.local/lib/python3.7/site-packages/airflow/example_dags/example_time_delta_sensor_async.py took 0.102 seconds
[2023-06-29T23:50:09.818+0000] {processor.py:156} INFO - Started process (PID=402) to work on /home/airflow/.local/lib/python3.7/site-packages/airflow/example_dags/example_time_delta_sensor_async.py
[2023-06-29T23:50:09.819+0000] {processor.py:799} INFO - Processing file /home/airflow/.local/lib/python3.7/site-packages/airflow/example_dags/example_time_delta_sensor_async.py for tasks to queue
[2023-06-29T23:50:09.820+0000] {logging_mixin.py:149} INFO - [2023-06-29T23:50:09.820+0000] {dagbag.py:541} INFO - Filling up the DagBag from /home/airflow/.local/lib/python3.7/site-packages/airflow/example_dags/example_time_delta_sensor_async.py
[2023-06-29T23:50:09.828+0000] {processor.py:809} INFO - DAG(s) dict_keys(['example_time_delta_sensor_async']) retrieved from /home/airflow/.local/lib/python3.7/site-packages/airflow/example_dags/example_time_delta_sensor_async.py
[2023-06-29T23:50:09.860+0000] {logging_mixin.py:149} INFO - [2023-06-29T23:50:09.860+0000] {dag.py:2726} INFO - Sync 1 DAGs
[2023-06-29T23:50:09.895+0000] {logging_mixin.py:149} INFO - [2023-06-29T23:50:09.895+0000] {dag.py:3490} INFO - Setting next_dagrun for example_time_delta_sensor_async to None, run_after=None
[2023-06-29T23:50:09.918+0000] {processor.py:178} INFO - Processing /home/airflow/.local/lib/python3.7/site-packages/airflow/example_dags/example_time_delta_sensor_async.py took 0.104 seconds
[2023-06-29T23:50:40.517+0000] {processor.py:156} INFO - Started process (PID=459) to work on /home/airflow/.local/lib/python3.7/site-packages/airflow/example_dags/example_time_delta_sensor_async.py
[2023-06-29T23:50:40.518+0000] {processor.py:799} INFO - Processing file /home/airflow/.local/lib/python3.7/site-packages/airflow/example_dags/example_time_delta_sensor_async.py for tasks to queue
[2023-06-29T23:50:40.519+0000] {logging_mixin.py:149} INFO - [2023-06-29T23:50:40.519+0000] {dagbag.py:541} INFO - Filling up the DagBag from /home/airflow/.local/lib/python3.7/site-packages/airflow/example_dags/example_time_delta_sensor_async.py
[2023-06-29T23:50:40.524+0000] {processor.py:809} INFO - DAG(s) dict_keys(['example_time_delta_sensor_async']) retrieved from /home/airflow/.local/lib/python3.7/site-packages/airflow/example_dags/example_time_delta_sensor_async.py
[2023-06-29T23:50:40.598+0000] {logging_mixin.py:149} INFO - [2023-06-29T23:50:40.598+0000] {dag.py:2726} INFO - Sync 1 DAGs
[2023-06-29T23:50:40.632+0000] {logging_mixin.py:149} INFO - [2023-06-29T23:50:40.632+0000] {dag.py:3490} INFO - Setting next_dagrun for example_time_delta_sensor_async to None, run_after=None
[2023-06-29T23:50:40.671+0000] {processor.py:178} INFO - Processing /home/airflow/.local/lib/python3.7/site-packages/airflow/example_dags/example_time_delta_sensor_async.py took 0.159 seconds
[2023-06-29T23:51:11.197+0000] {processor.py:156} INFO - Started process (PID=516) to work on /home/airflow/.local/lib/python3.7/site-packages/airflow/example_dags/example_time_delta_sensor_async.py
[2023-06-29T23:51:11.198+0000] {processor.py:799} INFO - Processing file /home/airflow/.local/lib/python3.7/site-packages/airflow/example_dags/example_time_delta_sensor_async.py for tasks to queue
[2023-06-29T23:51:11.198+0000] {logging_mixin.py:149} INFO - [2023-06-29T23:51:11.198+0000] {dagbag.py:541} INFO - Filling up the DagBag from /home/airflow/.local/lib/python3.7/site-packages/airflow/example_dags/example_time_delta_sensor_async.py
[2023-06-29T23:51:11.204+0000] {processor.py:809} INFO - DAG(s) dict_keys(['example_time_delta_sensor_async']) retrieved from /home/airflow/.local/lib/python3.7/site-packages/airflow/example_dags/example_time_delta_sensor_async.py
[2023-06-29T23:51:11.238+0000] {logging_mixin.py:149} INFO - [2023-06-29T23:51:11.238+0000] {dag.py:2726} INFO - Sync 1 DAGs
[2023-06-29T23:51:11.275+0000] {logging_mixin.py:149} INFO - [2023-06-29T23:51:11.275+0000] {dag.py:3490} INFO - Setting next_dagrun for example_time_delta_sensor_async to None, run_after=None
[2023-06-29T23:51:11.299+0000] {processor.py:178} INFO - Processing /home/airflow/.local/lib/python3.7/site-packages/airflow/example_dags/example_time_delta_sensor_async.py took 0.106 seconds
[2023-06-29T23:51:42.596+0000] {processor.py:156} INFO - Started process (PID=573) to work on /home/airflow/.local/lib/python3.7/site-packages/airflow/example_dags/example_time_delta_sensor_async.py
[2023-06-29T23:51:42.597+0000] {processor.py:799} INFO - Processing file /home/airflow/.local/lib/python3.7/site-packages/airflow/example_dags/example_time_delta_sensor_async.py for tasks to queue
[2023-06-29T23:51:42.599+0000] {logging_mixin.py:149} INFO - [2023-06-29T23:51:42.598+0000] {dagbag.py:541} INFO - Filling up the DagBag from /home/airflow/.local/lib/python3.7/site-packages/airflow/example_dags/example_time_delta_sensor_async.py
[2023-06-29T23:51:42.604+0000] {processor.py:809} INFO - DAG(s) dict_keys(['example_time_delta_sensor_async']) retrieved from /home/airflow/.local/lib/python3.7/site-packages/airflow/example_dags/example_time_delta_sensor_async.py
[2023-06-29T23:51:42.636+0000] {logging_mixin.py:149} INFO - [2023-06-29T23:51:42.635+0000] {dag.py:2726} INFO - Sync 1 DAGs
[2023-06-29T23:51:42.668+0000] {logging_mixin.py:149} INFO - [2023-06-29T23:51:42.668+0000] {dag.py:3490} INFO - Setting next_dagrun for example_time_delta_sensor_async to None, run_after=None
[2023-06-29T23:51:42.691+0000] {processor.py:178} INFO - Processing /home/airflow/.local/lib/python3.7/site-packages/airflow/example_dags/example_time_delta_sensor_async.py took 0.100 seconds
[2023-06-29T23:52:14.917+0000] {processor.py:156} INFO - Started process (PID=630) to work on /home/airflow/.local/lib/python3.7/site-packages/airflow/example_dags/example_time_delta_sensor_async.py
[2023-06-29T23:52:14.919+0000] {processor.py:799} INFO - Processing file /home/airflow/.local/lib/python3.7/site-packages/airflow/example_dags/example_time_delta_sensor_async.py for tasks to queue
[2023-06-29T23:52:14.920+0000] {logging_mixin.py:149} INFO - [2023-06-29T23:52:14.920+0000] {dagbag.py:541} INFO - Filling up the DagBag from /home/airflow/.local/lib/python3.7/site-packages/airflow/example_dags/example_time_delta_sensor_async.py
[2023-06-29T23:52:14.933+0000] {processor.py:809} INFO - DAG(s) dict_keys(['example_time_delta_sensor_async']) retrieved from /home/airflow/.local/lib/python3.7/site-packages/airflow/example_dags/example_time_delta_sensor_async.py
[2023-06-29T23:52:15.083+0000] {logging_mixin.py:149} INFO - [2023-06-29T23:52:15.083+0000] {dag.py:2726} INFO - Sync 1 DAGs
[2023-06-29T23:52:15.267+0000] {logging_mixin.py:149} INFO - [2023-06-29T23:52:15.267+0000] {dag.py:3490} INFO - Setting next_dagrun for example_time_delta_sensor_async to None, run_after=None
[2023-06-29T23:52:15.397+0000] {processor.py:178} INFO - Processing /home/airflow/.local/lib/python3.7/site-packages/airflow/example_dags/example_time_delta_sensor_async.py took 0.492 seconds
[2023-06-29T23:52:45.642+0000] {processor.py:156} INFO - Started process (PID=687) to work on /home/airflow/.local/lib/python3.7/site-packages/airflow/example_dags/example_time_delta_sensor_async.py
[2023-06-29T23:52:45.647+0000] {processor.py:799} INFO - Processing file /home/airflow/.local/lib/python3.7/site-packages/airflow/example_dags/example_time_delta_sensor_async.py for tasks to queue
[2023-06-29T23:52:45.648+0000] {logging_mixin.py:149} INFO - [2023-06-29T23:52:45.648+0000] {dagbag.py:541} INFO - Filling up the DagBag from /home/airflow/.local/lib/python3.7/site-packages/airflow/example_dags/example_time_delta_sensor_async.py
[2023-06-29T23:52:45.676+0000] {processor.py:809} INFO - DAG(s) dict_keys(['example_time_delta_sensor_async']) retrieved from /home/airflow/.local/lib/python3.7/site-packages/airflow/example_dags/example_time_delta_sensor_async.py
[2023-06-29T23:52:45.760+0000] {logging_mixin.py:149} INFO - [2023-06-29T23:52:45.760+0000] {dag.py:2726} INFO - Sync 1 DAGs
[2023-06-29T23:52:45.841+0000] {logging_mixin.py:149} INFO - [2023-06-29T23:52:45.841+0000] {dag.py:3490} INFO - Setting next_dagrun for example_time_delta_sensor_async to None, run_after=None
[2023-06-29T23:52:45.889+0000] {processor.py:178} INFO - Processing /home/airflow/.local/lib/python3.7/site-packages/airflow/example_dags/example_time_delta_sensor_async.py took 0.256 seconds
[2023-06-29T23:53:16.760+0000] {processor.py:156} INFO - Started process (PID=751) to work on /home/airflow/.local/lib/python3.7/site-packages/airflow/example_dags/example_time_delta_sensor_async.py
[2023-06-29T23:53:16.760+0000] {processor.py:799} INFO - Processing file /home/airflow/.local/lib/python3.7/site-packages/airflow/example_dags/example_time_delta_sensor_async.py for tasks to queue
[2023-06-29T23:53:16.761+0000] {logging_mixin.py:149} INFO - [2023-06-29T23:53:16.761+0000] {dagbag.py:541} INFO - Filling up the DagBag from /home/airflow/.local/lib/python3.7/site-packages/airflow/example_dags/example_time_delta_sensor_async.py
[2023-06-29T23:53:16.766+0000] {processor.py:809} INFO - DAG(s) dict_keys(['example_time_delta_sensor_async']) retrieved from /home/airflow/.local/lib/python3.7/site-packages/airflow/example_dags/example_time_delta_sensor_async.py
[2023-06-29T23:53:16.803+0000] {logging_mixin.py:149} INFO - [2023-06-29T23:53:16.803+0000] {dag.py:2726} INFO - Sync 1 DAGs
[2023-06-29T23:53:16.837+0000] {logging_mixin.py:149} INFO - [2023-06-29T23:53:16.837+0000] {dag.py:3490} INFO - Setting next_dagrun for example_time_delta_sensor_async to None, run_after=None
[2023-06-29T23:53:16.861+0000] {processor.py:178} INFO - Processing /home/airflow/.local/lib/python3.7/site-packages/airflow/example_dags/example_time_delta_sensor_async.py took 0.105 seconds
[2023-06-29T23:53:47.572+0000] {processor.py:156} INFO - Started process (PID=809) to work on /home/airflow/.local/lib/python3.7/site-packages/airflow/example_dags/example_time_delta_sensor_async.py
[2023-06-29T23:53:47.574+0000] {processor.py:799} INFO - Processing file /home/airflow/.local/lib/python3.7/site-packages/airflow/example_dags/example_time_delta_sensor_async.py for tasks to queue
[2023-06-29T23:53:47.575+0000] {logging_mixin.py:149} INFO - [2023-06-29T23:53:47.574+0000] {dagbag.py:541} INFO - Filling up the DagBag from /home/airflow/.local/lib/python3.7/site-packages/airflow/example_dags/example_time_delta_sensor_async.py
[2023-06-29T23:53:47.580+0000] {processor.py:809} INFO - DAG(s) dict_keys(['example_time_delta_sensor_async']) retrieved from /home/airflow/.local/lib/python3.7/site-packages/airflow/example_dags/example_time_delta_sensor_async.py
[2023-06-29T23:53:47.614+0000] {logging_mixin.py:149} INFO - [2023-06-29T23:53:47.614+0000] {dag.py:2726} INFO - Sync 1 DAGs
[2023-06-29T23:53:47.648+0000] {logging_mixin.py:149} INFO - [2023-06-29T23:53:47.647+0000] {dag.py:3490} INFO - Setting next_dagrun for example_time_delta_sensor_async to None, run_after=None
[2023-06-29T23:53:47.679+0000] {processor.py:178} INFO - Processing /home/airflow/.local/lib/python3.7/site-packages/airflow/example_dags/example_time_delta_sensor_async.py took 0.111 seconds
[2023-06-29T23:54:17.989+0000] {processor.py:156} INFO - Started process (PID=866) to work on /home/airflow/.local/lib/python3.7/site-packages/airflow/example_dags/example_time_delta_sensor_async.py
[2023-06-29T23:54:17.990+0000] {processor.py:799} INFO - Processing file /home/airflow/.local/lib/python3.7/site-packages/airflow/example_dags/example_time_delta_sensor_async.py for tasks to queue
[2023-06-29T23:54:17.991+0000] {logging_mixin.py:149} INFO - [2023-06-29T23:54:17.991+0000] {dagbag.py:541} INFO - Filling up the DagBag from /home/airflow/.local/lib/python3.7/site-packages/airflow/example_dags/example_time_delta_sensor_async.py
[2023-06-29T23:54:17.996+0000] {processor.py:809} INFO - DAG(s) dict_keys(['example_time_delta_sensor_async']) retrieved from /home/airflow/.local/lib/python3.7/site-packages/airflow/example_dags/example_time_delta_sensor_async.py
[2023-06-29T23:54:18.032+0000] {logging_mixin.py:149} INFO - [2023-06-29T23:54:18.032+0000] {dag.py:2726} INFO - Sync 1 DAGs
[2023-06-29T23:54:18.066+0000] {logging_mixin.py:149} INFO - [2023-06-29T23:54:18.066+0000] {dag.py:3490} INFO - Setting next_dagrun for example_time_delta_sensor_async to None, run_after=None
[2023-06-29T23:54:18.089+0000] {processor.py:178} INFO - Processing /home/airflow/.local/lib/python3.7/site-packages/airflow/example_dags/example_time_delta_sensor_async.py took 0.104 seconds
[2023-06-29T23:54:48.470+0000] {processor.py:156} INFO - Started process (PID=922) to work on /home/airflow/.local/lib/python3.7/site-packages/airflow/example_dags/example_time_delta_sensor_async.py
[2023-06-29T23:54:48.472+0000] {processor.py:799} INFO - Processing file /home/airflow/.local/lib/python3.7/site-packages/airflow/example_dags/example_time_delta_sensor_async.py for tasks to queue
[2023-06-29T23:54:48.473+0000] {logging_mixin.py:149} INFO - [2023-06-29T23:54:48.473+0000] {dagbag.py:541} INFO - Filling up the DagBag from /home/airflow/.local/lib/python3.7/site-packages/airflow/example_dags/example_time_delta_sensor_async.py
[2023-06-29T23:54:48.479+0000] {processor.py:809} INFO - DAG(s) dict_keys(['example_time_delta_sensor_async']) retrieved from /home/airflow/.local/lib/python3.7/site-packages/airflow/example_dags/example_time_delta_sensor_async.py
[2023-06-29T23:54:48.515+0000] {logging_mixin.py:149} INFO - [2023-06-29T23:54:48.514+0000] {dag.py:2726} INFO - Sync 1 DAGs
[2023-06-29T23:54:48.551+0000] {logging_mixin.py:149} INFO - [2023-06-29T23:54:48.551+0000] {dag.py:3490} INFO - Setting next_dagrun for example_time_delta_sensor_async to None, run_after=None
[2023-06-29T23:54:48.576+0000] {processor.py:178} INFO - Processing /home/airflow/.local/lib/python3.7/site-packages/airflow/example_dags/example_time_delta_sensor_async.py took 0.110 seconds
[2023-06-29T23:55:19.269+0000] {processor.py:156} INFO - Started process (PID=978) to work on /home/airflow/.local/lib/python3.7/site-packages/airflow/example_dags/example_time_delta_sensor_async.py
[2023-06-29T23:55:19.271+0000] {processor.py:799} INFO - Processing file /home/airflow/.local/lib/python3.7/site-packages/airflow/example_dags/example_time_delta_sensor_async.py for tasks to queue
[2023-06-29T23:55:19.272+0000] {logging_mixin.py:149} INFO - [2023-06-29T23:55:19.272+0000] {dagbag.py:541} INFO - Filling up the DagBag from /home/airflow/.local/lib/python3.7/site-packages/airflow/example_dags/example_time_delta_sensor_async.py
[2023-06-29T23:55:19.294+0000] {processor.py:809} INFO - DAG(s) dict_keys(['example_time_delta_sensor_async']) retrieved from /home/airflow/.local/lib/python3.7/site-packages/airflow/example_dags/example_time_delta_sensor_async.py
[2023-06-29T23:55:19.343+0000] {logging_mixin.py:149} INFO - [2023-06-29T23:55:19.342+0000] {dag.py:2726} INFO - Sync 1 DAGs
[2023-06-29T23:55:19.379+0000] {logging_mixin.py:149} INFO - [2023-06-29T23:55:19.379+0000] {dag.py:3490} INFO - Setting next_dagrun for example_time_delta_sensor_async to None, run_after=None
[2023-06-29T23:55:19.419+0000] {processor.py:178} INFO - Processing /home/airflow/.local/lib/python3.7/site-packages/airflow/example_dags/example_time_delta_sensor_async.py took 0.161 seconds
[2023-06-29T23:55:50.113+0000] {processor.py:156} INFO - Started process (PID=1034) to work on /home/airflow/.local/lib/python3.7/site-packages/airflow/example_dags/example_time_delta_sensor_async.py
[2023-06-29T23:55:50.127+0000] {processor.py:799} INFO - Processing file /home/airflow/.local/lib/python3.7/site-packages/airflow/example_dags/example_time_delta_sensor_async.py for tasks to queue
[2023-06-29T23:55:50.129+0000] {logging_mixin.py:149} INFO - [2023-06-29T23:55:50.129+0000] {dagbag.py:541} INFO - Filling up the DagBag from /home/airflow/.local/lib/python3.7/site-packages/airflow/example_dags/example_time_delta_sensor_async.py
[2023-06-29T23:55:50.144+0000] {processor.py:809} INFO - DAG(s) dict_keys(['example_time_delta_sensor_async']) retrieved from /home/airflow/.local/lib/python3.7/site-packages/airflow/example_dags/example_time_delta_sensor_async.py
[2023-06-29T23:55:50.188+0000] {logging_mixin.py:149} INFO - [2023-06-29T23:55:50.188+0000] {dag.py:2726} INFO - Sync 1 DAGs
[2023-06-29T23:55:50.239+0000] {logging_mixin.py:149} INFO - [2023-06-29T23:55:50.239+0000] {dag.py:3490} INFO - Setting next_dagrun for example_time_delta_sensor_async to None, run_after=None
[2023-06-29T23:55:50.281+0000] {processor.py:178} INFO - Processing /home/airflow/.local/lib/python3.7/site-packages/airflow/example_dags/example_time_delta_sensor_async.py took 0.174 seconds
[2023-06-29T23:56:20.894+0000] {processor.py:156} INFO - Started process (PID=1091) to work on /home/airflow/.local/lib/python3.7/site-packages/airflow/example_dags/example_time_delta_sensor_async.py
[2023-06-29T23:56:20.907+0000] {processor.py:799} INFO - Processing file /home/airflow/.local/lib/python3.7/site-packages/airflow/example_dags/example_time_delta_sensor_async.py for tasks to queue
[2023-06-29T23:56:20.909+0000] {logging_mixin.py:149} INFO - [2023-06-29T23:56:20.908+0000] {dagbag.py:541} INFO - Filling up the DagBag from /home/airflow/.local/lib/python3.7/site-packages/airflow/example_dags/example_time_delta_sensor_async.py
[2023-06-29T23:56:20.914+0000] {processor.py:809} INFO - DAG(s) dict_keys(['example_time_delta_sensor_async']) retrieved from /home/airflow/.local/lib/python3.7/site-packages/airflow/example_dags/example_time_delta_sensor_async.py
[2023-06-29T23:56:20.951+0000] {logging_mixin.py:149} INFO - [2023-06-29T23:56:20.951+0000] {dag.py:2726} INFO - Sync 1 DAGs
[2023-06-29T23:56:20.990+0000] {logging_mixin.py:149} INFO - [2023-06-29T23:56:20.990+0000] {dag.py:3490} INFO - Setting next_dagrun for example_time_delta_sensor_async to None, run_after=None
[2023-06-29T23:56:21.051+0000] {processor.py:178} INFO - Processing /home/airflow/.local/lib/python3.7/site-packages/airflow/example_dags/example_time_delta_sensor_async.py took 0.161 seconds
[2023-06-29T23:56:51.228+0000] {processor.py:156} INFO - Started process (PID=1148) to work on /home/airflow/.local/lib/python3.7/site-packages/airflow/example_dags/example_time_delta_sensor_async.py
[2023-06-29T23:56:51.229+0000] {processor.py:799} INFO - Processing file /home/airflow/.local/lib/python3.7/site-packages/airflow/example_dags/example_time_delta_sensor_async.py for tasks to queue
[2023-06-29T23:56:51.230+0000] {logging_mixin.py:149} INFO - [2023-06-29T23:56:51.230+0000] {dagbag.py:541} INFO - Filling up the DagBag from /home/airflow/.local/lib/python3.7/site-packages/airflow/example_dags/example_time_delta_sensor_async.py
[2023-06-29T23:56:51.238+0000] {processor.py:809} INFO - DAG(s) dict_keys(['example_time_delta_sensor_async']) retrieved from /home/airflow/.local/lib/python3.7/site-packages/airflow/example_dags/example_time_delta_sensor_async.py
[2023-06-29T23:56:51.272+0000] {logging_mixin.py:149} INFO - [2023-06-29T23:56:51.272+0000] {dag.py:2726} INFO - Sync 1 DAGs
[2023-06-29T23:56:51.307+0000] {logging_mixin.py:149} INFO - [2023-06-29T23:56:51.307+0000] {dag.py:3490} INFO - Setting next_dagrun for example_time_delta_sensor_async to None, run_after=None
[2023-06-29T23:56:51.333+0000] {processor.py:178} INFO - Processing /home/airflow/.local/lib/python3.7/site-packages/airflow/example_dags/example_time_delta_sensor_async.py took 0.109 seconds
[2023-06-29T23:57:21.627+0000] {processor.py:156} INFO - Started process (PID=1205) to work on /home/airflow/.local/lib/python3.7/site-packages/airflow/example_dags/example_time_delta_sensor_async.py
[2023-06-29T23:57:21.628+0000] {processor.py:799} INFO - Processing file /home/airflow/.local/lib/python3.7/site-packages/airflow/example_dags/example_time_delta_sensor_async.py for tasks to queue
[2023-06-29T23:57:21.629+0000] {logging_mixin.py:149} INFO - [2023-06-29T23:57:21.629+0000] {dagbag.py:541} INFO - Filling up the DagBag from /home/airflow/.local/lib/python3.7/site-packages/airflow/example_dags/example_time_delta_sensor_async.py
[2023-06-29T23:57:21.637+0000] {processor.py:809} INFO - DAG(s) dict_keys(['example_time_delta_sensor_async']) retrieved from /home/airflow/.local/lib/python3.7/site-packages/airflow/example_dags/example_time_delta_sensor_async.py
[2023-06-29T23:57:21.672+0000] {logging_mixin.py:149} INFO - [2023-06-29T23:57:21.672+0000] {dag.py:2726} INFO - Sync 1 DAGs
[2023-06-29T23:57:21.709+0000] {logging_mixin.py:149} INFO - [2023-06-29T23:57:21.708+0000] {dag.py:3490} INFO - Setting next_dagrun for example_time_delta_sensor_async to None, run_after=None
[2023-06-29T23:57:21.735+0000] {processor.py:178} INFO - Processing /home/airflow/.local/lib/python3.7/site-packages/airflow/example_dags/example_time_delta_sensor_async.py took 0.112 seconds
[2023-06-29T23:57:52.164+0000] {processor.py:156} INFO - Started process (PID=1262) to work on /home/airflow/.local/lib/python3.7/site-packages/airflow/example_dags/example_time_delta_sensor_async.py
[2023-06-29T23:57:52.168+0000] {processor.py:799} INFO - Processing file /home/airflow/.local/lib/python3.7/site-packages/airflow/example_dags/example_time_delta_sensor_async.py for tasks to queue
[2023-06-29T23:57:52.173+0000] {logging_mixin.py:149} INFO - [2023-06-29T23:57:52.173+0000] {dagbag.py:541} INFO - Filling up the DagBag from /home/airflow/.local/lib/python3.7/site-packages/airflow/example_dags/example_time_delta_sensor_async.py
[2023-06-29T23:57:52.181+0000] {processor.py:809} INFO - DAG(s) dict_keys(['example_time_delta_sensor_async']) retrieved from /home/airflow/.local/lib/python3.7/site-packages/airflow/example_dags/example_time_delta_sensor_async.py
[2023-06-29T23:57:52.255+0000] {logging_mixin.py:149} INFO - [2023-06-29T23:57:52.254+0000] {dag.py:2726} INFO - Sync 1 DAGs
[2023-06-29T23:57:52.301+0000] {logging_mixin.py:149} INFO - [2023-06-29T23:57:52.301+0000] {dag.py:3490} INFO - Setting next_dagrun for example_time_delta_sensor_async to None, run_after=None
[2023-06-29T23:57:52.327+0000] {processor.py:178} INFO - Processing /home/airflow/.local/lib/python3.7/site-packages/airflow/example_dags/example_time_delta_sensor_async.py took 0.168 seconds
[2023-06-29T23:58:23.457+0000] {processor.py:156} INFO - Started process (PID=1319) to work on /home/airflow/.local/lib/python3.7/site-packages/airflow/example_dags/example_time_delta_sensor_async.py
[2023-06-29T23:58:23.461+0000] {processor.py:799} INFO - Processing file /home/airflow/.local/lib/python3.7/site-packages/airflow/example_dags/example_time_delta_sensor_async.py for tasks to queue
[2023-06-29T23:58:23.465+0000] {logging_mixin.py:149} INFO - [2023-06-29T23:58:23.465+0000] {dagbag.py:541} INFO - Filling up the DagBag from /home/airflow/.local/lib/python3.7/site-packages/airflow/example_dags/example_time_delta_sensor_async.py
[2023-06-29T23:58:23.470+0000] {processor.py:809} INFO - DAG(s) dict_keys(['example_time_delta_sensor_async']) retrieved from /home/airflow/.local/lib/python3.7/site-packages/airflow/example_dags/example_time_delta_sensor_async.py
[2023-06-29T23:58:23.542+0000] {logging_mixin.py:149} INFO - [2023-06-29T23:58:23.542+0000] {dag.py:2726} INFO - Sync 1 DAGs
[2023-06-29T23:58:23.594+0000] {logging_mixin.py:149} INFO - [2023-06-29T23:58:23.593+0000] {dag.py:3490} INFO - Setting next_dagrun for example_time_delta_sensor_async to None, run_after=None
[2023-06-29T23:58:23.653+0000] {processor.py:178} INFO - Processing /home/airflow/.local/lib/python3.7/site-packages/airflow/example_dags/example_time_delta_sensor_async.py took 0.207 seconds
[2023-06-29T23:58:54.308+0000] {processor.py:156} INFO - Started process (PID=1377) to work on /home/airflow/.local/lib/python3.7/site-packages/airflow/example_dags/example_time_delta_sensor_async.py
[2023-06-29T23:58:54.309+0000] {processor.py:799} INFO - Processing file /home/airflow/.local/lib/python3.7/site-packages/airflow/example_dags/example_time_delta_sensor_async.py for tasks to queue
[2023-06-29T23:58:54.310+0000] {logging_mixin.py:149} INFO - [2023-06-29T23:58:54.310+0000] {dagbag.py:541} INFO - Filling up the DagBag from /home/airflow/.local/lib/python3.7/site-packages/airflow/example_dags/example_time_delta_sensor_async.py
[2023-06-29T23:58:54.315+0000] {processor.py:809} INFO - DAG(s) dict_keys(['example_time_delta_sensor_async']) retrieved from /home/airflow/.local/lib/python3.7/site-packages/airflow/example_dags/example_time_delta_sensor_async.py
[2023-06-29T23:58:54.346+0000] {logging_mixin.py:149} INFO - [2023-06-29T23:58:54.346+0000] {dag.py:2726} INFO - Sync 1 DAGs
[2023-06-29T23:58:54.381+0000] {logging_mixin.py:149} INFO - [2023-06-29T23:58:54.380+0000] {dag.py:3490} INFO - Setting next_dagrun for example_time_delta_sensor_async to None, run_after=None
[2023-06-29T23:58:54.409+0000] {processor.py:178} INFO - Processing /home/airflow/.local/lib/python3.7/site-packages/airflow/example_dags/example_time_delta_sensor_async.py took 0.109 seconds
[2023-06-29T23:59:24.571+0000] {processor.py:156} INFO - Started process (PID=1435) to work on /home/airflow/.local/lib/python3.7/site-packages/airflow/example_dags/example_time_delta_sensor_async.py
[2023-06-29T23:59:24.572+0000] {processor.py:799} INFO - Processing file /home/airflow/.local/lib/python3.7/site-packages/airflow/example_dags/example_time_delta_sensor_async.py for tasks to queue
[2023-06-29T23:59:24.573+0000] {logging_mixin.py:149} INFO - [2023-06-29T23:59:24.573+0000] {dagbag.py:541} INFO - Filling up the DagBag from /home/airflow/.local/lib/python3.7/site-packages/airflow/example_dags/example_time_delta_sensor_async.py
[2023-06-29T23:59:24.578+0000] {processor.py:809} INFO - DAG(s) dict_keys(['example_time_delta_sensor_async']) retrieved from /home/airflow/.local/lib/python3.7/site-packages/airflow/example_dags/example_time_delta_sensor_async.py
[2023-06-29T23:59:24.608+0000] {logging_mixin.py:149} INFO - [2023-06-29T23:59:24.608+0000] {dag.py:2726} INFO - Sync 1 DAGs
[2023-06-29T23:59:24.643+0000] {logging_mixin.py:149} INFO - [2023-06-29T23:59:24.643+0000] {dag.py:3490} INFO - Setting next_dagrun for example_time_delta_sensor_async to None, run_after=None
[2023-06-29T23:59:24.666+0000] {processor.py:178} INFO - Processing /home/airflow/.local/lib/python3.7/site-packages/airflow/example_dags/example_time_delta_sensor_async.py took 0.099 seconds
[2023-06-29T23:59:55.002+0000] {processor.py:156} INFO - Started process (PID=1491) to work on /home/airflow/.local/lib/python3.7/site-packages/airflow/example_dags/example_time_delta_sensor_async.py
[2023-06-29T23:59:55.004+0000] {processor.py:799} INFO - Processing file /home/airflow/.local/lib/python3.7/site-packages/airflow/example_dags/example_time_delta_sensor_async.py for tasks to queue
[2023-06-29T23:59:55.004+0000] {logging_mixin.py:149} INFO - [2023-06-29T23:59:55.004+0000] {dagbag.py:541} INFO - Filling up the DagBag from /home/airflow/.local/lib/python3.7/site-packages/airflow/example_dags/example_time_delta_sensor_async.py
[2023-06-29T23:59:55.010+0000] {processor.py:809} INFO - DAG(s) dict_keys(['example_time_delta_sensor_async']) retrieved from /home/airflow/.local/lib/python3.7/site-packages/airflow/example_dags/example_time_delta_sensor_async.py
[2023-06-29T23:59:55.042+0000] {logging_mixin.py:149} INFO - [2023-06-29T23:59:55.042+0000] {dag.py:2726} INFO - Sync 1 DAGs
[2023-06-29T23:59:55.075+0000] {logging_mixin.py:149} INFO - [2023-06-29T23:59:55.074+0000] {dag.py:3490} INFO - Setting next_dagrun for example_time_delta_sensor_async to None, run_after=None
[2023-06-29T23:59:55.097+0000] {processor.py:178} INFO - Processing /home/airflow/.local/lib/python3.7/site-packages/airflow/example_dags/example_time_delta_sensor_async.py took 0.100 seconds
