[2023-06-29T23:47:02.065+0000] {processor.py:156} INFO - Started process (PID=36) to work on /home/airflow/.local/lib/python3.7/site-packages/airflow/example_dags/example_subdag_operator.py
[2023-06-29T23:47:02.070+0000] {processor.py:799} INFO - Processing file /home/airflow/.local/lib/python3.7/site-packages/airflow/example_dags/example_subdag_operator.py for tasks to queue
[2023-06-29T23:47:02.073+0000] {logging_mixin.py:149} INFO - [2023-06-29T23:47:02.073+0000] {dagbag.py:541} INFO - Filling up the DagBag from /home/airflow/.local/lib/python3.7/site-packages/airflow/example_dags/example_subdag_operator.py
[2023-06-29T23:47:02.181+0000] {processor.py:809} INFO - DAG(s) dict_keys(['example_subdag_operator.section-1', 'example_subdag_operator.section-2', 'example_subdag_operator']) retrieved from /home/airflow/.local/lib/python3.7/site-packages/airflow/example_dags/example_subdag_operator.py
[2023-06-29T23:47:02.298+0000] {logging_mixin.py:149} INFO - [2023-06-29T23:47:02.297+0000] {dag.py:2726} INFO - Sync 3 DAGs
[2023-06-29T23:47:02.424+0000] {logging_mixin.py:149} INFO - [2023-06-29T23:47:02.423+0000] {dag.py:3490} INFO - Setting next_dagrun for example_subdag_operator to 2022-01-01T00:00:00+00:00, run_after=2022-01-01T00:00:00+00:00
[2023-06-29T23:47:02.448+0000] {logging_mixin.py:149} INFO - [2023-06-29T23:47:02.447+0000] {dag.py:3490} INFO - Setting next_dagrun for example_subdag_operator.section-1 to None, run_after=None
[2023-06-29T23:47:02.455+0000] {logging_mixin.py:149} INFO - [2023-06-29T23:47:02.455+0000] {dag.py:3490} INFO - Setting next_dagrun for example_subdag_operator.section-2 to None, run_after=None
[2023-06-29T23:47:02.493+0000] {logging_mixin.py:149} INFO - [2023-06-29T23:47:02.493+0000] {dag.py:2726} INFO - Sync 2 DAGs
[2023-06-29T23:47:02.521+0000] {logging_mixin.py:149} INFO - [2023-06-29T23:47:02.520+0000] {dag.py:3490} INFO - Setting next_dagrun for example_subdag_operator.section-1 to None, run_after=None
[2023-06-29T23:47:02.521+0000] {logging_mixin.py:149} INFO - [2023-06-29T23:47:02.521+0000] {dag.py:3490} INFO - Setting next_dagrun for example_subdag_operator.section-2 to None, run_after=None
[2023-06-29T23:47:02.567+0000] {processor.py:178} INFO - Processing /home/airflow/.local/lib/python3.7/site-packages/airflow/example_dags/example_subdag_operator.py took 0.533 seconds
[2023-06-29T23:47:32.687+0000] {processor.py:156} INFO - Started process (PID=93) to work on /home/airflow/.local/lib/python3.7/site-packages/airflow/example_dags/example_subdag_operator.py
[2023-06-29T23:47:32.689+0000] {processor.py:799} INFO - Processing file /home/airflow/.local/lib/python3.7/site-packages/airflow/example_dags/example_subdag_operator.py for tasks to queue
[2023-06-29T23:47:32.690+0000] {logging_mixin.py:149} INFO - [2023-06-29T23:47:32.690+0000] {dagbag.py:541} INFO - Filling up the DagBag from /home/airflow/.local/lib/python3.7/site-packages/airflow/example_dags/example_subdag_operator.py
[2023-06-29T23:47:32.721+0000] {processor.py:809} INFO - DAG(s) dict_keys(['example_subdag_operator.section-1', 'example_subdag_operator.section-2', 'example_subdag_operator']) retrieved from /home/airflow/.local/lib/python3.7/site-packages/airflow/example_dags/example_subdag_operator.py
[2023-06-29T23:47:32.745+0000] {logging_mixin.py:149} INFO - [2023-06-29T23:47:32.745+0000] {dag.py:2726} INFO - Sync 3 DAGs
[2023-06-29T23:47:32.777+0000] {logging_mixin.py:149} INFO - [2023-06-29T23:47:32.777+0000] {dag.py:3490} INFO - Setting next_dagrun for example_subdag_operator to 2022-01-01T00:00:00+00:00, run_after=2022-01-01T00:00:00+00:00
[2023-06-29T23:47:32.781+0000] {logging_mixin.py:149} INFO - [2023-06-29T23:47:32.781+0000] {dag.py:3490} INFO - Setting next_dagrun for example_subdag_operator.section-1 to None, run_after=None
[2023-06-29T23:47:32.783+0000] {logging_mixin.py:149} INFO - [2023-06-29T23:47:32.782+0000] {dag.py:3490} INFO - Setting next_dagrun for example_subdag_operator.section-2 to None, run_after=None
[2023-06-29T23:47:32.794+0000] {logging_mixin.py:149} INFO - [2023-06-29T23:47:32.794+0000] {dag.py:2726} INFO - Sync 2 DAGs
[2023-06-29T23:47:32.801+0000] {logging_mixin.py:149} INFO - [2023-06-29T23:47:32.801+0000] {dag.py:3490} INFO - Setting next_dagrun for example_subdag_operator.section-1 to None, run_after=None
[2023-06-29T23:47:32.801+0000] {logging_mixin.py:149} INFO - [2023-06-29T23:47:32.801+0000] {dag.py:3490} INFO - Setting next_dagrun for example_subdag_operator.section-2 to None, run_after=None
[2023-06-29T23:47:32.814+0000] {processor.py:178} INFO - Processing /home/airflow/.local/lib/python3.7/site-packages/airflow/example_dags/example_subdag_operator.py took 0.131 seconds
[2023-06-29T23:48:03.054+0000] {processor.py:156} INFO - Started process (PID=150) to work on /home/airflow/.local/lib/python3.7/site-packages/airflow/example_dags/example_subdag_operator.py
[2023-06-29T23:48:03.062+0000] {processor.py:799} INFO - Processing file /home/airflow/.local/lib/python3.7/site-packages/airflow/example_dags/example_subdag_operator.py for tasks to queue
[2023-06-29T23:48:03.063+0000] {logging_mixin.py:149} INFO - [2023-06-29T23:48:03.062+0000] {dagbag.py:541} INFO - Filling up the DagBag from /home/airflow/.local/lib/python3.7/site-packages/airflow/example_dags/example_subdag_operator.py
[2023-06-29T23:48:03.102+0000] {processor.py:809} INFO - DAG(s) dict_keys(['example_subdag_operator.section-1', 'example_subdag_operator.section-2', 'example_subdag_operator']) retrieved from /home/airflow/.local/lib/python3.7/site-packages/airflow/example_dags/example_subdag_operator.py
[2023-06-29T23:48:03.128+0000] {logging_mixin.py:149} INFO - [2023-06-29T23:48:03.127+0000] {dag.py:2726} INFO - Sync 3 DAGs
[2023-06-29T23:48:03.163+0000] {logging_mixin.py:149} INFO - [2023-06-29T23:48:03.163+0000] {dag.py:3490} INFO - Setting next_dagrun for example_subdag_operator to 2022-01-01T00:00:00+00:00, run_after=2022-01-01T00:00:00+00:00
[2023-06-29T23:48:03.169+0000] {logging_mixin.py:149} INFO - [2023-06-29T23:48:03.169+0000] {dag.py:3490} INFO - Setting next_dagrun for example_subdag_operator.section-1 to None, run_after=None
[2023-06-29T23:48:03.171+0000] {logging_mixin.py:149} INFO - [2023-06-29T23:48:03.171+0000] {dag.py:3490} INFO - Setting next_dagrun for example_subdag_operator.section-2 to None, run_after=None
[2023-06-29T23:48:03.180+0000] {logging_mixin.py:149} INFO - [2023-06-29T23:48:03.180+0000] {dag.py:2726} INFO - Sync 2 DAGs
[2023-06-29T23:48:03.187+0000] {logging_mixin.py:149} INFO - [2023-06-29T23:48:03.187+0000] {dag.py:3490} INFO - Setting next_dagrun for example_subdag_operator.section-1 to None, run_after=None
[2023-06-29T23:48:03.188+0000] {logging_mixin.py:149} INFO - [2023-06-29T23:48:03.188+0000] {dag.py:3490} INFO - Setting next_dagrun for example_subdag_operator.section-2 to None, run_after=None
[2023-06-29T23:48:03.202+0000] {processor.py:178} INFO - Processing /home/airflow/.local/lib/python3.7/site-packages/airflow/example_dags/example_subdag_operator.py took 0.156 seconds
[2023-06-29T23:48:33.504+0000] {processor.py:156} INFO - Started process (PID=207) to work on /home/airflow/.local/lib/python3.7/site-packages/airflow/example_dags/example_subdag_operator.py
[2023-06-29T23:48:33.505+0000] {processor.py:799} INFO - Processing file /home/airflow/.local/lib/python3.7/site-packages/airflow/example_dags/example_subdag_operator.py for tasks to queue
[2023-06-29T23:48:33.506+0000] {logging_mixin.py:149} INFO - [2023-06-29T23:48:33.506+0000] {dagbag.py:541} INFO - Filling up the DagBag from /home/airflow/.local/lib/python3.7/site-packages/airflow/example_dags/example_subdag_operator.py
[2023-06-29T23:48:33.542+0000] {processor.py:809} INFO - DAG(s) dict_keys(['example_subdag_operator.section-1', 'example_subdag_operator.section-2', 'example_subdag_operator']) retrieved from /home/airflow/.local/lib/python3.7/site-packages/airflow/example_dags/example_subdag_operator.py
[2023-06-29T23:48:33.567+0000] {logging_mixin.py:149} INFO - [2023-06-29T23:48:33.567+0000] {dag.py:2726} INFO - Sync 3 DAGs
[2023-06-29T23:48:33.601+0000] {logging_mixin.py:149} INFO - [2023-06-29T23:48:33.600+0000] {dag.py:3490} INFO - Setting next_dagrun for example_subdag_operator to 2022-01-01T00:00:00+00:00, run_after=2022-01-01T00:00:00+00:00
[2023-06-29T23:48:33.605+0000] {logging_mixin.py:149} INFO - [2023-06-29T23:48:33.605+0000] {dag.py:3490} INFO - Setting next_dagrun for example_subdag_operator.section-1 to None, run_after=None
[2023-06-29T23:48:33.606+0000] {logging_mixin.py:149} INFO - [2023-06-29T23:48:33.606+0000] {dag.py:3490} INFO - Setting next_dagrun for example_subdag_operator.section-2 to None, run_after=None
[2023-06-29T23:48:33.615+0000] {logging_mixin.py:149} INFO - [2023-06-29T23:48:33.615+0000] {dag.py:2726} INFO - Sync 2 DAGs
[2023-06-29T23:48:33.622+0000] {logging_mixin.py:149} INFO - [2023-06-29T23:48:33.622+0000] {dag.py:3490} INFO - Setting next_dagrun for example_subdag_operator.section-1 to None, run_after=None
[2023-06-29T23:48:33.623+0000] {logging_mixin.py:149} INFO - [2023-06-29T23:48:33.622+0000] {dag.py:3490} INFO - Setting next_dagrun for example_subdag_operator.section-2 to None, run_after=None
[2023-06-29T23:48:33.636+0000] {processor.py:178} INFO - Processing /home/airflow/.local/lib/python3.7/site-packages/airflow/example_dags/example_subdag_operator.py took 0.136 seconds
[2023-06-29T23:49:03.700+0000] {processor.py:156} INFO - Started process (PID=264) to work on /home/airflow/.local/lib/python3.7/site-packages/airflow/example_dags/example_subdag_operator.py
[2023-06-29T23:49:03.701+0000] {processor.py:799} INFO - Processing file /home/airflow/.local/lib/python3.7/site-packages/airflow/example_dags/example_subdag_operator.py for tasks to queue
[2023-06-29T23:49:03.702+0000] {logging_mixin.py:149} INFO - [2023-06-29T23:49:03.702+0000] {dagbag.py:541} INFO - Filling up the DagBag from /home/airflow/.local/lib/python3.7/site-packages/airflow/example_dags/example_subdag_operator.py
[2023-06-29T23:49:03.732+0000] {processor.py:809} INFO - DAG(s) dict_keys(['example_subdag_operator.section-1', 'example_subdag_operator.section-2', 'example_subdag_operator']) retrieved from /home/airflow/.local/lib/python3.7/site-packages/airflow/example_dags/example_subdag_operator.py
[2023-06-29T23:49:03.757+0000] {logging_mixin.py:149} INFO - [2023-06-29T23:49:03.756+0000] {dag.py:2726} INFO - Sync 3 DAGs
[2023-06-29T23:49:03.788+0000] {logging_mixin.py:149} INFO - [2023-06-29T23:49:03.788+0000] {dag.py:3490} INFO - Setting next_dagrun for example_subdag_operator to 2022-01-01T00:00:00+00:00, run_after=2022-01-01T00:00:00+00:00
[2023-06-29T23:49:03.792+0000] {logging_mixin.py:149} INFO - [2023-06-29T23:49:03.792+0000] {dag.py:3490} INFO - Setting next_dagrun for example_subdag_operator.section-1 to None, run_after=None
[2023-06-29T23:49:03.794+0000] {logging_mixin.py:149} INFO - [2023-06-29T23:49:03.793+0000] {dag.py:3490} INFO - Setting next_dagrun for example_subdag_operator.section-2 to None, run_after=None
[2023-06-29T23:49:03.805+0000] {logging_mixin.py:149} INFO - [2023-06-29T23:49:03.804+0000] {dag.py:2726} INFO - Sync 2 DAGs
[2023-06-29T23:49:03.812+0000] {logging_mixin.py:149} INFO - [2023-06-29T23:49:03.812+0000] {dag.py:3490} INFO - Setting next_dagrun for example_subdag_operator.section-1 to None, run_after=None
[2023-06-29T23:49:03.812+0000] {logging_mixin.py:149} INFO - [2023-06-29T23:49:03.812+0000] {dag.py:3490} INFO - Setting next_dagrun for example_subdag_operator.section-2 to None, run_after=None
[2023-06-29T23:49:03.826+0000] {processor.py:178} INFO - Processing /home/airflow/.local/lib/python3.7/site-packages/airflow/example_dags/example_subdag_operator.py took 0.131 seconds
[2023-06-29T23:49:34.202+0000] {processor.py:156} INFO - Started process (PID=322) to work on /home/airflow/.local/lib/python3.7/site-packages/airflow/example_dags/example_subdag_operator.py
[2023-06-29T23:49:34.204+0000] {processor.py:799} INFO - Processing file /home/airflow/.local/lib/python3.7/site-packages/airflow/example_dags/example_subdag_operator.py for tasks to queue
[2023-06-29T23:49:34.205+0000] {logging_mixin.py:149} INFO - [2023-06-29T23:49:34.204+0000] {dagbag.py:541} INFO - Filling up the DagBag from /home/airflow/.local/lib/python3.7/site-packages/airflow/example_dags/example_subdag_operator.py
[2023-06-29T23:49:34.235+0000] {processor.py:809} INFO - DAG(s) dict_keys(['example_subdag_operator.section-1', 'example_subdag_operator.section-2', 'example_subdag_operator']) retrieved from /home/airflow/.local/lib/python3.7/site-packages/airflow/example_dags/example_subdag_operator.py
[2023-06-29T23:49:34.258+0000] {logging_mixin.py:149} INFO - [2023-06-29T23:49:34.258+0000] {dag.py:2726} INFO - Sync 3 DAGs
[2023-06-29T23:49:34.294+0000] {logging_mixin.py:149} INFO - [2023-06-29T23:49:34.294+0000] {dag.py:3490} INFO - Setting next_dagrun for example_subdag_operator to 2022-01-01T00:00:00+00:00, run_after=2022-01-01T00:00:00+00:00
[2023-06-29T23:49:34.299+0000] {logging_mixin.py:149} INFO - [2023-06-29T23:49:34.299+0000] {dag.py:3490} INFO - Setting next_dagrun for example_subdag_operator.section-1 to None, run_after=None
[2023-06-29T23:49:34.300+0000] {logging_mixin.py:149} INFO - [2023-06-29T23:49:34.300+0000] {dag.py:3490} INFO - Setting next_dagrun for example_subdag_operator.section-2 to None, run_after=None
[2023-06-29T23:49:34.309+0000] {logging_mixin.py:149} INFO - [2023-06-29T23:49:34.309+0000] {dag.py:2726} INFO - Sync 2 DAGs
[2023-06-29T23:49:34.316+0000] {logging_mixin.py:149} INFO - [2023-06-29T23:49:34.316+0000] {dag.py:3490} INFO - Setting next_dagrun for example_subdag_operator.section-1 to None, run_after=None
[2023-06-29T23:49:34.316+0000] {logging_mixin.py:149} INFO - [2023-06-29T23:49:34.316+0000] {dag.py:3490} INFO - Setting next_dagrun for example_subdag_operator.section-2 to None, run_after=None
[2023-06-29T23:49:34.331+0000] {processor.py:178} INFO - Processing /home/airflow/.local/lib/python3.7/site-packages/airflow/example_dags/example_subdag_operator.py took 0.132 seconds
[2023-06-29T23:50:04.909+0000] {processor.py:156} INFO - Started process (PID=378) to work on /home/airflow/.local/lib/python3.7/site-packages/airflow/example_dags/example_subdag_operator.py
[2023-06-29T23:50:04.911+0000] {processor.py:799} INFO - Processing file /home/airflow/.local/lib/python3.7/site-packages/airflow/example_dags/example_subdag_operator.py for tasks to queue
[2023-06-29T23:50:04.912+0000] {logging_mixin.py:149} INFO - [2023-06-29T23:50:04.911+0000] {dagbag.py:541} INFO - Filling up the DagBag from /home/airflow/.local/lib/python3.7/site-packages/airflow/example_dags/example_subdag_operator.py
[2023-06-29T23:50:04.945+0000] {processor.py:809} INFO - DAG(s) dict_keys(['example_subdag_operator.section-1', 'example_subdag_operator.section-2', 'example_subdag_operator']) retrieved from /home/airflow/.local/lib/python3.7/site-packages/airflow/example_dags/example_subdag_operator.py
[2023-06-29T23:50:04.970+0000] {logging_mixin.py:149} INFO - [2023-06-29T23:50:04.970+0000] {dag.py:2726} INFO - Sync 3 DAGs
[2023-06-29T23:50:05.006+0000] {logging_mixin.py:149} INFO - [2023-06-29T23:50:05.005+0000] {dag.py:3490} INFO - Setting next_dagrun for example_subdag_operator to 2022-01-01T00:00:00+00:00, run_after=2022-01-01T00:00:00+00:00
[2023-06-29T23:50:05.011+0000] {logging_mixin.py:149} INFO - [2023-06-29T23:50:05.011+0000] {dag.py:3490} INFO - Setting next_dagrun for example_subdag_operator.section-1 to None, run_after=None
[2023-06-29T23:50:05.013+0000] {logging_mixin.py:149} INFO - [2023-06-29T23:50:05.013+0000] {dag.py:3490} INFO - Setting next_dagrun for example_subdag_operator.section-2 to None, run_after=None
[2023-06-29T23:50:05.022+0000] {logging_mixin.py:149} INFO - [2023-06-29T23:50:05.022+0000] {dag.py:2726} INFO - Sync 2 DAGs
[2023-06-29T23:50:05.029+0000] {logging_mixin.py:149} INFO - [2023-06-29T23:50:05.029+0000] {dag.py:3490} INFO - Setting next_dagrun for example_subdag_operator.section-1 to None, run_after=None
[2023-06-29T23:50:05.030+0000] {logging_mixin.py:149} INFO - [2023-06-29T23:50:05.029+0000] {dag.py:3490} INFO - Setting next_dagrun for example_subdag_operator.section-2 to None, run_after=None
[2023-06-29T23:50:05.043+0000] {processor.py:178} INFO - Processing /home/airflow/.local/lib/python3.7/site-packages/airflow/example_dags/example_subdag_operator.py took 0.138 seconds
[2023-06-29T23:50:35.322+0000] {processor.py:156} INFO - Started process (PID=435) to work on /home/airflow/.local/lib/python3.7/site-packages/airflow/example_dags/example_subdag_operator.py
[2023-06-29T23:50:35.323+0000] {processor.py:799} INFO - Processing file /home/airflow/.local/lib/python3.7/site-packages/airflow/example_dags/example_subdag_operator.py for tasks to queue
[2023-06-29T23:50:35.324+0000] {logging_mixin.py:149} INFO - [2023-06-29T23:50:35.323+0000] {dagbag.py:541} INFO - Filling up the DagBag from /home/airflow/.local/lib/python3.7/site-packages/airflow/example_dags/example_subdag_operator.py
[2023-06-29T23:50:35.356+0000] {processor.py:809} INFO - DAG(s) dict_keys(['example_subdag_operator.section-1', 'example_subdag_operator.section-2', 'example_subdag_operator']) retrieved from /home/airflow/.local/lib/python3.7/site-packages/airflow/example_dags/example_subdag_operator.py
[2023-06-29T23:50:35.392+0000] {logging_mixin.py:149} INFO - [2023-06-29T23:50:35.392+0000] {dag.py:2726} INFO - Sync 3 DAGs
[2023-06-29T23:50:35.429+0000] {logging_mixin.py:149} INFO - [2023-06-29T23:50:35.428+0000] {dag.py:3490} INFO - Setting next_dagrun for example_subdag_operator to 2022-01-01T00:00:00+00:00, run_after=2022-01-01T00:00:00+00:00
[2023-06-29T23:50:35.433+0000] {logging_mixin.py:149} INFO - [2023-06-29T23:50:35.433+0000] {dag.py:3490} INFO - Setting next_dagrun for example_subdag_operator.section-1 to None, run_after=None
[2023-06-29T23:50:35.435+0000] {logging_mixin.py:149} INFO - [2023-06-29T23:50:35.435+0000] {dag.py:3490} INFO - Setting next_dagrun for example_subdag_operator.section-2 to None, run_after=None
[2023-06-29T23:50:35.444+0000] {logging_mixin.py:149} INFO - [2023-06-29T23:50:35.444+0000] {dag.py:2726} INFO - Sync 2 DAGs
[2023-06-29T23:50:35.454+0000] {logging_mixin.py:149} INFO - [2023-06-29T23:50:35.453+0000] {dag.py:3490} INFO - Setting next_dagrun for example_subdag_operator.section-1 to None, run_after=None
[2023-06-29T23:50:35.454+0000] {logging_mixin.py:149} INFO - [2023-06-29T23:50:35.454+0000] {dag.py:3490} INFO - Setting next_dagrun for example_subdag_operator.section-2 to None, run_after=None
[2023-06-29T23:50:35.479+0000] {processor.py:178} INFO - Processing /home/airflow/.local/lib/python3.7/site-packages/airflow/example_dags/example_subdag_operator.py took 0.162 seconds
[2023-06-29T23:51:05.951+0000] {processor.py:156} INFO - Started process (PID=492) to work on /home/airflow/.local/lib/python3.7/site-packages/airflow/example_dags/example_subdag_operator.py
[2023-06-29T23:51:05.952+0000] {processor.py:799} INFO - Processing file /home/airflow/.local/lib/python3.7/site-packages/airflow/example_dags/example_subdag_operator.py for tasks to queue
[2023-06-29T23:51:05.953+0000] {logging_mixin.py:149} INFO - [2023-06-29T23:51:05.953+0000] {dagbag.py:541} INFO - Filling up the DagBag from /home/airflow/.local/lib/python3.7/site-packages/airflow/example_dags/example_subdag_operator.py
[2023-06-29T23:51:05.985+0000] {processor.py:809} INFO - DAG(s) dict_keys(['example_subdag_operator.section-1', 'example_subdag_operator.section-2', 'example_subdag_operator']) retrieved from /home/airflow/.local/lib/python3.7/site-packages/airflow/example_dags/example_subdag_operator.py
[2023-06-29T23:51:06.012+0000] {logging_mixin.py:149} INFO - [2023-06-29T23:51:06.012+0000] {dag.py:2726} INFO - Sync 3 DAGs
[2023-06-29T23:51:06.046+0000] {logging_mixin.py:149} INFO - [2023-06-29T23:51:06.046+0000] {dag.py:3490} INFO - Setting next_dagrun for example_subdag_operator to 2022-01-01T00:00:00+00:00, run_after=2022-01-01T00:00:00+00:00
[2023-06-29T23:51:06.051+0000] {logging_mixin.py:149} INFO - [2023-06-29T23:51:06.050+0000] {dag.py:3490} INFO - Setting next_dagrun for example_subdag_operator.section-1 to None, run_after=None
[2023-06-29T23:51:06.052+0000] {logging_mixin.py:149} INFO - [2023-06-29T23:51:06.052+0000] {dag.py:3490} INFO - Setting next_dagrun for example_subdag_operator.section-2 to None, run_after=None
[2023-06-29T23:51:06.061+0000] {logging_mixin.py:149} INFO - [2023-06-29T23:51:06.061+0000] {dag.py:2726} INFO - Sync 2 DAGs
[2023-06-29T23:51:06.069+0000] {logging_mixin.py:149} INFO - [2023-06-29T23:51:06.068+0000] {dag.py:3490} INFO - Setting next_dagrun for example_subdag_operator.section-1 to None, run_after=None
[2023-06-29T23:51:06.069+0000] {logging_mixin.py:149} INFO - [2023-06-29T23:51:06.069+0000] {dag.py:3490} INFO - Setting next_dagrun for example_subdag_operator.section-2 to None, run_after=None
[2023-06-29T23:51:06.083+0000] {processor.py:178} INFO - Processing /home/airflow/.local/lib/python3.7/site-packages/airflow/example_dags/example_subdag_operator.py took 0.136 seconds
[2023-06-29T23:51:37.022+0000] {processor.py:156} INFO - Started process (PID=549) to work on /home/airflow/.local/lib/python3.7/site-packages/airflow/example_dags/example_subdag_operator.py
[2023-06-29T23:51:37.023+0000] {processor.py:799} INFO - Processing file /home/airflow/.local/lib/python3.7/site-packages/airflow/example_dags/example_subdag_operator.py for tasks to queue
[2023-06-29T23:51:37.024+0000] {logging_mixin.py:149} INFO - [2023-06-29T23:51:37.024+0000] {dagbag.py:541} INFO - Filling up the DagBag from /home/airflow/.local/lib/python3.7/site-packages/airflow/example_dags/example_subdag_operator.py
[2023-06-29T23:51:37.056+0000] {processor.py:809} INFO - DAG(s) dict_keys(['example_subdag_operator.section-1', 'example_subdag_operator.section-2', 'example_subdag_operator']) retrieved from /home/airflow/.local/lib/python3.7/site-packages/airflow/example_dags/example_subdag_operator.py
[2023-06-29T23:51:37.083+0000] {logging_mixin.py:149} INFO - [2023-06-29T23:51:37.082+0000] {dag.py:2726} INFO - Sync 3 DAGs
[2023-06-29T23:51:37.123+0000] {logging_mixin.py:149} INFO - [2023-06-29T23:51:37.123+0000] {dag.py:3490} INFO - Setting next_dagrun for example_subdag_operator to 2022-01-01T00:00:00+00:00, run_after=2022-01-01T00:00:00+00:00
[2023-06-29T23:51:37.127+0000] {logging_mixin.py:149} INFO - [2023-06-29T23:51:37.127+0000] {dag.py:3490} INFO - Setting next_dagrun for example_subdag_operator.section-1 to None, run_after=None
[2023-06-29T23:51:37.129+0000] {logging_mixin.py:149} INFO - [2023-06-29T23:51:37.129+0000] {dag.py:3490} INFO - Setting next_dagrun for example_subdag_operator.section-2 to None, run_after=None
[2023-06-29T23:51:37.139+0000] {logging_mixin.py:149} INFO - [2023-06-29T23:51:37.139+0000] {dag.py:2726} INFO - Sync 2 DAGs
[2023-06-29T23:51:37.146+0000] {logging_mixin.py:149} INFO - [2023-06-29T23:51:37.146+0000] {dag.py:3490} INFO - Setting next_dagrun for example_subdag_operator.section-1 to None, run_after=None
[2023-06-29T23:51:37.147+0000] {logging_mixin.py:149} INFO - [2023-06-29T23:51:37.147+0000] {dag.py:3490} INFO - Setting next_dagrun for example_subdag_operator.section-2 to None, run_after=None
[2023-06-29T23:51:37.165+0000] {processor.py:178} INFO - Processing /home/airflow/.local/lib/python3.7/site-packages/airflow/example_dags/example_subdag_operator.py took 0.147 seconds
[2023-06-29T23:52:08.038+0000] {processor.py:156} INFO - Started process (PID=606) to work on /home/airflow/.local/lib/python3.7/site-packages/airflow/example_dags/example_subdag_operator.py
[2023-06-29T23:52:08.040+0000] {processor.py:799} INFO - Processing file /home/airflow/.local/lib/python3.7/site-packages/airflow/example_dags/example_subdag_operator.py for tasks to queue
[2023-06-29T23:52:08.041+0000] {logging_mixin.py:149} INFO - [2023-06-29T23:52:08.041+0000] {dagbag.py:541} INFO - Filling up the DagBag from /home/airflow/.local/lib/python3.7/site-packages/airflow/example_dags/example_subdag_operator.py
[2023-06-29T23:52:08.074+0000] {processor.py:809} INFO - DAG(s) dict_keys(['example_subdag_operator.section-1', 'example_subdag_operator.section-2', 'example_subdag_operator']) retrieved from /home/airflow/.local/lib/python3.7/site-packages/airflow/example_dags/example_subdag_operator.py
[2023-06-29T23:52:08.100+0000] {logging_mixin.py:149} INFO - [2023-06-29T23:52:08.100+0000] {dag.py:2726} INFO - Sync 3 DAGs
[2023-06-29T23:52:08.141+0000] {logging_mixin.py:149} INFO - [2023-06-29T23:52:08.141+0000] {dag.py:3490} INFO - Setting next_dagrun for example_subdag_operator to 2022-01-01T00:00:00+00:00, run_after=2022-01-01T00:00:00+00:00
[2023-06-29T23:52:08.145+0000] {logging_mixin.py:149} INFO - [2023-06-29T23:52:08.145+0000] {dag.py:3490} INFO - Setting next_dagrun for example_subdag_operator.section-1 to None, run_after=None
[2023-06-29T23:52:08.147+0000] {logging_mixin.py:149} INFO - [2023-06-29T23:52:08.147+0000] {dag.py:3490} INFO - Setting next_dagrun for example_subdag_operator.section-2 to None, run_after=None
[2023-06-29T23:52:08.156+0000] {logging_mixin.py:149} INFO - [2023-06-29T23:52:08.156+0000] {dag.py:2726} INFO - Sync 2 DAGs
[2023-06-29T23:52:08.163+0000] {logging_mixin.py:149} INFO - [2023-06-29T23:52:08.163+0000] {dag.py:3490} INFO - Setting next_dagrun for example_subdag_operator.section-1 to None, run_after=None
[2023-06-29T23:52:08.163+0000] {logging_mixin.py:149} INFO - [2023-06-29T23:52:08.163+0000] {dag.py:3490} INFO - Setting next_dagrun for example_subdag_operator.section-2 to None, run_after=None
[2023-06-29T23:52:08.176+0000] {processor.py:178} INFO - Processing /home/airflow/.local/lib/python3.7/site-packages/airflow/example_dags/example_subdag_operator.py took 0.143 seconds
[2023-06-29T23:52:38.683+0000] {processor.py:156} INFO - Started process (PID=663) to work on /home/airflow/.local/lib/python3.7/site-packages/airflow/example_dags/example_subdag_operator.py
[2023-06-29T23:52:38.687+0000] {processor.py:799} INFO - Processing file /home/airflow/.local/lib/python3.7/site-packages/airflow/example_dags/example_subdag_operator.py for tasks to queue
[2023-06-29T23:52:38.695+0000] {logging_mixin.py:149} INFO - [2023-06-29T23:52:38.688+0000] {dagbag.py:541} INFO - Filling up the DagBag from /home/airflow/.local/lib/python3.7/site-packages/airflow/example_dags/example_subdag_operator.py
[2023-06-29T23:52:38.747+0000] {processor.py:809} INFO - DAG(s) dict_keys(['example_subdag_operator.section-1', 'example_subdag_operator.section-2', 'example_subdag_operator']) retrieved from /home/airflow/.local/lib/python3.7/site-packages/airflow/example_dags/example_subdag_operator.py
[2023-06-29T23:52:38.800+0000] {logging_mixin.py:149} INFO - [2023-06-29T23:52:38.800+0000] {dag.py:2726} INFO - Sync 3 DAGs
[2023-06-29T23:52:38.856+0000] {logging_mixin.py:149} INFO - [2023-06-29T23:52:38.856+0000] {dag.py:3490} INFO - Setting next_dagrun for example_subdag_operator to 2022-01-01T00:00:00+00:00, run_after=2022-01-01T00:00:00+00:00
[2023-06-29T23:52:38.861+0000] {logging_mixin.py:149} INFO - [2023-06-29T23:52:38.860+0000] {dag.py:3490} INFO - Setting next_dagrun for example_subdag_operator.section-1 to None, run_after=None
[2023-06-29T23:52:38.862+0000] {logging_mixin.py:149} INFO - [2023-06-29T23:52:38.862+0000] {dag.py:3490} INFO - Setting next_dagrun for example_subdag_operator.section-2 to None, run_after=None
[2023-06-29T23:52:38.871+0000] {logging_mixin.py:149} INFO - [2023-06-29T23:52:38.871+0000] {dag.py:2726} INFO - Sync 2 DAGs
[2023-06-29T23:52:38.878+0000] {logging_mixin.py:149} INFO - [2023-06-29T23:52:38.878+0000] {dag.py:3490} INFO - Setting next_dagrun for example_subdag_operator.section-1 to None, run_after=None
[2023-06-29T23:52:38.879+0000] {logging_mixin.py:149} INFO - [2023-06-29T23:52:38.878+0000] {dag.py:3490} INFO - Setting next_dagrun for example_subdag_operator.section-2 to None, run_after=None
[2023-06-29T23:52:38.909+0000] {processor.py:178} INFO - Processing /home/airflow/.local/lib/python3.7/site-packages/airflow/example_dags/example_subdag_operator.py took 0.230 seconds
[2023-06-29T23:53:09.649+0000] {processor.py:156} INFO - Started process (PID=720) to work on /home/airflow/.local/lib/python3.7/site-packages/airflow/example_dags/example_subdag_operator.py
[2023-06-29T23:53:09.651+0000] {processor.py:799} INFO - Processing file /home/airflow/.local/lib/python3.7/site-packages/airflow/example_dags/example_subdag_operator.py for tasks to queue
[2023-06-29T23:53:09.652+0000] {logging_mixin.py:149} INFO - [2023-06-29T23:53:09.652+0000] {dagbag.py:541} INFO - Filling up the DagBag from /home/airflow/.local/lib/python3.7/site-packages/airflow/example_dags/example_subdag_operator.py
[2023-06-29T23:53:09.684+0000] {processor.py:809} INFO - DAG(s) dict_keys(['example_subdag_operator.section-1', 'example_subdag_operator.section-2', 'example_subdag_operator']) retrieved from /home/airflow/.local/lib/python3.7/site-packages/airflow/example_dags/example_subdag_operator.py
[2023-06-29T23:53:09.710+0000] {logging_mixin.py:149} INFO - [2023-06-29T23:53:09.709+0000] {dag.py:2726} INFO - Sync 3 DAGs
[2023-06-29T23:53:09.744+0000] {logging_mixin.py:149} INFO - [2023-06-29T23:53:09.743+0000] {dag.py:3490} INFO - Setting next_dagrun for example_subdag_operator to 2022-01-01T00:00:00+00:00, run_after=2022-01-01T00:00:00+00:00
[2023-06-29T23:53:09.748+0000] {logging_mixin.py:149} INFO - [2023-06-29T23:53:09.748+0000] {dag.py:3490} INFO - Setting next_dagrun for example_subdag_operator.section-1 to None, run_after=None
[2023-06-29T23:53:09.750+0000] {logging_mixin.py:149} INFO - [2023-06-29T23:53:09.750+0000] {dag.py:3490} INFO - Setting next_dagrun for example_subdag_operator.section-2 to None, run_after=None
[2023-06-29T23:53:09.759+0000] {logging_mixin.py:149} INFO - [2023-06-29T23:53:09.759+0000] {dag.py:2726} INFO - Sync 2 DAGs
[2023-06-29T23:53:09.767+0000] {logging_mixin.py:149} INFO - [2023-06-29T23:53:09.767+0000] {dag.py:3490} INFO - Setting next_dagrun for example_subdag_operator.section-1 to None, run_after=None
[2023-06-29T23:53:09.768+0000] {logging_mixin.py:149} INFO - [2023-06-29T23:53:09.768+0000] {dag.py:3490} INFO - Setting next_dagrun for example_subdag_operator.section-2 to None, run_after=None
[2023-06-29T23:53:09.783+0000] {processor.py:178} INFO - Processing /home/airflow/.local/lib/python3.7/site-packages/airflow/example_dags/example_subdag_operator.py took 0.141 seconds
[2023-06-29T23:53:40.244+0000] {processor.py:156} INFO - Started process (PID=777) to work on /home/airflow/.local/lib/python3.7/site-packages/airflow/example_dags/example_subdag_operator.py
[2023-06-29T23:53:40.246+0000] {processor.py:799} INFO - Processing file /home/airflow/.local/lib/python3.7/site-packages/airflow/example_dags/example_subdag_operator.py for tasks to queue
[2023-06-29T23:53:40.247+0000] {logging_mixin.py:149} INFO - [2023-06-29T23:53:40.247+0000] {dagbag.py:541} INFO - Filling up the DagBag from /home/airflow/.local/lib/python3.7/site-packages/airflow/example_dags/example_subdag_operator.py
[2023-06-29T23:53:40.279+0000] {processor.py:809} INFO - DAG(s) dict_keys(['example_subdag_operator.section-1', 'example_subdag_operator.section-2', 'example_subdag_operator']) retrieved from /home/airflow/.local/lib/python3.7/site-packages/airflow/example_dags/example_subdag_operator.py
[2023-06-29T23:53:40.304+0000] {logging_mixin.py:149} INFO - [2023-06-29T23:53:40.304+0000] {dag.py:2726} INFO - Sync 3 DAGs
[2023-06-29T23:53:40.339+0000] {logging_mixin.py:149} INFO - [2023-06-29T23:53:40.338+0000] {dag.py:3490} INFO - Setting next_dagrun for example_subdag_operator to 2022-01-01T00:00:00+00:00, run_after=2022-01-01T00:00:00+00:00
[2023-06-29T23:53:40.343+0000] {logging_mixin.py:149} INFO - [2023-06-29T23:53:40.343+0000] {dag.py:3490} INFO - Setting next_dagrun for example_subdag_operator.section-1 to None, run_after=None
[2023-06-29T23:53:40.344+0000] {logging_mixin.py:149} INFO - [2023-06-29T23:53:40.344+0000] {dag.py:3490} INFO - Setting next_dagrun for example_subdag_operator.section-2 to None, run_after=None
[2023-06-29T23:53:40.353+0000] {logging_mixin.py:149} INFO - [2023-06-29T23:53:40.353+0000] {dag.py:2726} INFO - Sync 2 DAGs
[2023-06-29T23:53:40.360+0000] {logging_mixin.py:149} INFO - [2023-06-29T23:53:40.360+0000] {dag.py:3490} INFO - Setting next_dagrun for example_subdag_operator.section-1 to None, run_after=None
[2023-06-29T23:53:40.361+0000] {logging_mixin.py:149} INFO - [2023-06-29T23:53:40.360+0000] {dag.py:3490} INFO - Setting next_dagrun for example_subdag_operator.section-2 to None, run_after=None
[2023-06-29T23:53:40.374+0000] {processor.py:178} INFO - Processing /home/airflow/.local/lib/python3.7/site-packages/airflow/example_dags/example_subdag_operator.py took 0.133 seconds
[2023-06-29T23:54:10.590+0000] {processor.py:156} INFO - Started process (PID=835) to work on /home/airflow/.local/lib/python3.7/site-packages/airflow/example_dags/example_subdag_operator.py
[2023-06-29T23:54:10.591+0000] {processor.py:799} INFO - Processing file /home/airflow/.local/lib/python3.7/site-packages/airflow/example_dags/example_subdag_operator.py for tasks to queue
[2023-06-29T23:54:10.592+0000] {logging_mixin.py:149} INFO - [2023-06-29T23:54:10.592+0000] {dagbag.py:541} INFO - Filling up the DagBag from /home/airflow/.local/lib/python3.7/site-packages/airflow/example_dags/example_subdag_operator.py
[2023-06-29T23:54:10.628+0000] {processor.py:809} INFO - DAG(s) dict_keys(['example_subdag_operator.section-1', 'example_subdag_operator.section-2', 'example_subdag_operator']) retrieved from /home/airflow/.local/lib/python3.7/site-packages/airflow/example_dags/example_subdag_operator.py
[2023-06-29T23:54:10.655+0000] {logging_mixin.py:149} INFO - [2023-06-29T23:54:10.654+0000] {dag.py:2726} INFO - Sync 3 DAGs
[2023-06-29T23:54:10.693+0000] {logging_mixin.py:149} INFO - [2023-06-29T23:54:10.692+0000] {dag.py:3490} INFO - Setting next_dagrun for example_subdag_operator to 2022-01-01T00:00:00+00:00, run_after=2022-01-01T00:00:00+00:00
[2023-06-29T23:54:10.697+0000] {logging_mixin.py:149} INFO - [2023-06-29T23:54:10.697+0000] {dag.py:3490} INFO - Setting next_dagrun for example_subdag_operator.section-1 to None, run_after=None
[2023-06-29T23:54:10.699+0000] {logging_mixin.py:149} INFO - [2023-06-29T23:54:10.698+0000] {dag.py:3490} INFO - Setting next_dagrun for example_subdag_operator.section-2 to None, run_after=None
[2023-06-29T23:54:10.708+0000] {logging_mixin.py:149} INFO - [2023-06-29T23:54:10.707+0000] {dag.py:2726} INFO - Sync 2 DAGs
[2023-06-29T23:54:10.715+0000] {logging_mixin.py:149} INFO - [2023-06-29T23:54:10.715+0000] {dag.py:3490} INFO - Setting next_dagrun for example_subdag_operator.section-1 to None, run_after=None
[2023-06-29T23:54:10.715+0000] {logging_mixin.py:149} INFO - [2023-06-29T23:54:10.715+0000] {dag.py:3490} INFO - Setting next_dagrun for example_subdag_operator.section-2 to None, run_after=None
[2023-06-29T23:54:10.728+0000] {processor.py:178} INFO - Processing /home/airflow/.local/lib/python3.7/site-packages/airflow/example_dags/example_subdag_operator.py took 0.143 seconds
[2023-06-29T23:54:40.894+0000] {processor.py:156} INFO - Started process (PID=892) to work on /home/airflow/.local/lib/python3.7/site-packages/airflow/example_dags/example_subdag_operator.py
[2023-06-29T23:54:40.896+0000] {processor.py:799} INFO - Processing file /home/airflow/.local/lib/python3.7/site-packages/airflow/example_dags/example_subdag_operator.py for tasks to queue
[2023-06-29T23:54:40.897+0000] {logging_mixin.py:149} INFO - [2023-06-29T23:54:40.897+0000] {dagbag.py:541} INFO - Filling up the DagBag from /home/airflow/.local/lib/python3.7/site-packages/airflow/example_dags/example_subdag_operator.py
[2023-06-29T23:54:40.930+0000] {processor.py:809} INFO - DAG(s) dict_keys(['example_subdag_operator.section-1', 'example_subdag_operator.section-2', 'example_subdag_operator']) retrieved from /home/airflow/.local/lib/python3.7/site-packages/airflow/example_dags/example_subdag_operator.py
[2023-06-29T23:54:40.961+0000] {logging_mixin.py:149} INFO - [2023-06-29T23:54:40.961+0000] {dag.py:2726} INFO - Sync 3 DAGs
[2023-06-29T23:54:40.999+0000] {logging_mixin.py:149} INFO - [2023-06-29T23:54:40.998+0000] {dag.py:3490} INFO - Setting next_dagrun for example_subdag_operator to 2022-01-01T00:00:00+00:00, run_after=2022-01-01T00:00:00+00:00
[2023-06-29T23:54:41.003+0000] {logging_mixin.py:149} INFO - [2023-06-29T23:54:41.002+0000] {dag.py:3490} INFO - Setting next_dagrun for example_subdag_operator.section-1 to None, run_after=None
[2023-06-29T23:54:41.005+0000] {logging_mixin.py:149} INFO - [2023-06-29T23:54:41.005+0000] {dag.py:3490} INFO - Setting next_dagrun for example_subdag_operator.section-2 to None, run_after=None
[2023-06-29T23:54:41.014+0000] {logging_mixin.py:149} INFO - [2023-06-29T23:54:41.014+0000] {dag.py:2726} INFO - Sync 2 DAGs
[2023-06-29T23:54:41.021+0000] {logging_mixin.py:149} INFO - [2023-06-29T23:54:41.021+0000] {dag.py:3490} INFO - Setting next_dagrun for example_subdag_operator.section-1 to None, run_after=None
[2023-06-29T23:54:41.021+0000] {logging_mixin.py:149} INFO - [2023-06-29T23:54:41.021+0000] {dag.py:3490} INFO - Setting next_dagrun for example_subdag_operator.section-2 to None, run_after=None
[2023-06-29T23:54:41.035+0000] {processor.py:178} INFO - Processing /home/airflow/.local/lib/python3.7/site-packages/airflow/example_dags/example_subdag_operator.py took 0.154 seconds
[2023-06-29T23:55:11.138+0000] {processor.py:156} INFO - Started process (PID=948) to work on /home/airflow/.local/lib/python3.7/site-packages/airflow/example_dags/example_subdag_operator.py
[2023-06-29T23:55:11.139+0000] {processor.py:799} INFO - Processing file /home/airflow/.local/lib/python3.7/site-packages/airflow/example_dags/example_subdag_operator.py for tasks to queue
[2023-06-29T23:55:11.140+0000] {logging_mixin.py:149} INFO - [2023-06-29T23:55:11.140+0000] {dagbag.py:541} INFO - Filling up the DagBag from /home/airflow/.local/lib/python3.7/site-packages/airflow/example_dags/example_subdag_operator.py
[2023-06-29T23:55:11.171+0000] {processor.py:809} INFO - DAG(s) dict_keys(['example_subdag_operator.section-1', 'example_subdag_operator.section-2', 'example_subdag_operator']) retrieved from /home/airflow/.local/lib/python3.7/site-packages/airflow/example_dags/example_subdag_operator.py
[2023-06-29T23:55:11.199+0000] {logging_mixin.py:149} INFO - [2023-06-29T23:55:11.199+0000] {dag.py:2726} INFO - Sync 3 DAGs
[2023-06-29T23:55:11.244+0000] {logging_mixin.py:149} INFO - [2023-06-29T23:55:11.244+0000] {dag.py:3490} INFO - Setting next_dagrun for example_subdag_operator to 2022-01-01T00:00:00+00:00, run_after=2022-01-01T00:00:00+00:00
[2023-06-29T23:55:11.249+0000] {logging_mixin.py:149} INFO - [2023-06-29T23:55:11.249+0000] {dag.py:3490} INFO - Setting next_dagrun for example_subdag_operator.section-1 to None, run_after=None
[2023-06-29T23:55:11.251+0000] {logging_mixin.py:149} INFO - [2023-06-29T23:55:11.251+0000] {dag.py:3490} INFO - Setting next_dagrun for example_subdag_operator.section-2 to None, run_after=None
[2023-06-29T23:55:11.262+0000] {logging_mixin.py:149} INFO - [2023-06-29T23:55:11.262+0000] {dag.py:2726} INFO - Sync 2 DAGs
[2023-06-29T23:55:11.271+0000] {logging_mixin.py:149} INFO - [2023-06-29T23:55:11.270+0000] {dag.py:3490} INFO - Setting next_dagrun for example_subdag_operator.section-1 to None, run_after=None
[2023-06-29T23:55:11.271+0000] {logging_mixin.py:149} INFO - [2023-06-29T23:55:11.271+0000] {dag.py:3490} INFO - Setting next_dagrun for example_subdag_operator.section-2 to None, run_after=None
[2023-06-29T23:55:11.286+0000] {processor.py:178} INFO - Processing /home/airflow/.local/lib/python3.7/site-packages/airflow/example_dags/example_subdag_operator.py took 0.152 seconds
[2023-06-29T23:55:41.707+0000] {processor.py:156} INFO - Started process (PID=1004) to work on /home/airflow/.local/lib/python3.7/site-packages/airflow/example_dags/example_subdag_operator.py
[2023-06-29T23:55:41.722+0000] {processor.py:799} INFO - Processing file /home/airflow/.local/lib/python3.7/site-packages/airflow/example_dags/example_subdag_operator.py for tasks to queue
[2023-06-29T23:55:41.723+0000] {logging_mixin.py:149} INFO - [2023-06-29T23:55:41.723+0000] {dagbag.py:541} INFO - Filling up the DagBag from /home/airflow/.local/lib/python3.7/site-packages/airflow/example_dags/example_subdag_operator.py
[2023-06-29T23:55:41.773+0000] {processor.py:809} INFO - DAG(s) dict_keys(['example_subdag_operator.section-1', 'example_subdag_operator.section-2', 'example_subdag_operator']) retrieved from /home/airflow/.local/lib/python3.7/site-packages/airflow/example_dags/example_subdag_operator.py
[2023-06-29T23:55:41.830+0000] {logging_mixin.py:149} INFO - [2023-06-29T23:55:41.830+0000] {dag.py:2726} INFO - Sync 3 DAGs
[2023-06-29T23:55:41.877+0000] {logging_mixin.py:149} INFO - [2023-06-29T23:55:41.876+0000] {dag.py:3490} INFO - Setting next_dagrun for example_subdag_operator to 2022-01-01T00:00:00+00:00, run_after=2022-01-01T00:00:00+00:00
[2023-06-29T23:55:41.885+0000] {logging_mixin.py:149} INFO - [2023-06-29T23:55:41.885+0000] {dag.py:3490} INFO - Setting next_dagrun for example_subdag_operator.section-1 to None, run_after=None
[2023-06-29T23:55:41.887+0000] {logging_mixin.py:149} INFO - [2023-06-29T23:55:41.887+0000] {dag.py:3490} INFO - Setting next_dagrun for example_subdag_operator.section-2 to None, run_after=None
[2023-06-29T23:55:41.897+0000] {logging_mixin.py:149} INFO - [2023-06-29T23:55:41.897+0000] {dag.py:2726} INFO - Sync 2 DAGs
[2023-06-29T23:55:41.905+0000] {logging_mixin.py:149} INFO - [2023-06-29T23:55:41.905+0000] {dag.py:3490} INFO - Setting next_dagrun for example_subdag_operator.section-1 to None, run_after=None
[2023-06-29T23:55:41.906+0000] {logging_mixin.py:149} INFO - [2023-06-29T23:55:41.906+0000] {dag.py:3490} INFO - Setting next_dagrun for example_subdag_operator.section-2 to None, run_after=None
[2023-06-29T23:55:41.933+0000] {processor.py:178} INFO - Processing /home/airflow/.local/lib/python3.7/site-packages/airflow/example_dags/example_subdag_operator.py took 0.230 seconds
[2023-06-29T23:56:12.454+0000] {processor.py:156} INFO - Started process (PID=1060) to work on /home/airflow/.local/lib/python3.7/site-packages/airflow/example_dags/example_subdag_operator.py
[2023-06-29T23:56:12.456+0000] {processor.py:799} INFO - Processing file /home/airflow/.local/lib/python3.7/site-packages/airflow/example_dags/example_subdag_operator.py for tasks to queue
[2023-06-29T23:56:12.456+0000] {logging_mixin.py:149} INFO - [2023-06-29T23:56:12.456+0000] {dagbag.py:541} INFO - Filling up the DagBag from /home/airflow/.local/lib/python3.7/site-packages/airflow/example_dags/example_subdag_operator.py
[2023-06-29T23:56:12.494+0000] {processor.py:809} INFO - DAG(s) dict_keys(['example_subdag_operator.section-1', 'example_subdag_operator.section-2', 'example_subdag_operator']) retrieved from /home/airflow/.local/lib/python3.7/site-packages/airflow/example_dags/example_subdag_operator.py
[2023-06-29T23:56:12.527+0000] {logging_mixin.py:149} INFO - [2023-06-29T23:56:12.526+0000] {dag.py:2726} INFO - Sync 3 DAGs
[2023-06-29T23:56:12.597+0000] {logging_mixin.py:149} INFO - [2023-06-29T23:56:12.597+0000] {dag.py:3490} INFO - Setting next_dagrun for example_subdag_operator to 2022-01-01T00:00:00+00:00, run_after=2022-01-01T00:00:00+00:00
[2023-06-29T23:56:12.603+0000] {logging_mixin.py:149} INFO - [2023-06-29T23:56:12.603+0000] {dag.py:3490} INFO - Setting next_dagrun for example_subdag_operator.section-1 to None, run_after=None
[2023-06-29T23:56:12.606+0000] {logging_mixin.py:149} INFO - [2023-06-29T23:56:12.606+0000] {dag.py:3490} INFO - Setting next_dagrun for example_subdag_operator.section-2 to None, run_after=None
[2023-06-29T23:56:12.618+0000] {logging_mixin.py:149} INFO - [2023-06-29T23:56:12.617+0000] {dag.py:2726} INFO - Sync 2 DAGs
[2023-06-29T23:56:12.638+0000] {logging_mixin.py:149} INFO - [2023-06-29T23:56:12.638+0000] {dag.py:3490} INFO - Setting next_dagrun for example_subdag_operator.section-1 to None, run_after=None
[2023-06-29T23:56:12.640+0000] {logging_mixin.py:149} INFO - [2023-06-29T23:56:12.640+0000] {dag.py:3490} INFO - Setting next_dagrun for example_subdag_operator.section-2 to None, run_after=None
[2023-06-29T23:56:12.664+0000] {processor.py:178} INFO - Processing /home/airflow/.local/lib/python3.7/site-packages/airflow/example_dags/example_subdag_operator.py took 0.214 seconds
[2023-06-29T23:56:42.736+0000] {processor.py:156} INFO - Started process (PID=1117) to work on /home/airflow/.local/lib/python3.7/site-packages/airflow/example_dags/example_subdag_operator.py
[2023-06-29T23:56:42.739+0000] {processor.py:799} INFO - Processing file /home/airflow/.local/lib/python3.7/site-packages/airflow/example_dags/example_subdag_operator.py for tasks to queue
[2023-06-29T23:56:42.741+0000] {logging_mixin.py:149} INFO - [2023-06-29T23:56:42.741+0000] {dagbag.py:541} INFO - Filling up the DagBag from /home/airflow/.local/lib/python3.7/site-packages/airflow/example_dags/example_subdag_operator.py
[2023-06-29T23:56:42.809+0000] {processor.py:809} INFO - DAG(s) dict_keys(['example_subdag_operator.section-1', 'example_subdag_operator.section-2', 'example_subdag_operator']) retrieved from /home/airflow/.local/lib/python3.7/site-packages/airflow/example_dags/example_subdag_operator.py
[2023-06-29T23:56:42.863+0000] {logging_mixin.py:149} INFO - [2023-06-29T23:56:42.863+0000] {dag.py:2726} INFO - Sync 3 DAGs
[2023-06-29T23:56:42.911+0000] {logging_mixin.py:149} INFO - [2023-06-29T23:56:42.910+0000] {dag.py:3490} INFO - Setting next_dagrun for example_subdag_operator to 2022-01-01T00:00:00+00:00, run_after=2022-01-01T00:00:00+00:00
[2023-06-29T23:56:42.915+0000] {logging_mixin.py:149} INFO - [2023-06-29T23:56:42.915+0000] {dag.py:3490} INFO - Setting next_dagrun for example_subdag_operator.section-1 to None, run_after=None
[2023-06-29T23:56:42.918+0000] {logging_mixin.py:149} INFO - [2023-06-29T23:56:42.917+0000] {dag.py:3490} INFO - Setting next_dagrun for example_subdag_operator.section-2 to None, run_after=None
[2023-06-29T23:56:42.940+0000] {logging_mixin.py:149} INFO - [2023-06-29T23:56:42.940+0000] {dag.py:2726} INFO - Sync 2 DAGs
[2023-06-29T23:56:42.949+0000] {logging_mixin.py:149} INFO - [2023-06-29T23:56:42.949+0000] {dag.py:3490} INFO - Setting next_dagrun for example_subdag_operator.section-1 to None, run_after=None
[2023-06-29T23:56:42.950+0000] {logging_mixin.py:149} INFO - [2023-06-29T23:56:42.950+0000] {dag.py:3490} INFO - Setting next_dagrun for example_subdag_operator.section-2 to None, run_after=None
[2023-06-29T23:56:42.983+0000] {processor.py:178} INFO - Processing /home/airflow/.local/lib/python3.7/site-packages/airflow/example_dags/example_subdag_operator.py took 0.259 seconds
[2023-06-29T23:57:13.198+0000] {processor.py:156} INFO - Started process (PID=1174) to work on /home/airflow/.local/lib/python3.7/site-packages/airflow/example_dags/example_subdag_operator.py
[2023-06-29T23:57:13.200+0000] {processor.py:799} INFO - Processing file /home/airflow/.local/lib/python3.7/site-packages/airflow/example_dags/example_subdag_operator.py for tasks to queue
[2023-06-29T23:57:13.200+0000] {logging_mixin.py:149} INFO - [2023-06-29T23:57:13.200+0000] {dagbag.py:541} INFO - Filling up the DagBag from /home/airflow/.local/lib/python3.7/site-packages/airflow/example_dags/example_subdag_operator.py
[2023-06-29T23:57:13.235+0000] {processor.py:809} INFO - DAG(s) dict_keys(['example_subdag_operator.section-1', 'example_subdag_operator.section-2', 'example_subdag_operator']) retrieved from /home/airflow/.local/lib/python3.7/site-packages/airflow/example_dags/example_subdag_operator.py
[2023-06-29T23:57:13.262+0000] {logging_mixin.py:149} INFO - [2023-06-29T23:57:13.262+0000] {dag.py:2726} INFO - Sync 3 DAGs
[2023-06-29T23:57:13.301+0000] {logging_mixin.py:149} INFO - [2023-06-29T23:57:13.301+0000] {dag.py:3490} INFO - Setting next_dagrun for example_subdag_operator to 2022-01-01T00:00:00+00:00, run_after=2022-01-01T00:00:00+00:00
[2023-06-29T23:57:13.305+0000] {logging_mixin.py:149} INFO - [2023-06-29T23:57:13.305+0000] {dag.py:3490} INFO - Setting next_dagrun for example_subdag_operator.section-1 to None, run_after=None
[2023-06-29T23:57:13.307+0000] {logging_mixin.py:149} INFO - [2023-06-29T23:57:13.306+0000] {dag.py:3490} INFO - Setting next_dagrun for example_subdag_operator.section-2 to None, run_after=None
[2023-06-29T23:57:13.316+0000] {logging_mixin.py:149} INFO - [2023-06-29T23:57:13.316+0000] {dag.py:2726} INFO - Sync 2 DAGs
[2023-06-29T23:57:13.324+0000] {logging_mixin.py:149} INFO - [2023-06-29T23:57:13.323+0000] {dag.py:3490} INFO - Setting next_dagrun for example_subdag_operator.section-1 to None, run_after=None
[2023-06-29T23:57:13.324+0000] {logging_mixin.py:149} INFO - [2023-06-29T23:57:13.324+0000] {dag.py:3490} INFO - Setting next_dagrun for example_subdag_operator.section-2 to None, run_after=None
[2023-06-29T23:57:13.339+0000] {processor.py:178} INFO - Processing /home/airflow/.local/lib/python3.7/site-packages/airflow/example_dags/example_subdag_operator.py took 0.145 seconds
[2023-06-29T23:57:43.534+0000] {processor.py:156} INFO - Started process (PID=1231) to work on /home/airflow/.local/lib/python3.7/site-packages/airflow/example_dags/example_subdag_operator.py
[2023-06-29T23:57:43.535+0000] {processor.py:799} INFO - Processing file /home/airflow/.local/lib/python3.7/site-packages/airflow/example_dags/example_subdag_operator.py for tasks to queue
[2023-06-29T23:57:43.536+0000] {logging_mixin.py:149} INFO - [2023-06-29T23:57:43.536+0000] {dagbag.py:541} INFO - Filling up the DagBag from /home/airflow/.local/lib/python3.7/site-packages/airflow/example_dags/example_subdag_operator.py
[2023-06-29T23:57:43.572+0000] {processor.py:809} INFO - DAG(s) dict_keys(['example_subdag_operator.section-1', 'example_subdag_operator.section-2', 'example_subdag_operator']) retrieved from /home/airflow/.local/lib/python3.7/site-packages/airflow/example_dags/example_subdag_operator.py
[2023-06-29T23:57:43.598+0000] {logging_mixin.py:149} INFO - [2023-06-29T23:57:43.598+0000] {dag.py:2726} INFO - Sync 3 DAGs
[2023-06-29T23:57:43.635+0000] {logging_mixin.py:149} INFO - [2023-06-29T23:57:43.634+0000] {dag.py:3490} INFO - Setting next_dagrun for example_subdag_operator to 2022-01-01T00:00:00+00:00, run_after=2022-01-01T00:00:00+00:00
[2023-06-29T23:57:43.639+0000] {logging_mixin.py:149} INFO - [2023-06-29T23:57:43.639+0000] {dag.py:3490} INFO - Setting next_dagrun for example_subdag_operator.section-1 to None, run_after=None
[2023-06-29T23:57:43.640+0000] {logging_mixin.py:149} INFO - [2023-06-29T23:57:43.640+0000] {dag.py:3490} INFO - Setting next_dagrun for example_subdag_operator.section-2 to None, run_after=None
[2023-06-29T23:57:43.649+0000] {logging_mixin.py:149} INFO - [2023-06-29T23:57:43.649+0000] {dag.py:2726} INFO - Sync 2 DAGs
[2023-06-29T23:57:43.657+0000] {logging_mixin.py:149} INFO - [2023-06-29T23:57:43.656+0000] {dag.py:3490} INFO - Setting next_dagrun for example_subdag_operator.section-1 to None, run_after=None
[2023-06-29T23:57:43.657+0000] {logging_mixin.py:149} INFO - [2023-06-29T23:57:43.657+0000] {dag.py:3490} INFO - Setting next_dagrun for example_subdag_operator.section-2 to None, run_after=None
[2023-06-29T23:57:43.671+0000] {processor.py:178} INFO - Processing /home/airflow/.local/lib/python3.7/site-packages/airflow/example_dags/example_subdag_operator.py took 0.141 seconds
[2023-06-29T23:58:13.859+0000] {processor.py:156} INFO - Started process (PID=1288) to work on /home/airflow/.local/lib/python3.7/site-packages/airflow/example_dags/example_subdag_operator.py
[2023-06-29T23:58:13.860+0000] {processor.py:799} INFO - Processing file /home/airflow/.local/lib/python3.7/site-packages/airflow/example_dags/example_subdag_operator.py for tasks to queue
[2023-06-29T23:58:13.861+0000] {logging_mixin.py:149} INFO - [2023-06-29T23:58:13.861+0000] {dagbag.py:541} INFO - Filling up the DagBag from /home/airflow/.local/lib/python3.7/site-packages/airflow/example_dags/example_subdag_operator.py
[2023-06-29T23:58:13.893+0000] {processor.py:809} INFO - DAG(s) dict_keys(['example_subdag_operator.section-1', 'example_subdag_operator.section-2', 'example_subdag_operator']) retrieved from /home/airflow/.local/lib/python3.7/site-packages/airflow/example_dags/example_subdag_operator.py
[2023-06-29T23:58:13.920+0000] {logging_mixin.py:149} INFO - [2023-06-29T23:58:13.920+0000] {dag.py:2726} INFO - Sync 3 DAGs
[2023-06-29T23:58:13.957+0000] {logging_mixin.py:149} INFO - [2023-06-29T23:58:13.957+0000] {dag.py:3490} INFO - Setting next_dagrun for example_subdag_operator to 2022-01-01T00:00:00+00:00, run_after=2022-01-01T00:00:00+00:00
[2023-06-29T23:58:13.962+0000] {logging_mixin.py:149} INFO - [2023-06-29T23:58:13.962+0000] {dag.py:3490} INFO - Setting next_dagrun for example_subdag_operator.section-1 to None, run_after=None
[2023-06-29T23:58:13.965+0000] {logging_mixin.py:149} INFO - [2023-06-29T23:58:13.964+0000] {dag.py:3490} INFO - Setting next_dagrun for example_subdag_operator.section-2 to None, run_after=None
[2023-06-29T23:58:13.974+0000] {logging_mixin.py:149} INFO - [2023-06-29T23:58:13.974+0000] {dag.py:2726} INFO - Sync 2 DAGs
[2023-06-29T23:58:13.983+0000] {logging_mixin.py:149} INFO - [2023-06-29T23:58:13.982+0000] {dag.py:3490} INFO - Setting next_dagrun for example_subdag_operator.section-1 to None, run_after=None
[2023-06-29T23:58:13.983+0000] {logging_mixin.py:149} INFO - [2023-06-29T23:58:13.983+0000] {dag.py:3490} INFO - Setting next_dagrun for example_subdag_operator.section-2 to None, run_after=None
[2023-06-29T23:58:13.998+0000] {processor.py:178} INFO - Processing /home/airflow/.local/lib/python3.7/site-packages/airflow/example_dags/example_subdag_operator.py took 0.144 seconds
[2023-06-29T23:58:44.542+0000] {processor.py:156} INFO - Started process (PID=1345) to work on /home/airflow/.local/lib/python3.7/site-packages/airflow/example_dags/example_subdag_operator.py
[2023-06-29T23:58:44.544+0000] {processor.py:799} INFO - Processing file /home/airflow/.local/lib/python3.7/site-packages/airflow/example_dags/example_subdag_operator.py for tasks to queue
[2023-06-29T23:58:44.545+0000] {logging_mixin.py:149} INFO - [2023-06-29T23:58:44.545+0000] {dagbag.py:541} INFO - Filling up the DagBag from /home/airflow/.local/lib/python3.7/site-packages/airflow/example_dags/example_subdag_operator.py
[2023-06-29T23:58:44.578+0000] {processor.py:809} INFO - DAG(s) dict_keys(['example_subdag_operator.section-1', 'example_subdag_operator.section-2', 'example_subdag_operator']) retrieved from /home/airflow/.local/lib/python3.7/site-packages/airflow/example_dags/example_subdag_operator.py
[2023-06-29T23:58:44.604+0000] {logging_mixin.py:149} INFO - [2023-06-29T23:58:44.604+0000] {dag.py:2726} INFO - Sync 3 DAGs
[2023-06-29T23:58:44.642+0000] {logging_mixin.py:149} INFO - [2023-06-29T23:58:44.642+0000] {dag.py:3490} INFO - Setting next_dagrun for example_subdag_operator to 2022-01-01T00:00:00+00:00, run_after=2022-01-01T00:00:00+00:00
[2023-06-29T23:58:44.647+0000] {logging_mixin.py:149} INFO - [2023-06-29T23:58:44.647+0000] {dag.py:3490} INFO - Setting next_dagrun for example_subdag_operator.section-1 to None, run_after=None
[2023-06-29T23:58:44.652+0000] {logging_mixin.py:149} INFO - [2023-06-29T23:58:44.648+0000] {dag.py:3490} INFO - Setting next_dagrun for example_subdag_operator.section-2 to None, run_after=None
[2023-06-29T23:58:44.666+0000] {logging_mixin.py:149} INFO - [2023-06-29T23:58:44.665+0000] {dag.py:2726} INFO - Sync 2 DAGs
[2023-06-29T23:58:44.673+0000] {logging_mixin.py:149} INFO - [2023-06-29T23:58:44.673+0000] {dag.py:3490} INFO - Setting next_dagrun for example_subdag_operator.section-1 to None, run_after=None
[2023-06-29T23:58:44.674+0000] {logging_mixin.py:149} INFO - [2023-06-29T23:58:44.673+0000] {dag.py:3490} INFO - Setting next_dagrun for example_subdag_operator.section-2 to None, run_after=None
[2023-06-29T23:58:44.690+0000] {processor.py:178} INFO - Processing /home/airflow/.local/lib/python3.7/site-packages/airflow/example_dags/example_subdag_operator.py took 0.152 seconds
[2023-06-29T23:59:14.795+0000] {processor.py:156} INFO - Started process (PID=1403) to work on /home/airflow/.local/lib/python3.7/site-packages/airflow/example_dags/example_subdag_operator.py
[2023-06-29T23:59:14.797+0000] {processor.py:799} INFO - Processing file /home/airflow/.local/lib/python3.7/site-packages/airflow/example_dags/example_subdag_operator.py for tasks to queue
[2023-06-29T23:59:14.797+0000] {logging_mixin.py:149} INFO - [2023-06-29T23:59:14.797+0000] {dagbag.py:541} INFO - Filling up the DagBag from /home/airflow/.local/lib/python3.7/site-packages/airflow/example_dags/example_subdag_operator.py
[2023-06-29T23:59:14.829+0000] {processor.py:809} INFO - DAG(s) dict_keys(['example_subdag_operator.section-1', 'example_subdag_operator.section-2', 'example_subdag_operator']) retrieved from /home/airflow/.local/lib/python3.7/site-packages/airflow/example_dags/example_subdag_operator.py
[2023-06-29T23:59:14.855+0000] {logging_mixin.py:149} INFO - [2023-06-29T23:59:14.855+0000] {dag.py:2726} INFO - Sync 3 DAGs
[2023-06-29T23:59:14.894+0000] {logging_mixin.py:149} INFO - [2023-06-29T23:59:14.893+0000] {dag.py:3490} INFO - Setting next_dagrun for example_subdag_operator to 2022-01-01T00:00:00+00:00, run_after=2022-01-01T00:00:00+00:00
[2023-06-29T23:59:14.898+0000] {logging_mixin.py:149} INFO - [2023-06-29T23:59:14.898+0000] {dag.py:3490} INFO - Setting next_dagrun for example_subdag_operator.section-1 to None, run_after=None
[2023-06-29T23:59:14.900+0000] {logging_mixin.py:149} INFO - [2023-06-29T23:59:14.899+0000] {dag.py:3490} INFO - Setting next_dagrun for example_subdag_operator.section-2 to None, run_after=None
[2023-06-29T23:59:14.909+0000] {logging_mixin.py:149} INFO - [2023-06-29T23:59:14.908+0000] {dag.py:2726} INFO - Sync 2 DAGs
[2023-06-29T23:59:14.916+0000] {logging_mixin.py:149} INFO - [2023-06-29T23:59:14.916+0000] {dag.py:3490} INFO - Setting next_dagrun for example_subdag_operator.section-1 to None, run_after=None
[2023-06-29T23:59:14.916+0000] {logging_mixin.py:149} INFO - [2023-06-29T23:59:14.916+0000] {dag.py:3490} INFO - Setting next_dagrun for example_subdag_operator.section-2 to None, run_after=None
[2023-06-29T23:59:14.930+0000] {processor.py:178} INFO - Processing /home/airflow/.local/lib/python3.7/site-packages/airflow/example_dags/example_subdag_operator.py took 0.140 seconds
[2023-06-29T23:59:45.143+0000] {processor.py:156} INFO - Started process (PID=1461) to work on /home/airflow/.local/lib/python3.7/site-packages/airflow/example_dags/example_subdag_operator.py
[2023-06-29T23:59:45.145+0000] {processor.py:799} INFO - Processing file /home/airflow/.local/lib/python3.7/site-packages/airflow/example_dags/example_subdag_operator.py for tasks to queue
[2023-06-29T23:59:45.146+0000] {logging_mixin.py:149} INFO - [2023-06-29T23:59:45.145+0000] {dagbag.py:541} INFO - Filling up the DagBag from /home/airflow/.local/lib/python3.7/site-packages/airflow/example_dags/example_subdag_operator.py
[2023-06-29T23:59:45.178+0000] {processor.py:809} INFO - DAG(s) dict_keys(['example_subdag_operator.section-1', 'example_subdag_operator.section-2', 'example_subdag_operator']) retrieved from /home/airflow/.local/lib/python3.7/site-packages/airflow/example_dags/example_subdag_operator.py
[2023-06-29T23:59:45.203+0000] {logging_mixin.py:149} INFO - [2023-06-29T23:59:45.203+0000] {dag.py:2726} INFO - Sync 3 DAGs
[2023-06-29T23:59:45.237+0000] {logging_mixin.py:149} INFO - [2023-06-29T23:59:45.237+0000] {dag.py:3490} INFO - Setting next_dagrun for example_subdag_operator to 2022-01-01T00:00:00+00:00, run_after=2022-01-01T00:00:00+00:00
[2023-06-29T23:59:45.241+0000] {logging_mixin.py:149} INFO - [2023-06-29T23:59:45.241+0000] {dag.py:3490} INFO - Setting next_dagrun for example_subdag_operator.section-1 to None, run_after=None
[2023-06-29T23:59:45.244+0000] {logging_mixin.py:149} INFO - [2023-06-29T23:59:45.244+0000] {dag.py:3490} INFO - Setting next_dagrun for example_subdag_operator.section-2 to None, run_after=None
[2023-06-29T23:59:45.253+0000] {logging_mixin.py:149} INFO - [2023-06-29T23:59:45.253+0000] {dag.py:2726} INFO - Sync 2 DAGs
[2023-06-29T23:59:45.260+0000] {logging_mixin.py:149} INFO - [2023-06-29T23:59:45.260+0000] {dag.py:3490} INFO - Setting next_dagrun for example_subdag_operator.section-1 to None, run_after=None
[2023-06-29T23:59:45.260+0000] {logging_mixin.py:149} INFO - [2023-06-29T23:59:45.260+0000] {dag.py:3490} INFO - Setting next_dagrun for example_subdag_operator.section-2 to None, run_after=None
[2023-06-29T23:59:45.273+0000] {processor.py:178} INFO - Processing /home/airflow/.local/lib/python3.7/site-packages/airflow/example_dags/example_subdag_operator.py took 0.134 seconds
