[2023-06-29T23:47:02.191+0000] {processor.py:156} INFO - Started process (PID=37) to work on /home/airflow/.local/lib/python3.7/site-packages/airflow/example_dags/example_params_ui_tutorial.py
[2023-06-29T23:47:02.193+0000] {processor.py:799} INFO - Processing file /home/airflow/.local/lib/python3.7/site-packages/airflow/example_dags/example_params_ui_tutorial.py for tasks to queue
[2023-06-29T23:47:02.193+0000] {logging_mixin.py:149} INFO - [2023-06-29T23:47:02.193+0000] {dagbag.py:541} INFO - Filling up the DagBag from /home/airflow/.local/lib/python3.7/site-packages/airflow/example_dags/example_params_ui_tutorial.py
[2023-06-29T23:47:02.428+0000] {processor.py:809} INFO - DAG(s) dict_keys(['example_params_ui_tutorial']) retrieved from /home/airflow/.local/lib/python3.7/site-packages/airflow/example_dags/example_params_ui_tutorial.py
[2023-06-29T23:47:02.911+0000] {logging_mixin.py:149} INFO - [2023-06-29T23:47:02.911+0000] {dag.py:2726} INFO - Sync 1 DAGs
[2023-06-29T23:47:03.006+0000] {logging_mixin.py:149} INFO - [2023-06-29T23:47:03.005+0000] {dag.py:3490} INFO - Setting next_dagrun for example_params_ui_tutorial to None, run_after=None
[2023-06-29T23:47:03.112+0000] {processor.py:178} INFO - Processing /home/airflow/.local/lib/python3.7/site-packages/airflow/example_dags/example_params_ui_tutorial.py took 0.937 seconds
[2023-06-29T23:47:33.816+0000] {processor.py:156} INFO - Started process (PID=94) to work on /home/airflow/.local/lib/python3.7/site-packages/airflow/example_dags/example_params_ui_tutorial.py
[2023-06-29T23:47:33.817+0000] {processor.py:799} INFO - Processing file /home/airflow/.local/lib/python3.7/site-packages/airflow/example_dags/example_params_ui_tutorial.py for tasks to queue
[2023-06-29T23:47:33.818+0000] {logging_mixin.py:149} INFO - [2023-06-29T23:47:33.818+0000] {dagbag.py:541} INFO - Filling up the DagBag from /home/airflow/.local/lib/python3.7/site-packages/airflow/example_dags/example_params_ui_tutorial.py
[2023-06-29T23:47:33.874+0000] {processor.py:809} INFO - DAG(s) dict_keys(['example_params_ui_tutorial']) retrieved from /home/airflow/.local/lib/python3.7/site-packages/airflow/example_dags/example_params_ui_tutorial.py
[2023-06-29T23:47:33.971+0000] {logging_mixin.py:149} INFO - [2023-06-29T23:47:33.971+0000] {dag.py:2726} INFO - Sync 1 DAGs
[2023-06-29T23:47:34.005+0000] {logging_mixin.py:149} INFO - [2023-06-29T23:47:34.004+0000] {dag.py:3490} INFO - Setting next_dagrun for example_params_ui_tutorial to None, run_after=None
[2023-06-29T23:47:34.028+0000] {processor.py:178} INFO - Processing /home/airflow/.local/lib/python3.7/site-packages/airflow/example_dags/example_params_ui_tutorial.py took 0.216 seconds
[2023-06-29T23:48:04.153+0000] {processor.py:156} INFO - Started process (PID=151) to work on /home/airflow/.local/lib/python3.7/site-packages/airflow/example_dags/example_params_ui_tutorial.py
[2023-06-29T23:48:04.157+0000] {processor.py:799} INFO - Processing file /home/airflow/.local/lib/python3.7/site-packages/airflow/example_dags/example_params_ui_tutorial.py for tasks to queue
[2023-06-29T23:48:04.158+0000] {logging_mixin.py:149} INFO - [2023-06-29T23:48:04.158+0000] {dagbag.py:541} INFO - Filling up the DagBag from /home/airflow/.local/lib/python3.7/site-packages/airflow/example_dags/example_params_ui_tutorial.py
[2023-06-29T23:48:04.211+0000] {processor.py:809} INFO - DAG(s) dict_keys(['example_params_ui_tutorial']) retrieved from /home/airflow/.local/lib/python3.7/site-packages/airflow/example_dags/example_params_ui_tutorial.py
[2023-06-29T23:48:04.300+0000] {logging_mixin.py:149} INFO - [2023-06-29T23:48:04.299+0000] {dag.py:2726} INFO - Sync 1 DAGs
[2023-06-29T23:48:04.334+0000] {logging_mixin.py:149} INFO - [2023-06-29T23:48:04.334+0000] {dag.py:3490} INFO - Setting next_dagrun for example_params_ui_tutorial to None, run_after=None
[2023-06-29T23:48:04.359+0000] {processor.py:178} INFO - Processing /home/airflow/.local/lib/python3.7/site-packages/airflow/example_dags/example_params_ui_tutorial.py took 0.210 seconds
[2023-06-29T23:48:34.557+0000] {processor.py:156} INFO - Started process (PID=208) to work on /home/airflow/.local/lib/python3.7/site-packages/airflow/example_dags/example_params_ui_tutorial.py
[2023-06-29T23:48:34.558+0000] {processor.py:799} INFO - Processing file /home/airflow/.local/lib/python3.7/site-packages/airflow/example_dags/example_params_ui_tutorial.py for tasks to queue
[2023-06-29T23:48:34.559+0000] {logging_mixin.py:149} INFO - [2023-06-29T23:48:34.559+0000] {dagbag.py:541} INFO - Filling up the DagBag from /home/airflow/.local/lib/python3.7/site-packages/airflow/example_dags/example_params_ui_tutorial.py
[2023-06-29T23:48:34.611+0000] {processor.py:809} INFO - DAG(s) dict_keys(['example_params_ui_tutorial']) retrieved from /home/airflow/.local/lib/python3.7/site-packages/airflow/example_dags/example_params_ui_tutorial.py
[2023-06-29T23:48:34.706+0000] {logging_mixin.py:149} INFO - [2023-06-29T23:48:34.706+0000] {dag.py:2726} INFO - Sync 1 DAGs
[2023-06-29T23:48:34.739+0000] {logging_mixin.py:149} INFO - [2023-06-29T23:48:34.739+0000] {dag.py:3490} INFO - Setting next_dagrun for example_params_ui_tutorial to None, run_after=None
[2023-06-29T23:48:34.761+0000] {processor.py:178} INFO - Processing /home/airflow/.local/lib/python3.7/site-packages/airflow/example_dags/example_params_ui_tutorial.py took 0.207 seconds
[2023-06-29T23:49:04.820+0000] {processor.py:156} INFO - Started process (PID=265) to work on /home/airflow/.local/lib/python3.7/site-packages/airflow/example_dags/example_params_ui_tutorial.py
[2023-06-29T23:49:04.822+0000] {processor.py:799} INFO - Processing file /home/airflow/.local/lib/python3.7/site-packages/airflow/example_dags/example_params_ui_tutorial.py for tasks to queue
[2023-06-29T23:49:04.823+0000] {logging_mixin.py:149} INFO - [2023-06-29T23:49:04.823+0000] {dagbag.py:541} INFO - Filling up the DagBag from /home/airflow/.local/lib/python3.7/site-packages/airflow/example_dags/example_params_ui_tutorial.py
[2023-06-29T23:49:04.878+0000] {processor.py:809} INFO - DAG(s) dict_keys(['example_params_ui_tutorial']) retrieved from /home/airflow/.local/lib/python3.7/site-packages/airflow/example_dags/example_params_ui_tutorial.py
[2023-06-29T23:49:04.963+0000] {logging_mixin.py:149} INFO - [2023-06-29T23:49:04.963+0000] {dag.py:2726} INFO - Sync 1 DAGs
[2023-06-29T23:49:04.997+0000] {logging_mixin.py:149} INFO - [2023-06-29T23:49:04.997+0000] {dag.py:3490} INFO - Setting next_dagrun for example_params_ui_tutorial to None, run_after=None
[2023-06-29T23:49:05.020+0000] {processor.py:178} INFO - Processing /home/airflow/.local/lib/python3.7/site-packages/airflow/example_dags/example_params_ui_tutorial.py took 0.204 seconds
[2023-06-29T23:49:35.292+0000] {processor.py:156} INFO - Started process (PID=323) to work on /home/airflow/.local/lib/python3.7/site-packages/airflow/example_dags/example_params_ui_tutorial.py
[2023-06-29T23:49:35.293+0000] {processor.py:799} INFO - Processing file /home/airflow/.local/lib/python3.7/site-packages/airflow/example_dags/example_params_ui_tutorial.py for tasks to queue
[2023-06-29T23:49:35.294+0000] {logging_mixin.py:149} INFO - [2023-06-29T23:49:35.294+0000] {dagbag.py:541} INFO - Filling up the DagBag from /home/airflow/.local/lib/python3.7/site-packages/airflow/example_dags/example_params_ui_tutorial.py
[2023-06-29T23:49:35.353+0000] {processor.py:809} INFO - DAG(s) dict_keys(['example_params_ui_tutorial']) retrieved from /home/airflow/.local/lib/python3.7/site-packages/airflow/example_dags/example_params_ui_tutorial.py
[2023-06-29T23:49:35.449+0000] {logging_mixin.py:149} INFO - [2023-06-29T23:49:35.448+0000] {dag.py:2726} INFO - Sync 1 DAGs
[2023-06-29T23:49:35.482+0000] {logging_mixin.py:149} INFO - [2023-06-29T23:49:35.482+0000] {dag.py:3490} INFO - Setting next_dagrun for example_params_ui_tutorial to None, run_after=None
[2023-06-29T23:49:35.505+0000] {processor.py:178} INFO - Processing /home/airflow/.local/lib/python3.7/site-packages/airflow/example_dags/example_params_ui_tutorial.py took 0.216 seconds
[2023-06-29T23:50:06.000+0000] {processor.py:156} INFO - Started process (PID=379) to work on /home/airflow/.local/lib/python3.7/site-packages/airflow/example_dags/example_params_ui_tutorial.py
[2023-06-29T23:50:06.001+0000] {processor.py:799} INFO - Processing file /home/airflow/.local/lib/python3.7/site-packages/airflow/example_dags/example_params_ui_tutorial.py for tasks to queue
[2023-06-29T23:50:06.002+0000] {logging_mixin.py:149} INFO - [2023-06-29T23:50:06.002+0000] {dagbag.py:541} INFO - Filling up the DagBag from /home/airflow/.local/lib/python3.7/site-packages/airflow/example_dags/example_params_ui_tutorial.py
[2023-06-29T23:50:06.062+0000] {processor.py:809} INFO - DAG(s) dict_keys(['example_params_ui_tutorial']) retrieved from /home/airflow/.local/lib/python3.7/site-packages/airflow/example_dags/example_params_ui_tutorial.py
[2023-06-29T23:50:06.146+0000] {logging_mixin.py:149} INFO - [2023-06-29T23:50:06.146+0000] {dag.py:2726} INFO - Sync 1 DAGs
[2023-06-29T23:50:06.179+0000] {logging_mixin.py:149} INFO - [2023-06-29T23:50:06.178+0000] {dag.py:3490} INFO - Setting next_dagrun for example_params_ui_tutorial to None, run_after=None
[2023-06-29T23:50:06.202+0000] {processor.py:178} INFO - Processing /home/airflow/.local/lib/python3.7/site-packages/airflow/example_dags/example_params_ui_tutorial.py took 0.206 seconds
[2023-06-29T23:50:36.520+0000] {processor.py:156} INFO - Started process (PID=436) to work on /home/airflow/.local/lib/python3.7/site-packages/airflow/example_dags/example_params_ui_tutorial.py
[2023-06-29T23:50:36.521+0000] {processor.py:799} INFO - Processing file /home/airflow/.local/lib/python3.7/site-packages/airflow/example_dags/example_params_ui_tutorial.py for tasks to queue
[2023-06-29T23:50:36.522+0000] {logging_mixin.py:149} INFO - [2023-06-29T23:50:36.521+0000] {dagbag.py:541} INFO - Filling up the DagBag from /home/airflow/.local/lib/python3.7/site-packages/airflow/example_dags/example_params_ui_tutorial.py
[2023-06-29T23:50:36.574+0000] {processor.py:809} INFO - DAG(s) dict_keys(['example_params_ui_tutorial']) retrieved from /home/airflow/.local/lib/python3.7/site-packages/airflow/example_dags/example_params_ui_tutorial.py
[2023-06-29T23:50:36.695+0000] {logging_mixin.py:149} INFO - [2023-06-29T23:50:36.695+0000] {dag.py:2726} INFO - Sync 1 DAGs
[2023-06-29T23:50:36.731+0000] {logging_mixin.py:149} INFO - [2023-06-29T23:50:36.731+0000] {dag.py:3490} INFO - Setting next_dagrun for example_params_ui_tutorial to None, run_after=None
[2023-06-29T23:50:36.755+0000] {processor.py:178} INFO - Processing /home/airflow/.local/lib/python3.7/site-packages/airflow/example_dags/example_params_ui_tutorial.py took 0.239 seconds
[2023-06-29T23:51:06.971+0000] {processor.py:156} INFO - Started process (PID=493) to work on /home/airflow/.local/lib/python3.7/site-packages/airflow/example_dags/example_params_ui_tutorial.py
[2023-06-29T23:51:06.980+0000] {processor.py:799} INFO - Processing file /home/airflow/.local/lib/python3.7/site-packages/airflow/example_dags/example_params_ui_tutorial.py for tasks to queue
[2023-06-29T23:51:06.981+0000] {logging_mixin.py:149} INFO - [2023-06-29T23:51:06.980+0000] {dagbag.py:541} INFO - Filling up the DagBag from /home/airflow/.local/lib/python3.7/site-packages/airflow/example_dags/example_params_ui_tutorial.py
[2023-06-29T23:51:07.090+0000] {processor.py:809} INFO - DAG(s) dict_keys(['example_params_ui_tutorial']) retrieved from /home/airflow/.local/lib/python3.7/site-packages/airflow/example_dags/example_params_ui_tutorial.py
[2023-06-29T23:51:07.220+0000] {logging_mixin.py:149} INFO - [2023-06-29T23:51:07.220+0000] {dag.py:2726} INFO - Sync 1 DAGs
[2023-06-29T23:51:07.276+0000] {logging_mixin.py:149} INFO - [2023-06-29T23:51:07.276+0000] {dag.py:3490} INFO - Setting next_dagrun for example_params_ui_tutorial to None, run_after=None
[2023-06-29T23:51:07.331+0000] {processor.py:178} INFO - Processing /home/airflow/.local/lib/python3.7/site-packages/airflow/example_dags/example_params_ui_tutorial.py took 0.365 seconds
[2023-06-29T23:51:38.103+0000] {processor.py:156} INFO - Started process (PID=550) to work on /home/airflow/.local/lib/python3.7/site-packages/airflow/example_dags/example_params_ui_tutorial.py
[2023-06-29T23:51:38.104+0000] {processor.py:799} INFO - Processing file /home/airflow/.local/lib/python3.7/site-packages/airflow/example_dags/example_params_ui_tutorial.py for tasks to queue
[2023-06-29T23:51:38.105+0000] {logging_mixin.py:149} INFO - [2023-06-29T23:51:38.105+0000] {dagbag.py:541} INFO - Filling up the DagBag from /home/airflow/.local/lib/python3.7/site-packages/airflow/example_dags/example_params_ui_tutorial.py
[2023-06-29T23:51:38.158+0000] {processor.py:809} INFO - DAG(s) dict_keys(['example_params_ui_tutorial']) retrieved from /home/airflow/.local/lib/python3.7/site-packages/airflow/example_dags/example_params_ui_tutorial.py
[2023-06-29T23:51:38.267+0000] {logging_mixin.py:149} INFO - [2023-06-29T23:51:38.267+0000] {dag.py:2726} INFO - Sync 1 DAGs
[2023-06-29T23:51:38.300+0000] {logging_mixin.py:149} INFO - [2023-06-29T23:51:38.300+0000] {dag.py:3490} INFO - Setting next_dagrun for example_params_ui_tutorial to None, run_after=None
[2023-06-29T23:51:38.322+0000] {processor.py:178} INFO - Processing /home/airflow/.local/lib/python3.7/site-packages/airflow/example_dags/example_params_ui_tutorial.py took 0.223 seconds
[2023-06-29T23:52:09.146+0000] {processor.py:156} INFO - Started process (PID=607) to work on /home/airflow/.local/lib/python3.7/site-packages/airflow/example_dags/example_params_ui_tutorial.py
[2023-06-29T23:52:09.151+0000] {processor.py:799} INFO - Processing file /home/airflow/.local/lib/python3.7/site-packages/airflow/example_dags/example_params_ui_tutorial.py for tasks to queue
[2023-06-29T23:52:09.152+0000] {logging_mixin.py:149} INFO - [2023-06-29T23:52:09.152+0000] {dagbag.py:541} INFO - Filling up the DagBag from /home/airflow/.local/lib/python3.7/site-packages/airflow/example_dags/example_params_ui_tutorial.py
[2023-06-29T23:52:09.267+0000] {processor.py:809} INFO - DAG(s) dict_keys(['example_params_ui_tutorial']) retrieved from /home/airflow/.local/lib/python3.7/site-packages/airflow/example_dags/example_params_ui_tutorial.py
[2023-06-29T23:52:09.383+0000] {logging_mixin.py:149} INFO - [2023-06-29T23:52:09.383+0000] {dag.py:2726} INFO - Sync 1 DAGs
[2023-06-29T23:52:09.418+0000] {logging_mixin.py:149} INFO - [2023-06-29T23:52:09.418+0000] {dag.py:3490} INFO - Setting next_dagrun for example_params_ui_tutorial to None, run_after=None
[2023-06-29T23:52:09.447+0000] {processor.py:178} INFO - Processing /home/airflow/.local/lib/python3.7/site-packages/airflow/example_dags/example_params_ui_tutorial.py took 0.309 seconds
[2023-06-29T23:52:39.854+0000] {processor.py:156} INFO - Started process (PID=664) to work on /home/airflow/.local/lib/python3.7/site-packages/airflow/example_dags/example_params_ui_tutorial.py
[2023-06-29T23:52:39.865+0000] {processor.py:799} INFO - Processing file /home/airflow/.local/lib/python3.7/site-packages/airflow/example_dags/example_params_ui_tutorial.py for tasks to queue
[2023-06-29T23:52:39.866+0000] {logging_mixin.py:149} INFO - [2023-06-29T23:52:39.865+0000] {dagbag.py:541} INFO - Filling up the DagBag from /home/airflow/.local/lib/python3.7/site-packages/airflow/example_dags/example_params_ui_tutorial.py
[2023-06-29T23:52:39.983+0000] {processor.py:809} INFO - DAG(s) dict_keys(['example_params_ui_tutorial']) retrieved from /home/airflow/.local/lib/python3.7/site-packages/airflow/example_dags/example_params_ui_tutorial.py
[2023-06-29T23:52:40.141+0000] {logging_mixin.py:149} INFO - [2023-06-29T23:52:40.141+0000] {dag.py:2726} INFO - Sync 1 DAGs
[2023-06-29T23:52:40.211+0000] {logging_mixin.py:149} INFO - [2023-06-29T23:52:40.211+0000] {dag.py:3490} INFO - Setting next_dagrun for example_params_ui_tutorial to None, run_after=None
[2023-06-29T23:52:40.275+0000] {processor.py:178} INFO - Processing /home/airflow/.local/lib/python3.7/site-packages/airflow/example_dags/example_params_ui_tutorial.py took 0.424 seconds
[2023-06-29T23:53:10.775+0000] {processor.py:156} INFO - Started process (PID=721) to work on /home/airflow/.local/lib/python3.7/site-packages/airflow/example_dags/example_params_ui_tutorial.py
[2023-06-29T23:53:10.781+0000] {processor.py:799} INFO - Processing file /home/airflow/.local/lib/python3.7/site-packages/airflow/example_dags/example_params_ui_tutorial.py for tasks to queue
[2023-06-29T23:53:10.782+0000] {logging_mixin.py:149} INFO - [2023-06-29T23:53:10.782+0000] {dagbag.py:541} INFO - Filling up the DagBag from /home/airflow/.local/lib/python3.7/site-packages/airflow/example_dags/example_params_ui_tutorial.py
[2023-06-29T23:53:10.903+0000] {processor.py:809} INFO - DAG(s) dict_keys(['example_params_ui_tutorial']) retrieved from /home/airflow/.local/lib/python3.7/site-packages/airflow/example_dags/example_params_ui_tutorial.py
[2023-06-29T23:53:11.052+0000] {logging_mixin.py:149} INFO - [2023-06-29T23:53:11.052+0000] {dag.py:2726} INFO - Sync 1 DAGs
[2023-06-29T23:53:11.110+0000] {logging_mixin.py:149} INFO - [2023-06-29T23:53:11.105+0000] {dag.py:3490} INFO - Setting next_dagrun for example_params_ui_tutorial to None, run_after=None
[2023-06-29T23:53:11.144+0000] {processor.py:178} INFO - Processing /home/airflow/.local/lib/python3.7/site-packages/airflow/example_dags/example_params_ui_tutorial.py took 0.377 seconds
[2023-06-29T23:53:41.344+0000] {processor.py:156} INFO - Started process (PID=778) to work on /home/airflow/.local/lib/python3.7/site-packages/airflow/example_dags/example_params_ui_tutorial.py
[2023-06-29T23:53:41.346+0000] {processor.py:799} INFO - Processing file /home/airflow/.local/lib/python3.7/site-packages/airflow/example_dags/example_params_ui_tutorial.py for tasks to queue
[2023-06-29T23:53:41.347+0000] {logging_mixin.py:149} INFO - [2023-06-29T23:53:41.347+0000] {dagbag.py:541} INFO - Filling up the DagBag from /home/airflow/.local/lib/python3.7/site-packages/airflow/example_dags/example_params_ui_tutorial.py
[2023-06-29T23:53:41.426+0000] {processor.py:809} INFO - DAG(s) dict_keys(['example_params_ui_tutorial']) retrieved from /home/airflow/.local/lib/python3.7/site-packages/airflow/example_dags/example_params_ui_tutorial.py
[2023-06-29T23:53:41.572+0000] {logging_mixin.py:149} INFO - [2023-06-29T23:53:41.572+0000] {dag.py:2726} INFO - Sync 1 DAGs
[2023-06-29T23:53:41.624+0000] {logging_mixin.py:149} INFO - [2023-06-29T23:53:41.623+0000] {dag.py:3490} INFO - Setting next_dagrun for example_params_ui_tutorial to None, run_after=None
[2023-06-29T23:53:41.671+0000] {processor.py:178} INFO - Processing /home/airflow/.local/lib/python3.7/site-packages/airflow/example_dags/example_params_ui_tutorial.py took 0.331 seconds
[2023-06-29T23:54:11.763+0000] {processor.py:156} INFO - Started process (PID=837) to work on /home/airflow/.local/lib/python3.7/site-packages/airflow/example_dags/example_params_ui_tutorial.py
[2023-06-29T23:54:11.764+0000] {processor.py:799} INFO - Processing file /home/airflow/.local/lib/python3.7/site-packages/airflow/example_dags/example_params_ui_tutorial.py for tasks to queue
[2023-06-29T23:54:11.765+0000] {logging_mixin.py:149} INFO - [2023-06-29T23:54:11.765+0000] {dagbag.py:541} INFO - Filling up the DagBag from /home/airflow/.local/lib/python3.7/site-packages/airflow/example_dags/example_params_ui_tutorial.py
[2023-06-29T23:54:11.820+0000] {processor.py:809} INFO - DAG(s) dict_keys(['example_params_ui_tutorial']) retrieved from /home/airflow/.local/lib/python3.7/site-packages/airflow/example_dags/example_params_ui_tutorial.py
[2023-06-29T23:54:11.907+0000] {logging_mixin.py:149} INFO - [2023-06-29T23:54:11.906+0000] {dag.py:2726} INFO - Sync 1 DAGs
[2023-06-29T23:54:11.940+0000] {logging_mixin.py:149} INFO - [2023-06-29T23:54:11.940+0000] {dag.py:3490} INFO - Setting next_dagrun for example_params_ui_tutorial to None, run_after=None
[2023-06-29T23:54:11.964+0000] {processor.py:178} INFO - Processing /home/airflow/.local/lib/python3.7/site-packages/airflow/example_dags/example_params_ui_tutorial.py took 0.205 seconds
[2023-06-29T23:54:42.071+0000] {processor.py:156} INFO - Started process (PID=894) to work on /home/airflow/.local/lib/python3.7/site-packages/airflow/example_dags/example_params_ui_tutorial.py
[2023-06-29T23:54:42.073+0000] {processor.py:799} INFO - Processing file /home/airflow/.local/lib/python3.7/site-packages/airflow/example_dags/example_params_ui_tutorial.py for tasks to queue
[2023-06-29T23:54:42.074+0000] {logging_mixin.py:149} INFO - [2023-06-29T23:54:42.074+0000] {dagbag.py:541} INFO - Filling up the DagBag from /home/airflow/.local/lib/python3.7/site-packages/airflow/example_dags/example_params_ui_tutorial.py
[2023-06-29T23:54:42.129+0000] {processor.py:809} INFO - DAG(s) dict_keys(['example_params_ui_tutorial']) retrieved from /home/airflow/.local/lib/python3.7/site-packages/airflow/example_dags/example_params_ui_tutorial.py
[2023-06-29T23:54:42.215+0000] {logging_mixin.py:149} INFO - [2023-06-29T23:54:42.214+0000] {dag.py:2726} INFO - Sync 1 DAGs
[2023-06-29T23:54:42.249+0000] {logging_mixin.py:149} INFO - [2023-06-29T23:54:42.249+0000] {dag.py:3490} INFO - Setting next_dagrun for example_params_ui_tutorial to None, run_after=None
[2023-06-29T23:54:42.274+0000] {processor.py:178} INFO - Processing /home/airflow/.local/lib/python3.7/site-packages/airflow/example_dags/example_params_ui_tutorial.py took 0.208 seconds
[2023-06-29T23:55:12.333+0000] {processor.py:156} INFO - Started process (PID=950) to work on /home/airflow/.local/lib/python3.7/site-packages/airflow/example_dags/example_params_ui_tutorial.py
[2023-06-29T23:55:12.338+0000] {processor.py:799} INFO - Processing file /home/airflow/.local/lib/python3.7/site-packages/airflow/example_dags/example_params_ui_tutorial.py for tasks to queue
[2023-06-29T23:55:12.341+0000] {logging_mixin.py:149} INFO - [2023-06-29T23:55:12.340+0000] {dagbag.py:541} INFO - Filling up the DagBag from /home/airflow/.local/lib/python3.7/site-packages/airflow/example_dags/example_params_ui_tutorial.py
[2023-06-29T23:55:12.403+0000] {processor.py:809} INFO - DAG(s) dict_keys(['example_params_ui_tutorial']) retrieved from /home/airflow/.local/lib/python3.7/site-packages/airflow/example_dags/example_params_ui_tutorial.py
[2023-06-29T23:55:12.492+0000] {logging_mixin.py:149} INFO - [2023-06-29T23:55:12.491+0000] {dag.py:2726} INFO - Sync 1 DAGs
[2023-06-29T23:55:12.527+0000] {logging_mixin.py:149} INFO - [2023-06-29T23:55:12.527+0000] {dag.py:3490} INFO - Setting next_dagrun for example_params_ui_tutorial to None, run_after=None
[2023-06-29T23:55:12.552+0000] {processor.py:178} INFO - Processing /home/airflow/.local/lib/python3.7/site-packages/airflow/example_dags/example_params_ui_tutorial.py took 0.232 seconds
[2023-06-29T23:55:42.805+0000] {processor.py:156} INFO - Started process (PID=1005) to work on /home/airflow/.local/lib/python3.7/site-packages/airflow/example_dags/example_params_ui_tutorial.py
[2023-06-29T23:55:42.816+0000] {processor.py:799} INFO - Processing file /home/airflow/.local/lib/python3.7/site-packages/airflow/example_dags/example_params_ui_tutorial.py for tasks to queue
[2023-06-29T23:55:42.817+0000] {logging_mixin.py:149} INFO - [2023-06-29T23:55:42.817+0000] {dagbag.py:541} INFO - Filling up the DagBag from /home/airflow/.local/lib/python3.7/site-packages/airflow/example_dags/example_params_ui_tutorial.py
[2023-06-29T23:55:42.880+0000] {processor.py:809} INFO - DAG(s) dict_keys(['example_params_ui_tutorial']) retrieved from /home/airflow/.local/lib/python3.7/site-packages/airflow/example_dags/example_params_ui_tutorial.py
[2023-06-29T23:55:42.979+0000] {logging_mixin.py:149} INFO - [2023-06-29T23:55:42.978+0000] {dag.py:2726} INFO - Sync 1 DAGs
[2023-06-29T23:55:43.015+0000] {logging_mixin.py:149} INFO - [2023-06-29T23:55:43.015+0000] {dag.py:3490} INFO - Setting next_dagrun for example_params_ui_tutorial to None, run_after=None
[2023-06-29T23:55:43.057+0000] {processor.py:178} INFO - Processing /home/airflow/.local/lib/python3.7/site-packages/airflow/example_dags/example_params_ui_tutorial.py took 0.256 seconds
[2023-06-29T23:56:13.591+0000] {processor.py:156} INFO - Started process (PID=1061) to work on /home/airflow/.local/lib/python3.7/site-packages/airflow/example_dags/example_params_ui_tutorial.py
[2023-06-29T23:56:13.600+0000] {processor.py:799} INFO - Processing file /home/airflow/.local/lib/python3.7/site-packages/airflow/example_dags/example_params_ui_tutorial.py for tasks to queue
[2023-06-29T23:56:13.601+0000] {logging_mixin.py:149} INFO - [2023-06-29T23:56:13.601+0000] {dagbag.py:541} INFO - Filling up the DagBag from /home/airflow/.local/lib/python3.7/site-packages/airflow/example_dags/example_params_ui_tutorial.py
[2023-06-29T23:56:13.715+0000] {processor.py:809} INFO - DAG(s) dict_keys(['example_params_ui_tutorial']) retrieved from /home/airflow/.local/lib/python3.7/site-packages/airflow/example_dags/example_params_ui_tutorial.py
[2023-06-29T23:56:13.840+0000] {logging_mixin.py:149} INFO - [2023-06-29T23:56:13.840+0000] {dag.py:2726} INFO - Sync 1 DAGs
[2023-06-29T23:56:13.883+0000] {logging_mixin.py:149} INFO - [2023-06-29T23:56:13.882+0000] {dag.py:3490} INFO - Setting next_dagrun for example_params_ui_tutorial to None, run_after=None
[2023-06-29T23:56:13.923+0000] {processor.py:178} INFO - Processing /home/airflow/.local/lib/python3.7/site-packages/airflow/example_dags/example_params_ui_tutorial.py took 0.337 seconds
[2023-06-29T23:56:44.016+0000] {processor.py:156} INFO - Started process (PID=1119) to work on /home/airflow/.local/lib/python3.7/site-packages/airflow/example_dags/example_params_ui_tutorial.py
[2023-06-29T23:56:44.017+0000] {processor.py:799} INFO - Processing file /home/airflow/.local/lib/python3.7/site-packages/airflow/example_dags/example_params_ui_tutorial.py for tasks to queue
[2023-06-29T23:56:44.018+0000] {logging_mixin.py:149} INFO - [2023-06-29T23:56:44.018+0000] {dagbag.py:541} INFO - Filling up the DagBag from /home/airflow/.local/lib/python3.7/site-packages/airflow/example_dags/example_params_ui_tutorial.py
[2023-06-29T23:56:44.088+0000] {processor.py:809} INFO - DAG(s) dict_keys(['example_params_ui_tutorial']) retrieved from /home/airflow/.local/lib/python3.7/site-packages/airflow/example_dags/example_params_ui_tutorial.py
[2023-06-29T23:56:44.179+0000] {logging_mixin.py:149} INFO - [2023-06-29T23:56:44.179+0000] {dag.py:2726} INFO - Sync 1 DAGs
[2023-06-29T23:56:44.217+0000] {logging_mixin.py:149} INFO - [2023-06-29T23:56:44.217+0000] {dag.py:3490} INFO - Setting next_dagrun for example_params_ui_tutorial to None, run_after=None
[2023-06-29T23:56:44.256+0000] {processor.py:178} INFO - Processing /home/airflow/.local/lib/python3.7/site-packages/airflow/example_dags/example_params_ui_tutorial.py took 0.247 seconds
[2023-06-29T23:57:14.299+0000] {processor.py:156} INFO - Started process (PID=1175) to work on /home/airflow/.local/lib/python3.7/site-packages/airflow/example_dags/example_params_ui_tutorial.py
[2023-06-29T23:57:14.301+0000] {processor.py:799} INFO - Processing file /home/airflow/.local/lib/python3.7/site-packages/airflow/example_dags/example_params_ui_tutorial.py for tasks to queue
[2023-06-29T23:57:14.302+0000] {logging_mixin.py:149} INFO - [2023-06-29T23:57:14.301+0000] {dagbag.py:541} INFO - Filling up the DagBag from /home/airflow/.local/lib/python3.7/site-packages/airflow/example_dags/example_params_ui_tutorial.py
[2023-06-29T23:57:14.357+0000] {processor.py:809} INFO - DAG(s) dict_keys(['example_params_ui_tutorial']) retrieved from /home/airflow/.local/lib/python3.7/site-packages/airflow/example_dags/example_params_ui_tutorial.py
[2023-06-29T23:57:14.458+0000] {logging_mixin.py:149} INFO - [2023-06-29T23:57:14.458+0000] {dag.py:2726} INFO - Sync 1 DAGs
[2023-06-29T23:57:14.492+0000] {logging_mixin.py:149} INFO - [2023-06-29T23:57:14.492+0000] {dag.py:3490} INFO - Setting next_dagrun for example_params_ui_tutorial to None, run_after=None
[2023-06-29T23:57:14.517+0000] {processor.py:178} INFO - Processing /home/airflow/.local/lib/python3.7/site-packages/airflow/example_dags/example_params_ui_tutorial.py took 0.222 seconds
[2023-06-29T23:57:44.619+0000] {processor.py:156} INFO - Started process (PID=1232) to work on /home/airflow/.local/lib/python3.7/site-packages/airflow/example_dags/example_params_ui_tutorial.py
[2023-06-29T23:57:44.621+0000] {processor.py:799} INFO - Processing file /home/airflow/.local/lib/python3.7/site-packages/airflow/example_dags/example_params_ui_tutorial.py for tasks to queue
[2023-06-29T23:57:44.622+0000] {logging_mixin.py:149} INFO - [2023-06-29T23:57:44.622+0000] {dagbag.py:541} INFO - Filling up the DagBag from /home/airflow/.local/lib/python3.7/site-packages/airflow/example_dags/example_params_ui_tutorial.py
[2023-06-29T23:57:44.681+0000] {processor.py:809} INFO - DAG(s) dict_keys(['example_params_ui_tutorial']) retrieved from /home/airflow/.local/lib/python3.7/site-packages/airflow/example_dags/example_params_ui_tutorial.py
[2023-06-29T23:57:44.775+0000] {logging_mixin.py:149} INFO - [2023-06-29T23:57:44.775+0000] {dag.py:2726} INFO - Sync 1 DAGs
[2023-06-29T23:57:44.808+0000] {logging_mixin.py:149} INFO - [2023-06-29T23:57:44.808+0000] {dag.py:3490} INFO - Setting next_dagrun for example_params_ui_tutorial to None, run_after=None
[2023-06-29T23:57:44.830+0000] {processor.py:178} INFO - Processing /home/airflow/.local/lib/python3.7/site-packages/airflow/example_dags/example_params_ui_tutorial.py took 0.215 seconds
[2023-06-29T23:58:14.959+0000] {processor.py:156} INFO - Started process (PID=1289) to work on /home/airflow/.local/lib/python3.7/site-packages/airflow/example_dags/example_params_ui_tutorial.py
[2023-06-29T23:58:14.960+0000] {processor.py:799} INFO - Processing file /home/airflow/.local/lib/python3.7/site-packages/airflow/example_dags/example_params_ui_tutorial.py for tasks to queue
[2023-06-29T23:58:14.961+0000] {logging_mixin.py:149} INFO - [2023-06-29T23:58:14.961+0000] {dagbag.py:541} INFO - Filling up the DagBag from /home/airflow/.local/lib/python3.7/site-packages/airflow/example_dags/example_params_ui_tutorial.py
[2023-06-29T23:58:15.022+0000] {processor.py:809} INFO - DAG(s) dict_keys(['example_params_ui_tutorial']) retrieved from /home/airflow/.local/lib/python3.7/site-packages/airflow/example_dags/example_params_ui_tutorial.py
[2023-06-29T23:58:15.123+0000] {logging_mixin.py:149} INFO - [2023-06-29T23:58:15.122+0000] {dag.py:2726} INFO - Sync 1 DAGs
[2023-06-29T23:58:15.157+0000] {logging_mixin.py:149} INFO - [2023-06-29T23:58:15.156+0000] {dag.py:3490} INFO - Setting next_dagrun for example_params_ui_tutorial to None, run_after=None
[2023-06-29T23:58:15.182+0000] {processor.py:178} INFO - Processing /home/airflow/.local/lib/python3.7/site-packages/airflow/example_dags/example_params_ui_tutorial.py took 0.228 seconds
[2023-06-29T23:58:45.625+0000] {processor.py:156} INFO - Started process (PID=1346) to work on /home/airflow/.local/lib/python3.7/site-packages/airflow/example_dags/example_params_ui_tutorial.py
[2023-06-29T23:58:45.627+0000] {processor.py:799} INFO - Processing file /home/airflow/.local/lib/python3.7/site-packages/airflow/example_dags/example_params_ui_tutorial.py for tasks to queue
[2023-06-29T23:58:45.627+0000] {logging_mixin.py:149} INFO - [2023-06-29T23:58:45.627+0000] {dagbag.py:541} INFO - Filling up the DagBag from /home/airflow/.local/lib/python3.7/site-packages/airflow/example_dags/example_params_ui_tutorial.py
[2023-06-29T23:58:45.686+0000] {processor.py:809} INFO - DAG(s) dict_keys(['example_params_ui_tutorial']) retrieved from /home/airflow/.local/lib/python3.7/site-packages/airflow/example_dags/example_params_ui_tutorial.py
[2023-06-29T23:58:45.788+0000] {logging_mixin.py:149} INFO - [2023-06-29T23:58:45.788+0000] {dag.py:2726} INFO - Sync 1 DAGs
[2023-06-29T23:58:45.825+0000] {logging_mixin.py:149} INFO - [2023-06-29T23:58:45.825+0000] {dag.py:3490} INFO - Setting next_dagrun for example_params_ui_tutorial to None, run_after=None
[2023-06-29T23:58:45.850+0000] {processor.py:178} INFO - Processing /home/airflow/.local/lib/python3.7/site-packages/airflow/example_dags/example_params_ui_tutorial.py took 0.229 seconds
[2023-06-29T23:59:15.905+0000] {processor.py:156} INFO - Started process (PID=1404) to work on /home/airflow/.local/lib/python3.7/site-packages/airflow/example_dags/example_params_ui_tutorial.py
[2023-06-29T23:59:15.907+0000] {processor.py:799} INFO - Processing file /home/airflow/.local/lib/python3.7/site-packages/airflow/example_dags/example_params_ui_tutorial.py for tasks to queue
[2023-06-29T23:59:15.908+0000] {logging_mixin.py:149} INFO - [2023-06-29T23:59:15.908+0000] {dagbag.py:541} INFO - Filling up the DagBag from /home/airflow/.local/lib/python3.7/site-packages/airflow/example_dags/example_params_ui_tutorial.py
[2023-06-29T23:59:15.968+0000] {processor.py:809} INFO - DAG(s) dict_keys(['example_params_ui_tutorial']) retrieved from /home/airflow/.local/lib/python3.7/site-packages/airflow/example_dags/example_params_ui_tutorial.py
[2023-06-29T23:59:16.061+0000] {logging_mixin.py:149} INFO - [2023-06-29T23:59:16.061+0000] {dag.py:2726} INFO - Sync 1 DAGs
[2023-06-29T23:59:16.095+0000] {logging_mixin.py:149} INFO - [2023-06-29T23:59:16.094+0000] {dag.py:3490} INFO - Setting next_dagrun for example_params_ui_tutorial to None, run_after=None
[2023-06-29T23:59:16.118+0000] {processor.py:178} INFO - Processing /home/airflow/.local/lib/python3.7/site-packages/airflow/example_dags/example_params_ui_tutorial.py took 0.217 seconds
[2023-06-29T23:59:46.245+0000] {processor.py:156} INFO - Started process (PID=1462) to work on /home/airflow/.local/lib/python3.7/site-packages/airflow/example_dags/example_params_ui_tutorial.py
[2023-06-29T23:59:46.247+0000] {processor.py:799} INFO - Processing file /home/airflow/.local/lib/python3.7/site-packages/airflow/example_dags/example_params_ui_tutorial.py for tasks to queue
[2023-06-29T23:59:46.248+0000] {logging_mixin.py:149} INFO - [2023-06-29T23:59:46.247+0000] {dagbag.py:541} INFO - Filling up the DagBag from /home/airflow/.local/lib/python3.7/site-packages/airflow/example_dags/example_params_ui_tutorial.py
[2023-06-29T23:59:46.311+0000] {processor.py:809} INFO - DAG(s) dict_keys(['example_params_ui_tutorial']) retrieved from /home/airflow/.local/lib/python3.7/site-packages/airflow/example_dags/example_params_ui_tutorial.py
[2023-06-29T23:59:46.406+0000] {logging_mixin.py:149} INFO - [2023-06-29T23:59:46.406+0000] {dag.py:2726} INFO - Sync 1 DAGs
[2023-06-29T23:59:46.441+0000] {logging_mixin.py:149} INFO - [2023-06-29T23:59:46.440+0000] {dag.py:3490} INFO - Setting next_dagrun for example_params_ui_tutorial to None, run_after=None
[2023-06-29T23:59:46.464+0000] {processor.py:178} INFO - Processing /home/airflow/.local/lib/python3.7/site-packages/airflow/example_dags/example_params_ui_tutorial.py took 0.223 seconds
