[2023-06-29T23:47:05.927+0000] {processor.py:156} INFO - Started process (PID=52) to work on /home/airflow/.local/lib/python3.7/site-packages/airflow/example_dags/example_branch_operator.py
[2023-06-29T23:47:05.928+0000] {processor.py:799} INFO - Processing file /home/airflow/.local/lib/python3.7/site-packages/airflow/example_dags/example_branch_operator.py for tasks to queue
[2023-06-29T23:47:05.928+0000] {logging_mixin.py:149} INFO - [2023-06-29T23:47:05.928+0000] {dagbag.py:541} INFO - Filling up the DagBag from /home/airflow/.local/lib/python3.7/site-packages/airflow/example_dags/example_branch_operator.py
[2023-06-29T23:47:05.954+0000] {processor.py:809} INFO - DAG(s) dict_keys(['example_branch_operator']) retrieved from /home/airflow/.local/lib/python3.7/site-packages/airflow/example_dags/example_branch_operator.py
[2023-06-29T23:47:06.030+0000] {logging_mixin.py:149} INFO - [2023-06-29T23:47:06.030+0000] {dag.py:2726} INFO - Sync 1 DAGs
[2023-06-29T23:47:06.087+0000] {logging_mixin.py:149} INFO - [2023-06-29T23:47:06.086+0000] {dag.py:3490} INFO - Setting next_dagrun for example_branch_operator to 2023-06-28T00:00:00+00:00, run_after=2023-06-29T00:00:00+00:00
[2023-06-29T23:47:06.113+0000] {processor.py:178} INFO - Processing /home/airflow/.local/lib/python3.7/site-packages/airflow/example_dags/example_branch_operator.py took 0.193 seconds
[2023-06-29T23:47:36.215+0000] {processor.py:156} INFO - Started process (PID=109) to work on /home/airflow/.local/lib/python3.7/site-packages/airflow/example_dags/example_branch_operator.py
[2023-06-29T23:47:36.217+0000] {processor.py:799} INFO - Processing file /home/airflow/.local/lib/python3.7/site-packages/airflow/example_dags/example_branch_operator.py for tasks to queue
[2023-06-29T23:47:36.217+0000] {logging_mixin.py:149} INFO - [2023-06-29T23:47:36.217+0000] {dagbag.py:541} INFO - Filling up the DagBag from /home/airflow/.local/lib/python3.7/site-packages/airflow/example_dags/example_branch_operator.py
[2023-06-29T23:47:36.229+0000] {processor.py:809} INFO - DAG(s) dict_keys(['example_branch_operator']) retrieved from /home/airflow/.local/lib/python3.7/site-packages/airflow/example_dags/example_branch_operator.py
[2023-06-29T23:47:36.265+0000] {logging_mixin.py:149} INFO - [2023-06-29T23:47:36.265+0000] {dag.py:2726} INFO - Sync 1 DAGs
[2023-06-29T23:47:36.301+0000] {logging_mixin.py:149} INFO - [2023-06-29T23:47:36.301+0000] {dag.py:3490} INFO - Setting next_dagrun for example_branch_operator to 2023-06-28T00:00:00+00:00, run_after=2023-06-29T00:00:00+00:00
[2023-06-29T23:47:36.324+0000] {processor.py:178} INFO - Processing /home/airflow/.local/lib/python3.7/site-packages/airflow/example_dags/example_branch_operator.py took 0.114 seconds
[2023-06-29T23:48:06.598+0000] {processor.py:156} INFO - Started process (PID=166) to work on /home/airflow/.local/lib/python3.7/site-packages/airflow/example_dags/example_branch_operator.py
[2023-06-29T23:48:06.600+0000] {processor.py:799} INFO - Processing file /home/airflow/.local/lib/python3.7/site-packages/airflow/example_dags/example_branch_operator.py for tasks to queue
[2023-06-29T23:48:06.601+0000] {logging_mixin.py:149} INFO - [2023-06-29T23:48:06.600+0000] {dagbag.py:541} INFO - Filling up the DagBag from /home/airflow/.local/lib/python3.7/site-packages/airflow/example_dags/example_branch_operator.py
[2023-06-29T23:48:06.613+0000] {processor.py:809} INFO - DAG(s) dict_keys(['example_branch_operator']) retrieved from /home/airflow/.local/lib/python3.7/site-packages/airflow/example_dags/example_branch_operator.py
[2023-06-29T23:48:06.647+0000] {logging_mixin.py:149} INFO - [2023-06-29T23:48:06.647+0000] {dag.py:2726} INFO - Sync 1 DAGs
[2023-06-29T23:48:06.682+0000] {logging_mixin.py:149} INFO - [2023-06-29T23:48:06.682+0000] {dag.py:3490} INFO - Setting next_dagrun for example_branch_operator to 2023-06-28T00:00:00+00:00, run_after=2023-06-29T00:00:00+00:00
[2023-06-29T23:48:06.707+0000] {processor.py:178} INFO - Processing /home/airflow/.local/lib/python3.7/site-packages/airflow/example_dags/example_branch_operator.py took 0.113 seconds
[2023-06-29T23:48:36.930+0000] {processor.py:156} INFO - Started process (PID=223) to work on /home/airflow/.local/lib/python3.7/site-packages/airflow/example_dags/example_branch_operator.py
[2023-06-29T23:48:36.931+0000] {processor.py:799} INFO - Processing file /home/airflow/.local/lib/python3.7/site-packages/airflow/example_dags/example_branch_operator.py for tasks to queue
[2023-06-29T23:48:36.932+0000] {logging_mixin.py:149} INFO - [2023-06-29T23:48:36.932+0000] {dagbag.py:541} INFO - Filling up the DagBag from /home/airflow/.local/lib/python3.7/site-packages/airflow/example_dags/example_branch_operator.py
[2023-06-29T23:48:36.943+0000] {processor.py:809} INFO - DAG(s) dict_keys(['example_branch_operator']) retrieved from /home/airflow/.local/lib/python3.7/site-packages/airflow/example_dags/example_branch_operator.py
[2023-06-29T23:48:36.978+0000] {logging_mixin.py:149} INFO - [2023-06-29T23:48:36.978+0000] {dag.py:2726} INFO - Sync 1 DAGs
[2023-06-29T23:48:37.013+0000] {logging_mixin.py:149} INFO - [2023-06-29T23:48:37.013+0000] {dag.py:3490} INFO - Setting next_dagrun for example_branch_operator to 2023-06-28T00:00:00+00:00, run_after=2023-06-29T00:00:00+00:00
[2023-06-29T23:48:37.037+0000] {processor.py:178} INFO - Processing /home/airflow/.local/lib/python3.7/site-packages/airflow/example_dags/example_branch_operator.py took 0.110 seconds
[2023-06-29T23:49:07.947+0000] {processor.py:156} INFO - Started process (PID=280) to work on /home/airflow/.local/lib/python3.7/site-packages/airflow/example_dags/example_branch_operator.py
[2023-06-29T23:49:07.948+0000] {processor.py:799} INFO - Processing file /home/airflow/.local/lib/python3.7/site-packages/airflow/example_dags/example_branch_operator.py for tasks to queue
[2023-06-29T23:49:07.949+0000] {logging_mixin.py:149} INFO - [2023-06-29T23:49:07.949+0000] {dagbag.py:541} INFO - Filling up the DagBag from /home/airflow/.local/lib/python3.7/site-packages/airflow/example_dags/example_branch_operator.py
[2023-06-29T23:49:07.960+0000] {processor.py:809} INFO - DAG(s) dict_keys(['example_branch_operator']) retrieved from /home/airflow/.local/lib/python3.7/site-packages/airflow/example_dags/example_branch_operator.py
[2023-06-29T23:49:07.995+0000] {logging_mixin.py:149} INFO - [2023-06-29T23:49:07.995+0000] {dag.py:2726} INFO - Sync 1 DAGs
[2023-06-29T23:49:08.030+0000] {logging_mixin.py:149} INFO - [2023-06-29T23:49:08.030+0000] {dag.py:3490} INFO - Setting next_dagrun for example_branch_operator to 2023-06-28T00:00:00+00:00, run_after=2023-06-29T00:00:00+00:00
[2023-06-29T23:49:08.053+0000] {processor.py:178} INFO - Processing /home/airflow/.local/lib/python3.7/site-packages/airflow/example_dags/example_branch_operator.py took 0.111 seconds
[2023-06-29T23:49:38.504+0000] {processor.py:156} INFO - Started process (PID=338) to work on /home/airflow/.local/lib/python3.7/site-packages/airflow/example_dags/example_branch_operator.py
[2023-06-29T23:49:38.506+0000] {processor.py:799} INFO - Processing file /home/airflow/.local/lib/python3.7/site-packages/airflow/example_dags/example_branch_operator.py for tasks to queue
[2023-06-29T23:49:38.506+0000] {logging_mixin.py:149} INFO - [2023-06-29T23:49:38.506+0000] {dagbag.py:541} INFO - Filling up the DagBag from /home/airflow/.local/lib/python3.7/site-packages/airflow/example_dags/example_branch_operator.py
[2023-06-29T23:49:38.518+0000] {processor.py:809} INFO - DAG(s) dict_keys(['example_branch_operator']) retrieved from /home/airflow/.local/lib/python3.7/site-packages/airflow/example_dags/example_branch_operator.py
[2023-06-29T23:49:38.556+0000] {logging_mixin.py:149} INFO - [2023-06-29T23:49:38.555+0000] {dag.py:2726} INFO - Sync 1 DAGs
[2023-06-29T23:49:38.590+0000] {logging_mixin.py:149} INFO - [2023-06-29T23:49:38.589+0000] {dag.py:3490} INFO - Setting next_dagrun for example_branch_operator to 2023-06-28T00:00:00+00:00, run_after=2023-06-29T00:00:00+00:00
[2023-06-29T23:49:38.612+0000] {processor.py:178} INFO - Processing /home/airflow/.local/lib/python3.7/site-packages/airflow/example_dags/example_branch_operator.py took 0.112 seconds
[2023-06-29T23:50:09.246+0000] {processor.py:156} INFO - Started process (PID=394) to work on /home/airflow/.local/lib/python3.7/site-packages/airflow/example_dags/example_branch_operator.py
[2023-06-29T23:50:09.247+0000] {processor.py:799} INFO - Processing file /home/airflow/.local/lib/python3.7/site-packages/airflow/example_dags/example_branch_operator.py for tasks to queue
[2023-06-29T23:50:09.248+0000] {logging_mixin.py:149} INFO - [2023-06-29T23:50:09.248+0000] {dagbag.py:541} INFO - Filling up the DagBag from /home/airflow/.local/lib/python3.7/site-packages/airflow/example_dags/example_branch_operator.py
[2023-06-29T23:50:09.262+0000] {processor.py:809} INFO - DAG(s) dict_keys(['example_branch_operator']) retrieved from /home/airflow/.local/lib/python3.7/site-packages/airflow/example_dags/example_branch_operator.py
[2023-06-29T23:50:09.299+0000] {logging_mixin.py:149} INFO - [2023-06-29T23:50:09.299+0000] {dag.py:2726} INFO - Sync 1 DAGs
[2023-06-29T23:50:09.352+0000] {logging_mixin.py:149} INFO - [2023-06-29T23:50:09.351+0000] {dag.py:3490} INFO - Setting next_dagrun for example_branch_operator to 2023-06-28T00:00:00+00:00, run_after=2023-06-29T00:00:00+00:00
[2023-06-29T23:50:09.375+0000] {processor.py:178} INFO - Processing /home/airflow/.local/lib/python3.7/site-packages/airflow/example_dags/example_branch_operator.py took 0.133 seconds
[2023-06-29T23:50:39.683+0000] {processor.py:156} INFO - Started process (PID=451) to work on /home/airflow/.local/lib/python3.7/site-packages/airflow/example_dags/example_branch_operator.py
[2023-06-29T23:50:39.684+0000] {processor.py:799} INFO - Processing file /home/airflow/.local/lib/python3.7/site-packages/airflow/example_dags/example_branch_operator.py for tasks to queue
[2023-06-29T23:50:39.687+0000] {logging_mixin.py:149} INFO - [2023-06-29T23:50:39.687+0000] {dagbag.py:541} INFO - Filling up the DagBag from /home/airflow/.local/lib/python3.7/site-packages/airflow/example_dags/example_branch_operator.py
[2023-06-29T23:50:39.700+0000] {processor.py:809} INFO - DAG(s) dict_keys(['example_branch_operator']) retrieved from /home/airflow/.local/lib/python3.7/site-packages/airflow/example_dags/example_branch_operator.py
[2023-06-29T23:50:39.741+0000] {logging_mixin.py:149} INFO - [2023-06-29T23:50:39.741+0000] {dag.py:2726} INFO - Sync 1 DAGs
[2023-06-29T23:50:39.785+0000] {logging_mixin.py:149} INFO - [2023-06-29T23:50:39.785+0000] {dag.py:3490} INFO - Setting next_dagrun for example_branch_operator to 2023-06-28T00:00:00+00:00, run_after=2023-06-29T00:00:00+00:00
[2023-06-29T23:50:39.821+0000] {processor.py:178} INFO - Processing /home/airflow/.local/lib/python3.7/site-packages/airflow/example_dags/example_branch_operator.py took 0.146 seconds
[2023-06-29T23:51:10.574+0000] {processor.py:156} INFO - Started process (PID=508) to work on /home/airflow/.local/lib/python3.7/site-packages/airflow/example_dags/example_branch_operator.py
[2023-06-29T23:51:10.576+0000] {processor.py:799} INFO - Processing file /home/airflow/.local/lib/python3.7/site-packages/airflow/example_dags/example_branch_operator.py for tasks to queue
[2023-06-29T23:51:10.577+0000] {logging_mixin.py:149} INFO - [2023-06-29T23:51:10.577+0000] {dagbag.py:541} INFO - Filling up the DagBag from /home/airflow/.local/lib/python3.7/site-packages/airflow/example_dags/example_branch_operator.py
[2023-06-29T23:51:10.592+0000] {processor.py:809} INFO - DAG(s) dict_keys(['example_branch_operator']) retrieved from /home/airflow/.local/lib/python3.7/site-packages/airflow/example_dags/example_branch_operator.py
[2023-06-29T23:51:10.630+0000] {logging_mixin.py:149} INFO - [2023-06-29T23:51:10.630+0000] {dag.py:2726} INFO - Sync 1 DAGs
[2023-06-29T23:51:10.668+0000] {logging_mixin.py:149} INFO - [2023-06-29T23:51:10.667+0000] {dag.py:3490} INFO - Setting next_dagrun for example_branch_operator to 2023-06-28T00:00:00+00:00, run_after=2023-06-29T00:00:00+00:00
[2023-06-29T23:51:10.691+0000] {processor.py:178} INFO - Processing /home/airflow/.local/lib/python3.7/site-packages/airflow/example_dags/example_branch_operator.py took 0.121 seconds
[2023-06-29T23:51:41.831+0000] {processor.py:156} INFO - Started process (PID=565) to work on /home/airflow/.local/lib/python3.7/site-packages/airflow/example_dags/example_branch_operator.py
[2023-06-29T23:51:41.833+0000] {processor.py:799} INFO - Processing file /home/airflow/.local/lib/python3.7/site-packages/airflow/example_dags/example_branch_operator.py for tasks to queue
[2023-06-29T23:51:41.833+0000] {logging_mixin.py:149} INFO - [2023-06-29T23:51:41.833+0000] {dagbag.py:541} INFO - Filling up the DagBag from /home/airflow/.local/lib/python3.7/site-packages/airflow/example_dags/example_branch_operator.py
[2023-06-29T23:51:41.845+0000] {processor.py:809} INFO - DAG(s) dict_keys(['example_branch_operator']) retrieved from /home/airflow/.local/lib/python3.7/site-packages/airflow/example_dags/example_branch_operator.py
[2023-06-29T23:51:41.882+0000] {logging_mixin.py:149} INFO - [2023-06-29T23:51:41.882+0000] {dag.py:2726} INFO - Sync 1 DAGs
[2023-06-29T23:51:41.921+0000] {logging_mixin.py:149} INFO - [2023-06-29T23:51:41.921+0000] {dag.py:3490} INFO - Setting next_dagrun for example_branch_operator to 2023-06-28T00:00:00+00:00, run_after=2023-06-29T00:00:00+00:00
[2023-06-29T23:51:41.945+0000] {processor.py:178} INFO - Processing /home/airflow/.local/lib/python3.7/site-packages/airflow/example_dags/example_branch_operator.py took 0.118 seconds
[2023-06-29T23:52:13.311+0000] {processor.py:156} INFO - Started process (PID=622) to work on /home/airflow/.local/lib/python3.7/site-packages/airflow/example_dags/example_branch_operator.py
[2023-06-29T23:52:13.318+0000] {processor.py:799} INFO - Processing file /home/airflow/.local/lib/python3.7/site-packages/airflow/example_dags/example_branch_operator.py for tasks to queue
[2023-06-29T23:52:13.320+0000] {logging_mixin.py:149} INFO - [2023-06-29T23:52:13.319+0000] {dagbag.py:541} INFO - Filling up the DagBag from /home/airflow/.local/lib/python3.7/site-packages/airflow/example_dags/example_branch_operator.py
[2023-06-29T23:52:13.361+0000] {processor.py:809} INFO - DAG(s) dict_keys(['example_branch_operator']) retrieved from /home/airflow/.local/lib/python3.7/site-packages/airflow/example_dags/example_branch_operator.py
[2023-06-29T23:52:13.451+0000] {logging_mixin.py:149} INFO - [2023-06-29T23:52:13.451+0000] {dag.py:2726} INFO - Sync 1 DAGs
[2023-06-29T23:52:13.490+0000] {logging_mixin.py:149} INFO - [2023-06-29T23:52:13.489+0000] {dag.py:3490} INFO - Setting next_dagrun for example_branch_operator to 2023-06-28T00:00:00+00:00, run_after=2023-06-29T00:00:00+00:00
[2023-06-29T23:52:13.535+0000] {processor.py:178} INFO - Processing /home/airflow/.local/lib/python3.7/site-packages/airflow/example_dags/example_branch_operator.py took 0.247 seconds
[2023-06-29T23:52:43.802+0000] {processor.py:156} INFO - Started process (PID=679) to work on /home/airflow/.local/lib/python3.7/site-packages/airflow/example_dags/example_branch_operator.py
[2023-06-29T23:52:43.803+0000] {processor.py:799} INFO - Processing file /home/airflow/.local/lib/python3.7/site-packages/airflow/example_dags/example_branch_operator.py for tasks to queue
[2023-06-29T23:52:43.804+0000] {logging_mixin.py:149} INFO - [2023-06-29T23:52:43.804+0000] {dagbag.py:541} INFO - Filling up the DagBag from /home/airflow/.local/lib/python3.7/site-packages/airflow/example_dags/example_branch_operator.py
[2023-06-29T23:52:43.816+0000] {processor.py:809} INFO - DAG(s) dict_keys(['example_branch_operator']) retrieved from /home/airflow/.local/lib/python3.7/site-packages/airflow/example_dags/example_branch_operator.py
[2023-06-29T23:52:43.851+0000] {logging_mixin.py:149} INFO - [2023-06-29T23:52:43.851+0000] {dag.py:2726} INFO - Sync 1 DAGs
[2023-06-29T23:52:43.893+0000] {logging_mixin.py:149} INFO - [2023-06-29T23:52:43.893+0000] {dag.py:3490} INFO - Setting next_dagrun for example_branch_operator to 2023-06-28T00:00:00+00:00, run_after=2023-06-29T00:00:00+00:00
[2023-06-29T23:52:43.937+0000] {processor.py:178} INFO - Processing /home/airflow/.local/lib/python3.7/site-packages/airflow/example_dags/example_branch_operator.py took 0.142 seconds
[2023-06-29T23:53:14.133+0000] {processor.py:156} INFO - Started process (PID=736) to work on /home/airflow/.local/lib/python3.7/site-packages/airflow/example_dags/example_branch_operator.py
[2023-06-29T23:53:14.134+0000] {processor.py:799} INFO - Processing file /home/airflow/.local/lib/python3.7/site-packages/airflow/example_dags/example_branch_operator.py for tasks to queue
[2023-06-29T23:53:14.134+0000] {logging_mixin.py:149} INFO - [2023-06-29T23:53:14.134+0000] {dagbag.py:541} INFO - Filling up the DagBag from /home/airflow/.local/lib/python3.7/site-packages/airflow/example_dags/example_branch_operator.py
[2023-06-29T23:53:14.146+0000] {processor.py:809} INFO - DAG(s) dict_keys(['example_branch_operator']) retrieved from /home/airflow/.local/lib/python3.7/site-packages/airflow/example_dags/example_branch_operator.py
[2023-06-29T23:53:14.184+0000] {logging_mixin.py:149} INFO - [2023-06-29T23:53:14.184+0000] {dag.py:2726} INFO - Sync 1 DAGs
[2023-06-29T23:53:14.220+0000] {logging_mixin.py:149} INFO - [2023-06-29T23:53:14.220+0000] {dag.py:3490} INFO - Setting next_dagrun for example_branch_operator to 2023-06-28T00:00:00+00:00, run_after=2023-06-29T00:00:00+00:00
[2023-06-29T23:53:14.260+0000] {processor.py:178} INFO - Processing /home/airflow/.local/lib/python3.7/site-packages/airflow/example_dags/example_branch_operator.py took 0.131 seconds
[2023-06-29T23:53:45.000+0000] {processor.py:156} INFO - Started process (PID=793) to work on /home/airflow/.local/lib/python3.7/site-packages/airflow/example_dags/example_branch_operator.py
[2023-06-29T23:53:45.002+0000] {processor.py:799} INFO - Processing file /home/airflow/.local/lib/python3.7/site-packages/airflow/example_dags/example_branch_operator.py for tasks to queue
[2023-06-29T23:53:45.002+0000] {logging_mixin.py:149} INFO - [2023-06-29T23:53:45.002+0000] {dagbag.py:541} INFO - Filling up the DagBag from /home/airflow/.local/lib/python3.7/site-packages/airflow/example_dags/example_branch_operator.py
[2023-06-29T23:53:45.014+0000] {processor.py:809} INFO - DAG(s) dict_keys(['example_branch_operator']) retrieved from /home/airflow/.local/lib/python3.7/site-packages/airflow/example_dags/example_branch_operator.py
[2023-06-29T23:53:45.055+0000] {logging_mixin.py:149} INFO - [2023-06-29T23:53:45.055+0000] {dag.py:2726} INFO - Sync 1 DAGs
[2023-06-29T23:53:45.093+0000] {logging_mixin.py:149} INFO - [2023-06-29T23:53:45.092+0000] {dag.py:3490} INFO - Setting next_dagrun for example_branch_operator to 2023-06-28T00:00:00+00:00, run_after=2023-06-29T00:00:00+00:00
[2023-06-29T23:53:45.116+0000] {processor.py:178} INFO - Processing /home/airflow/.local/lib/python3.7/site-packages/airflow/example_dags/example_branch_operator.py took 0.120 seconds
[2023-06-29T23:54:16.189+0000] {processor.py:156} INFO - Started process (PID=851) to work on /home/airflow/.local/lib/python3.7/site-packages/airflow/example_dags/example_branch_operator.py
[2023-06-29T23:54:16.190+0000] {processor.py:799} INFO - Processing file /home/airflow/.local/lib/python3.7/site-packages/airflow/example_dags/example_branch_operator.py for tasks to queue
[2023-06-29T23:54:16.191+0000] {logging_mixin.py:149} INFO - [2023-06-29T23:54:16.191+0000] {dagbag.py:541} INFO - Filling up the DagBag from /home/airflow/.local/lib/python3.7/site-packages/airflow/example_dags/example_branch_operator.py
[2023-06-29T23:54:16.205+0000] {processor.py:809} INFO - DAG(s) dict_keys(['example_branch_operator']) retrieved from /home/airflow/.local/lib/python3.7/site-packages/airflow/example_dags/example_branch_operator.py
[2023-06-29T23:54:16.253+0000] {logging_mixin.py:149} INFO - [2023-06-29T23:54:16.253+0000] {dag.py:2726} INFO - Sync 1 DAGs
[2023-06-29T23:54:16.290+0000] {logging_mixin.py:149} INFO - [2023-06-29T23:54:16.290+0000] {dag.py:3490} INFO - Setting next_dagrun for example_branch_operator to 2023-06-28T00:00:00+00:00, run_after=2023-06-29T00:00:00+00:00
[2023-06-29T23:54:16.313+0000] {processor.py:178} INFO - Processing /home/airflow/.local/lib/python3.7/site-packages/airflow/example_dags/example_branch_operator.py took 0.129 seconds
[2023-06-29T23:54:47.400+0000] {processor.py:156} INFO - Started process (PID=914) to work on /home/airflow/.local/lib/python3.7/site-packages/airflow/example_dags/example_branch_operator.py
[2023-06-29T23:54:47.402+0000] {processor.py:799} INFO - Processing file /home/airflow/.local/lib/python3.7/site-packages/airflow/example_dags/example_branch_operator.py for tasks to queue
[2023-06-29T23:54:47.403+0000] {logging_mixin.py:149} INFO - [2023-06-29T23:54:47.402+0000] {dagbag.py:541} INFO - Filling up the DagBag from /home/airflow/.local/lib/python3.7/site-packages/airflow/example_dags/example_branch_operator.py
[2023-06-29T23:54:47.423+0000] {processor.py:809} INFO - DAG(s) dict_keys(['example_branch_operator']) retrieved from /home/airflow/.local/lib/python3.7/site-packages/airflow/example_dags/example_branch_operator.py
[2023-06-29T23:54:47.494+0000] {logging_mixin.py:149} INFO - [2023-06-29T23:54:47.489+0000] {dag.py:2726} INFO - Sync 1 DAGs
[2023-06-29T23:54:47.560+0000] {logging_mixin.py:149} INFO - [2023-06-29T23:54:47.560+0000] {dag.py:3490} INFO - Setting next_dagrun for example_branch_operator to 2023-06-28T00:00:00+00:00, run_after=2023-06-29T00:00:00+00:00
[2023-06-29T23:54:47.597+0000] {processor.py:178} INFO - Processing /home/airflow/.local/lib/python3.7/site-packages/airflow/example_dags/example_branch_operator.py took 0.206 seconds
[2023-06-29T23:55:17.861+0000] {processor.py:156} INFO - Started process (PID=970) to work on /home/airflow/.local/lib/python3.7/site-packages/airflow/example_dags/example_branch_operator.py
[2023-06-29T23:55:17.862+0000] {processor.py:799} INFO - Processing file /home/airflow/.local/lib/python3.7/site-packages/airflow/example_dags/example_branch_operator.py for tasks to queue
[2023-06-29T23:55:17.863+0000] {logging_mixin.py:149} INFO - [2023-06-29T23:55:17.863+0000] {dagbag.py:541} INFO - Filling up the DagBag from /home/airflow/.local/lib/python3.7/site-packages/airflow/example_dags/example_branch_operator.py
[2023-06-29T23:55:17.875+0000] {processor.py:809} INFO - DAG(s) dict_keys(['example_branch_operator']) retrieved from /home/airflow/.local/lib/python3.7/site-packages/airflow/example_dags/example_branch_operator.py
[2023-06-29T23:55:17.911+0000] {logging_mixin.py:149} INFO - [2023-06-29T23:55:17.911+0000] {dag.py:2726} INFO - Sync 1 DAGs
[2023-06-29T23:55:17.948+0000] {logging_mixin.py:149} INFO - [2023-06-29T23:55:17.948+0000] {dag.py:3490} INFO - Setting next_dagrun for example_branch_operator to 2023-06-28T00:00:00+00:00, run_after=2023-06-29T00:00:00+00:00
[2023-06-29T23:55:17.971+0000] {processor.py:178} INFO - Processing /home/airflow/.local/lib/python3.7/site-packages/airflow/example_dags/example_branch_operator.py took 0.115 seconds
[2023-06-29T23:55:48.389+0000] {processor.py:156} INFO - Started process (PID=1026) to work on /home/airflow/.local/lib/python3.7/site-packages/airflow/example_dags/example_branch_operator.py
[2023-06-29T23:55:48.394+0000] {processor.py:799} INFO - Processing file /home/airflow/.local/lib/python3.7/site-packages/airflow/example_dags/example_branch_operator.py for tasks to queue
[2023-06-29T23:55:48.395+0000] {logging_mixin.py:149} INFO - [2023-06-29T23:55:48.395+0000] {dagbag.py:541} INFO - Filling up the DagBag from /home/airflow/.local/lib/python3.7/site-packages/airflow/example_dags/example_branch_operator.py
[2023-06-29T23:55:48.414+0000] {processor.py:809} INFO - DAG(s) dict_keys(['example_branch_operator']) retrieved from /home/airflow/.local/lib/python3.7/site-packages/airflow/example_dags/example_branch_operator.py
[2023-06-29T23:55:48.450+0000] {logging_mixin.py:149} INFO - [2023-06-29T23:55:48.450+0000] {dag.py:2726} INFO - Sync 1 DAGs
[2023-06-29T23:55:48.498+0000] {logging_mixin.py:149} INFO - [2023-06-29T23:55:48.498+0000] {dag.py:3490} INFO - Setting next_dagrun for example_branch_operator to 2023-06-28T00:00:00+00:00, run_after=2023-06-29T00:00:00+00:00
[2023-06-29T23:55:48.534+0000] {processor.py:178} INFO - Processing /home/airflow/.local/lib/python3.7/site-packages/airflow/example_dags/example_branch_operator.py took 0.149 seconds
[2023-06-29T23:56:19.131+0000] {processor.py:156} INFO - Started process (PID=1083) to work on /home/airflow/.local/lib/python3.7/site-packages/airflow/example_dags/example_branch_operator.py
[2023-06-29T23:56:19.144+0000] {processor.py:799} INFO - Processing file /home/airflow/.local/lib/python3.7/site-packages/airflow/example_dags/example_branch_operator.py for tasks to queue
[2023-06-29T23:56:19.145+0000] {logging_mixin.py:149} INFO - [2023-06-29T23:56:19.145+0000] {dagbag.py:541} INFO - Filling up the DagBag from /home/airflow/.local/lib/python3.7/site-packages/airflow/example_dags/example_branch_operator.py
[2023-06-29T23:56:19.161+0000] {processor.py:809} INFO - DAG(s) dict_keys(['example_branch_operator']) retrieved from /home/airflow/.local/lib/python3.7/site-packages/airflow/example_dags/example_branch_operator.py
[2023-06-29T23:56:19.204+0000] {logging_mixin.py:149} INFO - [2023-06-29T23:56:19.203+0000] {dag.py:2726} INFO - Sync 1 DAGs
[2023-06-29T23:56:19.269+0000] {logging_mixin.py:149} INFO - [2023-06-29T23:56:19.269+0000] {dag.py:3490} INFO - Setting next_dagrun for example_branch_operator to 2023-06-28T00:00:00+00:00, run_after=2023-06-29T00:00:00+00:00
[2023-06-29T23:56:19.316+0000] {processor.py:178} INFO - Processing /home/airflow/.local/lib/python3.7/site-packages/airflow/example_dags/example_branch_operator.py took 0.189 seconds
[2023-06-29T23:56:49.654+0000] {processor.py:156} INFO - Started process (PID=1140) to work on /home/airflow/.local/lib/python3.7/site-packages/airflow/example_dags/example_branch_operator.py
[2023-06-29T23:56:49.654+0000] {processor.py:799} INFO - Processing file /home/airflow/.local/lib/python3.7/site-packages/airflow/example_dags/example_branch_operator.py for tasks to queue
[2023-06-29T23:56:49.655+0000] {logging_mixin.py:149} INFO - [2023-06-29T23:56:49.655+0000] {dagbag.py:541} INFO - Filling up the DagBag from /home/airflow/.local/lib/python3.7/site-packages/airflow/example_dags/example_branch_operator.py
[2023-06-29T23:56:49.667+0000] {processor.py:809} INFO - DAG(s) dict_keys(['example_branch_operator']) retrieved from /home/airflow/.local/lib/python3.7/site-packages/airflow/example_dags/example_branch_operator.py
[2023-06-29T23:56:49.708+0000] {logging_mixin.py:149} INFO - [2023-06-29T23:56:49.707+0000] {dag.py:2726} INFO - Sync 1 DAGs
[2023-06-29T23:56:49.743+0000] {logging_mixin.py:149} INFO - [2023-06-29T23:56:49.743+0000] {dag.py:3490} INFO - Setting next_dagrun for example_branch_operator to 2023-06-28T00:00:00+00:00, run_after=2023-06-29T00:00:00+00:00
[2023-06-29T23:56:49.772+0000] {processor.py:178} INFO - Processing /home/airflow/.local/lib/python3.7/site-packages/airflow/example_dags/example_branch_operator.py took 0.123 seconds
[2023-06-29T23:57:19.987+0000] {processor.py:156} INFO - Started process (PID=1197) to work on /home/airflow/.local/lib/python3.7/site-packages/airflow/example_dags/example_branch_operator.py
[2023-06-29T23:57:19.991+0000] {processor.py:799} INFO - Processing file /home/airflow/.local/lib/python3.7/site-packages/airflow/example_dags/example_branch_operator.py for tasks to queue
[2023-06-29T23:57:19.994+0000] {logging_mixin.py:149} INFO - [2023-06-29T23:57:19.993+0000] {dagbag.py:541} INFO - Filling up the DagBag from /home/airflow/.local/lib/python3.7/site-packages/airflow/example_dags/example_branch_operator.py
[2023-06-29T23:57:20.011+0000] {processor.py:809} INFO - DAG(s) dict_keys(['example_branch_operator']) retrieved from /home/airflow/.local/lib/python3.7/site-packages/airflow/example_dags/example_branch_operator.py
[2023-06-29T23:57:20.048+0000] {logging_mixin.py:149} INFO - [2023-06-29T23:57:20.048+0000] {dag.py:2726} INFO - Sync 1 DAGs
[2023-06-29T23:57:20.100+0000] {logging_mixin.py:149} INFO - [2023-06-29T23:57:20.100+0000] {dag.py:3490} INFO - Setting next_dagrun for example_branch_operator to 2023-06-28T00:00:00+00:00, run_after=2023-06-29T00:00:00+00:00
[2023-06-29T23:57:20.124+0000] {processor.py:178} INFO - Processing /home/airflow/.local/lib/python3.7/site-packages/airflow/example_dags/example_branch_operator.py took 0.141 seconds
[2023-06-29T23:57:51.021+0000] {processor.py:156} INFO - Started process (PID=1254) to work on /home/airflow/.local/lib/python3.7/site-packages/airflow/example_dags/example_branch_operator.py
[2023-06-29T23:57:51.022+0000] {processor.py:799} INFO - Processing file /home/airflow/.local/lib/python3.7/site-packages/airflow/example_dags/example_branch_operator.py for tasks to queue
[2023-06-29T23:57:51.026+0000] {logging_mixin.py:149} INFO - [2023-06-29T23:57:51.025+0000] {dagbag.py:541} INFO - Filling up the DagBag from /home/airflow/.local/lib/python3.7/site-packages/airflow/example_dags/example_branch_operator.py
[2023-06-29T23:57:51.046+0000] {processor.py:809} INFO - DAG(s) dict_keys(['example_branch_operator']) retrieved from /home/airflow/.local/lib/python3.7/site-packages/airflow/example_dags/example_branch_operator.py
[2023-06-29T23:57:51.084+0000] {logging_mixin.py:149} INFO - [2023-06-29T23:57:51.084+0000] {dag.py:2726} INFO - Sync 1 DAGs
[2023-06-29T23:57:51.120+0000] {logging_mixin.py:149} INFO - [2023-06-29T23:57:51.120+0000] {dag.py:3490} INFO - Setting next_dagrun for example_branch_operator to 2023-06-28T00:00:00+00:00, run_after=2023-06-29T00:00:00+00:00
[2023-06-29T23:57:51.155+0000] {processor.py:178} INFO - Processing /home/airflow/.local/lib/python3.7/site-packages/airflow/example_dags/example_branch_operator.py took 0.138 seconds
[2023-06-29T23:58:21.295+0000] {processor.py:156} INFO - Started process (PID=1310) to work on /home/airflow/.local/lib/python3.7/site-packages/airflow/example_dags/example_branch_operator.py
[2023-06-29T23:58:21.297+0000] {processor.py:799} INFO - Processing file /home/airflow/.local/lib/python3.7/site-packages/airflow/example_dags/example_branch_operator.py for tasks to queue
[2023-06-29T23:58:21.298+0000] {logging_mixin.py:149} INFO - [2023-06-29T23:58:21.298+0000] {dagbag.py:541} INFO - Filling up the DagBag from /home/airflow/.local/lib/python3.7/site-packages/airflow/example_dags/example_branch_operator.py
[2023-06-29T23:58:21.310+0000] {processor.py:809} INFO - DAG(s) dict_keys(['example_branch_operator']) retrieved from /home/airflow/.local/lib/python3.7/site-packages/airflow/example_dags/example_branch_operator.py
[2023-06-29T23:58:21.349+0000] {logging_mixin.py:149} INFO - [2023-06-29T23:58:21.349+0000] {dag.py:2726} INFO - Sync 1 DAGs
[2023-06-29T23:58:21.387+0000] {logging_mixin.py:149} INFO - [2023-06-29T23:58:21.387+0000] {dag.py:3490} INFO - Setting next_dagrun for example_branch_operator to 2023-06-28T00:00:00+00:00, run_after=2023-06-29T00:00:00+00:00
[2023-06-29T23:58:21.410+0000] {processor.py:178} INFO - Processing /home/airflow/.local/lib/python3.7/site-packages/airflow/example_dags/example_branch_operator.py took 0.119 seconds
[2023-06-29T23:58:51.781+0000] {processor.py:156} INFO - Started process (PID=1369) to work on /home/airflow/.local/lib/python3.7/site-packages/airflow/example_dags/example_branch_operator.py
[2023-06-29T23:58:51.782+0000] {processor.py:799} INFO - Processing file /home/airflow/.local/lib/python3.7/site-packages/airflow/example_dags/example_branch_operator.py for tasks to queue
[2023-06-29T23:58:51.783+0000] {logging_mixin.py:149} INFO - [2023-06-29T23:58:51.783+0000] {dagbag.py:541} INFO - Filling up the DagBag from /home/airflow/.local/lib/python3.7/site-packages/airflow/example_dags/example_branch_operator.py
[2023-06-29T23:58:51.795+0000] {processor.py:809} INFO - DAG(s) dict_keys(['example_branch_operator']) retrieved from /home/airflow/.local/lib/python3.7/site-packages/airflow/example_dags/example_branch_operator.py
[2023-06-29T23:58:51.837+0000] {logging_mixin.py:149} INFO - [2023-06-29T23:58:51.837+0000] {dag.py:2726} INFO - Sync 1 DAGs
[2023-06-29T23:58:51.872+0000] {logging_mixin.py:149} INFO - [2023-06-29T23:58:51.872+0000] {dag.py:3490} INFO - Setting next_dagrun for example_branch_operator to 2023-06-28T00:00:00+00:00, run_after=2023-06-29T00:00:00+00:00
[2023-06-29T23:58:51.898+0000] {processor.py:178} INFO - Processing /home/airflow/.local/lib/python3.7/site-packages/airflow/example_dags/example_branch_operator.py took 0.122 seconds
[2023-06-29T23:59:22.076+0000] {processor.py:156} INFO - Started process (PID=1427) to work on /home/airflow/.local/lib/python3.7/site-packages/airflow/example_dags/example_branch_operator.py
[2023-06-29T23:59:22.078+0000] {processor.py:799} INFO - Processing file /home/airflow/.local/lib/python3.7/site-packages/airflow/example_dags/example_branch_operator.py for tasks to queue
[2023-06-29T23:59:22.079+0000] {logging_mixin.py:149} INFO - [2023-06-29T23:59:22.079+0000] {dagbag.py:541} INFO - Filling up the DagBag from /home/airflow/.local/lib/python3.7/site-packages/airflow/example_dags/example_branch_operator.py
[2023-06-29T23:59:22.095+0000] {processor.py:809} INFO - DAG(s) dict_keys(['example_branch_operator']) retrieved from /home/airflow/.local/lib/python3.7/site-packages/airflow/example_dags/example_branch_operator.py
[2023-06-29T23:59:22.131+0000] {logging_mixin.py:149} INFO - [2023-06-29T23:59:22.130+0000] {dag.py:2726} INFO - Sync 1 DAGs
[2023-06-29T23:59:22.169+0000] {logging_mixin.py:149} INFO - [2023-06-29T23:59:22.169+0000] {dag.py:3490} INFO - Setting next_dagrun for example_branch_operator to 2023-06-28T00:00:00+00:00, run_after=2023-06-29T00:00:00+00:00
[2023-06-29T23:59:22.193+0000] {processor.py:178} INFO - Processing /home/airflow/.local/lib/python3.7/site-packages/airflow/example_dags/example_branch_operator.py took 0.121 seconds
[2023-06-29T23:59:52.507+0000] {processor.py:156} INFO - Started process (PID=1483) to work on /home/airflow/.local/lib/python3.7/site-packages/airflow/example_dags/example_branch_operator.py
[2023-06-29T23:59:52.508+0000] {processor.py:799} INFO - Processing file /home/airflow/.local/lib/python3.7/site-packages/airflow/example_dags/example_branch_operator.py for tasks to queue
[2023-06-29T23:59:52.509+0000] {logging_mixin.py:149} INFO - [2023-06-29T23:59:52.508+0000] {dagbag.py:541} INFO - Filling up the DagBag from /home/airflow/.local/lib/python3.7/site-packages/airflow/example_dags/example_branch_operator.py
[2023-06-29T23:59:52.521+0000] {processor.py:809} INFO - DAG(s) dict_keys(['example_branch_operator']) retrieved from /home/airflow/.local/lib/python3.7/site-packages/airflow/example_dags/example_branch_operator.py
[2023-06-29T23:59:52.556+0000] {logging_mixin.py:149} INFO - [2023-06-29T23:59:52.556+0000] {dag.py:2726} INFO - Sync 1 DAGs
[2023-06-29T23:59:52.594+0000] {logging_mixin.py:149} INFO - [2023-06-29T23:59:52.594+0000] {dag.py:3490} INFO - Setting next_dagrun for example_branch_operator to 2023-06-28T00:00:00+00:00, run_after=2023-06-29T00:00:00+00:00
[2023-06-29T23:59:52.619+0000] {processor.py:178} INFO - Processing /home/airflow/.local/lib/python3.7/site-packages/airflow/example_dags/example_branch_operator.py took 0.116 seconds
