[2023-06-29T23:47:06.382+0000] {processor.py:156} INFO - Started process (PID=55) to work on /home/airflow/.local/lib/python3.7/site-packages/airflow/example_dags/example_complex.py
[2023-06-29T23:47:06.383+0000] {processor.py:799} INFO - Processing file /home/airflow/.local/lib/python3.7/site-packages/airflow/example_dags/example_complex.py for tasks to queue
[2023-06-29T23:47:06.384+0000] {logging_mixin.py:149} INFO - [2023-06-29T23:47:06.384+0000] {dagbag.py:541} INFO - Filling up the DagBag from /home/airflow/.local/lib/python3.7/site-packages/airflow/example_dags/example_complex.py
[2023-06-29T23:47:06.419+0000] {logging_mixin.py:149} INFO - [2023-06-29T23:47:06.418+0000] {taskmixin.py:211} WARNING - Dependency <Task(BashOperator): create_entry_group>, delete_entry_group already registered for DAG: example_complex
[2023-06-29T23:47:06.423+0000] {logging_mixin.py:149} INFO - [2023-06-29T23:47:06.423+0000] {taskmixin.py:211} WARNING - Dependency <Task(BashOperator): delete_entry_group>, create_entry_group already registered for DAG: example_complex
[2023-06-29T23:47:06.425+0000] {logging_mixin.py:149} INFO - [2023-06-29T23:47:06.423+0000] {taskmixin.py:211} WARNING - Dependency <Task(BashOperator): create_entry_gcs>, delete_entry already registered for DAG: example_complex
[2023-06-29T23:47:06.425+0000] {logging_mixin.py:149} INFO - [2023-06-29T23:47:06.425+0000] {taskmixin.py:211} WARNING - Dependency <Task(BashOperator): delete_entry>, create_entry_gcs already registered for DAG: example_complex
[2023-06-29T23:47:06.426+0000] {logging_mixin.py:149} INFO - [2023-06-29T23:47:06.426+0000] {taskmixin.py:211} WARNING - Dependency <Task(BashOperator): create_tag>, delete_tag already registered for DAG: example_complex
[2023-06-29T23:47:06.428+0000] {logging_mixin.py:149} INFO - [2023-06-29T23:47:06.426+0000] {taskmixin.py:211} WARNING - Dependency <Task(BashOperator): delete_tag>, create_tag already registered for DAG: example_complex
[2023-06-29T23:47:06.434+0000] {processor.py:809} INFO - DAG(s) dict_keys(['example_complex']) retrieved from /home/airflow/.local/lib/python3.7/site-packages/airflow/example_dags/example_complex.py
[2023-06-29T23:47:06.540+0000] {logging_mixin.py:149} INFO - [2023-06-29T23:47:06.540+0000] {dag.py:2726} INFO - Sync 1 DAGs
[2023-06-29T23:47:06.625+0000] {logging_mixin.py:149} INFO - [2023-06-29T23:47:06.622+0000] {dag.py:3490} INFO - Setting next_dagrun for example_complex to None, run_after=None
[2023-06-29T23:47:06.702+0000] {processor.py:178} INFO - Processing /home/airflow/.local/lib/python3.7/site-packages/airflow/example_dags/example_complex.py took 0.331 seconds
[2023-06-29T23:47:37.357+0000] {processor.py:156} INFO - Started process (PID=112) to work on /home/airflow/.local/lib/python3.7/site-packages/airflow/example_dags/example_complex.py
[2023-06-29T23:47:37.361+0000] {processor.py:799} INFO - Processing file /home/airflow/.local/lib/python3.7/site-packages/airflow/example_dags/example_complex.py for tasks to queue
[2023-06-29T23:47:37.362+0000] {logging_mixin.py:149} INFO - [2023-06-29T23:47:37.362+0000] {dagbag.py:541} INFO - Filling up the DagBag from /home/airflow/.local/lib/python3.7/site-packages/airflow/example_dags/example_complex.py
[2023-06-29T23:47:37.376+0000] {logging_mixin.py:149} INFO - [2023-06-29T23:47:37.375+0000] {taskmixin.py:211} WARNING - Dependency <Task(BashOperator): create_entry_group>, delete_entry_group already registered for DAG: example_complex
[2023-06-29T23:47:37.376+0000] {logging_mixin.py:149} INFO - [2023-06-29T23:47:37.376+0000] {taskmixin.py:211} WARNING - Dependency <Task(BashOperator): delete_entry_group>, create_entry_group already registered for DAG: example_complex
[2023-06-29T23:47:37.376+0000] {logging_mixin.py:149} INFO - [2023-06-29T23:47:37.376+0000] {taskmixin.py:211} WARNING - Dependency <Task(BashOperator): create_entry_gcs>, delete_entry already registered for DAG: example_complex
[2023-06-29T23:47:37.377+0000] {logging_mixin.py:149} INFO - [2023-06-29T23:47:37.376+0000] {taskmixin.py:211} WARNING - Dependency <Task(BashOperator): delete_entry>, create_entry_gcs already registered for DAG: example_complex
[2023-06-29T23:47:37.377+0000] {logging_mixin.py:149} INFO - [2023-06-29T23:47:37.377+0000] {taskmixin.py:211} WARNING - Dependency <Task(BashOperator): create_tag>, delete_tag already registered for DAG: example_complex
[2023-06-29T23:47:37.377+0000] {logging_mixin.py:149} INFO - [2023-06-29T23:47:37.377+0000] {taskmixin.py:211} WARNING - Dependency <Task(BashOperator): delete_tag>, create_tag already registered for DAG: example_complex
[2023-06-29T23:47:37.379+0000] {processor.py:809} INFO - DAG(s) dict_keys(['example_complex']) retrieved from /home/airflow/.local/lib/python3.7/site-packages/airflow/example_dags/example_complex.py
[2023-06-29T23:47:37.427+0000] {logging_mixin.py:149} INFO - [2023-06-29T23:47:37.427+0000] {dag.py:2726} INFO - Sync 1 DAGs
[2023-06-29T23:47:37.460+0000] {logging_mixin.py:149} INFO - [2023-06-29T23:47:37.460+0000] {dag.py:3490} INFO - Setting next_dagrun for example_complex to None, run_after=None
[2023-06-29T23:47:37.484+0000] {processor.py:178} INFO - Processing /home/airflow/.local/lib/python3.7/site-packages/airflow/example_dags/example_complex.py took 0.131 seconds
[2023-06-29T23:48:07.852+0000] {processor.py:156} INFO - Started process (PID=169) to work on /home/airflow/.local/lib/python3.7/site-packages/airflow/example_dags/example_complex.py
[2023-06-29T23:48:07.853+0000] {processor.py:799} INFO - Processing file /home/airflow/.local/lib/python3.7/site-packages/airflow/example_dags/example_complex.py for tasks to queue
[2023-06-29T23:48:07.853+0000] {logging_mixin.py:149} INFO - [2023-06-29T23:48:07.853+0000] {dagbag.py:541} INFO - Filling up the DagBag from /home/airflow/.local/lib/python3.7/site-packages/airflow/example_dags/example_complex.py
[2023-06-29T23:48:07.867+0000] {logging_mixin.py:149} INFO - [2023-06-29T23:48:07.867+0000] {taskmixin.py:211} WARNING - Dependency <Task(BashOperator): create_entry_group>, delete_entry_group already registered for DAG: example_complex
[2023-06-29T23:48:07.867+0000] {logging_mixin.py:149} INFO - [2023-06-29T23:48:07.867+0000] {taskmixin.py:211} WARNING - Dependency <Task(BashOperator): delete_entry_group>, create_entry_group already registered for DAG: example_complex
[2023-06-29T23:48:07.867+0000] {logging_mixin.py:149} INFO - [2023-06-29T23:48:07.867+0000] {taskmixin.py:211} WARNING - Dependency <Task(BashOperator): create_entry_gcs>, delete_entry already registered for DAG: example_complex
[2023-06-29T23:48:07.868+0000] {logging_mixin.py:149} INFO - [2023-06-29T23:48:07.867+0000] {taskmixin.py:211} WARNING - Dependency <Task(BashOperator): delete_entry>, create_entry_gcs already registered for DAG: example_complex
[2023-06-29T23:48:07.868+0000] {logging_mixin.py:149} INFO - [2023-06-29T23:48:07.868+0000] {taskmixin.py:211} WARNING - Dependency <Task(BashOperator): create_tag>, delete_tag already registered for DAG: example_complex
[2023-06-29T23:48:07.868+0000] {logging_mixin.py:149} INFO - [2023-06-29T23:48:07.868+0000] {taskmixin.py:211} WARNING - Dependency <Task(BashOperator): delete_tag>, create_tag already registered for DAG: example_complex
[2023-06-29T23:48:07.870+0000] {processor.py:809} INFO - DAG(s) dict_keys(['example_complex']) retrieved from /home/airflow/.local/lib/python3.7/site-packages/airflow/example_dags/example_complex.py
[2023-06-29T23:48:07.916+0000] {logging_mixin.py:149} INFO - [2023-06-29T23:48:07.915+0000] {dag.py:2726} INFO - Sync 1 DAGs
[2023-06-29T23:48:07.950+0000] {logging_mixin.py:149} INFO - [2023-06-29T23:48:07.950+0000] {dag.py:3490} INFO - Setting next_dagrun for example_complex to None, run_after=None
[2023-06-29T23:48:07.973+0000] {processor.py:178} INFO - Processing /home/airflow/.local/lib/python3.7/site-packages/airflow/example_dags/example_complex.py took 0.126 seconds
[2023-06-29T23:48:38.084+0000] {processor.py:156} INFO - Started process (PID=226) to work on /home/airflow/.local/lib/python3.7/site-packages/airflow/example_dags/example_complex.py
[2023-06-29T23:48:38.086+0000] {processor.py:799} INFO - Processing file /home/airflow/.local/lib/python3.7/site-packages/airflow/example_dags/example_complex.py for tasks to queue
[2023-06-29T23:48:38.086+0000] {logging_mixin.py:149} INFO - [2023-06-29T23:48:38.086+0000] {dagbag.py:541} INFO - Filling up the DagBag from /home/airflow/.local/lib/python3.7/site-packages/airflow/example_dags/example_complex.py
[2023-06-29T23:48:38.100+0000] {logging_mixin.py:149} INFO - [2023-06-29T23:48:38.100+0000] {taskmixin.py:211} WARNING - Dependency <Task(BashOperator): create_entry_group>, delete_entry_group already registered for DAG: example_complex
[2023-06-29T23:48:38.100+0000] {logging_mixin.py:149} INFO - [2023-06-29T23:48:38.100+0000] {taskmixin.py:211} WARNING - Dependency <Task(BashOperator): delete_entry_group>, create_entry_group already registered for DAG: example_complex
[2023-06-29T23:48:38.100+0000] {logging_mixin.py:149} INFO - [2023-06-29T23:48:38.100+0000] {taskmixin.py:211} WARNING - Dependency <Task(BashOperator): create_entry_gcs>, delete_entry already registered for DAG: example_complex
[2023-06-29T23:48:38.101+0000] {logging_mixin.py:149} INFO - [2023-06-29T23:48:38.100+0000] {taskmixin.py:211} WARNING - Dependency <Task(BashOperator): delete_entry>, create_entry_gcs already registered for DAG: example_complex
[2023-06-29T23:48:38.101+0000] {logging_mixin.py:149} INFO - [2023-06-29T23:48:38.101+0000] {taskmixin.py:211} WARNING - Dependency <Task(BashOperator): create_tag>, delete_tag already registered for DAG: example_complex
[2023-06-29T23:48:38.101+0000] {logging_mixin.py:149} INFO - [2023-06-29T23:48:38.101+0000] {taskmixin.py:211} WARNING - Dependency <Task(BashOperator): delete_tag>, create_tag already registered for DAG: example_complex
[2023-06-29T23:48:38.103+0000] {processor.py:809} INFO - DAG(s) dict_keys(['example_complex']) retrieved from /home/airflow/.local/lib/python3.7/site-packages/airflow/example_dags/example_complex.py
[2023-06-29T23:48:38.149+0000] {logging_mixin.py:149} INFO - [2023-06-29T23:48:38.148+0000] {dag.py:2726} INFO - Sync 1 DAGs
[2023-06-29T23:48:38.183+0000] {logging_mixin.py:149} INFO - [2023-06-29T23:48:38.183+0000] {dag.py:3490} INFO - Setting next_dagrun for example_complex to None, run_after=None
[2023-06-29T23:48:38.207+0000] {processor.py:178} INFO - Processing /home/airflow/.local/lib/python3.7/site-packages/airflow/example_dags/example_complex.py took 0.127 seconds
[2023-06-29T23:49:08.328+0000] {processor.py:156} INFO - Started process (PID=283) to work on /home/airflow/.local/lib/python3.7/site-packages/airflow/example_dags/example_complex.py
[2023-06-29T23:49:08.329+0000] {processor.py:799} INFO - Processing file /home/airflow/.local/lib/python3.7/site-packages/airflow/example_dags/example_complex.py for tasks to queue
[2023-06-29T23:49:08.329+0000] {logging_mixin.py:149} INFO - [2023-06-29T23:49:08.329+0000] {dagbag.py:541} INFO - Filling up the DagBag from /home/airflow/.local/lib/python3.7/site-packages/airflow/example_dags/example_complex.py
[2023-06-29T23:49:08.343+0000] {logging_mixin.py:149} INFO - [2023-06-29T23:49:08.343+0000] {taskmixin.py:211} WARNING - Dependency <Task(BashOperator): create_entry_group>, delete_entry_group already registered for DAG: example_complex
[2023-06-29T23:49:08.343+0000] {logging_mixin.py:149} INFO - [2023-06-29T23:49:08.343+0000] {taskmixin.py:211} WARNING - Dependency <Task(BashOperator): delete_entry_group>, create_entry_group already registered for DAG: example_complex
[2023-06-29T23:49:08.344+0000] {logging_mixin.py:149} INFO - [2023-06-29T23:49:08.344+0000] {taskmixin.py:211} WARNING - Dependency <Task(BashOperator): create_entry_gcs>, delete_entry already registered for DAG: example_complex
[2023-06-29T23:49:08.344+0000] {logging_mixin.py:149} INFO - [2023-06-29T23:49:08.344+0000] {taskmixin.py:211} WARNING - Dependency <Task(BashOperator): delete_entry>, create_entry_gcs already registered for DAG: example_complex
[2023-06-29T23:49:08.344+0000] {logging_mixin.py:149} INFO - [2023-06-29T23:49:08.344+0000] {taskmixin.py:211} WARNING - Dependency <Task(BashOperator): create_tag>, delete_tag already registered for DAG: example_complex
[2023-06-29T23:49:08.345+0000] {logging_mixin.py:149} INFO - [2023-06-29T23:49:08.345+0000] {taskmixin.py:211} WARNING - Dependency <Task(BashOperator): delete_tag>, create_tag already registered for DAG: example_complex
[2023-06-29T23:49:08.347+0000] {processor.py:809} INFO - DAG(s) dict_keys(['example_complex']) retrieved from /home/airflow/.local/lib/python3.7/site-packages/airflow/example_dags/example_complex.py
[2023-06-29T23:49:08.393+0000] {logging_mixin.py:149} INFO - [2023-06-29T23:49:08.392+0000] {dag.py:2726} INFO - Sync 1 DAGs
[2023-06-29T23:49:08.425+0000] {logging_mixin.py:149} INFO - [2023-06-29T23:49:08.425+0000] {dag.py:3490} INFO - Setting next_dagrun for example_complex to None, run_after=None
[2023-06-29T23:49:08.449+0000] {processor.py:178} INFO - Processing /home/airflow/.local/lib/python3.7/site-packages/airflow/example_dags/example_complex.py took 0.125 seconds
[2023-06-29T23:49:38.764+0000] {processor.py:156} INFO - Started process (PID=341) to work on /home/airflow/.local/lib/python3.7/site-packages/airflow/example_dags/example_complex.py
[2023-06-29T23:49:38.767+0000] {processor.py:799} INFO - Processing file /home/airflow/.local/lib/python3.7/site-packages/airflow/example_dags/example_complex.py for tasks to queue
[2023-06-29T23:49:38.767+0000] {logging_mixin.py:149} INFO - [2023-06-29T23:49:38.767+0000] {dagbag.py:541} INFO - Filling up the DagBag from /home/airflow/.local/lib/python3.7/site-packages/airflow/example_dags/example_complex.py
[2023-06-29T23:49:38.781+0000] {logging_mixin.py:149} INFO - [2023-06-29T23:49:38.781+0000] {taskmixin.py:211} WARNING - Dependency <Task(BashOperator): create_entry_group>, delete_entry_group already registered for DAG: example_complex
[2023-06-29T23:49:38.781+0000] {logging_mixin.py:149} INFO - [2023-06-29T23:49:38.781+0000] {taskmixin.py:211} WARNING - Dependency <Task(BashOperator): delete_entry_group>, create_entry_group already registered for DAG: example_complex
[2023-06-29T23:49:38.782+0000] {logging_mixin.py:149} INFO - [2023-06-29T23:49:38.781+0000] {taskmixin.py:211} WARNING - Dependency <Task(BashOperator): create_entry_gcs>, delete_entry already registered for DAG: example_complex
[2023-06-29T23:49:38.782+0000] {logging_mixin.py:149} INFO - [2023-06-29T23:49:38.782+0000] {taskmixin.py:211} WARNING - Dependency <Task(BashOperator): delete_entry>, create_entry_gcs already registered for DAG: example_complex
[2023-06-29T23:49:38.782+0000] {logging_mixin.py:149} INFO - [2023-06-29T23:49:38.782+0000] {taskmixin.py:211} WARNING - Dependency <Task(BashOperator): create_tag>, delete_tag already registered for DAG: example_complex
[2023-06-29T23:49:38.783+0000] {logging_mixin.py:149} INFO - [2023-06-29T23:49:38.782+0000] {taskmixin.py:211} WARNING - Dependency <Task(BashOperator): delete_tag>, create_tag already registered for DAG: example_complex
[2023-06-29T23:49:38.785+0000] {processor.py:809} INFO - DAG(s) dict_keys(['example_complex']) retrieved from /home/airflow/.local/lib/python3.7/site-packages/airflow/example_dags/example_complex.py
[2023-06-29T23:49:38.832+0000] {logging_mixin.py:149} INFO - [2023-06-29T23:49:38.832+0000] {dag.py:2726} INFO - Sync 1 DAGs
[2023-06-29T23:49:38.865+0000] {logging_mixin.py:149} INFO - [2023-06-29T23:49:38.865+0000] {dag.py:3490} INFO - Setting next_dagrun for example_complex to None, run_after=None
[2023-06-29T23:49:38.888+0000] {processor.py:178} INFO - Processing /home/airflow/.local/lib/python3.7/site-packages/airflow/example_dags/example_complex.py took 0.128 seconds
[2023-06-29T23:50:09.422+0000] {processor.py:156} INFO - Started process (PID=397) to work on /home/airflow/.local/lib/python3.7/site-packages/airflow/example_dags/example_complex.py
[2023-06-29T23:50:09.423+0000] {processor.py:799} INFO - Processing file /home/airflow/.local/lib/python3.7/site-packages/airflow/example_dags/example_complex.py for tasks to queue
[2023-06-29T23:50:09.423+0000] {logging_mixin.py:149} INFO - [2023-06-29T23:50:09.423+0000] {dagbag.py:541} INFO - Filling up the DagBag from /home/airflow/.local/lib/python3.7/site-packages/airflow/example_dags/example_complex.py
[2023-06-29T23:50:09.437+0000] {logging_mixin.py:149} INFO - [2023-06-29T23:50:09.436+0000] {taskmixin.py:211} WARNING - Dependency <Task(BashOperator): create_entry_group>, delete_entry_group already registered for DAG: example_complex
[2023-06-29T23:50:09.437+0000] {logging_mixin.py:149} INFO - [2023-06-29T23:50:09.437+0000] {taskmixin.py:211} WARNING - Dependency <Task(BashOperator): delete_entry_group>, create_entry_group already registered for DAG: example_complex
[2023-06-29T23:50:09.437+0000] {logging_mixin.py:149} INFO - [2023-06-29T23:50:09.437+0000] {taskmixin.py:211} WARNING - Dependency <Task(BashOperator): create_entry_gcs>, delete_entry already registered for DAG: example_complex
[2023-06-29T23:50:09.438+0000] {logging_mixin.py:149} INFO - [2023-06-29T23:50:09.437+0000] {taskmixin.py:211} WARNING - Dependency <Task(BashOperator): delete_entry>, create_entry_gcs already registered for DAG: example_complex
[2023-06-29T23:50:09.438+0000] {logging_mixin.py:149} INFO - [2023-06-29T23:50:09.438+0000] {taskmixin.py:211} WARNING - Dependency <Task(BashOperator): create_tag>, delete_tag already registered for DAG: example_complex
[2023-06-29T23:50:09.438+0000] {logging_mixin.py:149} INFO - [2023-06-29T23:50:09.438+0000] {taskmixin.py:211} WARNING - Dependency <Task(BashOperator): delete_tag>, create_tag already registered for DAG: example_complex
[2023-06-29T23:50:09.440+0000] {processor.py:809} INFO - DAG(s) dict_keys(['example_complex']) retrieved from /home/airflow/.local/lib/python3.7/site-packages/airflow/example_dags/example_complex.py
[2023-06-29T23:50:09.485+0000] {logging_mixin.py:149} INFO - [2023-06-29T23:50:09.485+0000] {dag.py:2726} INFO - Sync 1 DAGs
[2023-06-29T23:50:09.519+0000] {logging_mixin.py:149} INFO - [2023-06-29T23:50:09.519+0000] {dag.py:3490} INFO - Setting next_dagrun for example_complex to None, run_after=None
[2023-06-29T23:50:09.541+0000] {processor.py:178} INFO - Processing /home/airflow/.local/lib/python3.7/site-packages/airflow/example_dags/example_complex.py took 0.124 seconds
[2023-06-29T23:50:40.006+0000] {processor.py:156} INFO - Started process (PID=454) to work on /home/airflow/.local/lib/python3.7/site-packages/airflow/example_dags/example_complex.py
[2023-06-29T23:50:40.011+0000] {processor.py:799} INFO - Processing file /home/airflow/.local/lib/python3.7/site-packages/airflow/example_dags/example_complex.py for tasks to queue
[2023-06-29T23:50:40.012+0000] {logging_mixin.py:149} INFO - [2023-06-29T23:50:40.012+0000] {dagbag.py:541} INFO - Filling up the DagBag from /home/airflow/.local/lib/python3.7/site-packages/airflow/example_dags/example_complex.py
[2023-06-29T23:50:40.027+0000] {logging_mixin.py:149} INFO - [2023-06-29T23:50:40.027+0000] {taskmixin.py:211} WARNING - Dependency <Task(BashOperator): create_entry_group>, delete_entry_group already registered for DAG: example_complex
[2023-06-29T23:50:40.028+0000] {logging_mixin.py:149} INFO - [2023-06-29T23:50:40.028+0000] {taskmixin.py:211} WARNING - Dependency <Task(BashOperator): delete_entry_group>, create_entry_group already registered for DAG: example_complex
[2023-06-29T23:50:40.033+0000] {logging_mixin.py:149} INFO - [2023-06-29T23:50:40.029+0000] {taskmixin.py:211} WARNING - Dependency <Task(BashOperator): create_entry_gcs>, delete_entry already registered for DAG: example_complex
[2023-06-29T23:50:40.033+0000] {logging_mixin.py:149} INFO - [2023-06-29T23:50:40.033+0000] {taskmixin.py:211} WARNING - Dependency <Task(BashOperator): delete_entry>, create_entry_gcs already registered for DAG: example_complex
[2023-06-29T23:50:40.033+0000] {logging_mixin.py:149} INFO - [2023-06-29T23:50:40.033+0000] {taskmixin.py:211} WARNING - Dependency <Task(BashOperator): create_tag>, delete_tag already registered for DAG: example_complex
[2023-06-29T23:50:40.035+0000] {logging_mixin.py:149} INFO - [2023-06-29T23:50:40.035+0000] {taskmixin.py:211} WARNING - Dependency <Task(BashOperator): delete_tag>, create_tag already registered for DAG: example_complex
[2023-06-29T23:50:40.037+0000] {processor.py:809} INFO - DAG(s) dict_keys(['example_complex']) retrieved from /home/airflow/.local/lib/python3.7/site-packages/airflow/example_dags/example_complex.py
[2023-06-29T23:50:40.106+0000] {logging_mixin.py:149} INFO - [2023-06-29T23:50:40.106+0000] {dag.py:2726} INFO - Sync 1 DAGs
[2023-06-29T23:50:40.150+0000] {logging_mixin.py:149} INFO - [2023-06-29T23:50:40.150+0000] {dag.py:3490} INFO - Setting next_dagrun for example_complex to None, run_after=None
[2023-06-29T23:50:40.182+0000] {processor.py:178} INFO - Processing /home/airflow/.local/lib/python3.7/site-packages/airflow/example_dags/example_complex.py took 0.179 seconds
[2023-06-29T23:51:10.812+0000] {processor.py:156} INFO - Started process (PID=511) to work on /home/airflow/.local/lib/python3.7/site-packages/airflow/example_dags/example_complex.py
[2023-06-29T23:51:10.814+0000] {processor.py:799} INFO - Processing file /home/airflow/.local/lib/python3.7/site-packages/airflow/example_dags/example_complex.py for tasks to queue
[2023-06-29T23:51:10.815+0000] {logging_mixin.py:149} INFO - [2023-06-29T23:51:10.815+0000] {dagbag.py:541} INFO - Filling up the DagBag from /home/airflow/.local/lib/python3.7/site-packages/airflow/example_dags/example_complex.py
[2023-06-29T23:51:10.829+0000] {logging_mixin.py:149} INFO - [2023-06-29T23:51:10.828+0000] {taskmixin.py:211} WARNING - Dependency <Task(BashOperator): create_entry_group>, delete_entry_group already registered for DAG: example_complex
[2023-06-29T23:51:10.829+0000] {logging_mixin.py:149} INFO - [2023-06-29T23:51:10.829+0000] {taskmixin.py:211} WARNING - Dependency <Task(BashOperator): delete_entry_group>, create_entry_group already registered for DAG: example_complex
[2023-06-29T23:51:10.830+0000] {logging_mixin.py:149} INFO - [2023-06-29T23:51:10.830+0000] {taskmixin.py:211} WARNING - Dependency <Task(BashOperator): create_entry_gcs>, delete_entry already registered for DAG: example_complex
[2023-06-29T23:51:10.830+0000] {logging_mixin.py:149} INFO - [2023-06-29T23:51:10.830+0000] {taskmixin.py:211} WARNING - Dependency <Task(BashOperator): delete_entry>, create_entry_gcs already registered for DAG: example_complex
[2023-06-29T23:51:10.831+0000] {logging_mixin.py:149} INFO - [2023-06-29T23:51:10.831+0000] {taskmixin.py:211} WARNING - Dependency <Task(BashOperator): create_tag>, delete_tag already registered for DAG: example_complex
[2023-06-29T23:51:10.831+0000] {logging_mixin.py:149} INFO - [2023-06-29T23:51:10.831+0000] {taskmixin.py:211} WARNING - Dependency <Task(BashOperator): delete_tag>, create_tag already registered for DAG: example_complex
[2023-06-29T23:51:10.833+0000] {processor.py:809} INFO - DAG(s) dict_keys(['example_complex']) retrieved from /home/airflow/.local/lib/python3.7/site-packages/airflow/example_dags/example_complex.py
[2023-06-29T23:51:10.879+0000] {logging_mixin.py:149} INFO - [2023-06-29T23:51:10.879+0000] {dag.py:2726} INFO - Sync 1 DAGs
[2023-06-29T23:51:10.914+0000] {logging_mixin.py:149} INFO - [2023-06-29T23:51:10.914+0000] {dag.py:3490} INFO - Setting next_dagrun for example_complex to None, run_after=None
[2023-06-29T23:51:10.940+0000] {processor.py:178} INFO - Processing /home/airflow/.local/lib/python3.7/site-packages/airflow/example_dags/example_complex.py took 0.132 seconds
[2023-06-29T23:51:42.229+0000] {processor.py:156} INFO - Started process (PID=568) to work on /home/airflow/.local/lib/python3.7/site-packages/airflow/example_dags/example_complex.py
[2023-06-29T23:51:42.231+0000] {processor.py:799} INFO - Processing file /home/airflow/.local/lib/python3.7/site-packages/airflow/example_dags/example_complex.py for tasks to queue
[2023-06-29T23:51:42.234+0000] {logging_mixin.py:149} INFO - [2023-06-29T23:51:42.233+0000] {dagbag.py:541} INFO - Filling up the DagBag from /home/airflow/.local/lib/python3.7/site-packages/airflow/example_dags/example_complex.py
[2023-06-29T23:51:42.277+0000] {logging_mixin.py:149} INFO - [2023-06-29T23:51:42.276+0000] {taskmixin.py:211} WARNING - Dependency <Task(BashOperator): create_entry_group>, delete_entry_group already registered for DAG: example_complex
[2023-06-29T23:51:42.277+0000] {logging_mixin.py:149} INFO - [2023-06-29T23:51:42.277+0000] {taskmixin.py:211} WARNING - Dependency <Task(BashOperator): delete_entry_group>, create_entry_group already registered for DAG: example_complex
[2023-06-29T23:51:42.278+0000] {logging_mixin.py:149} INFO - [2023-06-29T23:51:42.278+0000] {taskmixin.py:211} WARNING - Dependency <Task(BashOperator): create_entry_gcs>, delete_entry already registered for DAG: example_complex
[2023-06-29T23:51:42.279+0000] {logging_mixin.py:149} INFO - [2023-06-29T23:51:42.278+0000] {taskmixin.py:211} WARNING - Dependency <Task(BashOperator): delete_entry>, create_entry_gcs already registered for DAG: example_complex
[2023-06-29T23:51:42.284+0000] {logging_mixin.py:149} INFO - [2023-06-29T23:51:42.284+0000] {taskmixin.py:211} WARNING - Dependency <Task(BashOperator): create_tag>, delete_tag already registered for DAG: example_complex
[2023-06-29T23:51:42.284+0000] {logging_mixin.py:149} INFO - [2023-06-29T23:51:42.284+0000] {taskmixin.py:211} WARNING - Dependency <Task(BashOperator): delete_tag>, create_tag already registered for DAG: example_complex
[2023-06-29T23:51:42.287+0000] {processor.py:809} INFO - DAG(s) dict_keys(['example_complex']) retrieved from /home/airflow/.local/lib/python3.7/site-packages/airflow/example_dags/example_complex.py
[2023-06-29T23:51:42.341+0000] {logging_mixin.py:149} INFO - [2023-06-29T23:51:42.341+0000] {dag.py:2726} INFO - Sync 1 DAGs
[2023-06-29T23:51:42.374+0000] {logging_mixin.py:149} INFO - [2023-06-29T23:51:42.374+0000] {dag.py:3490} INFO - Setting next_dagrun for example_complex to None, run_after=None
[2023-06-29T23:51:42.396+0000] {processor.py:178} INFO - Processing /home/airflow/.local/lib/python3.7/site-packages/airflow/example_dags/example_complex.py took 0.178 seconds
[2023-06-29T23:52:13.874+0000] {processor.py:156} INFO - Started process (PID=625) to work on /home/airflow/.local/lib/python3.7/site-packages/airflow/example_dags/example_complex.py
[2023-06-29T23:52:13.901+0000] {processor.py:799} INFO - Processing file /home/airflow/.local/lib/python3.7/site-packages/airflow/example_dags/example_complex.py for tasks to queue
[2023-06-29T23:52:13.905+0000] {logging_mixin.py:149} INFO - [2023-06-29T23:52:13.902+0000] {dagbag.py:541} INFO - Filling up the DagBag from /home/airflow/.local/lib/python3.7/site-packages/airflow/example_dags/example_complex.py
[2023-06-29T23:52:13.964+0000] {logging_mixin.py:149} INFO - [2023-06-29T23:52:13.963+0000] {taskmixin.py:211} WARNING - Dependency <Task(BashOperator): create_entry_group>, delete_entry_group already registered for DAG: example_complex
[2023-06-29T23:52:13.964+0000] {logging_mixin.py:149} INFO - [2023-06-29T23:52:13.964+0000] {taskmixin.py:211} WARNING - Dependency <Task(BashOperator): delete_entry_group>, create_entry_group already registered for DAG: example_complex
[2023-06-29T23:52:13.965+0000] {logging_mixin.py:149} INFO - [2023-06-29T23:52:13.965+0000] {taskmixin.py:211} WARNING - Dependency <Task(BashOperator): create_entry_gcs>, delete_entry already registered for DAG: example_complex
[2023-06-29T23:52:13.965+0000] {logging_mixin.py:149} INFO - [2023-06-29T23:52:13.965+0000] {taskmixin.py:211} WARNING - Dependency <Task(BashOperator): delete_entry>, create_entry_gcs already registered for DAG: example_complex
[2023-06-29T23:52:13.979+0000] {logging_mixin.py:149} INFO - [2023-06-29T23:52:13.979+0000] {taskmixin.py:211} WARNING - Dependency <Task(BashOperator): create_tag>, delete_tag already registered for DAG: example_complex
[2023-06-29T23:52:13.980+0000] {logging_mixin.py:149} INFO - [2023-06-29T23:52:13.979+0000] {taskmixin.py:211} WARNING - Dependency <Task(BashOperator): delete_tag>, create_tag already registered for DAG: example_complex
[2023-06-29T23:52:13.982+0000] {processor.py:809} INFO - DAG(s) dict_keys(['example_complex']) retrieved from /home/airflow/.local/lib/python3.7/site-packages/airflow/example_dags/example_complex.py
[2023-06-29T23:52:14.072+0000] {logging_mixin.py:149} INFO - [2023-06-29T23:52:14.071+0000] {dag.py:2726} INFO - Sync 1 DAGs
[2023-06-29T23:52:14.134+0000] {logging_mixin.py:149} INFO - [2023-06-29T23:52:14.134+0000] {dag.py:3490} INFO - Setting next_dagrun for example_complex to None, run_after=None
[2023-06-29T23:52:14.197+0000] {processor.py:178} INFO - Processing /home/airflow/.local/lib/python3.7/site-packages/airflow/example_dags/example_complex.py took 0.338 seconds
[2023-06-29T23:52:45.076+0000] {processor.py:156} INFO - Started process (PID=682) to work on /home/airflow/.local/lib/python3.7/site-packages/airflow/example_dags/example_complex.py
[2023-06-29T23:52:45.085+0000] {processor.py:799} INFO - Processing file /home/airflow/.local/lib/python3.7/site-packages/airflow/example_dags/example_complex.py for tasks to queue
[2023-06-29T23:52:45.086+0000] {logging_mixin.py:149} INFO - [2023-06-29T23:52:45.086+0000] {dagbag.py:541} INFO - Filling up the DagBag from /home/airflow/.local/lib/python3.7/site-packages/airflow/example_dags/example_complex.py
[2023-06-29T23:52:45.110+0000] {logging_mixin.py:149} INFO - [2023-06-29T23:52:45.110+0000] {taskmixin.py:211} WARNING - Dependency <Task(BashOperator): create_entry_group>, delete_entry_group already registered for DAG: example_complex
[2023-06-29T23:52:45.111+0000] {logging_mixin.py:149} INFO - [2023-06-29T23:52:45.111+0000] {taskmixin.py:211} WARNING - Dependency <Task(BashOperator): delete_entry_group>, create_entry_group already registered for DAG: example_complex
[2023-06-29T23:52:45.111+0000] {logging_mixin.py:149} INFO - [2023-06-29T23:52:45.111+0000] {taskmixin.py:211} WARNING - Dependency <Task(BashOperator): create_entry_gcs>, delete_entry already registered for DAG: example_complex
[2023-06-29T23:52:45.112+0000] {logging_mixin.py:149} INFO - [2023-06-29T23:52:45.111+0000] {taskmixin.py:211} WARNING - Dependency <Task(BashOperator): delete_entry>, create_entry_gcs already registered for DAG: example_complex
[2023-06-29T23:52:45.112+0000] {logging_mixin.py:149} INFO - [2023-06-29T23:52:45.112+0000] {taskmixin.py:211} WARNING - Dependency <Task(BashOperator): create_tag>, delete_tag already registered for DAG: example_complex
[2023-06-29T23:52:45.113+0000] {logging_mixin.py:149} INFO - [2023-06-29T23:52:45.112+0000] {taskmixin.py:211} WARNING - Dependency <Task(BashOperator): delete_tag>, create_tag already registered for DAG: example_complex
[2023-06-29T23:52:45.115+0000] {processor.py:809} INFO - DAG(s) dict_keys(['example_complex']) retrieved from /home/airflow/.local/lib/python3.7/site-packages/airflow/example_dags/example_complex.py
[2023-06-29T23:52:45.174+0000] {logging_mixin.py:149} INFO - [2023-06-29T23:52:45.174+0000] {dag.py:2726} INFO - Sync 1 DAGs
[2023-06-29T23:52:45.214+0000] {logging_mixin.py:149} INFO - [2023-06-29T23:52:45.214+0000] {dag.py:3490} INFO - Setting next_dagrun for example_complex to None, run_after=None
[2023-06-29T23:52:45.281+0000] {processor.py:178} INFO - Processing /home/airflow/.local/lib/python3.7/site-packages/airflow/example_dags/example_complex.py took 0.208 seconds
[2023-06-29T23:53:15.315+0000] {processor.py:156} INFO - Started process (PID=739) to work on /home/airflow/.local/lib/python3.7/site-packages/airflow/example_dags/example_complex.py
[2023-06-29T23:53:15.316+0000] {processor.py:799} INFO - Processing file /home/airflow/.local/lib/python3.7/site-packages/airflow/example_dags/example_complex.py for tasks to queue
[2023-06-29T23:53:15.316+0000] {logging_mixin.py:149} INFO - [2023-06-29T23:53:15.316+0000] {dagbag.py:541} INFO - Filling up the DagBag from /home/airflow/.local/lib/python3.7/site-packages/airflow/example_dags/example_complex.py
[2023-06-29T23:53:15.330+0000] {logging_mixin.py:149} INFO - [2023-06-29T23:53:15.330+0000] {taskmixin.py:211} WARNING - Dependency <Task(BashOperator): create_entry_group>, delete_entry_group already registered for DAG: example_complex
[2023-06-29T23:53:15.330+0000] {logging_mixin.py:149} INFO - [2023-06-29T23:53:15.330+0000] {taskmixin.py:211} WARNING - Dependency <Task(BashOperator): delete_entry_group>, create_entry_group already registered for DAG: example_complex
[2023-06-29T23:53:15.330+0000] {logging_mixin.py:149} INFO - [2023-06-29T23:53:15.330+0000] {taskmixin.py:211} WARNING - Dependency <Task(BashOperator): create_entry_gcs>, delete_entry already registered for DAG: example_complex
[2023-06-29T23:53:15.331+0000] {logging_mixin.py:149} INFO - [2023-06-29T23:53:15.331+0000] {taskmixin.py:211} WARNING - Dependency <Task(BashOperator): delete_entry>, create_entry_gcs already registered for DAG: example_complex
[2023-06-29T23:53:15.331+0000] {logging_mixin.py:149} INFO - [2023-06-29T23:53:15.331+0000] {taskmixin.py:211} WARNING - Dependency <Task(BashOperator): create_tag>, delete_tag already registered for DAG: example_complex
[2023-06-29T23:53:15.331+0000] {logging_mixin.py:149} INFO - [2023-06-29T23:53:15.331+0000] {taskmixin.py:211} WARNING - Dependency <Task(BashOperator): delete_tag>, create_tag already registered for DAG: example_complex
[2023-06-29T23:53:15.333+0000] {processor.py:809} INFO - DAG(s) dict_keys(['example_complex']) retrieved from /home/airflow/.local/lib/python3.7/site-packages/airflow/example_dags/example_complex.py
[2023-06-29T23:53:15.380+0000] {logging_mixin.py:149} INFO - [2023-06-29T23:53:15.380+0000] {dag.py:2726} INFO - Sync 1 DAGs
[2023-06-29T23:53:15.413+0000] {logging_mixin.py:149} INFO - [2023-06-29T23:53:15.413+0000] {dag.py:3490} INFO - Setting next_dagrun for example_complex to None, run_after=None
[2023-06-29T23:53:15.437+0000] {processor.py:178} INFO - Processing /home/airflow/.local/lib/python3.7/site-packages/airflow/example_dags/example_complex.py took 0.127 seconds
[2023-06-29T23:53:46.206+0000] {processor.py:156} INFO - Started process (PID=796) to work on /home/airflow/.local/lib/python3.7/site-packages/airflow/example_dags/example_complex.py
[2023-06-29T23:53:46.207+0000] {processor.py:799} INFO - Processing file /home/airflow/.local/lib/python3.7/site-packages/airflow/example_dags/example_complex.py for tasks to queue
[2023-06-29T23:53:46.208+0000] {logging_mixin.py:149} INFO - [2023-06-29T23:53:46.208+0000] {dagbag.py:541} INFO - Filling up the DagBag from /home/airflow/.local/lib/python3.7/site-packages/airflow/example_dags/example_complex.py
[2023-06-29T23:53:46.221+0000] {logging_mixin.py:149} INFO - [2023-06-29T23:53:46.221+0000] {taskmixin.py:211} WARNING - Dependency <Task(BashOperator): create_entry_group>, delete_entry_group already registered for DAG: example_complex
[2023-06-29T23:53:46.222+0000] {logging_mixin.py:149} INFO - [2023-06-29T23:53:46.222+0000] {taskmixin.py:211} WARNING - Dependency <Task(BashOperator): delete_entry_group>, create_entry_group already registered for DAG: example_complex
[2023-06-29T23:53:46.222+0000] {logging_mixin.py:149} INFO - [2023-06-29T23:53:46.222+0000] {taskmixin.py:211} WARNING - Dependency <Task(BashOperator): create_entry_gcs>, delete_entry already registered for DAG: example_complex
[2023-06-29T23:53:46.223+0000] {logging_mixin.py:149} INFO - [2023-06-29T23:53:46.223+0000] {taskmixin.py:211} WARNING - Dependency <Task(BashOperator): delete_entry>, create_entry_gcs already registered for DAG: example_complex
[2023-06-29T23:53:46.223+0000] {logging_mixin.py:149} INFO - [2023-06-29T23:53:46.223+0000] {taskmixin.py:211} WARNING - Dependency <Task(BashOperator): create_tag>, delete_tag already registered for DAG: example_complex
[2023-06-29T23:53:46.224+0000] {logging_mixin.py:149} INFO - [2023-06-29T23:53:46.224+0000] {taskmixin.py:211} WARNING - Dependency <Task(BashOperator): delete_tag>, create_tag already registered for DAG: example_complex
[2023-06-29T23:53:46.226+0000] {processor.py:809} INFO - DAG(s) dict_keys(['example_complex']) retrieved from /home/airflow/.local/lib/python3.7/site-packages/airflow/example_dags/example_complex.py
[2023-06-29T23:53:46.284+0000] {logging_mixin.py:149} INFO - [2023-06-29T23:53:46.284+0000] {dag.py:2726} INFO - Sync 1 DAGs
[2023-06-29T23:53:46.361+0000] {logging_mixin.py:149} INFO - [2023-06-29T23:53:46.361+0000] {dag.py:3490} INFO - Setting next_dagrun for example_complex to None, run_after=None
[2023-06-29T23:53:46.411+0000] {processor.py:178} INFO - Processing /home/airflow/.local/lib/python3.7/site-packages/airflow/example_dags/example_complex.py took 0.210 seconds
[2023-06-29T23:54:16.569+0000] {processor.py:156} INFO - Started process (PID=860) to work on /home/airflow/.local/lib/python3.7/site-packages/airflow/example_dags/example_complex.py
[2023-06-29T23:54:16.570+0000] {processor.py:799} INFO - Processing file /home/airflow/.local/lib/python3.7/site-packages/airflow/example_dags/example_complex.py for tasks to queue
[2023-06-29T23:54:16.571+0000] {logging_mixin.py:149} INFO - [2023-06-29T23:54:16.571+0000] {dagbag.py:541} INFO - Filling up the DagBag from /home/airflow/.local/lib/python3.7/site-packages/airflow/example_dags/example_complex.py
[2023-06-29T23:54:16.587+0000] {logging_mixin.py:149} INFO - [2023-06-29T23:54:16.586+0000] {taskmixin.py:211} WARNING - Dependency <Task(BashOperator): create_entry_group>, delete_entry_group already registered for DAG: example_complex
[2023-06-29T23:54:16.587+0000] {logging_mixin.py:149} INFO - [2023-06-29T23:54:16.587+0000] {taskmixin.py:211} WARNING - Dependency <Task(BashOperator): delete_entry_group>, create_entry_group already registered for DAG: example_complex
[2023-06-29T23:54:16.588+0000] {logging_mixin.py:149} INFO - [2023-06-29T23:54:16.587+0000] {taskmixin.py:211} WARNING - Dependency <Task(BashOperator): create_entry_gcs>, delete_entry already registered for DAG: example_complex
[2023-06-29T23:54:16.588+0000] {logging_mixin.py:149} INFO - [2023-06-29T23:54:16.588+0000] {taskmixin.py:211} WARNING - Dependency <Task(BashOperator): delete_entry>, create_entry_gcs already registered for DAG: example_complex
[2023-06-29T23:54:16.589+0000] {logging_mixin.py:149} INFO - [2023-06-29T23:54:16.589+0000] {taskmixin.py:211} WARNING - Dependency <Task(BashOperator): create_tag>, delete_tag already registered for DAG: example_complex
[2023-06-29T23:54:16.589+0000] {logging_mixin.py:149} INFO - [2023-06-29T23:54:16.589+0000] {taskmixin.py:211} WARNING - Dependency <Task(BashOperator): delete_tag>, create_tag already registered for DAG: example_complex
[2023-06-29T23:54:16.591+0000] {processor.py:809} INFO - DAG(s) dict_keys(['example_complex']) retrieved from /home/airflow/.local/lib/python3.7/site-packages/airflow/example_dags/example_complex.py
[2023-06-29T23:54:16.642+0000] {logging_mixin.py:149} INFO - [2023-06-29T23:54:16.641+0000] {dag.py:2726} INFO - Sync 1 DAGs
[2023-06-29T23:54:16.679+0000] {logging_mixin.py:149} INFO - [2023-06-29T23:54:16.679+0000] {dag.py:3490} INFO - Setting next_dagrun for example_complex to None, run_after=None
[2023-06-29T23:54:16.703+0000] {processor.py:178} INFO - Processing /home/airflow/.local/lib/python3.7/site-packages/airflow/example_dags/example_complex.py took 0.138 seconds
[2023-06-29T23:54:47.765+0000] {processor.py:156} INFO - Started process (PID=917) to work on /home/airflow/.local/lib/python3.7/site-packages/airflow/example_dags/example_complex.py
[2023-06-29T23:54:47.768+0000] {processor.py:799} INFO - Processing file /home/airflow/.local/lib/python3.7/site-packages/airflow/example_dags/example_complex.py for tasks to queue
[2023-06-29T23:54:47.768+0000] {logging_mixin.py:149} INFO - [2023-06-29T23:54:47.768+0000] {dagbag.py:541} INFO - Filling up the DagBag from /home/airflow/.local/lib/python3.7/site-packages/airflow/example_dags/example_complex.py
[2023-06-29T23:54:47.800+0000] {logging_mixin.py:149} INFO - [2023-06-29T23:54:47.800+0000] {taskmixin.py:211} WARNING - Dependency <Task(BashOperator): create_entry_group>, delete_entry_group already registered for DAG: example_complex
[2023-06-29T23:54:47.801+0000] {logging_mixin.py:149} INFO - [2023-06-29T23:54:47.801+0000] {taskmixin.py:211} WARNING - Dependency <Task(BashOperator): delete_entry_group>, create_entry_group already registered for DAG: example_complex
[2023-06-29T23:54:47.801+0000] {logging_mixin.py:149} INFO - [2023-06-29T23:54:47.801+0000] {taskmixin.py:211} WARNING - Dependency <Task(BashOperator): create_entry_gcs>, delete_entry already registered for DAG: example_complex
[2023-06-29T23:54:47.801+0000] {logging_mixin.py:149} INFO - [2023-06-29T23:54:47.801+0000] {taskmixin.py:211} WARNING - Dependency <Task(BashOperator): delete_entry>, create_entry_gcs already registered for DAG: example_complex
[2023-06-29T23:54:47.802+0000] {logging_mixin.py:149} INFO - [2023-06-29T23:54:47.802+0000] {taskmixin.py:211} WARNING - Dependency <Task(BashOperator): create_tag>, delete_tag already registered for DAG: example_complex
[2023-06-29T23:54:47.802+0000] {logging_mixin.py:149} INFO - [2023-06-29T23:54:47.802+0000] {taskmixin.py:211} WARNING - Dependency <Task(BashOperator): delete_tag>, create_tag already registered for DAG: example_complex
[2023-06-29T23:54:47.804+0000] {processor.py:809} INFO - DAG(s) dict_keys(['example_complex']) retrieved from /home/airflow/.local/lib/python3.7/site-packages/airflow/example_dags/example_complex.py
[2023-06-29T23:54:47.921+0000] {logging_mixin.py:149} INFO - [2023-06-29T23:54:47.921+0000] {dag.py:2726} INFO - Sync 1 DAGs
[2023-06-29T23:54:47.995+0000] {logging_mixin.py:149} INFO - [2023-06-29T23:54:47.995+0000] {dag.py:3490} INFO - Setting next_dagrun for example_complex to None, run_after=None
[2023-06-29T23:54:48.046+0000] {processor.py:178} INFO - Processing /home/airflow/.local/lib/python3.7/site-packages/airflow/example_dags/example_complex.py took 0.286 seconds
[2023-06-29T23:55:18.250+0000] {processor.py:156} INFO - Started process (PID=973) to work on /home/airflow/.local/lib/python3.7/site-packages/airflow/example_dags/example_complex.py
[2023-06-29T23:55:18.251+0000] {processor.py:799} INFO - Processing file /home/airflow/.local/lib/python3.7/site-packages/airflow/example_dags/example_complex.py for tasks to queue
[2023-06-29T23:55:18.252+0000] {logging_mixin.py:149} INFO - [2023-06-29T23:55:18.252+0000] {dagbag.py:541} INFO - Filling up the DagBag from /home/airflow/.local/lib/python3.7/site-packages/airflow/example_dags/example_complex.py
[2023-06-29T23:55:18.279+0000] {logging_mixin.py:149} INFO - [2023-06-29T23:55:18.279+0000] {taskmixin.py:211} WARNING - Dependency <Task(BashOperator): create_entry_group>, delete_entry_group already registered for DAG: example_complex
[2023-06-29T23:55:18.283+0000] {logging_mixin.py:149} INFO - [2023-06-29T23:55:18.283+0000] {taskmixin.py:211} WARNING - Dependency <Task(BashOperator): delete_entry_group>, create_entry_group already registered for DAG: example_complex
[2023-06-29T23:55:18.283+0000] {logging_mixin.py:149} INFO - [2023-06-29T23:55:18.283+0000] {taskmixin.py:211} WARNING - Dependency <Task(BashOperator): create_entry_gcs>, delete_entry already registered for DAG: example_complex
[2023-06-29T23:55:18.284+0000] {logging_mixin.py:149} INFO - [2023-06-29T23:55:18.283+0000] {taskmixin.py:211} WARNING - Dependency <Task(BashOperator): delete_entry>, create_entry_gcs already registered for DAG: example_complex
[2023-06-29T23:55:18.284+0000] {logging_mixin.py:149} INFO - [2023-06-29T23:55:18.284+0000] {taskmixin.py:211} WARNING - Dependency <Task(BashOperator): create_tag>, delete_tag already registered for DAG: example_complex
[2023-06-29T23:55:18.287+0000] {logging_mixin.py:149} INFO - [2023-06-29T23:55:18.287+0000] {taskmixin.py:211} WARNING - Dependency <Task(BashOperator): delete_tag>, create_tag already registered for DAG: example_complex
[2023-06-29T23:55:18.289+0000] {processor.py:809} INFO - DAG(s) dict_keys(['example_complex']) retrieved from /home/airflow/.local/lib/python3.7/site-packages/airflow/example_dags/example_complex.py
[2023-06-29T23:55:18.405+0000] {logging_mixin.py:149} INFO - [2023-06-29T23:55:18.405+0000] {dag.py:2726} INFO - Sync 1 DAGs
[2023-06-29T23:55:18.525+0000] {logging_mixin.py:149} INFO - [2023-06-29T23:55:18.525+0000] {dag.py:3490} INFO - Setting next_dagrun for example_complex to None, run_after=None
[2023-06-29T23:55:18.645+0000] {processor.py:178} INFO - Processing /home/airflow/.local/lib/python3.7/site-packages/airflow/example_dags/example_complex.py took 0.411 seconds
[2023-06-29T23:55:48.727+0000] {processor.py:156} INFO - Started process (PID=1030) to work on /home/airflow/.local/lib/python3.7/site-packages/airflow/example_dags/example_complex.py
[2023-06-29T23:55:48.729+0000] {processor.py:799} INFO - Processing file /home/airflow/.local/lib/python3.7/site-packages/airflow/example_dags/example_complex.py for tasks to queue
[2023-06-29T23:55:48.730+0000] {logging_mixin.py:149} INFO - [2023-06-29T23:55:48.730+0000] {dagbag.py:541} INFO - Filling up the DagBag from /home/airflow/.local/lib/python3.7/site-packages/airflow/example_dags/example_complex.py
[2023-06-29T23:55:48.744+0000] {logging_mixin.py:149} INFO - [2023-06-29T23:55:48.744+0000] {taskmixin.py:211} WARNING - Dependency <Task(BashOperator): create_entry_group>, delete_entry_group already registered for DAG: example_complex
[2023-06-29T23:55:48.745+0000] {logging_mixin.py:149} INFO - [2023-06-29T23:55:48.745+0000] {taskmixin.py:211} WARNING - Dependency <Task(BashOperator): delete_entry_group>, create_entry_group already registered for DAG: example_complex
[2023-06-29T23:55:48.745+0000] {logging_mixin.py:149} INFO - [2023-06-29T23:55:48.745+0000] {taskmixin.py:211} WARNING - Dependency <Task(BashOperator): create_entry_gcs>, delete_entry already registered for DAG: example_complex
[2023-06-29T23:55:48.746+0000] {logging_mixin.py:149} INFO - [2023-06-29T23:55:48.746+0000] {taskmixin.py:211} WARNING - Dependency <Task(BashOperator): delete_entry>, create_entry_gcs already registered for DAG: example_complex
[2023-06-29T23:55:48.746+0000] {logging_mixin.py:149} INFO - [2023-06-29T23:55:48.746+0000] {taskmixin.py:211} WARNING - Dependency <Task(BashOperator): create_tag>, delete_tag already registered for DAG: example_complex
[2023-06-29T23:55:48.747+0000] {logging_mixin.py:149} INFO - [2023-06-29T23:55:48.747+0000] {taskmixin.py:211} WARNING - Dependency <Task(BashOperator): delete_tag>, create_tag already registered for DAG: example_complex
[2023-06-29T23:55:48.749+0000] {processor.py:809} INFO - DAG(s) dict_keys(['example_complex']) retrieved from /home/airflow/.local/lib/python3.7/site-packages/airflow/example_dags/example_complex.py
[2023-06-29T23:55:48.803+0000] {logging_mixin.py:149} INFO - [2023-06-29T23:55:48.803+0000] {dag.py:2726} INFO - Sync 1 DAGs
[2023-06-29T23:55:48.844+0000] {logging_mixin.py:149} INFO - [2023-06-29T23:55:48.843+0000] {dag.py:3490} INFO - Setting next_dagrun for example_complex to None, run_after=None
[2023-06-29T23:55:48.897+0000] {processor.py:178} INFO - Processing /home/airflow/.local/lib/python3.7/site-packages/airflow/example_dags/example_complex.py took 0.174 seconds
[2023-06-29T23:56:19.430+0000] {processor.py:156} INFO - Started process (PID=1086) to work on /home/airflow/.local/lib/python3.7/site-packages/airflow/example_dags/example_complex.py
[2023-06-29T23:56:19.437+0000] {processor.py:799} INFO - Processing file /home/airflow/.local/lib/python3.7/site-packages/airflow/example_dags/example_complex.py for tasks to queue
[2023-06-29T23:56:19.438+0000] {logging_mixin.py:149} INFO - [2023-06-29T23:56:19.437+0000] {dagbag.py:541} INFO - Filling up the DagBag from /home/airflow/.local/lib/python3.7/site-packages/airflow/example_dags/example_complex.py
[2023-06-29T23:56:19.452+0000] {logging_mixin.py:149} INFO - [2023-06-29T23:56:19.451+0000] {taskmixin.py:211} WARNING - Dependency <Task(BashOperator): create_entry_group>, delete_entry_group already registered for DAG: example_complex
[2023-06-29T23:56:19.452+0000] {logging_mixin.py:149} INFO - [2023-06-29T23:56:19.452+0000] {taskmixin.py:211} WARNING - Dependency <Task(BashOperator): delete_entry_group>, create_entry_group already registered for DAG: example_complex
[2023-06-29T23:56:19.453+0000] {logging_mixin.py:149} INFO - [2023-06-29T23:56:19.453+0000] {taskmixin.py:211} WARNING - Dependency <Task(BashOperator): create_entry_gcs>, delete_entry already registered for DAG: example_complex
[2023-06-29T23:56:19.453+0000] {logging_mixin.py:149} INFO - [2023-06-29T23:56:19.453+0000] {taskmixin.py:211} WARNING - Dependency <Task(BashOperator): delete_entry>, create_entry_gcs already registered for DAG: example_complex
[2023-06-29T23:56:19.454+0000] {logging_mixin.py:149} INFO - [2023-06-29T23:56:19.454+0000] {taskmixin.py:211} WARNING - Dependency <Task(BashOperator): create_tag>, delete_tag already registered for DAG: example_complex
[2023-06-29T23:56:19.454+0000] {logging_mixin.py:149} INFO - [2023-06-29T23:56:19.454+0000] {taskmixin.py:211} WARNING - Dependency <Task(BashOperator): delete_tag>, create_tag already registered for DAG: example_complex
[2023-06-29T23:56:19.456+0000] {processor.py:809} INFO - DAG(s) dict_keys(['example_complex']) retrieved from /home/airflow/.local/lib/python3.7/site-packages/airflow/example_dags/example_complex.py
[2023-06-29T23:56:19.504+0000] {logging_mixin.py:149} INFO - [2023-06-29T23:56:19.504+0000] {dag.py:2726} INFO - Sync 1 DAGs
[2023-06-29T23:56:19.560+0000] {logging_mixin.py:149} INFO - [2023-06-29T23:56:19.560+0000] {dag.py:3490} INFO - Setting next_dagrun for example_complex to None, run_after=None
[2023-06-29T23:56:19.596+0000] {processor.py:178} INFO - Processing /home/airflow/.local/lib/python3.7/site-packages/airflow/example_dags/example_complex.py took 0.171 seconds
[2023-06-29T23:56:49.820+0000] {processor.py:156} INFO - Started process (PID=1143) to work on /home/airflow/.local/lib/python3.7/site-packages/airflow/example_dags/example_complex.py
[2023-06-29T23:56:49.821+0000] {processor.py:799} INFO - Processing file /home/airflow/.local/lib/python3.7/site-packages/airflow/example_dags/example_complex.py for tasks to queue
[2023-06-29T23:56:49.822+0000] {logging_mixin.py:149} INFO - [2023-06-29T23:56:49.822+0000] {dagbag.py:541} INFO - Filling up the DagBag from /home/airflow/.local/lib/python3.7/site-packages/airflow/example_dags/example_complex.py
[2023-06-29T23:56:49.836+0000] {logging_mixin.py:149} INFO - [2023-06-29T23:56:49.836+0000] {taskmixin.py:211} WARNING - Dependency <Task(BashOperator): create_entry_group>, delete_entry_group already registered for DAG: example_complex
[2023-06-29T23:56:49.836+0000] {logging_mixin.py:149} INFO - [2023-06-29T23:56:49.836+0000] {taskmixin.py:211} WARNING - Dependency <Task(BashOperator): delete_entry_group>, create_entry_group already registered for DAG: example_complex
[2023-06-29T23:56:49.837+0000] {logging_mixin.py:149} INFO - [2023-06-29T23:56:49.836+0000] {taskmixin.py:211} WARNING - Dependency <Task(BashOperator): create_entry_gcs>, delete_entry already registered for DAG: example_complex
[2023-06-29T23:56:49.837+0000] {logging_mixin.py:149} INFO - [2023-06-29T23:56:49.837+0000] {taskmixin.py:211} WARNING - Dependency <Task(BashOperator): delete_entry>, create_entry_gcs already registered for DAG: example_complex
[2023-06-29T23:56:49.837+0000] {logging_mixin.py:149} INFO - [2023-06-29T23:56:49.837+0000] {taskmixin.py:211} WARNING - Dependency <Task(BashOperator): create_tag>, delete_tag already registered for DAG: example_complex
[2023-06-29T23:56:49.837+0000] {logging_mixin.py:149} INFO - [2023-06-29T23:56:49.837+0000] {taskmixin.py:211} WARNING - Dependency <Task(BashOperator): delete_tag>, create_tag already registered for DAG: example_complex
[2023-06-29T23:56:49.839+0000] {processor.py:809} INFO - DAG(s) dict_keys(['example_complex']) retrieved from /home/airflow/.local/lib/python3.7/site-packages/airflow/example_dags/example_complex.py
[2023-06-29T23:56:49.887+0000] {logging_mixin.py:149} INFO - [2023-06-29T23:56:49.887+0000] {dag.py:2726} INFO - Sync 1 DAGs
[2023-06-29T23:56:49.921+0000] {logging_mixin.py:149} INFO - [2023-06-29T23:56:49.921+0000] {dag.py:3490} INFO - Setting next_dagrun for example_complex to None, run_after=None
[2023-06-29T23:56:49.953+0000] {processor.py:178} INFO - Processing /home/airflow/.local/lib/python3.7/site-packages/airflow/example_dags/example_complex.py took 0.137 seconds
[2023-06-29T23:57:20.181+0000] {processor.py:156} INFO - Started process (PID=1200) to work on /home/airflow/.local/lib/python3.7/site-packages/airflow/example_dags/example_complex.py
[2023-06-29T23:57:20.183+0000] {processor.py:799} INFO - Processing file /home/airflow/.local/lib/python3.7/site-packages/airflow/example_dags/example_complex.py for tasks to queue
[2023-06-29T23:57:20.185+0000] {logging_mixin.py:149} INFO - [2023-06-29T23:57:20.185+0000] {dagbag.py:541} INFO - Filling up the DagBag from /home/airflow/.local/lib/python3.7/site-packages/airflow/example_dags/example_complex.py
[2023-06-29T23:57:20.200+0000] {logging_mixin.py:149} INFO - [2023-06-29T23:57:20.199+0000] {taskmixin.py:211} WARNING - Dependency <Task(BashOperator): create_entry_group>, delete_entry_group already registered for DAG: example_complex
[2023-06-29T23:57:20.200+0000] {logging_mixin.py:149} INFO - [2023-06-29T23:57:20.200+0000] {taskmixin.py:211} WARNING - Dependency <Task(BashOperator): delete_entry_group>, create_entry_group already registered for DAG: example_complex
[2023-06-29T23:57:20.201+0000] {logging_mixin.py:149} INFO - [2023-06-29T23:57:20.200+0000] {taskmixin.py:211} WARNING - Dependency <Task(BashOperator): create_entry_gcs>, delete_entry already registered for DAG: example_complex
[2023-06-29T23:57:20.201+0000] {logging_mixin.py:149} INFO - [2023-06-29T23:57:20.201+0000] {taskmixin.py:211} WARNING - Dependency <Task(BashOperator): delete_entry>, create_entry_gcs already registered for DAG: example_complex
[2023-06-29T23:57:20.202+0000] {logging_mixin.py:149} INFO - [2023-06-29T23:57:20.201+0000] {taskmixin.py:211} WARNING - Dependency <Task(BashOperator): create_tag>, delete_tag already registered for DAG: example_complex
[2023-06-29T23:57:20.202+0000] {logging_mixin.py:149} INFO - [2023-06-29T23:57:20.202+0000] {taskmixin.py:211} WARNING - Dependency <Task(BashOperator): delete_tag>, create_tag already registered for DAG: example_complex
[2023-06-29T23:57:20.204+0000] {processor.py:809} INFO - DAG(s) dict_keys(['example_complex']) retrieved from /home/airflow/.local/lib/python3.7/site-packages/airflow/example_dags/example_complex.py
[2023-06-29T23:57:20.253+0000] {logging_mixin.py:149} INFO - [2023-06-29T23:57:20.253+0000] {dag.py:2726} INFO - Sync 1 DAGs
[2023-06-29T23:57:20.293+0000] {logging_mixin.py:149} INFO - [2023-06-29T23:57:20.293+0000] {dag.py:3490} INFO - Setting next_dagrun for example_complex to None, run_after=None
[2023-06-29T23:57:20.320+0000] {processor.py:178} INFO - Processing /home/airflow/.local/lib/python3.7/site-packages/airflow/example_dags/example_complex.py took 0.143 seconds
[2023-06-29T23:57:51.500+0000] {processor.py:156} INFO - Started process (PID=1257) to work on /home/airflow/.local/lib/python3.7/site-packages/airflow/example_dags/example_complex.py
[2023-06-29T23:57:51.502+0000] {processor.py:799} INFO - Processing file /home/airflow/.local/lib/python3.7/site-packages/airflow/example_dags/example_complex.py for tasks to queue
[2023-06-29T23:57:51.502+0000] {logging_mixin.py:149} INFO - [2023-06-29T23:57:51.502+0000] {dagbag.py:541} INFO - Filling up the DagBag from /home/airflow/.local/lib/python3.7/site-packages/airflow/example_dags/example_complex.py
[2023-06-29T23:57:51.517+0000] {logging_mixin.py:149} INFO - [2023-06-29T23:57:51.517+0000] {taskmixin.py:211} WARNING - Dependency <Task(BashOperator): create_entry_group>, delete_entry_group already registered for DAG: example_complex
[2023-06-29T23:57:51.518+0000] {logging_mixin.py:149} INFO - [2023-06-29T23:57:51.518+0000] {taskmixin.py:211} WARNING - Dependency <Task(BashOperator): delete_entry_group>, create_entry_group already registered for DAG: example_complex
[2023-06-29T23:57:51.518+0000] {logging_mixin.py:149} INFO - [2023-06-29T23:57:51.518+0000] {taskmixin.py:211} WARNING - Dependency <Task(BashOperator): create_entry_gcs>, delete_entry already registered for DAG: example_complex
[2023-06-29T23:57:51.519+0000] {logging_mixin.py:149} INFO - [2023-06-29T23:57:51.518+0000] {taskmixin.py:211} WARNING - Dependency <Task(BashOperator): delete_entry>, create_entry_gcs already registered for DAG: example_complex
[2023-06-29T23:57:51.519+0000] {logging_mixin.py:149} INFO - [2023-06-29T23:57:51.519+0000] {taskmixin.py:211} WARNING - Dependency <Task(BashOperator): create_tag>, delete_tag already registered for DAG: example_complex
[2023-06-29T23:57:51.520+0000] {logging_mixin.py:149} INFO - [2023-06-29T23:57:51.520+0000] {taskmixin.py:211} WARNING - Dependency <Task(BashOperator): delete_tag>, create_tag already registered for DAG: example_complex
[2023-06-29T23:57:51.522+0000] {processor.py:809} INFO - DAG(s) dict_keys(['example_complex']) retrieved from /home/airflow/.local/lib/python3.7/site-packages/airflow/example_dags/example_complex.py
[2023-06-29T23:57:51.573+0000] {logging_mixin.py:149} INFO - [2023-06-29T23:57:51.573+0000] {dag.py:2726} INFO - Sync 1 DAGs
[2023-06-29T23:57:51.607+0000] {logging_mixin.py:149} INFO - [2023-06-29T23:57:51.607+0000] {dag.py:3490} INFO - Setting next_dagrun for example_complex to None, run_after=None
[2023-06-29T23:57:51.645+0000] {processor.py:178} INFO - Processing /home/airflow/.local/lib/python3.7/site-packages/airflow/example_dags/example_complex.py took 0.148 seconds
[2023-06-29T23:58:22.728+0000] {processor.py:156} INFO - Started process (PID=1314) to work on /home/airflow/.local/lib/python3.7/site-packages/airflow/example_dags/example_complex.py
[2023-06-29T23:58:22.730+0000] {processor.py:799} INFO - Processing file /home/airflow/.local/lib/python3.7/site-packages/airflow/example_dags/example_complex.py for tasks to queue
[2023-06-29T23:58:22.731+0000] {logging_mixin.py:149} INFO - [2023-06-29T23:58:22.730+0000] {dagbag.py:541} INFO - Filling up the DagBag from /home/airflow/.local/lib/python3.7/site-packages/airflow/example_dags/example_complex.py
[2023-06-29T23:58:22.758+0000] {logging_mixin.py:149} INFO - [2023-06-29T23:58:22.758+0000] {taskmixin.py:211} WARNING - Dependency <Task(BashOperator): create_entry_group>, delete_entry_group already registered for DAG: example_complex
[2023-06-29T23:58:22.758+0000] {logging_mixin.py:149} INFO - [2023-06-29T23:58:22.758+0000] {taskmixin.py:211} WARNING - Dependency <Task(BashOperator): delete_entry_group>, create_entry_group already registered for DAG: example_complex
[2023-06-29T23:58:22.759+0000] {logging_mixin.py:149} INFO - [2023-06-29T23:58:22.759+0000] {taskmixin.py:211} WARNING - Dependency <Task(BashOperator): create_entry_gcs>, delete_entry already registered for DAG: example_complex
[2023-06-29T23:58:22.759+0000] {logging_mixin.py:149} INFO - [2023-06-29T23:58:22.759+0000] {taskmixin.py:211} WARNING - Dependency <Task(BashOperator): delete_entry>, create_entry_gcs already registered for DAG: example_complex
[2023-06-29T23:58:22.759+0000] {logging_mixin.py:149} INFO - [2023-06-29T23:58:22.759+0000] {taskmixin.py:211} WARNING - Dependency <Task(BashOperator): create_tag>, delete_tag already registered for DAG: example_complex
[2023-06-29T23:58:22.760+0000] {logging_mixin.py:149} INFO - [2023-06-29T23:58:22.760+0000] {taskmixin.py:211} WARNING - Dependency <Task(BashOperator): delete_tag>, create_tag already registered for DAG: example_complex
[2023-06-29T23:58:22.765+0000] {processor.py:809} INFO - DAG(s) dict_keys(['example_complex']) retrieved from /home/airflow/.local/lib/python3.7/site-packages/airflow/example_dags/example_complex.py
[2023-06-29T23:58:22.828+0000] {logging_mixin.py:149} INFO - [2023-06-29T23:58:22.828+0000] {dag.py:2726} INFO - Sync 1 DAGs
[2023-06-29T23:58:22.865+0000] {logging_mixin.py:149} INFO - [2023-06-29T23:58:22.864+0000] {dag.py:3490} INFO - Setting next_dagrun for example_complex to None, run_after=None
[2023-06-29T23:58:22.889+0000] {processor.py:178} INFO - Processing /home/airflow/.local/lib/python3.7/site-packages/airflow/example_dags/example_complex.py took 0.165 seconds
[2023-06-29T23:58:52.983+0000] {processor.py:156} INFO - Started process (PID=1372) to work on /home/airflow/.local/lib/python3.7/site-packages/airflow/example_dags/example_complex.py
[2023-06-29T23:58:52.984+0000] {processor.py:799} INFO - Processing file /home/airflow/.local/lib/python3.7/site-packages/airflow/example_dags/example_complex.py for tasks to queue
[2023-06-29T23:58:52.985+0000] {logging_mixin.py:149} INFO - [2023-06-29T23:58:52.985+0000] {dagbag.py:541} INFO - Filling up the DagBag from /home/airflow/.local/lib/python3.7/site-packages/airflow/example_dags/example_complex.py
[2023-06-29T23:58:52.999+0000] {logging_mixin.py:149} INFO - [2023-06-29T23:58:52.999+0000] {taskmixin.py:211} WARNING - Dependency <Task(BashOperator): create_entry_group>, delete_entry_group already registered for DAG: example_complex
[2023-06-29T23:58:52.999+0000] {logging_mixin.py:149} INFO - [2023-06-29T23:58:52.999+0000] {taskmixin.py:211} WARNING - Dependency <Task(BashOperator): delete_entry_group>, create_entry_group already registered for DAG: example_complex
[2023-06-29T23:58:53.000+0000] {logging_mixin.py:149} INFO - [2023-06-29T23:58:52.999+0000] {taskmixin.py:211} WARNING - Dependency <Task(BashOperator): create_entry_gcs>, delete_entry already registered for DAG: example_complex
[2023-06-29T23:58:53.000+0000] {logging_mixin.py:149} INFO - [2023-06-29T23:58:53.000+0000] {taskmixin.py:211} WARNING - Dependency <Task(BashOperator): delete_entry>, create_entry_gcs already registered for DAG: example_complex
[2023-06-29T23:58:53.000+0000] {logging_mixin.py:149} INFO - [2023-06-29T23:58:53.000+0000] {taskmixin.py:211} WARNING - Dependency <Task(BashOperator): create_tag>, delete_tag already registered for DAG: example_complex
[2023-06-29T23:58:53.000+0000] {logging_mixin.py:149} INFO - [2023-06-29T23:58:53.000+0000] {taskmixin.py:211} WARNING - Dependency <Task(BashOperator): delete_tag>, create_tag already registered for DAG: example_complex
[2023-06-29T23:58:53.003+0000] {processor.py:809} INFO - DAG(s) dict_keys(['example_complex']) retrieved from /home/airflow/.local/lib/python3.7/site-packages/airflow/example_dags/example_complex.py
[2023-06-29T23:58:53.050+0000] {logging_mixin.py:149} INFO - [2023-06-29T23:58:53.050+0000] {dag.py:2726} INFO - Sync 1 DAGs
[2023-06-29T23:58:53.086+0000] {logging_mixin.py:149} INFO - [2023-06-29T23:58:53.086+0000] {dag.py:3490} INFO - Setting next_dagrun for example_complex to None, run_after=None
[2023-06-29T23:58:53.111+0000] {processor.py:178} INFO - Processing /home/airflow/.local/lib/python3.7/site-packages/airflow/example_dags/example_complex.py took 0.133 seconds
[2023-06-29T23:59:23.259+0000] {processor.py:156} INFO - Started process (PID=1430) to work on /home/airflow/.local/lib/python3.7/site-packages/airflow/example_dags/example_complex.py
[2023-06-29T23:59:23.260+0000] {processor.py:799} INFO - Processing file /home/airflow/.local/lib/python3.7/site-packages/airflow/example_dags/example_complex.py for tasks to queue
[2023-06-29T23:59:23.261+0000] {logging_mixin.py:149} INFO - [2023-06-29T23:59:23.261+0000] {dagbag.py:541} INFO - Filling up the DagBag from /home/airflow/.local/lib/python3.7/site-packages/airflow/example_dags/example_complex.py
[2023-06-29T23:59:23.275+0000] {logging_mixin.py:149} INFO - [2023-06-29T23:59:23.275+0000] {taskmixin.py:211} WARNING - Dependency <Task(BashOperator): create_entry_group>, delete_entry_group already registered for DAG: example_complex
[2023-06-29T23:59:23.275+0000] {logging_mixin.py:149} INFO - [2023-06-29T23:59:23.275+0000] {taskmixin.py:211} WARNING - Dependency <Task(BashOperator): delete_entry_group>, create_entry_group already registered for DAG: example_complex
[2023-06-29T23:59:23.276+0000] {logging_mixin.py:149} INFO - [2023-06-29T23:59:23.276+0000] {taskmixin.py:211} WARNING - Dependency <Task(BashOperator): create_entry_gcs>, delete_entry already registered for DAG: example_complex
[2023-06-29T23:59:23.276+0000] {logging_mixin.py:149} INFO - [2023-06-29T23:59:23.276+0000] {taskmixin.py:211} WARNING - Dependency <Task(BashOperator): delete_entry>, create_entry_gcs already registered for DAG: example_complex
[2023-06-29T23:59:23.277+0000] {logging_mixin.py:149} INFO - [2023-06-29T23:59:23.277+0000] {taskmixin.py:211} WARNING - Dependency <Task(BashOperator): create_tag>, delete_tag already registered for DAG: example_complex
[2023-06-29T23:59:23.277+0000] {logging_mixin.py:149} INFO - [2023-06-29T23:59:23.277+0000] {taskmixin.py:211} WARNING - Dependency <Task(BashOperator): delete_tag>, create_tag already registered for DAG: example_complex
[2023-06-29T23:59:23.280+0000] {processor.py:809} INFO - DAG(s) dict_keys(['example_complex']) retrieved from /home/airflow/.local/lib/python3.7/site-packages/airflow/example_dags/example_complex.py
[2023-06-29T23:59:23.331+0000] {logging_mixin.py:149} INFO - [2023-06-29T23:59:23.331+0000] {dag.py:2726} INFO - Sync 1 DAGs
[2023-06-29T23:59:23.365+0000] {logging_mixin.py:149} INFO - [2023-06-29T23:59:23.365+0000] {dag.py:3490} INFO - Setting next_dagrun for example_complex to None, run_after=None
[2023-06-29T23:59:23.389+0000] {processor.py:178} INFO - Processing /home/airflow/.local/lib/python3.7/site-packages/airflow/example_dags/example_complex.py took 0.135 seconds
[2023-06-29T23:59:53.682+0000] {processor.py:156} INFO - Started process (PID=1486) to work on /home/airflow/.local/lib/python3.7/site-packages/airflow/example_dags/example_complex.py
[2023-06-29T23:59:53.683+0000] {processor.py:799} INFO - Processing file /home/airflow/.local/lib/python3.7/site-packages/airflow/example_dags/example_complex.py for tasks to queue
[2023-06-29T23:59:53.684+0000] {logging_mixin.py:149} INFO - [2023-06-29T23:59:53.683+0000] {dagbag.py:541} INFO - Filling up the DagBag from /home/airflow/.local/lib/python3.7/site-packages/airflow/example_dags/example_complex.py
[2023-06-29T23:59:53.697+0000] {logging_mixin.py:149} INFO - [2023-06-29T23:59:53.697+0000] {taskmixin.py:211} WARNING - Dependency <Task(BashOperator): create_entry_group>, delete_entry_group already registered for DAG: example_complex
[2023-06-29T23:59:53.698+0000] {logging_mixin.py:149} INFO - [2023-06-29T23:59:53.698+0000] {taskmixin.py:211} WARNING - Dependency <Task(BashOperator): delete_entry_group>, create_entry_group already registered for DAG: example_complex
[2023-06-29T23:59:53.698+0000] {logging_mixin.py:149} INFO - [2023-06-29T23:59:53.698+0000] {taskmixin.py:211} WARNING - Dependency <Task(BashOperator): create_entry_gcs>, delete_entry already registered for DAG: example_complex
[2023-06-29T23:59:53.698+0000] {logging_mixin.py:149} INFO - [2023-06-29T23:59:53.698+0000] {taskmixin.py:211} WARNING - Dependency <Task(BashOperator): delete_entry>, create_entry_gcs already registered for DAG: example_complex
[2023-06-29T23:59:53.699+0000] {logging_mixin.py:149} INFO - [2023-06-29T23:59:53.699+0000] {taskmixin.py:211} WARNING - Dependency <Task(BashOperator): create_tag>, delete_tag already registered for DAG: example_complex
[2023-06-29T23:59:53.699+0000] {logging_mixin.py:149} INFO - [2023-06-29T23:59:53.699+0000] {taskmixin.py:211} WARNING - Dependency <Task(BashOperator): delete_tag>, create_tag already registered for DAG: example_complex
[2023-06-29T23:59:53.701+0000] {processor.py:809} INFO - DAG(s) dict_keys(['example_complex']) retrieved from /home/airflow/.local/lib/python3.7/site-packages/airflow/example_dags/example_complex.py
[2023-06-29T23:59:53.747+0000] {logging_mixin.py:149} INFO - [2023-06-29T23:59:53.747+0000] {dag.py:2726} INFO - Sync 1 DAGs
[2023-06-29T23:59:53.785+0000] {logging_mixin.py:149} INFO - [2023-06-29T23:59:53.785+0000] {dag.py:3490} INFO - Setting next_dagrun for example_complex to None, run_after=None
[2023-06-29T23:59:53.811+0000] {processor.py:178} INFO - Processing /home/airflow/.local/lib/python3.7/site-packages/airflow/example_dags/example_complex.py took 0.133 seconds
