[2023-06-29T23:47:06.733+0000] {processor.py:156} INFO - Started process (PID=57) to work on /home/airflow/.local/lib/python3.7/site-packages/airflow/example_dags/example_branch_python_dop_operator_3.py
[2023-06-29T23:47:06.734+0000] {processor.py:799} INFO - Processing file /home/airflow/.local/lib/python3.7/site-packages/airflow/example_dags/example_branch_python_dop_operator_3.py for tasks to queue
[2023-06-29T23:47:06.735+0000] {logging_mixin.py:149} INFO - [2023-06-29T23:47:06.735+0000] {dagbag.py:541} INFO - Filling up the DagBag from /home/airflow/.local/lib/python3.7/site-packages/airflow/example_dags/example_branch_python_dop_operator_3.py
[2023-06-29T23:47:06.745+0000] {processor.py:809} INFO - DAG(s) dict_keys(['example_branch_dop_operator_v3']) retrieved from /home/airflow/.local/lib/python3.7/site-packages/airflow/example_dags/example_branch_python_dop_operator_3.py
[2023-06-29T23:47:06.805+0000] {logging_mixin.py:149} INFO - [2023-06-29T23:47:06.805+0000] {dag.py:2726} INFO - Sync 1 DAGs
[2023-06-29T23:47:06.846+0000] {logging_mixin.py:149} INFO - [2023-06-29T23:47:06.846+0000] {dag.py:3490} INFO - Setting next_dagrun for example_branch_dop_operator_v3 to 2023-06-29T23:46:00+00:00, run_after=2023-06-29T23:47:00+00:00
[2023-06-29T23:47:06.871+0000] {processor.py:178} INFO - Processing /home/airflow/.local/lib/python3.7/site-packages/airflow/example_dags/example_branch_python_dop_operator_3.py took 0.142 seconds
[2023-06-29T23:47:37.516+0000] {processor.py:156} INFO - Started process (PID=114) to work on /home/airflow/.local/lib/python3.7/site-packages/airflow/example_dags/example_branch_python_dop_operator_3.py
[2023-06-29T23:47:37.518+0000] {processor.py:799} INFO - Processing file /home/airflow/.local/lib/python3.7/site-packages/airflow/example_dags/example_branch_python_dop_operator_3.py for tasks to queue
[2023-06-29T23:47:37.518+0000] {logging_mixin.py:149} INFO - [2023-06-29T23:47:37.518+0000] {dagbag.py:541} INFO - Filling up the DagBag from /home/airflow/.local/lib/python3.7/site-packages/airflow/example_dags/example_branch_python_dop_operator_3.py
[2023-06-29T23:47:37.530+0000] {processor.py:809} INFO - DAG(s) dict_keys(['example_branch_dop_operator_v3']) retrieved from /home/airflow/.local/lib/python3.7/site-packages/airflow/example_dags/example_branch_python_dop_operator_3.py
[2023-06-29T23:47:37.560+0000] {logging_mixin.py:149} INFO - [2023-06-29T23:47:37.559+0000] {dag.py:2726} INFO - Sync 1 DAGs
[2023-06-29T23:47:37.617+0000] {logging_mixin.py:149} INFO - [2023-06-29T23:47:37.617+0000] {dag.py:3490} INFO - Setting next_dagrun for example_branch_dop_operator_v3 to 2023-06-29T23:46:00+00:00, run_after=2023-06-29T23:47:00+00:00
[2023-06-29T23:47:37.641+0000] {processor.py:178} INFO - Processing /home/airflow/.local/lib/python3.7/site-packages/airflow/example_dags/example_branch_python_dop_operator_3.py took 0.130 seconds
[2023-06-29T23:48:08.004+0000] {processor.py:156} INFO - Started process (PID=171) to work on /home/airflow/.local/lib/python3.7/site-packages/airflow/example_dags/example_branch_python_dop_operator_3.py
[2023-06-29T23:48:08.005+0000] {processor.py:799} INFO - Processing file /home/airflow/.local/lib/python3.7/site-packages/airflow/example_dags/example_branch_python_dop_operator_3.py for tasks to queue
[2023-06-29T23:48:08.005+0000] {logging_mixin.py:149} INFO - [2023-06-29T23:48:08.005+0000] {dagbag.py:541} INFO - Filling up the DagBag from /home/airflow/.local/lib/python3.7/site-packages/airflow/example_dags/example_branch_python_dop_operator_3.py
[2023-06-29T23:48:08.017+0000] {processor.py:809} INFO - DAG(s) dict_keys(['example_branch_dop_operator_v3']) retrieved from /home/airflow/.local/lib/python3.7/site-packages/airflow/example_dags/example_branch_python_dop_operator_3.py
[2023-06-29T23:48:08.047+0000] {logging_mixin.py:149} INFO - [2023-06-29T23:48:08.047+0000] {dag.py:2726} INFO - Sync 1 DAGs
[2023-06-29T23:48:08.097+0000] {logging_mixin.py:149} INFO - [2023-06-29T23:48:08.096+0000] {dag.py:3490} INFO - Setting next_dagrun for example_branch_dop_operator_v3 to 2023-06-29T23:47:00+00:00, run_after=2023-06-29T23:48:00+00:00
[2023-06-29T23:48:08.130+0000] {processor.py:178} INFO - Processing /home/airflow/.local/lib/python3.7/site-packages/airflow/example_dags/example_branch_python_dop_operator_3.py took 0.130 seconds
[2023-06-29T23:48:38.236+0000] {processor.py:156} INFO - Started process (PID=228) to work on /home/airflow/.local/lib/python3.7/site-packages/airflow/example_dags/example_branch_python_dop_operator_3.py
[2023-06-29T23:48:38.237+0000] {processor.py:799} INFO - Processing file /home/airflow/.local/lib/python3.7/site-packages/airflow/example_dags/example_branch_python_dop_operator_3.py for tasks to queue
[2023-06-29T23:48:38.238+0000] {logging_mixin.py:149} INFO - [2023-06-29T23:48:38.238+0000] {dagbag.py:541} INFO - Filling up the DagBag from /home/airflow/.local/lib/python3.7/site-packages/airflow/example_dags/example_branch_python_dop_operator_3.py
[2023-06-29T23:48:38.249+0000] {processor.py:809} INFO - DAG(s) dict_keys(['example_branch_dop_operator_v3']) retrieved from /home/airflow/.local/lib/python3.7/site-packages/airflow/example_dags/example_branch_python_dop_operator_3.py
[2023-06-29T23:48:38.281+0000] {logging_mixin.py:149} INFO - [2023-06-29T23:48:38.281+0000] {dag.py:2726} INFO - Sync 1 DAGs
[2023-06-29T23:48:38.327+0000] {logging_mixin.py:149} INFO - [2023-06-29T23:48:38.326+0000] {dag.py:3490} INFO - Setting next_dagrun for example_branch_dop_operator_v3 to 2023-06-29T23:47:00+00:00, run_after=2023-06-29T23:48:00+00:00
[2023-06-29T23:48:38.354+0000] {processor.py:178} INFO - Processing /home/airflow/.local/lib/python3.7/site-packages/airflow/example_dags/example_branch_python_dop_operator_3.py took 0.122 seconds
[2023-06-29T23:49:08.479+0000] {processor.py:156} INFO - Started process (PID=285) to work on /home/airflow/.local/lib/python3.7/site-packages/airflow/example_dags/example_branch_python_dop_operator_3.py
[2023-06-29T23:49:08.481+0000] {processor.py:799} INFO - Processing file /home/airflow/.local/lib/python3.7/site-packages/airflow/example_dags/example_branch_python_dop_operator_3.py for tasks to queue
[2023-06-29T23:49:08.481+0000] {logging_mixin.py:149} INFO - [2023-06-29T23:49:08.481+0000] {dagbag.py:541} INFO - Filling up the DagBag from /home/airflow/.local/lib/python3.7/site-packages/airflow/example_dags/example_branch_python_dop_operator_3.py
[2023-06-29T23:49:08.492+0000] {processor.py:809} INFO - DAG(s) dict_keys(['example_branch_dop_operator_v3']) retrieved from /home/airflow/.local/lib/python3.7/site-packages/airflow/example_dags/example_branch_python_dop_operator_3.py
[2023-06-29T23:49:08.522+0000] {logging_mixin.py:149} INFO - [2023-06-29T23:49:08.522+0000] {dag.py:2726} INFO - Sync 1 DAGs
[2023-06-29T23:49:08.561+0000] {logging_mixin.py:149} INFO - [2023-06-29T23:49:08.561+0000] {dag.py:3490} INFO - Setting next_dagrun for example_branch_dop_operator_v3 to 2023-06-29T23:48:00+00:00, run_after=2023-06-29T23:49:00+00:00
[2023-06-29T23:49:08.583+0000] {processor.py:178} INFO - Processing /home/airflow/.local/lib/python3.7/site-packages/airflow/example_dags/example_branch_python_dop_operator_3.py took 0.107 seconds
[2023-06-29T23:49:38.920+0000] {processor.py:156} INFO - Started process (PID=343) to work on /home/airflow/.local/lib/python3.7/site-packages/airflow/example_dags/example_branch_python_dop_operator_3.py
[2023-06-29T23:49:38.922+0000] {processor.py:799} INFO - Processing file /home/airflow/.local/lib/python3.7/site-packages/airflow/example_dags/example_branch_python_dop_operator_3.py for tasks to queue
[2023-06-29T23:49:38.923+0000] {logging_mixin.py:149} INFO - [2023-06-29T23:49:38.923+0000] {dagbag.py:541} INFO - Filling up the DagBag from /home/airflow/.local/lib/python3.7/site-packages/airflow/example_dags/example_branch_python_dop_operator_3.py
[2023-06-29T23:49:38.941+0000] {processor.py:809} INFO - DAG(s) dict_keys(['example_branch_dop_operator_v3']) retrieved from /home/airflow/.local/lib/python3.7/site-packages/airflow/example_dags/example_branch_python_dop_operator_3.py
[2023-06-29T23:49:38.998+0000] {logging_mixin.py:149} INFO - [2023-06-29T23:49:38.998+0000] {dag.py:2726} INFO - Sync 1 DAGs
[2023-06-29T23:49:39.037+0000] {logging_mixin.py:149} INFO - [2023-06-29T23:49:39.037+0000] {dag.py:3490} INFO - Setting next_dagrun for example_branch_dop_operator_v3 to 2023-06-29T23:48:00+00:00, run_after=2023-06-29T23:49:00+00:00
[2023-06-29T23:49:39.060+0000] {processor.py:178} INFO - Processing /home/airflow/.local/lib/python3.7/site-packages/airflow/example_dags/example_branch_python_dop_operator_3.py took 0.144 seconds
[2023-06-29T23:50:09.571+0000] {processor.py:156} INFO - Started process (PID=399) to work on /home/airflow/.local/lib/python3.7/site-packages/airflow/example_dags/example_branch_python_dop_operator_3.py
[2023-06-29T23:50:09.572+0000] {processor.py:799} INFO - Processing file /home/airflow/.local/lib/python3.7/site-packages/airflow/example_dags/example_branch_python_dop_operator_3.py for tasks to queue
[2023-06-29T23:50:09.572+0000] {logging_mixin.py:149} INFO - [2023-06-29T23:50:09.572+0000] {dagbag.py:541} INFO - Filling up the DagBag from /home/airflow/.local/lib/python3.7/site-packages/airflow/example_dags/example_branch_python_dop_operator_3.py
[2023-06-29T23:50:09.582+0000] {processor.py:809} INFO - DAG(s) dict_keys(['example_branch_dop_operator_v3']) retrieved from /home/airflow/.local/lib/python3.7/site-packages/airflow/example_dags/example_branch_python_dop_operator_3.py
[2023-06-29T23:50:09.615+0000] {logging_mixin.py:149} INFO - [2023-06-29T23:50:09.614+0000] {dag.py:2726} INFO - Sync 1 DAGs
[2023-06-29T23:50:09.660+0000] {logging_mixin.py:149} INFO - [2023-06-29T23:50:09.660+0000] {dag.py:3490} INFO - Setting next_dagrun for example_branch_dop_operator_v3 to 2023-06-29T23:49:00+00:00, run_after=2023-06-29T23:50:00+00:00
[2023-06-29T23:50:09.685+0000] {processor.py:178} INFO - Processing /home/airflow/.local/lib/python3.7/site-packages/airflow/example_dags/example_branch_python_dop_operator_3.py took 0.118 seconds
[2023-06-29T23:50:40.212+0000] {processor.py:156} INFO - Started process (PID=456) to work on /home/airflow/.local/lib/python3.7/site-packages/airflow/example_dags/example_branch_python_dop_operator_3.py
[2023-06-29T23:50:40.213+0000] {processor.py:799} INFO - Processing file /home/airflow/.local/lib/python3.7/site-packages/airflow/example_dags/example_branch_python_dop_operator_3.py for tasks to queue
[2023-06-29T23:50:40.213+0000] {logging_mixin.py:149} INFO - [2023-06-29T23:50:40.213+0000] {dagbag.py:541} INFO - Filling up the DagBag from /home/airflow/.local/lib/python3.7/site-packages/airflow/example_dags/example_branch_python_dop_operator_3.py
[2023-06-29T23:50:40.224+0000] {processor.py:809} INFO - DAG(s) dict_keys(['example_branch_dop_operator_v3']) retrieved from /home/airflow/.local/lib/python3.7/site-packages/airflow/example_dags/example_branch_python_dop_operator_3.py
[2023-06-29T23:50:40.266+0000] {logging_mixin.py:149} INFO - [2023-06-29T23:50:40.265+0000] {dag.py:2726} INFO - Sync 1 DAGs
[2023-06-29T23:50:40.310+0000] {logging_mixin.py:149} INFO - [2023-06-29T23:50:40.310+0000] {dag.py:3490} INFO - Setting next_dagrun for example_branch_dop_operator_v3 to 2023-06-29T23:49:00+00:00, run_after=2023-06-29T23:50:00+00:00
[2023-06-29T23:50:40.339+0000] {processor.py:178} INFO - Processing /home/airflow/.local/lib/python3.7/site-packages/airflow/example_dags/example_branch_python_dop_operator_3.py took 0.131 seconds
[2023-06-29T23:51:10.968+0000] {processor.py:156} INFO - Started process (PID=513) to work on /home/airflow/.local/lib/python3.7/site-packages/airflow/example_dags/example_branch_python_dop_operator_3.py
[2023-06-29T23:51:10.970+0000] {processor.py:799} INFO - Processing file /home/airflow/.local/lib/python3.7/site-packages/airflow/example_dags/example_branch_python_dop_operator_3.py for tasks to queue
[2023-06-29T23:51:10.971+0000] {logging_mixin.py:149} INFO - [2023-06-29T23:51:10.970+0000] {dagbag.py:541} INFO - Filling up the DagBag from /home/airflow/.local/lib/python3.7/site-packages/airflow/example_dags/example_branch_python_dop_operator_3.py
[2023-06-29T23:51:10.982+0000] {processor.py:809} INFO - DAG(s) dict_keys(['example_branch_dop_operator_v3']) retrieved from /home/airflow/.local/lib/python3.7/site-packages/airflow/example_dags/example_branch_python_dop_operator_3.py
[2023-06-29T23:51:11.021+0000] {logging_mixin.py:149} INFO - [2023-06-29T23:51:11.021+0000] {dag.py:2726} INFO - Sync 1 DAGs
[2023-06-29T23:51:11.063+0000] {logging_mixin.py:149} INFO - [2023-06-29T23:51:11.063+0000] {dag.py:3490} INFO - Setting next_dagrun for example_branch_dop_operator_v3 to 2023-06-29T23:50:00+00:00, run_after=2023-06-29T23:51:00+00:00
[2023-06-29T23:51:11.086+0000] {processor.py:178} INFO - Processing /home/airflow/.local/lib/python3.7/site-packages/airflow/example_dags/example_branch_python_dop_operator_3.py took 0.124 seconds
[2023-06-29T23:51:42.424+0000] {processor.py:156} INFO - Started process (PID=570) to work on /home/airflow/.local/lib/python3.7/site-packages/airflow/example_dags/example_branch_python_dop_operator_3.py
[2023-06-29T23:51:42.426+0000] {processor.py:799} INFO - Processing file /home/airflow/.local/lib/python3.7/site-packages/airflow/example_dags/example_branch_python_dop_operator_3.py for tasks to queue
[2023-06-29T23:51:42.427+0000] {logging_mixin.py:149} INFO - [2023-06-29T23:51:42.427+0000] {dagbag.py:541} INFO - Filling up the DagBag from /home/airflow/.local/lib/python3.7/site-packages/airflow/example_dags/example_branch_python_dop_operator_3.py
[2023-06-29T23:51:42.436+0000] {processor.py:809} INFO - DAG(s) dict_keys(['example_branch_dop_operator_v3']) retrieved from /home/airflow/.local/lib/python3.7/site-packages/airflow/example_dags/example_branch_python_dop_operator_3.py
[2023-06-29T23:51:42.468+0000] {logging_mixin.py:149} INFO - [2023-06-29T23:51:42.468+0000] {dag.py:2726} INFO - Sync 1 DAGs
[2023-06-29T23:51:42.507+0000] {logging_mixin.py:149} INFO - [2023-06-29T23:51:42.506+0000] {dag.py:3490} INFO - Setting next_dagrun for example_branch_dop_operator_v3 to 2023-06-29T23:50:00+00:00, run_after=2023-06-29T23:51:00+00:00
[2023-06-29T23:51:42.528+0000] {processor.py:178} INFO - Processing /home/airflow/.local/lib/python3.7/site-packages/airflow/example_dags/example_branch_python_dop_operator_3.py took 0.107 seconds
[2023-06-29T23:52:14.261+0000] {processor.py:156} INFO - Started process (PID=627) to work on /home/airflow/.local/lib/python3.7/site-packages/airflow/example_dags/example_branch_python_dop_operator_3.py
[2023-06-29T23:52:14.269+0000] {processor.py:799} INFO - Processing file /home/airflow/.local/lib/python3.7/site-packages/airflow/example_dags/example_branch_python_dop_operator_3.py for tasks to queue
[2023-06-29T23:52:14.269+0000] {logging_mixin.py:149} INFO - [2023-06-29T23:52:14.269+0000] {dagbag.py:541} INFO - Filling up the DagBag from /home/airflow/.local/lib/python3.7/site-packages/airflow/example_dags/example_branch_python_dop_operator_3.py
[2023-06-29T23:52:14.300+0000] {processor.py:809} INFO - DAG(s) dict_keys(['example_branch_dop_operator_v3']) retrieved from /home/airflow/.local/lib/python3.7/site-packages/airflow/example_dags/example_branch_python_dop_operator_3.py
[2023-06-29T23:52:14.379+0000] {logging_mixin.py:149} INFO - [2023-06-29T23:52:14.379+0000] {dag.py:2726} INFO - Sync 1 DAGs
[2023-06-29T23:52:14.494+0000] {logging_mixin.py:149} INFO - [2023-06-29T23:52:14.494+0000] {dag.py:3490} INFO - Setting next_dagrun for example_branch_dop_operator_v3 to 2023-06-29T23:51:00+00:00, run_after=2023-06-29T23:52:00+00:00
[2023-06-29T23:52:14.595+0000] {processor.py:178} INFO - Processing /home/airflow/.local/lib/python3.7/site-packages/airflow/example_dags/example_branch_python_dop_operator_3.py took 0.349 seconds
[2023-06-29T23:52:45.323+0000] {processor.py:156} INFO - Started process (PID=684) to work on /home/airflow/.local/lib/python3.7/site-packages/airflow/example_dags/example_branch_python_dop_operator_3.py
[2023-06-29T23:52:45.328+0000] {processor.py:799} INFO - Processing file /home/airflow/.local/lib/python3.7/site-packages/airflow/example_dags/example_branch_python_dop_operator_3.py for tasks to queue
[2023-06-29T23:52:45.329+0000] {logging_mixin.py:149} INFO - [2023-06-29T23:52:45.329+0000] {dagbag.py:541} INFO - Filling up the DagBag from /home/airflow/.local/lib/python3.7/site-packages/airflow/example_dags/example_branch_python_dop_operator_3.py
[2023-06-29T23:52:45.354+0000] {processor.py:809} INFO - DAG(s) dict_keys(['example_branch_dop_operator_v3']) retrieved from /home/airflow/.local/lib/python3.7/site-packages/airflow/example_dags/example_branch_python_dop_operator_3.py
[2023-06-29T23:52:45.445+0000] {logging_mixin.py:149} INFO - [2023-06-29T23:52:45.445+0000] {dag.py:2726} INFO - Sync 1 DAGs
[2023-06-29T23:52:45.545+0000] {logging_mixin.py:149} INFO - [2023-06-29T23:52:45.545+0000] {dag.py:3490} INFO - Setting next_dagrun for example_branch_dop_operator_v3 to 2023-06-29T23:51:00+00:00, run_after=2023-06-29T23:52:00+00:00
[2023-06-29T23:52:45.604+0000] {processor.py:178} INFO - Processing /home/airflow/.local/lib/python3.7/site-packages/airflow/example_dags/example_branch_python_dop_operator_3.py took 0.290 seconds
[2023-06-29T23:53:16.470+0000] {processor.py:156} INFO - Started process (PID=748) to work on /home/airflow/.local/lib/python3.7/site-packages/airflow/example_dags/example_branch_python_dop_operator_3.py
[2023-06-29T23:53:16.471+0000] {processor.py:799} INFO - Processing file /home/airflow/.local/lib/python3.7/site-packages/airflow/example_dags/example_branch_python_dop_operator_3.py for tasks to queue
[2023-06-29T23:53:16.473+0000] {logging_mixin.py:149} INFO - [2023-06-29T23:53:16.472+0000] {dagbag.py:541} INFO - Filling up the DagBag from /home/airflow/.local/lib/python3.7/site-packages/airflow/example_dags/example_branch_python_dop_operator_3.py
[2023-06-29T23:53:16.484+0000] {processor.py:809} INFO - DAG(s) dict_keys(['example_branch_dop_operator_v3']) retrieved from /home/airflow/.local/lib/python3.7/site-packages/airflow/example_dags/example_branch_python_dop_operator_3.py
[2023-06-29T23:53:16.545+0000] {logging_mixin.py:149} INFO - [2023-06-29T23:53:16.545+0000] {dag.py:2726} INFO - Sync 1 DAGs
[2023-06-29T23:53:16.591+0000] {logging_mixin.py:149} INFO - [2023-06-29T23:53:16.591+0000] {dag.py:3490} INFO - Setting next_dagrun for example_branch_dop_operator_v3 to 2023-06-29T23:52:00+00:00, run_after=2023-06-29T23:53:00+00:00
[2023-06-29T23:53:16.614+0000] {processor.py:178} INFO - Processing /home/airflow/.local/lib/python3.7/site-packages/airflow/example_dags/example_branch_python_dop_operator_3.py took 0.148 seconds
[2023-06-29T23:53:47.403+0000] {processor.py:156} INFO - Started process (PID=806) to work on /home/airflow/.local/lib/python3.7/site-packages/airflow/example_dags/example_branch_python_dop_operator_3.py
[2023-06-29T23:53:47.405+0000] {processor.py:799} INFO - Processing file /home/airflow/.local/lib/python3.7/site-packages/airflow/example_dags/example_branch_python_dop_operator_3.py for tasks to queue
[2023-06-29T23:53:47.406+0000] {logging_mixin.py:149} INFO - [2023-06-29T23:53:47.406+0000] {dagbag.py:541} INFO - Filling up the DagBag from /home/airflow/.local/lib/python3.7/site-packages/airflow/example_dags/example_branch_python_dop_operator_3.py
[2023-06-29T23:53:47.416+0000] {processor.py:809} INFO - DAG(s) dict_keys(['example_branch_dop_operator_v3']) retrieved from /home/airflow/.local/lib/python3.7/site-packages/airflow/example_dags/example_branch_python_dop_operator_3.py
[2023-06-29T23:53:47.450+0000] {logging_mixin.py:149} INFO - [2023-06-29T23:53:47.450+0000] {dag.py:2726} INFO - Sync 1 DAGs
[2023-06-29T23:53:47.490+0000] {logging_mixin.py:149} INFO - [2023-06-29T23:53:47.489+0000] {dag.py:3490} INFO - Setting next_dagrun for example_branch_dop_operator_v3 to 2023-06-29T23:52:00+00:00, run_after=2023-06-29T23:53:00+00:00
[2023-06-29T23:53:47.514+0000] {processor.py:178} INFO - Processing /home/airflow/.local/lib/python3.7/site-packages/airflow/example_dags/example_branch_python_dop_operator_3.py took 0.115 seconds
[2023-06-29T23:54:17.701+0000] {processor.py:156} INFO - Started process (PID=863) to work on /home/airflow/.local/lib/python3.7/site-packages/airflow/example_dags/example_branch_python_dop_operator_3.py
[2023-06-29T23:54:17.702+0000] {processor.py:799} INFO - Processing file /home/airflow/.local/lib/python3.7/site-packages/airflow/example_dags/example_branch_python_dop_operator_3.py for tasks to queue
[2023-06-29T23:54:17.703+0000] {logging_mixin.py:149} INFO - [2023-06-29T23:54:17.703+0000] {dagbag.py:541} INFO - Filling up the DagBag from /home/airflow/.local/lib/python3.7/site-packages/airflow/example_dags/example_branch_python_dop_operator_3.py
[2023-06-29T23:54:17.714+0000] {processor.py:809} INFO - DAG(s) dict_keys(['example_branch_dop_operator_v3']) retrieved from /home/airflow/.local/lib/python3.7/site-packages/airflow/example_dags/example_branch_python_dop_operator_3.py
[2023-06-29T23:54:17.748+0000] {logging_mixin.py:149} INFO - [2023-06-29T23:54:17.748+0000] {dag.py:2726} INFO - Sync 1 DAGs
[2023-06-29T23:54:17.825+0000] {logging_mixin.py:149} INFO - [2023-06-29T23:54:17.825+0000] {dag.py:3490} INFO - Setting next_dagrun for example_branch_dop_operator_v3 to 2023-06-29T23:53:00+00:00, run_after=2023-06-29T23:54:00+00:00
[2023-06-29T23:54:17.849+0000] {processor.py:178} INFO - Processing /home/airflow/.local/lib/python3.7/site-packages/airflow/example_dags/example_branch_python_dop_operator_3.py took 0.152 seconds
[2023-06-29T23:54:48.112+0000] {processor.py:156} INFO - Started process (PID=919) to work on /home/airflow/.local/lib/python3.7/site-packages/airflow/example_dags/example_branch_python_dop_operator_3.py
[2023-06-29T23:54:48.115+0000] {processor.py:799} INFO - Processing file /home/airflow/.local/lib/python3.7/site-packages/airflow/example_dags/example_branch_python_dop_operator_3.py for tasks to queue
[2023-06-29T23:54:48.119+0000] {logging_mixin.py:149} INFO - [2023-06-29T23:54:48.119+0000] {dagbag.py:541} INFO - Filling up the DagBag from /home/airflow/.local/lib/python3.7/site-packages/airflow/example_dags/example_branch_python_dop_operator_3.py
[2023-06-29T23:54:48.139+0000] {processor.py:809} INFO - DAG(s) dict_keys(['example_branch_dop_operator_v3']) retrieved from /home/airflow/.local/lib/python3.7/site-packages/airflow/example_dags/example_branch_python_dop_operator_3.py
[2023-06-29T23:54:48.199+0000] {logging_mixin.py:149} INFO - [2023-06-29T23:54:48.199+0000] {dag.py:2726} INFO - Sync 1 DAGs
[2023-06-29T23:54:48.273+0000] {logging_mixin.py:149} INFO - [2023-06-29T23:54:48.273+0000] {dag.py:3490} INFO - Setting next_dagrun for example_branch_dop_operator_v3 to 2023-06-29T23:53:00+00:00, run_after=2023-06-29T23:54:00+00:00
[2023-06-29T23:54:48.336+0000] {processor.py:178} INFO - Processing /home/airflow/.local/lib/python3.7/site-packages/airflow/example_dags/example_branch_python_dop_operator_3.py took 0.231 seconds
[2023-06-29T23:55:18.640+0000] {processor.py:156} INFO - Started process (PID=975) to work on /home/airflow/.local/lib/python3.7/site-packages/airflow/example_dags/example_branch_python_dop_operator_3.py
[2023-06-29T23:55:18.641+0000] {processor.py:799} INFO - Processing file /home/airflow/.local/lib/python3.7/site-packages/airflow/example_dags/example_branch_python_dop_operator_3.py for tasks to queue
[2023-06-29T23:55:18.642+0000] {logging_mixin.py:149} INFO - [2023-06-29T23:55:18.642+0000] {dagbag.py:541} INFO - Filling up the DagBag from /home/airflow/.local/lib/python3.7/site-packages/airflow/example_dags/example_branch_python_dop_operator_3.py
[2023-06-29T23:55:18.654+0000] {processor.py:809} INFO - DAG(s) dict_keys(['example_branch_dop_operator_v3']) retrieved from /home/airflow/.local/lib/python3.7/site-packages/airflow/example_dags/example_branch_python_dop_operator_3.py
[2023-06-29T23:55:18.689+0000] {logging_mixin.py:149} INFO - [2023-06-29T23:55:18.688+0000] {dag.py:2726} INFO - Sync 1 DAGs
[2023-06-29T23:55:18.767+0000] {logging_mixin.py:149} INFO - [2023-06-29T23:55:18.767+0000] {dag.py:3490} INFO - Setting next_dagrun for example_branch_dop_operator_v3 to 2023-06-29T23:54:00+00:00, run_after=2023-06-29T23:55:00+00:00
[2023-06-29T23:55:18.818+0000] {processor.py:178} INFO - Processing /home/airflow/.local/lib/python3.7/site-packages/airflow/example_dags/example_branch_python_dop_operator_3.py took 0.183 seconds
[2023-06-29T23:55:48.869+0000] {processor.py:156} INFO - Started process (PID=1031) to work on /home/airflow/.local/lib/python3.7/site-packages/airflow/example_dags/example_branch_python_dop_operator_3.py
[2023-06-29T23:55:48.881+0000] {processor.py:799} INFO - Processing file /home/airflow/.local/lib/python3.7/site-packages/airflow/example_dags/example_branch_python_dop_operator_3.py for tasks to queue
[2023-06-29T23:55:48.882+0000] {logging_mixin.py:149} INFO - [2023-06-29T23:55:48.882+0000] {dagbag.py:541} INFO - Filling up the DagBag from /home/airflow/.local/lib/python3.7/site-packages/airflow/example_dags/example_branch_python_dop_operator_3.py
[2023-06-29T23:55:48.893+0000] {processor.py:809} INFO - DAG(s) dict_keys(['example_branch_dop_operator_v3']) retrieved from /home/airflow/.local/lib/python3.7/site-packages/airflow/example_dags/example_branch_python_dop_operator_3.py
[2023-06-29T23:55:48.932+0000] {logging_mixin.py:149} INFO - [2023-06-29T23:55:48.932+0000] {dag.py:2726} INFO - Sync 1 DAGs
[2023-06-29T23:55:48.976+0000] {logging_mixin.py:149} INFO - [2023-06-29T23:55:48.976+0000] {dag.py:3490} INFO - Setting next_dagrun for example_branch_dop_operator_v3 to 2023-06-29T23:54:00+00:00, run_after=2023-06-29T23:55:00+00:00
[2023-06-29T23:55:49.021+0000] {processor.py:178} INFO - Processing /home/airflow/.local/lib/python3.7/site-packages/airflow/example_dags/example_branch_python_dop_operator_3.py took 0.156 seconds
[2023-06-29T23:56:19.625+0000] {processor.py:156} INFO - Started process (PID=1088) to work on /home/airflow/.local/lib/python3.7/site-packages/airflow/example_dags/example_branch_python_dop_operator_3.py
[2023-06-29T23:56:19.638+0000] {processor.py:799} INFO - Processing file /home/airflow/.local/lib/python3.7/site-packages/airflow/example_dags/example_branch_python_dop_operator_3.py for tasks to queue
[2023-06-29T23:56:19.639+0000] {logging_mixin.py:149} INFO - [2023-06-29T23:56:19.639+0000] {dagbag.py:541} INFO - Filling up the DagBag from /home/airflow/.local/lib/python3.7/site-packages/airflow/example_dags/example_branch_python_dop_operator_3.py
[2023-06-29T23:56:19.650+0000] {processor.py:809} INFO - DAG(s) dict_keys(['example_branch_dop_operator_v3']) retrieved from /home/airflow/.local/lib/python3.7/site-packages/airflow/example_dags/example_branch_python_dop_operator_3.py
[2023-06-29T23:56:19.687+0000] {logging_mixin.py:149} INFO - [2023-06-29T23:56:19.687+0000] {dag.py:2726} INFO - Sync 1 DAGs
[2023-06-29T23:56:19.732+0000] {logging_mixin.py:149} INFO - [2023-06-29T23:56:19.732+0000] {dag.py:3490} INFO - Setting next_dagrun for example_branch_dop_operator_v3 to 2023-06-29T23:55:00+00:00, run_after=2023-06-29T23:56:00+00:00
[2023-06-29T23:56:19.773+0000] {processor.py:178} INFO - Processing /home/airflow/.local/lib/python3.7/site-packages/airflow/example_dags/example_branch_python_dop_operator_3.py took 0.152 seconds
[2023-06-29T23:56:49.984+0000] {processor.py:156} INFO - Started process (PID=1145) to work on /home/airflow/.local/lib/python3.7/site-packages/airflow/example_dags/example_branch_python_dop_operator_3.py
[2023-06-29T23:56:49.985+0000] {processor.py:799} INFO - Processing file /home/airflow/.local/lib/python3.7/site-packages/airflow/example_dags/example_branch_python_dop_operator_3.py for tasks to queue
[2023-06-29T23:56:49.986+0000] {logging_mixin.py:149} INFO - [2023-06-29T23:56:49.986+0000] {dagbag.py:541} INFO - Filling up the DagBag from /home/airflow/.local/lib/python3.7/site-packages/airflow/example_dags/example_branch_python_dop_operator_3.py
[2023-06-29T23:56:49.996+0000] {processor.py:809} INFO - DAG(s) dict_keys(['example_branch_dop_operator_v3']) retrieved from /home/airflow/.local/lib/python3.7/site-packages/airflow/example_dags/example_branch_python_dop_operator_3.py
[2023-06-29T23:56:50.031+0000] {logging_mixin.py:149} INFO - [2023-06-29T23:56:50.030+0000] {dag.py:2726} INFO - Sync 1 DAGs
[2023-06-29T23:56:50.070+0000] {logging_mixin.py:149} INFO - [2023-06-29T23:56:50.070+0000] {dag.py:3490} INFO - Setting next_dagrun for example_branch_dop_operator_v3 to 2023-06-29T23:55:00+00:00, run_after=2023-06-29T23:56:00+00:00
[2023-06-29T23:56:50.095+0000] {processor.py:178} INFO - Processing /home/airflow/.local/lib/python3.7/site-packages/airflow/example_dags/example_branch_python_dop_operator_3.py took 0.116 seconds
[2023-06-29T23:57:20.350+0000] {processor.py:156} INFO - Started process (PID=1202) to work on /home/airflow/.local/lib/python3.7/site-packages/airflow/example_dags/example_branch_python_dop_operator_3.py
[2023-06-29T23:57:20.351+0000] {processor.py:799} INFO - Processing file /home/airflow/.local/lib/python3.7/site-packages/airflow/example_dags/example_branch_python_dop_operator_3.py for tasks to queue
[2023-06-29T23:57:20.352+0000] {logging_mixin.py:149} INFO - [2023-06-29T23:57:20.352+0000] {dagbag.py:541} INFO - Filling up the DagBag from /home/airflow/.local/lib/python3.7/site-packages/airflow/example_dags/example_branch_python_dop_operator_3.py
[2023-06-29T23:57:20.363+0000] {processor.py:809} INFO - DAG(s) dict_keys(['example_branch_dop_operator_v3']) retrieved from /home/airflow/.local/lib/python3.7/site-packages/airflow/example_dags/example_branch_python_dop_operator_3.py
[2023-06-29T23:57:20.445+0000] {logging_mixin.py:149} INFO - [2023-06-29T23:57:20.445+0000] {dag.py:2726} INFO - Sync 1 DAGs
[2023-06-29T23:57:20.495+0000] {logging_mixin.py:149} INFO - [2023-06-29T23:57:20.495+0000] {dag.py:3490} INFO - Setting next_dagrun for example_branch_dop_operator_v3 to 2023-06-29T23:56:00+00:00, run_after=2023-06-29T23:57:00+00:00
[2023-06-29T23:57:20.521+0000] {processor.py:178} INFO - Processing /home/airflow/.local/lib/python3.7/site-packages/airflow/example_dags/example_branch_python_dop_operator_3.py took 0.176 seconds
[2023-06-29T23:57:51.701+0000] {processor.py:156} INFO - Started process (PID=1259) to work on /home/airflow/.local/lib/python3.7/site-packages/airflow/example_dags/example_branch_python_dop_operator_3.py
[2023-06-29T23:57:51.702+0000] {processor.py:799} INFO - Processing file /home/airflow/.local/lib/python3.7/site-packages/airflow/example_dags/example_branch_python_dop_operator_3.py for tasks to queue
[2023-06-29T23:57:51.711+0000] {logging_mixin.py:149} INFO - [2023-06-29T23:57:51.702+0000] {dagbag.py:541} INFO - Filling up the DagBag from /home/airflow/.local/lib/python3.7/site-packages/airflow/example_dags/example_branch_python_dop_operator_3.py
[2023-06-29T23:57:51.721+0000] {processor.py:809} INFO - DAG(s) dict_keys(['example_branch_dop_operator_v3']) retrieved from /home/airflow/.local/lib/python3.7/site-packages/airflow/example_dags/example_branch_python_dop_operator_3.py
[2023-06-29T23:57:51.795+0000] {logging_mixin.py:149} INFO - [2023-06-29T23:57:51.795+0000] {dag.py:2726} INFO - Sync 1 DAGs
[2023-06-29T23:57:51.858+0000] {logging_mixin.py:149} INFO - [2023-06-29T23:57:51.857+0000] {dag.py:3490} INFO - Setting next_dagrun for example_branch_dop_operator_v3 to 2023-06-29T23:56:00+00:00, run_after=2023-06-29T23:57:00+00:00
[2023-06-29T23:57:51.923+0000] {processor.py:178} INFO - Processing /home/airflow/.local/lib/python3.7/site-packages/airflow/example_dags/example_branch_python_dop_operator_3.py took 0.227 seconds
[2023-06-29T23:58:22.946+0000] {processor.py:156} INFO - Started process (PID=1316) to work on /home/airflow/.local/lib/python3.7/site-packages/airflow/example_dags/example_branch_python_dop_operator_3.py
[2023-06-29T23:58:22.947+0000] {processor.py:799} INFO - Processing file /home/airflow/.local/lib/python3.7/site-packages/airflow/example_dags/example_branch_python_dop_operator_3.py for tasks to queue
[2023-06-29T23:58:22.948+0000] {logging_mixin.py:149} INFO - [2023-06-29T23:58:22.948+0000] {dagbag.py:541} INFO - Filling up the DagBag from /home/airflow/.local/lib/python3.7/site-packages/airflow/example_dags/example_branch_python_dop_operator_3.py
[2023-06-29T23:58:22.968+0000] {processor.py:809} INFO - DAG(s) dict_keys(['example_branch_dop_operator_v3']) retrieved from /home/airflow/.local/lib/python3.7/site-packages/airflow/example_dags/example_branch_python_dop_operator_3.py
[2023-06-29T23:58:23.035+0000] {logging_mixin.py:149} INFO - [2023-06-29T23:58:23.035+0000] {dag.py:2726} INFO - Sync 1 DAGs
[2023-06-29T23:58:23.156+0000] {logging_mixin.py:149} INFO - [2023-06-29T23:58:23.154+0000] {dag.py:3490} INFO - Setting next_dagrun for example_branch_dop_operator_v3 to 2023-06-29T23:57:00+00:00, run_after=2023-06-29T23:58:00+00:00
[2023-06-29T23:58:23.212+0000] {processor.py:178} INFO - Processing /home/airflow/.local/lib/python3.7/site-packages/airflow/example_dags/example_branch_python_dop_operator_3.py took 0.282 seconds
[2023-06-29T23:58:54.006+0000] {processor.py:156} INFO - Started process (PID=1374) to work on /home/airflow/.local/lib/python3.7/site-packages/airflow/example_dags/example_branch_python_dop_operator_3.py
[2023-06-29T23:58:54.008+0000] {processor.py:799} INFO - Processing file /home/airflow/.local/lib/python3.7/site-packages/airflow/example_dags/example_branch_python_dop_operator_3.py for tasks to queue
[2023-06-29T23:58:54.009+0000] {logging_mixin.py:149} INFO - [2023-06-29T23:58:54.009+0000] {dagbag.py:541} INFO - Filling up the DagBag from /home/airflow/.local/lib/python3.7/site-packages/airflow/example_dags/example_branch_python_dop_operator_3.py
[2023-06-29T23:58:54.020+0000] {processor.py:809} INFO - DAG(s) dict_keys(['example_branch_dop_operator_v3']) retrieved from /home/airflow/.local/lib/python3.7/site-packages/airflow/example_dags/example_branch_python_dop_operator_3.py
[2023-06-29T23:58:54.054+0000] {logging_mixin.py:149} INFO - [2023-06-29T23:58:54.053+0000] {dag.py:2726} INFO - Sync 1 DAGs
[2023-06-29T23:58:54.094+0000] {logging_mixin.py:149} INFO - [2023-06-29T23:58:54.093+0000] {dag.py:3490} INFO - Setting next_dagrun for example_branch_dop_operator_v3 to 2023-06-29T23:57:00+00:00, run_after=2023-06-29T23:58:00+00:00
[2023-06-29T23:58:54.120+0000] {processor.py:178} INFO - Processing /home/airflow/.local/lib/python3.7/site-packages/airflow/example_dags/example_branch_python_dop_operator_3.py took 0.118 seconds
[2023-06-29T23:59:24.277+0000] {processor.py:156} INFO - Started process (PID=1432) to work on /home/airflow/.local/lib/python3.7/site-packages/airflow/example_dags/example_branch_python_dop_operator_3.py
[2023-06-29T23:59:24.278+0000] {processor.py:799} INFO - Processing file /home/airflow/.local/lib/python3.7/site-packages/airflow/example_dags/example_branch_python_dop_operator_3.py for tasks to queue
[2023-06-29T23:59:24.279+0000] {logging_mixin.py:149} INFO - [2023-06-29T23:59:24.279+0000] {dagbag.py:541} INFO - Filling up the DagBag from /home/airflow/.local/lib/python3.7/site-packages/airflow/example_dags/example_branch_python_dop_operator_3.py
[2023-06-29T23:59:24.290+0000] {processor.py:809} INFO - DAG(s) dict_keys(['example_branch_dop_operator_v3']) retrieved from /home/airflow/.local/lib/python3.7/site-packages/airflow/example_dags/example_branch_python_dop_operator_3.py
[2023-06-29T23:59:24.321+0000] {logging_mixin.py:149} INFO - [2023-06-29T23:59:24.320+0000] {dag.py:2726} INFO - Sync 1 DAGs
[2023-06-29T23:59:24.361+0000] {logging_mixin.py:149} INFO - [2023-06-29T23:59:24.361+0000] {dag.py:3490} INFO - Setting next_dagrun for example_branch_dop_operator_v3 to 2023-06-29T23:58:00+00:00, run_after=2023-06-29T23:59:00+00:00
[2023-06-29T23:59:24.384+0000] {processor.py:178} INFO - Processing /home/airflow/.local/lib/python3.7/site-packages/airflow/example_dags/example_branch_python_dop_operator_3.py took 0.111 seconds
[2023-06-29T23:59:54.710+0000] {processor.py:156} INFO - Started process (PID=1488) to work on /home/airflow/.local/lib/python3.7/site-packages/airflow/example_dags/example_branch_python_dop_operator_3.py
[2023-06-29T23:59:54.712+0000] {processor.py:799} INFO - Processing file /home/airflow/.local/lib/python3.7/site-packages/airflow/example_dags/example_branch_python_dop_operator_3.py for tasks to queue
[2023-06-29T23:59:54.713+0000] {logging_mixin.py:149} INFO - [2023-06-29T23:59:54.712+0000] {dagbag.py:541} INFO - Filling up the DagBag from /home/airflow/.local/lib/python3.7/site-packages/airflow/example_dags/example_branch_python_dop_operator_3.py
[2023-06-29T23:59:54.724+0000] {processor.py:809} INFO - DAG(s) dict_keys(['example_branch_dop_operator_v3']) retrieved from /home/airflow/.local/lib/python3.7/site-packages/airflow/example_dags/example_branch_python_dop_operator_3.py
[2023-06-29T23:59:54.757+0000] {logging_mixin.py:149} INFO - [2023-06-29T23:59:54.757+0000] {dag.py:2726} INFO - Sync 1 DAGs
[2023-06-29T23:59:54.798+0000] {logging_mixin.py:149} INFO - [2023-06-29T23:59:54.798+0000] {dag.py:3490} INFO - Setting next_dagrun for example_branch_dop_operator_v3 to 2023-06-29T23:58:00+00:00, run_after=2023-06-29T23:59:00+00:00
[2023-06-29T23:59:54.824+0000] {processor.py:178} INFO - Processing /home/airflow/.local/lib/python3.7/site-packages/airflow/example_dags/example_branch_python_dop_operator_3.py took 0.118 seconds
