[2023-06-29T23:47:08.781+0000] {processor.py:156} INFO - Started process (PID=70) to work on /home/airflow/.local/lib/python3.7/site-packages/airflow/example_dags/example_external_task_marker_dag.py
[2023-06-29T23:47:08.783+0000] {processor.py:799} INFO - Processing file /home/airflow/.local/lib/python3.7/site-packages/airflow/example_dags/example_external_task_marker_dag.py for tasks to queue
[2023-06-29T23:47:08.784+0000] {logging_mixin.py:149} INFO - [2023-06-29T23:47:08.784+0000] {dagbag.py:541} INFO - Filling up the DagBag from /home/airflow/.local/lib/python3.7/site-packages/airflow/example_dags/example_external_task_marker_dag.py
[2023-06-29T23:47:08.794+0000] {processor.py:809} INFO - DAG(s) dict_keys(['example_external_task_marker_parent', 'example_external_task_marker_child']) retrieved from /home/airflow/.local/lib/python3.7/site-packages/airflow/example_dags/example_external_task_marker_dag.py
[2023-06-29T23:47:08.893+0000] {logging_mixin.py:149} INFO - [2023-06-29T23:47:08.892+0000] {dag.py:2726} INFO - Sync 2 DAGs
[2023-06-29T23:47:08.924+0000] {logging_mixin.py:149} INFO - [2023-06-29T23:47:08.924+0000] {dag.py:3490} INFO - Setting next_dagrun for example_external_task_marker_child to None, run_after=None
[2023-06-29T23:47:08.928+0000] {logging_mixin.py:149} INFO - [2023-06-29T23:47:08.927+0000] {dag.py:3490} INFO - Setting next_dagrun for example_external_task_marker_parent to None, run_after=None
[2023-06-29T23:47:08.952+0000] {processor.py:178} INFO - Processing /home/airflow/.local/lib/python3.7/site-packages/airflow/example_dags/example_external_task_marker_dag.py took 0.177 seconds
[2023-06-29T23:47:39.465+0000] {processor.py:156} INFO - Started process (PID=126) to work on /home/airflow/.local/lib/python3.7/site-packages/airflow/example_dags/example_external_task_marker_dag.py
[2023-06-29T23:47:39.467+0000] {processor.py:799} INFO - Processing file /home/airflow/.local/lib/python3.7/site-packages/airflow/example_dags/example_external_task_marker_dag.py for tasks to queue
[2023-06-29T23:47:39.468+0000] {logging_mixin.py:149} INFO - [2023-06-29T23:47:39.468+0000] {dagbag.py:541} INFO - Filling up the DagBag from /home/airflow/.local/lib/python3.7/site-packages/airflow/example_dags/example_external_task_marker_dag.py
[2023-06-29T23:47:39.475+0000] {processor.py:809} INFO - DAG(s) dict_keys(['example_external_task_marker_child', 'example_external_task_marker_parent']) retrieved from /home/airflow/.local/lib/python3.7/site-packages/airflow/example_dags/example_external_task_marker_dag.py
[2023-06-29T23:47:39.534+0000] {logging_mixin.py:149} INFO - [2023-06-29T23:47:39.533+0000] {dag.py:2726} INFO - Sync 2 DAGs
[2023-06-29T23:47:39.577+0000] {logging_mixin.py:149} INFO - [2023-06-29T23:47:39.577+0000] {dag.py:3490} INFO - Setting next_dagrun for example_external_task_marker_child to None, run_after=None
[2023-06-29T23:47:39.582+0000] {logging_mixin.py:149} INFO - [2023-06-29T23:47:39.581+0000] {dag.py:3490} INFO - Setting next_dagrun for example_external_task_marker_parent to None, run_after=None
[2023-06-29T23:47:39.602+0000] {processor.py:178} INFO - Processing /home/airflow/.local/lib/python3.7/site-packages/airflow/example_dags/example_external_task_marker_dag.py took 0.141 seconds
[2023-06-29T23:48:09.822+0000] {processor.py:156} INFO - Started process (PID=183) to work on /home/airflow/.local/lib/python3.7/site-packages/airflow/example_dags/example_external_task_marker_dag.py
[2023-06-29T23:48:09.835+0000] {processor.py:799} INFO - Processing file /home/airflow/.local/lib/python3.7/site-packages/airflow/example_dags/example_external_task_marker_dag.py for tasks to queue
[2023-06-29T23:48:09.835+0000] {logging_mixin.py:149} INFO - [2023-06-29T23:48:09.835+0000] {dagbag.py:541} INFO - Filling up the DagBag from /home/airflow/.local/lib/python3.7/site-packages/airflow/example_dags/example_external_task_marker_dag.py
[2023-06-29T23:48:09.855+0000] {processor.py:809} INFO - DAG(s) dict_keys(['example_external_task_marker_child', 'example_external_task_marker_parent']) retrieved from /home/airflow/.local/lib/python3.7/site-packages/airflow/example_dags/example_external_task_marker_dag.py
[2023-06-29T23:48:09.896+0000] {logging_mixin.py:149} INFO - [2023-06-29T23:48:09.896+0000] {dag.py:2726} INFO - Sync 2 DAGs
[2023-06-29T23:48:09.929+0000] {logging_mixin.py:149} INFO - [2023-06-29T23:48:09.929+0000] {dag.py:3490} INFO - Setting next_dagrun for example_external_task_marker_child to None, run_after=None
[2023-06-29T23:48:09.933+0000] {logging_mixin.py:149} INFO - [2023-06-29T23:48:09.933+0000] {dag.py:3490} INFO - Setting next_dagrun for example_external_task_marker_parent to None, run_after=None
[2023-06-29T23:48:09.952+0000] {processor.py:178} INFO - Processing /home/airflow/.local/lib/python3.7/site-packages/airflow/example_dags/example_external_task_marker_dag.py took 0.135 seconds
[2023-06-29T23:48:40.064+0000] {processor.py:156} INFO - Started process (PID=240) to work on /home/airflow/.local/lib/python3.7/site-packages/airflow/example_dags/example_external_task_marker_dag.py
[2023-06-29T23:48:40.066+0000] {processor.py:799} INFO - Processing file /home/airflow/.local/lib/python3.7/site-packages/airflow/example_dags/example_external_task_marker_dag.py for tasks to queue
[2023-06-29T23:48:40.067+0000] {logging_mixin.py:149} INFO - [2023-06-29T23:48:40.067+0000] {dagbag.py:541} INFO - Filling up the DagBag from /home/airflow/.local/lib/python3.7/site-packages/airflow/example_dags/example_external_task_marker_dag.py
[2023-06-29T23:48:40.080+0000] {processor.py:809} INFO - DAG(s) dict_keys(['example_external_task_marker_parent', 'example_external_task_marker_child']) retrieved from /home/airflow/.local/lib/python3.7/site-packages/airflow/example_dags/example_external_task_marker_dag.py
[2023-06-29T23:48:40.117+0000] {logging_mixin.py:149} INFO - [2023-06-29T23:48:40.116+0000] {dag.py:2726} INFO - Sync 2 DAGs
[2023-06-29T23:48:40.151+0000] {logging_mixin.py:149} INFO - [2023-06-29T23:48:40.151+0000] {dag.py:3490} INFO - Setting next_dagrun for example_external_task_marker_child to None, run_after=None
[2023-06-29T23:48:40.155+0000] {logging_mixin.py:149} INFO - [2023-06-29T23:48:40.155+0000] {dag.py:3490} INFO - Setting next_dagrun for example_external_task_marker_parent to None, run_after=None
[2023-06-29T23:48:40.176+0000] {processor.py:178} INFO - Processing /home/airflow/.local/lib/python3.7/site-packages/airflow/example_dags/example_external_task_marker_dag.py took 0.116 seconds
[2023-06-29T23:49:10.449+0000] {processor.py:156} INFO - Started process (PID=297) to work on /home/airflow/.local/lib/python3.7/site-packages/airflow/example_dags/example_external_task_marker_dag.py
[2023-06-29T23:49:10.449+0000] {processor.py:799} INFO - Processing file /home/airflow/.local/lib/python3.7/site-packages/airflow/example_dags/example_external_task_marker_dag.py for tasks to queue
[2023-06-29T23:49:10.450+0000] {logging_mixin.py:149} INFO - [2023-06-29T23:49:10.450+0000] {dagbag.py:541} INFO - Filling up the DagBag from /home/airflow/.local/lib/python3.7/site-packages/airflow/example_dags/example_external_task_marker_dag.py
[2023-06-29T23:49:10.457+0000] {processor.py:809} INFO - DAG(s) dict_keys(['example_external_task_marker_parent', 'example_external_task_marker_child']) retrieved from /home/airflow/.local/lib/python3.7/site-packages/airflow/example_dags/example_external_task_marker_dag.py
[2023-06-29T23:49:10.493+0000] {logging_mixin.py:149} INFO - [2023-06-29T23:49:10.493+0000] {dag.py:2726} INFO - Sync 2 DAGs
[2023-06-29T23:49:10.525+0000] {logging_mixin.py:149} INFO - [2023-06-29T23:49:10.525+0000] {dag.py:3490} INFO - Setting next_dagrun for example_external_task_marker_child to None, run_after=None
[2023-06-29T23:49:10.529+0000] {logging_mixin.py:149} INFO - [2023-06-29T23:49:10.529+0000] {dag.py:3490} INFO - Setting next_dagrun for example_external_task_marker_parent to None, run_after=None
[2023-06-29T23:49:10.549+0000] {processor.py:178} INFO - Processing /home/airflow/.local/lib/python3.7/site-packages/airflow/example_dags/example_external_task_marker_dag.py took 0.104 seconds
[2023-06-29T23:49:40.669+0000] {processor.py:156} INFO - Started process (PID=355) to work on /home/airflow/.local/lib/python3.7/site-packages/airflow/example_dags/example_external_task_marker_dag.py
[2023-06-29T23:49:40.670+0000] {processor.py:799} INFO - Processing file /home/airflow/.local/lib/python3.7/site-packages/airflow/example_dags/example_external_task_marker_dag.py for tasks to queue
[2023-06-29T23:49:40.671+0000] {logging_mixin.py:149} INFO - [2023-06-29T23:49:40.671+0000] {dagbag.py:541} INFO - Filling up the DagBag from /home/airflow/.local/lib/python3.7/site-packages/airflow/example_dags/example_external_task_marker_dag.py
[2023-06-29T23:49:40.679+0000] {processor.py:809} INFO - DAG(s) dict_keys(['example_external_task_marker_parent', 'example_external_task_marker_child']) retrieved from /home/airflow/.local/lib/python3.7/site-packages/airflow/example_dags/example_external_task_marker_dag.py
[2023-06-29T23:49:40.716+0000] {logging_mixin.py:149} INFO - [2023-06-29T23:49:40.716+0000] {dag.py:2726} INFO - Sync 2 DAGs
[2023-06-29T23:49:40.750+0000] {logging_mixin.py:149} INFO - [2023-06-29T23:49:40.749+0000] {dag.py:3490} INFO - Setting next_dagrun for example_external_task_marker_child to None, run_after=None
[2023-06-29T23:49:40.754+0000] {logging_mixin.py:149} INFO - [2023-06-29T23:49:40.754+0000] {dag.py:3490} INFO - Setting next_dagrun for example_external_task_marker_parent to None, run_after=None
[2023-06-29T23:49:40.775+0000] {processor.py:178} INFO - Processing /home/airflow/.local/lib/python3.7/site-packages/airflow/example_dags/example_external_task_marker_dag.py took 0.112 seconds
[2023-06-29T23:50:11.444+0000] {processor.py:156} INFO - Started process (PID=411) to work on /home/airflow/.local/lib/python3.7/site-packages/airflow/example_dags/example_external_task_marker_dag.py
[2023-06-29T23:50:11.445+0000] {processor.py:799} INFO - Processing file /home/airflow/.local/lib/python3.7/site-packages/airflow/example_dags/example_external_task_marker_dag.py for tasks to queue
[2023-06-29T23:50:11.446+0000] {logging_mixin.py:149} INFO - [2023-06-29T23:50:11.446+0000] {dagbag.py:541} INFO - Filling up the DagBag from /home/airflow/.local/lib/python3.7/site-packages/airflow/example_dags/example_external_task_marker_dag.py
[2023-06-29T23:50:11.453+0000] {processor.py:809} INFO - DAG(s) dict_keys(['example_external_task_marker_parent', 'example_external_task_marker_child']) retrieved from /home/airflow/.local/lib/python3.7/site-packages/airflow/example_dags/example_external_task_marker_dag.py
[2023-06-29T23:50:11.490+0000] {logging_mixin.py:149} INFO - [2023-06-29T23:50:11.490+0000] {dag.py:2726} INFO - Sync 2 DAGs
[2023-06-29T23:50:11.525+0000] {logging_mixin.py:149} INFO - [2023-06-29T23:50:11.524+0000] {dag.py:3490} INFO - Setting next_dagrun for example_external_task_marker_child to None, run_after=None
[2023-06-29T23:50:11.529+0000] {logging_mixin.py:149} INFO - [2023-06-29T23:50:11.529+0000] {dag.py:3490} INFO - Setting next_dagrun for example_external_task_marker_parent to None, run_after=None
[2023-06-29T23:50:11.549+0000] {processor.py:178} INFO - Processing /home/airflow/.local/lib/python3.7/site-packages/airflow/example_dags/example_external_task_marker_dag.py took 0.109 seconds
[2023-06-29T23:50:42.349+0000] {processor.py:156} INFO - Started process (PID=468) to work on /home/airflow/.local/lib/python3.7/site-packages/airflow/example_dags/example_external_task_marker_dag.py
[2023-06-29T23:50:42.355+0000] {processor.py:799} INFO - Processing file /home/airflow/.local/lib/python3.7/site-packages/airflow/example_dags/example_external_task_marker_dag.py for tasks to queue
[2023-06-29T23:50:42.356+0000] {logging_mixin.py:149} INFO - [2023-06-29T23:50:42.356+0000] {dagbag.py:541} INFO - Filling up the DagBag from /home/airflow/.local/lib/python3.7/site-packages/airflow/example_dags/example_external_task_marker_dag.py
[2023-06-29T23:50:42.366+0000] {processor.py:809} INFO - DAG(s) dict_keys(['example_external_task_marker_child', 'example_external_task_marker_parent']) retrieved from /home/airflow/.local/lib/python3.7/site-packages/airflow/example_dags/example_external_task_marker_dag.py
[2023-06-29T23:50:42.435+0000] {logging_mixin.py:149} INFO - [2023-06-29T23:50:42.435+0000] {dag.py:2726} INFO - Sync 2 DAGs
[2023-06-29T23:50:42.522+0000] {logging_mixin.py:149} INFO - [2023-06-29T23:50:42.522+0000] {dag.py:3490} INFO - Setting next_dagrun for example_external_task_marker_child to None, run_after=None
[2023-06-29T23:50:42.533+0000] {logging_mixin.py:149} INFO - [2023-06-29T23:50:42.533+0000] {dag.py:3490} INFO - Setting next_dagrun for example_external_task_marker_parent to None, run_after=None
[2023-06-29T23:50:42.590+0000] {processor.py:178} INFO - Processing /home/airflow/.local/lib/python3.7/site-packages/airflow/example_dags/example_external_task_marker_dag.py took 0.245 seconds
[2023-06-29T23:51:12.730+0000] {processor.py:156} INFO - Started process (PID=525) to work on /home/airflow/.local/lib/python3.7/site-packages/airflow/example_dags/example_external_task_marker_dag.py
[2023-06-29T23:51:12.731+0000] {processor.py:799} INFO - Processing file /home/airflow/.local/lib/python3.7/site-packages/airflow/example_dags/example_external_task_marker_dag.py for tasks to queue
[2023-06-29T23:51:12.731+0000] {logging_mixin.py:149} INFO - [2023-06-29T23:51:12.731+0000] {dagbag.py:541} INFO - Filling up the DagBag from /home/airflow/.local/lib/python3.7/site-packages/airflow/example_dags/example_external_task_marker_dag.py
[2023-06-29T23:51:12.739+0000] {processor.py:809} INFO - DAG(s) dict_keys(['example_external_task_marker_parent', 'example_external_task_marker_child']) retrieved from /home/airflow/.local/lib/python3.7/site-packages/airflow/example_dags/example_external_task_marker_dag.py
[2023-06-29T23:51:12.791+0000] {logging_mixin.py:149} INFO - [2023-06-29T23:51:12.791+0000] {dag.py:2726} INFO - Sync 2 DAGs
[2023-06-29T23:51:12.824+0000] {logging_mixin.py:149} INFO - [2023-06-29T23:51:12.824+0000] {dag.py:3490} INFO - Setting next_dagrun for example_external_task_marker_child to None, run_after=None
[2023-06-29T23:51:12.829+0000] {logging_mixin.py:149} INFO - [2023-06-29T23:51:12.829+0000] {dag.py:3490} INFO - Setting next_dagrun for example_external_task_marker_parent to None, run_after=None
[2023-06-29T23:51:12.849+0000] {processor.py:178} INFO - Processing /home/airflow/.local/lib/python3.7/site-packages/airflow/example_dags/example_external_task_marker_dag.py took 0.124 seconds
[2023-06-29T23:51:43.294+0000] {processor.py:156} INFO - Started process (PID=582) to work on /home/airflow/.local/lib/python3.7/site-packages/airflow/example_dags/example_external_task_marker_dag.py
[2023-06-29T23:51:43.296+0000] {processor.py:799} INFO - Processing file /home/airflow/.local/lib/python3.7/site-packages/airflow/example_dags/example_external_task_marker_dag.py for tasks to queue
[2023-06-29T23:51:43.296+0000] {logging_mixin.py:149} INFO - [2023-06-29T23:51:43.296+0000] {dagbag.py:541} INFO - Filling up the DagBag from /home/airflow/.local/lib/python3.7/site-packages/airflow/example_dags/example_external_task_marker_dag.py
[2023-06-29T23:51:43.304+0000] {processor.py:809} INFO - DAG(s) dict_keys(['example_external_task_marker_child', 'example_external_task_marker_parent']) retrieved from /home/airflow/.local/lib/python3.7/site-packages/airflow/example_dags/example_external_task_marker_dag.py
[2023-06-29T23:51:43.341+0000] {logging_mixin.py:149} INFO - [2023-06-29T23:51:43.341+0000] {dag.py:2726} INFO - Sync 2 DAGs
[2023-06-29T23:51:43.375+0000] {logging_mixin.py:149} INFO - [2023-06-29T23:51:43.375+0000] {dag.py:3490} INFO - Setting next_dagrun for example_external_task_marker_child to None, run_after=None
[2023-06-29T23:51:43.379+0000] {logging_mixin.py:149} INFO - [2023-06-29T23:51:43.379+0000] {dag.py:3490} INFO - Setting next_dagrun for example_external_task_marker_parent to None, run_after=None
[2023-06-29T23:51:43.401+0000] {processor.py:178} INFO - Processing /home/airflow/.local/lib/python3.7/site-packages/airflow/example_dags/example_external_task_marker_dag.py took 0.111 seconds
[2023-06-29T23:52:16.867+0000] {processor.py:156} INFO - Started process (PID=646) to work on /home/airflow/.local/lib/python3.7/site-packages/airflow/example_dags/example_external_task_marker_dag.py
[2023-06-29T23:52:16.875+0000] {processor.py:799} INFO - Processing file /home/airflow/.local/lib/python3.7/site-packages/airflow/example_dags/example_external_task_marker_dag.py for tasks to queue
[2023-06-29T23:52:16.876+0000] {logging_mixin.py:149} INFO - [2023-06-29T23:52:16.876+0000] {dagbag.py:541} INFO - Filling up the DagBag from /home/airflow/.local/lib/python3.7/site-packages/airflow/example_dags/example_external_task_marker_dag.py
[2023-06-29T23:52:16.905+0000] {processor.py:809} INFO - DAG(s) dict_keys(['example_external_task_marker_child', 'example_external_task_marker_parent']) retrieved from /home/airflow/.local/lib/python3.7/site-packages/airflow/example_dags/example_external_task_marker_dag.py
[2023-06-29T23:52:17.035+0000] {logging_mixin.py:149} INFO - [2023-06-29T23:52:17.035+0000] {dag.py:2726} INFO - Sync 2 DAGs
[2023-06-29T23:52:17.180+0000] {logging_mixin.py:149} INFO - [2023-06-29T23:52:17.180+0000] {dag.py:3490} INFO - Setting next_dagrun for example_external_task_marker_child to None, run_after=None
[2023-06-29T23:52:17.196+0000] {logging_mixin.py:149} INFO - [2023-06-29T23:52:17.196+0000] {dag.py:3490} INFO - Setting next_dagrun for example_external_task_marker_parent to None, run_after=None
[2023-06-29T23:52:17.275+0000] {processor.py:178} INFO - Processing /home/airflow/.local/lib/python3.7/site-packages/airflow/example_dags/example_external_task_marker_dag.py took 0.426 seconds
[2023-06-29T23:52:47.940+0000] {processor.py:156} INFO - Started process (PID=703) to work on /home/airflow/.local/lib/python3.7/site-packages/airflow/example_dags/example_external_task_marker_dag.py
[2023-06-29T23:52:47.943+0000] {processor.py:799} INFO - Processing file /home/airflow/.local/lib/python3.7/site-packages/airflow/example_dags/example_external_task_marker_dag.py for tasks to queue
[2023-06-29T23:52:47.943+0000] {logging_mixin.py:149} INFO - [2023-06-29T23:52:47.943+0000] {dagbag.py:541} INFO - Filling up the DagBag from /home/airflow/.local/lib/python3.7/site-packages/airflow/example_dags/example_external_task_marker_dag.py
[2023-06-29T23:52:47.953+0000] {processor.py:809} INFO - DAG(s) dict_keys(['example_external_task_marker_child', 'example_external_task_marker_parent']) retrieved from /home/airflow/.local/lib/python3.7/site-packages/airflow/example_dags/example_external_task_marker_dag.py
[2023-06-29T23:52:48.021+0000] {logging_mixin.py:149} INFO - [2023-06-29T23:52:48.021+0000] {dag.py:2726} INFO - Sync 2 DAGs
[2023-06-29T23:52:48.073+0000] {logging_mixin.py:149} INFO - [2023-06-29T23:52:48.073+0000] {dag.py:3490} INFO - Setting next_dagrun for example_external_task_marker_child to None, run_after=None
[2023-06-29T23:52:48.088+0000] {logging_mixin.py:149} INFO - [2023-06-29T23:52:48.088+0000] {dag.py:3490} INFO - Setting next_dagrun for example_external_task_marker_parent to None, run_after=None
[2023-06-29T23:52:48.145+0000] {processor.py:178} INFO - Processing /home/airflow/.local/lib/python3.7/site-packages/airflow/example_dags/example_external_task_marker_dag.py took 0.216 seconds
[2023-06-29T23:53:18.258+0000] {processor.py:156} INFO - Started process (PID=760) to work on /home/airflow/.local/lib/python3.7/site-packages/airflow/example_dags/example_external_task_marker_dag.py
[2023-06-29T23:53:18.259+0000] {processor.py:799} INFO - Processing file /home/airflow/.local/lib/python3.7/site-packages/airflow/example_dags/example_external_task_marker_dag.py for tasks to queue
[2023-06-29T23:53:18.260+0000] {logging_mixin.py:149} INFO - [2023-06-29T23:53:18.260+0000] {dagbag.py:541} INFO - Filling up the DagBag from /home/airflow/.local/lib/python3.7/site-packages/airflow/example_dags/example_external_task_marker_dag.py
[2023-06-29T23:53:18.268+0000] {processor.py:809} INFO - DAG(s) dict_keys(['example_external_task_marker_child', 'example_external_task_marker_parent']) retrieved from /home/airflow/.local/lib/python3.7/site-packages/airflow/example_dags/example_external_task_marker_dag.py
[2023-06-29T23:53:18.307+0000] {logging_mixin.py:149} INFO - [2023-06-29T23:53:18.307+0000] {dag.py:2726} INFO - Sync 2 DAGs
[2023-06-29T23:53:18.345+0000] {logging_mixin.py:149} INFO - [2023-06-29T23:53:18.345+0000] {dag.py:3490} INFO - Setting next_dagrun for example_external_task_marker_child to None, run_after=None
[2023-06-29T23:53:18.350+0000] {logging_mixin.py:149} INFO - [2023-06-29T23:53:18.350+0000] {dag.py:3490} INFO - Setting next_dagrun for example_external_task_marker_parent to None, run_after=None
[2023-06-29T23:53:18.371+0000] {processor.py:178} INFO - Processing /home/airflow/.local/lib/python3.7/site-packages/airflow/example_dags/example_external_task_marker_dag.py took 0.120 seconds
[2023-06-29T23:53:49.137+0000] {processor.py:156} INFO - Started process (PID=818) to work on /home/airflow/.local/lib/python3.7/site-packages/airflow/example_dags/example_external_task_marker_dag.py
[2023-06-29T23:53:49.138+0000] {processor.py:799} INFO - Processing file /home/airflow/.local/lib/python3.7/site-packages/airflow/example_dags/example_external_task_marker_dag.py for tasks to queue
[2023-06-29T23:53:49.139+0000] {logging_mixin.py:149} INFO - [2023-06-29T23:53:49.139+0000] {dagbag.py:541} INFO - Filling up the DagBag from /home/airflow/.local/lib/python3.7/site-packages/airflow/example_dags/example_external_task_marker_dag.py
[2023-06-29T23:53:49.146+0000] {processor.py:809} INFO - DAG(s) dict_keys(['example_external_task_marker_child', 'example_external_task_marker_parent']) retrieved from /home/airflow/.local/lib/python3.7/site-packages/airflow/example_dags/example_external_task_marker_dag.py
[2023-06-29T23:53:49.184+0000] {logging_mixin.py:149} INFO - [2023-06-29T23:53:49.184+0000] {dag.py:2726} INFO - Sync 2 DAGs
[2023-06-29T23:53:49.218+0000] {logging_mixin.py:149} INFO - [2023-06-29T23:53:49.217+0000] {dag.py:3490} INFO - Setting next_dagrun for example_external_task_marker_child to None, run_after=None
[2023-06-29T23:53:49.222+0000] {logging_mixin.py:149} INFO - [2023-06-29T23:53:49.222+0000] {dag.py:3490} INFO - Setting next_dagrun for example_external_task_marker_parent to None, run_after=None
[2023-06-29T23:53:49.248+0000] {processor.py:178} INFO - Processing /home/airflow/.local/lib/python3.7/site-packages/airflow/example_dags/example_external_task_marker_dag.py took 0.115 seconds
[2023-06-29T23:54:19.587+0000] {processor.py:156} INFO - Started process (PID=875) to work on /home/airflow/.local/lib/python3.7/site-packages/airflow/example_dags/example_external_task_marker_dag.py
[2023-06-29T23:54:19.588+0000] {processor.py:799} INFO - Processing file /home/airflow/.local/lib/python3.7/site-packages/airflow/example_dags/example_external_task_marker_dag.py for tasks to queue
[2023-06-29T23:54:19.589+0000] {logging_mixin.py:149} INFO - [2023-06-29T23:54:19.588+0000] {dagbag.py:541} INFO - Filling up the DagBag from /home/airflow/.local/lib/python3.7/site-packages/airflow/example_dags/example_external_task_marker_dag.py
[2023-06-29T23:54:19.596+0000] {processor.py:809} INFO - DAG(s) dict_keys(['example_external_task_marker_child', 'example_external_task_marker_parent']) retrieved from /home/airflow/.local/lib/python3.7/site-packages/airflow/example_dags/example_external_task_marker_dag.py
[2023-06-29T23:54:19.632+0000] {logging_mixin.py:149} INFO - [2023-06-29T23:54:19.632+0000] {dag.py:2726} INFO - Sync 2 DAGs
[2023-06-29T23:54:19.670+0000] {logging_mixin.py:149} INFO - [2023-06-29T23:54:19.670+0000] {dag.py:3490} INFO - Setting next_dagrun for example_external_task_marker_child to None, run_after=None
[2023-06-29T23:54:19.674+0000] {logging_mixin.py:149} INFO - [2023-06-29T23:54:19.674+0000] {dag.py:3490} INFO - Setting next_dagrun for example_external_task_marker_parent to None, run_after=None
[2023-06-29T23:54:19.693+0000] {processor.py:178} INFO - Processing /home/airflow/.local/lib/python3.7/site-packages/airflow/example_dags/example_external_task_marker_dag.py took 0.111 seconds
[2023-06-29T23:54:50.147+0000] {processor.py:156} INFO - Started process (PID=931) to work on /home/airflow/.local/lib/python3.7/site-packages/airflow/example_dags/example_external_task_marker_dag.py
[2023-06-29T23:54:50.149+0000] {processor.py:799} INFO - Processing file /home/airflow/.local/lib/python3.7/site-packages/airflow/example_dags/example_external_task_marker_dag.py for tasks to queue
[2023-06-29T23:54:50.150+0000] {logging_mixin.py:149} INFO - [2023-06-29T23:54:50.149+0000] {dagbag.py:541} INFO - Filling up the DagBag from /home/airflow/.local/lib/python3.7/site-packages/airflow/example_dags/example_external_task_marker_dag.py
[2023-06-29T23:54:50.157+0000] {processor.py:809} INFO - DAG(s) dict_keys(['example_external_task_marker_parent', 'example_external_task_marker_child']) retrieved from /home/airflow/.local/lib/python3.7/site-packages/airflow/example_dags/example_external_task_marker_dag.py
[2023-06-29T23:54:50.202+0000] {logging_mixin.py:149} INFO - [2023-06-29T23:54:50.202+0000] {dag.py:2726} INFO - Sync 2 DAGs
[2023-06-29T23:54:50.243+0000] {logging_mixin.py:149} INFO - [2023-06-29T23:54:50.243+0000] {dag.py:3490} INFO - Setting next_dagrun for example_external_task_marker_child to None, run_after=None
[2023-06-29T23:54:50.247+0000] {logging_mixin.py:149} INFO - [2023-06-29T23:54:50.247+0000] {dag.py:3490} INFO - Setting next_dagrun for example_external_task_marker_parent to None, run_after=None
[2023-06-29T23:54:50.279+0000] {processor.py:178} INFO - Processing /home/airflow/.local/lib/python3.7/site-packages/airflow/example_dags/example_external_task_marker_dag.py took 0.140 seconds
[2023-06-29T23:55:21.017+0000] {processor.py:156} INFO - Started process (PID=987) to work on /home/airflow/.local/lib/python3.7/site-packages/airflow/example_dags/example_external_task_marker_dag.py
[2023-06-29T23:55:21.024+0000] {processor.py:799} INFO - Processing file /home/airflow/.local/lib/python3.7/site-packages/airflow/example_dags/example_external_task_marker_dag.py for tasks to queue
[2023-06-29T23:55:21.028+0000] {logging_mixin.py:149} INFO - [2023-06-29T23:55:21.027+0000] {dagbag.py:541} INFO - Filling up the DagBag from /home/airflow/.local/lib/python3.7/site-packages/airflow/example_dags/example_external_task_marker_dag.py
[2023-06-29T23:55:21.041+0000] {processor.py:809} INFO - DAG(s) dict_keys(['example_external_task_marker_parent', 'example_external_task_marker_child']) retrieved from /home/airflow/.local/lib/python3.7/site-packages/airflow/example_dags/example_external_task_marker_dag.py
[2023-06-29T23:55:21.120+0000] {logging_mixin.py:149} INFO - [2023-06-29T23:55:21.120+0000] {dag.py:2726} INFO - Sync 2 DAGs
[2023-06-29T23:55:21.184+0000] {logging_mixin.py:149} INFO - [2023-06-29T23:55:21.184+0000] {dag.py:3490} INFO - Setting next_dagrun for example_external_task_marker_child to None, run_after=None
[2023-06-29T23:55:21.189+0000] {logging_mixin.py:149} INFO - [2023-06-29T23:55:21.188+0000] {dag.py:3490} INFO - Setting next_dagrun for example_external_task_marker_parent to None, run_after=None
[2023-06-29T23:55:21.234+0000] {processor.py:178} INFO - Processing /home/airflow/.local/lib/python3.7/site-packages/airflow/example_dags/example_external_task_marker_dag.py took 0.232 seconds
[2023-06-29T23:55:51.958+0000] {processor.py:156} INFO - Started process (PID=1043) to work on /home/airflow/.local/lib/python3.7/site-packages/airflow/example_dags/example_external_task_marker_dag.py
[2023-06-29T23:55:51.960+0000] {processor.py:799} INFO - Processing file /home/airflow/.local/lib/python3.7/site-packages/airflow/example_dags/example_external_task_marker_dag.py for tasks to queue
[2023-06-29T23:55:51.962+0000] {logging_mixin.py:149} INFO - [2023-06-29T23:55:51.962+0000] {dagbag.py:541} INFO - Filling up the DagBag from /home/airflow/.local/lib/python3.7/site-packages/airflow/example_dags/example_external_task_marker_dag.py
[2023-06-29T23:55:51.980+0000] {processor.py:809} INFO - DAG(s) dict_keys(['example_external_task_marker_child', 'example_external_task_marker_parent']) retrieved from /home/airflow/.local/lib/python3.7/site-packages/airflow/example_dags/example_external_task_marker_dag.py
[2023-06-29T23:55:52.133+0000] {logging_mixin.py:149} INFO - [2023-06-29T23:55:52.133+0000] {dag.py:2726} INFO - Sync 2 DAGs
[2023-06-29T23:55:52.216+0000] {logging_mixin.py:149} INFO - [2023-06-29T23:55:52.215+0000] {dag.py:3490} INFO - Setting next_dagrun for example_external_task_marker_child to None, run_after=None
[2023-06-29T23:55:52.227+0000] {logging_mixin.py:149} INFO - [2023-06-29T23:55:52.227+0000] {dag.py:3490} INFO - Setting next_dagrun for example_external_task_marker_parent to None, run_after=None
[2023-06-29T23:55:52.304+0000] {processor.py:178} INFO - Processing /home/airflow/.local/lib/python3.7/site-packages/airflow/example_dags/example_external_task_marker_dag.py took 0.352 seconds
[2023-06-29T23:56:22.927+0000] {processor.py:156} INFO - Started process (PID=1100) to work on /home/airflow/.local/lib/python3.7/site-packages/airflow/example_dags/example_external_task_marker_dag.py
[2023-06-29T23:56:22.929+0000] {processor.py:799} INFO - Processing file /home/airflow/.local/lib/python3.7/site-packages/airflow/example_dags/example_external_task_marker_dag.py for tasks to queue
[2023-06-29T23:56:22.930+0000] {logging_mixin.py:149} INFO - [2023-06-29T23:56:22.930+0000] {dagbag.py:541} INFO - Filling up the DagBag from /home/airflow/.local/lib/python3.7/site-packages/airflow/example_dags/example_external_task_marker_dag.py
[2023-06-29T23:56:22.938+0000] {processor.py:809} INFO - DAG(s) dict_keys(['example_external_task_marker_parent', 'example_external_task_marker_child']) retrieved from /home/airflow/.local/lib/python3.7/site-packages/airflow/example_dags/example_external_task_marker_dag.py
[2023-06-29T23:56:22.977+0000] {logging_mixin.py:149} INFO - [2023-06-29T23:56:22.976+0000] {dag.py:2726} INFO - Sync 2 DAGs
[2023-06-29T23:56:23.013+0000] {logging_mixin.py:149} INFO - [2023-06-29T23:56:23.013+0000] {dag.py:3490} INFO - Setting next_dagrun for example_external_task_marker_child to None, run_after=None
[2023-06-29T23:56:23.018+0000] {logging_mixin.py:149} INFO - [2023-06-29T23:56:23.018+0000] {dag.py:3490} INFO - Setting next_dagrun for example_external_task_marker_parent to None, run_after=None
[2023-06-29T23:56:23.045+0000] {processor.py:178} INFO - Processing /home/airflow/.local/lib/python3.7/site-packages/airflow/example_dags/example_external_task_marker_dag.py took 0.126 seconds
[2023-06-29T23:56:53.074+0000] {processor.py:156} INFO - Started process (PID=1157) to work on /home/airflow/.local/lib/python3.7/site-packages/airflow/example_dags/example_external_task_marker_dag.py
[2023-06-29T23:56:53.075+0000] {processor.py:799} INFO - Processing file /home/airflow/.local/lib/python3.7/site-packages/airflow/example_dags/example_external_task_marker_dag.py for tasks to queue
[2023-06-29T23:56:53.076+0000] {logging_mixin.py:149} INFO - [2023-06-29T23:56:53.076+0000] {dagbag.py:541} INFO - Filling up the DagBag from /home/airflow/.local/lib/python3.7/site-packages/airflow/example_dags/example_external_task_marker_dag.py
[2023-06-29T23:56:53.083+0000] {processor.py:809} INFO - DAG(s) dict_keys(['example_external_task_marker_parent', 'example_external_task_marker_child']) retrieved from /home/airflow/.local/lib/python3.7/site-packages/airflow/example_dags/example_external_task_marker_dag.py
[2023-06-29T23:56:53.120+0000] {logging_mixin.py:149} INFO - [2023-06-29T23:56:53.120+0000] {dag.py:2726} INFO - Sync 2 DAGs
[2023-06-29T23:56:53.154+0000] {logging_mixin.py:149} INFO - [2023-06-29T23:56:53.154+0000] {dag.py:3490} INFO - Setting next_dagrun for example_external_task_marker_child to None, run_after=None
[2023-06-29T23:56:53.158+0000] {logging_mixin.py:149} INFO - [2023-06-29T23:56:53.158+0000] {dag.py:3490} INFO - Setting next_dagrun for example_external_task_marker_parent to None, run_after=None
[2023-06-29T23:56:53.179+0000] {processor.py:178} INFO - Processing /home/airflow/.local/lib/python3.7/site-packages/airflow/example_dags/example_external_task_marker_dag.py took 0.109 seconds
[2023-06-29T23:57:23.294+0000] {processor.py:156} INFO - Started process (PID=1214) to work on /home/airflow/.local/lib/python3.7/site-packages/airflow/example_dags/example_external_task_marker_dag.py
[2023-06-29T23:57:23.296+0000] {processor.py:799} INFO - Processing file /home/airflow/.local/lib/python3.7/site-packages/airflow/example_dags/example_external_task_marker_dag.py for tasks to queue
[2023-06-29T23:57:23.296+0000] {logging_mixin.py:149} INFO - [2023-06-29T23:57:23.296+0000] {dagbag.py:541} INFO - Filling up the DagBag from /home/airflow/.local/lib/python3.7/site-packages/airflow/example_dags/example_external_task_marker_dag.py
[2023-06-29T23:57:23.304+0000] {processor.py:809} INFO - DAG(s) dict_keys(['example_external_task_marker_parent', 'example_external_task_marker_child']) retrieved from /home/airflow/.local/lib/python3.7/site-packages/airflow/example_dags/example_external_task_marker_dag.py
[2023-06-29T23:57:23.343+0000] {logging_mixin.py:149} INFO - [2023-06-29T23:57:23.343+0000] {dag.py:2726} INFO - Sync 2 DAGs
[2023-06-29T23:57:23.379+0000] {logging_mixin.py:149} INFO - [2023-06-29T23:57:23.379+0000] {dag.py:3490} INFO - Setting next_dagrun for example_external_task_marker_child to None, run_after=None
[2023-06-29T23:57:23.383+0000] {logging_mixin.py:149} INFO - [2023-06-29T23:57:23.383+0000] {dag.py:3490} INFO - Setting next_dagrun for example_external_task_marker_parent to None, run_after=None
[2023-06-29T23:57:23.405+0000] {processor.py:178} INFO - Processing /home/airflow/.local/lib/python3.7/site-packages/airflow/example_dags/example_external_task_marker_dag.py took 0.116 seconds
[2023-06-29T23:57:53.776+0000] {processor.py:156} INFO - Started process (PID=1271) to work on /home/airflow/.local/lib/python3.7/site-packages/airflow/example_dags/example_external_task_marker_dag.py
[2023-06-29T23:57:53.777+0000] {processor.py:799} INFO - Processing file /home/airflow/.local/lib/python3.7/site-packages/airflow/example_dags/example_external_task_marker_dag.py for tasks to queue
[2023-06-29T23:57:53.778+0000] {logging_mixin.py:149} INFO - [2023-06-29T23:57:53.777+0000] {dagbag.py:541} INFO - Filling up the DagBag from /home/airflow/.local/lib/python3.7/site-packages/airflow/example_dags/example_external_task_marker_dag.py
[2023-06-29T23:57:53.792+0000] {processor.py:809} INFO - DAG(s) dict_keys(['example_external_task_marker_child', 'example_external_task_marker_parent']) retrieved from /home/airflow/.local/lib/python3.7/site-packages/airflow/example_dags/example_external_task_marker_dag.py
[2023-06-29T23:57:53.832+0000] {logging_mixin.py:149} INFO - [2023-06-29T23:57:53.831+0000] {dag.py:2726} INFO - Sync 2 DAGs
[2023-06-29T23:57:53.867+0000] {logging_mixin.py:149} INFO - [2023-06-29T23:57:53.866+0000] {dag.py:3490} INFO - Setting next_dagrun for example_external_task_marker_child to None, run_after=None
[2023-06-29T23:57:53.871+0000] {logging_mixin.py:149} INFO - [2023-06-29T23:57:53.871+0000] {dag.py:3490} INFO - Setting next_dagrun for example_external_task_marker_parent to None, run_after=None
[2023-06-29T23:57:53.895+0000] {processor.py:178} INFO - Processing /home/airflow/.local/lib/python3.7/site-packages/airflow/example_dags/example_external_task_marker_dag.py took 0.123 seconds
[2023-06-29T23:58:24.620+0000] {processor.py:156} INFO - Started process (PID=1328) to work on /home/airflow/.local/lib/python3.7/site-packages/airflow/example_dags/example_external_task_marker_dag.py
[2023-06-29T23:58:24.631+0000] {processor.py:799} INFO - Processing file /home/airflow/.local/lib/python3.7/site-packages/airflow/example_dags/example_external_task_marker_dag.py for tasks to queue
[2023-06-29T23:58:24.632+0000] {logging_mixin.py:149} INFO - [2023-06-29T23:58:24.632+0000] {dagbag.py:541} INFO - Filling up the DagBag from /home/airflow/.local/lib/python3.7/site-packages/airflow/example_dags/example_external_task_marker_dag.py
[2023-06-29T23:58:24.640+0000] {processor.py:809} INFO - DAG(s) dict_keys(['example_external_task_marker_child', 'example_external_task_marker_parent']) retrieved from /home/airflow/.local/lib/python3.7/site-packages/airflow/example_dags/example_external_task_marker_dag.py
[2023-06-29T23:58:24.723+0000] {logging_mixin.py:149} INFO - [2023-06-29T23:58:24.723+0000] {dag.py:2726} INFO - Sync 2 DAGs
[2023-06-29T23:58:24.780+0000] {logging_mixin.py:149} INFO - [2023-06-29T23:58:24.779+0000] {dag.py:3490} INFO - Setting next_dagrun for example_external_task_marker_child to None, run_after=None
[2023-06-29T23:58:24.785+0000] {logging_mixin.py:149} INFO - [2023-06-29T23:58:24.785+0000] {dag.py:3490} INFO - Setting next_dagrun for example_external_task_marker_parent to None, run_after=None
[2023-06-29T23:58:24.807+0000] {processor.py:178} INFO - Processing /home/airflow/.local/lib/python3.7/site-packages/airflow/example_dags/example_external_task_marker_dag.py took 0.200 seconds
[2023-06-29T23:58:55.114+0000] {processor.py:156} INFO - Started process (PID=1386) to work on /home/airflow/.local/lib/python3.7/site-packages/airflow/example_dags/example_external_task_marker_dag.py
[2023-06-29T23:58:55.116+0000] {processor.py:799} INFO - Processing file /home/airflow/.local/lib/python3.7/site-packages/airflow/example_dags/example_external_task_marker_dag.py for tasks to queue
[2023-06-29T23:58:55.117+0000] {logging_mixin.py:149} INFO - [2023-06-29T23:58:55.117+0000] {dagbag.py:541} INFO - Filling up the DagBag from /home/airflow/.local/lib/python3.7/site-packages/airflow/example_dags/example_external_task_marker_dag.py
[2023-06-29T23:58:55.125+0000] {processor.py:809} INFO - DAG(s) dict_keys(['example_external_task_marker_parent', 'example_external_task_marker_child']) retrieved from /home/airflow/.local/lib/python3.7/site-packages/airflow/example_dags/example_external_task_marker_dag.py
[2023-06-29T23:58:55.165+0000] {logging_mixin.py:149} INFO - [2023-06-29T23:58:55.165+0000] {dag.py:2726} INFO - Sync 2 DAGs
[2023-06-29T23:58:55.203+0000] {logging_mixin.py:149} INFO - [2023-06-29T23:58:55.203+0000] {dag.py:3490} INFO - Setting next_dagrun for example_external_task_marker_child to None, run_after=None
[2023-06-29T23:58:55.209+0000] {logging_mixin.py:149} INFO - [2023-06-29T23:58:55.209+0000] {dag.py:3490} INFO - Setting next_dagrun for example_external_task_marker_parent to None, run_after=None
[2023-06-29T23:58:55.230+0000] {processor.py:178} INFO - Processing /home/airflow/.local/lib/python3.7/site-packages/airflow/example_dags/example_external_task_marker_dag.py took 0.120 seconds
[2023-06-29T23:59:25.426+0000] {processor.py:156} INFO - Started process (PID=1444) to work on /home/airflow/.local/lib/python3.7/site-packages/airflow/example_dags/example_external_task_marker_dag.py
[2023-06-29T23:59:25.427+0000] {processor.py:799} INFO - Processing file /home/airflow/.local/lib/python3.7/site-packages/airflow/example_dags/example_external_task_marker_dag.py for tasks to queue
[2023-06-29T23:59:25.428+0000] {logging_mixin.py:149} INFO - [2023-06-29T23:59:25.428+0000] {dagbag.py:541} INFO - Filling up the DagBag from /home/airflow/.local/lib/python3.7/site-packages/airflow/example_dags/example_external_task_marker_dag.py
[2023-06-29T23:59:25.435+0000] {processor.py:809} INFO - DAG(s) dict_keys(['example_external_task_marker_parent', 'example_external_task_marker_child']) retrieved from /home/airflow/.local/lib/python3.7/site-packages/airflow/example_dags/example_external_task_marker_dag.py
[2023-06-29T23:59:25.472+0000] {logging_mixin.py:149} INFO - [2023-06-29T23:59:25.472+0000] {dag.py:2726} INFO - Sync 2 DAGs
[2023-06-29T23:59:25.509+0000] {logging_mixin.py:149} INFO - [2023-06-29T23:59:25.509+0000] {dag.py:3490} INFO - Setting next_dagrun for example_external_task_marker_child to None, run_after=None
[2023-06-29T23:59:25.514+0000] {logging_mixin.py:149} INFO - [2023-06-29T23:59:25.513+0000] {dag.py:3490} INFO - Setting next_dagrun for example_external_task_marker_parent to None, run_after=None
[2023-06-29T23:59:25.533+0000] {processor.py:178} INFO - Processing /home/airflow/.local/lib/python3.7/site-packages/airflow/example_dags/example_external_task_marker_dag.py took 0.114 seconds
[2023-06-29T23:59:55.799+0000] {processor.py:156} INFO - Started process (PID=1500) to work on /home/airflow/.local/lib/python3.7/site-packages/airflow/example_dags/example_external_task_marker_dag.py
[2023-06-29T23:59:55.801+0000] {processor.py:799} INFO - Processing file /home/airflow/.local/lib/python3.7/site-packages/airflow/example_dags/example_external_task_marker_dag.py for tasks to queue
[2023-06-29T23:59:55.801+0000] {logging_mixin.py:149} INFO - [2023-06-29T23:59:55.801+0000] {dagbag.py:541} INFO - Filling up the DagBag from /home/airflow/.local/lib/python3.7/site-packages/airflow/example_dags/example_external_task_marker_dag.py
[2023-06-29T23:59:55.810+0000] {processor.py:809} INFO - DAG(s) dict_keys(['example_external_task_marker_parent', 'example_external_task_marker_child']) retrieved from /home/airflow/.local/lib/python3.7/site-packages/airflow/example_dags/example_external_task_marker_dag.py
[2023-06-29T23:59:55.849+0000] {logging_mixin.py:149} INFO - [2023-06-29T23:59:55.848+0000] {dag.py:2726} INFO - Sync 2 DAGs
[2023-06-29T23:59:55.885+0000] {logging_mixin.py:149} INFO - [2023-06-29T23:59:55.884+0000] {dag.py:3490} INFO - Setting next_dagrun for example_external_task_marker_child to None, run_after=None
[2023-06-29T23:59:55.889+0000] {logging_mixin.py:149} INFO - [2023-06-29T23:59:55.889+0000] {dag.py:3490} INFO - Setting next_dagrun for example_external_task_marker_parent to None, run_after=None
[2023-06-29T23:59:55.919+0000] {processor.py:178} INFO - Processing /home/airflow/.local/lib/python3.7/site-packages/airflow/example_dags/example_external_task_marker_dag.py took 0.125 seconds
