[2023-06-29T23:47:06.924+0000] {processor.py:156} INFO - Started process (PID=58) to work on /home/airflow/.local/lib/python3.7/site-packages/airflow/example_dags/example_branch_datetime_operator.py
[2023-06-29T23:47:06.925+0000] {processor.py:799} INFO - Processing file /home/airflow/.local/lib/python3.7/site-packages/airflow/example_dags/example_branch_datetime_operator.py for tasks to queue
[2023-06-29T23:47:06.926+0000] {logging_mixin.py:149} INFO - [2023-06-29T23:47:06.926+0000] {dagbag.py:541} INFO - Filling up the DagBag from /home/airflow/.local/lib/python3.7/site-packages/airflow/example_dags/example_branch_datetime_operator.py
[2023-06-29T23:47:06.948+0000] {processor.py:809} INFO - DAG(s) dict_keys(['example_branch_datetime_operator', 'example_branch_datetime_operator_3', 'example_branch_datetime_operator_2']) retrieved from /home/airflow/.local/lib/python3.7/site-packages/airflow/example_dags/example_branch_datetime_operator.py
[2023-06-29T23:47:07.033+0000] {logging_mixin.py:149} INFO - [2023-06-29T23:47:07.032+0000] {dag.py:2726} INFO - Sync 3 DAGs
[2023-06-29T23:47:07.073+0000] {logging_mixin.py:149} INFO - [2023-06-29T23:47:07.073+0000] {dag.py:3490} INFO - Setting next_dagrun for example_branch_datetime_operator to 2023-06-28T00:00:00+00:00, run_after=2023-06-29T00:00:00+00:00
[2023-06-29T23:47:07.080+0000] {logging_mixin.py:149} INFO - [2023-06-29T23:47:07.080+0000] {dag.py:3490} INFO - Setting next_dagrun for example_branch_datetime_operator_2 to 2023-06-28T00:00:00+00:00, run_after=2023-06-29T00:00:00+00:00
[2023-06-29T23:47:07.083+0000] {logging_mixin.py:149} INFO - [2023-06-29T23:47:07.083+0000] {dag.py:3490} INFO - Setting next_dagrun for example_branch_datetime_operator_3 to 2023-06-28T00:00:00+00:00, run_after=2023-06-29T00:00:00+00:00
[2023-06-29T23:47:07.135+0000] {processor.py:178} INFO - Processing /home/airflow/.local/lib/python3.7/site-packages/airflow/example_dags/example_branch_datetime_operator.py took 0.228 seconds
[2023-06-29T23:47:37.642+0000] {processor.py:156} INFO - Started process (PID=115) to work on /home/airflow/.local/lib/python3.7/site-packages/airflow/example_dags/example_branch_datetime_operator.py
[2023-06-29T23:47:37.643+0000] {processor.py:799} INFO - Processing file /home/airflow/.local/lib/python3.7/site-packages/airflow/example_dags/example_branch_datetime_operator.py for tasks to queue
[2023-06-29T23:47:37.644+0000] {logging_mixin.py:149} INFO - [2023-06-29T23:47:37.644+0000] {dagbag.py:541} INFO - Filling up the DagBag from /home/airflow/.local/lib/python3.7/site-packages/airflow/example_dags/example_branch_datetime_operator.py
[2023-06-29T23:47:37.657+0000] {processor.py:809} INFO - DAG(s) dict_keys(['example_branch_datetime_operator_3', 'example_branch_datetime_operator_2', 'example_branch_datetime_operator']) retrieved from /home/airflow/.local/lib/python3.7/site-packages/airflow/example_dags/example_branch_datetime_operator.py
[2023-06-29T23:47:37.699+0000] {logging_mixin.py:149} INFO - [2023-06-29T23:47:37.699+0000] {dag.py:2726} INFO - Sync 3 DAGs
[2023-06-29T23:47:37.736+0000] {logging_mixin.py:149} INFO - [2023-06-29T23:47:37.736+0000] {dag.py:3490} INFO - Setting next_dagrun for example_branch_datetime_operator to 2023-06-28T00:00:00+00:00, run_after=2023-06-29T00:00:00+00:00
[2023-06-29T23:47:37.742+0000] {logging_mixin.py:149} INFO - [2023-06-29T23:47:37.742+0000] {dag.py:3490} INFO - Setting next_dagrun for example_branch_datetime_operator_2 to 2023-06-28T00:00:00+00:00, run_after=2023-06-29T00:00:00+00:00
[2023-06-29T23:47:37.745+0000] {logging_mixin.py:149} INFO - [2023-06-29T23:47:37.745+0000] {dag.py:3490} INFO - Setting next_dagrun for example_branch_datetime_operator_3 to 2023-06-28T00:00:00+00:00, run_after=2023-06-29T00:00:00+00:00
[2023-06-29T23:47:37.765+0000] {processor.py:178} INFO - Processing /home/airflow/.local/lib/python3.7/site-packages/airflow/example_dags/example_branch_datetime_operator.py took 0.127 seconds
[2023-06-29T23:48:08.139+0000] {processor.py:156} INFO - Started process (PID=172) to work on /home/airflow/.local/lib/python3.7/site-packages/airflow/example_dags/example_branch_datetime_operator.py
[2023-06-29T23:48:08.141+0000] {processor.py:799} INFO - Processing file /home/airflow/.local/lib/python3.7/site-packages/airflow/example_dags/example_branch_datetime_operator.py for tasks to queue
[2023-06-29T23:48:08.142+0000] {logging_mixin.py:149} INFO - [2023-06-29T23:48:08.141+0000] {dagbag.py:541} INFO - Filling up the DagBag from /home/airflow/.local/lib/python3.7/site-packages/airflow/example_dags/example_branch_datetime_operator.py
[2023-06-29T23:48:08.154+0000] {processor.py:809} INFO - DAG(s) dict_keys(['example_branch_datetime_operator_3', 'example_branch_datetime_operator', 'example_branch_datetime_operator_2']) retrieved from /home/airflow/.local/lib/python3.7/site-packages/airflow/example_dags/example_branch_datetime_operator.py
[2023-06-29T23:48:08.196+0000] {logging_mixin.py:149} INFO - [2023-06-29T23:48:08.196+0000] {dag.py:2726} INFO - Sync 3 DAGs
[2023-06-29T23:48:08.232+0000] {logging_mixin.py:149} INFO - [2023-06-29T23:48:08.232+0000] {dag.py:3490} INFO - Setting next_dagrun for example_branch_datetime_operator to 2023-06-28T00:00:00+00:00, run_after=2023-06-29T00:00:00+00:00
[2023-06-29T23:48:08.238+0000] {logging_mixin.py:149} INFO - [2023-06-29T23:48:08.238+0000] {dag.py:3490} INFO - Setting next_dagrun for example_branch_datetime_operator_2 to 2023-06-28T00:00:00+00:00, run_after=2023-06-29T00:00:00+00:00
[2023-06-29T23:48:08.241+0000] {logging_mixin.py:149} INFO - [2023-06-29T23:48:08.241+0000] {dag.py:3490} INFO - Setting next_dagrun for example_branch_datetime_operator_3 to 2023-06-28T00:00:00+00:00, run_after=2023-06-29T00:00:00+00:00
[2023-06-29T23:48:08.261+0000] {processor.py:178} INFO - Processing /home/airflow/.local/lib/python3.7/site-packages/airflow/example_dags/example_branch_datetime_operator.py took 0.126 seconds
[2023-06-29T23:48:38.358+0000] {processor.py:156} INFO - Started process (PID=229) to work on /home/airflow/.local/lib/python3.7/site-packages/airflow/example_dags/example_branch_datetime_operator.py
[2023-06-29T23:48:38.359+0000] {processor.py:799} INFO - Processing file /home/airflow/.local/lib/python3.7/site-packages/airflow/example_dags/example_branch_datetime_operator.py for tasks to queue
[2023-06-29T23:48:38.360+0000] {logging_mixin.py:149} INFO - [2023-06-29T23:48:38.360+0000] {dagbag.py:541} INFO - Filling up the DagBag from /home/airflow/.local/lib/python3.7/site-packages/airflow/example_dags/example_branch_datetime_operator.py
[2023-06-29T23:48:38.378+0000] {processor.py:809} INFO - DAG(s) dict_keys(['example_branch_datetime_operator', 'example_branch_datetime_operator_3', 'example_branch_datetime_operator_2']) retrieved from /home/airflow/.local/lib/python3.7/site-packages/airflow/example_dags/example_branch_datetime_operator.py
[2023-06-29T23:48:38.420+0000] {logging_mixin.py:149} INFO - [2023-06-29T23:48:38.420+0000] {dag.py:2726} INFO - Sync 3 DAGs
[2023-06-29T23:48:38.463+0000] {logging_mixin.py:149} INFO - [2023-06-29T23:48:38.462+0000] {dag.py:3490} INFO - Setting next_dagrun for example_branch_datetime_operator to 2023-06-28T00:00:00+00:00, run_after=2023-06-29T00:00:00+00:00
[2023-06-29T23:48:38.471+0000] {logging_mixin.py:149} INFO - [2023-06-29T23:48:38.471+0000] {dag.py:3490} INFO - Setting next_dagrun for example_branch_datetime_operator_2 to 2023-06-28T00:00:00+00:00, run_after=2023-06-29T00:00:00+00:00
[2023-06-29T23:48:38.474+0000] {logging_mixin.py:149} INFO - [2023-06-29T23:48:38.474+0000] {dag.py:3490} INFO - Setting next_dagrun for example_branch_datetime_operator_3 to 2023-06-28T00:00:00+00:00, run_after=2023-06-29T00:00:00+00:00
[2023-06-29T23:48:38.495+0000] {processor.py:178} INFO - Processing /home/airflow/.local/lib/python3.7/site-packages/airflow/example_dags/example_branch_datetime_operator.py took 0.141 seconds
[2023-06-29T23:49:08.602+0000] {processor.py:156} INFO - Started process (PID=286) to work on /home/airflow/.local/lib/python3.7/site-packages/airflow/example_dags/example_branch_datetime_operator.py
[2023-06-29T23:49:08.604+0000] {processor.py:799} INFO - Processing file /home/airflow/.local/lib/python3.7/site-packages/airflow/example_dags/example_branch_datetime_operator.py for tasks to queue
[2023-06-29T23:49:08.605+0000] {logging_mixin.py:149} INFO - [2023-06-29T23:49:08.605+0000] {dagbag.py:541} INFO - Filling up the DagBag from /home/airflow/.local/lib/python3.7/site-packages/airflow/example_dags/example_branch_datetime_operator.py
[2023-06-29T23:49:08.617+0000] {processor.py:809} INFO - DAG(s) dict_keys(['example_branch_datetime_operator_2', 'example_branch_datetime_operator_3', 'example_branch_datetime_operator']) retrieved from /home/airflow/.local/lib/python3.7/site-packages/airflow/example_dags/example_branch_datetime_operator.py
[2023-06-29T23:49:08.657+0000] {logging_mixin.py:149} INFO - [2023-06-29T23:49:08.657+0000] {dag.py:2726} INFO - Sync 3 DAGs
[2023-06-29T23:49:08.692+0000] {logging_mixin.py:149} INFO - [2023-06-29T23:49:08.692+0000] {dag.py:3490} INFO - Setting next_dagrun for example_branch_datetime_operator to 2023-06-28T00:00:00+00:00, run_after=2023-06-29T00:00:00+00:00
[2023-06-29T23:49:08.698+0000] {logging_mixin.py:149} INFO - [2023-06-29T23:49:08.698+0000] {dag.py:3490} INFO - Setting next_dagrun for example_branch_datetime_operator_2 to 2023-06-28T00:00:00+00:00, run_after=2023-06-29T00:00:00+00:00
[2023-06-29T23:49:08.701+0000] {logging_mixin.py:149} INFO - [2023-06-29T23:49:08.701+0000] {dag.py:3490} INFO - Setting next_dagrun for example_branch_datetime_operator_3 to 2023-06-28T00:00:00+00:00, run_after=2023-06-29T00:00:00+00:00
[2023-06-29T23:49:08.722+0000] {processor.py:178} INFO - Processing /home/airflow/.local/lib/python3.7/site-packages/airflow/example_dags/example_branch_datetime_operator.py took 0.124 seconds
[2023-06-29T23:49:39.042+0000] {processor.py:156} INFO - Started process (PID=344) to work on /home/airflow/.local/lib/python3.7/site-packages/airflow/example_dags/example_branch_datetime_operator.py
[2023-06-29T23:49:39.044+0000] {processor.py:799} INFO - Processing file /home/airflow/.local/lib/python3.7/site-packages/airflow/example_dags/example_branch_datetime_operator.py for tasks to queue
[2023-06-29T23:49:39.045+0000] {logging_mixin.py:149} INFO - [2023-06-29T23:49:39.044+0000] {dagbag.py:541} INFO - Filling up the DagBag from /home/airflow/.local/lib/python3.7/site-packages/airflow/example_dags/example_branch_datetime_operator.py
[2023-06-29T23:49:39.057+0000] {processor.py:809} INFO - DAG(s) dict_keys(['example_branch_datetime_operator_3', 'example_branch_datetime_operator', 'example_branch_datetime_operator_2']) retrieved from /home/airflow/.local/lib/python3.7/site-packages/airflow/example_dags/example_branch_datetime_operator.py
[2023-06-29T23:49:39.101+0000] {logging_mixin.py:149} INFO - [2023-06-29T23:49:39.101+0000] {dag.py:2726} INFO - Sync 3 DAGs
[2023-06-29T23:49:39.141+0000] {logging_mixin.py:149} INFO - [2023-06-29T23:49:39.141+0000] {dag.py:3490} INFO - Setting next_dagrun for example_branch_datetime_operator to 2023-06-28T00:00:00+00:00, run_after=2023-06-29T00:00:00+00:00
[2023-06-29T23:49:39.148+0000] {logging_mixin.py:149} INFO - [2023-06-29T23:49:39.147+0000] {dag.py:3490} INFO - Setting next_dagrun for example_branch_datetime_operator_2 to 2023-06-28T00:00:00+00:00, run_after=2023-06-29T00:00:00+00:00
[2023-06-29T23:49:39.151+0000] {logging_mixin.py:149} INFO - [2023-06-29T23:49:39.151+0000] {dag.py:3490} INFO - Setting next_dagrun for example_branch_datetime_operator_3 to 2023-06-28T00:00:00+00:00, run_after=2023-06-29T00:00:00+00:00
[2023-06-29T23:49:39.170+0000] {processor.py:178} INFO - Processing /home/airflow/.local/lib/python3.7/site-packages/airflow/example_dags/example_branch_datetime_operator.py took 0.132 seconds
[2023-06-29T23:50:09.668+0000] {processor.py:156} INFO - Started process (PID=400) to work on /home/airflow/.local/lib/python3.7/site-packages/airflow/example_dags/example_branch_datetime_operator.py
[2023-06-29T23:50:09.669+0000] {processor.py:799} INFO - Processing file /home/airflow/.local/lib/python3.7/site-packages/airflow/example_dags/example_branch_datetime_operator.py for tasks to queue
[2023-06-29T23:50:09.669+0000] {logging_mixin.py:149} INFO - [2023-06-29T23:50:09.669+0000] {dagbag.py:541} INFO - Filling up the DagBag from /home/airflow/.local/lib/python3.7/site-packages/airflow/example_dags/example_branch_datetime_operator.py
[2023-06-29T23:50:09.682+0000] {processor.py:809} INFO - DAG(s) dict_keys(['example_branch_datetime_operator_2', 'example_branch_datetime_operator', 'example_branch_datetime_operator_3']) retrieved from /home/airflow/.local/lib/python3.7/site-packages/airflow/example_dags/example_branch_datetime_operator.py
[2023-06-29T23:50:09.724+0000] {logging_mixin.py:149} INFO - [2023-06-29T23:50:09.724+0000] {dag.py:2726} INFO - Sync 3 DAGs
[2023-06-29T23:50:09.761+0000] {logging_mixin.py:149} INFO - [2023-06-29T23:50:09.760+0000] {dag.py:3490} INFO - Setting next_dagrun for example_branch_datetime_operator to 2023-06-28T00:00:00+00:00, run_after=2023-06-29T00:00:00+00:00
[2023-06-29T23:50:09.767+0000] {logging_mixin.py:149} INFO - [2023-06-29T23:50:09.767+0000] {dag.py:3490} INFO - Setting next_dagrun for example_branch_datetime_operator_2 to 2023-06-28T00:00:00+00:00, run_after=2023-06-29T00:00:00+00:00
[2023-06-29T23:50:09.770+0000] {logging_mixin.py:149} INFO - [2023-06-29T23:50:09.770+0000] {dag.py:3490} INFO - Setting next_dagrun for example_branch_datetime_operator_3 to 2023-06-28T00:00:00+00:00, run_after=2023-06-29T00:00:00+00:00
[2023-06-29T23:50:09.790+0000] {processor.py:178} INFO - Processing /home/airflow/.local/lib/python3.7/site-packages/airflow/example_dags/example_branch_datetime_operator.py took 0.127 seconds
[2023-06-29T23:50:40.328+0000] {processor.py:156} INFO - Started process (PID=457) to work on /home/airflow/.local/lib/python3.7/site-packages/airflow/example_dags/example_branch_datetime_operator.py
[2023-06-29T23:50:40.330+0000] {processor.py:799} INFO - Processing file /home/airflow/.local/lib/python3.7/site-packages/airflow/example_dags/example_branch_datetime_operator.py for tasks to queue
[2023-06-29T23:50:40.331+0000] {logging_mixin.py:149} INFO - [2023-06-29T23:50:40.331+0000] {dagbag.py:541} INFO - Filling up the DagBag from /home/airflow/.local/lib/python3.7/site-packages/airflow/example_dags/example_branch_datetime_operator.py
[2023-06-29T23:50:40.347+0000] {processor.py:809} INFO - DAG(s) dict_keys(['example_branch_datetime_operator', 'example_branch_datetime_operator_2', 'example_branch_datetime_operator_3']) retrieved from /home/airflow/.local/lib/python3.7/site-packages/airflow/example_dags/example_branch_datetime_operator.py
[2023-06-29T23:50:40.390+0000] {logging_mixin.py:149} INFO - [2023-06-29T23:50:40.389+0000] {dag.py:2726} INFO - Sync 3 DAGs
[2023-06-29T23:50:40.446+0000] {logging_mixin.py:149} INFO - [2023-06-29T23:50:40.446+0000] {dag.py:3490} INFO - Setting next_dagrun for example_branch_datetime_operator to 2023-06-28T00:00:00+00:00, run_after=2023-06-29T00:00:00+00:00
[2023-06-29T23:50:40.454+0000] {logging_mixin.py:149} INFO - [2023-06-29T23:50:40.453+0000] {dag.py:3490} INFO - Setting next_dagrun for example_branch_datetime_operator_2 to 2023-06-28T00:00:00+00:00, run_after=2023-06-29T00:00:00+00:00
[2023-06-29T23:50:40.457+0000] {logging_mixin.py:149} INFO - [2023-06-29T23:50:40.457+0000] {dag.py:3490} INFO - Setting next_dagrun for example_branch_datetime_operator_3 to 2023-06-28T00:00:00+00:00, run_after=2023-06-29T00:00:00+00:00
[2023-06-29T23:50:40.489+0000] {processor.py:178} INFO - Processing /home/airflow/.local/lib/python3.7/site-packages/airflow/example_dags/example_branch_datetime_operator.py took 0.173 seconds
[2023-06-29T23:51:11.041+0000] {processor.py:156} INFO - Started process (PID=514) to work on /home/airflow/.local/lib/python3.7/site-packages/airflow/example_dags/example_branch_datetime_operator.py
[2023-06-29T23:51:11.042+0000] {processor.py:799} INFO - Processing file /home/airflow/.local/lib/python3.7/site-packages/airflow/example_dags/example_branch_datetime_operator.py for tasks to queue
[2023-06-29T23:51:11.043+0000] {logging_mixin.py:149} INFO - [2023-06-29T23:51:11.042+0000] {dagbag.py:541} INFO - Filling up the DagBag from /home/airflow/.local/lib/python3.7/site-packages/airflow/example_dags/example_branch_datetime_operator.py
[2023-06-29T23:51:11.055+0000] {processor.py:809} INFO - DAG(s) dict_keys(['example_branch_datetime_operator_3', 'example_branch_datetime_operator_2', 'example_branch_datetime_operator']) retrieved from /home/airflow/.local/lib/python3.7/site-packages/airflow/example_dags/example_branch_datetime_operator.py
[2023-06-29T23:51:11.099+0000] {logging_mixin.py:149} INFO - [2023-06-29T23:51:11.099+0000] {dag.py:2726} INFO - Sync 3 DAGs
[2023-06-29T23:51:11.137+0000] {logging_mixin.py:149} INFO - [2023-06-29T23:51:11.137+0000] {dag.py:3490} INFO - Setting next_dagrun for example_branch_datetime_operator to 2023-06-28T00:00:00+00:00, run_after=2023-06-29T00:00:00+00:00
[2023-06-29T23:51:11.144+0000] {logging_mixin.py:149} INFO - [2023-06-29T23:51:11.144+0000] {dag.py:3490} INFO - Setting next_dagrun for example_branch_datetime_operator_2 to 2023-06-28T00:00:00+00:00, run_after=2023-06-29T00:00:00+00:00
[2023-06-29T23:51:11.147+0000] {logging_mixin.py:149} INFO - [2023-06-29T23:51:11.147+0000] {dag.py:3490} INFO - Setting next_dagrun for example_branch_datetime_operator_3 to 2023-06-28T00:00:00+00:00, run_after=2023-06-29T00:00:00+00:00
[2023-06-29T23:51:11.168+0000] {processor.py:178} INFO - Processing /home/airflow/.local/lib/python3.7/site-packages/airflow/example_dags/example_branch_datetime_operator.py took 0.133 seconds
[2023-06-29T23:51:42.439+0000] {processor.py:156} INFO - Started process (PID=571) to work on /home/airflow/.local/lib/python3.7/site-packages/airflow/example_dags/example_branch_datetime_operator.py
[2023-06-29T23:51:42.441+0000] {processor.py:799} INFO - Processing file /home/airflow/.local/lib/python3.7/site-packages/airflow/example_dags/example_branch_datetime_operator.py for tasks to queue
[2023-06-29T23:51:42.441+0000] {logging_mixin.py:149} INFO - [2023-06-29T23:51:42.441+0000] {dagbag.py:541} INFO - Filling up the DagBag from /home/airflow/.local/lib/python3.7/site-packages/airflow/example_dags/example_branch_datetime_operator.py
[2023-06-29T23:51:42.454+0000] {processor.py:809} INFO - DAG(s) dict_keys(['example_branch_datetime_operator', 'example_branch_datetime_operator_2', 'example_branch_datetime_operator_3']) retrieved from /home/airflow/.local/lib/python3.7/site-packages/airflow/example_dags/example_branch_datetime_operator.py
[2023-06-29T23:51:42.494+0000] {logging_mixin.py:149} INFO - [2023-06-29T23:51:42.494+0000] {dag.py:2726} INFO - Sync 3 DAGs
[2023-06-29T23:51:42.530+0000] {logging_mixin.py:149} INFO - [2023-06-29T23:51:42.530+0000] {dag.py:3490} INFO - Setting next_dagrun for example_branch_datetime_operator to 2023-06-28T00:00:00+00:00, run_after=2023-06-29T00:00:00+00:00
[2023-06-29T23:51:42.536+0000] {logging_mixin.py:149} INFO - [2023-06-29T23:51:42.536+0000] {dag.py:3490} INFO - Setting next_dagrun for example_branch_datetime_operator_2 to 2023-06-28T00:00:00+00:00, run_after=2023-06-29T00:00:00+00:00
[2023-06-29T23:51:42.540+0000] {logging_mixin.py:149} INFO - [2023-06-29T23:51:42.539+0000] {dag.py:3490} INFO - Setting next_dagrun for example_branch_datetime_operator_3 to 2023-06-28T00:00:00+00:00, run_after=2023-06-29T00:00:00+00:00
[2023-06-29T23:51:42.563+0000] {processor.py:178} INFO - Processing /home/airflow/.local/lib/python3.7/site-packages/airflow/example_dags/example_branch_datetime_operator.py took 0.128 seconds
[2023-06-29T23:52:14.411+0000] {processor.py:156} INFO - Started process (PID=628) to work on /home/airflow/.local/lib/python3.7/site-packages/airflow/example_dags/example_branch_datetime_operator.py
[2023-06-29T23:52:14.416+0000] {processor.py:799} INFO - Processing file /home/airflow/.local/lib/python3.7/site-packages/airflow/example_dags/example_branch_datetime_operator.py for tasks to queue
[2023-06-29T23:52:14.418+0000] {logging_mixin.py:149} INFO - [2023-06-29T23:52:14.418+0000] {dagbag.py:541} INFO - Filling up the DagBag from /home/airflow/.local/lib/python3.7/site-packages/airflow/example_dags/example_branch_datetime_operator.py
[2023-06-29T23:52:14.471+0000] {processor.py:809} INFO - DAG(s) dict_keys(['example_branch_datetime_operator_3', 'example_branch_datetime_operator', 'example_branch_datetime_operator_2']) retrieved from /home/airflow/.local/lib/python3.7/site-packages/airflow/example_dags/example_branch_datetime_operator.py
[2023-06-29T23:52:14.633+0000] {logging_mixin.py:149} INFO - [2023-06-29T23:52:14.633+0000] {dag.py:2726} INFO - Sync 3 DAGs
[2023-06-29T23:52:14.718+0000] {logging_mixin.py:149} INFO - [2023-06-29T23:52:14.717+0000] {dag.py:3490} INFO - Setting next_dagrun for example_branch_datetime_operator to 2023-06-28T00:00:00+00:00, run_after=2023-06-29T00:00:00+00:00
[2023-06-29T23:52:14.738+0000] {logging_mixin.py:149} INFO - [2023-06-29T23:52:14.738+0000] {dag.py:3490} INFO - Setting next_dagrun for example_branch_datetime_operator_2 to 2023-06-28T00:00:00+00:00, run_after=2023-06-29T00:00:00+00:00
[2023-06-29T23:52:14.761+0000] {logging_mixin.py:149} INFO - [2023-06-29T23:52:14.761+0000] {dag.py:3490} INFO - Setting next_dagrun for example_branch_datetime_operator_3 to 2023-06-28T00:00:00+00:00, run_after=2023-06-29T00:00:00+00:00
[2023-06-29T23:52:14.831+0000] {processor.py:178} INFO - Processing /home/airflow/.local/lib/python3.7/site-packages/airflow/example_dags/example_branch_datetime_operator.py took 0.435 seconds
[2023-06-29T23:52:45.372+0000] {processor.py:156} INFO - Started process (PID=685) to work on /home/airflow/.local/lib/python3.7/site-packages/airflow/example_dags/example_branch_datetime_operator.py
[2023-06-29T23:52:45.380+0000] {processor.py:799} INFO - Processing file /home/airflow/.local/lib/python3.7/site-packages/airflow/example_dags/example_branch_datetime_operator.py for tasks to queue
[2023-06-29T23:52:45.383+0000] {logging_mixin.py:149} INFO - [2023-06-29T23:52:45.382+0000] {dagbag.py:541} INFO - Filling up the DagBag from /home/airflow/.local/lib/python3.7/site-packages/airflow/example_dags/example_branch_datetime_operator.py
[2023-06-29T23:52:45.415+0000] {processor.py:809} INFO - DAG(s) dict_keys(['example_branch_datetime_operator_3', 'example_branch_datetime_operator_2', 'example_branch_datetime_operator']) retrieved from /home/airflow/.local/lib/python3.7/site-packages/airflow/example_dags/example_branch_datetime_operator.py
[2023-06-29T23:52:45.465+0000] {logging_mixin.py:149} INFO - [2023-06-29T23:52:45.465+0000] {dag.py:2726} INFO - Sync 3 DAGs
[2023-06-29T23:52:45.506+0000] {logging_mixin.py:149} INFO - [2023-06-29T23:52:45.505+0000] {dag.py:3490} INFO - Setting next_dagrun for example_branch_datetime_operator to 2023-06-28T00:00:00+00:00, run_after=2023-06-29T00:00:00+00:00
[2023-06-29T23:52:45.513+0000] {logging_mixin.py:149} INFO - [2023-06-29T23:52:45.512+0000] {dag.py:3490} INFO - Setting next_dagrun for example_branch_datetime_operator_2 to 2023-06-28T00:00:00+00:00, run_after=2023-06-29T00:00:00+00:00
[2023-06-29T23:52:45.524+0000] {logging_mixin.py:149} INFO - [2023-06-29T23:52:45.524+0000] {dag.py:3490} INFO - Setting next_dagrun for example_branch_datetime_operator_3 to 2023-06-28T00:00:00+00:00, run_after=2023-06-29T00:00:00+00:00
[2023-06-29T23:52:45.571+0000] {processor.py:178} INFO - Processing /home/airflow/.local/lib/python3.7/site-packages/airflow/example_dags/example_branch_datetime_operator.py took 0.214 seconds
[2023-06-29T23:53:16.478+0000] {processor.py:156} INFO - Started process (PID=749) to work on /home/airflow/.local/lib/python3.7/site-packages/airflow/example_dags/example_branch_datetime_operator.py
[2023-06-29T23:53:16.479+0000] {processor.py:799} INFO - Processing file /home/airflow/.local/lib/python3.7/site-packages/airflow/example_dags/example_branch_datetime_operator.py for tasks to queue
[2023-06-29T23:53:16.480+0000] {logging_mixin.py:149} INFO - [2023-06-29T23:53:16.479+0000] {dagbag.py:541} INFO - Filling up the DagBag from /home/airflow/.local/lib/python3.7/site-packages/airflow/example_dags/example_branch_datetime_operator.py
[2023-06-29T23:53:16.491+0000] {processor.py:809} INFO - DAG(s) dict_keys(['example_branch_datetime_operator_2', 'example_branch_datetime_operator_3', 'example_branch_datetime_operator']) retrieved from /home/airflow/.local/lib/python3.7/site-packages/airflow/example_dags/example_branch_datetime_operator.py
[2023-06-29T23:53:16.538+0000] {logging_mixin.py:149} INFO - [2023-06-29T23:53:16.538+0000] {dag.py:2726} INFO - Sync 3 DAGs
[2023-06-29T23:53:16.578+0000] {logging_mixin.py:149} INFO - [2023-06-29T23:53:16.578+0000] {dag.py:3490} INFO - Setting next_dagrun for example_branch_datetime_operator to 2023-06-28T00:00:00+00:00, run_after=2023-06-29T00:00:00+00:00
[2023-06-29T23:53:16.587+0000] {logging_mixin.py:149} INFO - [2023-06-29T23:53:16.587+0000] {dag.py:3490} INFO - Setting next_dagrun for example_branch_datetime_operator_2 to 2023-06-28T00:00:00+00:00, run_after=2023-06-29T00:00:00+00:00
[2023-06-29T23:53:16.590+0000] {logging_mixin.py:149} INFO - [2023-06-29T23:53:16.590+0000] {dag.py:3490} INFO - Setting next_dagrun for example_branch_datetime_operator_3 to 2023-06-28T00:00:00+00:00, run_after=2023-06-29T00:00:00+00:00
[2023-06-29T23:53:16.614+0000] {processor.py:178} INFO - Processing /home/airflow/.local/lib/python3.7/site-packages/airflow/example_dags/example_branch_datetime_operator.py took 0.140 seconds
[2023-06-29T23:53:47.412+0000] {processor.py:156} INFO - Started process (PID=807) to work on /home/airflow/.local/lib/python3.7/site-packages/airflow/example_dags/example_branch_datetime_operator.py
[2023-06-29T23:53:47.414+0000] {processor.py:799} INFO - Processing file /home/airflow/.local/lib/python3.7/site-packages/airflow/example_dags/example_branch_datetime_operator.py for tasks to queue
[2023-06-29T23:53:47.415+0000] {logging_mixin.py:149} INFO - [2023-06-29T23:53:47.415+0000] {dagbag.py:541} INFO - Filling up the DagBag from /home/airflow/.local/lib/python3.7/site-packages/airflow/example_dags/example_branch_datetime_operator.py
[2023-06-29T23:53:47.432+0000] {processor.py:809} INFO - DAG(s) dict_keys(['example_branch_datetime_operator_2', 'example_branch_datetime_operator_3', 'example_branch_datetime_operator']) retrieved from /home/airflow/.local/lib/python3.7/site-packages/airflow/example_dags/example_branch_datetime_operator.py
[2023-06-29T23:53:47.473+0000] {logging_mixin.py:149} INFO - [2023-06-29T23:53:47.473+0000] {dag.py:2726} INFO - Sync 3 DAGs
[2023-06-29T23:53:47.510+0000] {logging_mixin.py:149} INFO - [2023-06-29T23:53:47.509+0000] {dag.py:3490} INFO - Setting next_dagrun for example_branch_datetime_operator to 2023-06-28T00:00:00+00:00, run_after=2023-06-29T00:00:00+00:00
[2023-06-29T23:53:47.519+0000] {logging_mixin.py:149} INFO - [2023-06-29T23:53:47.519+0000] {dag.py:3490} INFO - Setting next_dagrun for example_branch_datetime_operator_2 to 2023-06-28T00:00:00+00:00, run_after=2023-06-29T00:00:00+00:00
[2023-06-29T23:53:47.523+0000] {logging_mixin.py:149} INFO - [2023-06-29T23:53:47.523+0000] {dag.py:3490} INFO - Setting next_dagrun for example_branch_datetime_operator_3 to 2023-06-28T00:00:00+00:00, run_after=2023-06-29T00:00:00+00:00
[2023-06-29T23:53:47.544+0000] {processor.py:178} INFO - Processing /home/airflow/.local/lib/python3.7/site-packages/airflow/example_dags/example_branch_datetime_operator.py took 0.136 seconds
[2023-06-29T23:54:17.711+0000] {processor.py:156} INFO - Started process (PID=864) to work on /home/airflow/.local/lib/python3.7/site-packages/airflow/example_dags/example_branch_datetime_operator.py
[2023-06-29T23:54:17.712+0000] {processor.py:799} INFO - Processing file /home/airflow/.local/lib/python3.7/site-packages/airflow/example_dags/example_branch_datetime_operator.py for tasks to queue
[2023-06-29T23:54:17.713+0000] {logging_mixin.py:149} INFO - [2023-06-29T23:54:17.713+0000] {dagbag.py:541} INFO - Filling up the DagBag from /home/airflow/.local/lib/python3.7/site-packages/airflow/example_dags/example_branch_datetime_operator.py
[2023-06-29T23:54:17.732+0000] {processor.py:809} INFO - DAG(s) dict_keys(['example_branch_datetime_operator_3', 'example_branch_datetime_operator_2', 'example_branch_datetime_operator']) retrieved from /home/airflow/.local/lib/python3.7/site-packages/airflow/example_dags/example_branch_datetime_operator.py
[2023-06-29T23:54:17.772+0000] {logging_mixin.py:149} INFO - [2023-06-29T23:54:17.772+0000] {dag.py:2726} INFO - Sync 3 DAGs
[2023-06-29T23:54:17.810+0000] {logging_mixin.py:149} INFO - [2023-06-29T23:54:17.810+0000] {dag.py:3490} INFO - Setting next_dagrun for example_branch_datetime_operator to 2023-06-28T00:00:00+00:00, run_after=2023-06-29T00:00:00+00:00
[2023-06-29T23:54:17.817+0000] {logging_mixin.py:149} INFO - [2023-06-29T23:54:17.817+0000] {dag.py:3490} INFO - Setting next_dagrun for example_branch_datetime_operator_2 to 2023-06-28T00:00:00+00:00, run_after=2023-06-29T00:00:00+00:00
[2023-06-29T23:54:17.821+0000] {logging_mixin.py:149} INFO - [2023-06-29T23:54:17.821+0000] {dag.py:3490} INFO - Setting next_dagrun for example_branch_datetime_operator_3 to 2023-06-28T00:00:00+00:00, run_after=2023-06-29T00:00:00+00:00
[2023-06-29T23:54:17.844+0000] {processor.py:178} INFO - Processing /home/airflow/.local/lib/python3.7/site-packages/airflow/example_dags/example_branch_datetime_operator.py took 0.137 seconds
[2023-06-29T23:54:48.209+0000] {processor.py:156} INFO - Started process (PID=920) to work on /home/airflow/.local/lib/python3.7/site-packages/airflow/example_dags/example_branch_datetime_operator.py
[2023-06-29T23:54:48.219+0000] {processor.py:799} INFO - Processing file /home/airflow/.local/lib/python3.7/site-packages/airflow/example_dags/example_branch_datetime_operator.py for tasks to queue
[2023-06-29T23:54:48.220+0000] {logging_mixin.py:149} INFO - [2023-06-29T23:54:48.220+0000] {dagbag.py:541} INFO - Filling up the DagBag from /home/airflow/.local/lib/python3.7/site-packages/airflow/example_dags/example_branch_datetime_operator.py
[2023-06-29T23:54:48.233+0000] {processor.py:809} INFO - DAG(s) dict_keys(['example_branch_datetime_operator_2', 'example_branch_datetime_operator_3', 'example_branch_datetime_operator']) retrieved from /home/airflow/.local/lib/python3.7/site-packages/airflow/example_dags/example_branch_datetime_operator.py
[2023-06-29T23:54:48.323+0000] {logging_mixin.py:149} INFO - [2023-06-29T23:54:48.323+0000] {dag.py:2726} INFO - Sync 3 DAGs
[2023-06-29T23:54:48.406+0000] {logging_mixin.py:149} INFO - [2023-06-29T23:54:48.406+0000] {dag.py:3490} INFO - Setting next_dagrun for example_branch_datetime_operator to 2023-06-28T00:00:00+00:00, run_after=2023-06-29T00:00:00+00:00
[2023-06-29T23:54:48.414+0000] {logging_mixin.py:149} INFO - [2023-06-29T23:54:48.414+0000] {dag.py:3490} INFO - Setting next_dagrun for example_branch_datetime_operator_2 to 2023-06-28T00:00:00+00:00, run_after=2023-06-29T00:00:00+00:00
[2023-06-29T23:54:48.418+0000] {logging_mixin.py:149} INFO - [2023-06-29T23:54:48.418+0000] {dag.py:3490} INFO - Setting next_dagrun for example_branch_datetime_operator_3 to 2023-06-28T00:00:00+00:00, run_after=2023-06-29T00:00:00+00:00
[2023-06-29T23:54:48.439+0000] {processor.py:178} INFO - Processing /home/airflow/.local/lib/python3.7/site-packages/airflow/example_dags/example_branch_datetime_operator.py took 0.243 seconds
[2023-06-29T23:55:18.741+0000] {processor.py:156} INFO - Started process (PID=976) to work on /home/airflow/.local/lib/python3.7/site-packages/airflow/example_dags/example_branch_datetime_operator.py
[2023-06-29T23:55:18.742+0000] {processor.py:799} INFO - Processing file /home/airflow/.local/lib/python3.7/site-packages/airflow/example_dags/example_branch_datetime_operator.py for tasks to queue
[2023-06-29T23:55:18.743+0000] {logging_mixin.py:149} INFO - [2023-06-29T23:55:18.743+0000] {dagbag.py:541} INFO - Filling up the DagBag from /home/airflow/.local/lib/python3.7/site-packages/airflow/example_dags/example_branch_datetime_operator.py
[2023-06-29T23:55:18.772+0000] {processor.py:809} INFO - DAG(s) dict_keys(['example_branch_datetime_operator_2', 'example_branch_datetime_operator', 'example_branch_datetime_operator_3']) retrieved from /home/airflow/.local/lib/python3.7/site-packages/airflow/example_dags/example_branch_datetime_operator.py
[2023-06-29T23:55:18.868+0000] {logging_mixin.py:149} INFO - [2023-06-29T23:55:18.868+0000] {dag.py:2726} INFO - Sync 3 DAGs
[2023-06-29T23:55:18.985+0000] {logging_mixin.py:149} INFO - [2023-06-29T23:55:18.985+0000] {dag.py:3490} INFO - Setting next_dagrun for example_branch_datetime_operator to 2023-06-28T00:00:00+00:00, run_after=2023-06-29T00:00:00+00:00
[2023-06-29T23:55:18.997+0000] {logging_mixin.py:149} INFO - [2023-06-29T23:55:18.997+0000] {dag.py:3490} INFO - Setting next_dagrun for example_branch_datetime_operator_2 to 2023-06-28T00:00:00+00:00, run_after=2023-06-29T00:00:00+00:00
[2023-06-29T23:55:19.013+0000] {logging_mixin.py:149} INFO - [2023-06-29T23:55:19.013+0000] {dag.py:3490} INFO - Setting next_dagrun for example_branch_datetime_operator_3 to 2023-06-28T00:00:00+00:00, run_after=2023-06-29T00:00:00+00:00
[2023-06-29T23:55:19.112+0000] {processor.py:178} INFO - Processing /home/airflow/.local/lib/python3.7/site-packages/airflow/example_dags/example_branch_datetime_operator.py took 0.384 seconds
[2023-06-29T23:55:49.932+0000] {processor.py:156} INFO - Started process (PID=1032) to work on /home/airflow/.local/lib/python3.7/site-packages/airflow/example_dags/example_branch_datetime_operator.py
[2023-06-29T23:55:49.946+0000] {processor.py:799} INFO - Processing file /home/airflow/.local/lib/python3.7/site-packages/airflow/example_dags/example_branch_datetime_operator.py for tasks to queue
[2023-06-29T23:55:49.947+0000] {logging_mixin.py:149} INFO - [2023-06-29T23:55:49.947+0000] {dagbag.py:541} INFO - Filling up the DagBag from /home/airflow/.local/lib/python3.7/site-packages/airflow/example_dags/example_branch_datetime_operator.py
[2023-06-29T23:55:49.960+0000] {processor.py:809} INFO - DAG(s) dict_keys(['example_branch_datetime_operator_2', 'example_branch_datetime_operator', 'example_branch_datetime_operator_3']) retrieved from /home/airflow/.local/lib/python3.7/site-packages/airflow/example_dags/example_branch_datetime_operator.py
[2023-06-29T23:55:50.027+0000] {logging_mixin.py:149} INFO - [2023-06-29T23:55:50.027+0000] {dag.py:2726} INFO - Sync 3 DAGs
[2023-06-29T23:55:50.069+0000] {logging_mixin.py:149} INFO - [2023-06-29T23:55:50.069+0000] {dag.py:3490} INFO - Setting next_dagrun for example_branch_datetime_operator to 2023-06-28T00:00:00+00:00, run_after=2023-06-29T00:00:00+00:00
[2023-06-29T23:55:50.076+0000] {logging_mixin.py:149} INFO - [2023-06-29T23:55:50.076+0000] {dag.py:3490} INFO - Setting next_dagrun for example_branch_datetime_operator_2 to 2023-06-28T00:00:00+00:00, run_after=2023-06-29T00:00:00+00:00
[2023-06-29T23:55:50.080+0000] {logging_mixin.py:149} INFO - [2023-06-29T23:55:50.080+0000] {dag.py:3490} INFO - Setting next_dagrun for example_branch_datetime_operator_3 to 2023-06-28T00:00:00+00:00, run_after=2023-06-29T00:00:00+00:00
[2023-06-29T23:55:50.116+0000] {processor.py:178} INFO - Processing /home/airflow/.local/lib/python3.7/site-packages/airflow/example_dags/example_branch_datetime_operator.py took 0.189 seconds
[2023-06-29T23:56:20.714+0000] {processor.py:156} INFO - Started process (PID=1089) to work on /home/airflow/.local/lib/python3.7/site-packages/airflow/example_dags/example_branch_datetime_operator.py
[2023-06-29T23:56:20.716+0000] {processor.py:799} INFO - Processing file /home/airflow/.local/lib/python3.7/site-packages/airflow/example_dags/example_branch_datetime_operator.py for tasks to queue
[2023-06-29T23:56:20.717+0000] {logging_mixin.py:149} INFO - [2023-06-29T23:56:20.717+0000] {dagbag.py:541} INFO - Filling up the DagBag from /home/airflow/.local/lib/python3.7/site-packages/airflow/example_dags/example_branch_datetime_operator.py
[2023-06-29T23:56:20.732+0000] {processor.py:809} INFO - DAG(s) dict_keys(['example_branch_datetime_operator', 'example_branch_datetime_operator_3', 'example_branch_datetime_operator_2']) retrieved from /home/airflow/.local/lib/python3.7/site-packages/airflow/example_dags/example_branch_datetime_operator.py
[2023-06-29T23:56:20.778+0000] {logging_mixin.py:149} INFO - [2023-06-29T23:56:20.778+0000] {dag.py:2726} INFO - Sync 3 DAGs
[2023-06-29T23:56:20.822+0000] {logging_mixin.py:149} INFO - [2023-06-29T23:56:20.822+0000] {dag.py:3490} INFO - Setting next_dagrun for example_branch_datetime_operator to 2023-06-28T00:00:00+00:00, run_after=2023-06-29T00:00:00+00:00
[2023-06-29T23:56:20.829+0000] {logging_mixin.py:149} INFO - [2023-06-29T23:56:20.828+0000] {dag.py:3490} INFO - Setting next_dagrun for example_branch_datetime_operator_2 to 2023-06-28T00:00:00+00:00, run_after=2023-06-29T00:00:00+00:00
[2023-06-29T23:56:20.832+0000] {logging_mixin.py:149} INFO - [2023-06-29T23:56:20.832+0000] {dag.py:3490} INFO - Setting next_dagrun for example_branch_datetime_operator_3 to 2023-06-28T00:00:00+00:00, run_after=2023-06-29T00:00:00+00:00
[2023-06-29T23:56:20.861+0000] {processor.py:178} INFO - Processing /home/airflow/.local/lib/python3.7/site-packages/airflow/example_dags/example_branch_datetime_operator.py took 0.152 seconds
[2023-06-29T23:56:51.089+0000] {processor.py:156} INFO - Started process (PID=1146) to work on /home/airflow/.local/lib/python3.7/site-packages/airflow/example_dags/example_branch_datetime_operator.py
[2023-06-29T23:56:51.090+0000] {processor.py:799} INFO - Processing file /home/airflow/.local/lib/python3.7/site-packages/airflow/example_dags/example_branch_datetime_operator.py for tasks to queue
[2023-06-29T23:56:51.091+0000] {logging_mixin.py:149} INFO - [2023-06-29T23:56:51.091+0000] {dagbag.py:541} INFO - Filling up the DagBag from /home/airflow/.local/lib/python3.7/site-packages/airflow/example_dags/example_branch_datetime_operator.py
[2023-06-29T23:56:51.105+0000] {processor.py:809} INFO - DAG(s) dict_keys(['example_branch_datetime_operator', 'example_branch_datetime_operator_2', 'example_branch_datetime_operator_3']) retrieved from /home/airflow/.local/lib/python3.7/site-packages/airflow/example_dags/example_branch_datetime_operator.py
[2023-06-29T23:56:51.151+0000] {logging_mixin.py:149} INFO - [2023-06-29T23:56:51.151+0000] {dag.py:2726} INFO - Sync 3 DAGs
[2023-06-29T23:56:51.188+0000] {logging_mixin.py:149} INFO - [2023-06-29T23:56:51.188+0000] {dag.py:3490} INFO - Setting next_dagrun for example_branch_datetime_operator to 2023-06-28T00:00:00+00:00, run_after=2023-06-29T00:00:00+00:00
[2023-06-29T23:56:51.195+0000] {logging_mixin.py:149} INFO - [2023-06-29T23:56:51.195+0000] {dag.py:3490} INFO - Setting next_dagrun for example_branch_datetime_operator_2 to 2023-06-28T00:00:00+00:00, run_after=2023-06-29T00:00:00+00:00
[2023-06-29T23:56:51.198+0000] {logging_mixin.py:149} INFO - [2023-06-29T23:56:51.198+0000] {dag.py:3490} INFO - Setting next_dagrun for example_branch_datetime_operator_3 to 2023-06-28T00:00:00+00:00, run_after=2023-06-29T00:00:00+00:00
[2023-06-29T23:56:51.224+0000] {processor.py:178} INFO - Processing /home/airflow/.local/lib/python3.7/site-packages/airflow/example_dags/example_branch_datetime_operator.py took 0.139 seconds
[2023-06-29T23:57:21.479+0000] {processor.py:156} INFO - Started process (PID=1203) to work on /home/airflow/.local/lib/python3.7/site-packages/airflow/example_dags/example_branch_datetime_operator.py
[2023-06-29T23:57:21.481+0000] {processor.py:799} INFO - Processing file /home/airflow/.local/lib/python3.7/site-packages/airflow/example_dags/example_branch_datetime_operator.py for tasks to queue
[2023-06-29T23:57:21.481+0000] {logging_mixin.py:149} INFO - [2023-06-29T23:57:21.481+0000] {dagbag.py:541} INFO - Filling up the DagBag from /home/airflow/.local/lib/python3.7/site-packages/airflow/example_dags/example_branch_datetime_operator.py
[2023-06-29T23:57:21.495+0000] {processor.py:809} INFO - DAG(s) dict_keys(['example_branch_datetime_operator_3', 'example_branch_datetime_operator_2', 'example_branch_datetime_operator']) retrieved from /home/airflow/.local/lib/python3.7/site-packages/airflow/example_dags/example_branch_datetime_operator.py
[2023-06-29T23:57:21.541+0000] {logging_mixin.py:149} INFO - [2023-06-29T23:57:21.541+0000] {dag.py:2726} INFO - Sync 3 DAGs
[2023-06-29T23:57:21.579+0000] {logging_mixin.py:149} INFO - [2023-06-29T23:57:21.579+0000] {dag.py:3490} INFO - Setting next_dagrun for example_branch_datetime_operator to 2023-06-28T00:00:00+00:00, run_after=2023-06-29T00:00:00+00:00
[2023-06-29T23:57:21.587+0000] {logging_mixin.py:149} INFO - [2023-06-29T23:57:21.587+0000] {dag.py:3490} INFO - Setting next_dagrun for example_branch_datetime_operator_2 to 2023-06-28T00:00:00+00:00, run_after=2023-06-29T00:00:00+00:00
[2023-06-29T23:57:21.597+0000] {logging_mixin.py:149} INFO - [2023-06-29T23:57:21.597+0000] {dag.py:3490} INFO - Setting next_dagrun for example_branch_datetime_operator_3 to 2023-06-28T00:00:00+00:00, run_after=2023-06-29T00:00:00+00:00
[2023-06-29T23:57:21.621+0000] {processor.py:178} INFO - Processing /home/airflow/.local/lib/python3.7/site-packages/airflow/example_dags/example_branch_datetime_operator.py took 0.147 seconds
[2023-06-29T23:57:51.942+0000] {processor.py:156} INFO - Started process (PID=1260) to work on /home/airflow/.local/lib/python3.7/site-packages/airflow/example_dags/example_branch_datetime_operator.py
[2023-06-29T23:57:51.944+0000] {processor.py:799} INFO - Processing file /home/airflow/.local/lib/python3.7/site-packages/airflow/example_dags/example_branch_datetime_operator.py for tasks to queue
[2023-06-29T23:57:51.951+0000] {logging_mixin.py:149} INFO - [2023-06-29T23:57:51.951+0000] {dagbag.py:541} INFO - Filling up the DagBag from /home/airflow/.local/lib/python3.7/site-packages/airflow/example_dags/example_branch_datetime_operator.py
[2023-06-29T23:57:51.966+0000] {processor.py:809} INFO - DAG(s) dict_keys(['example_branch_datetime_operator_3', 'example_branch_datetime_operator_2', 'example_branch_datetime_operator']) retrieved from /home/airflow/.local/lib/python3.7/site-packages/airflow/example_dags/example_branch_datetime_operator.py
[2023-06-29T23:57:52.008+0000] {logging_mixin.py:149} INFO - [2023-06-29T23:57:52.008+0000] {dag.py:2726} INFO - Sync 3 DAGs
[2023-06-29T23:57:52.048+0000] {logging_mixin.py:149} INFO - [2023-06-29T23:57:52.048+0000] {dag.py:3490} INFO - Setting next_dagrun for example_branch_datetime_operator to 2023-06-28T00:00:00+00:00, run_after=2023-06-29T00:00:00+00:00
[2023-06-29T23:57:52.060+0000] {logging_mixin.py:149} INFO - [2023-06-29T23:57:52.059+0000] {dag.py:3490} INFO - Setting next_dagrun for example_branch_datetime_operator_2 to 2023-06-28T00:00:00+00:00, run_after=2023-06-29T00:00:00+00:00
[2023-06-29T23:57:52.063+0000] {logging_mixin.py:149} INFO - [2023-06-29T23:57:52.063+0000] {dag.py:3490} INFO - Setting next_dagrun for example_branch_datetime_operator_3 to 2023-06-28T00:00:00+00:00, run_after=2023-06-29T00:00:00+00:00
[2023-06-29T23:57:52.119+0000] {processor.py:178} INFO - Processing /home/airflow/.local/lib/python3.7/site-packages/airflow/example_dags/example_branch_datetime_operator.py took 0.190 seconds
[2023-06-29T23:58:23.225+0000] {processor.py:156} INFO - Started process (PID=1317) to work on /home/airflow/.local/lib/python3.7/site-packages/airflow/example_dags/example_branch_datetime_operator.py
[2023-06-29T23:58:23.240+0000] {processor.py:799} INFO - Processing file /home/airflow/.local/lib/python3.7/site-packages/airflow/example_dags/example_branch_datetime_operator.py for tasks to queue
[2023-06-29T23:58:23.241+0000] {logging_mixin.py:149} INFO - [2023-06-29T23:58:23.241+0000] {dagbag.py:541} INFO - Filling up the DagBag from /home/airflow/.local/lib/python3.7/site-packages/airflow/example_dags/example_branch_datetime_operator.py
[2023-06-29T23:58:23.270+0000] {processor.py:809} INFO - DAG(s) dict_keys(['example_branch_datetime_operator_3', 'example_branch_datetime_operator', 'example_branch_datetime_operator_2']) retrieved from /home/airflow/.local/lib/python3.7/site-packages/airflow/example_dags/example_branch_datetime_operator.py
[2023-06-29T23:58:23.314+0000] {logging_mixin.py:149} INFO - [2023-06-29T23:58:23.314+0000] {dag.py:2726} INFO - Sync 3 DAGs
[2023-06-29T23:58:23.359+0000] {logging_mixin.py:149} INFO - [2023-06-29T23:58:23.359+0000] {dag.py:3490} INFO - Setting next_dagrun for example_branch_datetime_operator to 2023-06-28T00:00:00+00:00, run_after=2023-06-29T00:00:00+00:00
[2023-06-29T23:58:23.366+0000] {logging_mixin.py:149} INFO - [2023-06-29T23:58:23.365+0000] {dag.py:3490} INFO - Setting next_dagrun for example_branch_datetime_operator_2 to 2023-06-28T00:00:00+00:00, run_after=2023-06-29T00:00:00+00:00
[2023-06-29T23:58:23.369+0000] {logging_mixin.py:149} INFO - [2023-06-29T23:58:23.369+0000] {dag.py:3490} INFO - Setting next_dagrun for example_branch_datetime_operator_3 to 2023-06-28T00:00:00+00:00, run_after=2023-06-29T00:00:00+00:00
[2023-06-29T23:58:23.405+0000] {processor.py:178} INFO - Processing /home/airflow/.local/lib/python3.7/site-packages/airflow/example_dags/example_branch_datetime_operator.py took 0.184 seconds
[2023-06-29T23:58:54.137+0000] {processor.py:156} INFO - Started process (PID=1375) to work on /home/airflow/.local/lib/python3.7/site-packages/airflow/example_dags/example_branch_datetime_operator.py
[2023-06-29T23:58:54.138+0000] {processor.py:799} INFO - Processing file /home/airflow/.local/lib/python3.7/site-packages/airflow/example_dags/example_branch_datetime_operator.py for tasks to queue
[2023-06-29T23:58:54.139+0000] {logging_mixin.py:149} INFO - [2023-06-29T23:58:54.139+0000] {dagbag.py:541} INFO - Filling up the DagBag from /home/airflow/.local/lib/python3.7/site-packages/airflow/example_dags/example_branch_datetime_operator.py
[2023-06-29T23:58:54.151+0000] {processor.py:809} INFO - DAG(s) dict_keys(['example_branch_datetime_operator', 'example_branch_datetime_operator_2', 'example_branch_datetime_operator_3']) retrieved from /home/airflow/.local/lib/python3.7/site-packages/airflow/example_dags/example_branch_datetime_operator.py
[2023-06-29T23:58:54.195+0000] {logging_mixin.py:149} INFO - [2023-06-29T23:58:54.195+0000] {dag.py:2726} INFO - Sync 3 DAGs
[2023-06-29T23:58:54.232+0000] {logging_mixin.py:149} INFO - [2023-06-29T23:58:54.232+0000] {dag.py:3490} INFO - Setting next_dagrun for example_branch_datetime_operator to 2023-06-28T00:00:00+00:00, run_after=2023-06-29T00:00:00+00:00
[2023-06-29T23:58:54.238+0000] {logging_mixin.py:149} INFO - [2023-06-29T23:58:54.238+0000] {dag.py:3490} INFO - Setting next_dagrun for example_branch_datetime_operator_2 to 2023-06-28T00:00:00+00:00, run_after=2023-06-29T00:00:00+00:00
[2023-06-29T23:58:54.241+0000] {logging_mixin.py:149} INFO - [2023-06-29T23:58:54.241+0000] {dag.py:3490} INFO - Setting next_dagrun for example_branch_datetime_operator_3 to 2023-06-28T00:00:00+00:00, run_after=2023-06-29T00:00:00+00:00
[2023-06-29T23:58:54.264+0000] {processor.py:178} INFO - Processing /home/airflow/.local/lib/python3.7/site-packages/airflow/example_dags/example_branch_datetime_operator.py took 0.131 seconds
[2023-06-29T23:59:24.411+0000] {processor.py:156} INFO - Started process (PID=1433) to work on /home/airflow/.local/lib/python3.7/site-packages/airflow/example_dags/example_branch_datetime_operator.py
[2023-06-29T23:59:24.412+0000] {processor.py:799} INFO - Processing file /home/airflow/.local/lib/python3.7/site-packages/airflow/example_dags/example_branch_datetime_operator.py for tasks to queue
[2023-06-29T23:59:24.413+0000] {logging_mixin.py:149} INFO - [2023-06-29T23:59:24.412+0000] {dagbag.py:541} INFO - Filling up the DagBag from /home/airflow/.local/lib/python3.7/site-packages/airflow/example_dags/example_branch_datetime_operator.py
[2023-06-29T23:59:24.425+0000] {processor.py:809} INFO - DAG(s) dict_keys(['example_branch_datetime_operator_3', 'example_branch_datetime_operator', 'example_branch_datetime_operator_2']) retrieved from /home/airflow/.local/lib/python3.7/site-packages/airflow/example_dags/example_branch_datetime_operator.py
[2023-06-29T23:59:24.471+0000] {logging_mixin.py:149} INFO - [2023-06-29T23:59:24.470+0000] {dag.py:2726} INFO - Sync 3 DAGs
[2023-06-29T23:59:24.508+0000] {logging_mixin.py:149} INFO - [2023-06-29T23:59:24.508+0000] {dag.py:3490} INFO - Setting next_dagrun for example_branch_datetime_operator to 2023-06-28T00:00:00+00:00, run_after=2023-06-29T00:00:00+00:00
[2023-06-29T23:59:24.515+0000] {logging_mixin.py:149} INFO - [2023-06-29T23:59:24.515+0000] {dag.py:3490} INFO - Setting next_dagrun for example_branch_datetime_operator_2 to 2023-06-28T00:00:00+00:00, run_after=2023-06-29T00:00:00+00:00
[2023-06-29T23:59:24.518+0000] {logging_mixin.py:149} INFO - [2023-06-29T23:59:24.518+0000] {dag.py:3490} INFO - Setting next_dagrun for example_branch_datetime_operator_3 to 2023-06-28T00:00:00+00:00, run_after=2023-06-29T00:00:00+00:00
[2023-06-29T23:59:24.540+0000] {processor.py:178} INFO - Processing /home/airflow/.local/lib/python3.7/site-packages/airflow/example_dags/example_branch_datetime_operator.py took 0.133 seconds
[2023-06-29T23:59:54.842+0000] {processor.py:156} INFO - Started process (PID=1489) to work on /home/airflow/.local/lib/python3.7/site-packages/airflow/example_dags/example_branch_datetime_operator.py
[2023-06-29T23:59:54.844+0000] {processor.py:799} INFO - Processing file /home/airflow/.local/lib/python3.7/site-packages/airflow/example_dags/example_branch_datetime_operator.py for tasks to queue
[2023-06-29T23:59:54.845+0000] {logging_mixin.py:149} INFO - [2023-06-29T23:59:54.844+0000] {dagbag.py:541} INFO - Filling up the DagBag from /home/airflow/.local/lib/python3.7/site-packages/airflow/example_dags/example_branch_datetime_operator.py
[2023-06-29T23:59:54.857+0000] {processor.py:809} INFO - DAG(s) dict_keys(['example_branch_datetime_operator', 'example_branch_datetime_operator_2', 'example_branch_datetime_operator_3']) retrieved from /home/airflow/.local/lib/python3.7/site-packages/airflow/example_dags/example_branch_datetime_operator.py
[2023-06-29T23:59:54.901+0000] {logging_mixin.py:149} INFO - [2023-06-29T23:59:54.901+0000] {dag.py:2726} INFO - Sync 3 DAGs
[2023-06-29T23:59:54.940+0000] {logging_mixin.py:149} INFO - [2023-06-29T23:59:54.939+0000] {dag.py:3490} INFO - Setting next_dagrun for example_branch_datetime_operator to 2023-06-28T00:00:00+00:00, run_after=2023-06-29T00:00:00+00:00
[2023-06-29T23:59:54.946+0000] {logging_mixin.py:149} INFO - [2023-06-29T23:59:54.946+0000] {dag.py:3490} INFO - Setting next_dagrun for example_branch_datetime_operator_2 to 2023-06-28T00:00:00+00:00, run_after=2023-06-29T00:00:00+00:00
[2023-06-29T23:59:54.949+0000] {logging_mixin.py:149} INFO - [2023-06-29T23:59:54.949+0000] {dag.py:3490} INFO - Setting next_dagrun for example_branch_datetime_operator_3 to 2023-06-28T00:00:00+00:00, run_after=2023-06-29T00:00:00+00:00
[2023-06-29T23:59:54.971+0000] {processor.py:178} INFO - Processing /home/airflow/.local/lib/python3.7/site-packages/airflow/example_dags/example_branch_datetime_operator.py took 0.133 seconds
