[2023-06-29T23:47:09.715+0000] {processor.py:156} INFO - Started process (PID=73) to work on /home/airflow/.local/lib/python3.7/site-packages/airflow/example_dags/example_sensors.py
[2023-06-29T23:47:09.716+0000] {processor.py:799} INFO - Processing file /home/airflow/.local/lib/python3.7/site-packages/airflow/example_dags/example_sensors.py for tasks to queue
[2023-06-29T23:47:09.717+0000] {logging_mixin.py:149} INFO - [2023-06-29T23:47:09.716+0000] {dagbag.py:541} INFO - Filling up the DagBag from /home/airflow/.local/lib/python3.7/site-packages/airflow/example_dags/example_sensors.py
[2023-06-29T23:47:09.746+0000] {processor.py:809} INFO - DAG(s) dict_keys(['example_sensors']) retrieved from /home/airflow/.local/lib/python3.7/site-packages/airflow/example_dags/example_sensors.py
[2023-06-29T23:47:09.832+0000] {logging_mixin.py:149} INFO - [2023-06-29T23:47:09.831+0000] {dag.py:2726} INFO - Sync 1 DAGs
[2023-06-29T23:47:09.881+0000] {logging_mixin.py:149} INFO - [2023-06-29T23:47:09.881+0000] {dag.py:3490} INFO - Setting next_dagrun for example_sensors to None, run_after=None
[2023-06-29T23:47:09.958+0000] {processor.py:178} INFO - Processing /home/airflow/.local/lib/python3.7/site-packages/airflow/example_dags/example_sensors.py took 0.247 seconds
[2023-06-29T23:47:40.200+0000] {processor.py:156} INFO - Started process (PID=130) to work on /home/airflow/.local/lib/python3.7/site-packages/airflow/example_dags/example_sensors.py
[2023-06-29T23:47:40.202+0000] {processor.py:799} INFO - Processing file /home/airflow/.local/lib/python3.7/site-packages/airflow/example_dags/example_sensors.py for tasks to queue
[2023-06-29T23:47:40.202+0000] {logging_mixin.py:149} INFO - [2023-06-29T23:47:40.202+0000] {dagbag.py:541} INFO - Filling up the DagBag from /home/airflow/.local/lib/python3.7/site-packages/airflow/example_dags/example_sensors.py
[2023-06-29T23:47:40.215+0000] {processor.py:809} INFO - DAG(s) dict_keys(['example_sensors']) retrieved from /home/airflow/.local/lib/python3.7/site-packages/airflow/example_dags/example_sensors.py
[2023-06-29T23:47:40.252+0000] {logging_mixin.py:149} INFO - [2023-06-29T23:47:40.252+0000] {dag.py:2726} INFO - Sync 1 DAGs
[2023-06-29T23:47:40.285+0000] {logging_mixin.py:149} INFO - [2023-06-29T23:47:40.284+0000] {dag.py:3490} INFO - Setting next_dagrun for example_sensors to None, run_after=None
[2023-06-29T23:47:40.307+0000] {processor.py:178} INFO - Processing /home/airflow/.local/lib/python3.7/site-packages/airflow/example_dags/example_sensors.py took 0.111 seconds
[2023-06-29T23:48:11.402+0000] {processor.py:156} INFO - Started process (PID=187) to work on /home/airflow/.local/lib/python3.7/site-packages/airflow/example_dags/example_sensors.py
[2023-06-29T23:48:11.403+0000] {processor.py:799} INFO - Processing file /home/airflow/.local/lib/python3.7/site-packages/airflow/example_dags/example_sensors.py for tasks to queue
[2023-06-29T23:48:11.404+0000] {logging_mixin.py:149} INFO - [2023-06-29T23:48:11.404+0000] {dagbag.py:541} INFO - Filling up the DagBag from /home/airflow/.local/lib/python3.7/site-packages/airflow/example_dags/example_sensors.py
[2023-06-29T23:48:11.422+0000] {processor.py:809} INFO - DAG(s) dict_keys(['example_sensors']) retrieved from /home/airflow/.local/lib/python3.7/site-packages/airflow/example_dags/example_sensors.py
[2023-06-29T23:48:11.466+0000] {logging_mixin.py:149} INFO - [2023-06-29T23:48:11.465+0000] {dag.py:2726} INFO - Sync 1 DAGs
[2023-06-29T23:48:11.499+0000] {logging_mixin.py:149} INFO - [2023-06-29T23:48:11.499+0000] {dag.py:3490} INFO - Setting next_dagrun for example_sensors to None, run_after=None
[2023-06-29T23:48:11.521+0000] {processor.py:178} INFO - Processing /home/airflow/.local/lib/python3.7/site-packages/airflow/example_dags/example_sensors.py took 0.124 seconds
[2023-06-29T23:48:42.625+0000] {processor.py:156} INFO - Started process (PID=244) to work on /home/airflow/.local/lib/python3.7/site-packages/airflow/example_dags/example_sensors.py
[2023-06-29T23:48:42.627+0000] {processor.py:799} INFO - Processing file /home/airflow/.local/lib/python3.7/site-packages/airflow/example_dags/example_sensors.py for tasks to queue
[2023-06-29T23:48:42.628+0000] {logging_mixin.py:149} INFO - [2023-06-29T23:48:42.628+0000] {dagbag.py:541} INFO - Filling up the DagBag from /home/airflow/.local/lib/python3.7/site-packages/airflow/example_dags/example_sensors.py
[2023-06-29T23:48:42.640+0000] {processor.py:809} INFO - DAG(s) dict_keys(['example_sensors']) retrieved from /home/airflow/.local/lib/python3.7/site-packages/airflow/example_dags/example_sensors.py
[2023-06-29T23:48:42.681+0000] {logging_mixin.py:149} INFO - [2023-06-29T23:48:42.681+0000] {dag.py:2726} INFO - Sync 1 DAGs
[2023-06-29T23:48:42.723+0000] {logging_mixin.py:149} INFO - [2023-06-29T23:48:42.723+0000] {dag.py:3490} INFO - Setting next_dagrun for example_sensors to None, run_after=None
[2023-06-29T23:48:42.747+0000] {processor.py:178} INFO - Processing /home/airflow/.local/lib/python3.7/site-packages/airflow/example_dags/example_sensors.py took 0.126 seconds
[2023-06-29T23:49:13.199+0000] {processor.py:156} INFO - Started process (PID=302) to work on /home/airflow/.local/lib/python3.7/site-packages/airflow/example_dags/example_sensors.py
[2023-06-29T23:49:13.203+0000] {processor.py:799} INFO - Processing file /home/airflow/.local/lib/python3.7/site-packages/airflow/example_dags/example_sensors.py for tasks to queue
[2023-06-29T23:49:13.203+0000] {logging_mixin.py:149} INFO - [2023-06-29T23:49:13.203+0000] {dagbag.py:541} INFO - Filling up the DagBag from /home/airflow/.local/lib/python3.7/site-packages/airflow/example_dags/example_sensors.py
[2023-06-29T23:49:13.216+0000] {processor.py:809} INFO - DAG(s) dict_keys(['example_sensors']) retrieved from /home/airflow/.local/lib/python3.7/site-packages/airflow/example_dags/example_sensors.py
[2023-06-29T23:49:13.254+0000] {logging_mixin.py:149} INFO - [2023-06-29T23:49:13.254+0000] {dag.py:2726} INFO - Sync 1 DAGs
[2023-06-29T23:49:13.289+0000] {logging_mixin.py:149} INFO - [2023-06-29T23:49:13.289+0000] {dag.py:3490} INFO - Setting next_dagrun for example_sensors to None, run_after=None
[2023-06-29T23:49:13.311+0000] {processor.py:178} INFO - Processing /home/airflow/.local/lib/python3.7/site-packages/airflow/example_dags/example_sensors.py took 0.116 seconds
[2023-06-29T23:49:44.249+0000] {processor.py:156} INFO - Started process (PID=359) to work on /home/airflow/.local/lib/python3.7/site-packages/airflow/example_dags/example_sensors.py
[2023-06-29T23:49:44.253+0000] {processor.py:799} INFO - Processing file /home/airflow/.local/lib/python3.7/site-packages/airflow/example_dags/example_sensors.py for tasks to queue
[2023-06-29T23:49:44.256+0000] {logging_mixin.py:149} INFO - [2023-06-29T23:49:44.254+0000] {dagbag.py:541} INFO - Filling up the DagBag from /home/airflow/.local/lib/python3.7/site-packages/airflow/example_dags/example_sensors.py
[2023-06-29T23:49:44.270+0000] {processor.py:809} INFO - DAG(s) dict_keys(['example_sensors']) retrieved from /home/airflow/.local/lib/python3.7/site-packages/airflow/example_dags/example_sensors.py
[2023-06-29T23:49:44.306+0000] {logging_mixin.py:149} INFO - [2023-06-29T23:49:44.306+0000] {dag.py:2726} INFO - Sync 1 DAGs
[2023-06-29T23:49:44.340+0000] {logging_mixin.py:149} INFO - [2023-06-29T23:49:44.340+0000] {dag.py:3490} INFO - Setting next_dagrun for example_sensors to None, run_after=None
[2023-06-29T23:49:44.362+0000] {processor.py:178} INFO - Processing /home/airflow/.local/lib/python3.7/site-packages/airflow/example_dags/example_sensors.py took 0.119 seconds
[2023-06-29T23:50:15.009+0000] {processor.py:156} INFO - Started process (PID=415) to work on /home/airflow/.local/lib/python3.7/site-packages/airflow/example_dags/example_sensors.py
[2023-06-29T23:50:15.010+0000] {processor.py:799} INFO - Processing file /home/airflow/.local/lib/python3.7/site-packages/airflow/example_dags/example_sensors.py for tasks to queue
[2023-06-29T23:50:15.010+0000] {logging_mixin.py:149} INFO - [2023-06-29T23:50:15.010+0000] {dagbag.py:541} INFO - Filling up the DagBag from /home/airflow/.local/lib/python3.7/site-packages/airflow/example_dags/example_sensors.py
[2023-06-29T23:50:15.023+0000] {processor.py:809} INFO - DAG(s) dict_keys(['example_sensors']) retrieved from /home/airflow/.local/lib/python3.7/site-packages/airflow/example_dags/example_sensors.py
[2023-06-29T23:50:15.062+0000] {logging_mixin.py:149} INFO - [2023-06-29T23:50:15.062+0000] {dag.py:2726} INFO - Sync 1 DAGs
[2023-06-29T23:50:15.096+0000] {logging_mixin.py:149} INFO - [2023-06-29T23:50:15.096+0000] {dag.py:3490} INFO - Setting next_dagrun for example_sensors to None, run_after=None
[2023-06-29T23:50:15.118+0000] {processor.py:178} INFO - Processing /home/airflow/.local/lib/python3.7/site-packages/airflow/example_dags/example_sensors.py took 0.114 seconds
[2023-06-29T23:50:46.068+0000] {processor.py:156} INFO - Started process (PID=479) to work on /home/airflow/.local/lib/python3.7/site-packages/airflow/example_dags/example_sensors.py
[2023-06-29T23:50:46.070+0000] {processor.py:799} INFO - Processing file /home/airflow/.local/lib/python3.7/site-packages/airflow/example_dags/example_sensors.py for tasks to queue
[2023-06-29T23:50:46.070+0000] {logging_mixin.py:149} INFO - [2023-06-29T23:50:46.070+0000] {dagbag.py:541} INFO - Filling up the DagBag from /home/airflow/.local/lib/python3.7/site-packages/airflow/example_dags/example_sensors.py
[2023-06-29T23:50:46.088+0000] {processor.py:809} INFO - DAG(s) dict_keys(['example_sensors']) retrieved from /home/airflow/.local/lib/python3.7/site-packages/airflow/example_dags/example_sensors.py
[2023-06-29T23:50:46.127+0000] {logging_mixin.py:149} INFO - [2023-06-29T23:50:46.126+0000] {dag.py:2726} INFO - Sync 1 DAGs
[2023-06-29T23:50:46.165+0000] {logging_mixin.py:149} INFO - [2023-06-29T23:50:46.165+0000] {dag.py:3490} INFO - Setting next_dagrun for example_sensors to None, run_after=None
[2023-06-29T23:50:46.192+0000] {processor.py:178} INFO - Processing /home/airflow/.local/lib/python3.7/site-packages/airflow/example_dags/example_sensors.py took 0.128 seconds
[2023-06-29T23:51:16.502+0000] {processor.py:156} INFO - Started process (PID=536) to work on /home/airflow/.local/lib/python3.7/site-packages/airflow/example_dags/example_sensors.py
[2023-06-29T23:51:16.503+0000] {processor.py:799} INFO - Processing file /home/airflow/.local/lib/python3.7/site-packages/airflow/example_dags/example_sensors.py for tasks to queue
[2023-06-29T23:51:16.504+0000] {logging_mixin.py:149} INFO - [2023-06-29T23:51:16.504+0000] {dagbag.py:541} INFO - Filling up the DagBag from /home/airflow/.local/lib/python3.7/site-packages/airflow/example_dags/example_sensors.py
[2023-06-29T23:51:16.516+0000] {processor.py:809} INFO - DAG(s) dict_keys(['example_sensors']) retrieved from /home/airflow/.local/lib/python3.7/site-packages/airflow/example_dags/example_sensors.py
[2023-06-29T23:51:16.553+0000] {logging_mixin.py:149} INFO - [2023-06-29T23:51:16.552+0000] {dag.py:2726} INFO - Sync 1 DAGs
[2023-06-29T23:51:16.588+0000] {logging_mixin.py:149} INFO - [2023-06-29T23:51:16.587+0000] {dag.py:3490} INFO - Setting next_dagrun for example_sensors to None, run_after=None
[2023-06-29T23:51:16.616+0000] {processor.py:178} INFO - Processing /home/airflow/.local/lib/python3.7/site-packages/airflow/example_dags/example_sensors.py took 0.117 seconds
[2023-06-29T23:51:47.458+0000] {processor.py:156} INFO - Started process (PID=595) to work on /home/airflow/.local/lib/python3.7/site-packages/airflow/example_dags/example_sensors.py
[2023-06-29T23:51:47.466+0000] {processor.py:799} INFO - Processing file /home/airflow/.local/lib/python3.7/site-packages/airflow/example_dags/example_sensors.py for tasks to queue
[2023-06-29T23:51:47.467+0000] {logging_mixin.py:149} INFO - [2023-06-29T23:51:47.466+0000] {dagbag.py:541} INFO - Filling up the DagBag from /home/airflow/.local/lib/python3.7/site-packages/airflow/example_dags/example_sensors.py
[2023-06-29T23:51:47.491+0000] {processor.py:809} INFO - DAG(s) dict_keys(['example_sensors']) retrieved from /home/airflow/.local/lib/python3.7/site-packages/airflow/example_dags/example_sensors.py
[2023-06-29T23:51:47.585+0000] {logging_mixin.py:149} INFO - [2023-06-29T23:51:47.584+0000] {dag.py:2726} INFO - Sync 1 DAGs
[2023-06-29T23:51:47.648+0000] {logging_mixin.py:149} INFO - [2023-06-29T23:51:47.648+0000] {dag.py:3490} INFO - Setting next_dagrun for example_sensors to None, run_after=None
[2023-06-29T23:51:47.670+0000] {processor.py:178} INFO - Processing /home/airflow/.local/lib/python3.7/site-packages/airflow/example_dags/example_sensors.py took 0.216 seconds
[2023-06-29T23:52:18.436+0000] {processor.py:156} INFO - Started process (PID=650) to work on /home/airflow/.local/lib/python3.7/site-packages/airflow/example_dags/example_sensors.py
[2023-06-29T23:52:18.440+0000] {processor.py:799} INFO - Processing file /home/airflow/.local/lib/python3.7/site-packages/airflow/example_dags/example_sensors.py for tasks to queue
[2023-06-29T23:52:18.441+0000] {logging_mixin.py:149} INFO - [2023-06-29T23:52:18.440+0000] {dagbag.py:541} INFO - Filling up the DagBag from /home/airflow/.local/lib/python3.7/site-packages/airflow/example_dags/example_sensors.py
[2023-06-29T23:52:18.461+0000] {processor.py:809} INFO - DAG(s) dict_keys(['example_sensors']) retrieved from /home/airflow/.local/lib/python3.7/site-packages/airflow/example_dags/example_sensors.py
[2023-06-29T23:52:18.530+0000] {logging_mixin.py:149} INFO - [2023-06-29T23:52:18.530+0000] {dag.py:2726} INFO - Sync 1 DAGs
[2023-06-29T23:52:18.595+0000] {logging_mixin.py:149} INFO - [2023-06-29T23:52:18.595+0000] {dag.py:3490} INFO - Setting next_dagrun for example_sensors to None, run_after=None
[2023-06-29T23:52:18.643+0000] {processor.py:178} INFO - Processing /home/airflow/.local/lib/python3.7/site-packages/airflow/example_dags/example_sensors.py took 0.220 seconds
[2023-06-29T23:52:49.303+0000] {processor.py:156} INFO - Started process (PID=707) to work on /home/airflow/.local/lib/python3.7/site-packages/airflow/example_dags/example_sensors.py
[2023-06-29T23:52:49.305+0000] {processor.py:799} INFO - Processing file /home/airflow/.local/lib/python3.7/site-packages/airflow/example_dags/example_sensors.py for tasks to queue
[2023-06-29T23:52:49.306+0000] {logging_mixin.py:149} INFO - [2023-06-29T23:52:49.306+0000] {dagbag.py:541} INFO - Filling up the DagBag from /home/airflow/.local/lib/python3.7/site-packages/airflow/example_dags/example_sensors.py
[2023-06-29T23:52:49.356+0000] {processor.py:809} INFO - DAG(s) dict_keys(['example_sensors']) retrieved from /home/airflow/.local/lib/python3.7/site-packages/airflow/example_dags/example_sensors.py
[2023-06-29T23:52:49.513+0000] {logging_mixin.py:149} INFO - [2023-06-29T23:52:49.513+0000] {dag.py:2726} INFO - Sync 1 DAGs
[2023-06-29T23:52:49.590+0000] {logging_mixin.py:149} INFO - [2023-06-29T23:52:49.589+0000] {dag.py:3490} INFO - Setting next_dagrun for example_sensors to None, run_after=None
[2023-06-29T23:52:49.677+0000] {processor.py:178} INFO - Processing /home/airflow/.local/lib/python3.7/site-packages/airflow/example_dags/example_sensors.py took 0.390 seconds
[2023-06-29T23:53:19.820+0000] {processor.py:156} INFO - Started process (PID=763) to work on /home/airflow/.local/lib/python3.7/site-packages/airflow/example_dags/example_sensors.py
[2023-06-29T23:53:19.822+0000] {processor.py:799} INFO - Processing file /home/airflow/.local/lib/python3.7/site-packages/airflow/example_dags/example_sensors.py for tasks to queue
[2023-06-29T23:53:19.823+0000] {logging_mixin.py:149} INFO - [2023-06-29T23:53:19.822+0000] {dagbag.py:541} INFO - Filling up the DagBag from /home/airflow/.local/lib/python3.7/site-packages/airflow/example_dags/example_sensors.py
[2023-06-29T23:53:19.835+0000] {processor.py:809} INFO - DAG(s) dict_keys(['example_sensors']) retrieved from /home/airflow/.local/lib/python3.7/site-packages/airflow/example_dags/example_sensors.py
[2023-06-29T23:53:19.873+0000] {logging_mixin.py:149} INFO - [2023-06-29T23:53:19.873+0000] {dag.py:2726} INFO - Sync 1 DAGs
[2023-06-29T23:53:19.910+0000] {logging_mixin.py:149} INFO - [2023-06-29T23:53:19.909+0000] {dag.py:3490} INFO - Setting next_dagrun for example_sensors to None, run_after=None
[2023-06-29T23:53:19.944+0000] {processor.py:178} INFO - Processing /home/airflow/.local/lib/python3.7/site-packages/airflow/example_dags/example_sensors.py took 0.128 seconds
[2023-06-29T23:53:50.533+0000] {processor.py:156} INFO - Started process (PID=821) to work on /home/airflow/.local/lib/python3.7/site-packages/airflow/example_dags/example_sensors.py
[2023-06-29T23:53:50.535+0000] {processor.py:799} INFO - Processing file /home/airflow/.local/lib/python3.7/site-packages/airflow/example_dags/example_sensors.py for tasks to queue
[2023-06-29T23:53:50.536+0000] {logging_mixin.py:149} INFO - [2023-06-29T23:53:50.535+0000] {dagbag.py:541} INFO - Filling up the DagBag from /home/airflow/.local/lib/python3.7/site-packages/airflow/example_dags/example_sensors.py
[2023-06-29T23:53:50.548+0000] {processor.py:809} INFO - DAG(s) dict_keys(['example_sensors']) retrieved from /home/airflow/.local/lib/python3.7/site-packages/airflow/example_dags/example_sensors.py
[2023-06-29T23:53:50.587+0000] {logging_mixin.py:149} INFO - [2023-06-29T23:53:50.587+0000] {dag.py:2726} INFO - Sync 1 DAGs
[2023-06-29T23:53:50.622+0000] {logging_mixin.py:149} INFO - [2023-06-29T23:53:50.621+0000] {dag.py:3490} INFO - Setting next_dagrun for example_sensors to None, run_after=None
[2023-06-29T23:53:50.646+0000] {processor.py:178} INFO - Processing /home/airflow/.local/lib/python3.7/site-packages/airflow/example_dags/example_sensors.py took 0.117 seconds
[2023-06-29T23:54:20.702+0000] {processor.py:156} INFO - Started process (PID=877) to work on /home/airflow/.local/lib/python3.7/site-packages/airflow/example_dags/example_sensors.py
[2023-06-29T23:54:20.715+0000] {processor.py:799} INFO - Processing file /home/airflow/.local/lib/python3.7/site-packages/airflow/example_dags/example_sensors.py for tasks to queue
[2023-06-29T23:54:20.716+0000] {logging_mixin.py:149} INFO - [2023-06-29T23:54:20.716+0000] {dagbag.py:541} INFO - Filling up the DagBag from /home/airflow/.local/lib/python3.7/site-packages/airflow/example_dags/example_sensors.py
[2023-06-29T23:54:20.740+0000] {processor.py:809} INFO - DAG(s) dict_keys(['example_sensors']) retrieved from /home/airflow/.local/lib/python3.7/site-packages/airflow/example_dags/example_sensors.py
[2023-06-29T23:54:20.793+0000] {logging_mixin.py:149} INFO - [2023-06-29T23:54:20.793+0000] {dag.py:2726} INFO - Sync 1 DAGs
[2023-06-29T23:54:20.830+0000] {logging_mixin.py:149} INFO - [2023-06-29T23:54:20.830+0000] {dag.py:3490} INFO - Setting next_dagrun for example_sensors to None, run_after=None
[2023-06-29T23:54:20.856+0000] {processor.py:178} INFO - Processing /home/airflow/.local/lib/python3.7/site-packages/airflow/example_dags/example_sensors.py took 0.166 seconds
[2023-06-29T23:54:51.176+0000] {processor.py:156} INFO - Started process (PID=933) to work on /home/airflow/.local/lib/python3.7/site-packages/airflow/example_dags/example_sensors.py
[2023-06-29T23:54:51.178+0000] {processor.py:799} INFO - Processing file /home/airflow/.local/lib/python3.7/site-packages/airflow/example_dags/example_sensors.py for tasks to queue
[2023-06-29T23:54:51.179+0000] {logging_mixin.py:149} INFO - [2023-06-29T23:54:51.179+0000] {dagbag.py:541} INFO - Filling up the DagBag from /home/airflow/.local/lib/python3.7/site-packages/airflow/example_dags/example_sensors.py
[2023-06-29T23:54:51.191+0000] {processor.py:809} INFO - DAG(s) dict_keys(['example_sensors']) retrieved from /home/airflow/.local/lib/python3.7/site-packages/airflow/example_dags/example_sensors.py
[2023-06-29T23:54:51.232+0000] {logging_mixin.py:149} INFO - [2023-06-29T23:54:51.232+0000] {dag.py:2726} INFO - Sync 1 DAGs
[2023-06-29T23:54:51.269+0000] {logging_mixin.py:149} INFO - [2023-06-29T23:54:51.269+0000] {dag.py:3490} INFO - Setting next_dagrun for example_sensors to None, run_after=None
[2023-06-29T23:54:51.299+0000] {processor.py:178} INFO - Processing /home/airflow/.local/lib/python3.7/site-packages/airflow/example_dags/example_sensors.py took 0.127 seconds
[2023-06-29T23:55:22.431+0000] {processor.py:156} INFO - Started process (PID=990) to work on /home/airflow/.local/lib/python3.7/site-packages/airflow/example_dags/example_sensors.py
[2023-06-29T23:55:22.432+0000] {processor.py:799} INFO - Processing file /home/airflow/.local/lib/python3.7/site-packages/airflow/example_dags/example_sensors.py for tasks to queue
[2023-06-29T23:55:22.433+0000] {logging_mixin.py:149} INFO - [2023-06-29T23:55:22.433+0000] {dagbag.py:541} INFO - Filling up the DagBag from /home/airflow/.local/lib/python3.7/site-packages/airflow/example_dags/example_sensors.py
[2023-06-29T23:55:22.452+0000] {processor.py:809} INFO - DAG(s) dict_keys(['example_sensors']) retrieved from /home/airflow/.local/lib/python3.7/site-packages/airflow/example_dags/example_sensors.py
[2023-06-29T23:55:22.496+0000] {logging_mixin.py:149} INFO - [2023-06-29T23:55:22.495+0000] {dag.py:2726} INFO - Sync 1 DAGs
[2023-06-29T23:55:22.531+0000] {logging_mixin.py:149} INFO - [2023-06-29T23:55:22.531+0000] {dag.py:3490} INFO - Setting next_dagrun for example_sensors to None, run_after=None
[2023-06-29T23:55:22.583+0000] {processor.py:178} INFO - Processing /home/airflow/.local/lib/python3.7/site-packages/airflow/example_dags/example_sensors.py took 0.158 seconds
[2023-06-29T23:55:53.812+0000] {processor.py:156} INFO - Started process (PID=1046) to work on /home/airflow/.local/lib/python3.7/site-packages/airflow/example_dags/example_sensors.py
[2023-06-29T23:55:53.827+0000] {processor.py:799} INFO - Processing file /home/airflow/.local/lib/python3.7/site-packages/airflow/example_dags/example_sensors.py for tasks to queue
[2023-06-29T23:55:53.828+0000] {logging_mixin.py:149} INFO - [2023-06-29T23:55:53.828+0000] {dagbag.py:541} INFO - Filling up the DagBag from /home/airflow/.local/lib/python3.7/site-packages/airflow/example_dags/example_sensors.py
[2023-06-29T23:55:53.850+0000] {processor.py:809} INFO - DAG(s) dict_keys(['example_sensors']) retrieved from /home/airflow/.local/lib/python3.7/site-packages/airflow/example_dags/example_sensors.py
[2023-06-29T23:55:53.963+0000] {logging_mixin.py:149} INFO - [2023-06-29T23:55:53.963+0000] {dag.py:2726} INFO - Sync 1 DAGs
[2023-06-29T23:55:54.045+0000] {logging_mixin.py:149} INFO - [2023-06-29T23:55:54.045+0000] {dag.py:3490} INFO - Setting next_dagrun for example_sensors to None, run_after=None
[2023-06-29T23:55:54.134+0000] {processor.py:178} INFO - Processing /home/airflow/.local/lib/python3.7/site-packages/airflow/example_dags/example_sensors.py took 0.336 seconds
[2023-06-29T23:56:25.097+0000] {processor.py:156} INFO - Started process (PID=1103) to work on /home/airflow/.local/lib/python3.7/site-packages/airflow/example_dags/example_sensors.py
[2023-06-29T23:56:25.118+0000] {processor.py:799} INFO - Processing file /home/airflow/.local/lib/python3.7/site-packages/airflow/example_dags/example_sensors.py for tasks to queue
[2023-06-29T23:56:25.121+0000] {logging_mixin.py:149} INFO - [2023-06-29T23:56:25.121+0000] {dagbag.py:541} INFO - Filling up the DagBag from /home/airflow/.local/lib/python3.7/site-packages/airflow/example_dags/example_sensors.py
[2023-06-29T23:56:25.175+0000] {processor.py:809} INFO - DAG(s) dict_keys(['example_sensors']) retrieved from /home/airflow/.local/lib/python3.7/site-packages/airflow/example_dags/example_sensors.py
[2023-06-29T23:56:25.303+0000] {logging_mixin.py:149} INFO - [2023-06-29T23:56:25.303+0000] {dag.py:2726} INFO - Sync 1 DAGs
[2023-06-29T23:56:25.420+0000] {logging_mixin.py:149} INFO - [2023-06-29T23:56:25.420+0000] {dag.py:3490} INFO - Setting next_dagrun for example_sensors to None, run_after=None
[2023-06-29T23:56:25.515+0000] {processor.py:178} INFO - Processing /home/airflow/.local/lib/python3.7/site-packages/airflow/example_dags/example_sensors.py took 0.422 seconds
[2023-06-29T23:56:56.240+0000] {processor.py:156} INFO - Started process (PID=1160) to work on /home/airflow/.local/lib/python3.7/site-packages/airflow/example_dags/example_sensors.py
[2023-06-29T23:56:56.241+0000] {processor.py:799} INFO - Processing file /home/airflow/.local/lib/python3.7/site-packages/airflow/example_dags/example_sensors.py for tasks to queue
[2023-06-29T23:56:56.242+0000] {logging_mixin.py:149} INFO - [2023-06-29T23:56:56.242+0000] {dagbag.py:541} INFO - Filling up the DagBag from /home/airflow/.local/lib/python3.7/site-packages/airflow/example_dags/example_sensors.py
[2023-06-29T23:56:56.255+0000] {processor.py:809} INFO - DAG(s) dict_keys(['example_sensors']) retrieved from /home/airflow/.local/lib/python3.7/site-packages/airflow/example_dags/example_sensors.py
[2023-06-29T23:56:56.296+0000] {logging_mixin.py:149} INFO - [2023-06-29T23:56:56.295+0000] {dag.py:2726} INFO - Sync 1 DAGs
[2023-06-29T23:56:56.332+0000] {logging_mixin.py:149} INFO - [2023-06-29T23:56:56.331+0000] {dag.py:3490} INFO - Setting next_dagrun for example_sensors to None, run_after=None
[2023-06-29T23:56:56.355+0000] {processor.py:178} INFO - Processing /home/airflow/.local/lib/python3.7/site-packages/airflow/example_dags/example_sensors.py took 0.120 seconds
[2023-06-29T23:57:26.455+0000] {processor.py:156} INFO - Started process (PID=1216) to work on /home/airflow/.local/lib/python3.7/site-packages/airflow/example_dags/example_sensors.py
[2023-06-29T23:57:26.457+0000] {processor.py:799} INFO - Processing file /home/airflow/.local/lib/python3.7/site-packages/airflow/example_dags/example_sensors.py for tasks to queue
[2023-06-29T23:57:26.458+0000] {logging_mixin.py:149} INFO - [2023-06-29T23:57:26.457+0000] {dagbag.py:541} INFO - Filling up the DagBag from /home/airflow/.local/lib/python3.7/site-packages/airflow/example_dags/example_sensors.py
[2023-06-29T23:57:26.474+0000] {processor.py:809} INFO - DAG(s) dict_keys(['example_sensors']) retrieved from /home/airflow/.local/lib/python3.7/site-packages/airflow/example_dags/example_sensors.py
[2023-06-29T23:57:26.514+0000] {logging_mixin.py:149} INFO - [2023-06-29T23:57:26.513+0000] {dag.py:2726} INFO - Sync 1 DAGs
[2023-06-29T23:57:26.551+0000] {logging_mixin.py:149} INFO - [2023-06-29T23:57:26.551+0000] {dag.py:3490} INFO - Setting next_dagrun for example_sensors to None, run_after=None
[2023-06-29T23:57:26.578+0000] {processor.py:178} INFO - Processing /home/airflow/.local/lib/python3.7/site-packages/airflow/example_dags/example_sensors.py took 0.128 seconds
[2023-06-29T23:57:56.947+0000] {processor.py:156} INFO - Started process (PID=1273) to work on /home/airflow/.local/lib/python3.7/site-packages/airflow/example_dags/example_sensors.py
[2023-06-29T23:57:56.949+0000] {processor.py:799} INFO - Processing file /home/airflow/.local/lib/python3.7/site-packages/airflow/example_dags/example_sensors.py for tasks to queue
[2023-06-29T23:57:56.950+0000] {logging_mixin.py:149} INFO - [2023-06-29T23:57:56.950+0000] {dagbag.py:541} INFO - Filling up the DagBag from /home/airflow/.local/lib/python3.7/site-packages/airflow/example_dags/example_sensors.py
[2023-06-29T23:57:56.964+0000] {processor.py:809} INFO - DAG(s) dict_keys(['example_sensors']) retrieved from /home/airflow/.local/lib/python3.7/site-packages/airflow/example_dags/example_sensors.py
[2023-06-29T23:57:57.006+0000] {logging_mixin.py:149} INFO - [2023-06-29T23:57:57.005+0000] {dag.py:2726} INFO - Sync 1 DAGs
[2023-06-29T23:57:57.043+0000] {logging_mixin.py:149} INFO - [2023-06-29T23:57:57.043+0000] {dag.py:3490} INFO - Setting next_dagrun for example_sensors to None, run_after=None
[2023-06-29T23:57:57.070+0000] {processor.py:178} INFO - Processing /home/airflow/.local/lib/python3.7/site-packages/airflow/example_dags/example_sensors.py took 0.127 seconds
[2023-06-29T23:58:27.110+0000] {processor.py:156} INFO - Started process (PID=1332) to work on /home/airflow/.local/lib/python3.7/site-packages/airflow/example_dags/example_sensors.py
[2023-06-29T23:58:27.112+0000] {processor.py:799} INFO - Processing file /home/airflow/.local/lib/python3.7/site-packages/airflow/example_dags/example_sensors.py for tasks to queue
[2023-06-29T23:58:27.112+0000] {logging_mixin.py:149} INFO - [2023-06-29T23:58:27.112+0000] {dagbag.py:541} INFO - Filling up the DagBag from /home/airflow/.local/lib/python3.7/site-packages/airflow/example_dags/example_sensors.py
[2023-06-29T23:58:27.126+0000] {processor.py:809} INFO - DAG(s) dict_keys(['example_sensors']) retrieved from /home/airflow/.local/lib/python3.7/site-packages/airflow/example_dags/example_sensors.py
[2023-06-29T23:58:27.166+0000] {logging_mixin.py:149} INFO - [2023-06-29T23:58:27.166+0000] {dag.py:2726} INFO - Sync 1 DAGs
[2023-06-29T23:58:27.201+0000] {logging_mixin.py:149} INFO - [2023-06-29T23:58:27.201+0000] {dag.py:3490} INFO - Setting next_dagrun for example_sensors to None, run_after=None
[2023-06-29T23:58:27.227+0000] {processor.py:178} INFO - Processing /home/airflow/.local/lib/python3.7/site-packages/airflow/example_dags/example_sensors.py took 0.121 seconds
[2023-06-29T23:58:57.279+0000] {processor.py:156} INFO - Started process (PID=1388) to work on /home/airflow/.local/lib/python3.7/site-packages/airflow/example_dags/example_sensors.py
[2023-06-29T23:58:57.288+0000] {processor.py:799} INFO - Processing file /home/airflow/.local/lib/python3.7/site-packages/airflow/example_dags/example_sensors.py for tasks to queue
[2023-06-29T23:58:57.289+0000] {logging_mixin.py:149} INFO - [2023-06-29T23:58:57.289+0000] {dagbag.py:541} INFO - Filling up the DagBag from /home/airflow/.local/lib/python3.7/site-packages/airflow/example_dags/example_sensors.py
[2023-06-29T23:58:57.316+0000] {processor.py:809} INFO - DAG(s) dict_keys(['example_sensors']) retrieved from /home/airflow/.local/lib/python3.7/site-packages/airflow/example_dags/example_sensors.py
[2023-06-29T23:58:57.370+0000] {logging_mixin.py:149} INFO - [2023-06-29T23:58:57.369+0000] {dag.py:2726} INFO - Sync 1 DAGs
[2023-06-29T23:58:57.435+0000] {logging_mixin.py:149} INFO - [2023-06-29T23:58:57.435+0000] {dag.py:3490} INFO - Setting next_dagrun for example_sensors to None, run_after=None
[2023-06-29T23:58:57.501+0000] {processor.py:178} INFO - Processing /home/airflow/.local/lib/python3.7/site-packages/airflow/example_dags/example_sensors.py took 0.227 seconds
[2023-06-29T23:59:27.580+0000] {processor.py:156} INFO - Started process (PID=1446) to work on /home/airflow/.local/lib/python3.7/site-packages/airflow/example_dags/example_sensors.py
[2023-06-29T23:59:27.584+0000] {processor.py:799} INFO - Processing file /home/airflow/.local/lib/python3.7/site-packages/airflow/example_dags/example_sensors.py for tasks to queue
[2023-06-29T23:59:27.585+0000] {logging_mixin.py:149} INFO - [2023-06-29T23:59:27.585+0000] {dagbag.py:541} INFO - Filling up the DagBag from /home/airflow/.local/lib/python3.7/site-packages/airflow/example_dags/example_sensors.py
[2023-06-29T23:59:27.619+0000] {processor.py:809} INFO - DAG(s) dict_keys(['example_sensors']) retrieved from /home/airflow/.local/lib/python3.7/site-packages/airflow/example_dags/example_sensors.py
[2023-06-29T23:59:27.661+0000] {logging_mixin.py:149} INFO - [2023-06-29T23:59:27.660+0000] {dag.py:2726} INFO - Sync 1 DAGs
[2023-06-29T23:59:27.705+0000] {logging_mixin.py:149} INFO - [2023-06-29T23:59:27.705+0000] {dag.py:3490} INFO - Setting next_dagrun for example_sensors to None, run_after=None
[2023-06-29T23:59:27.734+0000] {processor.py:178} INFO - Processing /home/airflow/.local/lib/python3.7/site-packages/airflow/example_dags/example_sensors.py took 0.167 seconds
[2023-06-29T23:59:57.960+0000] {processor.py:156} INFO - Started process (PID=1502) to work on /home/airflow/.local/lib/python3.7/site-packages/airflow/example_dags/example_sensors.py
[2023-06-29T23:59:57.961+0000] {processor.py:799} INFO - Processing file /home/airflow/.local/lib/python3.7/site-packages/airflow/example_dags/example_sensors.py for tasks to queue
[2023-06-29T23:59:57.962+0000] {logging_mixin.py:149} INFO - [2023-06-29T23:59:57.962+0000] {dagbag.py:541} INFO - Filling up the DagBag from /home/airflow/.local/lib/python3.7/site-packages/airflow/example_dags/example_sensors.py
[2023-06-29T23:59:57.976+0000] {processor.py:809} INFO - DAG(s) dict_keys(['example_sensors']) retrieved from /home/airflow/.local/lib/python3.7/site-packages/airflow/example_dags/example_sensors.py
[2023-06-29T23:59:58.016+0000] {logging_mixin.py:149} INFO - [2023-06-29T23:59:58.015+0000] {dag.py:2726} INFO - Sync 1 DAGs
[2023-06-29T23:59:58.051+0000] {logging_mixin.py:149} INFO - [2023-06-29T23:59:58.051+0000] {dag.py:3490} INFO - Setting next_dagrun for example_sensors to None, run_after=None
[2023-06-29T23:59:58.074+0000] {processor.py:178} INFO - Processing /home/airflow/.local/lib/python3.7/site-packages/airflow/example_dags/example_sensors.py took 0.119 seconds
