[2023-06-29T23:47:07.483+0000] {processor.py:156} INFO - Started process (PID=63) to work on /home/airflow/.local/lib/python3.7/site-packages/airflow/example_dags/example_short_circuit_decorator.py
[2023-06-29T23:47:07.485+0000] {processor.py:799} INFO - Processing file /home/airflow/.local/lib/python3.7/site-packages/airflow/example_dags/example_short_circuit_decorator.py for tasks to queue
[2023-06-29T23:47:07.487+0000] {logging_mixin.py:149} INFO - [2023-06-29T23:47:07.487+0000] {dagbag.py:541} INFO - Filling up the DagBag from /home/airflow/.local/lib/python3.7/site-packages/airflow/example_dags/example_short_circuit_decorator.py
[2023-06-29T23:47:07.512+0000] {processor.py:809} INFO - DAG(s) dict_keys(['example_short_circuit_decorator']) retrieved from /home/airflow/.local/lib/python3.7/site-packages/airflow/example_dags/example_short_circuit_decorator.py
[2023-06-29T23:47:07.573+0000] {logging_mixin.py:149} INFO - [2023-06-29T23:47:07.573+0000] {dag.py:2726} INFO - Sync 1 DAGs
[2023-06-29T23:47:07.650+0000] {logging_mixin.py:149} INFO - [2023-06-29T23:47:07.650+0000] {dag.py:3490} INFO - Setting next_dagrun for example_short_circuit_decorator to 2023-06-28T23:47:07.649610+00:00, run_after=2023-06-29T23:47:07.649610+00:00
[2023-06-29T23:47:07.726+0000] {processor.py:178} INFO - Processing /home/airflow/.local/lib/python3.7/site-packages/airflow/example_dags/example_short_circuit_decorator.py took 0.253 seconds
[2023-06-29T23:47:38.042+0000] {processor.py:156} INFO - Started process (PID=120) to work on /home/airflow/.local/lib/python3.7/site-packages/airflow/example_dags/example_short_circuit_decorator.py
[2023-06-29T23:47:38.043+0000] {processor.py:799} INFO - Processing file /home/airflow/.local/lib/python3.7/site-packages/airflow/example_dags/example_short_circuit_decorator.py for tasks to queue
[2023-06-29T23:47:38.044+0000] {logging_mixin.py:149} INFO - [2023-06-29T23:47:38.044+0000] {dagbag.py:541} INFO - Filling up the DagBag from /home/airflow/.local/lib/python3.7/site-packages/airflow/example_dags/example_short_circuit_decorator.py
[2023-06-29T23:47:38.056+0000] {processor.py:809} INFO - DAG(s) dict_keys(['example_short_circuit_decorator']) retrieved from /home/airflow/.local/lib/python3.7/site-packages/airflow/example_dags/example_short_circuit_decorator.py
[2023-06-29T23:47:38.092+0000] {logging_mixin.py:149} INFO - [2023-06-29T23:47:38.092+0000] {dag.py:2726} INFO - Sync 1 DAGs
[2023-06-29T23:47:38.125+0000] {logging_mixin.py:149} INFO - [2023-06-29T23:47:38.125+0000] {dag.py:3490} INFO - Setting next_dagrun for example_short_circuit_decorator to 2023-06-28T23:47:38.124820+00:00, run_after=2023-06-29T23:47:38.124820+00:00
[2023-06-29T23:47:38.148+0000] {processor.py:178} INFO - Processing /home/airflow/.local/lib/python3.7/site-packages/airflow/example_dags/example_short_circuit_decorator.py took 0.110 seconds
[2023-06-29T23:48:08.529+0000] {processor.py:156} INFO - Started process (PID=177) to work on /home/airflow/.local/lib/python3.7/site-packages/airflow/example_dags/example_short_circuit_decorator.py
[2023-06-29T23:48:08.531+0000] {processor.py:799} INFO - Processing file /home/airflow/.local/lib/python3.7/site-packages/airflow/example_dags/example_short_circuit_decorator.py for tasks to queue
[2023-06-29T23:48:08.531+0000] {logging_mixin.py:149} INFO - [2023-06-29T23:48:08.531+0000] {dagbag.py:541} INFO - Filling up the DagBag from /home/airflow/.local/lib/python3.7/site-packages/airflow/example_dags/example_short_circuit_decorator.py
[2023-06-29T23:48:08.544+0000] {processor.py:809} INFO - DAG(s) dict_keys(['example_short_circuit_decorator']) retrieved from /home/airflow/.local/lib/python3.7/site-packages/airflow/example_dags/example_short_circuit_decorator.py
[2023-06-29T23:48:08.579+0000] {logging_mixin.py:149} INFO - [2023-06-29T23:48:08.578+0000] {dag.py:2726} INFO - Sync 1 DAGs
[2023-06-29T23:48:08.613+0000] {logging_mixin.py:149} INFO - [2023-06-29T23:48:08.613+0000] {dag.py:3490} INFO - Setting next_dagrun for example_short_circuit_decorator to 2023-06-28T23:48:08.613012+00:00, run_after=2023-06-29T23:48:08.613012+00:00
[2023-06-29T23:48:08.638+0000] {processor.py:178} INFO - Processing /home/airflow/.local/lib/python3.7/site-packages/airflow/example_dags/example_short_circuit_decorator.py took 0.112 seconds
[2023-06-29T23:48:38.689+0000] {processor.py:156} INFO - Started process (PID=234) to work on /home/airflow/.local/lib/python3.7/site-packages/airflow/example_dags/example_short_circuit_decorator.py
[2023-06-29T23:48:38.690+0000] {processor.py:799} INFO - Processing file /home/airflow/.local/lib/python3.7/site-packages/airflow/example_dags/example_short_circuit_decorator.py for tasks to queue
[2023-06-29T23:48:38.691+0000] {logging_mixin.py:149} INFO - [2023-06-29T23:48:38.691+0000] {dagbag.py:541} INFO - Filling up the DagBag from /home/airflow/.local/lib/python3.7/site-packages/airflow/example_dags/example_short_circuit_decorator.py
[2023-06-29T23:48:38.703+0000] {processor.py:809} INFO - DAG(s) dict_keys(['example_short_circuit_decorator']) retrieved from /home/airflow/.local/lib/python3.7/site-packages/airflow/example_dags/example_short_circuit_decorator.py
[2023-06-29T23:48:38.751+0000] {logging_mixin.py:149} INFO - [2023-06-29T23:48:38.751+0000] {dag.py:2726} INFO - Sync 1 DAGs
[2023-06-29T23:48:38.788+0000] {logging_mixin.py:149} INFO - [2023-06-29T23:48:38.788+0000] {dag.py:3490} INFO - Setting next_dagrun for example_short_circuit_decorator to 2023-06-28T23:48:38.788195+00:00, run_after=2023-06-29T23:48:38.788195+00:00
[2023-06-29T23:48:38.815+0000] {processor.py:178} INFO - Processing /home/airflow/.local/lib/python3.7/site-packages/airflow/example_dags/example_short_circuit_decorator.py took 0.131 seconds
[2023-06-29T23:49:09.102+0000] {processor.py:156} INFO - Started process (PID=291) to work on /home/airflow/.local/lib/python3.7/site-packages/airflow/example_dags/example_short_circuit_decorator.py
[2023-06-29T23:49:09.103+0000] {processor.py:799} INFO - Processing file /home/airflow/.local/lib/python3.7/site-packages/airflow/example_dags/example_short_circuit_decorator.py for tasks to queue
[2023-06-29T23:49:09.103+0000] {logging_mixin.py:149} INFO - [2023-06-29T23:49:09.103+0000] {dagbag.py:541} INFO - Filling up the DagBag from /home/airflow/.local/lib/python3.7/site-packages/airflow/example_dags/example_short_circuit_decorator.py
[2023-06-29T23:49:09.116+0000] {processor.py:809} INFO - DAG(s) dict_keys(['example_short_circuit_decorator']) retrieved from /home/airflow/.local/lib/python3.7/site-packages/airflow/example_dags/example_short_circuit_decorator.py
[2023-06-29T23:49:09.151+0000] {logging_mixin.py:149} INFO - [2023-06-29T23:49:09.151+0000] {dag.py:2726} INFO - Sync 1 DAGs
[2023-06-29T23:49:09.183+0000] {logging_mixin.py:149} INFO - [2023-06-29T23:49:09.183+0000] {dag.py:3490} INFO - Setting next_dagrun for example_short_circuit_decorator to 2023-06-28T23:49:09.183324+00:00, run_after=2023-06-29T23:49:09.183324+00:00
[2023-06-29T23:49:09.207+0000] {processor.py:178} INFO - Processing /home/airflow/.local/lib/python3.7/site-packages/airflow/example_dags/example_short_circuit_decorator.py took 0.109 seconds
[2023-06-29T23:49:39.351+0000] {processor.py:156} INFO - Started process (PID=349) to work on /home/airflow/.local/lib/python3.7/site-packages/airflow/example_dags/example_short_circuit_decorator.py
[2023-06-29T23:49:39.352+0000] {processor.py:799} INFO - Processing file /home/airflow/.local/lib/python3.7/site-packages/airflow/example_dags/example_short_circuit_decorator.py for tasks to queue
[2023-06-29T23:49:39.353+0000] {logging_mixin.py:149} INFO - [2023-06-29T23:49:39.353+0000] {dagbag.py:541} INFO - Filling up the DagBag from /home/airflow/.local/lib/python3.7/site-packages/airflow/example_dags/example_short_circuit_decorator.py
[2023-06-29T23:49:39.365+0000] {processor.py:809} INFO - DAG(s) dict_keys(['example_short_circuit_decorator']) retrieved from /home/airflow/.local/lib/python3.7/site-packages/airflow/example_dags/example_short_circuit_decorator.py
[2023-06-29T23:49:39.400+0000] {logging_mixin.py:149} INFO - [2023-06-29T23:49:39.400+0000] {dag.py:2726} INFO - Sync 1 DAGs
[2023-06-29T23:49:39.433+0000] {logging_mixin.py:149} INFO - [2023-06-29T23:49:39.432+0000] {dag.py:3490} INFO - Setting next_dagrun for example_short_circuit_decorator to 2023-06-28T23:49:39.432507+00:00, run_after=2023-06-29T23:49:39.432507+00:00
[2023-06-29T23:49:39.456+0000] {processor.py:178} INFO - Processing /home/airflow/.local/lib/python3.7/site-packages/airflow/example_dags/example_short_circuit_decorator.py took 0.111 seconds
[2023-06-29T23:50:09.975+0000] {processor.py:156} INFO - Started process (PID=405) to work on /home/airflow/.local/lib/python3.7/site-packages/airflow/example_dags/example_short_circuit_decorator.py
[2023-06-29T23:50:09.976+0000] {processor.py:799} INFO - Processing file /home/airflow/.local/lib/python3.7/site-packages/airflow/example_dags/example_short_circuit_decorator.py for tasks to queue
[2023-06-29T23:50:09.977+0000] {logging_mixin.py:149} INFO - [2023-06-29T23:50:09.977+0000] {dagbag.py:541} INFO - Filling up the DagBag from /home/airflow/.local/lib/python3.7/site-packages/airflow/example_dags/example_short_circuit_decorator.py
[2023-06-29T23:50:09.989+0000] {processor.py:809} INFO - DAG(s) dict_keys(['example_short_circuit_decorator']) retrieved from /home/airflow/.local/lib/python3.7/site-packages/airflow/example_dags/example_short_circuit_decorator.py
[2023-06-29T23:50:10.024+0000] {logging_mixin.py:149} INFO - [2023-06-29T23:50:10.024+0000] {dag.py:2726} INFO - Sync 1 DAGs
[2023-06-29T23:50:10.059+0000] {logging_mixin.py:149} INFO - [2023-06-29T23:50:10.058+0000] {dag.py:3490} INFO - Setting next_dagrun for example_short_circuit_decorator to 2023-06-28T23:50:10.058563+00:00, run_after=2023-06-29T23:50:10.058563+00:00
[2023-06-29T23:50:10.083+0000] {processor.py:178} INFO - Processing /home/airflow/.local/lib/python3.7/site-packages/airflow/example_dags/example_short_circuit_decorator.py took 0.112 seconds
[2023-06-29T23:50:40.883+0000] {processor.py:156} INFO - Started process (PID=462) to work on /home/airflow/.local/lib/python3.7/site-packages/airflow/example_dags/example_short_circuit_decorator.py
[2023-06-29T23:50:40.887+0000] {processor.py:799} INFO - Processing file /home/airflow/.local/lib/python3.7/site-packages/airflow/example_dags/example_short_circuit_decorator.py for tasks to queue
[2023-06-29T23:50:40.888+0000] {logging_mixin.py:149} INFO - [2023-06-29T23:50:40.887+0000] {dagbag.py:541} INFO - Filling up the DagBag from /home/airflow/.local/lib/python3.7/site-packages/airflow/example_dags/example_short_circuit_decorator.py
[2023-06-29T23:50:40.906+0000] {processor.py:809} INFO - DAG(s) dict_keys(['example_short_circuit_decorator']) retrieved from /home/airflow/.local/lib/python3.7/site-packages/airflow/example_dags/example_short_circuit_decorator.py
[2023-06-29T23:50:40.948+0000] {logging_mixin.py:149} INFO - [2023-06-29T23:50:40.948+0000] {dag.py:2726} INFO - Sync 1 DAGs
[2023-06-29T23:50:40.996+0000] {logging_mixin.py:149} INFO - [2023-06-29T23:50:40.996+0000] {dag.py:3490} INFO - Setting next_dagrun for example_short_circuit_decorator to 2023-06-28T23:50:40.995068+00:00, run_after=2023-06-29T23:50:40.995068+00:00
[2023-06-29T23:50:41.033+0000] {processor.py:178} INFO - Processing /home/airflow/.local/lib/python3.7/site-packages/airflow/example_dags/example_short_circuit_decorator.py took 0.154 seconds
[2023-06-29T23:51:11.373+0000] {processor.py:156} INFO - Started process (PID=519) to work on /home/airflow/.local/lib/python3.7/site-packages/airflow/example_dags/example_short_circuit_decorator.py
[2023-06-29T23:51:11.374+0000] {processor.py:799} INFO - Processing file /home/airflow/.local/lib/python3.7/site-packages/airflow/example_dags/example_short_circuit_decorator.py for tasks to queue
[2023-06-29T23:51:11.375+0000] {logging_mixin.py:149} INFO - [2023-06-29T23:51:11.375+0000] {dagbag.py:541} INFO - Filling up the DagBag from /home/airflow/.local/lib/python3.7/site-packages/airflow/example_dags/example_short_circuit_decorator.py
[2023-06-29T23:51:11.388+0000] {processor.py:809} INFO - DAG(s) dict_keys(['example_short_circuit_decorator']) retrieved from /home/airflow/.local/lib/python3.7/site-packages/airflow/example_dags/example_short_circuit_decorator.py
[2023-06-29T23:51:11.422+0000] {logging_mixin.py:149} INFO - [2023-06-29T23:51:11.422+0000] {dag.py:2726} INFO - Sync 1 DAGs
[2023-06-29T23:51:11.455+0000] {logging_mixin.py:149} INFO - [2023-06-29T23:51:11.455+0000] {dag.py:3490} INFO - Setting next_dagrun for example_short_circuit_decorator to 2023-06-28T23:51:11.454879+00:00, run_after=2023-06-29T23:51:11.454879+00:00
[2023-06-29T23:51:11.478+0000] {processor.py:178} INFO - Processing /home/airflow/.local/lib/python3.7/site-packages/airflow/example_dags/example_short_circuit_decorator.py took 0.109 seconds
[2023-06-29T23:51:42.831+0000] {processor.py:156} INFO - Started process (PID=576) to work on /home/airflow/.local/lib/python3.7/site-packages/airflow/example_dags/example_short_circuit_decorator.py
[2023-06-29T23:51:42.834+0000] {processor.py:799} INFO - Processing file /home/airflow/.local/lib/python3.7/site-packages/airflow/example_dags/example_short_circuit_decorator.py for tasks to queue
[2023-06-29T23:51:42.835+0000] {logging_mixin.py:149} INFO - [2023-06-29T23:51:42.834+0000] {dagbag.py:541} INFO - Filling up the DagBag from /home/airflow/.local/lib/python3.7/site-packages/airflow/example_dags/example_short_circuit_decorator.py
[2023-06-29T23:51:42.849+0000] {processor.py:809} INFO - DAG(s) dict_keys(['example_short_circuit_decorator']) retrieved from /home/airflow/.local/lib/python3.7/site-packages/airflow/example_dags/example_short_circuit_decorator.py
[2023-06-29T23:51:42.890+0000] {logging_mixin.py:149} INFO - [2023-06-29T23:51:42.890+0000] {dag.py:2726} INFO - Sync 1 DAGs
[2023-06-29T23:51:42.925+0000] {logging_mixin.py:149} INFO - [2023-06-29T23:51:42.924+0000] {dag.py:3490} INFO - Setting next_dagrun for example_short_circuit_decorator to 2023-06-28T23:51:42.924537+00:00, run_after=2023-06-29T23:51:42.924537+00:00
[2023-06-29T23:51:42.947+0000] {processor.py:178} INFO - Processing /home/airflow/.local/lib/python3.7/site-packages/airflow/example_dags/example_short_circuit_decorator.py took 0.120 seconds
[2023-06-29T23:52:15.646+0000] {processor.py:156} INFO - Started process (PID=633) to work on /home/airflow/.local/lib/python3.7/site-packages/airflow/example_dags/example_short_circuit_decorator.py
[2023-06-29T23:52:15.651+0000] {processor.py:799} INFO - Processing file /home/airflow/.local/lib/python3.7/site-packages/airflow/example_dags/example_short_circuit_decorator.py for tasks to queue
[2023-06-29T23:52:15.654+0000] {logging_mixin.py:149} INFO - [2023-06-29T23:52:15.654+0000] {dagbag.py:541} INFO - Filling up the DagBag from /home/airflow/.local/lib/python3.7/site-packages/airflow/example_dags/example_short_circuit_decorator.py
[2023-06-29T23:52:15.682+0000] {processor.py:809} INFO - DAG(s) dict_keys(['example_short_circuit_decorator']) retrieved from /home/airflow/.local/lib/python3.7/site-packages/airflow/example_dags/example_short_circuit_decorator.py
[2023-06-29T23:52:15.752+0000] {logging_mixin.py:149} INFO - [2023-06-29T23:52:15.745+0000] {dag.py:2726} INFO - Sync 1 DAGs
[2023-06-29T23:52:15.845+0000] {logging_mixin.py:149} INFO - [2023-06-29T23:52:15.845+0000] {dag.py:3490} INFO - Setting next_dagrun for example_short_circuit_decorator to 2023-06-28T23:52:15.844833+00:00, run_after=2023-06-29T23:52:15.844833+00:00
[2023-06-29T23:52:15.911+0000] {processor.py:178} INFO - Processing /home/airflow/.local/lib/python3.7/site-packages/airflow/example_dags/example_short_circuit_decorator.py took 0.274 seconds
[2023-06-29T23:52:45.977+0000] {processor.py:156} INFO - Started process (PID=689) to work on /home/airflow/.local/lib/python3.7/site-packages/airflow/example_dags/example_short_circuit_decorator.py
[2023-06-29T23:52:45.979+0000] {processor.py:799} INFO - Processing file /home/airflow/.local/lib/python3.7/site-packages/airflow/example_dags/example_short_circuit_decorator.py for tasks to queue
[2023-06-29T23:52:45.980+0000] {logging_mixin.py:149} INFO - [2023-06-29T23:52:45.979+0000] {dagbag.py:541} INFO - Filling up the DagBag from /home/airflow/.local/lib/python3.7/site-packages/airflow/example_dags/example_short_circuit_decorator.py
[2023-06-29T23:52:45.993+0000] {processor.py:809} INFO - DAG(s) dict_keys(['example_short_circuit_decorator']) retrieved from /home/airflow/.local/lib/python3.7/site-packages/airflow/example_dags/example_short_circuit_decorator.py
[2023-06-29T23:52:46.034+0000] {logging_mixin.py:149} INFO - [2023-06-29T23:52:46.033+0000] {dag.py:2726} INFO - Sync 1 DAGs
[2023-06-29T23:52:46.069+0000] {logging_mixin.py:149} INFO - [2023-06-29T23:52:46.069+0000] {dag.py:3490} INFO - Setting next_dagrun for example_short_circuit_decorator to 2023-06-28T23:52:46.068906+00:00, run_after=2023-06-29T23:52:46.068906+00:00
[2023-06-29T23:52:46.151+0000] {processor.py:178} INFO - Processing /home/airflow/.local/lib/python3.7/site-packages/airflow/example_dags/example_short_circuit_decorator.py took 0.179 seconds
[2023-06-29T23:53:16.912+0000] {processor.py:156} INFO - Started process (PID=754) to work on /home/airflow/.local/lib/python3.7/site-packages/airflow/example_dags/example_short_circuit_decorator.py
[2023-06-29T23:53:16.914+0000] {processor.py:799} INFO - Processing file /home/airflow/.local/lib/python3.7/site-packages/airflow/example_dags/example_short_circuit_decorator.py for tasks to queue
[2023-06-29T23:53:16.915+0000] {logging_mixin.py:149} INFO - [2023-06-29T23:53:16.914+0000] {dagbag.py:541} INFO - Filling up the DagBag from /home/airflow/.local/lib/python3.7/site-packages/airflow/example_dags/example_short_circuit_decorator.py
[2023-06-29T23:53:16.927+0000] {processor.py:809} INFO - DAG(s) dict_keys(['example_short_circuit_decorator']) retrieved from /home/airflow/.local/lib/python3.7/site-packages/airflow/example_dags/example_short_circuit_decorator.py
[2023-06-29T23:53:16.962+0000] {logging_mixin.py:149} INFO - [2023-06-29T23:53:16.962+0000] {dag.py:2726} INFO - Sync 1 DAGs
[2023-06-29T23:53:16.996+0000] {logging_mixin.py:149} INFO - [2023-06-29T23:53:16.996+0000] {dag.py:3490} INFO - Setting next_dagrun for example_short_circuit_decorator to 2023-06-28T23:53:16.995766+00:00, run_after=2023-06-29T23:53:16.995766+00:00
[2023-06-29T23:53:17.020+0000] {processor.py:178} INFO - Processing /home/airflow/.local/lib/python3.7/site-packages/airflow/example_dags/example_short_circuit_decorator.py took 0.112 seconds
[2023-06-29T23:53:47.820+0000] {processor.py:156} INFO - Started process (PID=812) to work on /home/airflow/.local/lib/python3.7/site-packages/airflow/example_dags/example_short_circuit_decorator.py
[2023-06-29T23:53:47.822+0000] {processor.py:799} INFO - Processing file /home/airflow/.local/lib/python3.7/site-packages/airflow/example_dags/example_short_circuit_decorator.py for tasks to queue
[2023-06-29T23:53:47.823+0000] {logging_mixin.py:149} INFO - [2023-06-29T23:53:47.822+0000] {dagbag.py:541} INFO - Filling up the DagBag from /home/airflow/.local/lib/python3.7/site-packages/airflow/example_dags/example_short_circuit_decorator.py
[2023-06-29T23:53:47.838+0000] {processor.py:809} INFO - DAG(s) dict_keys(['example_short_circuit_decorator']) retrieved from /home/airflow/.local/lib/python3.7/site-packages/airflow/example_dags/example_short_circuit_decorator.py
[2023-06-29T23:53:47.873+0000] {logging_mixin.py:149} INFO - [2023-06-29T23:53:47.873+0000] {dag.py:2726} INFO - Sync 1 DAGs
[2023-06-29T23:53:47.908+0000] {logging_mixin.py:149} INFO - [2023-06-29T23:53:47.907+0000] {dag.py:3490} INFO - Setting next_dagrun for example_short_circuit_decorator to 2023-06-28T23:53:47.907519+00:00, run_after=2023-06-29T23:53:47.907519+00:00
[2023-06-29T23:53:47.930+0000] {processor.py:178} INFO - Processing /home/airflow/.local/lib/python3.7/site-packages/airflow/example_dags/example_short_circuit_decorator.py took 0.114 seconds
[2023-06-29T23:54:18.248+0000] {processor.py:156} INFO - Started process (PID=869) to work on /home/airflow/.local/lib/python3.7/site-packages/airflow/example_dags/example_short_circuit_decorator.py
[2023-06-29T23:54:18.249+0000] {processor.py:799} INFO - Processing file /home/airflow/.local/lib/python3.7/site-packages/airflow/example_dags/example_short_circuit_decorator.py for tasks to queue
[2023-06-29T23:54:18.250+0000] {logging_mixin.py:149} INFO - [2023-06-29T23:54:18.250+0000] {dagbag.py:541} INFO - Filling up the DagBag from /home/airflow/.local/lib/python3.7/site-packages/airflow/example_dags/example_short_circuit_decorator.py
[2023-06-29T23:54:18.263+0000] {processor.py:809} INFO - DAG(s) dict_keys(['example_short_circuit_decorator']) retrieved from /home/airflow/.local/lib/python3.7/site-packages/airflow/example_dags/example_short_circuit_decorator.py
[2023-06-29T23:54:18.299+0000] {logging_mixin.py:149} INFO - [2023-06-29T23:54:18.298+0000] {dag.py:2726} INFO - Sync 1 DAGs
[2023-06-29T23:54:18.333+0000] {logging_mixin.py:149} INFO - [2023-06-29T23:54:18.332+0000] {dag.py:3490} INFO - Setting next_dagrun for example_short_circuit_decorator to 2023-06-28T23:54:18.332599+00:00, run_after=2023-06-29T23:54:18.332599+00:00
[2023-06-29T23:54:18.356+0000] {processor.py:178} INFO - Processing /home/airflow/.local/lib/python3.7/site-packages/airflow/example_dags/example_short_circuit_decorator.py took 0.113 seconds
[2023-06-29T23:54:48.659+0000] {processor.py:156} INFO - Started process (PID=925) to work on /home/airflow/.local/lib/python3.7/site-packages/airflow/example_dags/example_short_circuit_decorator.py
[2023-06-29T23:54:48.661+0000] {processor.py:799} INFO - Processing file /home/airflow/.local/lib/python3.7/site-packages/airflow/example_dags/example_short_circuit_decorator.py for tasks to queue
[2023-06-29T23:54:48.662+0000] {logging_mixin.py:149} INFO - [2023-06-29T23:54:48.661+0000] {dagbag.py:541} INFO - Filling up the DagBag from /home/airflow/.local/lib/python3.7/site-packages/airflow/example_dags/example_short_circuit_decorator.py
[2023-06-29T23:54:48.674+0000] {processor.py:809} INFO - DAG(s) dict_keys(['example_short_circuit_decorator']) retrieved from /home/airflow/.local/lib/python3.7/site-packages/airflow/example_dags/example_short_circuit_decorator.py
[2023-06-29T23:54:48.715+0000] {logging_mixin.py:149} INFO - [2023-06-29T23:54:48.715+0000] {dag.py:2726} INFO - Sync 1 DAGs
[2023-06-29T23:54:48.752+0000] {logging_mixin.py:149} INFO - [2023-06-29T23:54:48.752+0000] {dag.py:3490} INFO - Setting next_dagrun for example_short_circuit_decorator to 2023-06-28T23:54:48.752350+00:00, run_after=2023-06-29T23:54:48.752350+00:00
[2023-06-29T23:54:48.780+0000] {processor.py:178} INFO - Processing /home/airflow/.local/lib/python3.7/site-packages/airflow/example_dags/example_short_circuit_decorator.py took 0.125 seconds
[2023-06-29T23:55:19.770+0000] {processor.py:156} INFO - Started process (PID=981) to work on /home/airflow/.local/lib/python3.7/site-packages/airflow/example_dags/example_short_circuit_decorator.py
[2023-06-29T23:55:19.781+0000] {processor.py:799} INFO - Processing file /home/airflow/.local/lib/python3.7/site-packages/airflow/example_dags/example_short_circuit_decorator.py for tasks to queue
[2023-06-29T23:55:19.782+0000] {logging_mixin.py:149} INFO - [2023-06-29T23:55:19.782+0000] {dagbag.py:541} INFO - Filling up the DagBag from /home/airflow/.local/lib/python3.7/site-packages/airflow/example_dags/example_short_circuit_decorator.py
[2023-06-29T23:55:19.844+0000] {processor.py:809} INFO - DAG(s) dict_keys(['example_short_circuit_decorator']) retrieved from /home/airflow/.local/lib/python3.7/site-packages/airflow/example_dags/example_short_circuit_decorator.py
[2023-06-29T23:55:20.076+0000] {logging_mixin.py:149} INFO - [2023-06-29T23:55:20.076+0000] {dag.py:2726} INFO - Sync 1 DAGs
[2023-06-29T23:55:20.252+0000] {logging_mixin.py:149} INFO - [2023-06-29T23:55:20.252+0000] {dag.py:3490} INFO - Setting next_dagrun for example_short_circuit_decorator to 2023-06-28T23:55:20.252414+00:00, run_after=2023-06-29T23:55:20.252414+00:00
[2023-06-29T23:55:20.372+0000] {processor.py:178} INFO - Processing /home/airflow/.local/lib/python3.7/site-packages/airflow/example_dags/example_short_circuit_decorator.py took 0.617 seconds
[2023-06-29T23:55:50.485+0000] {processor.py:156} INFO - Started process (PID=1037) to work on /home/airflow/.local/lib/python3.7/site-packages/airflow/example_dags/example_short_circuit_decorator.py
[2023-06-29T23:55:50.497+0000] {processor.py:799} INFO - Processing file /home/airflow/.local/lib/python3.7/site-packages/airflow/example_dags/example_short_circuit_decorator.py for tasks to queue
[2023-06-29T23:55:50.498+0000] {logging_mixin.py:149} INFO - [2023-06-29T23:55:50.497+0000] {dagbag.py:541} INFO - Filling up the DagBag from /home/airflow/.local/lib/python3.7/site-packages/airflow/example_dags/example_short_circuit_decorator.py
[2023-06-29T23:55:50.511+0000] {processor.py:809} INFO - DAG(s) dict_keys(['example_short_circuit_decorator']) retrieved from /home/airflow/.local/lib/python3.7/site-packages/airflow/example_dags/example_short_circuit_decorator.py
[2023-06-29T23:55:50.570+0000] {logging_mixin.py:149} INFO - [2023-06-29T23:55:50.569+0000] {dag.py:2726} INFO - Sync 1 DAGs
[2023-06-29T23:55:50.612+0000] {logging_mixin.py:149} INFO - [2023-06-29T23:55:50.612+0000] {dag.py:3490} INFO - Setting next_dagrun for example_short_circuit_decorator to 2023-06-28T23:55:50.611685+00:00, run_after=2023-06-29T23:55:50.611685+00:00
[2023-06-29T23:55:50.656+0000] {processor.py:178} INFO - Processing /home/airflow/.local/lib/python3.7/site-packages/airflow/example_dags/example_short_circuit_decorator.py took 0.176 seconds
[2023-06-29T23:56:21.247+0000] {processor.py:156} INFO - Started process (PID=1094) to work on /home/airflow/.local/lib/python3.7/site-packages/airflow/example_dags/example_short_circuit_decorator.py
[2023-06-29T23:56:21.259+0000] {processor.py:799} INFO - Processing file /home/airflow/.local/lib/python3.7/site-packages/airflow/example_dags/example_short_circuit_decorator.py for tasks to queue
[2023-06-29T23:56:21.260+0000] {logging_mixin.py:149} INFO - [2023-06-29T23:56:21.260+0000] {dagbag.py:541} INFO - Filling up the DagBag from /home/airflow/.local/lib/python3.7/site-packages/airflow/example_dags/example_short_circuit_decorator.py
[2023-06-29T23:56:21.275+0000] {processor.py:809} INFO - DAG(s) dict_keys(['example_short_circuit_decorator']) retrieved from /home/airflow/.local/lib/python3.7/site-packages/airflow/example_dags/example_short_circuit_decorator.py
[2023-06-29T23:56:21.320+0000] {logging_mixin.py:149} INFO - [2023-06-29T23:56:21.319+0000] {dag.py:2726} INFO - Sync 1 DAGs
[2023-06-29T23:56:21.361+0000] {logging_mixin.py:149} INFO - [2023-06-29T23:56:21.360+0000] {dag.py:3490} INFO - Setting next_dagrun for example_short_circuit_decorator to 2023-06-28T23:56:21.360394+00:00, run_after=2023-06-29T23:56:21.360394+00:00
[2023-06-29T23:56:21.399+0000] {processor.py:178} INFO - Processing /home/airflow/.local/lib/python3.7/site-packages/airflow/example_dags/example_short_circuit_decorator.py took 0.157 seconds
[2023-06-29T23:56:51.508+0000] {processor.py:156} INFO - Started process (PID=1151) to work on /home/airflow/.local/lib/python3.7/site-packages/airflow/example_dags/example_short_circuit_decorator.py
[2023-06-29T23:56:51.510+0000] {processor.py:799} INFO - Processing file /home/airflow/.local/lib/python3.7/site-packages/airflow/example_dags/example_short_circuit_decorator.py for tasks to queue
[2023-06-29T23:56:51.511+0000] {logging_mixin.py:149} INFO - [2023-06-29T23:56:51.511+0000] {dagbag.py:541} INFO - Filling up the DagBag from /home/airflow/.local/lib/python3.7/site-packages/airflow/example_dags/example_short_circuit_decorator.py
[2023-06-29T23:56:51.529+0000] {processor.py:809} INFO - DAG(s) dict_keys(['example_short_circuit_decorator']) retrieved from /home/airflow/.local/lib/python3.7/site-packages/airflow/example_dags/example_short_circuit_decorator.py
[2023-06-29T23:56:51.584+0000] {logging_mixin.py:149} INFO - [2023-06-29T23:56:51.583+0000] {dag.py:2726} INFO - Sync 1 DAGs
[2023-06-29T23:56:51.620+0000] {logging_mixin.py:149} INFO - [2023-06-29T23:56:51.620+0000] {dag.py:3490} INFO - Setting next_dagrun for example_short_circuit_decorator to 2023-06-28T23:56:51.619909+00:00, run_after=2023-06-29T23:56:51.619909+00:00
[2023-06-29T23:56:51.645+0000] {processor.py:178} INFO - Processing /home/airflow/.local/lib/python3.7/site-packages/airflow/example_dags/example_short_circuit_decorator.py took 0.142 seconds
[2023-06-29T23:57:21.790+0000] {processor.py:156} INFO - Started process (PID=1208) to work on /home/airflow/.local/lib/python3.7/site-packages/airflow/example_dags/example_short_circuit_decorator.py
[2023-06-29T23:57:21.791+0000] {processor.py:799} INFO - Processing file /home/airflow/.local/lib/python3.7/site-packages/airflow/example_dags/example_short_circuit_decorator.py for tasks to queue
[2023-06-29T23:57:21.792+0000] {logging_mixin.py:149} INFO - [2023-06-29T23:57:21.792+0000] {dagbag.py:541} INFO - Filling up the DagBag from /home/airflow/.local/lib/python3.7/site-packages/airflow/example_dags/example_short_circuit_decorator.py
[2023-06-29T23:57:21.805+0000] {processor.py:809} INFO - DAG(s) dict_keys(['example_short_circuit_decorator']) retrieved from /home/airflow/.local/lib/python3.7/site-packages/airflow/example_dags/example_short_circuit_decorator.py
[2023-06-29T23:57:21.846+0000] {logging_mixin.py:149} INFO - [2023-06-29T23:57:21.846+0000] {dag.py:2726} INFO - Sync 1 DAGs
[2023-06-29T23:57:21.883+0000] {logging_mixin.py:149} INFO - [2023-06-29T23:57:21.883+0000] {dag.py:3490} INFO - Setting next_dagrun for example_short_circuit_decorator to 2023-06-28T23:57:21.882689+00:00, run_after=2023-06-29T23:57:21.882689+00:00
[2023-06-29T23:57:21.916+0000] {processor.py:178} INFO - Processing /home/airflow/.local/lib/python3.7/site-packages/airflow/example_dags/example_short_circuit_decorator.py took 0.132 seconds
[2023-06-29T23:57:52.401+0000] {processor.py:156} INFO - Started process (PID=1265) to work on /home/airflow/.local/lib/python3.7/site-packages/airflow/example_dags/example_short_circuit_decorator.py
[2023-06-29T23:57:52.402+0000] {processor.py:799} INFO - Processing file /home/airflow/.local/lib/python3.7/site-packages/airflow/example_dags/example_short_circuit_decorator.py for tasks to queue
[2023-06-29T23:57:52.403+0000] {logging_mixin.py:149} INFO - [2023-06-29T23:57:52.403+0000] {dagbag.py:541} INFO - Filling up the DagBag from /home/airflow/.local/lib/python3.7/site-packages/airflow/example_dags/example_short_circuit_decorator.py
[2023-06-29T23:57:52.416+0000] {processor.py:809} INFO - DAG(s) dict_keys(['example_short_circuit_decorator']) retrieved from /home/airflow/.local/lib/python3.7/site-packages/airflow/example_dags/example_short_circuit_decorator.py
[2023-06-29T23:57:52.454+0000] {logging_mixin.py:149} INFO - [2023-06-29T23:57:52.454+0000] {dag.py:2726} INFO - Sync 1 DAGs
[2023-06-29T23:57:52.488+0000] {logging_mixin.py:149} INFO - [2023-06-29T23:57:52.487+0000] {dag.py:3490} INFO - Setting next_dagrun for example_short_circuit_decorator to 2023-06-28T23:57:52.487646+00:00, run_after=2023-06-29T23:57:52.487646+00:00
[2023-06-29T23:57:52.512+0000] {processor.py:178} INFO - Processing /home/airflow/.local/lib/python3.7/site-packages/airflow/example_dags/example_short_circuit_decorator.py took 0.115 seconds
[2023-06-29T23:58:23.754+0000] {processor.py:156} INFO - Started process (PID=1322) to work on /home/airflow/.local/lib/python3.7/site-packages/airflow/example_dags/example_short_circuit_decorator.py
[2023-06-29T23:58:23.757+0000] {processor.py:799} INFO - Processing file /home/airflow/.local/lib/python3.7/site-packages/airflow/example_dags/example_short_circuit_decorator.py for tasks to queue
[2023-06-29T23:58:23.758+0000] {logging_mixin.py:149} INFO - [2023-06-29T23:58:23.758+0000] {dagbag.py:541} INFO - Filling up the DagBag from /home/airflow/.local/lib/python3.7/site-packages/airflow/example_dags/example_short_circuit_decorator.py
[2023-06-29T23:58:23.789+0000] {processor.py:809} INFO - DAG(s) dict_keys(['example_short_circuit_decorator']) retrieved from /home/airflow/.local/lib/python3.7/site-packages/airflow/example_dags/example_short_circuit_decorator.py
[2023-06-29T23:58:23.855+0000] {logging_mixin.py:149} INFO - [2023-06-29T23:58:23.855+0000] {dag.py:2726} INFO - Sync 1 DAGs
[2023-06-29T23:58:23.924+0000] {logging_mixin.py:149} INFO - [2023-06-29T23:58:23.924+0000] {dag.py:3490} INFO - Setting next_dagrun for example_short_circuit_decorator to 2023-06-28T23:58:23.924263+00:00, run_after=2023-06-29T23:58:23.924263+00:00
[2023-06-29T23:58:23.974+0000] {processor.py:178} INFO - Processing /home/airflow/.local/lib/python3.7/site-packages/airflow/example_dags/example_short_circuit_decorator.py took 0.245 seconds
[2023-06-29T23:58:54.699+0000] {processor.py:156} INFO - Started process (PID=1380) to work on /home/airflow/.local/lib/python3.7/site-packages/airflow/example_dags/example_short_circuit_decorator.py
[2023-06-29T23:58:54.700+0000] {processor.py:799} INFO - Processing file /home/airflow/.local/lib/python3.7/site-packages/airflow/example_dags/example_short_circuit_decorator.py for tasks to queue
[2023-06-29T23:58:54.701+0000] {logging_mixin.py:149} INFO - [2023-06-29T23:58:54.701+0000] {dagbag.py:541} INFO - Filling up the DagBag from /home/airflow/.local/lib/python3.7/site-packages/airflow/example_dags/example_short_circuit_decorator.py
[2023-06-29T23:58:54.715+0000] {processor.py:809} INFO - DAG(s) dict_keys(['example_short_circuit_decorator']) retrieved from /home/airflow/.local/lib/python3.7/site-packages/airflow/example_dags/example_short_circuit_decorator.py
[2023-06-29T23:58:54.757+0000] {logging_mixin.py:149} INFO - [2023-06-29T23:58:54.757+0000] {dag.py:2726} INFO - Sync 1 DAGs
[2023-06-29T23:58:54.808+0000] {logging_mixin.py:149} INFO - [2023-06-29T23:58:54.808+0000] {dag.py:3490} INFO - Setting next_dagrun for example_short_circuit_decorator to 2023-06-28T23:58:54.808131+00:00, run_after=2023-06-29T23:58:54.808131+00:00
[2023-06-29T23:58:54.861+0000] {processor.py:178} INFO - Processing /home/airflow/.local/lib/python3.7/site-packages/airflow/example_dags/example_short_circuit_decorator.py took 0.166 seconds
[2023-06-29T23:59:24.963+0000] {processor.py:156} INFO - Started process (PID=1438) to work on /home/airflow/.local/lib/python3.7/site-packages/airflow/example_dags/example_short_circuit_decorator.py
[2023-06-29T23:59:24.964+0000] {processor.py:799} INFO - Processing file /home/airflow/.local/lib/python3.7/site-packages/airflow/example_dags/example_short_circuit_decorator.py for tasks to queue
[2023-06-29T23:59:24.965+0000] {logging_mixin.py:149} INFO - [2023-06-29T23:59:24.965+0000] {dagbag.py:541} INFO - Filling up the DagBag from /home/airflow/.local/lib/python3.7/site-packages/airflow/example_dags/example_short_circuit_decorator.py
[2023-06-29T23:59:24.979+0000] {processor.py:809} INFO - DAG(s) dict_keys(['example_short_circuit_decorator']) retrieved from /home/airflow/.local/lib/python3.7/site-packages/airflow/example_dags/example_short_circuit_decorator.py
[2023-06-29T23:59:25.014+0000] {logging_mixin.py:149} INFO - [2023-06-29T23:59:25.014+0000] {dag.py:2726} INFO - Sync 1 DAGs
[2023-06-29T23:59:25.047+0000] {logging_mixin.py:149} INFO - [2023-06-29T23:59:25.047+0000] {dag.py:3490} INFO - Setting next_dagrun for example_short_circuit_decorator to 2023-06-28T23:59:25.046975+00:00, run_after=2023-06-29T23:59:25.046975+00:00
[2023-06-29T23:59:25.070+0000] {processor.py:178} INFO - Processing /home/airflow/.local/lib/python3.7/site-packages/airflow/example_dags/example_short_circuit_decorator.py took 0.112 seconds
[2023-06-29T23:59:55.265+0000] {processor.py:156} INFO - Started process (PID=1494) to work on /home/airflow/.local/lib/python3.7/site-packages/airflow/example_dags/example_short_circuit_decorator.py
[2023-06-29T23:59:55.266+0000] {processor.py:799} INFO - Processing file /home/airflow/.local/lib/python3.7/site-packages/airflow/example_dags/example_short_circuit_decorator.py for tasks to queue
[2023-06-29T23:59:55.267+0000] {logging_mixin.py:149} INFO - [2023-06-29T23:59:55.267+0000] {dagbag.py:541} INFO - Filling up the DagBag from /home/airflow/.local/lib/python3.7/site-packages/airflow/example_dags/example_short_circuit_decorator.py
[2023-06-29T23:59:55.280+0000] {processor.py:809} INFO - DAG(s) dict_keys(['example_short_circuit_decorator']) retrieved from /home/airflow/.local/lib/python3.7/site-packages/airflow/example_dags/example_short_circuit_decorator.py
[2023-06-29T23:59:55.318+0000] {logging_mixin.py:149} INFO - [2023-06-29T23:59:55.317+0000] {dag.py:2726} INFO - Sync 1 DAGs
[2023-06-29T23:59:55.354+0000] {logging_mixin.py:149} INFO - [2023-06-29T23:59:55.354+0000] {dag.py:3490} INFO - Setting next_dagrun for example_short_circuit_decorator to 2023-06-28T23:59:55.353794+00:00, run_after=2023-06-29T23:59:55.353794+00:00
[2023-06-29T23:59:55.377+0000] {processor.py:178} INFO - Processing /home/airflow/.local/lib/python3.7/site-packages/airflow/example_dags/example_short_circuit_decorator.py took 0.117 seconds
