[2023-06-29T23:47:04.852+0000] {processor.py:156} INFO - Started process (PID=46) to work on /home/airflow/.local/lib/python3.7/site-packages/airflow/example_dags/example_branch_operator_decorator.py
[2023-06-29T23:47:04.853+0000] {processor.py:799} INFO - Processing file /home/airflow/.local/lib/python3.7/site-packages/airflow/example_dags/example_branch_operator_decorator.py for tasks to queue
[2023-06-29T23:47:04.857+0000] {logging_mixin.py:149} INFO - [2023-06-29T23:47:04.856+0000] {dagbag.py:541} INFO - Filling up the DagBag from /home/airflow/.local/lib/python3.7/site-packages/airflow/example_dags/example_branch_operator_decorator.py
[2023-06-29T23:47:04.889+0000] {processor.py:809} INFO - DAG(s) dict_keys(['example_branch_python_operator_decorator']) retrieved from /home/airflow/.local/lib/python3.7/site-packages/airflow/example_dags/example_branch_operator_decorator.py
[2023-06-29T23:47:05.023+0000] {logging_mixin.py:149} INFO - [2023-06-29T23:47:05.023+0000] {dag.py:2726} INFO - Sync 1 DAGs
[2023-06-29T23:47:05.095+0000] {logging_mixin.py:149} INFO - [2023-06-29T23:47:05.095+0000] {dag.py:3490} INFO - Setting next_dagrun for example_branch_python_operator_decorator to 2023-06-28T00:00:00+00:00, run_after=2023-06-29T00:00:00+00:00
[2023-06-29T23:47:05.153+0000] {processor.py:178} INFO - Processing /home/airflow/.local/lib/python3.7/site-packages/airflow/example_dags/example_branch_operator_decorator.py took 0.314 seconds
[2023-06-29T23:47:35.582+0000] {processor.py:156} INFO - Started process (PID=103) to work on /home/airflow/.local/lib/python3.7/site-packages/airflow/example_dags/example_branch_operator_decorator.py
[2023-06-29T23:47:35.584+0000] {processor.py:799} INFO - Processing file /home/airflow/.local/lib/python3.7/site-packages/airflow/example_dags/example_branch_operator_decorator.py for tasks to queue
[2023-06-29T23:47:35.585+0000] {logging_mixin.py:149} INFO - [2023-06-29T23:47:35.585+0000] {dagbag.py:541} INFO - Filling up the DagBag from /home/airflow/.local/lib/python3.7/site-packages/airflow/example_dags/example_branch_operator_decorator.py
[2023-06-29T23:47:35.597+0000] {processor.py:809} INFO - DAG(s) dict_keys(['example_branch_python_operator_decorator']) retrieved from /home/airflow/.local/lib/python3.7/site-packages/airflow/example_dags/example_branch_operator_decorator.py
[2023-06-29T23:47:35.634+0000] {logging_mixin.py:149} INFO - [2023-06-29T23:47:35.634+0000] {dag.py:2726} INFO - Sync 1 DAGs
[2023-06-29T23:47:35.670+0000] {logging_mixin.py:149} INFO - [2023-06-29T23:47:35.669+0000] {dag.py:3490} INFO - Setting next_dagrun for example_branch_python_operator_decorator to 2023-06-28T00:00:00+00:00, run_after=2023-06-29T00:00:00+00:00
[2023-06-29T23:47:35.753+0000] {processor.py:178} INFO - Processing /home/airflow/.local/lib/python3.7/site-packages/airflow/example_dags/example_branch_operator_decorator.py took 0.175 seconds
[2023-06-29T23:48:05.801+0000] {processor.py:156} INFO - Started process (PID=159) to work on /home/airflow/.local/lib/python3.7/site-packages/airflow/example_dags/example_branch_operator_decorator.py
[2023-06-29T23:48:05.803+0000] {processor.py:799} INFO - Processing file /home/airflow/.local/lib/python3.7/site-packages/airflow/example_dags/example_branch_operator_decorator.py for tasks to queue
[2023-06-29T23:48:05.803+0000] {logging_mixin.py:149} INFO - [2023-06-29T23:48:05.803+0000] {dagbag.py:541} INFO - Filling up the DagBag from /home/airflow/.local/lib/python3.7/site-packages/airflow/example_dags/example_branch_operator_decorator.py
[2023-06-29T23:48:05.816+0000] {processor.py:809} INFO - DAG(s) dict_keys(['example_branch_python_operator_decorator']) retrieved from /home/airflow/.local/lib/python3.7/site-packages/airflow/example_dags/example_branch_operator_decorator.py
[2023-06-29T23:48:05.849+0000] {logging_mixin.py:149} INFO - [2023-06-29T23:48:05.849+0000] {dag.py:2726} INFO - Sync 1 DAGs
[2023-06-29T23:48:05.885+0000] {logging_mixin.py:149} INFO - [2023-06-29T23:48:05.885+0000] {dag.py:3490} INFO - Setting next_dagrun for example_branch_python_operator_decorator to 2023-06-28T00:00:00+00:00, run_after=2023-06-29T00:00:00+00:00
[2023-06-29T23:48:05.909+0000] {processor.py:178} INFO - Processing /home/airflow/.local/lib/python3.7/site-packages/airflow/example_dags/example_branch_operator_decorator.py took 0.111 seconds
[2023-06-29T23:48:36.268+0000] {processor.py:156} INFO - Started process (PID=217) to work on /home/airflow/.local/lib/python3.7/site-packages/airflow/example_dags/example_branch_operator_decorator.py
[2023-06-29T23:48:36.269+0000] {processor.py:799} INFO - Processing file /home/airflow/.local/lib/python3.7/site-packages/airflow/example_dags/example_branch_operator_decorator.py for tasks to queue
[2023-06-29T23:48:36.270+0000] {logging_mixin.py:149} INFO - [2023-06-29T23:48:36.270+0000] {dagbag.py:541} INFO - Filling up the DagBag from /home/airflow/.local/lib/python3.7/site-packages/airflow/example_dags/example_branch_operator_decorator.py
[2023-06-29T23:48:36.284+0000] {processor.py:809} INFO - DAG(s) dict_keys(['example_branch_python_operator_decorator']) retrieved from /home/airflow/.local/lib/python3.7/site-packages/airflow/example_dags/example_branch_operator_decorator.py
[2023-06-29T23:48:36.318+0000] {logging_mixin.py:149} INFO - [2023-06-29T23:48:36.318+0000] {dag.py:2726} INFO - Sync 1 DAGs
[2023-06-29T23:48:36.353+0000] {logging_mixin.py:149} INFO - [2023-06-29T23:48:36.353+0000] {dag.py:3490} INFO - Setting next_dagrun for example_branch_python_operator_decorator to 2023-06-28T00:00:00+00:00, run_after=2023-06-29T00:00:00+00:00
[2023-06-29T23:48:36.376+0000] {processor.py:178} INFO - Processing /home/airflow/.local/lib/python3.7/site-packages/airflow/example_dags/example_branch_operator_decorator.py took 0.112 seconds
[2023-06-29T23:49:06.411+0000] {processor.py:156} INFO - Started process (PID=273) to work on /home/airflow/.local/lib/python3.7/site-packages/airflow/example_dags/example_branch_operator_decorator.py
[2023-06-29T23:49:06.413+0000] {processor.py:799} INFO - Processing file /home/airflow/.local/lib/python3.7/site-packages/airflow/example_dags/example_branch_operator_decorator.py for tasks to queue
[2023-06-29T23:49:06.414+0000] {logging_mixin.py:149} INFO - [2023-06-29T23:49:06.413+0000] {dagbag.py:541} INFO - Filling up the DagBag from /home/airflow/.local/lib/python3.7/site-packages/airflow/example_dags/example_branch_operator_decorator.py
[2023-06-29T23:49:06.427+0000] {processor.py:809} INFO - DAG(s) dict_keys(['example_branch_python_operator_decorator']) retrieved from /home/airflow/.local/lib/python3.7/site-packages/airflow/example_dags/example_branch_operator_decorator.py
[2023-06-29T23:49:06.459+0000] {logging_mixin.py:149} INFO - [2023-06-29T23:49:06.459+0000] {dag.py:2726} INFO - Sync 1 DAGs
[2023-06-29T23:49:06.493+0000] {logging_mixin.py:149} INFO - [2023-06-29T23:49:06.493+0000] {dag.py:3490} INFO - Setting next_dagrun for example_branch_python_operator_decorator to 2023-06-28T00:00:00+00:00, run_after=2023-06-29T00:00:00+00:00
[2023-06-29T23:49:06.516+0000] {processor.py:178} INFO - Processing /home/airflow/.local/lib/python3.7/site-packages/airflow/example_dags/example_branch_operator_decorator.py took 0.110 seconds
[2023-06-29T23:49:36.879+0000] {processor.py:156} INFO - Started process (PID=331) to work on /home/airflow/.local/lib/python3.7/site-packages/airflow/example_dags/example_branch_operator_decorator.py
[2023-06-29T23:49:36.881+0000] {processor.py:799} INFO - Processing file /home/airflow/.local/lib/python3.7/site-packages/airflow/example_dags/example_branch_operator_decorator.py for tasks to queue
[2023-06-29T23:49:36.881+0000] {logging_mixin.py:149} INFO - [2023-06-29T23:49:36.881+0000] {dagbag.py:541} INFO - Filling up the DagBag from /home/airflow/.local/lib/python3.7/site-packages/airflow/example_dags/example_branch_operator_decorator.py
[2023-06-29T23:49:36.895+0000] {processor.py:809} INFO - DAG(s) dict_keys(['example_branch_python_operator_decorator']) retrieved from /home/airflow/.local/lib/python3.7/site-packages/airflow/example_dags/example_branch_operator_decorator.py
[2023-06-29T23:49:36.928+0000] {logging_mixin.py:149} INFO - [2023-06-29T23:49:36.928+0000] {dag.py:2726} INFO - Sync 1 DAGs
[2023-06-29T23:49:36.963+0000] {logging_mixin.py:149} INFO - [2023-06-29T23:49:36.962+0000] {dag.py:3490} INFO - Setting next_dagrun for example_branch_python_operator_decorator to 2023-06-28T00:00:00+00:00, run_after=2023-06-29T00:00:00+00:00
[2023-06-29T23:49:36.988+0000] {processor.py:178} INFO - Processing /home/airflow/.local/lib/python3.7/site-packages/airflow/example_dags/example_branch_operator_decorator.py took 0.112 seconds
[2023-06-29T23:50:07.679+0000] {processor.py:156} INFO - Started process (PID=387) to work on /home/airflow/.local/lib/python3.7/site-packages/airflow/example_dags/example_branch_operator_decorator.py
[2023-06-29T23:50:07.682+0000] {processor.py:799} INFO - Processing file /home/airflow/.local/lib/python3.7/site-packages/airflow/example_dags/example_branch_operator_decorator.py for tasks to queue
[2023-06-29T23:50:07.683+0000] {logging_mixin.py:149} INFO - [2023-06-29T23:50:07.683+0000] {dagbag.py:541} INFO - Filling up the DagBag from /home/airflow/.local/lib/python3.7/site-packages/airflow/example_dags/example_branch_operator_decorator.py
[2023-06-29T23:50:07.696+0000] {processor.py:809} INFO - DAG(s) dict_keys(['example_branch_python_operator_decorator']) retrieved from /home/airflow/.local/lib/python3.7/site-packages/airflow/example_dags/example_branch_operator_decorator.py
[2023-06-29T23:50:07.736+0000] {logging_mixin.py:149} INFO - [2023-06-29T23:50:07.735+0000] {dag.py:2726} INFO - Sync 1 DAGs
[2023-06-29T23:50:07.771+0000] {logging_mixin.py:149} INFO - [2023-06-29T23:50:07.771+0000] {dag.py:3490} INFO - Setting next_dagrun for example_branch_python_operator_decorator to 2023-06-28T00:00:00+00:00, run_after=2023-06-29T00:00:00+00:00
[2023-06-29T23:50:07.794+0000] {processor.py:178} INFO - Processing /home/airflow/.local/lib/python3.7/site-packages/airflow/example_dags/example_branch_operator_decorator.py took 0.119 seconds
[2023-06-29T23:50:38.219+0000] {processor.py:156} INFO - Started process (PID=444) to work on /home/airflow/.local/lib/python3.7/site-packages/airflow/example_dags/example_branch_operator_decorator.py
[2023-06-29T23:50:38.220+0000] {processor.py:799} INFO - Processing file /home/airflow/.local/lib/python3.7/site-packages/airflow/example_dags/example_branch_operator_decorator.py for tasks to queue
[2023-06-29T23:50:38.221+0000] {logging_mixin.py:149} INFO - [2023-06-29T23:50:38.221+0000] {dagbag.py:541} INFO - Filling up the DagBag from /home/airflow/.local/lib/python3.7/site-packages/airflow/example_dags/example_branch_operator_decorator.py
[2023-06-29T23:50:38.233+0000] {processor.py:809} INFO - DAG(s) dict_keys(['example_branch_python_operator_decorator']) retrieved from /home/airflow/.local/lib/python3.7/site-packages/airflow/example_dags/example_branch_operator_decorator.py
[2023-06-29T23:50:38.269+0000] {logging_mixin.py:149} INFO - [2023-06-29T23:50:38.268+0000] {dag.py:2726} INFO - Sync 1 DAGs
[2023-06-29T23:50:38.304+0000] {logging_mixin.py:149} INFO - [2023-06-29T23:50:38.304+0000] {dag.py:3490} INFO - Setting next_dagrun for example_branch_python_operator_decorator to 2023-06-28T00:00:00+00:00, run_after=2023-06-29T00:00:00+00:00
[2023-06-29T23:50:38.329+0000] {processor.py:178} INFO - Processing /home/airflow/.local/lib/python3.7/site-packages/airflow/example_dags/example_branch_operator_decorator.py took 0.114 seconds
[2023-06-29T23:51:08.996+0000] {processor.py:156} INFO - Started process (PID=501) to work on /home/airflow/.local/lib/python3.7/site-packages/airflow/example_dags/example_branch_operator_decorator.py
[2023-06-29T23:51:08.998+0000] {processor.py:799} INFO - Processing file /home/airflow/.local/lib/python3.7/site-packages/airflow/example_dags/example_branch_operator_decorator.py for tasks to queue
[2023-06-29T23:51:08.999+0000] {logging_mixin.py:149} INFO - [2023-06-29T23:51:08.999+0000] {dagbag.py:541} INFO - Filling up the DagBag from /home/airflow/.local/lib/python3.7/site-packages/airflow/example_dags/example_branch_operator_decorator.py
[2023-06-29T23:51:09.025+0000] {processor.py:809} INFO - DAG(s) dict_keys(['example_branch_python_operator_decorator']) retrieved from /home/airflow/.local/lib/python3.7/site-packages/airflow/example_dags/example_branch_operator_decorator.py
[2023-06-29T23:51:09.096+0000] {logging_mixin.py:149} INFO - [2023-06-29T23:51:09.096+0000] {dag.py:2726} INFO - Sync 1 DAGs
[2023-06-29T23:51:09.138+0000] {logging_mixin.py:149} INFO - [2023-06-29T23:51:09.138+0000] {dag.py:3490} INFO - Setting next_dagrun for example_branch_python_operator_decorator to 2023-06-28T00:00:00+00:00, run_after=2023-06-29T00:00:00+00:00
[2023-06-29T23:51:09.162+0000] {processor.py:178} INFO - Processing /home/airflow/.local/lib/python3.7/site-packages/airflow/example_dags/example_branch_operator_decorator.py took 0.169 seconds
[2023-06-29T23:51:39.939+0000] {processor.py:156} INFO - Started process (PID=558) to work on /home/airflow/.local/lib/python3.7/site-packages/airflow/example_dags/example_branch_operator_decorator.py
[2023-06-29T23:51:39.940+0000] {processor.py:799} INFO - Processing file /home/airflow/.local/lib/python3.7/site-packages/airflow/example_dags/example_branch_operator_decorator.py for tasks to queue
[2023-06-29T23:51:39.941+0000] {logging_mixin.py:149} INFO - [2023-06-29T23:51:39.941+0000] {dagbag.py:541} INFO - Filling up the DagBag from /home/airflow/.local/lib/python3.7/site-packages/airflow/example_dags/example_branch_operator_decorator.py
[2023-06-29T23:51:39.979+0000] {processor.py:809} INFO - DAG(s) dict_keys(['example_branch_python_operator_decorator']) retrieved from /home/airflow/.local/lib/python3.7/site-packages/airflow/example_dags/example_branch_operator_decorator.py
[2023-06-29T23:51:40.013+0000] {logging_mixin.py:149} INFO - [2023-06-29T23:51:40.013+0000] {dag.py:2726} INFO - Sync 1 DAGs
[2023-06-29T23:51:40.049+0000] {logging_mixin.py:149} INFO - [2023-06-29T23:51:40.048+0000] {dag.py:3490} INFO - Setting next_dagrun for example_branch_python_operator_decorator to 2023-06-28T00:00:00+00:00, run_after=2023-06-29T00:00:00+00:00
[2023-06-29T23:51:40.071+0000] {processor.py:178} INFO - Processing /home/airflow/.local/lib/python3.7/site-packages/airflow/example_dags/example_branch_operator_decorator.py took 0.143 seconds
[2023-06-29T23:52:11.062+0000] {processor.py:156} INFO - Started process (PID=615) to work on /home/airflow/.local/lib/python3.7/site-packages/airflow/example_dags/example_branch_operator_decorator.py
[2023-06-29T23:52:11.066+0000] {processor.py:799} INFO - Processing file /home/airflow/.local/lib/python3.7/site-packages/airflow/example_dags/example_branch_operator_decorator.py for tasks to queue
[2023-06-29T23:52:11.067+0000] {logging_mixin.py:149} INFO - [2023-06-29T23:52:11.067+0000] {dagbag.py:541} INFO - Filling up the DagBag from /home/airflow/.local/lib/python3.7/site-packages/airflow/example_dags/example_branch_operator_decorator.py
[2023-06-29T23:52:11.089+0000] {processor.py:809} INFO - DAG(s) dict_keys(['example_branch_python_operator_decorator']) retrieved from /home/airflow/.local/lib/python3.7/site-packages/airflow/example_dags/example_branch_operator_decorator.py
[2023-06-29T23:52:11.163+0000] {logging_mixin.py:149} INFO - [2023-06-29T23:52:11.163+0000] {dag.py:2726} INFO - Sync 1 DAGs
[2023-06-29T23:52:11.207+0000] {logging_mixin.py:149} INFO - [2023-06-29T23:52:11.207+0000] {dag.py:3490} INFO - Setting next_dagrun for example_branch_python_operator_decorator to 2023-06-28T00:00:00+00:00, run_after=2023-06-29T00:00:00+00:00
[2023-06-29T23:52:11.233+0000] {processor.py:178} INFO - Processing /home/airflow/.local/lib/python3.7/site-packages/airflow/example_dags/example_branch_operator_decorator.py took 0.181 seconds
[2023-06-29T23:52:41.907+0000] {processor.py:156} INFO - Started process (PID=672) to work on /home/airflow/.local/lib/python3.7/site-packages/airflow/example_dags/example_branch_operator_decorator.py
[2023-06-29T23:52:41.917+0000] {processor.py:799} INFO - Processing file /home/airflow/.local/lib/python3.7/site-packages/airflow/example_dags/example_branch_operator_decorator.py for tasks to queue
[2023-06-29T23:52:41.918+0000] {logging_mixin.py:149} INFO - [2023-06-29T23:52:41.918+0000] {dagbag.py:541} INFO - Filling up the DagBag from /home/airflow/.local/lib/python3.7/site-packages/airflow/example_dags/example_branch_operator_decorator.py
[2023-06-29T23:52:41.933+0000] {processor.py:809} INFO - DAG(s) dict_keys(['example_branch_python_operator_decorator']) retrieved from /home/airflow/.local/lib/python3.7/site-packages/airflow/example_dags/example_branch_operator_decorator.py
[2023-06-29T23:52:41.986+0000] {logging_mixin.py:149} INFO - [2023-06-29T23:52:41.985+0000] {dag.py:2726} INFO - Sync 1 DAGs
[2023-06-29T23:52:42.030+0000] {logging_mixin.py:149} INFO - [2023-06-29T23:52:42.030+0000] {dag.py:3490} INFO - Setting next_dagrun for example_branch_python_operator_decorator to 2023-06-28T00:00:00+00:00, run_after=2023-06-29T00:00:00+00:00
[2023-06-29T23:52:42.060+0000] {processor.py:178} INFO - Processing /home/airflow/.local/lib/python3.7/site-packages/airflow/example_dags/example_branch_operator_decorator.py took 0.158 seconds
[2023-06-29T23:53:12.617+0000] {processor.py:156} INFO - Started process (PID=729) to work on /home/airflow/.local/lib/python3.7/site-packages/airflow/example_dags/example_branch_operator_decorator.py
[2023-06-29T23:53:12.618+0000] {processor.py:799} INFO - Processing file /home/airflow/.local/lib/python3.7/site-packages/airflow/example_dags/example_branch_operator_decorator.py for tasks to queue
[2023-06-29T23:53:12.619+0000] {logging_mixin.py:149} INFO - [2023-06-29T23:53:12.619+0000] {dagbag.py:541} INFO - Filling up the DagBag from /home/airflow/.local/lib/python3.7/site-packages/airflow/example_dags/example_branch_operator_decorator.py
[2023-06-29T23:53:12.632+0000] {processor.py:809} INFO - DAG(s) dict_keys(['example_branch_python_operator_decorator']) retrieved from /home/airflow/.local/lib/python3.7/site-packages/airflow/example_dags/example_branch_operator_decorator.py
[2023-06-29T23:53:12.668+0000] {logging_mixin.py:149} INFO - [2023-06-29T23:53:12.668+0000] {dag.py:2726} INFO - Sync 1 DAGs
[2023-06-29T23:53:12.704+0000] {logging_mixin.py:149} INFO - [2023-06-29T23:53:12.704+0000] {dag.py:3490} INFO - Setting next_dagrun for example_branch_python_operator_decorator to 2023-06-28T00:00:00+00:00, run_after=2023-06-29T00:00:00+00:00
[2023-06-29T23:53:12.728+0000] {processor.py:178} INFO - Processing /home/airflow/.local/lib/python3.7/site-packages/airflow/example_dags/example_branch_operator_decorator.py took 0.115 seconds
[2023-06-29T23:53:43.388+0000] {processor.py:156} INFO - Started process (PID=786) to work on /home/airflow/.local/lib/python3.7/site-packages/airflow/example_dags/example_branch_operator_decorator.py
[2023-06-29T23:53:43.390+0000] {processor.py:799} INFO - Processing file /home/airflow/.local/lib/python3.7/site-packages/airflow/example_dags/example_branch_operator_decorator.py for tasks to queue
[2023-06-29T23:53:43.391+0000] {logging_mixin.py:149} INFO - [2023-06-29T23:53:43.391+0000] {dagbag.py:541} INFO - Filling up the DagBag from /home/airflow/.local/lib/python3.7/site-packages/airflow/example_dags/example_branch_operator_decorator.py
[2023-06-29T23:53:43.415+0000] {processor.py:809} INFO - DAG(s) dict_keys(['example_branch_python_operator_decorator']) retrieved from /home/airflow/.local/lib/python3.7/site-packages/airflow/example_dags/example_branch_operator_decorator.py
[2023-06-29T23:53:43.473+0000] {logging_mixin.py:149} INFO - [2023-06-29T23:53:43.473+0000] {dag.py:2726} INFO - Sync 1 DAGs
[2023-06-29T23:53:43.558+0000] {logging_mixin.py:149} INFO - [2023-06-29T23:53:43.558+0000] {dag.py:3490} INFO - Setting next_dagrun for example_branch_python_operator_decorator to 2023-06-28T00:00:00+00:00, run_after=2023-06-29T00:00:00+00:00
[2023-06-29T23:53:43.601+0000] {processor.py:178} INFO - Processing /home/airflow/.local/lib/python3.7/site-packages/airflow/example_dags/example_branch_operator_decorator.py took 0.230 seconds
[2023-06-29T23:54:14.415+0000] {processor.py:156} INFO - Started process (PID=844) to work on /home/airflow/.local/lib/python3.7/site-packages/airflow/example_dags/example_branch_operator_decorator.py
[2023-06-29T23:54:14.416+0000] {processor.py:799} INFO - Processing file /home/airflow/.local/lib/python3.7/site-packages/airflow/example_dags/example_branch_operator_decorator.py for tasks to queue
[2023-06-29T23:54:14.417+0000] {logging_mixin.py:149} INFO - [2023-06-29T23:54:14.417+0000] {dagbag.py:541} INFO - Filling up the DagBag from /home/airflow/.local/lib/python3.7/site-packages/airflow/example_dags/example_branch_operator_decorator.py
[2023-06-29T23:54:14.432+0000] {processor.py:809} INFO - DAG(s) dict_keys(['example_branch_python_operator_decorator']) retrieved from /home/airflow/.local/lib/python3.7/site-packages/airflow/example_dags/example_branch_operator_decorator.py
[2023-06-29T23:54:14.479+0000] {logging_mixin.py:149} INFO - [2023-06-29T23:54:14.479+0000] {dag.py:2726} INFO - Sync 1 DAGs
[2023-06-29T23:54:14.516+0000] {logging_mixin.py:149} INFO - [2023-06-29T23:54:14.516+0000] {dag.py:3490} INFO - Setting next_dagrun for example_branch_python_operator_decorator to 2023-06-28T00:00:00+00:00, run_after=2023-06-29T00:00:00+00:00
[2023-06-29T23:54:14.567+0000] {processor.py:178} INFO - Processing /home/airflow/.local/lib/python3.7/site-packages/airflow/example_dags/example_branch_operator_decorator.py took 0.157 seconds
[2023-06-29T23:54:44.655+0000] {processor.py:156} INFO - Started process (PID=901) to work on /home/airflow/.local/lib/python3.7/site-packages/airflow/example_dags/example_branch_operator_decorator.py
[2023-06-29T23:54:44.656+0000] {processor.py:799} INFO - Processing file /home/airflow/.local/lib/python3.7/site-packages/airflow/example_dags/example_branch_operator_decorator.py for tasks to queue
[2023-06-29T23:54:44.657+0000] {logging_mixin.py:149} INFO - [2023-06-29T23:54:44.657+0000] {dagbag.py:541} INFO - Filling up the DagBag from /home/airflow/.local/lib/python3.7/site-packages/airflow/example_dags/example_branch_operator_decorator.py
[2023-06-29T23:54:44.671+0000] {processor.py:809} INFO - DAG(s) dict_keys(['example_branch_python_operator_decorator']) retrieved from /home/airflow/.local/lib/python3.7/site-packages/airflow/example_dags/example_branch_operator_decorator.py
[2023-06-29T23:54:44.707+0000] {logging_mixin.py:149} INFO - [2023-06-29T23:54:44.707+0000] {dag.py:2726} INFO - Sync 1 DAGs
[2023-06-29T23:54:44.743+0000] {logging_mixin.py:149} INFO - [2023-06-29T23:54:44.743+0000] {dag.py:3490} INFO - Setting next_dagrun for example_branch_python_operator_decorator to 2023-06-28T00:00:00+00:00, run_after=2023-06-29T00:00:00+00:00
[2023-06-29T23:54:44.768+0000] {processor.py:178} INFO - Processing /home/airflow/.local/lib/python3.7/site-packages/airflow/example_dags/example_branch_operator_decorator.py took 0.120 seconds
[2023-06-29T23:55:15.109+0000] {processor.py:156} INFO - Started process (PID=957) to work on /home/airflow/.local/lib/python3.7/site-packages/airflow/example_dags/example_branch_operator_decorator.py
[2023-06-29T23:55:15.110+0000] {processor.py:799} INFO - Processing file /home/airflow/.local/lib/python3.7/site-packages/airflow/example_dags/example_branch_operator_decorator.py for tasks to queue
[2023-06-29T23:55:15.111+0000] {logging_mixin.py:149} INFO - [2023-06-29T23:55:15.111+0000] {dagbag.py:541} INFO - Filling up the DagBag from /home/airflow/.local/lib/python3.7/site-packages/airflow/example_dags/example_branch_operator_decorator.py
[2023-06-29T23:55:15.135+0000] {processor.py:809} INFO - DAG(s) dict_keys(['example_branch_python_operator_decorator']) retrieved from /home/airflow/.local/lib/python3.7/site-packages/airflow/example_dags/example_branch_operator_decorator.py
[2023-06-29T23:55:15.210+0000] {logging_mixin.py:149} INFO - [2023-06-29T23:55:15.209+0000] {dag.py:2726} INFO - Sync 1 DAGs
[2023-06-29T23:55:15.277+0000] {logging_mixin.py:149} INFO - [2023-06-29T23:55:15.277+0000] {dag.py:3490} INFO - Setting next_dagrun for example_branch_python_operator_decorator to 2023-06-28T00:00:00+00:00, run_after=2023-06-29T00:00:00+00:00
[2023-06-29T23:55:15.311+0000] {processor.py:178} INFO - Processing /home/airflow/.local/lib/python3.7/site-packages/airflow/example_dags/example_branch_operator_decorator.py took 0.207 seconds
[2023-06-29T23:55:45.662+0000] {processor.py:156} INFO - Started process (PID=1013) to work on /home/airflow/.local/lib/python3.7/site-packages/airflow/example_dags/example_branch_operator_decorator.py
[2023-06-29T23:55:45.674+0000] {processor.py:799} INFO - Processing file /home/airflow/.local/lib/python3.7/site-packages/airflow/example_dags/example_branch_operator_decorator.py for tasks to queue
[2023-06-29T23:55:45.676+0000] {logging_mixin.py:149} INFO - [2023-06-29T23:55:45.675+0000] {dagbag.py:541} INFO - Filling up the DagBag from /home/airflow/.local/lib/python3.7/site-packages/airflow/example_dags/example_branch_operator_decorator.py
[2023-06-29T23:55:45.702+0000] {processor.py:809} INFO - DAG(s) dict_keys(['example_branch_python_operator_decorator']) retrieved from /home/airflow/.local/lib/python3.7/site-packages/airflow/example_dags/example_branch_operator_decorator.py
[2023-06-29T23:55:45.748+0000] {logging_mixin.py:149} INFO - [2023-06-29T23:55:45.748+0000] {dag.py:2726} INFO - Sync 1 DAGs
[2023-06-29T23:55:45.789+0000] {logging_mixin.py:149} INFO - [2023-06-29T23:55:45.789+0000] {dag.py:3490} INFO - Setting next_dagrun for example_branch_python_operator_decorator to 2023-06-28T00:00:00+00:00, run_after=2023-06-29T00:00:00+00:00
[2023-06-29T23:55:45.840+0000] {processor.py:178} INFO - Processing /home/airflow/.local/lib/python3.7/site-packages/airflow/example_dags/example_branch_operator_decorator.py took 0.184 seconds
[2023-06-29T23:56:16.434+0000] {processor.py:156} INFO - Started process (PID=1069) to work on /home/airflow/.local/lib/python3.7/site-packages/airflow/example_dags/example_branch_operator_decorator.py
[2023-06-29T23:56:16.447+0000] {processor.py:799} INFO - Processing file /home/airflow/.local/lib/python3.7/site-packages/airflow/example_dags/example_branch_operator_decorator.py for tasks to queue
[2023-06-29T23:56:16.448+0000] {logging_mixin.py:149} INFO - [2023-06-29T23:56:16.448+0000] {dagbag.py:541} INFO - Filling up the DagBag from /home/airflow/.local/lib/python3.7/site-packages/airflow/example_dags/example_branch_operator_decorator.py
[2023-06-29T23:56:16.462+0000] {processor.py:809} INFO - DAG(s) dict_keys(['example_branch_python_operator_decorator']) retrieved from /home/airflow/.local/lib/python3.7/site-packages/airflow/example_dags/example_branch_operator_decorator.py
[2023-06-29T23:56:16.501+0000] {logging_mixin.py:149} INFO - [2023-06-29T23:56:16.501+0000] {dag.py:2726} INFO - Sync 1 DAGs
[2023-06-29T23:56:16.543+0000] {logging_mixin.py:149} INFO - [2023-06-29T23:56:16.543+0000] {dag.py:3490} INFO - Setting next_dagrun for example_branch_python_operator_decorator to 2023-06-28T00:00:00+00:00, run_after=2023-06-29T00:00:00+00:00
[2023-06-29T23:56:16.583+0000] {processor.py:178} INFO - Processing /home/airflow/.local/lib/python3.7/site-packages/airflow/example_dags/example_branch_operator_decorator.py took 0.154 seconds
[2023-06-29T23:56:47.002+0000] {processor.py:156} INFO - Started process (PID=1126) to work on /home/airflow/.local/lib/python3.7/site-packages/airflow/example_dags/example_branch_operator_decorator.py
[2023-06-29T23:56:47.003+0000] {processor.py:799} INFO - Processing file /home/airflow/.local/lib/python3.7/site-packages/airflow/example_dags/example_branch_operator_decorator.py for tasks to queue
[2023-06-29T23:56:47.004+0000] {logging_mixin.py:149} INFO - [2023-06-29T23:56:47.004+0000] {dagbag.py:541} INFO - Filling up the DagBag from /home/airflow/.local/lib/python3.7/site-packages/airflow/example_dags/example_branch_operator_decorator.py
[2023-06-29T23:56:47.021+0000] {processor.py:809} INFO - DAG(s) dict_keys(['example_branch_python_operator_decorator']) retrieved from /home/airflow/.local/lib/python3.7/site-packages/airflow/example_dags/example_branch_operator_decorator.py
[2023-06-29T23:56:47.127+0000] {logging_mixin.py:149} INFO - [2023-06-29T23:56:47.127+0000] {dag.py:2726} INFO - Sync 1 DAGs
[2023-06-29T23:56:47.238+0000] {logging_mixin.py:149} INFO - [2023-06-29T23:56:47.238+0000] {dag.py:3490} INFO - Setting next_dagrun for example_branch_python_operator_decorator to 2023-06-28T00:00:00+00:00, run_after=2023-06-29T00:00:00+00:00
[2023-06-29T23:56:47.279+0000] {processor.py:178} INFO - Processing /home/airflow/.local/lib/python3.7/site-packages/airflow/example_dags/example_branch_operator_decorator.py took 0.281 seconds
[2023-06-29T23:57:17.556+0000] {processor.py:156} INFO - Started process (PID=1191) to work on /home/airflow/.local/lib/python3.7/site-packages/airflow/example_dags/example_branch_operator_decorator.py
[2023-06-29T23:57:17.558+0000] {processor.py:799} INFO - Processing file /home/airflow/.local/lib/python3.7/site-packages/airflow/example_dags/example_branch_operator_decorator.py for tasks to queue
[2023-06-29T23:57:17.559+0000] {logging_mixin.py:149} INFO - [2023-06-29T23:57:17.559+0000] {dagbag.py:541} INFO - Filling up the DagBag from /home/airflow/.local/lib/python3.7/site-packages/airflow/example_dags/example_branch_operator_decorator.py
[2023-06-29T23:57:17.574+0000] {processor.py:809} INFO - DAG(s) dict_keys(['example_branch_python_operator_decorator']) retrieved from /home/airflow/.local/lib/python3.7/site-packages/airflow/example_dags/example_branch_operator_decorator.py
[2023-06-29T23:57:17.611+0000] {logging_mixin.py:149} INFO - [2023-06-29T23:57:17.611+0000] {dag.py:2726} INFO - Sync 1 DAGs
[2023-06-29T23:57:17.649+0000] {logging_mixin.py:149} INFO - [2023-06-29T23:57:17.649+0000] {dag.py:3490} INFO - Setting next_dagrun for example_branch_python_operator_decorator to 2023-06-28T00:00:00+00:00, run_after=2023-06-29T00:00:00+00:00
[2023-06-29T23:57:17.673+0000] {processor.py:178} INFO - Processing /home/airflow/.local/lib/python3.7/site-packages/airflow/example_dags/example_branch_operator_decorator.py took 0.134 seconds
[2023-06-29T23:57:48.203+0000] {processor.py:156} INFO - Started process (PID=1247) to work on /home/airflow/.local/lib/python3.7/site-packages/airflow/example_dags/example_branch_operator_decorator.py
[2023-06-29T23:57:48.205+0000] {processor.py:799} INFO - Processing file /home/airflow/.local/lib/python3.7/site-packages/airflow/example_dags/example_branch_operator_decorator.py for tasks to queue
[2023-06-29T23:57:48.206+0000] {logging_mixin.py:149} INFO - [2023-06-29T23:57:48.206+0000] {dagbag.py:541} INFO - Filling up the DagBag from /home/airflow/.local/lib/python3.7/site-packages/airflow/example_dags/example_branch_operator_decorator.py
[2023-06-29T23:57:48.219+0000] {processor.py:809} INFO - DAG(s) dict_keys(['example_branch_python_operator_decorator']) retrieved from /home/airflow/.local/lib/python3.7/site-packages/airflow/example_dags/example_branch_operator_decorator.py
[2023-06-29T23:57:48.267+0000] {logging_mixin.py:149} INFO - [2023-06-29T23:57:48.267+0000] {dag.py:2726} INFO - Sync 1 DAGs
[2023-06-29T23:57:48.304+0000] {logging_mixin.py:149} INFO - [2023-06-29T23:57:48.304+0000] {dag.py:3490} INFO - Setting next_dagrun for example_branch_python_operator_decorator to 2023-06-28T00:00:00+00:00, run_after=2023-06-29T00:00:00+00:00
[2023-06-29T23:57:48.328+0000] {processor.py:178} INFO - Processing /home/airflow/.local/lib/python3.7/site-packages/airflow/example_dags/example_branch_operator_decorator.py took 0.128 seconds
[2023-06-29T23:58:18.774+0000] {processor.py:156} INFO - Started process (PID=1304) to work on /home/airflow/.local/lib/python3.7/site-packages/airflow/example_dags/example_branch_operator_decorator.py
[2023-06-29T23:58:18.776+0000] {processor.py:799} INFO - Processing file /home/airflow/.local/lib/python3.7/site-packages/airflow/example_dags/example_branch_operator_decorator.py for tasks to queue
[2023-06-29T23:58:18.777+0000] {logging_mixin.py:149} INFO - [2023-06-29T23:58:18.776+0000] {dagbag.py:541} INFO - Filling up the DagBag from /home/airflow/.local/lib/python3.7/site-packages/airflow/example_dags/example_branch_operator_decorator.py
[2023-06-29T23:58:18.792+0000] {processor.py:809} INFO - DAG(s) dict_keys(['example_branch_python_operator_decorator']) retrieved from /home/airflow/.local/lib/python3.7/site-packages/airflow/example_dags/example_branch_operator_decorator.py
[2023-06-29T23:58:18.833+0000] {logging_mixin.py:149} INFO - [2023-06-29T23:58:18.833+0000] {dag.py:2726} INFO - Sync 1 DAGs
[2023-06-29T23:58:18.870+0000] {logging_mixin.py:149} INFO - [2023-06-29T23:58:18.870+0000] {dag.py:3490} INFO - Setting next_dagrun for example_branch_python_operator_decorator to 2023-06-28T00:00:00+00:00, run_after=2023-06-29T00:00:00+00:00
[2023-06-29T23:58:18.895+0000] {processor.py:178} INFO - Processing /home/airflow/.local/lib/python3.7/site-packages/airflow/example_dags/example_branch_operator_decorator.py took 0.126 seconds
[2023-06-29T23:58:49.236+0000] {processor.py:156} INFO - Started process (PID=1362) to work on /home/airflow/.local/lib/python3.7/site-packages/airflow/example_dags/example_branch_operator_decorator.py
[2023-06-29T23:58:49.237+0000] {processor.py:799} INFO - Processing file /home/airflow/.local/lib/python3.7/site-packages/airflow/example_dags/example_branch_operator_decorator.py for tasks to queue
[2023-06-29T23:58:49.238+0000] {logging_mixin.py:149} INFO - [2023-06-29T23:58:49.238+0000] {dagbag.py:541} INFO - Filling up the DagBag from /home/airflow/.local/lib/python3.7/site-packages/airflow/example_dags/example_branch_operator_decorator.py
[2023-06-29T23:58:49.254+0000] {processor.py:809} INFO - DAG(s) dict_keys(['example_branch_python_operator_decorator']) retrieved from /home/airflow/.local/lib/python3.7/site-packages/airflow/example_dags/example_branch_operator_decorator.py
[2023-06-29T23:58:49.292+0000] {logging_mixin.py:149} INFO - [2023-06-29T23:58:49.292+0000] {dag.py:2726} INFO - Sync 1 DAGs
[2023-06-29T23:58:49.327+0000] {logging_mixin.py:149} INFO - [2023-06-29T23:58:49.327+0000] {dag.py:3490} INFO - Setting next_dagrun for example_branch_python_operator_decorator to 2023-06-28T00:00:00+00:00, run_after=2023-06-29T00:00:00+00:00
[2023-06-29T23:58:49.353+0000] {processor.py:178} INFO - Processing /home/airflow/.local/lib/python3.7/site-packages/airflow/example_dags/example_branch_operator_decorator.py took 0.121 seconds
[2023-06-29T23:59:19.645+0000] {processor.py:156} INFO - Started process (PID=1420) to work on /home/airflow/.local/lib/python3.7/site-packages/airflow/example_dags/example_branch_operator_decorator.py
[2023-06-29T23:59:19.647+0000] {processor.py:799} INFO - Processing file /home/airflow/.local/lib/python3.7/site-packages/airflow/example_dags/example_branch_operator_decorator.py for tasks to queue
[2023-06-29T23:59:19.648+0000] {logging_mixin.py:149} INFO - [2023-06-29T23:59:19.648+0000] {dagbag.py:541} INFO - Filling up the DagBag from /home/airflow/.local/lib/python3.7/site-packages/airflow/example_dags/example_branch_operator_decorator.py
[2023-06-29T23:59:19.662+0000] {processor.py:809} INFO - DAG(s) dict_keys(['example_branch_python_operator_decorator']) retrieved from /home/airflow/.local/lib/python3.7/site-packages/airflow/example_dags/example_branch_operator_decorator.py
[2023-06-29T23:59:19.699+0000] {logging_mixin.py:149} INFO - [2023-06-29T23:59:19.699+0000] {dag.py:2726} INFO - Sync 1 DAGs
[2023-06-29T23:59:19.734+0000] {logging_mixin.py:149} INFO - [2023-06-29T23:59:19.734+0000] {dag.py:3490} INFO - Setting next_dagrun for example_branch_python_operator_decorator to 2023-06-28T00:00:00+00:00, run_after=2023-06-29T00:00:00+00:00
[2023-06-29T23:59:19.758+0000] {processor.py:178} INFO - Processing /home/airflow/.local/lib/python3.7/site-packages/airflow/example_dags/example_branch_operator_decorator.py took 0.117 seconds
[2023-06-29T23:59:49.850+0000] {processor.py:156} INFO - Started process (PID=1476) to work on /home/airflow/.local/lib/python3.7/site-packages/airflow/example_dags/example_branch_operator_decorator.py
[2023-06-29T23:59:49.851+0000] {processor.py:799} INFO - Processing file /home/airflow/.local/lib/python3.7/site-packages/airflow/example_dags/example_branch_operator_decorator.py for tasks to queue
[2023-06-29T23:59:49.852+0000] {logging_mixin.py:149} INFO - [2023-06-29T23:59:49.852+0000] {dagbag.py:541} INFO - Filling up the DagBag from /home/airflow/.local/lib/python3.7/site-packages/airflow/example_dags/example_branch_operator_decorator.py
[2023-06-29T23:59:49.867+0000] {processor.py:809} INFO - DAG(s) dict_keys(['example_branch_python_operator_decorator']) retrieved from /home/airflow/.local/lib/python3.7/site-packages/airflow/example_dags/example_branch_operator_decorator.py
[2023-06-29T23:59:49.907+0000] {logging_mixin.py:149} INFO - [2023-06-29T23:59:49.906+0000] {dag.py:2726} INFO - Sync 1 DAGs
[2023-06-29T23:59:49.945+0000] {logging_mixin.py:149} INFO - [2023-06-29T23:59:49.945+0000] {dag.py:3490} INFO - Setting next_dagrun for example_branch_python_operator_decorator to 2023-06-28T00:00:00+00:00, run_after=2023-06-29T00:00:00+00:00
[2023-06-29T23:59:49.968+0000] {processor.py:178} INFO - Processing /home/airflow/.local/lib/python3.7/site-packages/airflow/example_dags/example_branch_operator_decorator.py took 0.122 seconds
