[2023-06-29T23:47:03.733+0000] {processor.py:156} INFO - Started process (PID=41) to work on /home/airflow/.local/lib/python3.7/site-packages/airflow/example_dags/example_python_operator.py
[2023-06-29T23:47:03.736+0000] {processor.py:799} INFO - Processing file /home/airflow/.local/lib/python3.7/site-packages/airflow/example_dags/example_python_operator.py for tasks to queue
[2023-06-29T23:47:03.740+0000] {logging_mixin.py:149} INFO - [2023-06-29T23:47:03.739+0000] {dagbag.py:541} INFO - Filling up the DagBag from /home/airflow/.local/lib/python3.7/site-packages/airflow/example_dags/example_python_operator.py
[2023-06-29T23:47:03.753+0000] {logging_mixin.py:149} INFO - [2023-06-29T23:47:03.753+0000] {taskmixin.py:211} WARNING - Dependency <Task(_PythonDecoratedOperator): print_the_context>, log_sql_query already registered for DAG: example_python_operator
[2023-06-29T23:47:03.754+0000] {logging_mixin.py:149} INFO - [2023-06-29T23:47:03.754+0000] {taskmixin.py:211} WARNING - Dependency <Task(_PythonDecoratedOperator): log_sql_query>, print_the_context already registered for DAG: example_python_operator
[2023-06-29T23:47:03.755+0000] {logging_mixin.py:149} INFO - [2023-06-29T23:47:03.754+0000] {taskmixin.py:211} WARNING - Dependency <Task(_PythonDecoratedOperator): print_the_context>, log_sql_query already registered for DAG: example_python_operator
[2023-06-29T23:47:03.755+0000] {logging_mixin.py:149} INFO - [2023-06-29T23:47:03.755+0000] {taskmixin.py:211} WARNING - Dependency <Task(_PythonDecoratedOperator): log_sql_query>, print_the_context already registered for DAG: example_python_operator
[2023-06-29T23:47:03.756+0000] {logging_mixin.py:149} INFO - [2023-06-29T23:47:03.756+0000] {taskmixin.py:211} WARNING - Dependency <Task(_PythonDecoratedOperator): print_the_context>, log_sql_query already registered for DAG: example_python_operator
[2023-06-29T23:47:03.756+0000] {logging_mixin.py:149} INFO - [2023-06-29T23:47:03.756+0000] {taskmixin.py:211} WARNING - Dependency <Task(_PythonDecoratedOperator): log_sql_query>, print_the_context already registered for DAG: example_python_operator
[2023-06-29T23:47:03.757+0000] {logging_mixin.py:149} INFO - [2023-06-29T23:47:03.757+0000] {taskmixin.py:211} WARNING - Dependency <Task(_PythonDecoratedOperator): print_the_context>, log_sql_query already registered for DAG: example_python_operator
[2023-06-29T23:47:03.757+0000] {logging_mixin.py:149} INFO - [2023-06-29T23:47:03.757+0000] {taskmixin.py:211} WARNING - Dependency <Task(_PythonDecoratedOperator): log_sql_query>, print_the_context already registered for DAG: example_python_operator
[2023-06-29T23:47:03.761+0000] {processor.py:809} INFO - DAG(s) dict_keys(['example_python_operator']) retrieved from /home/airflow/.local/lib/python3.7/site-packages/airflow/example_dags/example_python_operator.py
[2023-06-29T23:47:04.101+0000] {logging_mixin.py:149} INFO - [2023-06-29T23:47:04.100+0000] {dag.py:2726} INFO - Sync 1 DAGs
[2023-06-29T23:47:04.156+0000] {logging_mixin.py:149} INFO - [2023-06-29T23:47:04.156+0000] {dag.py:3490} INFO - Setting next_dagrun for example_python_operator to None, run_after=None
[2023-06-29T23:47:04.285+0000] {processor.py:178} INFO - Processing /home/airflow/.local/lib/python3.7/site-packages/airflow/example_dags/example_python_operator.py took 0.584 seconds
[2023-06-29T23:47:35.151+0000] {processor.py:156} INFO - Started process (PID=98) to work on /home/airflow/.local/lib/python3.7/site-packages/airflow/example_dags/example_python_operator.py
[2023-06-29T23:47:35.153+0000] {processor.py:799} INFO - Processing file /home/airflow/.local/lib/python3.7/site-packages/airflow/example_dags/example_python_operator.py for tasks to queue
[2023-06-29T23:47:35.154+0000] {logging_mixin.py:149} INFO - [2023-06-29T23:47:35.153+0000] {dagbag.py:541} INFO - Filling up the DagBag from /home/airflow/.local/lib/python3.7/site-packages/airflow/example_dags/example_python_operator.py
[2023-06-29T23:47:35.162+0000] {logging_mixin.py:149} INFO - [2023-06-29T23:47:35.162+0000] {taskmixin.py:211} WARNING - Dependency <Task(_PythonDecoratedOperator): print_the_context>, log_sql_query already registered for DAG: example_python_operator
[2023-06-29T23:47:35.162+0000] {logging_mixin.py:149} INFO - [2023-06-29T23:47:35.162+0000] {taskmixin.py:211} WARNING - Dependency <Task(_PythonDecoratedOperator): log_sql_query>, print_the_context already registered for DAG: example_python_operator
[2023-06-29T23:47:35.163+0000] {logging_mixin.py:149} INFO - [2023-06-29T23:47:35.163+0000] {taskmixin.py:211} WARNING - Dependency <Task(_PythonDecoratedOperator): print_the_context>, log_sql_query already registered for DAG: example_python_operator
[2023-06-29T23:47:35.164+0000] {logging_mixin.py:149} INFO - [2023-06-29T23:47:35.163+0000] {taskmixin.py:211} WARNING - Dependency <Task(_PythonDecoratedOperator): log_sql_query>, print_the_context already registered for DAG: example_python_operator
[2023-06-29T23:47:35.164+0000] {logging_mixin.py:149} INFO - [2023-06-29T23:47:35.164+0000] {taskmixin.py:211} WARNING - Dependency <Task(_PythonDecoratedOperator): print_the_context>, log_sql_query already registered for DAG: example_python_operator
[2023-06-29T23:47:35.165+0000] {logging_mixin.py:149} INFO - [2023-06-29T23:47:35.165+0000] {taskmixin.py:211} WARNING - Dependency <Task(_PythonDecoratedOperator): log_sql_query>, print_the_context already registered for DAG: example_python_operator
[2023-06-29T23:47:35.165+0000] {logging_mixin.py:149} INFO - [2023-06-29T23:47:35.165+0000] {taskmixin.py:211} WARNING - Dependency <Task(_PythonDecoratedOperator): print_the_context>, log_sql_query already registered for DAG: example_python_operator
[2023-06-29T23:47:35.166+0000] {logging_mixin.py:149} INFO - [2023-06-29T23:47:35.166+0000] {taskmixin.py:211} WARNING - Dependency <Task(_PythonDecoratedOperator): log_sql_query>, print_the_context already registered for DAG: example_python_operator
[2023-06-29T23:47:35.169+0000] {processor.py:809} INFO - DAG(s) dict_keys(['example_python_operator']) retrieved from /home/airflow/.local/lib/python3.7/site-packages/airflow/example_dags/example_python_operator.py
[2023-06-29T23:47:35.208+0000] {logging_mixin.py:149} INFO - [2023-06-29T23:47:35.207+0000] {dag.py:2726} INFO - Sync 1 DAGs
[2023-06-29T23:47:35.239+0000] {logging_mixin.py:149} INFO - [2023-06-29T23:47:35.239+0000] {dag.py:3490} INFO - Setting next_dagrun for example_python_operator to None, run_after=None
[2023-06-29T23:47:35.277+0000] {processor.py:178} INFO - Processing /home/airflow/.local/lib/python3.7/site-packages/airflow/example_dags/example_python_operator.py took 0.130 seconds
[2023-06-29T23:48:05.496+0000] {processor.py:156} INFO - Started process (PID=155) to work on /home/airflow/.local/lib/python3.7/site-packages/airflow/example_dags/example_python_operator.py
[2023-06-29T23:48:05.498+0000] {processor.py:799} INFO - Processing file /home/airflow/.local/lib/python3.7/site-packages/airflow/example_dags/example_python_operator.py for tasks to queue
[2023-06-29T23:48:05.498+0000] {logging_mixin.py:149} INFO - [2023-06-29T23:48:05.498+0000] {dagbag.py:541} INFO - Filling up the DagBag from /home/airflow/.local/lib/python3.7/site-packages/airflow/example_dags/example_python_operator.py
[2023-06-29T23:48:05.524+0000] {logging_mixin.py:149} INFO - [2023-06-29T23:48:05.524+0000] {taskmixin.py:211} WARNING - Dependency <Task(_PythonDecoratedOperator): print_the_context>, log_sql_query already registered for DAG: example_python_operator
[2023-06-29T23:48:05.524+0000] {logging_mixin.py:149} INFO - [2023-06-29T23:48:05.524+0000] {taskmixin.py:211} WARNING - Dependency <Task(_PythonDecoratedOperator): log_sql_query>, print_the_context already registered for DAG: example_python_operator
[2023-06-29T23:48:05.525+0000] {logging_mixin.py:149} INFO - [2023-06-29T23:48:05.525+0000] {taskmixin.py:211} WARNING - Dependency <Task(_PythonDecoratedOperator): print_the_context>, log_sql_query already registered for DAG: example_python_operator
[2023-06-29T23:48:05.525+0000] {logging_mixin.py:149} INFO - [2023-06-29T23:48:05.525+0000] {taskmixin.py:211} WARNING - Dependency <Task(_PythonDecoratedOperator): log_sql_query>, print_the_context already registered for DAG: example_python_operator
[2023-06-29T23:48:05.526+0000] {logging_mixin.py:149} INFO - [2023-06-29T23:48:05.526+0000] {taskmixin.py:211} WARNING - Dependency <Task(_PythonDecoratedOperator): print_the_context>, log_sql_query already registered for DAG: example_python_operator
[2023-06-29T23:48:05.527+0000] {logging_mixin.py:149} INFO - [2023-06-29T23:48:05.526+0000] {taskmixin.py:211} WARNING - Dependency <Task(_PythonDecoratedOperator): log_sql_query>, print_the_context already registered for DAG: example_python_operator
[2023-06-29T23:48:05.527+0000] {logging_mixin.py:149} INFO - [2023-06-29T23:48:05.527+0000] {taskmixin.py:211} WARNING - Dependency <Task(_PythonDecoratedOperator): print_the_context>, log_sql_query already registered for DAG: example_python_operator
[2023-06-29T23:48:05.528+0000] {logging_mixin.py:149} INFO - [2023-06-29T23:48:05.528+0000] {taskmixin.py:211} WARNING - Dependency <Task(_PythonDecoratedOperator): log_sql_query>, print_the_context already registered for DAG: example_python_operator
[2023-06-29T23:48:05.531+0000] {processor.py:809} INFO - DAG(s) dict_keys(['example_python_operator']) retrieved from /home/airflow/.local/lib/python3.7/site-packages/airflow/example_dags/example_python_operator.py
[2023-06-29T23:48:05.600+0000] {logging_mixin.py:149} INFO - [2023-06-29T23:48:05.600+0000] {dag.py:2726} INFO - Sync 1 DAGs
[2023-06-29T23:48:05.633+0000] {logging_mixin.py:149} INFO - [2023-06-29T23:48:05.633+0000] {dag.py:3490} INFO - Setting next_dagrun for example_python_operator to None, run_after=None
[2023-06-29T23:48:05.659+0000] {processor.py:178} INFO - Processing /home/airflow/.local/lib/python3.7/site-packages/airflow/example_dags/example_python_operator.py took 0.167 seconds
[2023-06-29T23:48:35.891+0000] {processor.py:156} INFO - Started process (PID=212) to work on /home/airflow/.local/lib/python3.7/site-packages/airflow/example_dags/example_python_operator.py
[2023-06-29T23:48:35.892+0000] {processor.py:799} INFO - Processing file /home/airflow/.local/lib/python3.7/site-packages/airflow/example_dags/example_python_operator.py for tasks to queue
[2023-06-29T23:48:35.893+0000] {logging_mixin.py:149} INFO - [2023-06-29T23:48:35.893+0000] {dagbag.py:541} INFO - Filling up the DagBag from /home/airflow/.local/lib/python3.7/site-packages/airflow/example_dags/example_python_operator.py
[2023-06-29T23:48:35.902+0000] {logging_mixin.py:149} INFO - [2023-06-29T23:48:35.902+0000] {taskmixin.py:211} WARNING - Dependency <Task(_PythonDecoratedOperator): print_the_context>, log_sql_query already registered for DAG: example_python_operator
[2023-06-29T23:48:35.902+0000] {logging_mixin.py:149} INFO - [2023-06-29T23:48:35.902+0000] {taskmixin.py:211} WARNING - Dependency <Task(_PythonDecoratedOperator): log_sql_query>, print_the_context already registered for DAG: example_python_operator
[2023-06-29T23:48:35.903+0000] {logging_mixin.py:149} INFO - [2023-06-29T23:48:35.903+0000] {taskmixin.py:211} WARNING - Dependency <Task(_PythonDecoratedOperator): print_the_context>, log_sql_query already registered for DAG: example_python_operator
[2023-06-29T23:48:35.903+0000] {logging_mixin.py:149} INFO - [2023-06-29T23:48:35.903+0000] {taskmixin.py:211} WARNING - Dependency <Task(_PythonDecoratedOperator): log_sql_query>, print_the_context already registered for DAG: example_python_operator
[2023-06-29T23:48:35.904+0000] {logging_mixin.py:149} INFO - [2023-06-29T23:48:35.904+0000] {taskmixin.py:211} WARNING - Dependency <Task(_PythonDecoratedOperator): print_the_context>, log_sql_query already registered for DAG: example_python_operator
[2023-06-29T23:48:35.905+0000] {logging_mixin.py:149} INFO - [2023-06-29T23:48:35.904+0000] {taskmixin.py:211} WARNING - Dependency <Task(_PythonDecoratedOperator): log_sql_query>, print_the_context already registered for DAG: example_python_operator
[2023-06-29T23:48:35.905+0000] {logging_mixin.py:149} INFO - [2023-06-29T23:48:35.905+0000] {taskmixin.py:211} WARNING - Dependency <Task(_PythonDecoratedOperator): print_the_context>, log_sql_query already registered for DAG: example_python_operator
[2023-06-29T23:48:35.906+0000] {logging_mixin.py:149} INFO - [2023-06-29T23:48:35.906+0000] {taskmixin.py:211} WARNING - Dependency <Task(_PythonDecoratedOperator): log_sql_query>, print_the_context already registered for DAG: example_python_operator
[2023-06-29T23:48:35.909+0000] {processor.py:809} INFO - DAG(s) dict_keys(['example_python_operator']) retrieved from /home/airflow/.local/lib/python3.7/site-packages/airflow/example_dags/example_python_operator.py
[2023-06-29T23:48:35.948+0000] {logging_mixin.py:149} INFO - [2023-06-29T23:48:35.948+0000] {dag.py:2726} INFO - Sync 1 DAGs
[2023-06-29T23:48:35.980+0000] {logging_mixin.py:149} INFO - [2023-06-29T23:48:35.980+0000] {dag.py:3490} INFO - Setting next_dagrun for example_python_operator to None, run_after=None
[2023-06-29T23:48:36.003+0000] {processor.py:178} INFO - Processing /home/airflow/.local/lib/python3.7/site-packages/airflow/example_dags/example_python_operator.py took 0.115 seconds
[2023-06-29T23:49:06.139+0000] {processor.py:156} INFO - Started process (PID=269) to work on /home/airflow/.local/lib/python3.7/site-packages/airflow/example_dags/example_python_operator.py
[2023-06-29T23:49:06.141+0000] {processor.py:799} INFO - Processing file /home/airflow/.local/lib/python3.7/site-packages/airflow/example_dags/example_python_operator.py for tasks to queue
[2023-06-29T23:49:06.141+0000] {logging_mixin.py:149} INFO - [2023-06-29T23:49:06.141+0000] {dagbag.py:541} INFO - Filling up the DagBag from /home/airflow/.local/lib/python3.7/site-packages/airflow/example_dags/example_python_operator.py
[2023-06-29T23:49:06.150+0000] {logging_mixin.py:149} INFO - [2023-06-29T23:49:06.150+0000] {taskmixin.py:211} WARNING - Dependency <Task(_PythonDecoratedOperator): print_the_context>, log_sql_query already registered for DAG: example_python_operator
[2023-06-29T23:49:06.150+0000] {logging_mixin.py:149} INFO - [2023-06-29T23:49:06.150+0000] {taskmixin.py:211} WARNING - Dependency <Task(_PythonDecoratedOperator): log_sql_query>, print_the_context already registered for DAG: example_python_operator
[2023-06-29T23:49:06.151+0000] {logging_mixin.py:149} INFO - [2023-06-29T23:49:06.151+0000] {taskmixin.py:211} WARNING - Dependency <Task(_PythonDecoratedOperator): print_the_context>, log_sql_query already registered for DAG: example_python_operator
[2023-06-29T23:49:06.151+0000] {logging_mixin.py:149} INFO - [2023-06-29T23:49:06.151+0000] {taskmixin.py:211} WARNING - Dependency <Task(_PythonDecoratedOperator): log_sql_query>, print_the_context already registered for DAG: example_python_operator
[2023-06-29T23:49:06.152+0000] {logging_mixin.py:149} INFO - [2023-06-29T23:49:06.152+0000] {taskmixin.py:211} WARNING - Dependency <Task(_PythonDecoratedOperator): print_the_context>, log_sql_query already registered for DAG: example_python_operator
[2023-06-29T23:49:06.152+0000] {logging_mixin.py:149} INFO - [2023-06-29T23:49:06.152+0000] {taskmixin.py:211} WARNING - Dependency <Task(_PythonDecoratedOperator): log_sql_query>, print_the_context already registered for DAG: example_python_operator
[2023-06-29T23:49:06.153+0000] {logging_mixin.py:149} INFO - [2023-06-29T23:49:06.153+0000] {taskmixin.py:211} WARNING - Dependency <Task(_PythonDecoratedOperator): print_the_context>, log_sql_query already registered for DAG: example_python_operator
[2023-06-29T23:49:06.154+0000] {logging_mixin.py:149} INFO - [2023-06-29T23:49:06.154+0000] {taskmixin.py:211} WARNING - Dependency <Task(_PythonDecoratedOperator): log_sql_query>, print_the_context already registered for DAG: example_python_operator
[2023-06-29T23:49:06.157+0000] {processor.py:809} INFO - DAG(s) dict_keys(['example_python_operator']) retrieved from /home/airflow/.local/lib/python3.7/site-packages/airflow/example_dags/example_python_operator.py
[2023-06-29T23:49:06.197+0000] {logging_mixin.py:149} INFO - [2023-06-29T23:49:06.197+0000] {dag.py:2726} INFO - Sync 1 DAGs
[2023-06-29T23:49:06.235+0000] {logging_mixin.py:149} INFO - [2023-06-29T23:49:06.235+0000] {dag.py:3490} INFO - Setting next_dagrun for example_python_operator to None, run_after=None
[2023-06-29T23:49:06.257+0000] {processor.py:178} INFO - Processing /home/airflow/.local/lib/python3.7/site-packages/airflow/example_dags/example_python_operator.py took 0.122 seconds
[2023-06-29T23:49:36.610+0000] {processor.py:156} INFO - Started process (PID=327) to work on /home/airflow/.local/lib/python3.7/site-packages/airflow/example_dags/example_python_operator.py
[2023-06-29T23:49:36.611+0000] {processor.py:799} INFO - Processing file /home/airflow/.local/lib/python3.7/site-packages/airflow/example_dags/example_python_operator.py for tasks to queue
[2023-06-29T23:49:36.612+0000] {logging_mixin.py:149} INFO - [2023-06-29T23:49:36.612+0000] {dagbag.py:541} INFO - Filling up the DagBag from /home/airflow/.local/lib/python3.7/site-packages/airflow/example_dags/example_python_operator.py
[2023-06-29T23:49:36.621+0000] {logging_mixin.py:149} INFO - [2023-06-29T23:49:36.621+0000] {taskmixin.py:211} WARNING - Dependency <Task(_PythonDecoratedOperator): print_the_context>, log_sql_query already registered for DAG: example_python_operator
[2023-06-29T23:49:36.621+0000] {logging_mixin.py:149} INFO - [2023-06-29T23:49:36.621+0000] {taskmixin.py:211} WARNING - Dependency <Task(_PythonDecoratedOperator): log_sql_query>, print_the_context already registered for DAG: example_python_operator
[2023-06-29T23:49:36.622+0000] {logging_mixin.py:149} INFO - [2023-06-29T23:49:36.622+0000] {taskmixin.py:211} WARNING - Dependency <Task(_PythonDecoratedOperator): print_the_context>, log_sql_query already registered for DAG: example_python_operator
[2023-06-29T23:49:36.622+0000] {logging_mixin.py:149} INFO - [2023-06-29T23:49:36.622+0000] {taskmixin.py:211} WARNING - Dependency <Task(_PythonDecoratedOperator): log_sql_query>, print_the_context already registered for DAG: example_python_operator
[2023-06-29T23:49:36.623+0000] {logging_mixin.py:149} INFO - [2023-06-29T23:49:36.623+0000] {taskmixin.py:211} WARNING - Dependency <Task(_PythonDecoratedOperator): print_the_context>, log_sql_query already registered for DAG: example_python_operator
[2023-06-29T23:49:36.624+0000] {logging_mixin.py:149} INFO - [2023-06-29T23:49:36.623+0000] {taskmixin.py:211} WARNING - Dependency <Task(_PythonDecoratedOperator): log_sql_query>, print_the_context already registered for DAG: example_python_operator
[2023-06-29T23:49:36.624+0000] {logging_mixin.py:149} INFO - [2023-06-29T23:49:36.624+0000] {taskmixin.py:211} WARNING - Dependency <Task(_PythonDecoratedOperator): print_the_context>, log_sql_query already registered for DAG: example_python_operator
[2023-06-29T23:49:36.625+0000] {logging_mixin.py:149} INFO - [2023-06-29T23:49:36.625+0000] {taskmixin.py:211} WARNING - Dependency <Task(_PythonDecoratedOperator): log_sql_query>, print_the_context already registered for DAG: example_python_operator
[2023-06-29T23:49:36.628+0000] {processor.py:809} INFO - DAG(s) dict_keys(['example_python_operator']) retrieved from /home/airflow/.local/lib/python3.7/site-packages/airflow/example_dags/example_python_operator.py
[2023-06-29T23:49:36.668+0000] {logging_mixin.py:149} INFO - [2023-06-29T23:49:36.668+0000] {dag.py:2726} INFO - Sync 1 DAGs
[2023-06-29T23:49:36.700+0000] {logging_mixin.py:149} INFO - [2023-06-29T23:49:36.699+0000] {dag.py:3490} INFO - Setting next_dagrun for example_python_operator to None, run_after=None
[2023-06-29T23:49:36.722+0000] {processor.py:178} INFO - Processing /home/airflow/.local/lib/python3.7/site-packages/airflow/example_dags/example_python_operator.py took 0.116 seconds
[2023-06-29T23:50:07.365+0000] {processor.py:156} INFO - Started process (PID=383) to work on /home/airflow/.local/lib/python3.7/site-packages/airflow/example_dags/example_python_operator.py
[2023-06-29T23:50:07.373+0000] {processor.py:799} INFO - Processing file /home/airflow/.local/lib/python3.7/site-packages/airflow/example_dags/example_python_operator.py for tasks to queue
[2023-06-29T23:50:07.374+0000] {logging_mixin.py:149} INFO - [2023-06-29T23:50:07.374+0000] {dagbag.py:541} INFO - Filling up the DagBag from /home/airflow/.local/lib/python3.7/site-packages/airflow/example_dags/example_python_operator.py
[2023-06-29T23:50:07.382+0000] {logging_mixin.py:149} INFO - [2023-06-29T23:50:07.382+0000] {taskmixin.py:211} WARNING - Dependency <Task(_PythonDecoratedOperator): print_the_context>, log_sql_query already registered for DAG: example_python_operator
[2023-06-29T23:50:07.382+0000] {logging_mixin.py:149} INFO - [2023-06-29T23:50:07.382+0000] {taskmixin.py:211} WARNING - Dependency <Task(_PythonDecoratedOperator): log_sql_query>, print_the_context already registered for DAG: example_python_operator
[2023-06-29T23:50:07.383+0000] {logging_mixin.py:149} INFO - [2023-06-29T23:50:07.383+0000] {taskmixin.py:211} WARNING - Dependency <Task(_PythonDecoratedOperator): print_the_context>, log_sql_query already registered for DAG: example_python_operator
[2023-06-29T23:50:07.384+0000] {logging_mixin.py:149} INFO - [2023-06-29T23:50:07.384+0000] {taskmixin.py:211} WARNING - Dependency <Task(_PythonDecoratedOperator): log_sql_query>, print_the_context already registered for DAG: example_python_operator
[2023-06-29T23:50:07.384+0000] {logging_mixin.py:149} INFO - [2023-06-29T23:50:07.384+0000] {taskmixin.py:211} WARNING - Dependency <Task(_PythonDecoratedOperator): print_the_context>, log_sql_query already registered for DAG: example_python_operator
[2023-06-29T23:50:07.385+0000] {logging_mixin.py:149} INFO - [2023-06-29T23:50:07.385+0000] {taskmixin.py:211} WARNING - Dependency <Task(_PythonDecoratedOperator): log_sql_query>, print_the_context already registered for DAG: example_python_operator
[2023-06-29T23:50:07.386+0000] {logging_mixin.py:149} INFO - [2023-06-29T23:50:07.385+0000] {taskmixin.py:211} WARNING - Dependency <Task(_PythonDecoratedOperator): print_the_context>, log_sql_query already registered for DAG: example_python_operator
[2023-06-29T23:50:07.386+0000] {logging_mixin.py:149} INFO - [2023-06-29T23:50:07.386+0000] {taskmixin.py:211} WARNING - Dependency <Task(_PythonDecoratedOperator): log_sql_query>, print_the_context already registered for DAG: example_python_operator
[2023-06-29T23:50:07.389+0000] {processor.py:809} INFO - DAG(s) dict_keys(['example_python_operator']) retrieved from /home/airflow/.local/lib/python3.7/site-packages/airflow/example_dags/example_python_operator.py
[2023-06-29T23:50:07.426+0000] {logging_mixin.py:149} INFO - [2023-06-29T23:50:07.426+0000] {dag.py:2726} INFO - Sync 1 DAGs
[2023-06-29T23:50:07.462+0000] {logging_mixin.py:149} INFO - [2023-06-29T23:50:07.462+0000] {dag.py:3490} INFO - Setting next_dagrun for example_python_operator to None, run_after=None
[2023-06-29T23:50:07.499+0000] {processor.py:178} INFO - Processing /home/airflow/.local/lib/python3.7/site-packages/airflow/example_dags/example_python_operator.py took 0.138 seconds
[2023-06-29T23:50:37.794+0000] {processor.py:156} INFO - Started process (PID=440) to work on /home/airflow/.local/lib/python3.7/site-packages/airflow/example_dags/example_python_operator.py
[2023-06-29T23:50:37.795+0000] {processor.py:799} INFO - Processing file /home/airflow/.local/lib/python3.7/site-packages/airflow/example_dags/example_python_operator.py for tasks to queue
[2023-06-29T23:50:37.796+0000] {logging_mixin.py:149} INFO - [2023-06-29T23:50:37.796+0000] {dagbag.py:541} INFO - Filling up the DagBag from /home/airflow/.local/lib/python3.7/site-packages/airflow/example_dags/example_python_operator.py
[2023-06-29T23:50:37.804+0000] {logging_mixin.py:149} INFO - [2023-06-29T23:50:37.804+0000] {taskmixin.py:211} WARNING - Dependency <Task(_PythonDecoratedOperator): print_the_context>, log_sql_query already registered for DAG: example_python_operator
[2023-06-29T23:50:37.804+0000] {logging_mixin.py:149} INFO - [2023-06-29T23:50:37.804+0000] {taskmixin.py:211} WARNING - Dependency <Task(_PythonDecoratedOperator): log_sql_query>, print_the_context already registered for DAG: example_python_operator
[2023-06-29T23:50:37.805+0000] {logging_mixin.py:149} INFO - [2023-06-29T23:50:37.805+0000] {taskmixin.py:211} WARNING - Dependency <Task(_PythonDecoratedOperator): print_the_context>, log_sql_query already registered for DAG: example_python_operator
[2023-06-29T23:50:37.806+0000] {logging_mixin.py:149} INFO - [2023-06-29T23:50:37.805+0000] {taskmixin.py:211} WARNING - Dependency <Task(_PythonDecoratedOperator): log_sql_query>, print_the_context already registered for DAG: example_python_operator
[2023-06-29T23:50:37.807+0000] {logging_mixin.py:149} INFO - [2023-06-29T23:50:37.806+0000] {taskmixin.py:211} WARNING - Dependency <Task(_PythonDecoratedOperator): print_the_context>, log_sql_query already registered for DAG: example_python_operator
[2023-06-29T23:50:37.807+0000] {logging_mixin.py:149} INFO - [2023-06-29T23:50:37.807+0000] {taskmixin.py:211} WARNING - Dependency <Task(_PythonDecoratedOperator): log_sql_query>, print_the_context already registered for DAG: example_python_operator
[2023-06-29T23:50:37.808+0000] {logging_mixin.py:149} INFO - [2023-06-29T23:50:37.807+0000] {taskmixin.py:211} WARNING - Dependency <Task(_PythonDecoratedOperator): print_the_context>, log_sql_query already registered for DAG: example_python_operator
[2023-06-29T23:50:37.808+0000] {logging_mixin.py:149} INFO - [2023-06-29T23:50:37.808+0000] {taskmixin.py:211} WARNING - Dependency <Task(_PythonDecoratedOperator): log_sql_query>, print_the_context already registered for DAG: example_python_operator
[2023-06-29T23:50:37.811+0000] {processor.py:809} INFO - DAG(s) dict_keys(['example_python_operator']) retrieved from /home/airflow/.local/lib/python3.7/site-packages/airflow/example_dags/example_python_operator.py
[2023-06-29T23:50:37.860+0000] {logging_mixin.py:149} INFO - [2023-06-29T23:50:37.859+0000] {dag.py:2726} INFO - Sync 1 DAGs
[2023-06-29T23:50:37.911+0000] {logging_mixin.py:149} INFO - [2023-06-29T23:50:37.911+0000] {dag.py:3490} INFO - Setting next_dagrun for example_python_operator to None, run_after=None
[2023-06-29T23:50:37.943+0000] {processor.py:178} INFO - Processing /home/airflow/.local/lib/python3.7/site-packages/airflow/example_dags/example_python_operator.py took 0.153 seconds
[2023-06-29T23:51:08.540+0000] {processor.py:156} INFO - Started process (PID=497) to work on /home/airflow/.local/lib/python3.7/site-packages/airflow/example_dags/example_python_operator.py
[2023-06-29T23:51:08.546+0000] {processor.py:799} INFO - Processing file /home/airflow/.local/lib/python3.7/site-packages/airflow/example_dags/example_python_operator.py for tasks to queue
[2023-06-29T23:51:08.547+0000] {logging_mixin.py:149} INFO - [2023-06-29T23:51:08.547+0000] {dagbag.py:541} INFO - Filling up the DagBag from /home/airflow/.local/lib/python3.7/site-packages/airflow/example_dags/example_python_operator.py
[2023-06-29T23:51:08.564+0000] {logging_mixin.py:149} INFO - [2023-06-29T23:51:08.564+0000] {taskmixin.py:211} WARNING - Dependency <Task(_PythonDecoratedOperator): print_the_context>, log_sql_query already registered for DAG: example_python_operator
[2023-06-29T23:51:08.572+0000] {logging_mixin.py:149} INFO - [2023-06-29T23:51:08.572+0000] {taskmixin.py:211} WARNING - Dependency <Task(_PythonDecoratedOperator): log_sql_query>, print_the_context already registered for DAG: example_python_operator
[2023-06-29T23:51:08.573+0000] {logging_mixin.py:149} INFO - [2023-06-29T23:51:08.573+0000] {taskmixin.py:211} WARNING - Dependency <Task(_PythonDecoratedOperator): print_the_context>, log_sql_query already registered for DAG: example_python_operator
[2023-06-29T23:51:08.574+0000] {logging_mixin.py:149} INFO - [2023-06-29T23:51:08.574+0000] {taskmixin.py:211} WARNING - Dependency <Task(_PythonDecoratedOperator): log_sql_query>, print_the_context already registered for DAG: example_python_operator
[2023-06-29T23:51:08.575+0000] {logging_mixin.py:149} INFO - [2023-06-29T23:51:08.575+0000] {taskmixin.py:211} WARNING - Dependency <Task(_PythonDecoratedOperator): print_the_context>, log_sql_query already registered for DAG: example_python_operator
[2023-06-29T23:51:08.580+0000] {logging_mixin.py:149} INFO - [2023-06-29T23:51:08.580+0000] {taskmixin.py:211} WARNING - Dependency <Task(_PythonDecoratedOperator): log_sql_query>, print_the_context already registered for DAG: example_python_operator
[2023-06-29T23:51:08.581+0000] {logging_mixin.py:149} INFO - [2023-06-29T23:51:08.581+0000] {taskmixin.py:211} WARNING - Dependency <Task(_PythonDecoratedOperator): print_the_context>, log_sql_query already registered for DAG: example_python_operator
[2023-06-29T23:51:08.582+0000] {logging_mixin.py:149} INFO - [2023-06-29T23:51:08.582+0000] {taskmixin.py:211} WARNING - Dependency <Task(_PythonDecoratedOperator): log_sql_query>, print_the_context already registered for DAG: example_python_operator
[2023-06-29T23:51:08.585+0000] {processor.py:809} INFO - DAG(s) dict_keys(['example_python_operator']) retrieved from /home/airflow/.local/lib/python3.7/site-packages/airflow/example_dags/example_python_operator.py
[2023-06-29T23:51:08.664+0000] {logging_mixin.py:149} INFO - [2023-06-29T23:51:08.664+0000] {dag.py:2726} INFO - Sync 1 DAGs
[2023-06-29T23:51:08.745+0000] {logging_mixin.py:149} INFO - [2023-06-29T23:51:08.745+0000] {dag.py:3490} INFO - Setting next_dagrun for example_python_operator to None, run_after=None
[2023-06-29T23:51:08.810+0000] {processor.py:178} INFO - Processing /home/airflow/.local/lib/python3.7/site-packages/airflow/example_dags/example_python_operator.py took 0.279 seconds
[2023-06-29T23:51:39.464+0000] {processor.py:156} INFO - Started process (PID=554) to work on /home/airflow/.local/lib/python3.7/site-packages/airflow/example_dags/example_python_operator.py
[2023-06-29T23:51:39.465+0000] {processor.py:799} INFO - Processing file /home/airflow/.local/lib/python3.7/site-packages/airflow/example_dags/example_python_operator.py for tasks to queue
[2023-06-29T23:51:39.466+0000] {logging_mixin.py:149} INFO - [2023-06-29T23:51:39.466+0000] {dagbag.py:541} INFO - Filling up the DagBag from /home/airflow/.local/lib/python3.7/site-packages/airflow/example_dags/example_python_operator.py
[2023-06-29T23:51:39.483+0000] {logging_mixin.py:149} INFO - [2023-06-29T23:51:39.483+0000] {taskmixin.py:211} WARNING - Dependency <Task(_PythonDecoratedOperator): print_the_context>, log_sql_query already registered for DAG: example_python_operator
[2023-06-29T23:51:39.484+0000] {logging_mixin.py:149} INFO - [2023-06-29T23:51:39.484+0000] {taskmixin.py:211} WARNING - Dependency <Task(_PythonDecoratedOperator): log_sql_query>, print_the_context already registered for DAG: example_python_operator
[2023-06-29T23:51:39.485+0000] {logging_mixin.py:149} INFO - [2023-06-29T23:51:39.485+0000] {taskmixin.py:211} WARNING - Dependency <Task(_PythonDecoratedOperator): print_the_context>, log_sql_query already registered for DAG: example_python_operator
[2023-06-29T23:51:39.486+0000] {logging_mixin.py:149} INFO - [2023-06-29T23:51:39.485+0000] {taskmixin.py:211} WARNING - Dependency <Task(_PythonDecoratedOperator): log_sql_query>, print_the_context already registered for DAG: example_python_operator
[2023-06-29T23:51:39.491+0000] {logging_mixin.py:149} INFO - [2023-06-29T23:51:39.490+0000] {taskmixin.py:211} WARNING - Dependency <Task(_PythonDecoratedOperator): print_the_context>, log_sql_query already registered for DAG: example_python_operator
[2023-06-29T23:51:39.491+0000] {logging_mixin.py:149} INFO - [2023-06-29T23:51:39.491+0000] {taskmixin.py:211} WARNING - Dependency <Task(_PythonDecoratedOperator): log_sql_query>, print_the_context already registered for DAG: example_python_operator
[2023-06-29T23:51:39.492+0000] {logging_mixin.py:149} INFO - [2023-06-29T23:51:39.492+0000] {taskmixin.py:211} WARNING - Dependency <Task(_PythonDecoratedOperator): print_the_context>, log_sql_query already registered for DAG: example_python_operator
[2023-06-29T23:51:39.492+0000] {logging_mixin.py:149} INFO - [2023-06-29T23:51:39.492+0000] {taskmixin.py:211} WARNING - Dependency <Task(_PythonDecoratedOperator): log_sql_query>, print_the_context already registered for DAG: example_python_operator
[2023-06-29T23:51:39.496+0000] {processor.py:809} INFO - DAG(s) dict_keys(['example_python_operator']) retrieved from /home/airflow/.local/lib/python3.7/site-packages/airflow/example_dags/example_python_operator.py
[2023-06-29T23:51:39.562+0000] {logging_mixin.py:149} INFO - [2023-06-29T23:51:39.562+0000] {dag.py:2726} INFO - Sync 1 DAGs
[2023-06-29T23:51:39.625+0000] {logging_mixin.py:149} INFO - [2023-06-29T23:51:39.624+0000] {dag.py:3490} INFO - Setting next_dagrun for example_python_operator to None, run_after=None
[2023-06-29T23:51:39.671+0000] {processor.py:178} INFO - Processing /home/airflow/.local/lib/python3.7/site-packages/airflow/example_dags/example_python_operator.py took 0.225 seconds
[2023-06-29T23:52:10.625+0000] {processor.py:156} INFO - Started process (PID=611) to work on /home/airflow/.local/lib/python3.7/site-packages/airflow/example_dags/example_python_operator.py
[2023-06-29T23:52:10.633+0000] {processor.py:799} INFO - Processing file /home/airflow/.local/lib/python3.7/site-packages/airflow/example_dags/example_python_operator.py for tasks to queue
[2023-06-29T23:52:10.635+0000] {logging_mixin.py:149} INFO - [2023-06-29T23:52:10.635+0000] {dagbag.py:541} INFO - Filling up the DagBag from /home/airflow/.local/lib/python3.7/site-packages/airflow/example_dags/example_python_operator.py
[2023-06-29T23:52:10.646+0000] {logging_mixin.py:149} INFO - [2023-06-29T23:52:10.645+0000] {taskmixin.py:211} WARNING - Dependency <Task(_PythonDecoratedOperator): print_the_context>, log_sql_query already registered for DAG: example_python_operator
[2023-06-29T23:52:10.646+0000] {logging_mixin.py:149} INFO - [2023-06-29T23:52:10.646+0000] {taskmixin.py:211} WARNING - Dependency <Task(_PythonDecoratedOperator): log_sql_query>, print_the_context already registered for DAG: example_python_operator
[2023-06-29T23:52:10.647+0000] {logging_mixin.py:149} INFO - [2023-06-29T23:52:10.647+0000] {taskmixin.py:211} WARNING - Dependency <Task(_PythonDecoratedOperator): print_the_context>, log_sql_query already registered for DAG: example_python_operator
[2023-06-29T23:52:10.648+0000] {logging_mixin.py:149} INFO - [2023-06-29T23:52:10.648+0000] {taskmixin.py:211} WARNING - Dependency <Task(_PythonDecoratedOperator): log_sql_query>, print_the_context already registered for DAG: example_python_operator
[2023-06-29T23:52:10.649+0000] {logging_mixin.py:149} INFO - [2023-06-29T23:52:10.649+0000] {taskmixin.py:211} WARNING - Dependency <Task(_PythonDecoratedOperator): print_the_context>, log_sql_query already registered for DAG: example_python_operator
[2023-06-29T23:52:10.650+0000] {logging_mixin.py:149} INFO - [2023-06-29T23:52:10.649+0000] {taskmixin.py:211} WARNING - Dependency <Task(_PythonDecoratedOperator): log_sql_query>, print_the_context already registered for DAG: example_python_operator
[2023-06-29T23:52:10.651+0000] {logging_mixin.py:149} INFO - [2023-06-29T23:52:10.651+0000] {taskmixin.py:211} WARNING - Dependency <Task(_PythonDecoratedOperator): print_the_context>, log_sql_query already registered for DAG: example_python_operator
[2023-06-29T23:52:10.651+0000] {logging_mixin.py:149} INFO - [2023-06-29T23:52:10.651+0000] {taskmixin.py:211} WARNING - Dependency <Task(_PythonDecoratedOperator): log_sql_query>, print_the_context already registered for DAG: example_python_operator
[2023-06-29T23:52:10.656+0000] {processor.py:809} INFO - DAG(s) dict_keys(['example_python_operator']) retrieved from /home/airflow/.local/lib/python3.7/site-packages/airflow/example_dags/example_python_operator.py
[2023-06-29T23:52:10.723+0000] {logging_mixin.py:149} INFO - [2023-06-29T23:52:10.723+0000] {dag.py:2726} INFO - Sync 1 DAGs
[2023-06-29T23:52:10.805+0000] {logging_mixin.py:149} INFO - [2023-06-29T23:52:10.805+0000] {dag.py:3490} INFO - Setting next_dagrun for example_python_operator to None, run_after=None
[2023-06-29T23:52:10.867+0000] {processor.py:178} INFO - Processing /home/airflow/.local/lib/python3.7/site-packages/airflow/example_dags/example_python_operator.py took 0.246 seconds
[2023-06-29T23:52:41.497+0000] {processor.py:156} INFO - Started process (PID=668) to work on /home/airflow/.local/lib/python3.7/site-packages/airflow/example_dags/example_python_operator.py
[2023-06-29T23:52:41.507+0000] {processor.py:799} INFO - Processing file /home/airflow/.local/lib/python3.7/site-packages/airflow/example_dags/example_python_operator.py for tasks to queue
[2023-06-29T23:52:41.508+0000] {logging_mixin.py:149} INFO - [2023-06-29T23:52:41.508+0000] {dagbag.py:541} INFO - Filling up the DagBag from /home/airflow/.local/lib/python3.7/site-packages/airflow/example_dags/example_python_operator.py
[2023-06-29T23:52:41.521+0000] {logging_mixin.py:149} INFO - [2023-06-29T23:52:41.521+0000] {taskmixin.py:211} WARNING - Dependency <Task(_PythonDecoratedOperator): print_the_context>, log_sql_query already registered for DAG: example_python_operator
[2023-06-29T23:52:41.532+0000] {logging_mixin.py:149} INFO - [2023-06-29T23:52:41.532+0000] {taskmixin.py:211} WARNING - Dependency <Task(_PythonDecoratedOperator): log_sql_query>, print_the_context already registered for DAG: example_python_operator
[2023-06-29T23:52:41.533+0000] {logging_mixin.py:149} INFO - [2023-06-29T23:52:41.533+0000] {taskmixin.py:211} WARNING - Dependency <Task(_PythonDecoratedOperator): print_the_context>, log_sql_query already registered for DAG: example_python_operator
[2023-06-29T23:52:41.543+0000] {logging_mixin.py:149} INFO - [2023-06-29T23:52:41.543+0000] {taskmixin.py:211} WARNING - Dependency <Task(_PythonDecoratedOperator): log_sql_query>, print_the_context already registered for DAG: example_python_operator
[2023-06-29T23:52:41.544+0000] {logging_mixin.py:149} INFO - [2023-06-29T23:52:41.544+0000] {taskmixin.py:211} WARNING - Dependency <Task(_PythonDecoratedOperator): print_the_context>, log_sql_query already registered for DAG: example_python_operator
[2023-06-29T23:52:41.544+0000] {logging_mixin.py:149} INFO - [2023-06-29T23:52:41.544+0000] {taskmixin.py:211} WARNING - Dependency <Task(_PythonDecoratedOperator): log_sql_query>, print_the_context already registered for DAG: example_python_operator
[2023-06-29T23:52:41.545+0000] {logging_mixin.py:149} INFO - [2023-06-29T23:52:41.545+0000] {taskmixin.py:211} WARNING - Dependency <Task(_PythonDecoratedOperator): print_the_context>, log_sql_query already registered for DAG: example_python_operator
[2023-06-29T23:52:41.546+0000] {logging_mixin.py:149} INFO - [2023-06-29T23:52:41.546+0000] {taskmixin.py:211} WARNING - Dependency <Task(_PythonDecoratedOperator): log_sql_query>, print_the_context already registered for DAG: example_python_operator
[2023-06-29T23:52:41.549+0000] {processor.py:809} INFO - DAG(s) dict_keys(['example_python_operator']) retrieved from /home/airflow/.local/lib/python3.7/site-packages/airflow/example_dags/example_python_operator.py
[2023-06-29T23:52:41.620+0000] {logging_mixin.py:149} INFO - [2023-06-29T23:52:41.620+0000] {dag.py:2726} INFO - Sync 1 DAGs
[2023-06-29T23:52:41.680+0000] {logging_mixin.py:149} INFO - [2023-06-29T23:52:41.680+0000] {dag.py:3490} INFO - Setting next_dagrun for example_python_operator to None, run_after=None
[2023-06-29T23:52:41.729+0000] {processor.py:178} INFO - Processing /home/airflow/.local/lib/python3.7/site-packages/airflow/example_dags/example_python_operator.py took 0.235 seconds
[2023-06-29T23:53:12.334+0000] {processor.py:156} INFO - Started process (PID=725) to work on /home/airflow/.local/lib/python3.7/site-packages/airflow/example_dags/example_python_operator.py
[2023-06-29T23:53:12.335+0000] {processor.py:799} INFO - Processing file /home/airflow/.local/lib/python3.7/site-packages/airflow/example_dags/example_python_operator.py for tasks to queue
[2023-06-29T23:53:12.336+0000] {logging_mixin.py:149} INFO - [2023-06-29T23:53:12.336+0000] {dagbag.py:541} INFO - Filling up the DagBag from /home/airflow/.local/lib/python3.7/site-packages/airflow/example_dags/example_python_operator.py
[2023-06-29T23:53:12.345+0000] {logging_mixin.py:149} INFO - [2023-06-29T23:53:12.345+0000] {taskmixin.py:211} WARNING - Dependency <Task(_PythonDecoratedOperator): print_the_context>, log_sql_query already registered for DAG: example_python_operator
[2023-06-29T23:53:12.346+0000] {logging_mixin.py:149} INFO - [2023-06-29T23:53:12.346+0000] {taskmixin.py:211} WARNING - Dependency <Task(_PythonDecoratedOperator): log_sql_query>, print_the_context already registered for DAG: example_python_operator
[2023-06-29T23:53:12.347+0000] {logging_mixin.py:149} INFO - [2023-06-29T23:53:12.347+0000] {taskmixin.py:211} WARNING - Dependency <Task(_PythonDecoratedOperator): print_the_context>, log_sql_query already registered for DAG: example_python_operator
[2023-06-29T23:53:12.347+0000] {logging_mixin.py:149} INFO - [2023-06-29T23:53:12.347+0000] {taskmixin.py:211} WARNING - Dependency <Task(_PythonDecoratedOperator): log_sql_query>, print_the_context already registered for DAG: example_python_operator
[2023-06-29T23:53:12.348+0000] {logging_mixin.py:149} INFO - [2023-06-29T23:53:12.348+0000] {taskmixin.py:211} WARNING - Dependency <Task(_PythonDecoratedOperator): print_the_context>, log_sql_query already registered for DAG: example_python_operator
[2023-06-29T23:53:12.349+0000] {logging_mixin.py:149} INFO - [2023-06-29T23:53:12.349+0000] {taskmixin.py:211} WARNING - Dependency <Task(_PythonDecoratedOperator): log_sql_query>, print_the_context already registered for DAG: example_python_operator
[2023-06-29T23:53:12.350+0000] {logging_mixin.py:149} INFO - [2023-06-29T23:53:12.350+0000] {taskmixin.py:211} WARNING - Dependency <Task(_PythonDecoratedOperator): print_the_context>, log_sql_query already registered for DAG: example_python_operator
[2023-06-29T23:53:12.350+0000] {logging_mixin.py:149} INFO - [2023-06-29T23:53:12.350+0000] {taskmixin.py:211} WARNING - Dependency <Task(_PythonDecoratedOperator): log_sql_query>, print_the_context already registered for DAG: example_python_operator
[2023-06-29T23:53:12.354+0000] {processor.py:809} INFO - DAG(s) dict_keys(['example_python_operator']) retrieved from /home/airflow/.local/lib/python3.7/site-packages/airflow/example_dags/example_python_operator.py
[2023-06-29T23:53:12.397+0000] {logging_mixin.py:149} INFO - [2023-06-29T23:53:12.396+0000] {dag.py:2726} INFO - Sync 1 DAGs
[2023-06-29T23:53:12.434+0000] {logging_mixin.py:149} INFO - [2023-06-29T23:53:12.434+0000] {dag.py:3490} INFO - Setting next_dagrun for example_python_operator to None, run_after=None
[2023-06-29T23:53:12.468+0000] {processor.py:178} INFO - Processing /home/airflow/.local/lib/python3.7/site-packages/airflow/example_dags/example_python_operator.py took 0.138 seconds
[2023-06-29T23:53:42.848+0000] {processor.py:156} INFO - Started process (PID=782) to work on /home/airflow/.local/lib/python3.7/site-packages/airflow/example_dags/example_python_operator.py
[2023-06-29T23:53:42.863+0000] {processor.py:799} INFO - Processing file /home/airflow/.local/lib/python3.7/site-packages/airflow/example_dags/example_python_operator.py for tasks to queue
[2023-06-29T23:53:42.867+0000] {logging_mixin.py:149} INFO - [2023-06-29T23:53:42.867+0000] {dagbag.py:541} INFO - Filling up the DagBag from /home/airflow/.local/lib/python3.7/site-packages/airflow/example_dags/example_python_operator.py
[2023-06-29T23:53:42.881+0000] {logging_mixin.py:149} INFO - [2023-06-29T23:53:42.881+0000] {taskmixin.py:211} WARNING - Dependency <Task(_PythonDecoratedOperator): print_the_context>, log_sql_query already registered for DAG: example_python_operator
[2023-06-29T23:53:42.886+0000] {logging_mixin.py:149} INFO - [2023-06-29T23:53:42.886+0000] {taskmixin.py:211} WARNING - Dependency <Task(_PythonDecoratedOperator): log_sql_query>, print_the_context already registered for DAG: example_python_operator
[2023-06-29T23:53:42.887+0000] {logging_mixin.py:149} INFO - [2023-06-29T23:53:42.887+0000] {taskmixin.py:211} WARNING - Dependency <Task(_PythonDecoratedOperator): print_the_context>, log_sql_query already registered for DAG: example_python_operator
[2023-06-29T23:53:42.888+0000] {logging_mixin.py:149} INFO - [2023-06-29T23:53:42.888+0000] {taskmixin.py:211} WARNING - Dependency <Task(_PythonDecoratedOperator): log_sql_query>, print_the_context already registered for DAG: example_python_operator
[2023-06-29T23:53:42.890+0000] {logging_mixin.py:149} INFO - [2023-06-29T23:53:42.890+0000] {taskmixin.py:211} WARNING - Dependency <Task(_PythonDecoratedOperator): print_the_context>, log_sql_query already registered for DAG: example_python_operator
[2023-06-29T23:53:42.899+0000] {logging_mixin.py:149} INFO - [2023-06-29T23:53:42.898+0000] {taskmixin.py:211} WARNING - Dependency <Task(_PythonDecoratedOperator): log_sql_query>, print_the_context already registered for DAG: example_python_operator
[2023-06-29T23:53:42.900+0000] {logging_mixin.py:149} INFO - [2023-06-29T23:53:42.900+0000] {taskmixin.py:211} WARNING - Dependency <Task(_PythonDecoratedOperator): print_the_context>, log_sql_query already registered for DAG: example_python_operator
[2023-06-29T23:53:42.900+0000] {logging_mixin.py:149} INFO - [2023-06-29T23:53:42.900+0000] {taskmixin.py:211} WARNING - Dependency <Task(_PythonDecoratedOperator): log_sql_query>, print_the_context already registered for DAG: example_python_operator
[2023-06-29T23:53:42.904+0000] {processor.py:809} INFO - DAG(s) dict_keys(['example_python_operator']) retrieved from /home/airflow/.local/lib/python3.7/site-packages/airflow/example_dags/example_python_operator.py
[2023-06-29T23:53:42.998+0000] {logging_mixin.py:149} INFO - [2023-06-29T23:53:42.998+0000] {dag.py:2726} INFO - Sync 1 DAGs
[2023-06-29T23:53:43.062+0000] {logging_mixin.py:149} INFO - [2023-06-29T23:53:43.062+0000] {dag.py:3490} INFO - Setting next_dagrun for example_python_operator to None, run_after=None
[2023-06-29T23:53:43.114+0000] {processor.py:178} INFO - Processing /home/airflow/.local/lib/python3.7/site-packages/airflow/example_dags/example_python_operator.py took 0.270 seconds
[2023-06-29T23:54:13.176+0000] {processor.py:156} INFO - Started process (PID=840) to work on /home/airflow/.local/lib/python3.7/site-packages/airflow/example_dags/example_python_operator.py
[2023-06-29T23:54:13.177+0000] {processor.py:799} INFO - Processing file /home/airflow/.local/lib/python3.7/site-packages/airflow/example_dags/example_python_operator.py for tasks to queue
[2023-06-29T23:54:13.178+0000] {logging_mixin.py:149} INFO - [2023-06-29T23:54:13.178+0000] {dagbag.py:541} INFO - Filling up the DagBag from /home/airflow/.local/lib/python3.7/site-packages/airflow/example_dags/example_python_operator.py
[2023-06-29T23:54:13.187+0000] {logging_mixin.py:149} INFO - [2023-06-29T23:54:13.186+0000] {taskmixin.py:211} WARNING - Dependency <Task(_PythonDecoratedOperator): print_the_context>, log_sql_query already registered for DAG: example_python_operator
[2023-06-29T23:54:13.187+0000] {logging_mixin.py:149} INFO - [2023-06-29T23:54:13.187+0000] {taskmixin.py:211} WARNING - Dependency <Task(_PythonDecoratedOperator): log_sql_query>, print_the_context already registered for DAG: example_python_operator
[2023-06-29T23:54:13.188+0000] {logging_mixin.py:149} INFO - [2023-06-29T23:54:13.188+0000] {taskmixin.py:211} WARNING - Dependency <Task(_PythonDecoratedOperator): print_the_context>, log_sql_query already registered for DAG: example_python_operator
[2023-06-29T23:54:13.188+0000] {logging_mixin.py:149} INFO - [2023-06-29T23:54:13.188+0000] {taskmixin.py:211} WARNING - Dependency <Task(_PythonDecoratedOperator): log_sql_query>, print_the_context already registered for DAG: example_python_operator
[2023-06-29T23:54:13.189+0000] {logging_mixin.py:149} INFO - [2023-06-29T23:54:13.189+0000] {taskmixin.py:211} WARNING - Dependency <Task(_PythonDecoratedOperator): print_the_context>, log_sql_query already registered for DAG: example_python_operator
[2023-06-29T23:54:13.189+0000] {logging_mixin.py:149} INFO - [2023-06-29T23:54:13.189+0000] {taskmixin.py:211} WARNING - Dependency <Task(_PythonDecoratedOperator): log_sql_query>, print_the_context already registered for DAG: example_python_operator
[2023-06-29T23:54:13.190+0000] {logging_mixin.py:149} INFO - [2023-06-29T23:54:13.190+0000] {taskmixin.py:211} WARNING - Dependency <Task(_PythonDecoratedOperator): print_the_context>, log_sql_query already registered for DAG: example_python_operator
[2023-06-29T23:54:13.190+0000] {logging_mixin.py:149} INFO - [2023-06-29T23:54:13.190+0000] {taskmixin.py:211} WARNING - Dependency <Task(_PythonDecoratedOperator): log_sql_query>, print_the_context already registered for DAG: example_python_operator
[2023-06-29T23:54:13.194+0000] {processor.py:809} INFO - DAG(s) dict_keys(['example_python_operator']) retrieved from /home/airflow/.local/lib/python3.7/site-packages/airflow/example_dags/example_python_operator.py
[2023-06-29T23:54:13.234+0000] {logging_mixin.py:149} INFO - [2023-06-29T23:54:13.234+0000] {dag.py:2726} INFO - Sync 1 DAGs
[2023-06-29T23:54:13.269+0000] {logging_mixin.py:149} INFO - [2023-06-29T23:54:13.269+0000] {dag.py:3490} INFO - Setting next_dagrun for example_python_operator to None, run_after=None
[2023-06-29T23:54:13.307+0000] {processor.py:178} INFO - Processing /home/airflow/.local/lib/python3.7/site-packages/airflow/example_dags/example_python_operator.py took 0.135 seconds
[2023-06-29T23:54:43.443+0000] {processor.py:156} INFO - Started process (PID=897) to work on /home/airflow/.local/lib/python3.7/site-packages/airflow/example_dags/example_python_operator.py
[2023-06-29T23:54:43.444+0000] {processor.py:799} INFO - Processing file /home/airflow/.local/lib/python3.7/site-packages/airflow/example_dags/example_python_operator.py for tasks to queue
[2023-06-29T23:54:43.445+0000] {logging_mixin.py:149} INFO - [2023-06-29T23:54:43.445+0000] {dagbag.py:541} INFO - Filling up the DagBag from /home/airflow/.local/lib/python3.7/site-packages/airflow/example_dags/example_python_operator.py
[2023-06-29T23:54:43.455+0000] {logging_mixin.py:149} INFO - [2023-06-29T23:54:43.455+0000] {taskmixin.py:211} WARNING - Dependency <Task(_PythonDecoratedOperator): print_the_context>, log_sql_query already registered for DAG: example_python_operator
[2023-06-29T23:54:43.456+0000] {logging_mixin.py:149} INFO - [2023-06-29T23:54:43.456+0000] {taskmixin.py:211} WARNING - Dependency <Task(_PythonDecoratedOperator): log_sql_query>, print_the_context already registered for DAG: example_python_operator
[2023-06-29T23:54:43.457+0000] {logging_mixin.py:149} INFO - [2023-06-29T23:54:43.457+0000] {taskmixin.py:211} WARNING - Dependency <Task(_PythonDecoratedOperator): print_the_context>, log_sql_query already registered for DAG: example_python_operator
[2023-06-29T23:54:43.457+0000] {logging_mixin.py:149} INFO - [2023-06-29T23:54:43.457+0000] {taskmixin.py:211} WARNING - Dependency <Task(_PythonDecoratedOperator): log_sql_query>, print_the_context already registered for DAG: example_python_operator
[2023-06-29T23:54:43.458+0000] {logging_mixin.py:149} INFO - [2023-06-29T23:54:43.458+0000] {taskmixin.py:211} WARNING - Dependency <Task(_PythonDecoratedOperator): print_the_context>, log_sql_query already registered for DAG: example_python_operator
[2023-06-29T23:54:43.459+0000] {logging_mixin.py:149} INFO - [2023-06-29T23:54:43.459+0000] {taskmixin.py:211} WARNING - Dependency <Task(_PythonDecoratedOperator): log_sql_query>, print_the_context already registered for DAG: example_python_operator
[2023-06-29T23:54:43.460+0000] {logging_mixin.py:149} INFO - [2023-06-29T23:54:43.460+0000] {taskmixin.py:211} WARNING - Dependency <Task(_PythonDecoratedOperator): print_the_context>, log_sql_query already registered for DAG: example_python_operator
[2023-06-29T23:54:43.460+0000] {logging_mixin.py:149} INFO - [2023-06-29T23:54:43.460+0000] {taskmixin.py:211} WARNING - Dependency <Task(_PythonDecoratedOperator): log_sql_query>, print_the_context already registered for DAG: example_python_operator
[2023-06-29T23:54:43.464+0000] {processor.py:809} INFO - DAG(s) dict_keys(['example_python_operator']) retrieved from /home/airflow/.local/lib/python3.7/site-packages/airflow/example_dags/example_python_operator.py
[2023-06-29T23:54:43.507+0000] {logging_mixin.py:149} INFO - [2023-06-29T23:54:43.507+0000] {dag.py:2726} INFO - Sync 1 DAGs
[2023-06-29T23:54:43.541+0000] {logging_mixin.py:149} INFO - [2023-06-29T23:54:43.541+0000] {dag.py:3490} INFO - Setting next_dagrun for example_python_operator to None, run_after=None
[2023-06-29T23:54:43.567+0000] {processor.py:178} INFO - Processing /home/airflow/.local/lib/python3.7/site-packages/airflow/example_dags/example_python_operator.py took 0.128 seconds
[2023-06-29T23:55:13.720+0000] {processor.py:156} INFO - Started process (PID=953) to work on /home/airflow/.local/lib/python3.7/site-packages/airflow/example_dags/example_python_operator.py
[2023-06-29T23:55:13.721+0000] {processor.py:799} INFO - Processing file /home/airflow/.local/lib/python3.7/site-packages/airflow/example_dags/example_python_operator.py for tasks to queue
[2023-06-29T23:55:13.722+0000] {logging_mixin.py:149} INFO - [2023-06-29T23:55:13.721+0000] {dagbag.py:541} INFO - Filling up the DagBag from /home/airflow/.local/lib/python3.7/site-packages/airflow/example_dags/example_python_operator.py
[2023-06-29T23:55:13.731+0000] {logging_mixin.py:149} INFO - [2023-06-29T23:55:13.730+0000] {taskmixin.py:211} WARNING - Dependency <Task(_PythonDecoratedOperator): print_the_context>, log_sql_query already registered for DAG: example_python_operator
[2023-06-29T23:55:13.731+0000] {logging_mixin.py:149} INFO - [2023-06-29T23:55:13.731+0000] {taskmixin.py:211} WARNING - Dependency <Task(_PythonDecoratedOperator): log_sql_query>, print_the_context already registered for DAG: example_python_operator
[2023-06-29T23:55:13.732+0000] {logging_mixin.py:149} INFO - [2023-06-29T23:55:13.732+0000] {taskmixin.py:211} WARNING - Dependency <Task(_PythonDecoratedOperator): print_the_context>, log_sql_query already registered for DAG: example_python_operator
[2023-06-29T23:55:13.733+0000] {logging_mixin.py:149} INFO - [2023-06-29T23:55:13.733+0000] {taskmixin.py:211} WARNING - Dependency <Task(_PythonDecoratedOperator): log_sql_query>, print_the_context already registered for DAG: example_python_operator
[2023-06-29T23:55:13.734+0000] {logging_mixin.py:149} INFO - [2023-06-29T23:55:13.734+0000] {taskmixin.py:211} WARNING - Dependency <Task(_PythonDecoratedOperator): print_the_context>, log_sql_query already registered for DAG: example_python_operator
[2023-06-29T23:55:13.734+0000] {logging_mixin.py:149} INFO - [2023-06-29T23:55:13.734+0000] {taskmixin.py:211} WARNING - Dependency <Task(_PythonDecoratedOperator): log_sql_query>, print_the_context already registered for DAG: example_python_operator
[2023-06-29T23:55:13.735+0000] {logging_mixin.py:149} INFO - [2023-06-29T23:55:13.735+0000] {taskmixin.py:211} WARNING - Dependency <Task(_PythonDecoratedOperator): print_the_context>, log_sql_query already registered for DAG: example_python_operator
[2023-06-29T23:55:13.736+0000] {logging_mixin.py:149} INFO - [2023-06-29T23:55:13.735+0000] {taskmixin.py:211} WARNING - Dependency <Task(_PythonDecoratedOperator): log_sql_query>, print_the_context already registered for DAG: example_python_operator
[2023-06-29T23:55:13.739+0000] {processor.py:809} INFO - DAG(s) dict_keys(['example_python_operator']) retrieved from /home/airflow/.local/lib/python3.7/site-packages/airflow/example_dags/example_python_operator.py
[2023-06-29T23:55:13.806+0000] {logging_mixin.py:149} INFO - [2023-06-29T23:55:13.805+0000] {dag.py:2726} INFO - Sync 1 DAGs
[2023-06-29T23:55:13.864+0000] {logging_mixin.py:149} INFO - [2023-06-29T23:55:13.864+0000] {dag.py:3490} INFO - Setting next_dagrun for example_python_operator to None, run_after=None
[2023-06-29T23:55:13.892+0000] {processor.py:178} INFO - Processing /home/airflow/.local/lib/python3.7/site-packages/airflow/example_dags/example_python_operator.py took 0.176 seconds
[2023-06-29T23:55:44.282+0000] {processor.py:156} INFO - Started process (PID=1009) to work on /home/airflow/.local/lib/python3.7/site-packages/airflow/example_dags/example_python_operator.py
[2023-06-29T23:55:44.297+0000] {processor.py:799} INFO - Processing file /home/airflow/.local/lib/python3.7/site-packages/airflow/example_dags/example_python_operator.py for tasks to queue
[2023-06-29T23:55:44.298+0000] {logging_mixin.py:149} INFO - [2023-06-29T23:55:44.298+0000] {dagbag.py:541} INFO - Filling up the DagBag from /home/airflow/.local/lib/python3.7/site-packages/airflow/example_dags/example_python_operator.py
[2023-06-29T23:55:44.313+0000] {logging_mixin.py:149} INFO - [2023-06-29T23:55:44.312+0000] {taskmixin.py:211} WARNING - Dependency <Task(_PythonDecoratedOperator): print_the_context>, log_sql_query already registered for DAG: example_python_operator
[2023-06-29T23:55:44.314+0000] {logging_mixin.py:149} INFO - [2023-06-29T23:55:44.313+0000] {taskmixin.py:211} WARNING - Dependency <Task(_PythonDecoratedOperator): log_sql_query>, print_the_context already registered for DAG: example_python_operator
[2023-06-29T23:55:44.315+0000] {logging_mixin.py:149} INFO - [2023-06-29T23:55:44.314+0000] {taskmixin.py:211} WARNING - Dependency <Task(_PythonDecoratedOperator): print_the_context>, log_sql_query already registered for DAG: example_python_operator
[2023-06-29T23:55:44.315+0000] {logging_mixin.py:149} INFO - [2023-06-29T23:55:44.315+0000] {taskmixin.py:211} WARNING - Dependency <Task(_PythonDecoratedOperator): log_sql_query>, print_the_context already registered for DAG: example_python_operator
[2023-06-29T23:55:44.316+0000] {logging_mixin.py:149} INFO - [2023-06-29T23:55:44.316+0000] {taskmixin.py:211} WARNING - Dependency <Task(_PythonDecoratedOperator): print_the_context>, log_sql_query already registered for DAG: example_python_operator
[2023-06-29T23:55:44.316+0000] {logging_mixin.py:149} INFO - [2023-06-29T23:55:44.316+0000] {taskmixin.py:211} WARNING - Dependency <Task(_PythonDecoratedOperator): log_sql_query>, print_the_context already registered for DAG: example_python_operator
[2023-06-29T23:55:44.317+0000] {logging_mixin.py:149} INFO - [2023-06-29T23:55:44.317+0000] {taskmixin.py:211} WARNING - Dependency <Task(_PythonDecoratedOperator): print_the_context>, log_sql_query already registered for DAG: example_python_operator
[2023-06-29T23:55:44.318+0000] {logging_mixin.py:149} INFO - [2023-06-29T23:55:44.317+0000] {taskmixin.py:211} WARNING - Dependency <Task(_PythonDecoratedOperator): log_sql_query>, print_the_context already registered for DAG: example_python_operator
[2023-06-29T23:55:44.321+0000] {processor.py:809} INFO - DAG(s) dict_keys(['example_python_operator']) retrieved from /home/airflow/.local/lib/python3.7/site-packages/airflow/example_dags/example_python_operator.py
[2023-06-29T23:55:44.360+0000] {logging_mixin.py:149} INFO - [2023-06-29T23:55:44.360+0000] {dag.py:2726} INFO - Sync 1 DAGs
[2023-06-29T23:55:44.395+0000] {logging_mixin.py:149} INFO - [2023-06-29T23:55:44.395+0000] {dag.py:3490} INFO - Setting next_dagrun for example_python_operator to None, run_after=None
[2023-06-29T23:55:44.430+0000] {processor.py:178} INFO - Processing /home/airflow/.local/lib/python3.7/site-packages/airflow/example_dags/example_python_operator.py took 0.153 seconds
[2023-06-29T23:56:15.074+0000] {processor.py:156} INFO - Started process (PID=1065) to work on /home/airflow/.local/lib/python3.7/site-packages/airflow/example_dags/example_python_operator.py
[2023-06-29T23:56:15.086+0000] {processor.py:799} INFO - Processing file /home/airflow/.local/lib/python3.7/site-packages/airflow/example_dags/example_python_operator.py for tasks to queue
[2023-06-29T23:56:15.088+0000] {logging_mixin.py:149} INFO - [2023-06-29T23:56:15.088+0000] {dagbag.py:541} INFO - Filling up the DagBag from /home/airflow/.local/lib/python3.7/site-packages/airflow/example_dags/example_python_operator.py
[2023-06-29T23:56:15.100+0000] {logging_mixin.py:149} INFO - [2023-06-29T23:56:15.100+0000] {taskmixin.py:211} WARNING - Dependency <Task(_PythonDecoratedOperator): print_the_context>, log_sql_query already registered for DAG: example_python_operator
[2023-06-29T23:56:15.101+0000] {logging_mixin.py:149} INFO - [2023-06-29T23:56:15.100+0000] {taskmixin.py:211} WARNING - Dependency <Task(_PythonDecoratedOperator): log_sql_query>, print_the_context already registered for DAG: example_python_operator
[2023-06-29T23:56:15.102+0000] {logging_mixin.py:149} INFO - [2023-06-29T23:56:15.101+0000] {taskmixin.py:211} WARNING - Dependency <Task(_PythonDecoratedOperator): print_the_context>, log_sql_query already registered for DAG: example_python_operator
[2023-06-29T23:56:15.102+0000] {logging_mixin.py:149} INFO - [2023-06-29T23:56:15.102+0000] {taskmixin.py:211} WARNING - Dependency <Task(_PythonDecoratedOperator): log_sql_query>, print_the_context already registered for DAG: example_python_operator
[2023-06-29T23:56:15.103+0000] {logging_mixin.py:149} INFO - [2023-06-29T23:56:15.103+0000] {taskmixin.py:211} WARNING - Dependency <Task(_PythonDecoratedOperator): print_the_context>, log_sql_query already registered for DAG: example_python_operator
[2023-06-29T23:56:15.104+0000] {logging_mixin.py:149} INFO - [2023-06-29T23:56:15.104+0000] {taskmixin.py:211} WARNING - Dependency <Task(_PythonDecoratedOperator): log_sql_query>, print_the_context already registered for DAG: example_python_operator
[2023-06-29T23:56:15.105+0000] {logging_mixin.py:149} INFO - [2023-06-29T23:56:15.105+0000] {taskmixin.py:211} WARNING - Dependency <Task(_PythonDecoratedOperator): print_the_context>, log_sql_query already registered for DAG: example_python_operator
[2023-06-29T23:56:15.105+0000] {logging_mixin.py:149} INFO - [2023-06-29T23:56:15.105+0000] {taskmixin.py:211} WARNING - Dependency <Task(_PythonDecoratedOperator): log_sql_query>, print_the_context already registered for DAG: example_python_operator
[2023-06-29T23:56:15.111+0000] {processor.py:809} INFO - DAG(s) dict_keys(['example_python_operator']) retrieved from /home/airflow/.local/lib/python3.7/site-packages/airflow/example_dags/example_python_operator.py
[2023-06-29T23:56:15.153+0000] {logging_mixin.py:149} INFO - [2023-06-29T23:56:15.153+0000] {dag.py:2726} INFO - Sync 1 DAGs
[2023-06-29T23:56:15.195+0000] {logging_mixin.py:149} INFO - [2023-06-29T23:56:15.194+0000] {dag.py:3490} INFO - Setting next_dagrun for example_python_operator to None, run_after=None
[2023-06-29T23:56:15.252+0000] {processor.py:178} INFO - Processing /home/airflow/.local/lib/python3.7/site-packages/airflow/example_dags/example_python_operator.py took 0.183 seconds
[2023-06-29T23:56:45.637+0000] {processor.py:156} INFO - Started process (PID=1122) to work on /home/airflow/.local/lib/python3.7/site-packages/airflow/example_dags/example_python_operator.py
[2023-06-29T23:56:45.638+0000] {processor.py:799} INFO - Processing file /home/airflow/.local/lib/python3.7/site-packages/airflow/example_dags/example_python_operator.py for tasks to queue
[2023-06-29T23:56:45.639+0000] {logging_mixin.py:149} INFO - [2023-06-29T23:56:45.639+0000] {dagbag.py:541} INFO - Filling up the DagBag from /home/airflow/.local/lib/python3.7/site-packages/airflow/example_dags/example_python_operator.py
[2023-06-29T23:56:45.650+0000] {logging_mixin.py:149} INFO - [2023-06-29T23:56:45.650+0000] {taskmixin.py:211} WARNING - Dependency <Task(_PythonDecoratedOperator): print_the_context>, log_sql_query already registered for DAG: example_python_operator
[2023-06-29T23:56:45.650+0000] {logging_mixin.py:149} INFO - [2023-06-29T23:56:45.650+0000] {taskmixin.py:211} WARNING - Dependency <Task(_PythonDecoratedOperator): log_sql_query>, print_the_context already registered for DAG: example_python_operator
[2023-06-29T23:56:45.651+0000] {logging_mixin.py:149} INFO - [2023-06-29T23:56:45.651+0000] {taskmixin.py:211} WARNING - Dependency <Task(_PythonDecoratedOperator): print_the_context>, log_sql_query already registered for DAG: example_python_operator
[2023-06-29T23:56:45.652+0000] {logging_mixin.py:149} INFO - [2023-06-29T23:56:45.652+0000] {taskmixin.py:211} WARNING - Dependency <Task(_PythonDecoratedOperator): log_sql_query>, print_the_context already registered for DAG: example_python_operator
[2023-06-29T23:56:45.653+0000] {logging_mixin.py:149} INFO - [2023-06-29T23:56:45.653+0000] {taskmixin.py:211} WARNING - Dependency <Task(_PythonDecoratedOperator): print_the_context>, log_sql_query already registered for DAG: example_python_operator
[2023-06-29T23:56:45.653+0000] {logging_mixin.py:149} INFO - [2023-06-29T23:56:45.653+0000] {taskmixin.py:211} WARNING - Dependency <Task(_PythonDecoratedOperator): log_sql_query>, print_the_context already registered for DAG: example_python_operator
[2023-06-29T23:56:45.655+0000] {logging_mixin.py:149} INFO - [2023-06-29T23:56:45.655+0000] {taskmixin.py:211} WARNING - Dependency <Task(_PythonDecoratedOperator): print_the_context>, log_sql_query already registered for DAG: example_python_operator
[2023-06-29T23:56:45.655+0000] {logging_mixin.py:149} INFO - [2023-06-29T23:56:45.655+0000] {taskmixin.py:211} WARNING - Dependency <Task(_PythonDecoratedOperator): log_sql_query>, print_the_context already registered for DAG: example_python_operator
[2023-06-29T23:56:45.669+0000] {processor.py:809} INFO - DAG(s) dict_keys(['example_python_operator']) retrieved from /home/airflow/.local/lib/python3.7/site-packages/airflow/example_dags/example_python_operator.py
[2023-06-29T23:56:45.713+0000] {logging_mixin.py:149} INFO - [2023-06-29T23:56:45.713+0000] {dag.py:2726} INFO - Sync 1 DAGs
[2023-06-29T23:56:45.748+0000] {logging_mixin.py:149} INFO - [2023-06-29T23:56:45.748+0000] {dag.py:3490} INFO - Setting next_dagrun for example_python_operator to None, run_after=None
[2023-06-29T23:56:45.788+0000] {processor.py:178} INFO - Processing /home/airflow/.local/lib/python3.7/site-packages/airflow/example_dags/example_python_operator.py took 0.156 seconds
[2023-06-29T23:57:16.750+0000] {processor.py:156} INFO - Started process (PID=1179) to work on /home/airflow/.local/lib/python3.7/site-packages/airflow/example_dags/example_python_operator.py
[2023-06-29T23:57:16.752+0000] {processor.py:799} INFO - Processing file /home/airflow/.local/lib/python3.7/site-packages/airflow/example_dags/example_python_operator.py for tasks to queue
[2023-06-29T23:57:16.753+0000] {logging_mixin.py:149} INFO - [2023-06-29T23:57:16.753+0000] {dagbag.py:541} INFO - Filling up the DagBag from /home/airflow/.local/lib/python3.7/site-packages/airflow/example_dags/example_python_operator.py
[2023-06-29T23:57:16.762+0000] {logging_mixin.py:149} INFO - [2023-06-29T23:57:16.762+0000] {taskmixin.py:211} WARNING - Dependency <Task(_PythonDecoratedOperator): print_the_context>, log_sql_query already registered for DAG: example_python_operator
[2023-06-29T23:57:16.782+0000] {logging_mixin.py:149} INFO - [2023-06-29T23:57:16.782+0000] {taskmixin.py:211} WARNING - Dependency <Task(_PythonDecoratedOperator): log_sql_query>, print_the_context already registered for DAG: example_python_operator
[2023-06-29T23:57:16.788+0000] {logging_mixin.py:149} INFO - [2023-06-29T23:57:16.783+0000] {taskmixin.py:211} WARNING - Dependency <Task(_PythonDecoratedOperator): print_the_context>, log_sql_query already registered for DAG: example_python_operator
[2023-06-29T23:57:16.794+0000] {logging_mixin.py:149} INFO - [2023-06-29T23:57:16.794+0000] {taskmixin.py:211} WARNING - Dependency <Task(_PythonDecoratedOperator): log_sql_query>, print_the_context already registered for DAG: example_python_operator
[2023-06-29T23:57:16.796+0000] {logging_mixin.py:149} INFO - [2023-06-29T23:57:16.795+0000] {taskmixin.py:211} WARNING - Dependency <Task(_PythonDecoratedOperator): print_the_context>, log_sql_query already registered for DAG: example_python_operator
[2023-06-29T23:57:16.798+0000] {logging_mixin.py:149} INFO - [2023-06-29T23:57:16.798+0000] {taskmixin.py:211} WARNING - Dependency <Task(_PythonDecoratedOperator): log_sql_query>, print_the_context already registered for DAG: example_python_operator
[2023-06-29T23:57:16.799+0000] {logging_mixin.py:149} INFO - [2023-06-29T23:57:16.799+0000] {taskmixin.py:211} WARNING - Dependency <Task(_PythonDecoratedOperator): print_the_context>, log_sql_query already registered for DAG: example_python_operator
[2023-06-29T23:57:16.808+0000] {logging_mixin.py:149} INFO - [2023-06-29T23:57:16.808+0000] {taskmixin.py:211} WARNING - Dependency <Task(_PythonDecoratedOperator): log_sql_query>, print_the_context already registered for DAG: example_python_operator
[2023-06-29T23:57:16.812+0000] {processor.py:809} INFO - DAG(s) dict_keys(['example_python_operator']) retrieved from /home/airflow/.local/lib/python3.7/site-packages/airflow/example_dags/example_python_operator.py
[2023-06-29T23:57:16.915+0000] {logging_mixin.py:149} INFO - [2023-06-29T23:57:16.915+0000] {dag.py:2726} INFO - Sync 1 DAGs
[2023-06-29T23:57:16.985+0000] {logging_mixin.py:149} INFO - [2023-06-29T23:57:16.985+0000] {dag.py:3490} INFO - Setting next_dagrun for example_python_operator to None, run_after=None
[2023-06-29T23:57:17.032+0000] {processor.py:178} INFO - Processing /home/airflow/.local/lib/python3.7/site-packages/airflow/example_dags/example_python_operator.py took 0.297 seconds
[2023-06-29T23:57:47.915+0000] {processor.py:156} INFO - Started process (PID=1243) to work on /home/airflow/.local/lib/python3.7/site-packages/airflow/example_dags/example_python_operator.py
[2023-06-29T23:57:47.916+0000] {processor.py:799} INFO - Processing file /home/airflow/.local/lib/python3.7/site-packages/airflow/example_dags/example_python_operator.py for tasks to queue
[2023-06-29T23:57:47.917+0000] {logging_mixin.py:149} INFO - [2023-06-29T23:57:47.917+0000] {dagbag.py:541} INFO - Filling up the DagBag from /home/airflow/.local/lib/python3.7/site-packages/airflow/example_dags/example_python_operator.py
[2023-06-29T23:57:47.927+0000] {logging_mixin.py:149} INFO - [2023-06-29T23:57:47.926+0000] {taskmixin.py:211} WARNING - Dependency <Task(_PythonDecoratedOperator): print_the_context>, log_sql_query already registered for DAG: example_python_operator
[2023-06-29T23:57:47.927+0000] {logging_mixin.py:149} INFO - [2023-06-29T23:57:47.927+0000] {taskmixin.py:211} WARNING - Dependency <Task(_PythonDecoratedOperator): log_sql_query>, print_the_context already registered for DAG: example_python_operator
[2023-06-29T23:57:47.928+0000] {logging_mixin.py:149} INFO - [2023-06-29T23:57:47.928+0000] {taskmixin.py:211} WARNING - Dependency <Task(_PythonDecoratedOperator): print_the_context>, log_sql_query already registered for DAG: example_python_operator
[2023-06-29T23:57:47.929+0000] {logging_mixin.py:149} INFO - [2023-06-29T23:57:47.928+0000] {taskmixin.py:211} WARNING - Dependency <Task(_PythonDecoratedOperator): log_sql_query>, print_the_context already registered for DAG: example_python_operator
[2023-06-29T23:57:47.930+0000] {logging_mixin.py:149} INFO - [2023-06-29T23:57:47.929+0000] {taskmixin.py:211} WARNING - Dependency <Task(_PythonDecoratedOperator): print_the_context>, log_sql_query already registered for DAG: example_python_operator
[2023-06-29T23:57:47.930+0000] {logging_mixin.py:149} INFO - [2023-06-29T23:57:47.930+0000] {taskmixin.py:211} WARNING - Dependency <Task(_PythonDecoratedOperator): log_sql_query>, print_the_context already registered for DAG: example_python_operator
[2023-06-29T23:57:47.931+0000] {logging_mixin.py:149} INFO - [2023-06-29T23:57:47.931+0000] {taskmixin.py:211} WARNING - Dependency <Task(_PythonDecoratedOperator): print_the_context>, log_sql_query already registered for DAG: example_python_operator
[2023-06-29T23:57:47.931+0000] {logging_mixin.py:149} INFO - [2023-06-29T23:57:47.931+0000] {taskmixin.py:211} WARNING - Dependency <Task(_PythonDecoratedOperator): log_sql_query>, print_the_context already registered for DAG: example_python_operator
[2023-06-29T23:57:47.935+0000] {processor.py:809} INFO - DAG(s) dict_keys(['example_python_operator']) retrieved from /home/airflow/.local/lib/python3.7/site-packages/airflow/example_dags/example_python_operator.py
[2023-06-29T23:57:47.975+0000] {logging_mixin.py:149} INFO - [2023-06-29T23:57:47.975+0000] {dag.py:2726} INFO - Sync 1 DAGs
[2023-06-29T23:57:48.011+0000] {logging_mixin.py:149} INFO - [2023-06-29T23:57:48.010+0000] {dag.py:3490} INFO - Setting next_dagrun for example_python_operator to None, run_after=None
[2023-06-29T23:57:48.036+0000] {processor.py:178} INFO - Processing /home/airflow/.local/lib/python3.7/site-packages/airflow/example_dags/example_python_operator.py took 0.125 seconds
[2023-06-29T23:58:18.312+0000] {processor.py:156} INFO - Started process (PID=1300) to work on /home/airflow/.local/lib/python3.7/site-packages/airflow/example_dags/example_python_operator.py
[2023-06-29T23:58:18.319+0000] {processor.py:799} INFO - Processing file /home/airflow/.local/lib/python3.7/site-packages/airflow/example_dags/example_python_operator.py for tasks to queue
[2023-06-29T23:58:18.320+0000] {logging_mixin.py:149} INFO - [2023-06-29T23:58:18.320+0000] {dagbag.py:541} INFO - Filling up the DagBag from /home/airflow/.local/lib/python3.7/site-packages/airflow/example_dags/example_python_operator.py
[2023-06-29T23:58:18.339+0000] {logging_mixin.py:149} INFO - [2023-06-29T23:58:18.339+0000] {taskmixin.py:211} WARNING - Dependency <Task(_PythonDecoratedOperator): print_the_context>, log_sql_query already registered for DAG: example_python_operator
[2023-06-29T23:58:18.344+0000] {logging_mixin.py:149} INFO - [2023-06-29T23:58:18.344+0000] {taskmixin.py:211} WARNING - Dependency <Task(_PythonDecoratedOperator): log_sql_query>, print_the_context already registered for DAG: example_python_operator
[2023-06-29T23:58:18.345+0000] {logging_mixin.py:149} INFO - [2023-06-29T23:58:18.345+0000] {taskmixin.py:211} WARNING - Dependency <Task(_PythonDecoratedOperator): print_the_context>, log_sql_query already registered for DAG: example_python_operator
[2023-06-29T23:58:18.346+0000] {logging_mixin.py:149} INFO - [2023-06-29T23:58:18.346+0000] {taskmixin.py:211} WARNING - Dependency <Task(_PythonDecoratedOperator): log_sql_query>, print_the_context already registered for DAG: example_python_operator
[2023-06-29T23:58:18.347+0000] {logging_mixin.py:149} INFO - [2023-06-29T23:58:18.347+0000] {taskmixin.py:211} WARNING - Dependency <Task(_PythonDecoratedOperator): print_the_context>, log_sql_query already registered for DAG: example_python_operator
[2023-06-29T23:58:18.352+0000] {logging_mixin.py:149} INFO - [2023-06-29T23:58:18.352+0000] {taskmixin.py:211} WARNING - Dependency <Task(_PythonDecoratedOperator): log_sql_query>, print_the_context already registered for DAG: example_python_operator
[2023-06-29T23:58:18.353+0000] {logging_mixin.py:149} INFO - [2023-06-29T23:58:18.353+0000] {taskmixin.py:211} WARNING - Dependency <Task(_PythonDecoratedOperator): print_the_context>, log_sql_query already registered for DAG: example_python_operator
[2023-06-29T23:58:18.354+0000] {logging_mixin.py:149} INFO - [2023-06-29T23:58:18.354+0000] {taskmixin.py:211} WARNING - Dependency <Task(_PythonDecoratedOperator): log_sql_query>, print_the_context already registered for DAG: example_python_operator
[2023-06-29T23:58:18.358+0000] {processor.py:809} INFO - DAG(s) dict_keys(['example_python_operator']) retrieved from /home/airflow/.local/lib/python3.7/site-packages/airflow/example_dags/example_python_operator.py
[2023-06-29T23:58:18.412+0000] {logging_mixin.py:149} INFO - [2023-06-29T23:58:18.412+0000] {dag.py:2726} INFO - Sync 1 DAGs
[2023-06-29T23:58:18.450+0000] {logging_mixin.py:149} INFO - [2023-06-29T23:58:18.450+0000] {dag.py:3490} INFO - Setting next_dagrun for example_python_operator to None, run_after=None
[2023-06-29T23:58:18.491+0000] {processor.py:178} INFO - Processing /home/airflow/.local/lib/python3.7/site-packages/airflow/example_dags/example_python_operator.py took 0.184 seconds
[2023-06-29T23:58:48.960+0000] {processor.py:156} INFO - Started process (PID=1358) to work on /home/airflow/.local/lib/python3.7/site-packages/airflow/example_dags/example_python_operator.py
[2023-06-29T23:58:48.960+0000] {processor.py:799} INFO - Processing file /home/airflow/.local/lib/python3.7/site-packages/airflow/example_dags/example_python_operator.py for tasks to queue
[2023-06-29T23:58:48.961+0000] {logging_mixin.py:149} INFO - [2023-06-29T23:58:48.961+0000] {dagbag.py:541} INFO - Filling up the DagBag from /home/airflow/.local/lib/python3.7/site-packages/airflow/example_dags/example_python_operator.py
[2023-06-29T23:58:48.970+0000] {logging_mixin.py:149} INFO - [2023-06-29T23:58:48.970+0000] {taskmixin.py:211} WARNING - Dependency <Task(_PythonDecoratedOperator): print_the_context>, log_sql_query already registered for DAG: example_python_operator
[2023-06-29T23:58:48.970+0000] {logging_mixin.py:149} INFO - [2023-06-29T23:58:48.970+0000] {taskmixin.py:211} WARNING - Dependency <Task(_PythonDecoratedOperator): log_sql_query>, print_the_context already registered for DAG: example_python_operator
[2023-06-29T23:58:48.971+0000] {logging_mixin.py:149} INFO - [2023-06-29T23:58:48.971+0000] {taskmixin.py:211} WARNING - Dependency <Task(_PythonDecoratedOperator): print_the_context>, log_sql_query already registered for DAG: example_python_operator
[2023-06-29T23:58:48.972+0000] {logging_mixin.py:149} INFO - [2023-06-29T23:58:48.971+0000] {taskmixin.py:211} WARNING - Dependency <Task(_PythonDecoratedOperator): log_sql_query>, print_the_context already registered for DAG: example_python_operator
[2023-06-29T23:58:48.972+0000] {logging_mixin.py:149} INFO - [2023-06-29T23:58:48.972+0000] {taskmixin.py:211} WARNING - Dependency <Task(_PythonDecoratedOperator): print_the_context>, log_sql_query already registered for DAG: example_python_operator
[2023-06-29T23:58:48.973+0000] {logging_mixin.py:149} INFO - [2023-06-29T23:58:48.973+0000] {taskmixin.py:211} WARNING - Dependency <Task(_PythonDecoratedOperator): log_sql_query>, print_the_context already registered for DAG: example_python_operator
[2023-06-29T23:58:48.974+0000] {logging_mixin.py:149} INFO - [2023-06-29T23:58:48.973+0000] {taskmixin.py:211} WARNING - Dependency <Task(_PythonDecoratedOperator): print_the_context>, log_sql_query already registered for DAG: example_python_operator
[2023-06-29T23:58:48.974+0000] {logging_mixin.py:149} INFO - [2023-06-29T23:58:48.974+0000] {taskmixin.py:211} WARNING - Dependency <Task(_PythonDecoratedOperator): log_sql_query>, print_the_context already registered for DAG: example_python_operator
[2023-06-29T23:58:48.977+0000] {processor.py:809} INFO - DAG(s) dict_keys(['example_python_operator']) retrieved from /home/airflow/.local/lib/python3.7/site-packages/airflow/example_dags/example_python_operator.py
[2023-06-29T23:58:49.019+0000] {logging_mixin.py:149} INFO - [2023-06-29T23:58:49.019+0000] {dag.py:2726} INFO - Sync 1 DAGs
[2023-06-29T23:58:49.053+0000] {logging_mixin.py:149} INFO - [2023-06-29T23:58:49.053+0000] {dag.py:3490} INFO - Setting next_dagrun for example_python_operator to None, run_after=None
[2023-06-29T23:58:49.077+0000] {processor.py:178} INFO - Processing /home/airflow/.local/lib/python3.7/site-packages/airflow/example_dags/example_python_operator.py took 0.122 seconds
[2023-06-29T23:59:19.214+0000] {processor.py:156} INFO - Started process (PID=1416) to work on /home/airflow/.local/lib/python3.7/site-packages/airflow/example_dags/example_python_operator.py
[2023-06-29T23:59:19.216+0000] {processor.py:799} INFO - Processing file /home/airflow/.local/lib/python3.7/site-packages/airflow/example_dags/example_python_operator.py for tasks to queue
[2023-06-29T23:59:19.216+0000] {logging_mixin.py:149} INFO - [2023-06-29T23:59:19.216+0000] {dagbag.py:541} INFO - Filling up the DagBag from /home/airflow/.local/lib/python3.7/site-packages/airflow/example_dags/example_python_operator.py
[2023-06-29T23:59:19.226+0000] {logging_mixin.py:149} INFO - [2023-06-29T23:59:19.225+0000] {taskmixin.py:211} WARNING - Dependency <Task(_PythonDecoratedOperator): print_the_context>, log_sql_query already registered for DAG: example_python_operator
[2023-06-29T23:59:19.226+0000] {logging_mixin.py:149} INFO - [2023-06-29T23:59:19.226+0000] {taskmixin.py:211} WARNING - Dependency <Task(_PythonDecoratedOperator): log_sql_query>, print_the_context already registered for DAG: example_python_operator
[2023-06-29T23:59:19.227+0000] {logging_mixin.py:149} INFO - [2023-06-29T23:59:19.227+0000] {taskmixin.py:211} WARNING - Dependency <Task(_PythonDecoratedOperator): print_the_context>, log_sql_query already registered for DAG: example_python_operator
[2023-06-29T23:59:19.227+0000] {logging_mixin.py:149} INFO - [2023-06-29T23:59:19.227+0000] {taskmixin.py:211} WARNING - Dependency <Task(_PythonDecoratedOperator): log_sql_query>, print_the_context already registered for DAG: example_python_operator
[2023-06-29T23:59:19.228+0000] {logging_mixin.py:149} INFO - [2023-06-29T23:59:19.228+0000] {taskmixin.py:211} WARNING - Dependency <Task(_PythonDecoratedOperator): print_the_context>, log_sql_query already registered for DAG: example_python_operator
[2023-06-29T23:59:19.228+0000] {logging_mixin.py:149} INFO - [2023-06-29T23:59:19.228+0000] {taskmixin.py:211} WARNING - Dependency <Task(_PythonDecoratedOperator): log_sql_query>, print_the_context already registered for DAG: example_python_operator
[2023-06-29T23:59:19.229+0000] {logging_mixin.py:149} INFO - [2023-06-29T23:59:19.229+0000] {taskmixin.py:211} WARNING - Dependency <Task(_PythonDecoratedOperator): print_the_context>, log_sql_query already registered for DAG: example_python_operator
[2023-06-29T23:59:19.230+0000] {logging_mixin.py:149} INFO - [2023-06-29T23:59:19.229+0000] {taskmixin.py:211} WARNING - Dependency <Task(_PythonDecoratedOperator): log_sql_query>, print_the_context already registered for DAG: example_python_operator
[2023-06-29T23:59:19.233+0000] {processor.py:809} INFO - DAG(s) dict_keys(['example_python_operator']) retrieved from /home/airflow/.local/lib/python3.7/site-packages/airflow/example_dags/example_python_operator.py
[2023-06-29T23:59:19.301+0000] {logging_mixin.py:149} INFO - [2023-06-29T23:59:19.301+0000] {dag.py:2726} INFO - Sync 1 DAGs
[2023-06-29T23:59:19.338+0000] {logging_mixin.py:149} INFO - [2023-06-29T23:59:19.337+0000] {dag.py:3490} INFO - Setting next_dagrun for example_python_operator to None, run_after=None
[2023-06-29T23:59:19.362+0000] {processor.py:178} INFO - Processing /home/airflow/.local/lib/python3.7/site-packages/airflow/example_dags/example_python_operator.py took 0.153 seconds
[2023-06-29T23:59:49.565+0000] {processor.py:156} INFO - Started process (PID=1472) to work on /home/airflow/.local/lib/python3.7/site-packages/airflow/example_dags/example_python_operator.py
[2023-06-29T23:59:49.568+0000] {processor.py:799} INFO - Processing file /home/airflow/.local/lib/python3.7/site-packages/airflow/example_dags/example_python_operator.py for tasks to queue
[2023-06-29T23:59:49.569+0000] {logging_mixin.py:149} INFO - [2023-06-29T23:59:49.569+0000] {dagbag.py:541} INFO - Filling up the DagBag from /home/airflow/.local/lib/python3.7/site-packages/airflow/example_dags/example_python_operator.py
[2023-06-29T23:59:49.579+0000] {logging_mixin.py:149} INFO - [2023-06-29T23:59:49.579+0000] {taskmixin.py:211} WARNING - Dependency <Task(_PythonDecoratedOperator): print_the_context>, log_sql_query already registered for DAG: example_python_operator
[2023-06-29T23:59:49.579+0000] {logging_mixin.py:149} INFO - [2023-06-29T23:59:49.579+0000] {taskmixin.py:211} WARNING - Dependency <Task(_PythonDecoratedOperator): log_sql_query>, print_the_context already registered for DAG: example_python_operator
[2023-06-29T23:59:49.580+0000] {logging_mixin.py:149} INFO - [2023-06-29T23:59:49.580+0000] {taskmixin.py:211} WARNING - Dependency <Task(_PythonDecoratedOperator): print_the_context>, log_sql_query already registered for DAG: example_python_operator
[2023-06-29T23:59:49.581+0000] {logging_mixin.py:149} INFO - [2023-06-29T23:59:49.581+0000] {taskmixin.py:211} WARNING - Dependency <Task(_PythonDecoratedOperator): log_sql_query>, print_the_context already registered for DAG: example_python_operator
[2023-06-29T23:59:49.582+0000] {logging_mixin.py:149} INFO - [2023-06-29T23:59:49.581+0000] {taskmixin.py:211} WARNING - Dependency <Task(_PythonDecoratedOperator): print_the_context>, log_sql_query already registered for DAG: example_python_operator
[2023-06-29T23:59:49.582+0000] {logging_mixin.py:149} INFO - [2023-06-29T23:59:49.582+0000] {taskmixin.py:211} WARNING - Dependency <Task(_PythonDecoratedOperator): log_sql_query>, print_the_context already registered for DAG: example_python_operator
[2023-06-29T23:59:49.583+0000] {logging_mixin.py:149} INFO - [2023-06-29T23:59:49.583+0000] {taskmixin.py:211} WARNING - Dependency <Task(_PythonDecoratedOperator): print_the_context>, log_sql_query already registered for DAG: example_python_operator
[2023-06-29T23:59:49.583+0000] {logging_mixin.py:149} INFO - [2023-06-29T23:59:49.583+0000] {taskmixin.py:211} WARNING - Dependency <Task(_PythonDecoratedOperator): log_sql_query>, print_the_context already registered for DAG: example_python_operator
[2023-06-29T23:59:49.587+0000] {processor.py:809} INFO - DAG(s) dict_keys(['example_python_operator']) retrieved from /home/airflow/.local/lib/python3.7/site-packages/airflow/example_dags/example_python_operator.py
[2023-06-29T23:59:49.625+0000] {logging_mixin.py:149} INFO - [2023-06-29T23:59:49.625+0000] {dag.py:2726} INFO - Sync 1 DAGs
[2023-06-29T23:59:49.660+0000] {logging_mixin.py:149} INFO - [2023-06-29T23:59:49.660+0000] {dag.py:3490} INFO - Setting next_dagrun for example_python_operator to None, run_after=None
[2023-06-29T23:59:49.685+0000] {processor.py:178} INFO - Processing /home/airflow/.local/lib/python3.7/site-packages/airflow/example_dags/example_python_operator.py took 0.127 seconds
