[2023-06-29T23:47:04.528+0000] {processor.py:156} INFO - Started process (PID=44) to work on /home/airflow/.local/lib/python3.7/site-packages/airflow/example_dags/tutorial_dag.py
[2023-06-29T23:47:04.529+0000] {processor.py:799} INFO - Processing file /home/airflow/.local/lib/python3.7/site-packages/airflow/example_dags/tutorial_dag.py for tasks to queue
[2023-06-29T23:47:04.530+0000] {logging_mixin.py:149} INFO - [2023-06-29T23:47:04.530+0000] {dagbag.py:541} INFO - Filling up the DagBag from /home/airflow/.local/lib/python3.7/site-packages/airflow/example_dags/tutorial_dag.py
[2023-06-29T23:47:04.550+0000] {processor.py:809} INFO - DAG(s) dict_keys(['tutorial_dag']) retrieved from /home/airflow/.local/lib/python3.7/site-packages/airflow/example_dags/tutorial_dag.py
[2023-06-29T23:47:04.615+0000] {logging_mixin.py:149} INFO - [2023-06-29T23:47:04.615+0000] {dag.py:2726} INFO - Sync 1 DAGs
[2023-06-29T23:47:04.692+0000] {logging_mixin.py:149} INFO - [2023-06-29T23:47:04.692+0000] {dag.py:3490} INFO - Setting next_dagrun for tutorial_dag to None, run_after=None
[2023-06-29T23:47:04.775+0000] {processor.py:178} INFO - Processing /home/airflow/.local/lib/python3.7/site-packages/airflow/example_dags/tutorial_dag.py took 0.264 seconds
[2023-06-29T23:47:35.450+0000] {processor.py:156} INFO - Started process (PID=101) to work on /home/airflow/.local/lib/python3.7/site-packages/airflow/example_dags/tutorial_dag.py
[2023-06-29T23:47:35.452+0000] {processor.py:799} INFO - Processing file /home/airflow/.local/lib/python3.7/site-packages/airflow/example_dags/tutorial_dag.py for tasks to queue
[2023-06-29T23:47:35.452+0000] {logging_mixin.py:149} INFO - [2023-06-29T23:47:35.452+0000] {dagbag.py:541} INFO - Filling up the DagBag from /home/airflow/.local/lib/python3.7/site-packages/airflow/example_dags/tutorial_dag.py
[2023-06-29T23:47:35.459+0000] {processor.py:809} INFO - DAG(s) dict_keys(['tutorial_dag']) retrieved from /home/airflow/.local/lib/python3.7/site-packages/airflow/example_dags/tutorial_dag.py
[2023-06-29T23:47:35.490+0000] {logging_mixin.py:149} INFO - [2023-06-29T23:47:35.490+0000] {dag.py:2726} INFO - Sync 1 DAGs
[2023-06-29T23:47:35.525+0000] {logging_mixin.py:149} INFO - [2023-06-29T23:47:35.525+0000] {dag.py:3490} INFO - Setting next_dagrun for tutorial_dag to None, run_after=None
[2023-06-29T23:47:35.550+0000] {processor.py:178} INFO - Processing /home/airflow/.local/lib/python3.7/site-packages/airflow/example_dags/tutorial_dag.py took 0.104 seconds
[2023-06-29T23:48:05.691+0000] {processor.py:156} INFO - Started process (PID=158) to work on /home/airflow/.local/lib/python3.7/site-packages/airflow/example_dags/tutorial_dag.py
[2023-06-29T23:48:05.692+0000] {processor.py:799} INFO - Processing file /home/airflow/.local/lib/python3.7/site-packages/airflow/example_dags/tutorial_dag.py for tasks to queue
[2023-06-29T23:48:05.693+0000] {logging_mixin.py:149} INFO - [2023-06-29T23:48:05.693+0000] {dagbag.py:541} INFO - Filling up the DagBag from /home/airflow/.local/lib/python3.7/site-packages/airflow/example_dags/tutorial_dag.py
[2023-06-29T23:48:05.699+0000] {processor.py:809} INFO - DAG(s) dict_keys(['tutorial_dag']) retrieved from /home/airflow/.local/lib/python3.7/site-packages/airflow/example_dags/tutorial_dag.py
[2023-06-29T23:48:05.730+0000] {logging_mixin.py:149} INFO - [2023-06-29T23:48:05.730+0000] {dag.py:2726} INFO - Sync 1 DAGs
[2023-06-29T23:48:05.763+0000] {logging_mixin.py:149} INFO - [2023-06-29T23:48:05.763+0000] {dag.py:3490} INFO - Setting next_dagrun for tutorial_dag to None, run_after=None
[2023-06-29T23:48:05.785+0000] {processor.py:178} INFO - Processing /home/airflow/.local/lib/python3.7/site-packages/airflow/example_dags/tutorial_dag.py took 0.099 seconds
[2023-06-29T23:48:36.144+0000] {processor.py:156} INFO - Started process (PID=215) to work on /home/airflow/.local/lib/python3.7/site-packages/airflow/example_dags/tutorial_dag.py
[2023-06-29T23:48:36.145+0000] {processor.py:799} INFO - Processing file /home/airflow/.local/lib/python3.7/site-packages/airflow/example_dags/tutorial_dag.py for tasks to queue
[2023-06-29T23:48:36.145+0000] {logging_mixin.py:149} INFO - [2023-06-29T23:48:36.145+0000] {dagbag.py:541} INFO - Filling up the DagBag from /home/airflow/.local/lib/python3.7/site-packages/airflow/example_dags/tutorial_dag.py
[2023-06-29T23:48:36.152+0000] {processor.py:809} INFO - DAG(s) dict_keys(['tutorial_dag']) retrieved from /home/airflow/.local/lib/python3.7/site-packages/airflow/example_dags/tutorial_dag.py
[2023-06-29T23:48:36.183+0000] {logging_mixin.py:149} INFO - [2023-06-29T23:48:36.183+0000] {dag.py:2726} INFO - Sync 1 DAGs
[2023-06-29T23:48:36.216+0000] {logging_mixin.py:149} INFO - [2023-06-29T23:48:36.215+0000] {dag.py:3490} INFO - Setting next_dagrun for tutorial_dag to None, run_after=None
[2023-06-29T23:48:36.238+0000] {processor.py:178} INFO - Processing /home/airflow/.local/lib/python3.7/site-packages/airflow/example_dags/tutorial_dag.py took 0.098 seconds
[2023-06-29T23:49:06.299+0000] {processor.py:156} INFO - Started process (PID=272) to work on /home/airflow/.local/lib/python3.7/site-packages/airflow/example_dags/tutorial_dag.py
[2023-06-29T23:49:06.302+0000] {processor.py:799} INFO - Processing file /home/airflow/.local/lib/python3.7/site-packages/airflow/example_dags/tutorial_dag.py for tasks to queue
[2023-06-29T23:49:06.303+0000] {logging_mixin.py:149} INFO - [2023-06-29T23:49:06.303+0000] {dagbag.py:541} INFO - Filling up the DagBag from /home/airflow/.local/lib/python3.7/site-packages/airflow/example_dags/tutorial_dag.py
[2023-06-29T23:49:06.311+0000] {processor.py:809} INFO - DAG(s) dict_keys(['tutorial_dag']) retrieved from /home/airflow/.local/lib/python3.7/site-packages/airflow/example_dags/tutorial_dag.py
[2023-06-29T23:49:06.346+0000] {logging_mixin.py:149} INFO - [2023-06-29T23:49:06.344+0000] {dag.py:2726} INFO - Sync 1 DAGs
[2023-06-29T23:49:06.379+0000] {logging_mixin.py:149} INFO - [2023-06-29T23:49:06.379+0000] {dag.py:3490} INFO - Setting next_dagrun for tutorial_dag to None, run_after=None
[2023-06-29T23:49:06.402+0000] {processor.py:178} INFO - Processing /home/airflow/.local/lib/python3.7/site-packages/airflow/example_dags/tutorial_dag.py took 0.108 seconds
[2023-06-29T23:49:36.870+0000] {processor.py:156} INFO - Started process (PID=330) to work on /home/airflow/.local/lib/python3.7/site-packages/airflow/example_dags/tutorial_dag.py
[2023-06-29T23:49:36.877+0000] {processor.py:799} INFO - Processing file /home/airflow/.local/lib/python3.7/site-packages/airflow/example_dags/tutorial_dag.py for tasks to queue
[2023-06-29T23:49:36.877+0000] {logging_mixin.py:149} INFO - [2023-06-29T23:49:36.877+0000] {dagbag.py:541} INFO - Filling up the DagBag from /home/airflow/.local/lib/python3.7/site-packages/airflow/example_dags/tutorial_dag.py
[2023-06-29T23:49:36.884+0000] {processor.py:809} INFO - DAG(s) dict_keys(['tutorial_dag']) retrieved from /home/airflow/.local/lib/python3.7/site-packages/airflow/example_dags/tutorial_dag.py
[2023-06-29T23:49:36.916+0000] {logging_mixin.py:149} INFO - [2023-06-29T23:49:36.916+0000] {dag.py:2726} INFO - Sync 1 DAGs
[2023-06-29T23:49:36.949+0000] {logging_mixin.py:149} INFO - [2023-06-29T23:49:36.949+0000] {dag.py:3490} INFO - Setting next_dagrun for tutorial_dag to None, run_after=None
[2023-06-29T23:49:36.972+0000] {processor.py:178} INFO - Processing /home/airflow/.local/lib/python3.7/site-packages/airflow/example_dags/tutorial_dag.py took 0.106 seconds
[2023-06-29T23:50:07.556+0000] {processor.py:156} INFO - Started process (PID=386) to work on /home/airflow/.local/lib/python3.7/site-packages/airflow/example_dags/tutorial_dag.py
[2023-06-29T23:50:07.563+0000] {processor.py:799} INFO - Processing file /home/airflow/.local/lib/python3.7/site-packages/airflow/example_dags/tutorial_dag.py for tasks to queue
[2023-06-29T23:50:07.564+0000] {logging_mixin.py:149} INFO - [2023-06-29T23:50:07.564+0000] {dagbag.py:541} INFO - Filling up the DagBag from /home/airflow/.local/lib/python3.7/site-packages/airflow/example_dags/tutorial_dag.py
[2023-06-29T23:50:07.570+0000] {processor.py:809} INFO - DAG(s) dict_keys(['tutorial_dag']) retrieved from /home/airflow/.local/lib/python3.7/site-packages/airflow/example_dags/tutorial_dag.py
[2023-06-29T23:50:07.632+0000] {logging_mixin.py:149} INFO - [2023-06-29T23:50:07.631+0000] {dag.py:2726} INFO - Sync 1 DAGs
[2023-06-29T23:50:07.668+0000] {logging_mixin.py:149} INFO - [2023-06-29T23:50:07.668+0000] {dag.py:3490} INFO - Setting next_dagrun for tutorial_dag to None, run_after=None
[2023-06-29T23:50:07.691+0000] {processor.py:178} INFO - Processing /home/airflow/.local/lib/python3.7/site-packages/airflow/example_dags/tutorial_dag.py took 0.142 seconds
[2023-06-29T23:50:38.096+0000] {processor.py:156} INFO - Started process (PID=443) to work on /home/airflow/.local/lib/python3.7/site-packages/airflow/example_dags/tutorial_dag.py
[2023-06-29T23:50:38.097+0000] {processor.py:799} INFO - Processing file /home/airflow/.local/lib/python3.7/site-packages/airflow/example_dags/tutorial_dag.py for tasks to queue
[2023-06-29T23:50:38.098+0000] {logging_mixin.py:149} INFO - [2023-06-29T23:50:38.098+0000] {dagbag.py:541} INFO - Filling up the DagBag from /home/airflow/.local/lib/python3.7/site-packages/airflow/example_dags/tutorial_dag.py
[2023-06-29T23:50:38.104+0000] {processor.py:809} INFO - DAG(s) dict_keys(['tutorial_dag']) retrieved from /home/airflow/.local/lib/python3.7/site-packages/airflow/example_dags/tutorial_dag.py
[2023-06-29T23:50:38.136+0000] {logging_mixin.py:149} INFO - [2023-06-29T23:50:38.136+0000] {dag.py:2726} INFO - Sync 1 DAGs
[2023-06-29T23:50:38.170+0000] {logging_mixin.py:149} INFO - [2023-06-29T23:50:38.170+0000] {dag.py:3490} INFO - Setting next_dagrun for tutorial_dag to None, run_after=None
[2023-06-29T23:50:38.194+0000] {processor.py:178} INFO - Processing /home/airflow/.local/lib/python3.7/site-packages/airflow/example_dags/tutorial_dag.py took 0.102 seconds
[2023-06-29T23:51:08.867+0000] {processor.py:156} INFO - Started process (PID=500) to work on /home/airflow/.local/lib/python3.7/site-packages/airflow/example_dags/tutorial_dag.py
[2023-06-29T23:51:08.868+0000] {processor.py:799} INFO - Processing file /home/airflow/.local/lib/python3.7/site-packages/airflow/example_dags/tutorial_dag.py for tasks to queue
[2023-06-29T23:51:08.869+0000] {logging_mixin.py:149} INFO - [2023-06-29T23:51:08.869+0000] {dagbag.py:541} INFO - Filling up the DagBag from /home/airflow/.local/lib/python3.7/site-packages/airflow/example_dags/tutorial_dag.py
[2023-06-29T23:51:08.885+0000] {processor.py:809} INFO - DAG(s) dict_keys(['tutorial_dag']) retrieved from /home/airflow/.local/lib/python3.7/site-packages/airflow/example_dags/tutorial_dag.py
[2023-06-29T23:51:08.942+0000] {logging_mixin.py:149} INFO - [2023-06-29T23:51:08.942+0000] {dag.py:2726} INFO - Sync 1 DAGs
[2023-06-29T23:51:09.024+0000] {logging_mixin.py:149} INFO - [2023-06-29T23:51:09.024+0000] {dag.py:3490} INFO - Setting next_dagrun for tutorial_dag to None, run_after=None
[2023-06-29T23:51:09.082+0000] {processor.py:178} INFO - Processing /home/airflow/.local/lib/python3.7/site-packages/airflow/example_dags/tutorial_dag.py took 0.231 seconds
[2023-06-29T23:51:39.761+0000] {processor.py:156} INFO - Started process (PID=557) to work on /home/airflow/.local/lib/python3.7/site-packages/airflow/example_dags/tutorial_dag.py
[2023-06-29T23:51:39.762+0000] {processor.py:799} INFO - Processing file /home/airflow/.local/lib/python3.7/site-packages/airflow/example_dags/tutorial_dag.py for tasks to queue
[2023-06-29T23:51:39.771+0000] {logging_mixin.py:149} INFO - [2023-06-29T23:51:39.771+0000] {dagbag.py:541} INFO - Filling up the DagBag from /home/airflow/.local/lib/python3.7/site-packages/airflow/example_dags/tutorial_dag.py
[2023-06-29T23:51:39.780+0000] {processor.py:809} INFO - DAG(s) dict_keys(['tutorial_dag']) retrieved from /home/airflow/.local/lib/python3.7/site-packages/airflow/example_dags/tutorial_dag.py
[2023-06-29T23:51:39.843+0000] {logging_mixin.py:149} INFO - [2023-06-29T23:51:39.843+0000] {dag.py:2726} INFO - Sync 1 DAGs
[2023-06-29T23:51:39.910+0000] {logging_mixin.py:149} INFO - [2023-06-29T23:51:39.909+0000] {dag.py:3490} INFO - Setting next_dagrun for tutorial_dag to None, run_after=None
[2023-06-29T23:51:39.960+0000] {processor.py:178} INFO - Processing /home/airflow/.local/lib/python3.7/site-packages/airflow/example_dags/tutorial_dag.py took 0.203 seconds
[2023-06-29T23:52:10.920+0000] {processor.py:156} INFO - Started process (PID=614) to work on /home/airflow/.local/lib/python3.7/site-packages/airflow/example_dags/tutorial_dag.py
[2023-06-29T23:52:10.930+0000] {processor.py:799} INFO - Processing file /home/airflow/.local/lib/python3.7/site-packages/airflow/example_dags/tutorial_dag.py for tasks to queue
[2023-06-29T23:52:10.931+0000] {logging_mixin.py:149} INFO - [2023-06-29T23:52:10.931+0000] {dagbag.py:541} INFO - Filling up the DagBag from /home/airflow/.local/lib/python3.7/site-packages/airflow/example_dags/tutorial_dag.py
[2023-06-29T23:52:10.955+0000] {processor.py:809} INFO - DAG(s) dict_keys(['tutorial_dag']) retrieved from /home/airflow/.local/lib/python3.7/site-packages/airflow/example_dags/tutorial_dag.py
[2023-06-29T23:52:11.023+0000] {logging_mixin.py:149} INFO - [2023-06-29T23:52:11.023+0000] {dag.py:2726} INFO - Sync 1 DAGs
[2023-06-29T23:52:11.090+0000] {logging_mixin.py:149} INFO - [2023-06-29T23:52:11.090+0000] {dag.py:3490} INFO - Setting next_dagrun for tutorial_dag to None, run_after=None
[2023-06-29T23:52:11.155+0000] {processor.py:178} INFO - Processing /home/airflow/.local/lib/python3.7/site-packages/airflow/example_dags/tutorial_dag.py took 0.249 seconds
[2023-06-29T23:52:41.904+0000] {processor.py:156} INFO - Started process (PID=671) to work on /home/airflow/.local/lib/python3.7/site-packages/airflow/example_dags/tutorial_dag.py
[2023-06-29T23:52:41.909+0000] {processor.py:799} INFO - Processing file /home/airflow/.local/lib/python3.7/site-packages/airflow/example_dags/tutorial_dag.py for tasks to queue
[2023-06-29T23:52:41.910+0000] {logging_mixin.py:149} INFO - [2023-06-29T23:52:41.909+0000] {dagbag.py:541} INFO - Filling up the DagBag from /home/airflow/.local/lib/python3.7/site-packages/airflow/example_dags/tutorial_dag.py
[2023-06-29T23:52:41.916+0000] {processor.py:809} INFO - DAG(s) dict_keys(['tutorial_dag']) retrieved from /home/airflow/.local/lib/python3.7/site-packages/airflow/example_dags/tutorial_dag.py
[2023-06-29T23:52:41.963+0000] {logging_mixin.py:149} INFO - [2023-06-29T23:52:41.963+0000] {dag.py:2726} INFO - Sync 1 DAGs
[2023-06-29T23:52:42.021+0000] {logging_mixin.py:149} INFO - [2023-06-29T23:52:42.021+0000] {dag.py:3490} INFO - Setting next_dagrun for tutorial_dag to None, run_after=None
[2023-06-29T23:52:42.071+0000] {processor.py:178} INFO - Processing /home/airflow/.local/lib/python3.7/site-packages/airflow/example_dags/tutorial_dag.py took 0.176 seconds
[2023-06-29T23:53:12.500+0000] {processor.py:156} INFO - Started process (PID=728) to work on /home/airflow/.local/lib/python3.7/site-packages/airflow/example_dags/tutorial_dag.py
[2023-06-29T23:53:12.501+0000] {processor.py:799} INFO - Processing file /home/airflow/.local/lib/python3.7/site-packages/airflow/example_dags/tutorial_dag.py for tasks to queue
[2023-06-29T23:53:12.502+0000] {logging_mixin.py:149} INFO - [2023-06-29T23:53:12.501+0000] {dagbag.py:541} INFO - Filling up the DagBag from /home/airflow/.local/lib/python3.7/site-packages/airflow/example_dags/tutorial_dag.py
[2023-06-29T23:53:12.509+0000] {processor.py:809} INFO - DAG(s) dict_keys(['tutorial_dag']) retrieved from /home/airflow/.local/lib/python3.7/site-packages/airflow/example_dags/tutorial_dag.py
[2023-06-29T23:53:12.539+0000] {logging_mixin.py:149} INFO - [2023-06-29T23:53:12.539+0000] {dag.py:2726} INFO - Sync 1 DAGs
[2023-06-29T23:53:12.570+0000] {logging_mixin.py:149} INFO - [2023-06-29T23:53:12.570+0000] {dag.py:3490} INFO - Setting next_dagrun for tutorial_dag to None, run_after=None
[2023-06-29T23:53:12.593+0000] {processor.py:178} INFO - Processing /home/airflow/.local/lib/python3.7/site-packages/airflow/example_dags/tutorial_dag.py took 0.097 seconds
[2023-06-29T23:53:43.174+0000] {processor.py:156} INFO - Started process (PID=785) to work on /home/airflow/.local/lib/python3.7/site-packages/airflow/example_dags/tutorial_dag.py
[2023-06-29T23:53:43.179+0000] {processor.py:799} INFO - Processing file /home/airflow/.local/lib/python3.7/site-packages/airflow/example_dags/tutorial_dag.py for tasks to queue
[2023-06-29T23:53:43.180+0000] {logging_mixin.py:149} INFO - [2023-06-29T23:53:43.180+0000] {dagbag.py:541} INFO - Filling up the DagBag from /home/airflow/.local/lib/python3.7/site-packages/airflow/example_dags/tutorial_dag.py
[2023-06-29T23:53:43.193+0000] {processor.py:809} INFO - DAG(s) dict_keys(['tutorial_dag']) retrieved from /home/airflow/.local/lib/python3.7/site-packages/airflow/example_dags/tutorial_dag.py
[2023-06-29T23:53:43.278+0000] {logging_mixin.py:149} INFO - [2023-06-29T23:53:43.278+0000] {dag.py:2726} INFO - Sync 1 DAGs
[2023-06-29T23:53:43.315+0000] {logging_mixin.py:149} INFO - [2023-06-29T23:53:43.315+0000] {dag.py:3490} INFO - Setting next_dagrun for tutorial_dag to None, run_after=None
[2023-06-29T23:53:43.369+0000] {processor.py:178} INFO - Processing /home/airflow/.local/lib/python3.7/site-packages/airflow/example_dags/tutorial_dag.py took 0.201 seconds
[2023-06-29T23:54:14.229+0000] {processor.py:156} INFO - Started process (PID=843) to work on /home/airflow/.local/lib/python3.7/site-packages/airflow/example_dags/tutorial_dag.py
[2023-06-29T23:54:14.230+0000] {processor.py:799} INFO - Processing file /home/airflow/.local/lib/python3.7/site-packages/airflow/example_dags/tutorial_dag.py for tasks to queue
[2023-06-29T23:54:14.243+0000] {logging_mixin.py:149} INFO - [2023-06-29T23:54:14.243+0000] {dagbag.py:541} INFO - Filling up the DagBag from /home/airflow/.local/lib/python3.7/site-packages/airflow/example_dags/tutorial_dag.py
[2023-06-29T23:54:14.262+0000] {processor.py:809} INFO - DAG(s) dict_keys(['tutorial_dag']) retrieved from /home/airflow/.local/lib/python3.7/site-packages/airflow/example_dags/tutorial_dag.py
[2023-06-29T23:54:14.347+0000] {logging_mixin.py:149} INFO - [2023-06-29T23:54:14.347+0000] {dag.py:2726} INFO - Sync 1 DAGs
[2023-06-29T23:54:14.380+0000] {logging_mixin.py:149} INFO - [2023-06-29T23:54:14.380+0000] {dag.py:3490} INFO - Setting next_dagrun for tutorial_dag to None, run_after=None
[2023-06-29T23:54:14.431+0000] {processor.py:178} INFO - Processing /home/airflow/.local/lib/python3.7/site-packages/airflow/example_dags/tutorial_dag.py took 0.219 seconds
[2023-06-29T23:54:44.525+0000] {processor.py:156} INFO - Started process (PID=900) to work on /home/airflow/.local/lib/python3.7/site-packages/airflow/example_dags/tutorial_dag.py
[2023-06-29T23:54:44.527+0000] {processor.py:799} INFO - Processing file /home/airflow/.local/lib/python3.7/site-packages/airflow/example_dags/tutorial_dag.py for tasks to queue
[2023-06-29T23:54:44.531+0000] {logging_mixin.py:149} INFO - [2023-06-29T23:54:44.531+0000] {dagbag.py:541} INFO - Filling up the DagBag from /home/airflow/.local/lib/python3.7/site-packages/airflow/example_dags/tutorial_dag.py
[2023-06-29T23:54:44.541+0000] {processor.py:809} INFO - DAG(s) dict_keys(['tutorial_dag']) retrieved from /home/airflow/.local/lib/python3.7/site-packages/airflow/example_dags/tutorial_dag.py
[2023-06-29T23:54:44.574+0000] {logging_mixin.py:149} INFO - [2023-06-29T23:54:44.574+0000] {dag.py:2726} INFO - Sync 1 DAGs
[2023-06-29T23:54:44.612+0000] {logging_mixin.py:149} INFO - [2023-06-29T23:54:44.612+0000] {dag.py:3490} INFO - Setting next_dagrun for tutorial_dag to None, run_after=None
[2023-06-29T23:54:44.642+0000] {processor.py:178} INFO - Processing /home/airflow/.local/lib/python3.7/site-packages/airflow/example_dags/tutorial_dag.py took 0.120 seconds
[2023-06-29T23:55:14.956+0000] {processor.py:156} INFO - Started process (PID=956) to work on /home/airflow/.local/lib/python3.7/site-packages/airflow/example_dags/tutorial_dag.py
[2023-06-29T23:55:14.959+0000] {processor.py:799} INFO - Processing file /home/airflow/.local/lib/python3.7/site-packages/airflow/example_dags/tutorial_dag.py for tasks to queue
[2023-06-29T23:55:14.961+0000] {logging_mixin.py:149} INFO - [2023-06-29T23:55:14.961+0000] {dagbag.py:541} INFO - Filling up the DagBag from /home/airflow/.local/lib/python3.7/site-packages/airflow/example_dags/tutorial_dag.py
[2023-06-29T23:55:14.980+0000] {processor.py:809} INFO - DAG(s) dict_keys(['tutorial_dag']) retrieved from /home/airflow/.local/lib/python3.7/site-packages/airflow/example_dags/tutorial_dag.py
[2023-06-29T23:55:15.024+0000] {logging_mixin.py:149} INFO - [2023-06-29T23:55:15.024+0000] {dag.py:2726} INFO - Sync 1 DAGs
[2023-06-29T23:55:15.060+0000] {logging_mixin.py:149} INFO - [2023-06-29T23:55:15.059+0000] {dag.py:3490} INFO - Setting next_dagrun for tutorial_dag to None, run_after=None
[2023-06-29T23:55:15.082+0000] {processor.py:178} INFO - Processing /home/airflow/.local/lib/python3.7/site-packages/airflow/example_dags/tutorial_dag.py took 0.131 seconds
[2023-06-29T23:55:45.488+0000] {processor.py:156} INFO - Started process (PID=1012) to work on /home/airflow/.local/lib/python3.7/site-packages/airflow/example_dags/tutorial_dag.py
[2023-06-29T23:55:45.503+0000] {processor.py:799} INFO - Processing file /home/airflow/.local/lib/python3.7/site-packages/airflow/example_dags/tutorial_dag.py for tasks to queue
[2023-06-29T23:55:45.505+0000] {logging_mixin.py:149} INFO - [2023-06-29T23:55:45.504+0000] {dagbag.py:541} INFO - Filling up the DagBag from /home/airflow/.local/lib/python3.7/site-packages/airflow/example_dags/tutorial_dag.py
[2023-06-29T23:55:45.519+0000] {processor.py:809} INFO - DAG(s) dict_keys(['tutorial_dag']) retrieved from /home/airflow/.local/lib/python3.7/site-packages/airflow/example_dags/tutorial_dag.py
[2023-06-29T23:55:45.567+0000] {logging_mixin.py:149} INFO - [2023-06-29T23:55:45.567+0000] {dag.py:2726} INFO - Sync 1 DAGs
[2023-06-29T23:55:45.610+0000] {logging_mixin.py:149} INFO - [2023-06-29T23:55:45.610+0000] {dag.py:3490} INFO - Setting next_dagrun for tutorial_dag to None, run_after=None
[2023-06-29T23:55:45.649+0000] {processor.py:178} INFO - Processing /home/airflow/.local/lib/python3.7/site-packages/airflow/example_dags/tutorial_dag.py took 0.164 seconds
[2023-06-29T23:56:16.281+0000] {processor.py:156} INFO - Started process (PID=1068) to work on /home/airflow/.local/lib/python3.7/site-packages/airflow/example_dags/tutorial_dag.py
[2023-06-29T23:56:16.296+0000] {processor.py:799} INFO - Processing file /home/airflow/.local/lib/python3.7/site-packages/airflow/example_dags/tutorial_dag.py for tasks to queue
[2023-06-29T23:56:16.298+0000] {logging_mixin.py:149} INFO - [2023-06-29T23:56:16.297+0000] {dagbag.py:541} INFO - Filling up the DagBag from /home/airflow/.local/lib/python3.7/site-packages/airflow/example_dags/tutorial_dag.py
[2023-06-29T23:56:16.308+0000] {processor.py:809} INFO - DAG(s) dict_keys(['tutorial_dag']) retrieved from /home/airflow/.local/lib/python3.7/site-packages/airflow/example_dags/tutorial_dag.py
[2023-06-29T23:56:16.346+0000] {logging_mixin.py:149} INFO - [2023-06-29T23:56:16.346+0000] {dag.py:2726} INFO - Sync 1 DAGs
[2023-06-29T23:56:16.409+0000] {logging_mixin.py:149} INFO - [2023-06-29T23:56:16.408+0000] {dag.py:3490} INFO - Setting next_dagrun for tutorial_dag to None, run_after=None
[2023-06-29T23:56:16.462+0000] {processor.py:178} INFO - Processing /home/airflow/.local/lib/python3.7/site-packages/airflow/example_dags/tutorial_dag.py took 0.186 seconds
[2023-06-29T23:56:46.841+0000] {processor.py:156} INFO - Started process (PID=1125) to work on /home/airflow/.local/lib/python3.7/site-packages/airflow/example_dags/tutorial_dag.py
[2023-06-29T23:56:46.842+0000] {processor.py:799} INFO - Processing file /home/airflow/.local/lib/python3.7/site-packages/airflow/example_dags/tutorial_dag.py for tasks to queue
[2023-06-29T23:56:46.843+0000] {logging_mixin.py:149} INFO - [2023-06-29T23:56:46.843+0000] {dagbag.py:541} INFO - Filling up the DagBag from /home/airflow/.local/lib/python3.7/site-packages/airflow/example_dags/tutorial_dag.py
[2023-06-29T23:56:46.850+0000] {processor.py:809} INFO - DAG(s) dict_keys(['tutorial_dag']) retrieved from /home/airflow/.local/lib/python3.7/site-packages/airflow/example_dags/tutorial_dag.py
[2023-06-29T23:56:46.883+0000] {logging_mixin.py:149} INFO - [2023-06-29T23:56:46.883+0000] {dag.py:2726} INFO - Sync 1 DAGs
[2023-06-29T23:56:46.930+0000] {logging_mixin.py:149} INFO - [2023-06-29T23:56:46.930+0000] {dag.py:3490} INFO - Setting next_dagrun for tutorial_dag to None, run_after=None
[2023-06-29T23:56:46.981+0000] {processor.py:178} INFO - Processing /home/airflow/.local/lib/python3.7/site-packages/airflow/example_dags/tutorial_dag.py took 0.147 seconds
[2023-06-29T23:57:17.132+0000] {processor.py:156} INFO - Started process (PID=1182) to work on /home/airflow/.local/lib/python3.7/site-packages/airflow/example_dags/tutorial_dag.py
[2023-06-29T23:57:17.143+0000] {processor.py:799} INFO - Processing file /home/airflow/.local/lib/python3.7/site-packages/airflow/example_dags/tutorial_dag.py for tasks to queue
[2023-06-29T23:57:17.144+0000] {logging_mixin.py:149} INFO - [2023-06-29T23:57:17.144+0000] {dagbag.py:541} INFO - Filling up the DagBag from /home/airflow/.local/lib/python3.7/site-packages/airflow/example_dags/tutorial_dag.py
[2023-06-29T23:57:17.157+0000] {processor.py:809} INFO - DAG(s) dict_keys(['tutorial_dag']) retrieved from /home/airflow/.local/lib/python3.7/site-packages/airflow/example_dags/tutorial_dag.py
[2023-06-29T23:57:17.217+0000] {logging_mixin.py:149} INFO - [2023-06-29T23:57:17.216+0000] {dag.py:2726} INFO - Sync 1 DAGs
[2023-06-29T23:57:17.356+0000] {logging_mixin.py:149} INFO - [2023-06-29T23:57:17.356+0000] {dag.py:3490} INFO - Setting next_dagrun for tutorial_dag to None, run_after=None
[2023-06-29T23:57:17.496+0000] {processor.py:178} INFO - Processing /home/airflow/.local/lib/python3.7/site-packages/airflow/example_dags/tutorial_dag.py took 0.390 seconds
[2023-06-29T23:57:48.193+0000] {processor.py:156} INFO - Started process (PID=1246) to work on /home/airflow/.local/lib/python3.7/site-packages/airflow/example_dags/tutorial_dag.py
[2023-06-29T23:57:48.194+0000] {processor.py:799} INFO - Processing file /home/airflow/.local/lib/python3.7/site-packages/airflow/example_dags/tutorial_dag.py for tasks to queue
[2023-06-29T23:57:48.194+0000] {logging_mixin.py:149} INFO - [2023-06-29T23:57:48.194+0000] {dagbag.py:541} INFO - Filling up the DagBag from /home/airflow/.local/lib/python3.7/site-packages/airflow/example_dags/tutorial_dag.py
[2023-06-29T23:57:48.216+0000] {processor.py:809} INFO - DAG(s) dict_keys(['tutorial_dag']) retrieved from /home/airflow/.local/lib/python3.7/site-packages/airflow/example_dags/tutorial_dag.py
[2023-06-29T23:57:48.267+0000] {logging_mixin.py:149} INFO - [2023-06-29T23:57:48.267+0000] {dag.py:2726} INFO - Sync 1 DAGs
[2023-06-29T23:57:48.301+0000] {logging_mixin.py:149} INFO - [2023-06-29T23:57:48.301+0000] {dag.py:3490} INFO - Setting next_dagrun for tutorial_dag to None, run_after=None
[2023-06-29T23:57:48.325+0000] {processor.py:178} INFO - Processing /home/airflow/.local/lib/python3.7/site-packages/airflow/example_dags/tutorial_dag.py took 0.137 seconds
[2023-06-29T23:58:18.717+0000] {processor.py:156} INFO - Started process (PID=1303) to work on /home/airflow/.local/lib/python3.7/site-packages/airflow/example_dags/tutorial_dag.py
[2023-06-29T23:58:18.719+0000] {processor.py:799} INFO - Processing file /home/airflow/.local/lib/python3.7/site-packages/airflow/example_dags/tutorial_dag.py for tasks to queue
[2023-06-29T23:58:18.720+0000] {logging_mixin.py:149} INFO - [2023-06-29T23:58:18.720+0000] {dagbag.py:541} INFO - Filling up the DagBag from /home/airflow/.local/lib/python3.7/site-packages/airflow/example_dags/tutorial_dag.py
[2023-06-29T23:58:18.731+0000] {processor.py:809} INFO - DAG(s) dict_keys(['tutorial_dag']) retrieved from /home/airflow/.local/lib/python3.7/site-packages/airflow/example_dags/tutorial_dag.py
[2023-06-29T23:58:18.781+0000] {logging_mixin.py:149} INFO - [2023-06-29T23:58:18.780+0000] {dag.py:2726} INFO - Sync 1 DAGs
[2023-06-29T23:58:18.830+0000] {logging_mixin.py:149} INFO - [2023-06-29T23:58:18.829+0000] {dag.py:3490} INFO - Setting next_dagrun for tutorial_dag to None, run_after=None
[2023-06-29T23:58:18.854+0000] {processor.py:178} INFO - Processing /home/airflow/.local/lib/python3.7/site-packages/airflow/example_dags/tutorial_dag.py took 0.147 seconds
[2023-06-29T23:58:49.123+0000] {processor.py:156} INFO - Started process (PID=1361) to work on /home/airflow/.local/lib/python3.7/site-packages/airflow/example_dags/tutorial_dag.py
[2023-06-29T23:58:49.124+0000] {processor.py:799} INFO - Processing file /home/airflow/.local/lib/python3.7/site-packages/airflow/example_dags/tutorial_dag.py for tasks to queue
[2023-06-29T23:58:49.125+0000] {logging_mixin.py:149} INFO - [2023-06-29T23:58:49.124+0000] {dagbag.py:541} INFO - Filling up the DagBag from /home/airflow/.local/lib/python3.7/site-packages/airflow/example_dags/tutorial_dag.py
[2023-06-29T23:58:49.131+0000] {processor.py:809} INFO - DAG(s) dict_keys(['tutorial_dag']) retrieved from /home/airflow/.local/lib/python3.7/site-packages/airflow/example_dags/tutorial_dag.py
[2023-06-29T23:58:49.162+0000] {logging_mixin.py:149} INFO - [2023-06-29T23:58:49.162+0000] {dag.py:2726} INFO - Sync 1 DAGs
[2023-06-29T23:58:49.196+0000] {logging_mixin.py:149} INFO - [2023-06-29T23:58:49.196+0000] {dag.py:3490} INFO - Setting next_dagrun for tutorial_dag to None, run_after=None
[2023-06-29T23:58:49.230+0000] {processor.py:178} INFO - Processing /home/airflow/.local/lib/python3.7/site-packages/airflow/example_dags/tutorial_dag.py took 0.112 seconds
[2023-06-29T23:59:19.516+0000] {processor.py:156} INFO - Started process (PID=1419) to work on /home/airflow/.local/lib/python3.7/site-packages/airflow/example_dags/tutorial_dag.py
[2023-06-29T23:59:19.518+0000] {processor.py:799} INFO - Processing file /home/airflow/.local/lib/python3.7/site-packages/airflow/example_dags/tutorial_dag.py for tasks to queue
[2023-06-29T23:59:19.519+0000] {logging_mixin.py:149} INFO - [2023-06-29T23:59:19.519+0000] {dagbag.py:541} INFO - Filling up the DagBag from /home/airflow/.local/lib/python3.7/site-packages/airflow/example_dags/tutorial_dag.py
[2023-06-29T23:59:19.525+0000] {processor.py:809} INFO - DAG(s) dict_keys(['tutorial_dag']) retrieved from /home/airflow/.local/lib/python3.7/site-packages/airflow/example_dags/tutorial_dag.py
[2023-06-29T23:59:19.560+0000] {logging_mixin.py:149} INFO - [2023-06-29T23:59:19.560+0000] {dag.py:2726} INFO - Sync 1 DAGs
[2023-06-29T23:59:19.595+0000] {logging_mixin.py:149} INFO - [2023-06-29T23:59:19.595+0000] {dag.py:3490} INFO - Setting next_dagrun for tutorial_dag to None, run_after=None
[2023-06-29T23:59:19.619+0000] {processor.py:178} INFO - Processing /home/airflow/.local/lib/python3.7/site-packages/airflow/example_dags/tutorial_dag.py took 0.107 seconds
[2023-06-29T23:59:49.733+0000] {processor.py:156} INFO - Started process (PID=1475) to work on /home/airflow/.local/lib/python3.7/site-packages/airflow/example_dags/tutorial_dag.py
[2023-06-29T23:59:49.734+0000] {processor.py:799} INFO - Processing file /home/airflow/.local/lib/python3.7/site-packages/airflow/example_dags/tutorial_dag.py for tasks to queue
[2023-06-29T23:59:49.735+0000] {logging_mixin.py:149} INFO - [2023-06-29T23:59:49.734+0000] {dagbag.py:541} INFO - Filling up the DagBag from /home/airflow/.local/lib/python3.7/site-packages/airflow/example_dags/tutorial_dag.py
[2023-06-29T23:59:49.741+0000] {processor.py:809} INFO - DAG(s) dict_keys(['tutorial_dag']) retrieved from /home/airflow/.local/lib/python3.7/site-packages/airflow/example_dags/tutorial_dag.py
[2023-06-29T23:59:49.774+0000] {logging_mixin.py:149} INFO - [2023-06-29T23:59:49.774+0000] {dag.py:2726} INFO - Sync 1 DAGs
[2023-06-29T23:59:49.820+0000] {logging_mixin.py:149} INFO - [2023-06-29T23:59:49.820+0000] {dag.py:3490} INFO - Setting next_dagrun for tutorial_dag to None, run_after=None
[2023-06-29T23:59:49.844+0000] {processor.py:178} INFO - Processing /home/airflow/.local/lib/python3.7/site-packages/airflow/example_dags/tutorial_dag.py took 0.115 seconds
