[2023-06-29T23:47:05.237+0000] {processor.py:156} INFO - Started process (PID=47) to work on /home/airflow/.local/lib/python3.7/site-packages/airflow/example_dags/tutorial_taskflow_api_virtualenv.py
[2023-06-29T23:47:05.238+0000] {processor.py:799} INFO - Processing file /home/airflow/.local/lib/python3.7/site-packages/airflow/example_dags/tutorial_taskflow_api_virtualenv.py for tasks to queue
[2023-06-29T23:47:05.255+0000] {logging_mixin.py:149} INFO - [2023-06-29T23:47:05.255+0000] {dagbag.py:541} INFO - Filling up the DagBag from /home/airflow/.local/lib/python3.7/site-packages/airflow/example_dags/tutorial_taskflow_api_virtualenv.py
[2023-06-29T23:47:05.272+0000] {processor.py:809} INFO - DAG(s) dict_keys(['tutorial_taskflow_api_virtualenv']) retrieved from /home/airflow/.local/lib/python3.7/site-packages/airflow/example_dags/tutorial_taskflow_api_virtualenv.py
[2023-06-29T23:47:05.367+0000] {logging_mixin.py:149} INFO - [2023-06-29T23:47:05.367+0000] {dag.py:2726} INFO - Sync 1 DAGs
[2023-06-29T23:47:05.456+0000] {logging_mixin.py:149} INFO - [2023-06-29T23:47:05.455+0000] {dag.py:3490} INFO - Setting next_dagrun for tutorial_taskflow_api_virtualenv to None, run_after=None
[2023-06-29T23:47:05.506+0000] {processor.py:178} INFO - Processing /home/airflow/.local/lib/python3.7/site-packages/airflow/example_dags/tutorial_taskflow_api_virtualenv.py took 0.283 seconds
[2023-06-29T23:47:35.806+0000] {processor.py:156} INFO - Started process (PID=104) to work on /home/airflow/.local/lib/python3.7/site-packages/airflow/example_dags/tutorial_taskflow_api_virtualenv.py
[2023-06-29T23:47:35.816+0000] {processor.py:799} INFO - Processing file /home/airflow/.local/lib/python3.7/site-packages/airflow/example_dags/tutorial_taskflow_api_virtualenv.py for tasks to queue
[2023-06-29T23:47:35.816+0000] {logging_mixin.py:149} INFO - [2023-06-29T23:47:35.816+0000] {dagbag.py:541} INFO - Filling up the DagBag from /home/airflow/.local/lib/python3.7/site-packages/airflow/example_dags/tutorial_taskflow_api_virtualenv.py
[2023-06-29T23:47:35.824+0000] {processor.py:809} INFO - DAG(s) dict_keys(['tutorial_taskflow_api_virtualenv']) retrieved from /home/airflow/.local/lib/python3.7/site-packages/airflow/example_dags/tutorial_taskflow_api_virtualenv.py
[2023-06-29T23:47:35.856+0000] {logging_mixin.py:149} INFO - [2023-06-29T23:47:35.856+0000] {dag.py:2726} INFO - Sync 1 DAGs
[2023-06-29T23:47:35.898+0000] {logging_mixin.py:149} INFO - [2023-06-29T23:47:35.898+0000] {dag.py:3490} INFO - Setting next_dagrun for tutorial_taskflow_api_virtualenv to None, run_after=None
[2023-06-29T23:47:35.921+0000] {processor.py:178} INFO - Processing /home/airflow/.local/lib/python3.7/site-packages/airflow/example_dags/tutorial_taskflow_api_virtualenv.py took 0.126 seconds
[2023-06-29T23:48:06.180+0000] {processor.py:156} INFO - Started process (PID=161) to work on /home/airflow/.local/lib/python3.7/site-packages/airflow/example_dags/tutorial_taskflow_api_virtualenv.py
[2023-06-29T23:48:06.184+0000] {processor.py:799} INFO - Processing file /home/airflow/.local/lib/python3.7/site-packages/airflow/example_dags/tutorial_taskflow_api_virtualenv.py for tasks to queue
[2023-06-29T23:48:06.185+0000] {logging_mixin.py:149} INFO - [2023-06-29T23:48:06.185+0000] {dagbag.py:541} INFO - Filling up the DagBag from /home/airflow/.local/lib/python3.7/site-packages/airflow/example_dags/tutorial_taskflow_api_virtualenv.py
[2023-06-29T23:48:06.197+0000] {processor.py:809} INFO - DAG(s) dict_keys(['tutorial_taskflow_api_virtualenv']) retrieved from /home/airflow/.local/lib/python3.7/site-packages/airflow/example_dags/tutorial_taskflow_api_virtualenv.py
[2023-06-29T23:48:06.243+0000] {logging_mixin.py:149} INFO - [2023-06-29T23:48:06.243+0000] {dag.py:2726} INFO - Sync 1 DAGs
[2023-06-29T23:48:06.276+0000] {logging_mixin.py:149} INFO - [2023-06-29T23:48:06.275+0000] {dag.py:3490} INFO - Setting next_dagrun for tutorial_taskflow_api_virtualenv to None, run_after=None
[2023-06-29T23:48:06.297+0000] {processor.py:178} INFO - Processing /home/airflow/.local/lib/python3.7/site-packages/airflow/example_dags/tutorial_taskflow_api_virtualenv.py took 0.122 seconds
[2023-06-29T23:48:36.404+0000] {processor.py:156} INFO - Started process (PID=218) to work on /home/airflow/.local/lib/python3.7/site-packages/airflow/example_dags/tutorial_taskflow_api_virtualenv.py
[2023-06-29T23:48:36.405+0000] {processor.py:799} INFO - Processing file /home/airflow/.local/lib/python3.7/site-packages/airflow/example_dags/tutorial_taskflow_api_virtualenv.py for tasks to queue
[2023-06-29T23:48:36.405+0000] {logging_mixin.py:149} INFO - [2023-06-29T23:48:36.405+0000] {dagbag.py:541} INFO - Filling up the DagBag from /home/airflow/.local/lib/python3.7/site-packages/airflow/example_dags/tutorial_taskflow_api_virtualenv.py
[2023-06-29T23:48:36.413+0000] {processor.py:809} INFO - DAG(s) dict_keys(['tutorial_taskflow_api_virtualenv']) retrieved from /home/airflow/.local/lib/python3.7/site-packages/airflow/example_dags/tutorial_taskflow_api_virtualenv.py
[2023-06-29T23:48:36.444+0000] {logging_mixin.py:149} INFO - [2023-06-29T23:48:36.444+0000] {dag.py:2726} INFO - Sync 1 DAGs
[2023-06-29T23:48:36.484+0000] {logging_mixin.py:149} INFO - [2023-06-29T23:48:36.484+0000] {dag.py:3490} INFO - Setting next_dagrun for tutorial_taskflow_api_virtualenv to None, run_after=None
[2023-06-29T23:48:36.530+0000] {processor.py:178} INFO - Processing /home/airflow/.local/lib/python3.7/site-packages/airflow/example_dags/tutorial_taskflow_api_virtualenv.py took 0.130 seconds
[2023-06-29T23:49:07.444+0000] {processor.py:156} INFO - Started process (PID=275) to work on /home/airflow/.local/lib/python3.7/site-packages/airflow/example_dags/tutorial_taskflow_api_virtualenv.py
[2023-06-29T23:49:07.445+0000] {processor.py:799} INFO - Processing file /home/airflow/.local/lib/python3.7/site-packages/airflow/example_dags/tutorial_taskflow_api_virtualenv.py for tasks to queue
[2023-06-29T23:49:07.446+0000] {logging_mixin.py:149} INFO - [2023-06-29T23:49:07.446+0000] {dagbag.py:541} INFO - Filling up the DagBag from /home/airflow/.local/lib/python3.7/site-packages/airflow/example_dags/tutorial_taskflow_api_virtualenv.py
[2023-06-29T23:49:07.454+0000] {processor.py:809} INFO - DAG(s) dict_keys(['tutorial_taskflow_api_virtualenv']) retrieved from /home/airflow/.local/lib/python3.7/site-packages/airflow/example_dags/tutorial_taskflow_api_virtualenv.py
[2023-06-29T23:49:07.488+0000] {logging_mixin.py:149} INFO - [2023-06-29T23:49:07.488+0000] {dag.py:2726} INFO - Sync 1 DAGs
[2023-06-29T23:49:07.520+0000] {logging_mixin.py:149} INFO - [2023-06-29T23:49:07.520+0000] {dag.py:3490} INFO - Setting next_dagrun for tutorial_taskflow_api_virtualenv to None, run_after=None
[2023-06-29T23:49:07.543+0000] {processor.py:178} INFO - Processing /home/airflow/.local/lib/python3.7/site-packages/airflow/example_dags/tutorial_taskflow_api_virtualenv.py took 0.103 seconds
[2023-06-29T23:49:38.017+0000] {processor.py:156} INFO - Started process (PID=333) to work on /home/airflow/.local/lib/python3.7/site-packages/airflow/example_dags/tutorial_taskflow_api_virtualenv.py
[2023-06-29T23:49:38.019+0000] {processor.py:799} INFO - Processing file /home/airflow/.local/lib/python3.7/site-packages/airflow/example_dags/tutorial_taskflow_api_virtualenv.py for tasks to queue
[2023-06-29T23:49:38.020+0000] {logging_mixin.py:149} INFO - [2023-06-29T23:49:38.020+0000] {dagbag.py:541} INFO - Filling up the DagBag from /home/airflow/.local/lib/python3.7/site-packages/airflow/example_dags/tutorial_taskflow_api_virtualenv.py
[2023-06-29T23:49:38.027+0000] {processor.py:809} INFO - DAG(s) dict_keys(['tutorial_taskflow_api_virtualenv']) retrieved from /home/airflow/.local/lib/python3.7/site-packages/airflow/example_dags/tutorial_taskflow_api_virtualenv.py
[2023-06-29T23:49:38.061+0000] {logging_mixin.py:149} INFO - [2023-06-29T23:49:38.061+0000] {dag.py:2726} INFO - Sync 1 DAGs
[2023-06-29T23:49:38.093+0000] {logging_mixin.py:149} INFO - [2023-06-29T23:49:38.093+0000] {dag.py:3490} INFO - Setting next_dagrun for tutorial_taskflow_api_virtualenv to None, run_after=None
[2023-06-29T23:49:38.115+0000] {processor.py:178} INFO - Processing /home/airflow/.local/lib/python3.7/site-packages/airflow/example_dags/tutorial_taskflow_api_virtualenv.py took 0.101 seconds
[2023-06-29T23:50:08.733+0000] {processor.py:156} INFO - Started process (PID=389) to work on /home/airflow/.local/lib/python3.7/site-packages/airflow/example_dags/tutorial_taskflow_api_virtualenv.py
[2023-06-29T23:50:08.734+0000] {processor.py:799} INFO - Processing file /home/airflow/.local/lib/python3.7/site-packages/airflow/example_dags/tutorial_taskflow_api_virtualenv.py for tasks to queue
[2023-06-29T23:50:08.735+0000] {logging_mixin.py:149} INFO - [2023-06-29T23:50:08.735+0000] {dagbag.py:541} INFO - Filling up the DagBag from /home/airflow/.local/lib/python3.7/site-packages/airflow/example_dags/tutorial_taskflow_api_virtualenv.py
[2023-06-29T23:50:08.742+0000] {processor.py:809} INFO - DAG(s) dict_keys(['tutorial_taskflow_api_virtualenv']) retrieved from /home/airflow/.local/lib/python3.7/site-packages/airflow/example_dags/tutorial_taskflow_api_virtualenv.py
[2023-06-29T23:50:08.776+0000] {logging_mixin.py:149} INFO - [2023-06-29T23:50:08.776+0000] {dag.py:2726} INFO - Sync 1 DAGs
[2023-06-29T23:50:08.814+0000] {logging_mixin.py:149} INFO - [2023-06-29T23:50:08.814+0000] {dag.py:3490} INFO - Setting next_dagrun for tutorial_taskflow_api_virtualenv to None, run_after=None
[2023-06-29T23:50:08.838+0000] {processor.py:178} INFO - Processing /home/airflow/.local/lib/python3.7/site-packages/airflow/example_dags/tutorial_taskflow_api_virtualenv.py took 0.109 seconds
[2023-06-29T23:50:39.239+0000] {processor.py:156} INFO - Started process (PID=446) to work on /home/airflow/.local/lib/python3.7/site-packages/airflow/example_dags/tutorial_taskflow_api_virtualenv.py
[2023-06-29T23:50:39.240+0000] {processor.py:799} INFO - Processing file /home/airflow/.local/lib/python3.7/site-packages/airflow/example_dags/tutorial_taskflow_api_virtualenv.py for tasks to queue
[2023-06-29T23:50:39.241+0000] {logging_mixin.py:149} INFO - [2023-06-29T23:50:39.241+0000] {dagbag.py:541} INFO - Filling up the DagBag from /home/airflow/.local/lib/python3.7/site-packages/airflow/example_dags/tutorial_taskflow_api_virtualenv.py
[2023-06-29T23:50:39.249+0000] {processor.py:809} INFO - DAG(s) dict_keys(['tutorial_taskflow_api_virtualenv']) retrieved from /home/airflow/.local/lib/python3.7/site-packages/airflow/example_dags/tutorial_taskflow_api_virtualenv.py
[2023-06-29T23:50:39.284+0000] {logging_mixin.py:149} INFO - [2023-06-29T23:50:39.284+0000] {dag.py:2726} INFO - Sync 1 DAGs
[2023-06-29T23:50:39.318+0000] {logging_mixin.py:149} INFO - [2023-06-29T23:50:39.318+0000] {dag.py:3490} INFO - Setting next_dagrun for tutorial_taskflow_api_virtualenv to None, run_after=None
[2023-06-29T23:50:39.341+0000] {processor.py:178} INFO - Processing /home/airflow/.local/lib/python3.7/site-packages/airflow/example_dags/tutorial_taskflow_api_virtualenv.py took 0.106 seconds
[2023-06-29T23:51:10.147+0000] {processor.py:156} INFO - Started process (PID=503) to work on /home/airflow/.local/lib/python3.7/site-packages/airflow/example_dags/tutorial_taskflow_api_virtualenv.py
[2023-06-29T23:51:10.155+0000] {processor.py:799} INFO - Processing file /home/airflow/.local/lib/python3.7/site-packages/airflow/example_dags/tutorial_taskflow_api_virtualenv.py for tasks to queue
[2023-06-29T23:51:10.156+0000] {logging_mixin.py:149} INFO - [2023-06-29T23:51:10.155+0000] {dagbag.py:541} INFO - Filling up the DagBag from /home/airflow/.local/lib/python3.7/site-packages/airflow/example_dags/tutorial_taskflow_api_virtualenv.py
[2023-06-29T23:51:10.168+0000] {processor.py:809} INFO - DAG(s) dict_keys(['tutorial_taskflow_api_virtualenv']) retrieved from /home/airflow/.local/lib/python3.7/site-packages/airflow/example_dags/tutorial_taskflow_api_virtualenv.py
[2023-06-29T23:51:10.204+0000] {logging_mixin.py:149} INFO - [2023-06-29T23:51:10.204+0000] {dag.py:2726} INFO - Sync 1 DAGs
[2023-06-29T23:51:10.239+0000] {logging_mixin.py:149} INFO - [2023-06-29T23:51:10.239+0000] {dag.py:3490} INFO - Setting next_dagrun for tutorial_taskflow_api_virtualenv to None, run_after=None
[2023-06-29T23:51:10.263+0000] {processor.py:178} INFO - Processing /home/airflow/.local/lib/python3.7/site-packages/airflow/example_dags/tutorial_taskflow_api_virtualenv.py took 0.125 seconds
[2023-06-29T23:51:41.011+0000] {processor.py:156} INFO - Started process (PID=560) to work on /home/airflow/.local/lib/python3.7/site-packages/airflow/example_dags/tutorial_taskflow_api_virtualenv.py
[2023-06-29T23:51:41.018+0000] {processor.py:799} INFO - Processing file /home/airflow/.local/lib/python3.7/site-packages/airflow/example_dags/tutorial_taskflow_api_virtualenv.py for tasks to queue
[2023-06-29T23:51:41.019+0000] {logging_mixin.py:149} INFO - [2023-06-29T23:51:41.019+0000] {dagbag.py:541} INFO - Filling up the DagBag from /home/airflow/.local/lib/python3.7/site-packages/airflow/example_dags/tutorial_taskflow_api_virtualenv.py
[2023-06-29T23:51:41.034+0000] {processor.py:809} INFO - DAG(s) dict_keys(['tutorial_taskflow_api_virtualenv']) retrieved from /home/airflow/.local/lib/python3.7/site-packages/airflow/example_dags/tutorial_taskflow_api_virtualenv.py
[2023-06-29T23:51:41.107+0000] {logging_mixin.py:149} INFO - [2023-06-29T23:51:41.106+0000] {dag.py:2726} INFO - Sync 1 DAGs
[2023-06-29T23:51:41.171+0000] {logging_mixin.py:149} INFO - [2023-06-29T23:51:41.171+0000] {dag.py:3490} INFO - Setting next_dagrun for tutorial_taskflow_api_virtualenv to None, run_after=None
[2023-06-29T23:51:41.209+0000] {processor.py:178} INFO - Processing /home/airflow/.local/lib/python3.7/site-packages/airflow/example_dags/tutorial_taskflow_api_virtualenv.py took 0.207 seconds
[2023-06-29T23:52:11.266+0000] {processor.py:156} INFO - Started process (PID=616) to work on /home/airflow/.local/lib/python3.7/site-packages/airflow/example_dags/tutorial_taskflow_api_virtualenv.py
[2023-06-29T23:52:11.269+0000] {processor.py:799} INFO - Processing file /home/airflow/.local/lib/python3.7/site-packages/airflow/example_dags/tutorial_taskflow_api_virtualenv.py for tasks to queue
[2023-06-29T23:52:11.270+0000] {logging_mixin.py:149} INFO - [2023-06-29T23:52:11.270+0000] {dagbag.py:541} INFO - Filling up the DagBag from /home/airflow/.local/lib/python3.7/site-packages/airflow/example_dags/tutorial_taskflow_api_virtualenv.py
[2023-06-29T23:52:11.280+0000] {processor.py:809} INFO - DAG(s) dict_keys(['tutorial_taskflow_api_virtualenv']) retrieved from /home/airflow/.local/lib/python3.7/site-packages/airflow/example_dags/tutorial_taskflow_api_virtualenv.py
[2023-06-29T23:52:11.315+0000] {logging_mixin.py:149} INFO - [2023-06-29T23:52:11.315+0000] {dag.py:2726} INFO - Sync 1 DAGs
[2023-06-29T23:52:11.356+0000] {logging_mixin.py:149} INFO - [2023-06-29T23:52:11.356+0000] {dag.py:3490} INFO - Setting next_dagrun for tutorial_taskflow_api_virtualenv to None, run_after=None
[2023-06-29T23:52:11.382+0000] {processor.py:178} INFO - Processing /home/airflow/.local/lib/python3.7/site-packages/airflow/example_dags/tutorial_taskflow_api_virtualenv.py took 0.121 seconds
[2023-06-29T23:52:42.095+0000] {processor.py:156} INFO - Started process (PID=673) to work on /home/airflow/.local/lib/python3.7/site-packages/airflow/example_dags/tutorial_taskflow_api_virtualenv.py
[2023-06-29T23:52:42.097+0000] {processor.py:799} INFO - Processing file /home/airflow/.local/lib/python3.7/site-packages/airflow/example_dags/tutorial_taskflow_api_virtualenv.py for tasks to queue
[2023-06-29T23:52:42.097+0000] {logging_mixin.py:149} INFO - [2023-06-29T23:52:42.097+0000] {dagbag.py:541} INFO - Filling up the DagBag from /home/airflow/.local/lib/python3.7/site-packages/airflow/example_dags/tutorial_taskflow_api_virtualenv.py
[2023-06-29T23:52:42.107+0000] {processor.py:809} INFO - DAG(s) dict_keys(['tutorial_taskflow_api_virtualenv']) retrieved from /home/airflow/.local/lib/python3.7/site-packages/airflow/example_dags/tutorial_taskflow_api_virtualenv.py
[2023-06-29T23:52:42.140+0000] {logging_mixin.py:149} INFO - [2023-06-29T23:52:42.140+0000] {dag.py:2726} INFO - Sync 1 DAGs
[2023-06-29T23:52:42.173+0000] {logging_mixin.py:149} INFO - [2023-06-29T23:52:42.173+0000] {dag.py:3490} INFO - Setting next_dagrun for tutorial_taskflow_api_virtualenv to None, run_after=None
[2023-06-29T23:52:42.201+0000] {processor.py:178} INFO - Processing /home/airflow/.local/lib/python3.7/site-packages/airflow/example_dags/tutorial_taskflow_api_virtualenv.py took 0.110 seconds
[2023-06-29T23:53:12.752+0000] {processor.py:156} INFO - Started process (PID=730) to work on /home/airflow/.local/lib/python3.7/site-packages/airflow/example_dags/tutorial_taskflow_api_virtualenv.py
[2023-06-29T23:53:12.753+0000] {processor.py:799} INFO - Processing file /home/airflow/.local/lib/python3.7/site-packages/airflow/example_dags/tutorial_taskflow_api_virtualenv.py for tasks to queue
[2023-06-29T23:53:12.754+0000] {logging_mixin.py:149} INFO - [2023-06-29T23:53:12.754+0000] {dagbag.py:541} INFO - Filling up the DagBag from /home/airflow/.local/lib/python3.7/site-packages/airflow/example_dags/tutorial_taskflow_api_virtualenv.py
[2023-06-29T23:53:12.762+0000] {processor.py:809} INFO - DAG(s) dict_keys(['tutorial_taskflow_api_virtualenv']) retrieved from /home/airflow/.local/lib/python3.7/site-packages/airflow/example_dags/tutorial_taskflow_api_virtualenv.py
[2023-06-29T23:53:12.794+0000] {logging_mixin.py:149} INFO - [2023-06-29T23:53:12.794+0000] {dag.py:2726} INFO - Sync 1 DAGs
[2023-06-29T23:53:12.827+0000] {logging_mixin.py:149} INFO - [2023-06-29T23:53:12.826+0000] {dag.py:3490} INFO - Setting next_dagrun for tutorial_taskflow_api_virtualenv to None, run_after=None
[2023-06-29T23:53:12.851+0000] {processor.py:178} INFO - Processing /home/airflow/.local/lib/python3.7/site-packages/airflow/example_dags/tutorial_taskflow_api_virtualenv.py took 0.102 seconds
[2023-06-29T23:53:43.411+0000] {processor.py:156} INFO - Started process (PID=787) to work on /home/airflow/.local/lib/python3.7/site-packages/airflow/example_dags/tutorial_taskflow_api_virtualenv.py
[2023-06-29T23:53:43.419+0000] {processor.py:799} INFO - Processing file /home/airflow/.local/lib/python3.7/site-packages/airflow/example_dags/tutorial_taskflow_api_virtualenv.py for tasks to queue
[2023-06-29T23:53:43.421+0000] {logging_mixin.py:149} INFO - [2023-06-29T23:53:43.421+0000] {dagbag.py:541} INFO - Filling up the DagBag from /home/airflow/.local/lib/python3.7/site-packages/airflow/example_dags/tutorial_taskflow_api_virtualenv.py
[2023-06-29T23:53:43.432+0000] {processor.py:809} INFO - DAG(s) dict_keys(['tutorial_taskflow_api_virtualenv']) retrieved from /home/airflow/.local/lib/python3.7/site-packages/airflow/example_dags/tutorial_taskflow_api_virtualenv.py
[2023-06-29T23:53:43.482+0000] {logging_mixin.py:149} INFO - [2023-06-29T23:53:43.482+0000] {dag.py:2726} INFO - Sync 1 DAGs
[2023-06-29T23:53:43.520+0000] {logging_mixin.py:149} INFO - [2023-06-29T23:53:43.520+0000] {dag.py:3490} INFO - Setting next_dagrun for tutorial_taskflow_api_virtualenv to None, run_after=None
[2023-06-29T23:53:43.569+0000] {processor.py:178} INFO - Processing /home/airflow/.local/lib/python3.7/site-packages/airflow/example_dags/tutorial_taskflow_api_virtualenv.py took 0.162 seconds
[2023-06-29T23:54:14.496+0000] {processor.py:156} INFO - Started process (PID=845) to work on /home/airflow/.local/lib/python3.7/site-packages/airflow/example_dags/tutorial_taskflow_api_virtualenv.py
[2023-06-29T23:54:14.497+0000] {processor.py:799} INFO - Processing file /home/airflow/.local/lib/python3.7/site-packages/airflow/example_dags/tutorial_taskflow_api_virtualenv.py for tasks to queue
[2023-06-29T23:54:14.498+0000] {logging_mixin.py:149} INFO - [2023-06-29T23:54:14.497+0000] {dagbag.py:541} INFO - Filling up the DagBag from /home/airflow/.local/lib/python3.7/site-packages/airflow/example_dags/tutorial_taskflow_api_virtualenv.py
[2023-06-29T23:54:14.530+0000] {processor.py:809} INFO - DAG(s) dict_keys(['tutorial_taskflow_api_virtualenv']) retrieved from /home/airflow/.local/lib/python3.7/site-packages/airflow/example_dags/tutorial_taskflow_api_virtualenv.py
[2023-06-29T23:54:14.562+0000] {logging_mixin.py:149} INFO - [2023-06-29T23:54:14.562+0000] {dag.py:2726} INFO - Sync 1 DAGs
[2023-06-29T23:54:14.597+0000] {logging_mixin.py:149} INFO - [2023-06-29T23:54:14.597+0000] {dag.py:3490} INFO - Setting next_dagrun for tutorial_taskflow_api_virtualenv to None, run_after=None
[2023-06-29T23:54:14.620+0000] {processor.py:178} INFO - Processing /home/airflow/.local/lib/python3.7/site-packages/airflow/example_dags/tutorial_taskflow_api_virtualenv.py took 0.141 seconds
[2023-06-29T23:54:44.671+0000] {processor.py:156} INFO - Started process (PID=902) to work on /home/airflow/.local/lib/python3.7/site-packages/airflow/example_dags/tutorial_taskflow_api_virtualenv.py
[2023-06-29T23:54:44.672+0000] {processor.py:799} INFO - Processing file /home/airflow/.local/lib/python3.7/site-packages/airflow/example_dags/tutorial_taskflow_api_virtualenv.py for tasks to queue
[2023-06-29T23:54:44.673+0000] {logging_mixin.py:149} INFO - [2023-06-29T23:54:44.673+0000] {dagbag.py:541} INFO - Filling up the DagBag from /home/airflow/.local/lib/python3.7/site-packages/airflow/example_dags/tutorial_taskflow_api_virtualenv.py
[2023-06-29T23:54:44.682+0000] {processor.py:809} INFO - DAG(s) dict_keys(['tutorial_taskflow_api_virtualenv']) retrieved from /home/airflow/.local/lib/python3.7/site-packages/airflow/example_dags/tutorial_taskflow_api_virtualenv.py
[2023-06-29T23:54:44.712+0000] {logging_mixin.py:149} INFO - [2023-06-29T23:54:44.712+0000] {dag.py:2726} INFO - Sync 1 DAGs
[2023-06-29T23:54:44.744+0000] {logging_mixin.py:149} INFO - [2023-06-29T23:54:44.744+0000] {dag.py:3490} INFO - Setting next_dagrun for tutorial_taskflow_api_virtualenv to None, run_after=None
[2023-06-29T23:54:44.766+0000] {processor.py:178} INFO - Processing /home/airflow/.local/lib/python3.7/site-packages/airflow/example_dags/tutorial_taskflow_api_virtualenv.py took 0.099 seconds
[2023-06-29T23:55:15.140+0000] {processor.py:156} INFO - Started process (PID=958) to work on /home/airflow/.local/lib/python3.7/site-packages/airflow/example_dags/tutorial_taskflow_api_virtualenv.py
[2023-06-29T23:55:15.141+0000] {processor.py:799} INFO - Processing file /home/airflow/.local/lib/python3.7/site-packages/airflow/example_dags/tutorial_taskflow_api_virtualenv.py for tasks to queue
[2023-06-29T23:55:15.142+0000] {logging_mixin.py:149} INFO - [2023-06-29T23:55:15.142+0000] {dagbag.py:541} INFO - Filling up the DagBag from /home/airflow/.local/lib/python3.7/site-packages/airflow/example_dags/tutorial_taskflow_api_virtualenv.py
[2023-06-29T23:55:15.153+0000] {processor.py:809} INFO - DAG(s) dict_keys(['tutorial_taskflow_api_virtualenv']) retrieved from /home/airflow/.local/lib/python3.7/site-packages/airflow/example_dags/tutorial_taskflow_api_virtualenv.py
[2023-06-29T23:55:15.194+0000] {logging_mixin.py:149} INFO - [2023-06-29T23:55:15.194+0000] {dag.py:2726} INFO - Sync 1 DAGs
[2023-06-29T23:55:15.230+0000] {logging_mixin.py:149} INFO - [2023-06-29T23:55:15.229+0000] {dag.py:3490} INFO - Setting next_dagrun for tutorial_taskflow_api_virtualenv to None, run_after=None
[2023-06-29T23:55:15.263+0000] {processor.py:178} INFO - Processing /home/airflow/.local/lib/python3.7/site-packages/airflow/example_dags/tutorial_taskflow_api_virtualenv.py took 0.126 seconds
[2023-06-29T23:55:45.685+0000] {processor.py:156} INFO - Started process (PID=1014) to work on /home/airflow/.local/lib/python3.7/site-packages/airflow/example_dags/tutorial_taskflow_api_virtualenv.py
[2023-06-29T23:55:45.687+0000] {processor.py:799} INFO - Processing file /home/airflow/.local/lib/python3.7/site-packages/airflow/example_dags/tutorial_taskflow_api_virtualenv.py for tasks to queue
[2023-06-29T23:55:45.688+0000] {logging_mixin.py:149} INFO - [2023-06-29T23:55:45.687+0000] {dagbag.py:541} INFO - Filling up the DagBag from /home/airflow/.local/lib/python3.7/site-packages/airflow/example_dags/tutorial_taskflow_api_virtualenv.py
[2023-06-29T23:55:45.696+0000] {processor.py:809} INFO - DAG(s) dict_keys(['tutorial_taskflow_api_virtualenv']) retrieved from /home/airflow/.local/lib/python3.7/site-packages/airflow/example_dags/tutorial_taskflow_api_virtualenv.py
[2023-06-29T23:55:45.736+0000] {logging_mixin.py:149} INFO - [2023-06-29T23:55:45.735+0000] {dag.py:2726} INFO - Sync 1 DAGs
[2023-06-29T23:55:45.775+0000] {logging_mixin.py:149} INFO - [2023-06-29T23:55:45.774+0000] {dag.py:3490} INFO - Setting next_dagrun for tutorial_taskflow_api_virtualenv to None, run_after=None
[2023-06-29T23:55:45.812+0000] {processor.py:178} INFO - Processing /home/airflow/.local/lib/python3.7/site-packages/airflow/example_dags/tutorial_taskflow_api_virtualenv.py took 0.131 seconds
[2023-06-29T23:56:16.498+0000] {processor.py:156} INFO - Started process (PID=1070) to work on /home/airflow/.local/lib/python3.7/site-packages/airflow/example_dags/tutorial_taskflow_api_virtualenv.py
[2023-06-29T23:56:16.510+0000] {processor.py:799} INFO - Processing file /home/airflow/.local/lib/python3.7/site-packages/airflow/example_dags/tutorial_taskflow_api_virtualenv.py for tasks to queue
[2023-06-29T23:56:16.511+0000] {logging_mixin.py:149} INFO - [2023-06-29T23:56:16.511+0000] {dagbag.py:541} INFO - Filling up the DagBag from /home/airflow/.local/lib/python3.7/site-packages/airflow/example_dags/tutorial_taskflow_api_virtualenv.py
[2023-06-29T23:56:16.522+0000] {processor.py:809} INFO - DAG(s) dict_keys(['tutorial_taskflow_api_virtualenv']) retrieved from /home/airflow/.local/lib/python3.7/site-packages/airflow/example_dags/tutorial_taskflow_api_virtualenv.py
[2023-06-29T23:56:16.564+0000] {logging_mixin.py:149} INFO - [2023-06-29T23:56:16.563+0000] {dag.py:2726} INFO - Sync 1 DAGs
[2023-06-29T23:56:16.610+0000] {logging_mixin.py:149} INFO - [2023-06-29T23:56:16.610+0000] {dag.py:3490} INFO - Setting next_dagrun for tutorial_taskflow_api_virtualenv to None, run_after=None
[2023-06-29T23:56:16.643+0000] {processor.py:178} INFO - Processing /home/airflow/.local/lib/python3.7/site-packages/airflow/example_dags/tutorial_taskflow_api_virtualenv.py took 0.150 seconds
[2023-06-29T23:56:47.012+0000] {processor.py:156} INFO - Started process (PID=1127) to work on /home/airflow/.local/lib/python3.7/site-packages/airflow/example_dags/tutorial_taskflow_api_virtualenv.py
[2023-06-29T23:56:47.013+0000] {processor.py:799} INFO - Processing file /home/airflow/.local/lib/python3.7/site-packages/airflow/example_dags/tutorial_taskflow_api_virtualenv.py for tasks to queue
[2023-06-29T23:56:47.014+0000] {logging_mixin.py:149} INFO - [2023-06-29T23:56:47.014+0000] {dagbag.py:541} INFO - Filling up the DagBag from /home/airflow/.local/lib/python3.7/site-packages/airflow/example_dags/tutorial_taskflow_api_virtualenv.py
[2023-06-29T23:56:47.023+0000] {processor.py:809} INFO - DAG(s) dict_keys(['tutorial_taskflow_api_virtualenv']) retrieved from /home/airflow/.local/lib/python3.7/site-packages/airflow/example_dags/tutorial_taskflow_api_virtualenv.py
[2023-06-29T23:56:47.057+0000] {logging_mixin.py:149} INFO - [2023-06-29T23:56:47.056+0000] {dag.py:2726} INFO - Sync 1 DAGs
[2023-06-29T23:56:47.109+0000] {logging_mixin.py:149} INFO - [2023-06-29T23:56:47.109+0000] {dag.py:3490} INFO - Setting next_dagrun for tutorial_taskflow_api_virtualenv to None, run_after=None
[2023-06-29T23:56:47.156+0000] {processor.py:178} INFO - Processing /home/airflow/.local/lib/python3.7/site-packages/airflow/example_dags/tutorial_taskflow_api_virtualenv.py took 0.149 seconds
[2023-06-29T23:57:17.347+0000] {processor.py:156} INFO - Started process (PID=1183) to work on /home/airflow/.local/lib/python3.7/site-packages/airflow/example_dags/tutorial_taskflow_api_virtualenv.py
[2023-06-29T23:57:17.351+0000] {processor.py:799} INFO - Processing file /home/airflow/.local/lib/python3.7/site-packages/airflow/example_dags/tutorial_taskflow_api_virtualenv.py for tasks to queue
[2023-06-29T23:57:17.351+0000] {logging_mixin.py:149} INFO - [2023-06-29T23:57:17.351+0000] {dagbag.py:541} INFO - Filling up the DagBag from /home/airflow/.local/lib/python3.7/site-packages/airflow/example_dags/tutorial_taskflow_api_virtualenv.py
[2023-06-29T23:57:17.403+0000] {processor.py:809} INFO - DAG(s) dict_keys(['tutorial_taskflow_api_virtualenv']) retrieved from /home/airflow/.local/lib/python3.7/site-packages/airflow/example_dags/tutorial_taskflow_api_virtualenv.py
[2023-06-29T23:57:17.455+0000] {logging_mixin.py:149} INFO - [2023-06-29T23:57:17.455+0000] {dag.py:2726} INFO - Sync 1 DAGs
[2023-06-29T23:57:17.491+0000] {logging_mixin.py:149} INFO - [2023-06-29T23:57:17.491+0000] {dag.py:3490} INFO - Setting next_dagrun for tutorial_taskflow_api_virtualenv to None, run_after=None
[2023-06-29T23:57:17.538+0000] {processor.py:178} INFO - Processing /home/airflow/.local/lib/python3.7/site-packages/airflow/example_dags/tutorial_taskflow_api_virtualenv.py took 0.210 seconds
[2023-06-29T23:57:48.352+0000] {processor.py:156} INFO - Started process (PID=1248) to work on /home/airflow/.local/lib/python3.7/site-packages/airflow/example_dags/tutorial_taskflow_api_virtualenv.py
[2023-06-29T23:57:48.353+0000] {processor.py:799} INFO - Processing file /home/airflow/.local/lib/python3.7/site-packages/airflow/example_dags/tutorial_taskflow_api_virtualenv.py for tasks to queue
[2023-06-29T23:57:48.353+0000] {logging_mixin.py:149} INFO - [2023-06-29T23:57:48.353+0000] {dagbag.py:541} INFO - Filling up the DagBag from /home/airflow/.local/lib/python3.7/site-packages/airflow/example_dags/tutorial_taskflow_api_virtualenv.py
[2023-06-29T23:57:48.362+0000] {processor.py:809} INFO - DAG(s) dict_keys(['tutorial_taskflow_api_virtualenv']) retrieved from /home/airflow/.local/lib/python3.7/site-packages/airflow/example_dags/tutorial_taskflow_api_virtualenv.py
[2023-06-29T23:57:48.395+0000] {logging_mixin.py:149} INFO - [2023-06-29T23:57:48.394+0000] {dag.py:2726} INFO - Sync 1 DAGs
[2023-06-29T23:57:48.430+0000] {logging_mixin.py:149} INFO - [2023-06-29T23:57:48.430+0000] {dag.py:3490} INFO - Setting next_dagrun for tutorial_taskflow_api_virtualenv to None, run_after=None
[2023-06-29T23:57:48.454+0000] {processor.py:178} INFO - Processing /home/airflow/.local/lib/python3.7/site-packages/airflow/example_dags/tutorial_taskflow_api_virtualenv.py took 0.107 seconds
[2023-06-29T23:58:18.886+0000] {processor.py:156} INFO - Started process (PID=1305) to work on /home/airflow/.local/lib/python3.7/site-packages/airflow/example_dags/tutorial_taskflow_api_virtualenv.py
[2023-06-29T23:58:18.888+0000] {processor.py:799} INFO - Processing file /home/airflow/.local/lib/python3.7/site-packages/airflow/example_dags/tutorial_taskflow_api_virtualenv.py for tasks to queue
[2023-06-29T23:58:18.889+0000] {logging_mixin.py:149} INFO - [2023-06-29T23:58:18.889+0000] {dagbag.py:541} INFO - Filling up the DagBag from /home/airflow/.local/lib/python3.7/site-packages/airflow/example_dags/tutorial_taskflow_api_virtualenv.py
[2023-06-29T23:58:18.898+0000] {processor.py:809} INFO - DAG(s) dict_keys(['tutorial_taskflow_api_virtualenv']) retrieved from /home/airflow/.local/lib/python3.7/site-packages/airflow/example_dags/tutorial_taskflow_api_virtualenv.py
[2023-06-29T23:58:18.935+0000] {logging_mixin.py:149} INFO - [2023-06-29T23:58:18.934+0000] {dag.py:2726} INFO - Sync 1 DAGs
[2023-06-29T23:58:18.971+0000] {logging_mixin.py:149} INFO - [2023-06-29T23:58:18.971+0000] {dag.py:3490} INFO - Setting next_dagrun for tutorial_taskflow_api_virtualenv to None, run_after=None
[2023-06-29T23:58:18.995+0000] {processor.py:178} INFO - Processing /home/airflow/.local/lib/python3.7/site-packages/airflow/example_dags/tutorial_taskflow_api_virtualenv.py took 0.114 seconds
[2023-06-29T23:58:49.263+0000] {processor.py:156} INFO - Started process (PID=1363) to work on /home/airflow/.local/lib/python3.7/site-packages/airflow/example_dags/tutorial_taskflow_api_virtualenv.py
[2023-06-29T23:58:49.264+0000] {processor.py:799} INFO - Processing file /home/airflow/.local/lib/python3.7/site-packages/airflow/example_dags/tutorial_taskflow_api_virtualenv.py for tasks to queue
[2023-06-29T23:58:49.264+0000] {logging_mixin.py:149} INFO - [2023-06-29T23:58:49.264+0000] {dagbag.py:541} INFO - Filling up the DagBag from /home/airflow/.local/lib/python3.7/site-packages/airflow/example_dags/tutorial_taskflow_api_virtualenv.py
[2023-06-29T23:58:49.273+0000] {processor.py:809} INFO - DAG(s) dict_keys(['tutorial_taskflow_api_virtualenv']) retrieved from /home/airflow/.local/lib/python3.7/site-packages/airflow/example_dags/tutorial_taskflow_api_virtualenv.py
[2023-06-29T23:58:49.306+0000] {logging_mixin.py:149} INFO - [2023-06-29T23:58:49.306+0000] {dag.py:2726} INFO - Sync 1 DAGs
[2023-06-29T23:58:49.345+0000] {logging_mixin.py:149} INFO - [2023-06-29T23:58:49.345+0000] {dag.py:3490} INFO - Setting next_dagrun for tutorial_taskflow_api_virtualenv to None, run_after=None
[2023-06-29T23:58:49.373+0000] {processor.py:178} INFO - Processing /home/airflow/.local/lib/python3.7/site-packages/airflow/example_dags/tutorial_taskflow_api_virtualenv.py took 0.115 seconds
[2023-06-29T23:59:19.654+0000] {processor.py:156} INFO - Started process (PID=1421) to work on /home/airflow/.local/lib/python3.7/site-packages/airflow/example_dags/tutorial_taskflow_api_virtualenv.py
[2023-06-29T23:59:19.655+0000] {processor.py:799} INFO - Processing file /home/airflow/.local/lib/python3.7/site-packages/airflow/example_dags/tutorial_taskflow_api_virtualenv.py for tasks to queue
[2023-06-29T23:59:19.656+0000] {logging_mixin.py:149} INFO - [2023-06-29T23:59:19.656+0000] {dagbag.py:541} INFO - Filling up the DagBag from /home/airflow/.local/lib/python3.7/site-packages/airflow/example_dags/tutorial_taskflow_api_virtualenv.py
[2023-06-29T23:59:19.664+0000] {processor.py:809} INFO - DAG(s) dict_keys(['tutorial_taskflow_api_virtualenv']) retrieved from /home/airflow/.local/lib/python3.7/site-packages/airflow/example_dags/tutorial_taskflow_api_virtualenv.py
[2023-06-29T23:59:19.697+0000] {logging_mixin.py:149} INFO - [2023-06-29T23:59:19.697+0000] {dag.py:2726} INFO - Sync 1 DAGs
[2023-06-29T23:59:19.732+0000] {logging_mixin.py:149} INFO - [2023-06-29T23:59:19.731+0000] {dag.py:3490} INFO - Setting next_dagrun for tutorial_taskflow_api_virtualenv to None, run_after=None
[2023-06-29T23:59:19.754+0000] {processor.py:178} INFO - Processing /home/airflow/.local/lib/python3.7/site-packages/airflow/example_dags/tutorial_taskflow_api_virtualenv.py took 0.105 seconds
[2023-06-29T23:59:49.875+0000] {processor.py:156} INFO - Started process (PID=1477) to work on /home/airflow/.local/lib/python3.7/site-packages/airflow/example_dags/tutorial_taskflow_api_virtualenv.py
[2023-06-29T23:59:49.877+0000] {processor.py:799} INFO - Processing file /home/airflow/.local/lib/python3.7/site-packages/airflow/example_dags/tutorial_taskflow_api_virtualenv.py for tasks to queue
[2023-06-29T23:59:49.877+0000] {logging_mixin.py:149} INFO - [2023-06-29T23:59:49.877+0000] {dagbag.py:541} INFO - Filling up the DagBag from /home/airflow/.local/lib/python3.7/site-packages/airflow/example_dags/tutorial_taskflow_api_virtualenv.py
[2023-06-29T23:59:49.886+0000] {processor.py:809} INFO - DAG(s) dict_keys(['tutorial_taskflow_api_virtualenv']) retrieved from /home/airflow/.local/lib/python3.7/site-packages/airflow/example_dags/tutorial_taskflow_api_virtualenv.py
[2023-06-29T23:59:49.920+0000] {logging_mixin.py:149} INFO - [2023-06-29T23:59:49.920+0000] {dag.py:2726} INFO - Sync 1 DAGs
[2023-06-29T23:59:49.954+0000] {logging_mixin.py:149} INFO - [2023-06-29T23:59:49.954+0000] {dag.py:3490} INFO - Setting next_dagrun for tutorial_taskflow_api_virtualenv to None, run_after=None
[2023-06-29T23:59:49.979+0000] {processor.py:178} INFO - Processing /home/airflow/.local/lib/python3.7/site-packages/airflow/example_dags/tutorial_taskflow_api_virtualenv.py took 0.108 seconds
